Log file open, 06/22/17 11:11:38
LogInit:Display: Running engine for game: Ava
LogPlatformFile: Not using cached read wrapper
LogInit:Display: RandInit(1324791326) SRandInit(1324791329).
LogTaskGraph: Started task graph with 4 named threads and 9 total threads with 1 sets of task threads.
LogStats: Stats thread started at 0.207598
LogInit: Version: 4.12.5-3039270+++UE4+Release-4.12
LogInit: API Version: 2992821
LogInit: Net Version: 3039270
LogDevObjectVersion: Number of dev versions registered: 13
LogDevObjectVersion:   Dev-Blueprints (B0D832E4-1F89-4F0D-ACCF-7EB736FD4AA2): 3
LogDevObjectVersion:   Dev-Build (E1C64328-A22C-4D53-A36C-8E866417BD8C): 0
LogDevObjectVersion:   Dev-Core (375EC13C-06E4-48FB-B500-84F0262A717E): 1
LogDevObjectVersion:   Dev-Editor (E4B068ED-F494-42E9-A231-DA0B2E46BB41): 2
LogDevObjectVersion:   Dev-Framework (CFFC743F-43B0-4480-9391-14DF171D2073): 6
LogDevObjectVersion:   Dev-Mobile (B02B49B5-BB20-44E9-A304-32B752E40360): 0
LogDevObjectVersion:   Dev-Networking (A4E4105C-59A1-49B5-A7C5-40C4547EDFEE): 0
LogDevObjectVersion:   Dev-Online (39C831C9-5AE6-47DC-9A44-9C173E1C8E7C): 0
LogDevObjectVersion:   Dev-Physics (78F01B33-EBEA-4F98-B9B4-84EACCB95AA2): 0
LogDevObjectVersion:   Dev-Platform (6631380F-2D4D-43E0-8009-CF276956A95A): 0
LogDevObjectVersion:   Dev-Rendering (12F88B9F-8875-4AFC-A67C-D90C383ABD29): 2
LogDevObjectVersion:   Dev-Sequencer (7B5AE74C-D270-4C10-A958-57980B212A5A): 0
LogDevObjectVersion:   Dev-VR (D7296918-1DD6-4BDD-9DE2-64A83CC13884): 0
LogInit: Compiled (64-bit): Jul  6 2016 09:09:46
LogInit: Compiled with Visual C++: 19.00.23026.00
LogInit: Build Configuration: Development
LogInit: Branch Name: ++UE4+Release-4.12
LogInit: Command line:  
LogInit: Base directory: C:/Program Files/Epic Games/4.12/Engine/Binaries/Win64/
LogInit: Installed Engine Build: 1
LogInit: Using libcurl 7.41.0
LogInit:  - built for x86_64-pc-win32
LogInit:  - supports SSL with WinSSL
LogInit:  - other features:
LogInit:      CURL_VERSION_SSL
LogInit:      CURL_VERSION_IPV6
LogInit:      CURL_VERSION_ASYNCHDNS
LogInit:      CURL_VERSION_LARGEFILE
LogInit:      CURL_VERSION_IDN
LogInit:  CurlRequestOptions (configurable via config and command line):
LogInit:  - bVerifyPeer = true  - Libcurl will verify peer certificate
LogInit:  - bUseHttpProxy = false  - Libcurl will NOT use HTTP proxy
LogInit:  - bDontReuseConnections = false  - Libcurl will reuse connections
LogInit:  - CertBundlePath = nullptr  - Libcurl will use whatever was configured at build time.
LogInit: Presizing for max 8388607 objects, including 0 objects not considered by GC, pre-allocating 0 bytes for permanent pool.
LogInit: Object subsystem initialized
[2017.06.22-10.11.38:356][  0]LogInit: Selected Device Profile: [Windows]
[2017.06.22-10.11.38:356][  0]LogInit: Applying CVar settings loaded from the selected device profile: [Windows]
[2017.06.22-10.11.38:388][  0]LogInit: Computer: PC42640
[2017.06.22-10.11.38:388][  0]LogInit: User: i7230020
[2017.06.22-10.11.38:388][  0]LogInit: CPU Page size=65536, Cores=6
[2017.06.22-10.11.38:388][  0]LogInit: High frequency timer resolution =3.410136 MHz
[2017.06.22-10.11.38:388][  0]LogMemory: Memory total: Physical=31.9GB (32GB approx)
[2017.06.22-10.11.38:388][  0]LogMemory: Platform Memory Stats for Windows
[2017.06.22-10.11.38:388][  0]LogMemory: Process Physical Memory: 195.77 MB used, 195.77 MB peak
[2017.06.22-10.11.38:388][  0]LogMemory: Process Virtual Memory: 198.90 MB used, 198.90 MB peak
[2017.06.22-10.11.38:388][  0]LogMemory: Physical Memory: 10611.53 MB used, 32684.15 MB total
[2017.06.22-10.11.38:388][  0]LogMemory: Virtual Memory: 538.89 MB used, 8388608.00 MB total
[2017.06.22-10.11.38:704][  0]LogTextLocalizationManager: No specific translations for ('en-GB') exist, so ('en') translations will be used.
[2017.06.22-10.11.39:138][  0]LogD3D11RHI: D3D11 adapters:
[2017.06.22-10.11.39:168][  0]LogD3D11RHI:    0. 'NVIDIA Quadro M4000' (Feature Level 11_0)
[2017.06.22-10.11.39:168][  0]LogD3D11RHI:       8092/0/16086 MB DedicatedVideo/DedicatedSystem/SharedSystem, Outputs:1, VendorId:0x10de
[2017.06.22-10.11.39:168][  0]LogD3D11RHI: Chosen D3D11 Adapter: 0
[2017.06.22-10.11.39:175][  0]LogD3D11RHI: Creating new Direct3DDevice
[2017.06.22-10.11.39:176][  0]LogD3D11RHI:     GPU DeviceId: 0x13f1 (for the marketing name, search the web for "GPU Device Id")
[2017.06.22-10.11.39:176][  0]LogWindows: EnumDisplayDevices:
[2017.06.22-10.11.39:176][  0]LogWindows:    0. 'NVIDIA Quadro M4000' (P:1 D:1)
[2017.06.22-10.11.39:177][  0]LogWindows:    1. 'NVIDIA Quadro M4000' (P:0 D:0)
[2017.06.22-10.11.39:178][  0]LogWindows:    2. 'NVIDIA Quadro M4000' (P:0 D:0)
[2017.06.22-10.11.39:178][  0]LogWindows:    3. 'NVIDIA Quadro M4000' (P:0 D:0)
[2017.06.22-10.11.39:179][  0]LogWindows:    4. 'RDPDD Chained DD' (P:0 D:0)
[2017.06.22-10.11.39:179][  0]LogWindows:    5. 'RDP Encoder Mirror Driver' (P:0 D:0)
[2017.06.22-10.11.39:179][  0]LogWindows:    6. 'RDP Reflector Display Driver' (P:0 D:0)
[2017.06.22-10.11.39:179][  0]LogWindows: DebugString: GetVideoDriverDetailsInvalid PrimaryIsNotTheChoosenAdapter GetVideoDriverDetailsInvalid PrimaryIsNotTheChoosenAdapter GetVideoDriverDetailsInvalid PrimaryIsNotTheChoosenAdapter FoundDriverCount:4 
[2017.06.22-10.11.39:179][  0]LogD3D11RHI:     Adapter Name: NVIDIA Quadro M4000
[2017.06.22-10.11.39:179][  0]LogD3D11RHI:   Driver Version: 362.13 (internal:10.18.13.6213, unified:362.13)
[2017.06.22-10.11.39:179][  0]LogD3D11RHI:      Driver Date: 3-18-2016
[2017.06.22-10.11.39:179][  0]LogRHI: Texture pool is 1361 MB (70% of 1945 MB)
[2017.06.22-10.11.39:191][  0]LogD3D11RHI: Async texture creation enabled
[2017.06.22-10.11.39:205][  0]LogD3D11RHI: GPU Timing Frequency: 1000.000000 (Debug: 2 2)
[2017.06.22-10.11.39:205][  0]LogShaderCompilers: Guid format shader working directory is -28 characters bigger than the processId version (../../../../../../Users/i7230020.STUDENT.000/Documents/GitHub/MastersProject/Ava/Intermediate/Shaders/WorkingDirectory/24372/).
[2017.06.22-10.11.39:205][  0]LogShaderCompilers: Cleaned the shader compiler working directory 'C:/Users/I72300~1.000/AppData/Local/Temp/UnrealShaderWorkingDir/B844025D4FDC59AD82BFC6A24671AF85/'.
[2017.06.22-10.11.39:205][  0]LogShaderCompilers:Display: Using Local Shader Compiler.
[2017.06.22-10.11.41:824][  0]LogTemp:Display: Loaded TP AllDesktopTargetPlatform
[2017.06.22-10.11.41:836][  0]LogTemp:Display: Loaded TP WindowsClientTargetPlatform
[2017.06.22-10.11.41:845][  0]LogTemp:Display: Loaded TP WindowsNoEditorTargetPlatform
[2017.06.22-10.11.41:855][  0]LogTemp:Display: Loaded TP WindowsServerTargetPlatform
[2017.06.22-10.11.41:864][  0]LogTemp:Display: Loaded TP WindowsTargetPlatform
[2017.06.22-10.11.41:881][  0]LogTemp:Display: Loaded TP AndroidTargetPlatform
[2017.06.22-10.11.41:889][  0]LogTemp:Display: Loaded TP Android_ASTCTargetPlatform
[2017.06.22-10.11.41:897][  0]LogTemp:Display: Loaded TP Android_ATCTargetPlatform
[2017.06.22-10.11.41:905][  0]LogTemp:Display: Loaded TP Android_DXTTargetPlatform
[2017.06.22-10.11.41:913][  0]LogTemp:Display: Loaded TP Android_ETC1TargetPlatform
[2017.06.22-10.11.41:922][  0]LogTemp:Display: Loaded TP Android_ETC2TargetPlatform
[2017.06.22-10.11.41:938][  0]LogTemp:Display: Loaded TP Android_MultiTargetPlatform
[2017.06.22-10.11.41:938][  0]LogTemp:Display: Loaded TP Android_PVRTCTargetPlatform
[2017.06.22-10.11.41:940][  0]LogTemp:Display: Loaded TP HTML5TargetPlatform
[2017.06.22-10.11.42:000][  0]LogTemp:Display: Loaded TP IOSTargetPlatform
[2017.06.22-10.11.42:016][  0]LogTemp:Display: Loaded TP TVOSTargetPlatform
[2017.06.22-10.11.42:025][  0]LogTemp:Display: Loaded TP LinuxNoEditorTargetPlatform
[2017.06.22-10.11.42:035][  0]LogTemp:Display: Loaded TP LinuxServerTargetPlatform
[2017.06.22-10.11.42:049][  0]LogTemp:Display: Loaded TP LinuxTargetPlatform
[2017.06.22-10.11.42:049][  0]LogTargetPlatformManager:Display: Building Assets For Windows
[2017.06.22-10.11.42:545][  0]LogDerivedDataCache:Display: Max Cache Size: 512 MB
[2017.06.22-10.11.42:613][  0]LogDerivedDataCache: Loaded boot cache 0.07s 49MB C:/Users/i7230020.STUDENT.000/AppData/Local/UnrealEngine/4.12/DerivedDataCache/Boot.ddc.
[2017.06.22-10.11.42:614][  0]LogDerivedDataCache:Display: Loaded Boot cache: C:/Users/i7230020.STUDENT.000/AppData/Local/UnrealEngine/4.12/DerivedDataCache/Boot.ddc
[2017.06.22-10.11.42:614][  0]LogDerivedDataCache: FDerivedDataBackendGraph:  Pak pak cache file ../../../../../../Users/i7230020.STUDENT.000/Documents/GitHub/MastersProject/Ava/DerivedDataCache/DDC.ddp not found, will not use a pak cache.
[2017.06.22-10.11.42:614][  0]LogDerivedDataCache: Unable to find inner node Pak for hierarchical cache Hierarchy.
[2017.06.22-10.11.42:614][  0]LogDerivedDataCache: FDerivedDataBackendGraph:  CompressedPak pak cache file ../../../../../../Users/i7230020.STUDENT.000/Documents/GitHub/MastersProject/Ava/DerivedDataCache/Compressed.ddp not found, will not use a pak cache.
[2017.06.22-10.11.42:614][  0]LogDerivedDataCache: Unable to find inner node CompressedPak for hierarchical cache Hierarchy.
[2017.06.22-10.11.42:638][  0]LogDerivedDataCache:Display: Pak cache opened for reading ../../../Engine/DerivedDataCache/Compressed.ddp.
[2017.06.22-10.11.42:650][  0]LogDerivedDataCache: Using Local data cache path C:/Users/i7230020.STUDENT.000/AppData/Local/UnrealEngine/Common/DerivedDataCache: Writable
[2017.06.22-10.11.45:582][  0]LogInit: Selected Device Profile: [Windows]
[2017.06.22-10.11.45:583][  0]LogContentStreaming: Texture pool size is 0.00 MB
[2017.06.22-10.11.45:842][  0]LogMeshUtilities: No automatic mesh reduction module available
[2017.06.22-10.11.45:842][  0]LogMeshUtilities: No automatic mesh merging module available
[2017.06.22-10.11.45:842][  0]LogMeshUtilities: No distributed automatic mesh merging module available
[2017.06.22-10.11.46:337][  0]LogAssetRegistry: FAssetRegistry took 0.0204 seconds to start up
[2017.06.22-10.11.46:449][  0]LogPackageLocalizationCache: Processed 4 localized package path(s) for 2 prioritized culture(s) in 0.108781 seconds
[2017.06.22-10.11.46:454][  0]LogUObjectArray: 28739 objects as part of root set at end of initial load.
[2017.06.22-10.11.46:454][  0]LogUObjectAllocator: 5855632 out of 0 bytes used by permanent object pool.
[2017.06.22-10.11.46:454][  0]LogUObjectArray: CloseDisregardForGC: 0/0 objects in disregard for GC pool
[2017.06.22-10.11.46:461][  0]LogInit: WinSock: version 1.1 (2.2), MaxSocks=32767, MaxUdp=65467
[2017.06.22-10.11.46:829][  0]LogSlate: SlateFontCache - WITH_FREETYPE: 1, WITH_HARFBUZZ: 1
[2017.06.22-10.11.46:830][  0]LogSlate: SlateFontCache - WITH_FREETYPE: 1, WITH_HARFBUZZ: 1
[2017.06.22-10.11.49:290][  0]LogUdpMessaging: Initializing bridge on interface 0.0.0.0:0 to multicast group 230.0.0.1:6666.
[2017.06.22-10.11.49:716][  0]SourceControl: Info Source control is disabled
[2017.06.22-10.11.49:719][  0]SourceControl: Info Source control is disabled
[2017.06.22-10.11.49:732][  0]SourceControl: Info Source control is disabled
[2017.06.22-10.11.49:746][  0]SourceControl: Info Source control is disabled
[2017.06.22-10.11.49:925][  0]LogHoudiniEngine: Starting the Houdini Engine module.
[2017.06.22-10.11.49:937][  0]LogHoudiniEngine: Loaded libHAPIL.dll from Registry path C:\Program Files\Side Effects Software\Houdini 15.5.632/bin
[2017.06.22-10.11.49:940][  0]LogLinker:Warning: Asset '../../../Engine/Plugins/Runtime/HoudiniEngine/Content/houdini_logo.uasset' has been saved with empty engine version. The asset will be loaded but may be incompatible.
[2017.06.22-10.11.49:944][  0]LogLinker:Warning: Asset '../../../Engine/Plugins/Runtime/HoudiniEngine/Content/houdini_default_material.uasset' has been saved with empty engine version. The asset will be loaded but may be incompatible.
[2017.06.22-10.11.49:950][  0]LogLinker:Warning: Asset '../../../Engine/Plugins/Runtime/HoudiniEngine/Content/houdini_bgeo_import.uasset' has been saved with empty engine version. The asset will be loaded but may be incompatible.
[2017.06.22-10.11.54:006][  0]LogHoudiniEngine: Successfully initialized the Houdini Engine API module.
[2017.06.22-10.11.54:181][  0]LogEngine: Initializing Engine...
[2017.06.22-10.11.54:194][  0]LogHMD: SteamVR failed to initialize.  Err: 110
[2017.06.22-10.11.54:195][  0]LogHMD: SteamVR failed to initialize.  Err: 110
[2017.06.22-10.11.54:396][  0]LogAIModule: Creating AISystem for world NewWorld
[2017.06.22-10.11.54:414][  0]LogInit: XAudio2 using 'Speakers (Realtek High Definition Audio)' : 2 channels at 48 kHz using 32 bits per sample (channel mask 0x3)
[2017.06.22-10.11.54:435][  0]LogInit: FAudioDevice initialized.
[2017.06.22-10.11.54:459][  0]LogDerivedDataCache: Saved boot cache 0.02s 49MB C:/Users/i7230020.STUDENT.000/AppData/Local/UnrealEngine/4.12/DerivedDataCache/Boot.ddc.
[2017.06.22-10.11.54:463][  0]LogInit: Texture streaming: Enabled
[2017.06.22-10.11.54:485][  0]LogInit: Transaction tracking system initialized
[2017.06.22-10.11.54:505][  0]BlueprintLog: New page: Editor Load
[2017.06.22-10.11.54:579][  0]LocalizationService: Info Localization service is disabled
[2017.06.22-10.11.54:658][  0]LogConsoleResponse:Display: 
[2017.06.22-10.11.54:912][  0]LogCook:Display: Max memory allowance for cook 8192mb
[2017.06.22-10.11.54:912][  0]LogCook:Display: Mobile HDR setting 1
[2017.06.22-10.11.55:013][  0]LogFileCache: Scanning file cache for directory 'C:/Users/i7230020.STUDENT.000/Documents/GitHub/MastersProject/Ava/Content/' took 0.02s
[2017.06.22-10.11.55:013][  0]LogHoudiniEngineEditor: Starting the Houdini Engine Editor module.
[2017.06.22-10.11.55:080][  0]SourceControl: Info Source control is disabled
[2017.06.22-10.11.55:080][  0]Cmd: MAP LOAD FILE="../../../../../../Users/i7230020.STUDENT.000/Documents/GitHub/MastersProject/Ava/Content/Ava/Maps/MainMenu.umap" TEMPLATE=0 SHOWPROGRESS=1 FEATURELEVEL=3
[2017.06.22-10.11.55:083][  0]LightingResults: New page: Lighting Build
[2017.06.22-10.11.55:086][  0]MapCheck: New page: Map Check
[2017.06.22-10.11.55:086][  0]LightingResults: New page: Lighting Build
[2017.06.22-10.11.55:211][  0]LogAIModule: Creating AISystem for world MainMenu
[2017.06.22-10.11.55:212][  0]LogEditorServer: Finished looking for orphan Actors (0.000 secs)
[2017.06.22-10.11.55:213][  0]Cmd: MAP CHECKDEP NOCLEARLOG
[2017.06.22-10.11.55:291][  0]MapCheck: Info Map check complete: 0 Error(s), 0 Warning(s), took 78.21ms to complete.
[2017.06.22-10.11.55:291][  0]LogFileHelpers: Loading map 'MainMenu' took 0.211
[2017.06.22-10.11.55:416][  0]LogCollectionManager: Loaded 0 collections in 0.001557 seconds
[2017.06.22-10.11.55:455][  0]LogFileCache: Scanning file cache for directory 'C:/Users/i7230020.STUDENT.000/Documents/GitHub/MastersProject/Ava/Saved/Collections/' took 0.01s
[2017.06.22-10.11.55:455][  0]LogFileCache: Scanning file cache for directory 'C:/Users/i7230020.STUDENT.000/Documents/GitHub/MastersProject/Ava/Content/Developers/i7230020/Collections/' took 0.01s
[2017.06.22-10.11.55:455][  0]LogFileCache: Scanning file cache for directory 'C:/Users/i7230020.STUDENT.000/Documents/GitHub/MastersProject/Ava/Content/Collections/' took 0.01s
[2017.06.22-10.11.55:455][  0]LogCollectionManager: Rebuilt the GUID cache for 0 collections in 0.000002 seconds
[2017.06.22-10.11.55:464][  0]LogContentBrowser: Native class hierarchy populated in 0.0089 seconds. Added 2089 classes and 376 folders.
[2017.06.22-10.11.55:468][  0]LogStats: UGameplayTagsManager::ConstructGameplayTagTree: Construct from data asset -  0.000 s
[2017.06.22-10.11.55:468][  0]LogStats: UGameplayTagsManager::ConstructGameplayTagTree: GameplayTagTreeChangedEvent.Broadcast -  0.000 s
[2017.06.22-10.11.55:470][  0]LogContentBrowser: Native class hierarchy updated for 'GameplayTags' in 0.0024 seconds. Added 12 classes and 0 folders.
[2017.06.22-10.11.55:476][  0]LogContentBrowser: Native class hierarchy updated for 'WidgetCarousel' in 0.0023 seconds. Added 0 classes and 0 folders.
[2017.06.22-10.11.55:663][  0]LogContentBrowser: Native class hierarchy updated for 'AddContentDialog' in 0.0025 seconds. Added 0 classes and 0 folders.
[2017.06.22-10.11.55:669][  0]LogContentBrowser: Native class hierarchy updated for 'SceneOutliner' in 0.0025 seconds. Added 1 classes and 2 folders.
[2017.06.22-10.11.55:685][  0]LogCrashTracker: Crashtracker disabled due to settings.
[2017.06.22-10.11.55:732][  0]LogContentBrowser: Native class hierarchy updated for 'HierarchicalLODOutliner' in 0.0025 seconds. Added 1 classes and 2 folders.
[2017.06.22-10.11.55:732][  0]LogLoad: Full Startup: 21.81 seconds (BP compile: 0.04 seconds)
[2017.06.22-10.11.55:732][  0]LogExternalProfiler: Found external profiler: VSPerf
[2017.06.22-10.11.55:732][  0]LogExternalProfiler: Using external profiler: VSPerf
[2017.06.22-10.11.55:745][  0]LogOcInput: OculusInput pre-init called
[2017.06.22-10.11.55:764][  0]LogContentStreaming: Texture pool size now 1000 MB
[2017.06.22-10.11.55:928][  0]LogRenderer: Reallocating scene render targets to support 1616x600 (Frame:2).
[2017.06.22-10.11.56:054][  1]LogAssetRegistry: Asset discovery search completed in 9.7367 seconds
[2017.06.22-10.11.56:054][  1]LogCollectionManager: Rebuilt the object cache for 0 collections in 0.000001 seconds (found 0 objects)
[2017.06.22-10.11.56:054][  1]LogCollectionManager: Fixed up redirectors for 0 collections in 0.000018 seconds (updated 0 objects)
[2017.06.22-10.12.11:886][666]LogBlueprint:Warning: Compiler Warning InputAction Event references unknown Action 'Crouch' for  InputAction Crouch 
[2017.06.22-10.12.11:890][666]LogBlueprint:Warning: Compiler Warning [0037.96] Compile of Ue4ASP_Character successful, but with 1 Warning(s) [in 11 ms] (/Game/AnimStarterPack/Ue4ASP_Character.Ue4ASP_Character)
[2017.06.22-10.12.11:890][666]LogBlueprint:Warning: Compiler Warning [0037.96] Compile of Ue4ASP_Character successful, but with 2 Warning(s) [in 0 ms] (/Game/AnimStarterPack/Ue4ASP_Character.Ue4ASP_Character)
[2017.06.22-10.12.11:890][666]LogBlueprint:Warning: Compiler Warning [0037.96] Compile of Ue4ASP_Character successful, but with 3 Warning(s) [in 0 ms] (/Game/AnimStarterPack/Ue4ASP_Character.Ue4ASP_Character)
[2017.06.22-10.12.11:974][666]LogBlueprint:Warning: Compiler Warning InputAction Event references unknown Action 'Crouch' for  InputAction Crouch 
[2017.06.22-10.12.11:976][666]LogBlueprint:Warning: Compiler Warning [0038.05] Compile of Ue4ASP_Character successful, but with 1 Warning(s) [in 7 ms] (/Game/AnimStarterPack/Ue4ASP_Character.Ue4ASP_Character)
[2017.06.22-10.12.11:976][666]LogBlueprint:Warning: Compiler Warning [0038.05] Compile of Ue4ASP_Character successful, but with 2 Warning(s) [in 0 ms] (/Game/AnimStarterPack/Ue4ASP_Character.Ue4ASP_Character)
[2017.06.22-10.12.11:977][666]LogBlueprint:Warning: Compiler Warning [0038.05] Compile of Ue4ASP_Character successful, but with 3 Warning(s) [in 0 ms] (/Game/AnimStarterPack/Ue4ASP_Character.Ue4ASP_Character)
[2017.06.22-10.12.12:328][666]LogAIModule: Creating AISystem for world ExternalEnvironment
[2017.06.22-10.12.12:362][666]Cmd: MAP LOAD FILE="../../../../../../Users/i7230020.STUDENT.000/Documents/GitHub/MastersProject/Ava/Content/Ava/Maps/ExternalEnvironment.umap" TEMPLATE=0 SHOWPROGRESS=1 FEATURELEVEL=3
[2017.06.22-10.12.12:362][666]LightingResults: New page: Lighting Build
[2017.06.22-10.12.12:362][666]LoadErrors: New page: Loading map: ExternalEnvironment.umap
[2017.06.22-10.12.12:363][666]MapCheck: New page: Map Check
[2017.06.22-10.12.12:363][666]LightingResults: New page: Lighting Build
[2017.06.22-10.12.12:696][666]LogEditorServer: Finished looking for orphan Actors (0.000 secs)
[2017.06.22-10.12.12:734][666]Cmd: MAP CHECKDEP NOCLEARLOG
[2017.06.22-10.12.12:831][666]MapCheck: Info Map check complete: 0 Error(s), 0 Warning(s), took 96.842ms to complete.
[2017.06.22-10.12.12:831][666]LogFileHelpers: Loading map 'ExternalEnvironment' took 0.470
[2017.06.22-10.12.12:858][667]Cmd: UpdateLandscapeEditorData -warnings
[2017.06.22-10.12.12:860][667]Cmd: UpdateLandscapeEditorData
[2017.06.22-10.12.23:774][565]LogEditorViewport: Clicking on Actor (LMB): Landscape (Landscape)
[2017.06.22-10.12.24:457][600]LogEditorViewport: Clicking on Actor (LMB): Antelope (Antelope1)
[2017.06.22-10.12.24:745][608]Cmd: CAMERA ALIGN ACTIVEVIEWPORTONLY
[2017.06.22-10.12.27:741][777]LogPlayLevel: PlayLevel: No blueprints needed recompiling
[2017.06.22-10.12.27:741][777]PIE: New page: PIE session: ExternalEnvironment (22 Jun 2017 11:12:27)
[2017.06.22-10.12.27:741][777]LogPlayLevel: Creating play world package: /Game/Ava/Maps/UEDPIE_0_ExternalEnvironment
[2017.06.22-10.12.27:760][777]LogPlayLevel: PIE: StaticDuplicateObject took: (0.018243s)
[2017.06.22-10.12.27:760][777]LogAIModule: Creating AISystem for world ExternalEnvironment
[2017.06.22-10.12.27:760][777]LogPlayLevel: PIE: World Init took: (0.000546s)
[2017.06.22-10.12.27:761][777]LogPlayLevel: PIE: Created PIE world by copying editor world from /Game/Ava/Maps/ExternalEnvironment.ExternalEnvironment to /Game/Ava/Maps/UEDPIE_0_ExternalEnvironment.ExternalEnvironment (0.019832s)
[2017.06.22-10.12.27:772][777]LogInit: XAudio2 using 'Speakers (Realtek High Definition Audio)' : 2 channels at 48 kHz using 32 bits per sample (channel mask 0x3)
[2017.06.22-10.12.27:779][777]LogInit: FAudioDevice initialized.
[2017.06.22-10.12.27:849][777]LogWorld: Game class is 'AvaGameMode'
[2017.06.22-10.12.27:876][777]LogWorld: Bringing World /Game/Ava/Maps/UEDPIE_0_ExternalEnvironment.ExternalEnvironment up for play (max tick rate 0) at 2017.06.22-11.12.27
[2017.06.22-10.12.27:879][777]LogWorld: Bringing up level for play took: 0.028396
[2017.06.22-10.12.27:888][777]LogContentBrowser: Native class hierarchy updated for 'MovieSceneCapture' in 0.0038 seconds. Added 11 classes and 0 folders.
[2017.06.22-10.12.27:889][777]PIE: Info Play in editor start time for /Game/Ava/Maps/UEDPIE_0_ExternalEnvironment 0.005
[2017.06.22-10.12.43:695][ 82]LogPlayLevel: PlayLevel: No blueprints needed recompiling
[2017.06.22-10.12.43:695][ 82]PIE: New page: PIE session: ExternalEnvironment (22 Jun 2017 11:12:43)
[2017.06.22-10.12.43:695][ 82]LogPlayLevel: Creating play world package: /Game/Ava/Maps/UEDPIE_0_ExternalEnvironment
[2017.06.22-10.12.43:706][ 82]LogPlayLevel: PIE: StaticDuplicateObject took: (0.011305s)
[2017.06.22-10.12.43:707][ 82]LogAIModule: Creating AISystem for world ExternalEnvironment
[2017.06.22-10.12.43:708][ 82]LogPlayLevel: PIE: World Init took: (0.001363s)
[2017.06.22-10.12.43:708][ 82]LogPlayLevel: PIE: Created PIE world by copying editor world from /Game/Ava/Maps/ExternalEnvironment.ExternalEnvironment to /Game/Ava/Maps/UEDPIE_0_ExternalEnvironment.ExternalEnvironment (0.012854s)
[2017.06.22-10.12.43:721][ 82]LogInit: XAudio2 using 'Speakers (Realtek High Definition Audio)' : 2 channels at 48 kHz using 32 bits per sample (channel mask 0x3)
[2017.06.22-10.12.43:728][ 82]LogInit: FAudioDevice initialized.
[2017.06.22-10.12.43:781][ 82]LogWorld: Game class is 'AvaGameMode'
[2017.06.22-10.12.43:816][ 82]LogWorld: Bringing World /Game/Ava/Maps/UEDPIE_0_ExternalEnvironment.ExternalEnvironment up for play (max tick rate 0) at 2017.06.22-11.12.43
[2017.06.22-10.12.43:818][ 82]LogWorld: Bringing up level for play took: 0.036669
[2017.06.22-10.12.43:820][ 82]PIE: Info Play in editor start time for /Game/Ava/Maps/UEDPIE_0_ExternalEnvironment -0.063
[2017.06.22-10.14.16:693][829]LogHotReload: New module detected: UE4Editor-Ava-5417.dll
[2017.06.22-10.14.19:376][838]LogHotReload: Starting Hot-Reload from IDE
[2017.06.22-10.14.19:449][838]LogClass: ItemDataVariables HotReload.
[2017.06.22-10.14.19:449][838]LogClass: Item HotReload.
[2017.06.22-10.14.19:450][838]LogHotReload: Re-instancing Antelope after hot-reload.
[2017.06.22-10.14.19:632][838]LogHotReload: Re-instancing MainCharacter after hot-reload.
[2017.06.22-10.14.19:724][838]LogHotReload: Re-instancing StatueObject after hot-reload.
[2017.06.22-10.14.19:760][838]LogContentBrowser: Native class hierarchy updated for 'Ava' in 0.0026 seconds. Added 11 classes and 2 folders.
[2017.06.22-10.14.19:761][838]Warning: HotReload successful (3 functions remapped  0 scriptstructs remapped)
[2017.06.22-10.14.19:853][838]LogContentBrowser: Native class hierarchy populated in 0.0097 seconds. Added 2091 classes and 380 folders.
[2017.06.22-10.14.19:856][838]Warning: HotReload took  0.5s.
[2017.06.22-10.14.23:201][909]LogPlayLevel: PlayLevel: No blueprints needed recompiling
[2017.06.22-10.14.23:201][909]PIE: New page: PIE session: ExternalEnvironment (22 Jun 2017 11:14:23)
[2017.06.22-10.14.23:201][909]LogPlayLevel: Creating play world package: /Game/Ava/Maps/UEDPIE_0_ExternalEnvironment
[2017.06.22-10.14.23:214][909]LogPlayLevel: PIE: StaticDuplicateObject took: (0.012810s)
[2017.06.22-10.14.23:215][909]LogAIModule: Creating AISystem for world ExternalEnvironment
[2017.06.22-10.14.23:215][909]LogPlayLevel: PIE: World Init took: (0.000669s)
[2017.06.22-10.14.23:215][909]LogPlayLevel: PIE: Created PIE world by copying editor world from /Game/Ava/Maps/ExternalEnvironment.ExternalEnvironment to /Game/Ava/Maps/UEDPIE_0_ExternalEnvironment.ExternalEnvironment (0.013676s)
[2017.06.22-10.14.23:231][909]LogInit: XAudio2 using 'Speakers (Realtek High Definition Audio)' : 2 channels at 48 kHz using 32 bits per sample (channel mask 0x3)
[2017.06.22-10.14.23:238][909]LogInit: FAudioDevice initialized.
[2017.06.22-10.14.23:285][909]LogWorld: Game class is 'AvaGameMode'
[2017.06.22-10.14.23:307][909]LogWorld: Bringing World /Game/Ava/Maps/UEDPIE_0_ExternalEnvironment.ExternalEnvironment up for play (max tick rate 0) at 2017.06.22-11.14.23
[2017.06.22-10.14.23:309][909]LogWorld: Bringing up level for play took: 0.023372
[2017.06.22-10.14.23:310][909]PIE: Info Play in editor start time for /Game/Ava/Maps/UEDPIE_0_ExternalEnvironment -0.579
[2017.06.22-10.15.07:842][279]LogHotReload: New module detected: UE4Editor-Ava-1466.dll
[2017.06.22-10.15.10:540][288]LogHotReload: Starting Hot-Reload from IDE
[2017.06.22-10.15.10:578][288]LogClass: ItemDataVariables HotReload.
[2017.06.22-10.15.10:578][288]LogClass: Item HotReload.
[2017.06.22-10.15.10:579][288]LogHotReload: Re-instancing Antelope after hot-reload.
[2017.06.22-10.15.10:722][288]LogHotReload: Re-instancing MainCharacter after hot-reload.
[2017.06.22-10.15.10:804][288]LogHotReload: Re-instancing StatueObject after hot-reload.
[2017.06.22-10.15.10:837][288]LogContentBrowser: Native class hierarchy updated for 'Ava' in 0.0025 seconds. Added 11 classes and 2 folders.
[2017.06.22-10.15.10:838][288]Warning: HotReload successful (3 functions remapped  0 scriptstructs remapped)
[2017.06.22-10.15.10:884][288]LogContentBrowser: Native class hierarchy populated in 0.0157 seconds. Added 2091 classes and 380 folders.
[2017.06.22-10.15.10:888][288]Warning: HotReload took  0.3s.
[2017.06.22-10.15.23:884][371]LogPlayLevel: PlayLevel: No blueprints needed recompiling
[2017.06.22-10.15.23:884][371]PIE: New page: PIE session: ExternalEnvironment (22 Jun 2017 11:15:23)
[2017.06.22-10.15.23:884][371]LogPlayLevel: Creating play world package: /Game/Ava/Maps/UEDPIE_0_ExternalEnvironment
[2017.06.22-10.15.23:896][371]LogPlayLevel: PIE: StaticDuplicateObject took: (0.012023s)
[2017.06.22-10.15.23:897][371]LogAIModule: Creating AISystem for world ExternalEnvironment
[2017.06.22-10.15.23:897][371]LogPlayLevel: PIE: World Init took: (0.000625s)
[2017.06.22-10.15.23:897][371]LogPlayLevel: PIE: Created PIE world by copying editor world from /Game/Ava/Maps/ExternalEnvironment.ExternalEnvironment to /Game/Ava/Maps/UEDPIE_0_ExternalEnvironment.ExternalEnvironment (0.012861s)
[2017.06.22-10.15.23:911][371]LogInit: XAudio2 using 'Speakers (Realtek High Definition Audio)' : 2 channels at 48 kHz using 32 bits per sample (channel mask 0x3)
[2017.06.22-10.15.23:919][371]LogInit: FAudioDevice initialized.
[2017.06.22-10.15.23:975][371]LogWorld: Game class is 'AvaGameMode'
[2017.06.22-10.15.23:999][371]LogWorld: Bringing World /Game/Ava/Maps/UEDPIE_0_ExternalEnvironment.ExternalEnvironment up for play (max tick rate 0) at 2017.06.22-11.15.23
[2017.06.22-10.15.24:000][371]LogWorld: Bringing up level for play took: 0.024258
[2017.06.22-10.15.24:002][371]PIE: Info Play in editor start time for /Game/Ava/Maps/UEDPIE_0_ExternalEnvironment 0.109
[2017.06.22-10.16.21:463][136]LogHotReload: New module detected: UE4Editor-Ava-6871.dll
[2017.06.22-10.16.23:935][293]LogHotReload: Starting Hot-Reload from IDE
[2017.06.22-10.16.23:996][293]LogClass: ItemDataVariables HotReload.
[2017.06.22-10.16.23:996][293]LogClass: Item HotReload.
[2017.06.22-10.16.23:997][293]LogHotReload: Re-instancing Antelope after hot-reload.
[2017.06.22-10.16.24:108][293]LogHotReload: Re-instancing MainCharacter after hot-reload.
[2017.06.22-10.16.24:188][293]LogHotReload: Re-instancing StatueObject after hot-reload.
[2017.06.22-10.16.24:224][293]LogContentBrowser: Native class hierarchy updated for 'Ava' in 0.0027 seconds. Added 11 classes and 2 folders.
[2017.06.22-10.16.24:225][293]Warning: HotReload successful (3 functions remapped  0 scriptstructs remapped)
[2017.06.22-10.16.24:277][293]LogContentBrowser: Native class hierarchy populated in 0.0128 seconds. Added 2091 classes and 380 folders.
[2017.06.22-10.16.24:280][293]Warning: HotReload took  0.3s.
[2017.06.22-10.16.25:037][360]LogPlayLevel: PlayLevel: No blueprints needed recompiling
[2017.06.22-10.16.25:037][360]PIE: New page: PIE session: ExternalEnvironment (22 Jun 2017 11:16:25)
[2017.06.22-10.16.25:037][360]LogPlayLevel: Creating play world package: /Game/Ava/Maps/UEDPIE_0_ExternalEnvironment
[2017.06.22-10.16.25:049][360]LogPlayLevel: PIE: StaticDuplicateObject took: (0.011331s)
[2017.06.22-10.16.25:049][360]LogAIModule: Creating AISystem for world ExternalEnvironment
[2017.06.22-10.16.25:049][360]LogPlayLevel: PIE: World Init took: (0.000554s)
[2017.06.22-10.16.25:049][360]LogPlayLevel: PIE: Created PIE world by copying editor world from /Game/Ava/Maps/ExternalEnvironment.ExternalEnvironment to /Game/Ava/Maps/UEDPIE_0_ExternalEnvironment.ExternalEnvironment (0.012073s)
[2017.06.22-10.16.25:060][360]LogInit: XAudio2 using 'Speakers (Realtek High Definition Audio)' : 2 channels at 48 kHz using 32 bits per sample (channel mask 0x3)
[2017.06.22-10.16.25:067][360]LogInit: FAudioDevice initialized.
[2017.06.22-10.16.25:104][360]LogWorld: Game class is 'AvaGameMode'
[2017.06.22-10.16.25:125][360]LogWorld: Bringing World /Game/Ava/Maps/UEDPIE_0_ExternalEnvironment.ExternalEnvironment up for play (max tick rate 0) at 2017.06.22-11.16.25
[2017.06.22-10.16.25:127][360]LogWorld: Bringing up level for play took: 0.021767
[2017.06.22-10.16.25:128][360]PIE: Info Play in editor start time for /Game/Ava/Maps/UEDPIE_0_ExternalEnvironment -0.769
[2017.06.22-10.17.51:561][536]LogHotReload: New module detected: UE4Editor-Ava-1390.dll
[2017.06.22-10.17.54:253][545]LogHotReload: Starting Hot-Reload from IDE
[2017.06.22-10.17.54:345][545]LogClass: ItemDataVariables HotReload.
[2017.06.22-10.17.54:346][545]LogClass: Item HotReload.
[2017.06.22-10.17.54:348][545]LogHotReload: Re-instancing Antelope after hot-reload.
[2017.06.22-10.17.54:464][545]LogHotReload: Re-instancing MainCharacter after hot-reload.
[2017.06.22-10.17.54:555][545]LogHotReload: Re-instancing StatueObject after hot-reload.
[2017.06.22-10.17.54:589][545]LogContentBrowser: Native class hierarchy updated for 'Ava' in 0.0026 seconds. Added 11 classes and 2 folders.
[2017.06.22-10.17.54:590][545]Warning: HotReload successful (3 functions remapped  0 scriptstructs remapped)
[2017.06.22-10.17.54:637][545]LogContentBrowser: Native class hierarchy populated in 0.0098 seconds. Added 2091 classes and 380 folders.
[2017.06.22-10.17.54:639][545]Warning: HotReload took  0.4s.
[2017.06.22-10.17.57:373][623]LogPlayLevel: PlayLevel: No blueprints needed recompiling
[2017.06.22-10.17.57:373][623]PIE: New page: PIE session: ExternalEnvironment (22 Jun 2017 11:17:57)
[2017.06.22-10.17.57:373][623]LogPlayLevel: Creating play world package: /Game/Ava/Maps/UEDPIE_0_ExternalEnvironment
[2017.06.22-10.17.57:384][623]LogPlayLevel: PIE: StaticDuplicateObject took: (0.011258s)
[2017.06.22-10.17.57:385][623]LogAIModule: Creating AISystem for world ExternalEnvironment
[2017.06.22-10.17.57:385][623]LogPlayLevel: PIE: World Init took: (0.000603s)
[2017.06.22-10.17.57:385][623]LogPlayLevel: PIE: Created PIE world by copying editor world from /Game/Ava/Maps/ExternalEnvironment.ExternalEnvironment to /Game/Ava/Maps/UEDPIE_0_ExternalEnvironment.ExternalEnvironment (0.012056s)
[2017.06.22-10.17.57:396][623]LogInit: XAudio2 using 'Speakers (Realtek High Definition Audio)' : 2 channels at 48 kHz using 32 bits per sample (channel mask 0x3)
[2017.06.22-10.17.57:402][623]LogInit: FAudioDevice initialized.
[2017.06.22-10.17.57:446][623]LogWorld: Game class is 'AvaGameMode'
[2017.06.22-10.17.57:468][623]LogWorld: Bringing World /Game/Ava/Maps/UEDPIE_0_ExternalEnvironment.ExternalEnvironment up for play (max tick rate 0) at 2017.06.22-11.17.57
[2017.06.22-10.17.57:469][623]LogWorld: Bringing up level for play took: 0.022549
[2017.06.22-10.17.57:471][623]PIE: Info Play in editor start time for /Game/Ava/Maps/UEDPIE_0_ExternalEnvironment -0.433
[2017.06.22-10.21.06:030][222]LogHotReload: New module detected: UE4Editor-Ava-9420.dll
[2017.06.22-10.21.08:384][230]LogHotReload: Starting Hot-Reload from IDE
[2017.06.22-10.21.08:458][230]LogClass: ItemDataVariables HotReload.
[2017.06.22-10.21.08:458][230]LogClass: Item HotReload.
[2017.06.22-10.21.08:459][230]LogHotReload: Re-instancing Antelope after hot-reload.
[2017.06.22-10.21.08:570][230]LogHotReload: Re-instancing MainCharacter after hot-reload.
[2017.06.22-10.21.08:640][230]LogHotReload: Re-instancing StatueObject after hot-reload.
[2017.06.22-10.21.08:673][230]LogContentBrowser: Native class hierarchy updated for 'Ava' in 0.0026 seconds. Added 11 classes and 2 folders.
[2017.06.22-10.21.08:675][230]Warning: HotReload successful (3 functions remapped  0 scriptstructs remapped)
[2017.06.22-10.21.08:715][230]LogContentBrowser: Native class hierarchy populated in 0.0105 seconds. Added 2091 classes and 380 folders.
[2017.06.22-10.21.08:718][230]Warning: HotReload took  0.3s.
[2017.06.22-10.21.11:562][314]LogPlayLevel: PlayLevel: No blueprints needed recompiling
[2017.06.22-10.21.11:562][314]PIE: New page: PIE session: ExternalEnvironment (22 Jun 2017 11:21:11)
[2017.06.22-10.21.11:563][314]LogPlayLevel: Creating play world package: /Game/Ava/Maps/UEDPIE_0_ExternalEnvironment
[2017.06.22-10.21.11:575][314]LogPlayLevel: PIE: StaticDuplicateObject took: (0.012097s)
[2017.06.22-10.21.11:575][314]LogAIModule: Creating AISystem for world ExternalEnvironment
[2017.06.22-10.21.11:575][314]LogPlayLevel: PIE: World Init took: (0.000716s)
[2017.06.22-10.21.11:576][314]LogPlayLevel: PIE: Created PIE world by copying editor world from /Game/Ava/Maps/ExternalEnvironment.ExternalEnvironment to /Game/Ava/Maps/UEDPIE_0_ExternalEnvironment.ExternalEnvironment (0.013040s)
[2017.06.22-10.21.11:590][314]LogInit: XAudio2 using 'Speakers (Realtek High Definition Audio)' : 2 channels at 48 kHz using 32 bits per sample (channel mask 0x3)
[2017.06.22-10.21.11:600][314]LogInit: FAudioDevice initialized.
[2017.06.22-10.21.11:642][314]LogWorld: Game class is 'AvaGameMode'
[2017.06.22-10.21.11:673][314]LogWorld: Bringing World /Game/Ava/Maps/UEDPIE_0_ExternalEnvironment.ExternalEnvironment up for play (max tick rate 0) at 2017.06.22-11.21.11
[2017.06.22-10.21.11:676][314]LogWorld: Bringing up level for play took: 0.032301
[2017.06.22-10.21.11:678][314]PIE: Info Play in editor start time for /Game/Ava/Maps/UEDPIE_0_ExternalEnvironment -0.237
[2017.06.22-10.29.05:115][978]LogEditor: Attempting to add actor of class 'RoutePoint' to level at 4805.00,-7380.00,1310.00
[2017.06.22-10.29.06:277][ 65]LogEditor: Attempting to add actor of class 'RoutePoint' to level at -5365.00,-1845.00,100.00
[2017.06.22-10.29.06:456][ 77]Cmd: CAMERA ALIGN ACTIVEVIEWPORTONLY
[2017.06.22-10.29.38:932][516]Cmd: CAMERA ALIGN ACTIVEVIEWPORTONLY
[2017.06.22-10.29.59:294][ 49]LogTexture:Display: Building textures: Texture2D_2 (G8)
[2017.06.22-10.31.05:639][491]Cmd: TRANSACTION UNDO
[2017.06.22-10.31.05:639][491]LogEditorTransaction: Undo Landscape Editing: Sculpt
[2017.06.22-10.31.05:663][491]LogMaterial: 0.00 seconds spent updating 1 materials, 1 interfaces, 0 instances, 0 with static permutations.
[2017.06.22-10.31.05:665][491]LogMaterial: 0.00 seconds spent updating 1 materials, 1 interfaces, 0 instances, 0 with static permutations.
[2017.06.22-10.31.05:666][491]LogTexture:Display: Building textures: Texture2D_0 (BGRA8)
[2017.06.22-10.32.14:317][196]LogEditor: Attempting to add actor of class 'EscapePoint' to level at -310.00,-6980.00,100.00
[2017.06.22-10.32.15:174][237]LogEditor: Attempting to add actor of class 'EscapePoint' to level at -2695.00,-6875.00,100.00
[2017.06.22-10.32.16:389][298]LogEditor: Attempting to add actor of class 'EscapePoint' to level at 7650.00,-3470.00,100.00
[2017.06.22-10.32.17:018][330]LogEditor: Attempting to add actor of class 'EscapePoint' to level at 8295.00,-2535.00,100.00
[2017.06.22-10.32.18:638][414]LogEditor: Attempting to add actor of class 'EscapePoint' to level at 3970.00,-5625.00,100.00
[2017.06.22-10.32.19:309][439]LogEditor: Attempting to add actor of class 'EscapePoint' to level at 485.00,7085.00,110.00
[2017.06.22-10.32.45:056][564]LogTexture:Display: Building textures: Texture2D_0 (BGRA8)
[2017.06.22-10.32.45:293][564]LogSavePackage: Save=242.70ms
[2017.06.22-10.32.45:293][564]LogSavePackage: Moving '../../../../../../Users/i7230020.STUDENT.000/Documents/GitHub/MastersProject/Ava/Saved/ExternalEnvironment_Auto1E1C8BADE470583879D7D46B3F605BB7D.tmp' to '../../../../../../Users/i7230020.STUDENT.000/Documents/GitHub/MastersProject/Ava/Saved/Autosaves/Game/Ava/Maps/ExternalEnvironment_Auto1.umap'
[2017.06.22-10.32.45:299][564]LogSavePackage:Display: Finished SavePackage ../../../../../../Users/i7230020.STUDENT.000/Documents/GitHub/MastersProject/Ava/Saved/Autosaves/Game/Ava/Maps/ExternalEnvironment_Auto1.umap
[2017.06.22-10.32.45:301][564]LogFileHelpers: Editor autosave (incl. sublevels) for '/Game/Ava/Maps/ExternalEnvironment' took 0.302
[2017.06.22-10.32.45:301][564]LogFileHelpers: Editor autosave (incl. sublevels) for all levels took 0.302
[2017.06.22-10.35.14:699][ 41]MapCheck: New page: Map Check
[2017.06.22-10.35.14:714][ 41]Cmd: MAP REBUILD ALLVISIBLE
[2017.06.22-10.35.14:716][ 41]LogEditorServer: Rebuildmap Clear paths rebuilt
[2017.06.22-10.35.14:974][ 41]LightingResults: New page: Lighting Build - 22 Jun 2017 11:35:14
[2017.06.22-10.35.15:120][ 41]LogSwarmInterface: [OpenConnection] Registering TCP channel ...
[2017.06.22-10.35.15:199][ 41]LogSwarmInterface: [OpenConnection] Connecting to agent ...
[2017.06.22-10.35.15:211][ 41]LogSwarmInterface: [TryOpenConnection] Testing the Agent
[2017.06.22-10.35.15:742][ 41]LogSwarmInterface: [TryOpenConnection] Opening Connection to Agent
[2017.06.22-10.35.15:742][ 41]LogSwarmInterface: [TryOpenConnection] Local Process ID is 24372
[2017.06.22-10.35.20:358][ 41]LogStaticLightingSystem: Running Lightmass w/ ImmediateImport mode ENABLED
[2017.06.22-10.35.20:358][ 41]LogStaticLightingSystem: Running Lightmass w/ ImmediateProcess mode ENABLED
[2017.06.22-10.35.20:358][ 41]LogStaticLightingSystem: Running Lightmass w/ Sorting mode ENABLED
[2017.06.22-10.35.20:358][ 41]LogStaticLightingSystem: Running Lightmass w/ Mapping paddings ENABLED
[2017.06.22-10.35.20:358][ 41]LogStaticLightingSystem: Running Lightmass w/ Mapping debug paddings DISABLED
[2017.06.22-10.35.20:542][ 41]Cmd: MAP CHECK DONTDISPLAYDIALOG
[2017.06.22-10.35.20:542][ 41]MapCheck: New page: ExternalEnvironment - 22 Jun 2017 11:35:20
[2017.06.22-10.35.20:542][ 41]MapCheck:Error: Error WorldSettings Maps need lighting rebuilt 
[2017.06.22-10.35.20:665][ 41]MapCheck: Info Map check complete: 1 Error(s), 0 Warning(s), took 123.262ms to complete.
[2017.06.22-10.35.20:687][ 41]LogEditorBuildUtils: Build time 0:05
[2017.06.22-10.35.20:859][ 42]Cmd: UpdateLandscapeEditorData
[2017.06.22-10.35.27:538][101]Job is a success!
[2017.06.22-10.35.28:362][102]LogTexture:Display: Building textures: SkyOcclusion0_1 (AutoDXT)
[2017.06.22-10.35.28:362][102]LogTexture:Display: Building textures: LQ_Lightmap_0_1 (DXT1)
[2017.06.22-10.35.28:362][102]LogTexture:Display: Building textures: HQ_Lightmap0_1 (AutoDXT)
[2017.06.22-10.35.28:362][102]LogTexture:Display: Building textures: SkyOcclusion0_4 (AutoDXT)
[2017.06.22-10.35.28:362][102]LogTexture:Display: Building textures: SkyOcclusion0_2 (AutoDXT)
[2017.06.22-10.35.28:362][102]LogTexture:Display: Building textures: HQ_Lightmap0_3 (AutoDXT)
[2017.06.22-10.35.28:362][102]LogTexture:Display: Building textures: HQ_Lightmap0_4 (AutoDXT)
[2017.06.22-10.35.28:362][102]LogTexture:Display: Building textures: LQ_Lightmap_0_4 (DXT1)
[2017.06.22-10.35.28:362][102]LogTexture:Display: Building textures: SkyOcclusion0_5 (AutoDXT)
[2017.06.22-10.35.28:362][102]LogTexture:Display: Building textures: LQ_Lightmap_0_3 (DXT1)
[2017.06.22-10.35.28:362][102]LogTexture:Display: Building textures: HQ_Lightmap0_5 (AutoDXT)
[2017.06.22-10.35.28:362][102]LogTexture:Display: Building textures: HQ_Lightmap0_2 (AutoDXT)
[2017.06.22-10.35.28:362][102]LogTexture:Display: Building textures: SkyOcclusion0_3 (AutoDXT)
[2017.06.22-10.35.28:362][102]LogTexture:Display: Building textures: LQ_Lightmap_0_5 (DXT1)
[2017.06.22-10.35.28:362][102]LogTexture:Display: Building textures: SkyOcclusion0_6 (AutoDXT)
[2017.06.22-10.35.28:362][102]LogTexture:Display: Building textures: HQ_Lightmap0_6 (AutoDXT)
[2017.06.22-10.35.28:362][102]LogTexture:Display: Building textures: LQ_Lightmap_0_6 (DXT1)
[2017.06.22-10.35.28:362][102]LogTexture:Display: Building textures: LQ_Lightmap_0_2 (DXT1)
[2017.06.22-10.35.28:362][102]LogTexture:Display: Building textures: SkyOcclusion0_7 (AutoDXT)
[2017.06.22-10.35.28:362][102]LogTexture:Display: Building textures: HQ_Lightmap0_7 (AutoDXT)
[2017.06.22-10.35.28:362][102]LogTexture:Display: Building textures: LQ_Lightmap_0_7 (DXT1)
[2017.06.22-10.35.28:362][102]LogTexture:Display: Building textures: SkyOcclusion0_8 (AutoDXT)
[2017.06.22-10.35.28:362][102]LogTexture:Display: Building textures: HQ_Lightmap0_8 (AutoDXT)
[2017.06.22-10.35.28:362][102]LogTexture:Display: Building textures: LQ_Lightmap_0_8 (DXT1)
[2017.06.22-10.35.28:362][102]LogTexture:Display: Building textures: SkyOcclusion0_9 (AutoDXT)
[2017.06.22-10.35.28:362][102]LogTexture:Display: Building textures: HQ_Lightmap0_9 (AutoDXT)
[2017.06.22-10.35.28:362][102]LogTexture:Display: Building textures: LQ_Lightmap_0_9 (DXT1)
[2017.06.22-10.35.28:362][102]LogTexture:Display: Building textures: SkyOcclusion0_10 (AutoDXT)
[2017.06.22-10.35.28:362][102]LogTexture:Display: Building textures: HQ_Lightmap0_10 (AutoDXT)
[2017.06.22-10.35.28:362][102]LogTexture:Display: Building textures: LQ_Lightmap_0_10 (DXT1)
[2017.06.22-10.35.28:362][102]LogTexture:Display: Building textures: SkyOcclusion0_11 (AutoDXT)
[2017.06.22-10.35.28:362][102]LogTexture:Display: Building textures: HQ_Lightmap0_11 (AutoDXT)
[2017.06.22-10.35.28:362][102]LogTexture:Display: Building textures: LQ_Lightmap_0_11 (DXT1)
[2017.06.22-10.35.28:362][102]LogTexture:Display: Building textures: SkyOcclusion0_12 (AutoDXT)
[2017.06.22-10.35.28:362][102]LogTexture:Display: Building textures: HQ_Lightmap0_12 (AutoDXT)
[2017.06.22-10.35.28:362][102]LogTexture:Display: Building textures: LQ_Lightmap_0_12 (DXT1)
[2017.06.22-10.35.28:362][102]LogTexture:Display: Building textures: SkyOcclusion0_13 (AutoDXT)
[2017.06.22-10.35.28:362][102]LogTexture:Display: Building textures: HQ_Lightmap0_13 (AutoDXT)
[2017.06.22-10.35.28:362][102]LogTexture:Display: Building textures: LQ_Lightmap_0_13 (DXT1)
[2017.06.22-10.35.28:362][102]LogTexture:Display: Building textures: SkyOcclusion0_14 (AutoDXT)
[2017.06.22-10.35.28:362][102]LogTexture:Display: Building textures: HQ_Lightmap0_14 (AutoDXT)
[2017.06.22-10.35.28:362][102]LogTexture:Display: Building textures: LQ_Lightmap_0_14 (DXT1)
[2017.06.22-10.35.28:362][102]LogTexture:Display: Building textures: SkyOcclusion0_15 (AutoDXT)
[2017.06.22-10.35.28:362][102]LogTexture:Display: Building textures: HQ_Lightmap0_15 (AutoDXT)
[2017.06.22-10.35.28:362][102]LogTexture:Display: Building textures: LQ_Lightmap_0_15 (DXT1)
[2017.06.22-10.35.28:362][102]LogTexture:Display: Building textures: SkyOcclusion0_16 (AutoDXT)
[2017.06.22-10.35.28:362][102]LogTexture:Display: Building textures: HQ_Lightmap0_16 (AutoDXT)
[2017.06.22-10.35.28:362][102]LogTexture:Display: Building textures: LQ_Lightmap_0_16 (DXT1)
[2017.06.22-10.35.28:362][102]LogTexture:Display: Building textures: SkyOcclusion0_17 (AutoDXT)
[2017.06.22-10.35.28:362][102]LogTexture:Display: Building textures: HQ_Lightmap0_17 (AutoDXT)
[2017.06.22-10.35.28:362][102]LogTexture:Display: Building textures: LQ_Lightmap_0_17 (DXT1)
[2017.06.22-10.35.28:362][102]LogTexture:Display: Building textures: SkyOcclusion0_18 (AutoDXT)
[2017.06.22-10.35.28:362][102]LogTexture:Display: Building textures: HQ_Lightmap0_18 (AutoDXT)
[2017.06.22-10.35.28:362][102]LogTexture:Display: Building textures: LQ_Lightmap_0_18 (DXT1)
[2017.06.22-10.35.28:362][102]LogTexture:Display: Building textures: SkyOcclusion0_19 (AutoDXT)
[2017.06.22-10.35.28:362][102]LogTexture:Display: Building textures: HQ_Lightmap0_19 (AutoDXT)
[2017.06.22-10.35.28:362][102]LogTexture:Display: Building textures: LQ_Lightmap_0_19 (DXT1)
[2017.06.22-10.35.28:362][102]LogTexture:Display: Building textures: SkyOcclusion0_20 (AutoDXT)
[2017.06.22-10.35.28:362][102]LogTexture:Display: Building textures: HQ_Lightmap0_20 (AutoDXT)
[2017.06.22-10.35.28:362][102]LogTexture:Display: Building textures: LQ_Lightmap_0_20 (DXT1)
[2017.06.22-10.35.28:362][102]LogTexture:Display: Building textures: SkyOcclusion0_21 (AutoDXT)
[2017.06.22-10.35.28:362][102]LogTexture:Display: Building textures: HQ_Lightmap0_21 (AutoDXT)
[2017.06.22-10.35.28:362][102]LogTexture:Display: Building textures: LQ_Lightmap_0_21 (DXT1)
[2017.06.22-10.35.28:518][102]LogTexture:Display: Building textures: ShadowMapTexture2D_0 (G8)
[2017.06.22-10.35.28:518][102]LogTexture:Display: Building textures: ShadowMapTexture2D_1 (G8)
[2017.06.22-10.35.28:518][102]LogTexture:Display: Building textures: ShadowMapTexture2D_2 (G8)
[2017.06.22-10.35.28:518][102]LogTexture:Display: Building textures: ShadowMapTexture2D_3 (G8)
[2017.06.22-10.35.28:518][102]LogTexture:Display: Building textures: ShadowMapTexture2D_4 (G8)
[2017.06.22-10.35.28:518][102]LogTexture:Display: Building textures: ShadowMapTexture2D_5 (G8)
[2017.06.22-10.35.28:518][102]LogTexture:Display: Building textures: ShadowMapTexture2D_6 (G8)
[2017.06.22-10.35.28:518][102]LogTexture:Display: Building textures: ShadowMapTexture2D_7 (G8)
[2017.06.22-10.35.28:518][102]LogTexture:Display: Building textures: ShadowMapTexture2D_8 (G8)
[2017.06.22-10.35.28:518][102]LogTexture:Display: Building textures: ShadowMapTexture2D_9 (G8)
[2017.06.22-10.35.28:518][102]LogTexture:Display: Building textures: ShadowMapTexture2D_10 (G8)
[2017.06.22-10.35.28:518][102]LogTexture:Display: Building textures: ShadowMapTexture2D_11 (G8)
[2017.06.22-10.35.28:518][102]LogTexture:Display: Building textures: ShadowMapTexture2D_12 (G8)
[2017.06.22-10.35.28:518][102]LogTexture:Display: Building textures: ShadowMapTexture2D_13 (G8)
[2017.06.22-10.35.28:518][102]LogTexture:Display: Building textures: ShadowMapTexture2D_14 (G8)
[2017.06.22-10.35.28:518][102]LogTexture:Display: Building textures: ShadowMapTexture2D_15 (G8)
[2017.06.22-10.35.28:518][102]LogTexture:Display: Building textures: ShadowMapTexture2D_16 (G8)
[2017.06.22-10.35.28:518][102]LogTexture:Display: Building textures: ShadowMapTexture2D_17 (G8)
[2017.06.22-10.35.28:518][102]LogTexture:Display: Building textures: ShadowMapTexture2D_18 (G8)
[2017.06.22-10.35.28:518][102]LogTexture:Display: Building textures: ShadowMapTexture2D_19 (G8)
[2017.06.22-10.35.28:518][102]LogTexture:Display: Building textures: ShadowMapTexture2D_20 (G8)
[2017.06.22-10.35.28:541][102]Lightmass on PC42640: 6.45 sec total, 441 ms importing, 300 ms setup, 744 ms photons, 4.94 sec processing, 0 ms extra exporting [64/64 mappings]. Threads: 53.9 sec total, 33.6 sec processing.
[2017.06.22-10.35.28:558][102]LogStaticLightingSystem: Illumination: 13.2 sec (309 ms encoding lightmaps, 155 ms encoding shadowmaps)
[2017.06.22-10.35.28:558][102]LogStaticLightingSystem: Lightmap texture memory:  3.1 MB (3.1 MB streaming, 0.0 MB non-streaming), 42 textures
[2017.06.22-10.35.28:558][102]LogStaticLightingSystem: Shadowmap texture memory: 0.8 MB (0.8 MB streaming, 0.0 MB non-streaming), 21 textures
[2017.06.22-10.35.29:387][103]Cmd: MAP CHECK NOTIFYRESULTS
[2017.06.22-10.35.29:387][103]MapCheck: New page: ExternalEnvironment - 22 Jun 2017 11:35:29
[2017.06.22-10.35.29:511][103]MapCheck: Info Map check complete: 0 Error(s), 0 Warning(s), took 124.121ms to complete.
[2017.06.22-10.42.48:146][418]LogSavePackage: Save=159.31ms
[2017.06.22-10.42.48:146][418]LogSavePackage: Moving '../../../../../../Users/i7230020.STUDENT.000/Documents/GitHub/MastersProject/Ava/Saved/ExternalEnvironment_Auto2A38A35F44CE0C35A6EF8F398EDD09741.tmp' to '../../../../../../Users/i7230020.STUDENT.000/Documents/GitHub/MastersProject/Ava/Saved/Autosaves/Game/Ava/Maps/ExternalEnvironment_Auto2.umap'
[2017.06.22-10.42.48:153][418]LogSavePackage:Display: Finished SavePackage ../../../../../../Users/i7230020.STUDENT.000/Documents/GitHub/MastersProject/Ava/Saved/Autosaves/Game/Ava/Maps/ExternalEnvironment_Auto2.umap
[2017.06.22-10.42.48:156][418]LogFileHelpers: Editor autosave (incl. sublevels) for '/Game/Ava/Maps/ExternalEnvironment' took 0.199
[2017.06.22-10.42.48:156][418]LogFileHelpers: Editor autosave (incl. sublevels) for all levels took 0.199
[2017.06.22-10.56.44:029][114]Running C:/Program Files/Epic Games/4.12/Engine/Binaries/DotNET/UnrealBuildTool.exe Ava Win64 Development -editorrecompile "C:/Users/i7230020.STUDENT.000/Documents/GitHub/MastersProject/Ava/Ava.uproject" -invalidatemakefilesonly
[2017.06.22-10.56.44:733][114]Invalidating makefiles only in this run.
[2017.06.22-10.56.45:705][114]Recompiling Ava...
[2017.06.22-10.56.45:705][114]Launching UnrealBuildTool... [C:/Program Files/Epic Games/4.12/Engine/Binaries/DotNET/UnrealBuildTool.exe Ava -ModuleWithSuffix Ava 3404 Win64 Development -editorrecompile -canskiplink "C:/Users/i7230020.STUDENT.000/Documents/GitHub/MastersProject/Ava/Ava.uproject"  -2015]
[2017.06.22-10.57.05:587][114]CompilerResultsLog: New page: Compilation - 22 Jun 2017 11:57:05
[2017.06.22-10.57.05:587][114]CompilerResultsLog: Info Creating makefile for hot reloading Ava (no existing makefile)
[2017.06.22-10.57.05:587][114]CompilerResultsLog: Info Compiling game modules for hot reload
[2017.06.22-10.57.05:587][114]CompilerResultsLog: Info Parsing headers for AvaEditor
[2017.06.22-10.57.05:587][114]CompilerResultsLog: Info   Running UnrealHeaderTool "C:\Users\i7230020.STUDENT.000\Documents\GitHub\MastersProject\Ava\Ava.uproject" "C:\Users\i7230020.STUDENT.000\Documents\GitHub\MastersProject\Ava\Intermediate\Build\Win64\AvaEditor\Development\AvaEditor.uhtmanifest" -LogCmds="loginit warning, logexit warning, logdatabase error" -Unattended -WarningsAsErrors -installed
[2017.06.22-10.57.05:587][114]CompilerResultsLog: Info Reflection code generated for AvaEditor in 5.3435484 seconds
[2017.06.22-10.57.05:587][114]CompilerResultsLog: Info Performing 4 actions (9 in parallel)
[2017.06.22-10.57.05:587][114]CompilerResultsLog: Info UBTTaskSearchForPlayer.cpp
[2017.06.22-10.57.05:587][114]CompilerResultsLog: Info Ava.generated.cpp
[2017.06.22-10.57.05:588][114]CompilerResultsLog: Info MainCharacter.cpp
[2017.06.22-10.57.05:588][114]CompilerResultsLog:Error: Error C:\Users\i7230020.STUDENT.000\Documents\GitHub\MastersProject\Ava\Source\Ava\MainCharacter.cpp(35) : warning C4996: 'USceneComponent::AttachTo': This function is deprecated, please use AttachToComponent instead. Please update your code to the new API before upgrading to the next release, otherwise your project will no longer compile.
[2017.06.22-10.57.05:588][114]CompilerResultsLog:Error: Error C:\Program Files\Epic Games\4.12\Engine\Source\Runtime\Engine\Classes\Components/SceneComponent.h(607) : note: see declaration of 'USceneComponent::AttachTo'
[2017.06.22-10.57.05:588][114]CompilerResultsLog:Error: Error C:\Users\i7230020.STUDENT.000\Documents\GitHub\MastersProject\Ava\Source\Ava\MainCharacter.cpp(44) : warning C4996: 'USceneComponent::AttachTo': This function is deprecated, please use AttachToComponent instead. Please update your code to the new API before upgrading to the next release, otherwise your project will no longer compile.
[2017.06.22-10.57.05:588][114]CompilerResultsLog:Error: Error C:\Program Files\Epic Games\4.12\Engine\Source\Runtime\Engine\Classes\Components/SceneComponent.h(607) : note: see declaration of 'USceneComponent::AttachTo'
[2017.06.22-10.57.05:588][114]CompilerResultsLog:Error: Error C:\Users\i7230020.STUDENT.000\Documents\GitHub\MastersProject\Ava\Source\Ava\MainCharacter.cpp(52) : warning C4996: 'USceneComponent::AttachTo': This function is deprecated, please use AttachToComponent instead. Please update your code to the new API before upgrading to the next release, otherwise your project will no longer compile.
[2017.06.22-10.57.05:588][114]CompilerResultsLog:Error: Error C:\Program Files\Epic Games\4.12\Engine\Source\Runtime\Engine\Classes\Components/SceneComponent.h(607) : note: see declaration of 'USceneComponent::AttachTo'
[2017.06.22-10.57.05:588][114]CompilerResultsLog: Info [4/4] Link UE4Editor-Ava-3404.dll
[2017.06.22-10.57.05:588][114]CompilerResultsLog: Info    Creating library C:\Users\i7230020.STUDENT.000\Documents\GitHub\MastersProject\Ava\Intermediate\Build\Win64\UE4Editor\Development\UE4Editor-Ava-3404.lib and object C:\Users\i7230020.STUDENT.000\Documents\GitHub\MastersProject\Ava\Intermediate\Build\Win64\UE4Editor\Development\UE4Editor-Ava-3404.exp
[2017.06.22-10.57.05:588][114]CompilerResultsLog: Info Total build time: 19.71 seconds
[2017.06.22-10.57.05:588][114]LogMainFrame: MainFrame: Module compiling took 19.892 seconds
[2017.06.22-10.57.05:645][114]LogClass: Could not find existing class UBTTaskSearchForPlayer in package /Script/Ava for HotReload, assuming new class
[2017.06.22-10.57.05:645][114]LogClass: ItemDataVariables HotReload.
[2017.06.22-10.57.05:645][114]LogClass: Item HotReload.
[2017.06.22-10.57.05:646][114]LogHotReload: Re-instancing Antelope after hot-reload.
[2017.06.22-10.57.05:723][114]LogHotReload: Re-instancing MainCharacter after hot-reload.
[2017.06.22-10.57.05:794][114]LogHotReload: Re-instancing StatueObject after hot-reload.
[2017.06.22-10.57.05:830][114]LogContentBrowser: Native class hierarchy updated for 'Ava' in 0.0026 seconds. Added 12 classes and 2 folders.
[2017.06.22-10.57.05:831][114]Warning: HotReload successful (3 functions remapped  0 scriptstructs remapped)
[2017.06.22-10.57.05:873][114]LogContentBrowser: Native class hierarchy populated in 0.0097 seconds. Added 2092 classes and 380 folders.
[2017.06.22-10.57.05:873][114]Warning: HotReload took 20.9s.
[2017.06.22-10.57.05:874][114]Warning: HotReload operation took 20.9s.
[2017.06.22-10.57.05:990][114]LogVSAccessor:Warning: Couldn't goto line number '0' in 'C:/Users/i7230020.STUDENT.000/Documents/GitHub/MastersProject/Ava/Source/Ava/UBTTaskSearchForPlayer.h'
[2017.06.22-10.57.06:091][114]LogVSAccessor:Warning: Couldn't goto line number '0' in 'C:/Users/i7230020.STUDENT.000/Documents/GitHub/MastersProject/Ava/Source/Ava/UBTTaskSearchForPlayer.cpp'
[2017.06.22-10.57.06:117][114]LogHotReload: New module detected: UE4Editor-Ava-3404.dll
[2017.06.22-10.57.06:170][115]LogHotReload: Starting Hot-Reload from IDE
[2017.06.22-10.57.06:209][115]LogContentBrowser: Native class hierarchy updated for 'Ava' in 0.0028 seconds. Added 12 classes and 2 folders.
[2017.06.22-10.57.06:211][115]Warning: HotReload successful (0 functions remapped  0 scriptstructs remapped)
[2017.06.22-10.57.06:222][115]LogContentBrowser: Native class hierarchy populated in 0.0095 seconds. Added 2092 classes and 380 folders.
[2017.06.22-10.57.06:225][115]Warning: HotReload took  0.1s.
[2017.06.22-11.03.17:430][158]LogHotReload: New module detected: UE4Editor-Ava-3988.dll
[2017.06.22-11.03.19:791][166]LogHotReload: Starting Hot-Reload from IDE
[2017.06.22-11.03.19:882][166]LogClass: ItemDataVariables HotReload.
[2017.06.22-11.03.19:882][166]LogClass: Item HotReload.
[2017.06.22-11.03.19:883][166]LogHotReload: Re-instancing Antelope after hot-reload.
[2017.06.22-11.03.19:955][166]LogHotReload: Re-instancing MainCharacter after hot-reload.
[2017.06.22-11.03.20:044][166]LogHotReload: Re-instancing StatueObject after hot-reload.
[2017.06.22-11.03.20:084][166]LogContentBrowser: Native class hierarchy updated for 'Ava' in 0.0037 seconds. Added 12 classes and 2 folders.
[2017.06.22-11.03.20:086][166]Warning: HotReload successful (3 functions remapped  0 scriptstructs remapped)
[2017.06.22-11.03.20:137][166]LogContentBrowser: Native class hierarchy populated in 0.0096 seconds. Added 2092 classes and 380 folders.
[2017.06.22-11.03.20:140][166]Warning: HotReload took  0.3s.
[2017.06.22-11.03.41:726][395]LogSavePackage: Save=4.14ms
[2017.06.22-11.03.41:726][395]LogSavePackage: Moving '../../../../../../Users/i7230020.STUDENT.000/Documents/GitHub/MastersProject/Ava/Saved/AntelopeBrainBTC70AFD9A42DAC54414C0F295B0F43F0C.tmp' to '../../../../../../Users/i7230020.STUDENT.000/Documents/GitHub/MastersProject/Ava/Content/Ava/Antelope/AntelopeBrainBT.uasset'
[2017.06.22-11.03.41:734][395]LogSavePackage:Display: Finished SavePackage ../../../../../../Users/i7230020.STUDENT.000/Documents/GitHub/MastersProject/Ava/Content/Ava/Antelope/AntelopeBrainBT.uasset
[2017.06.22-11.03.45:666][644]LogPlayLevel: PlayLevel: No blueprints needed recompiling
[2017.06.22-11.03.45:666][644]PIE: New page: PIE session: ExternalEnvironment (22 Jun 2017 12:03:45)
[2017.06.22-11.03.45:667][644]LogPlayLevel: Creating play world package: /Game/Ava/Maps/UEDPIE_0_ExternalEnvironment
[2017.06.22-11.03.45:683][644]LogPlayLevel: PIE: StaticDuplicateObject took: (0.016213s)
[2017.06.22-11.03.45:683][644]LogAIModule: Creating AISystem for world ExternalEnvironment
[2017.06.22-11.03.45:683][644]LogPlayLevel: PIE: World Init took: (0.000611s)
[2017.06.22-11.03.45:684][644]LogPlayLevel: PIE: Created PIE world by copying editor world from /Game/Ava/Maps/ExternalEnvironment.ExternalEnvironment to /Game/Ava/Maps/UEDPIE_0_ExternalEnvironment.ExternalEnvironment (0.017051s)
[2017.06.22-11.03.45:695][644]LogInit: XAudio2 using 'Speakers (Realtek High Definition Audio)' : 2 channels at 48 kHz using 32 bits per sample (channel mask 0x3)
[2017.06.22-11.03.45:703][644]LogInit: FAudioDevice initialized.
[2017.06.22-11.03.45:751][644]LogWorld: Game class is 'AvaGameMode'
[2017.06.22-11.03.45:776][644]LogWorld: Bringing World /Game/Ava/Maps/UEDPIE_0_ExternalEnvironment.ExternalEnvironment up for play (max tick rate 0) at 2017.06.22-12.03.45
[2017.06.22-11.03.45:778][644]LogWorld: Bringing up level for play took: 0.025304
[2017.06.22-11.03.45:780][644]PIE: Info Play in editor start time for /Game/Ava/Maps/UEDPIE_0_ExternalEnvironment -0.291
[2017.06.22-11.21.45:983][ 55]LogSavePackage: Save=319.05ms
[2017.06.22-11.21.45:984][ 55]LogSavePackage: Moving '../../../../../../Users/i7230020.STUDENT.000/Documents/GitHub/MastersProject/Ava/Saved/ExternalEnvironment02729F01489F1434A10086A0A78A96C8.tmp' to '../../../../../../Users/i7230020.STUDENT.000/Documents/GitHub/MastersProject/Ava/Content/Ava/Maps/ExternalEnvironment.umap'
[2017.06.22-11.21.45:993][ 55]LogSavePackage:Display: Finished SavePackage ../../../../../../Users/i7230020.STUDENT.000/Documents/GitHub/MastersProject/Ava/Content/Ava/Maps/ExternalEnvironment.umap
[2017.06.22-11.21.46:021][ 55]LogFileHelpers: Saving map 'ExternalEnvironment' took 0.538
[2017.06.22-11.21.46:281][ 56]Cmd: QUIT_EDITOR
[2017.06.22-11.21.46:340][ 56]LogExit: Preparing to exit.
[2017.06.22-11.21.46:865][ 56]LogHoudiniEngine: HAPI Synchronous Deletion of  Started. HoudiniAsset = 0x0, 
[2017.06.22-11.21.46:876][ 56]LogExit: Editor shut down
[2017.06.22-11.21.46:877][ 56]LogExit: Transaction tracking system shut down
[2017.06.22-11.21.47:015][ 56]LogObj: Freed 0b from 0 cluster array pools.
[2017.06.22-11.21.47:015][ 56]LogExit: Object subsystem successfully closed.
[2017.06.22-11.21.47:038][ 56]LogD3D11RHI: Shutdown
[2017.06.22-11.21.47:038][ 56]LogD3D11RHI: CleanupD3DDevice
[2017.06.22-11.21.47:116][ 56]LogD3D11RHI: ~FD3D11DynamicRHI
[2017.06.22-11.21.47:135][ 56]LogModuleManager: Shutting down and abandoning module HierarchicalLODUtilities (218)
[2017.06.22-11.21.47:135][ 56]LogModuleManager: Shutting down and abandoning module MovieSceneCapture (217)
[2017.06.22-11.21.47:135][ 56]LogModuleManager: Shutting down and abandoning module HierarchicalLODOutliner (216)
[2017.06.22-11.21.47:135][ 56]LogModuleManager: Shutting down and abandoning module CrashTracker (215)
[2017.06.22-11.21.47:135][ 56]LogModuleManager: Shutting down and abandoning module SceneOutliner (214)
[2017.06.22-11.21.47:135][ 56]LogModuleManager: Shutting down and abandoning module WidgetCarousel (213)
[2017.06.22-11.21.47:135][ 56]LogModuleManager: Shutting down and abandoning module AddContentDialog (212)
[2017.06.22-11.21.47:136][ 56]LogModuleManager: Shutting down and abandoning module GameplayTags (211)
[2017.06.22-11.21.47:136][ 56]LogModuleManager: Shutting down and abandoning module EditorWidgets (210)
[2017.06.22-11.21.47:136][ 56]LogModuleManager: Shutting down and abandoning module CollectionManager (209)
[2017.06.22-11.21.47:137][ 56]LogModuleManager: Shutting down and abandoning module StatsViewer (208)
[2017.06.22-11.21.47:137][ 56]LogModuleManager: Shutting down and abandoning module FoliageEdit (207)
[2017.06.22-11.21.47:137][ 56]LogModuleManager: Shutting down and abandoning module LandscapeEditor (206)
[2017.06.22-11.21.47:137][ 56]LogModuleManager: Shutting down and abandoning module SceneDepthPickerMode (205)
[2017.06.22-11.21.47:137][ 56]LogModuleManager: Shutting down and abandoning module ActorPickerMode (204)
[2017.06.22-11.21.47:137][ 56]LogModuleManager: Shutting down and abandoning module GeometryMode (203)
[2017.06.22-11.21.47:137][ 56]LogModuleManager: Shutting down and abandoning module TextureAlignMode (202)
[2017.06.22-11.21.47:137][ 56]LogModuleManager: Shutting down and abandoning module BspMode (201)
[2017.06.22-11.21.47:137][ 56]LogModuleManager: Shutting down and abandoning module HardwareSurvey (200)
[2017.06.22-11.21.47:137][ 56]LogModuleManager: Shutting down and abandoning module SequenceRecorderSections (199)
[2017.06.22-11.21.47:137][ 56]LogModuleManager: Shutting down and abandoning module SequenceRecorder (198)
[2017.06.22-11.21.47:137][ 56]LogModuleManager: Shutting down and abandoning module AutomationWorker (197)
[2017.06.22-11.21.47:137][ 56]LogModuleManager: Shutting down and abandoning module HoudiniEngineEditor (196)
[2017.06.22-11.21.47:137][ 56]LogHoudiniEngineEditor: Shutting down the Houdini Engine Editor module.
[2017.06.22-11.21.47:137][ 56]LogModuleManager: Shutting down and abandoning module MatineeToLevelSequence (195)
[2017.06.22-11.21.47:137][ 56]LogModuleManager: Shutting down and abandoning module PlacementMode (194)
[2017.06.22-11.21.47:137][ 56]LogModuleManager: Shutting down and abandoning module LevelSequenceEditor (193)
[2017.06.22-11.21.47:137][ 56]LogModuleManager: Shutting down and abandoning module CharacterAI (192)
[2017.06.22-11.21.47:137][ 56]LogModuleManager: Shutting down and abandoning module SmartSnapping (191)
[2017.06.22-11.21.47:137][ 56]LogModuleManager: Shutting down and abandoning module SessionServices (190)
[2017.06.22-11.21.47:137][ 56]LogModuleManager: Shutting down and abandoning module ViewportSnapping (189)
[2017.06.22-11.21.47:137][ 56]LogModuleManager: Shutting down and abandoning module LogVisualizer (188)
[2017.06.22-11.21.47:137][ 56]LogModuleManager: Shutting down and abandoning module GameProjectGeneration (187)
[2017.06.22-11.21.47:137][ 56]LogModuleManager: Shutting down and abandoning module IntroTutorials (186)
[2017.06.22-11.21.47:137][ 56]LogModuleManager: Shutting down and abandoning module EditorLiveStreaming (185)
[2017.06.22-11.21.47:137][ 56]LogModuleManager: Shutting down and abandoning module IOSPlatformEditor (184)
[2017.06.22-11.21.47:137][ 56]LogModuleManager: Shutting down and abandoning module HTML5PlatformEditor (183)
[2017.06.22-11.21.47:137][ 56]LogModuleManager: Shutting down and abandoning module AndroidDeviceDetection (182)
[2017.06.22-11.21.48:075][ 56]LogModuleManager: Shutting down and abandoning module AndroidPlatformEditor (181)
[2017.06.22-11.21.48:076][ 56]LogModuleManager: Shutting down and abandoning module IOSRuntimeSettings (180)
[2017.06.22-11.21.48:076][ 56]LogModuleManager: Shutting down and abandoning module AndroidRuntimeSettings (179)
[2017.06.22-11.21.48:076][ 56]LogModuleManager: Shutting down and abandoning module MergeActors (178)
[2017.06.22-11.21.48:076][ 56]LogModuleManager: Shutting down and abandoning module SizeMap (177)
[2017.06.22-11.21.48:076][ 56]LogModuleManager: Shutting down and abandoning module TreeMap (176)
[2017.06.22-11.21.48:076][ 56]LogModuleManager: Shutting down and abandoning module ReferenceViewer (175)
[2017.06.22-11.21.48:076][ 56]LogModuleManager: Shutting down and abandoning module LocalizationService (174)
[2017.06.22-11.21.48:076][ 56]LogModuleManager: Shutting down and abandoning module LocalizationDashboard (173)
[2017.06.22-11.21.48:076][ 56]LogModuleManager: Shutting down and abandoning module HardwareTargeting (172)
[2017.06.22-11.21.48:076][ 56]LogModuleManager: Shutting down and abandoning module DeviceProfileEditor (171)
[2017.06.22-11.21.48:076][ 56]LogModuleManager: Shutting down and abandoning module UndoHistory (170)
[2017.06.22-11.21.48:076][ 56]LogModuleManager: Shutting down and abandoning module UserFeedback (169)
[2017.06.22-11.21.48:076][ 56]LogModuleManager: Shutting down and abandoning module XmlParser (168)
[2017.06.22-11.21.48:076][ 56]LogModuleManager: Shutting down and abandoning module Blutility (167)
[2017.06.22-11.21.48:076][ 56]LogModuleManager: Shutting down and abandoning module ProjectTargetPlatformEditor (166)
[2017.06.22-11.21.48:076][ 56]LogModuleManager: Shutting down and abandoning module ProjectSettingsViewer (165)
[2017.06.22-11.21.48:076][ 56]LogModuleManager: Shutting down and abandoning module InputBindingEditor (164)
[2017.06.22-11.21.48:077][ 56]LogModuleManager: Shutting down and abandoning module EditorSettingsViewer (163)
[2017.06.22-11.21.48:077][ 56]LogModuleManager: Shutting down and abandoning module SettingsEditor (162)
[2017.06.22-11.21.48:077][ 56]LogModuleManager: Shutting down and abandoning module ProjectLauncher (161)
[2017.06.22-11.21.48:077][ 56]LogModuleManager: Shutting down and abandoning module SessionFrontend (160)
[2017.06.22-11.21.48:077][ 56]LogModuleManager: Shutting down and abandoning module ProfilerClient (159)
[2017.06.22-11.21.48:077][ 56]LogModuleManager: Shutting down and abandoning module TargetDeviceServices (158)
[2017.06.22-11.21.48:077][ 56]LogModuleManager: Shutting down and abandoning module DeviceManager (157)
[2017.06.22-11.21.48:127][ 56]LogModuleManager: Shutting down and abandoning module AutomationController (156)
[2017.06.22-11.21.48:127][ 56]LogModuleManager: Shutting down and abandoning module AutomationWindow (155)
[2017.06.22-11.21.48:127][ 56]LogModuleManager: Shutting down and abandoning module Layers (154)
[2017.06.22-11.21.48:127][ 56]LogModuleManager: Shutting down and abandoning module ComponentVisualizers (153)
[2017.06.22-11.21.48:127][ 56]LogModuleManager: Shutting down and abandoning module DetailCustomizations (152)
[2017.06.22-11.21.48:127][ 56]LogModuleManager: Shutting down and abandoning module PackagesDialog (151)
[2017.06.22-11.21.48:127][ 56]LogModuleManager: Shutting down and abandoning module Persona (150)
[2017.06.22-11.21.48:127][ 56]LogModuleManager: Shutting down and abandoning module Kismet (149)
[2017.06.22-11.21.48:127][ 56]LogModuleManager: Shutting down and abandoning module GraphEditor (148)
[2017.06.22-11.21.48:127][ 56]LogModuleManager: Shutting down and abandoning module ClassViewer (147)
[2017.06.22-11.21.48:130][ 56]LogModuleManager: Shutting down and abandoning module Toolbox (146)
[2017.06.22-11.21.48:130][ 56]LogModuleManager: Shutting down and abandoning module ModuleUI (145)
[2017.06.22-11.21.48:130][ 56]LogModuleManager: Shutting down and abandoning module MovieSceneTools (144)
[2017.06.22-11.21.48:130][ 56]LogModuleManager: Shutting down and abandoning module OutputLog (143)
[2017.06.22-11.21.48:130][ 56]LogModuleManager: Shutting down and abandoning module GammaUI (142)
[2017.06.22-11.21.48:130][ 56]LogModuleManager: Shutting down and abandoning module Documentation (141)
[2017.06.22-11.21.48:130][ 56]LogModuleManager: Shutting down and abandoning module StreamingPauseRendering (140)
[2017.06.22-11.21.48:130][ 56]LogModuleManager: Shutting down and abandoning module AnalyticsET (139)
[2017.06.22-11.21.48:130][ 56]LogModuleManager: Shutting down and abandoning module Analytics (138)
[2017.06.22-11.21.48:130][ 56]LogModuleManager: Shutting down and abandoning module PortalServices (137)
[2017.06.22-11.21.48:130][ 56]LogModuleManager: Shutting down and abandoning module PortalRpc (136)
[2017.06.22-11.21.48:130][ 56]LogModuleManager: Shutting down and abandoning module MessagingRpc (135)
[2017.06.22-11.21.48:130][ 56]LogModuleManager: Shutting down and abandoning module GameplayDebugger (134)
[2017.06.22-11.21.48:130][ 56]LogModuleManager: Shutting down and abandoning module AITestSuite (133)
[2017.06.22-11.21.48:130][ 56]LogModuleManager: Shutting down and abandoning module AIModule (132)
[2017.06.22-11.21.48:130][ 56]LogModuleManager: Shutting down and abandoning module ProfilerService (131)
[2017.06.22-11.21.48:356][ 56]LogModuleManager: Shutting down and abandoning module TaskGraph (130)
[2017.06.22-11.21.48:356][ 56]LogModuleManager: Shutting down and abandoning module SlateRemote (129)
[2017.06.22-11.21.48:356][ 56]LogModuleManager: Shutting down and abandoning module SteamVRController (128)
[2017.06.22-11.21.48:356][ 56]LogModuleManager: Shutting down and abandoning module SteamVR (127)
[2017.06.22-11.21.48:356][ 56]LogModuleManager: Shutting down and abandoning module ProceduralMeshComponent (126)
[2017.06.22-11.21.48:356][ 56]LogModuleManager: Shutting down and abandoning module OculusLibrary (125)
[2017.06.22-11.21.48:356][ 56]LogModuleManager: Shutting down and abandoning module OculusInput (124)
[2017.06.22-11.21.48:356][ 56]LogModuleManager: Shutting down and abandoning module HoudiniEngineRuntime (123)
[2017.06.22-11.21.48:356][ 56]LogHoudiniEngine: Shutting down the Houdini Engine module.
[2017.06.22-11.21.48:356][ 56]LogUObjectArray:Warning: Invalid object index -572662307
[2017.06.22-11.21.48:356][ 56]LogUObjectArray:Warning: Invalid object index -572662307
[2017.06.22-11.21.48:356][ 56]LogUObjectArray:Warning: Invalid object index -572662307
[2017.06.22-11.21.48:356][ 56]LogUObjectArray:Warning: Invalid object index -572662307
[2017.06.22-11.21.48:358][ 56]LogModuleManager: Shutting down and abandoning module CustomMeshComponent (122)
[2017.06.22-11.21.48:358][ 56]LogModuleManager: Shutting down and abandoning module CableComponent (121)
[2017.06.22-11.21.48:358][ 56]LogModuleManager: Shutting down and abandoning module ArchVisCharacter (120)
[2017.06.22-11.21.48:358][ 56]LogModuleManager: Shutting down and abandoning module MediaPlayerEditor (119)
[2017.06.22-11.21.48:358][ 56]LogModuleManager: Shutting down and abandoning module HTML5Networking (118)
[2017.06.22-11.21.48:358][ 56]LogModuleManager: Shutting down and abandoning module SuperSearch (117)
[2017.06.22-11.21.48:358][ 56]LogModuleManager: Shutting down and abandoning module SuperSearchEditor (116)
[2017.06.22-11.21.48:358][ 56]LogModuleManager: Shutting down and abandoning module SpeedTreeImporter (115)
[2017.06.22-11.21.48:358][ 56]LogModuleManager: Shutting down and abandoning module PluginBrowser (114)
[2017.06.22-11.21.48:358][ 56]LogModuleManager: Shutting down and abandoning module EpicSurvey (113)
[2017.06.22-11.21.48:358][ 56]LogModuleManager: Shutting down and abandoning module DesktopPlatform (112)
[2017.06.22-11.21.48:358][ 56]LogModuleManager: Shutting down and abandoning module VisualStudioSourceCodeAccess (111)
[2017.06.22-11.21.48:358][ 56]LogModuleManager: Shutting down and abandoning module UObjectPlugin (110)
[2017.06.22-11.21.48:358][ 56]LogModuleManager: Shutting down and abandoning module SubversionSourceControl (109)
[2017.06.22-11.21.48:358][ 56]LogModuleManager: Shutting down and abandoning module PerforceSourceControl (108)
[2017.06.22-11.21.48:358][ 56]LogModuleManager: Shutting down and abandoning module SourceControl (107)
[2017.06.22-11.21.48:358][ 56]LogModuleManager: Shutting down and abandoning module GitSourceControl (106)
[2017.06.22-11.21.48:358][ 56]LogModuleManager: Shutting down and abandoning module LightPropagationVolumeEditor (105)
[2017.06.22-11.21.48:358][ 56]LogModuleManager: Shutting down and abandoning module PaperTiledImporter (104)
[2017.06.22-11.21.48:358][ 56]LogModuleManager: Shutting down and abandoning module PaperSpriteSheetImporter (103)
[2017.06.22-11.21.48:358][ 56]LogModuleManager: Shutting down and abandoning module MeshPaint (102)
[2017.06.22-11.21.48:358][ 56]LogModuleManager: Shutting down and abandoning module PixelInspectorModule (101)
[2017.06.22-11.21.48:358][ 56]LogModuleManager: Shutting down and abandoning module HotReload (100)
[2017.06.22-11.21.48:359][ 56]LogModuleManager: Shutting down and abandoning module MainFrame (99)
[2017.06.22-11.21.48:359][ 56]LogModuleManager: Shutting down and abandoning module LevelEditor (98)
[2017.06.22-11.21.48:359][ 56]LogModuleManager: Shutting down and abandoning module ContentBrowser (97)
[2017.06.22-11.21.48:360][ 56]LogModuleManager: Shutting down and abandoning module Paper2DEditor (96)
[2017.06.22-11.21.48:360][ 56]LogModuleManager: Shutting down and abandoning module Ava (95)
[2017.06.22-11.21.48:360][ 56]LogModuleManager: Shutting down and abandoning module UdpMessaging (94)
[2017.06.22-11.21.48:460][ 56]LogModuleManager: Shutting down and abandoning module LightPropagationVolumeRuntime (93)
[2017.06.22-11.21.48:460][ 56]LogModuleManager: Shutting down and abandoning module Paper2D (92)
[2017.06.22-11.21.48:460][ 56]LogModuleManager: Shutting down and abandoning module WindowsMoviePlayer (91)
[2017.06.22-11.21.48:460][ 56]LogModuleManager: Shutting down and abandoning module Media (90)
[2017.06.22-11.21.48:460][ 56]LogModuleManager: Shutting down and abandoning module WmfMedia (89)
[2017.06.22-11.21.48:461][ 56]LogModuleManager: Shutting down and abandoning module MediaAssets (88)
[2017.06.22-11.21.48:461][ 56]LogModuleManager: Shutting down and abandoning module GameLiveStreaming (87)
[2017.06.22-11.21.48:461][ 56]LogModuleManager: Shutting down and abandoning module GameplayTagsEditor (86)
[2017.06.22-11.21.48:461][ 56]LogModuleManager: Shutting down and abandoning module OnlineBlueprintSupport (85)
[2017.06.22-11.21.48:461][ 56]LogModuleManager: Shutting down and abandoning module VREditor (84)
[2017.06.22-11.21.48:461][ 56]LogModuleManager: Shutting down and abandoning module GameplayTasksEditor (83)
[2017.06.22-11.21.48:461][ 56]LogModuleManager: Shutting down and abandoning module PropertyEditor (82)
[2017.06.22-11.21.48:461][ 56]LogModuleManager: Shutting down and abandoning module BehaviorTreeEditor (81)
[2017.06.22-11.21.48:461][ 56]LogModuleManager: Shutting down and abandoning module FunctionalTesting (80)
[2017.06.22-11.21.48:461][ 56]LogModuleManager: Shutting down and abandoning module CollisionAnalyzer (79)
[2017.06.22-11.21.48:461][ 56]LogModuleManager: Shutting down and abandoning module Sequencer (78)
[2017.06.22-11.21.48:461][ 56]LogModuleManager: Shutting down and abandoning module WorkspaceMenuStructure (77)
[2017.06.22-11.21.48:461][ 56]LogModuleManager: Shutting down and abandoning module MessageLog (76)
[2017.06.22-11.21.48:461][ 56]LogModuleManager: Shutting down and abandoning module AssetTools (75)
[2017.06.22-11.21.48:462][ 56]LogModuleManager: Shutting down and abandoning module UMGEditor (74)
[2017.06.22-11.21.48:462][ 56]LogModuleManager: Shutting down and abandoning module UMG (73)
[2017.06.22-11.21.48:462][ 56]LogModuleManager: Shutting down and abandoning module SlateReflector (72)
[2017.06.22-11.21.48:462][ 56]LogModuleManager: Shutting down and abandoning module Slate (71)
[2017.06.22-11.21.48:462][ 56]LogModuleManager: Shutting down and abandoning module EditorStyle (70)
[2017.06.22-11.21.48:468][ 56]LogModuleManager: Shutting down and abandoning module SourceCodeAccess (69)
[2017.06.22-11.21.48:468][ 56]LogModuleManager: Shutting down and abandoning module HeadMountedDisplay (68)
[2017.06.22-11.21.48:468][ 56]LogModuleManager: Shutting down and abandoning module XAudio2 (67)
[2017.06.22-11.21.48:468][ 56]LogModuleManager: Shutting down and abandoning module Networking (65)
[2017.06.22-11.21.48:468][ 56]LogModuleManager: Shutting down and abandoning module Core (64)
[2017.06.22-11.21.48:468][ 56]LogModuleManager: Shutting down and abandoning module DirectoryWatcher (63)
[2017.06.22-11.21.48:470][ 56]LogModuleManager: Shutting down and abandoning module AssetRegistry (62)
[2017.06.22-11.21.48:644][ 56]LogModuleManager: Shutting down and abandoning module KismetCompiler (61)
[2017.06.22-11.21.48:644][ 56]LogModuleManager: Shutting down and abandoning module PhysXFormats (60)
[2017.06.22-11.21.48:644][ 56]LogModuleManager: Shutting down and abandoning module MeshUtilities (59)
[2017.06.22-11.21.48:644][ 56]LogModuleManager: Shutting down and abandoning module DerivedDataCache (58)
[2017.06.22-11.21.48:686][ 56]LogDerivedDataCache: Shutdown
[2017.06.22-11.21.48:686][ 56]LogModuleManager: Shutting down and abandoning module VulkanShaderFormat (57)
[2017.06.22-11.21.48:686][ 56]LogModuleManager: Shutting down and abandoning module ShaderFormatOpenGL (56)
[2017.06.22-11.21.48:686][ 56]LogModuleManager: Shutting down and abandoning module ShaderFormatD3D (55)
[2017.06.22-11.21.48:686][ 56]LogModuleManager: Shutting down and abandoning module MetalShaderFormat (54)
[2017.06.22-11.21.48:686][ 56]LogModuleManager: Shutting down and abandoning module TextureFormatUncompressed (53)
[2017.06.22-11.21.48:686][ 56]LogModuleManager: Shutting down and abandoning module TextureFormatPVR (52)
[2017.06.22-11.21.48:686][ 56]LogModuleManager: Shutting down and abandoning module TextureFormatIntelISPCTexComp (51)
[2017.06.22-11.21.48:686][ 56]LogModuleManager: Shutting down and abandoning module TextureFormatDXT (50)
[2017.06.22-11.21.48:686][ 56]LogModuleManager: Shutting down and abandoning module ImageWrapper (49)
[2017.06.22-11.21.48:686][ 56]LogModuleManager: Shutting down and abandoning module TextureFormatASTC (48)
[2017.06.22-11.21.48:686][ 56]LogModuleManager: Shutting down and abandoning module TextureFormatAndroid (47)
[2017.06.22-11.21.48:686][ 56]LogModuleManager: Shutting down and abandoning module AudioFormatOpus (46)
[2017.06.22-11.21.48:686][ 56]LogModuleManager: Shutting down and abandoning module AudioFormatOgg (45)
[2017.06.22-11.21.48:686][ 56]LogModuleManager: Shutting down and abandoning module AudioFormatADPCM (44)
[2017.06.22-11.21.48:686][ 56]LogModuleManager: Shutting down and abandoning module LinuxTargetPlatform (43)
[2017.06.22-11.21.48:686][ 56]LogModuleManager: Shutting down and abandoning module LinuxServerTargetPlatform (42)
[2017.06.22-11.21.48:686][ 56]LogModuleManager: Shutting down and abandoning module LinuxNoEditorTargetPlatform (41)
[2017.06.22-11.21.48:686][ 56]LogModuleManager: Shutting down and abandoning module TVOSTargetPlatform (40)
[2017.06.22-11.21.48:686][ 56]LogModuleManager: Shutting down and abandoning module Messaging (39)
[2017.06.22-11.21.48:686][ 56]LogModuleManager: Shutting down and abandoning module IOSTargetPlatform (38)
[2017.06.22-11.21.48:686][ 56]LogModuleManager: Shutting down and abandoning module HTML5TargetPlatform (37)
[2017.06.22-11.21.48:686][ 56]LogModuleManager: Shutting down and abandoning module Android_PVRTCTargetPlatform (36)
[2017.06.22-11.21.48:686][ 56]LogModuleManager: Shutting down and abandoning module Android_MultiTargetPlatform (35)
[2017.06.22-11.21.48:686][ 56]LogModuleManager: Shutting down and abandoning module Android_ETC2TargetPlatform (34)
[2017.06.22-11.21.48:686][ 56]LogModuleManager: Shutting down and abandoning module Android_ETC1TargetPlatform (33)
[2017.06.22-11.21.48:686][ 56]LogModuleManager: Shutting down and abandoning module Android_DXTTargetPlatform (32)
[2017.06.22-11.21.48:686][ 56]LogModuleManager: Shutting down and abandoning module Android_ATCTargetPlatform (31)
[2017.06.22-11.21.48:687][ 56]LogModuleManager: Shutting down and abandoning module Android_ASTCTargetPlatform (30)
[2017.06.22-11.21.48:687][ 56]LogModuleManager: Shutting down and abandoning module AndroidTargetPlatform (29)
[2017.06.22-11.21.48:687][ 56]LogModuleManager: Shutting down and abandoning module WindowsTargetPlatform (28)
[2017.06.22-11.21.48:687][ 56]LogModuleManager: Shutting down and abandoning module WindowsServerTargetPlatform (27)
[2017.06.22-11.21.48:687][ 56]LogModuleManager: Shutting down and abandoning module WindowsNoEditorTargetPlatform (26)
[2017.06.22-11.21.48:687][ 56]LogModuleManager: Shutting down and abandoning module WindowsClientTargetPlatform (25)
[2017.06.22-11.21.48:687][ 56]LogModuleManager: Shutting down and abandoning module AllDesktopTargetPlatform (24)
[2017.06.22-11.21.48:687][ 56]LogModuleManager: Shutting down and abandoning module TargetPlatform (23)
[2017.06.22-11.21.48:687][ 56]LogModuleManager: Shutting down and abandoning module InputCore (22)
[2017.06.22-11.21.48:687][ 56]LogModuleManager: Shutting down and abandoning module Settings (21)
[2017.06.22-11.21.48:687][ 56]LogModuleManager: Shutting down and abandoning module OnlineSubsystem (19)
[2017.06.22-11.21.48:687][ 56]LogModuleManager: Shutting down and abandoning module HTTP (18)
[2017.06.22-11.21.52:705][ 56]LogModuleManager: Shutting down and abandoning module XMPP (17)
[2017.06.22-11.21.52:705][ 56]LogModuleManager: Shutting down and abandoning module OculusRift (16)
[2017.06.22-11.21.52:705][ 56]LogModuleManager: Shutting down and abandoning module ExampleDeviceProfileSelector (15)
[2017.06.22-11.21.52:705][ 56]LogModuleManager: Shutting down and abandoning module TextureCompressor (14)
[2017.06.22-11.21.52:706][ 56]LogModuleManager: Shutting down and abandoning module ShaderCore (13)
[2017.06.22-11.21.52:706][ 56]LogModuleManager: Shutting down and abandoning module Landscape (12)
[2017.06.22-11.21.52:706][ 56]LogModuleManager: Shutting down and abandoning module SlateRHIRenderer (11)
[2017.06.22-11.21.52:708][ 56]LogModuleManager: Shutting down and abandoning module OpenGLDrv (10)
[2017.06.22-11.21.52:708][ 56]LogModuleManager: Shutting down and abandoning module D3D11RHI (9)
[2017.06.22-11.21.52:708][ 56]LogModuleManager: Shutting down and abandoning module AnimGraphRuntime (8)
[2017.06.22-11.21.52:708][ 56]LogModuleManager: Shutting down and abandoning module Renderer (7)
[2017.06.22-11.21.52:708][ 56]LogModuleManager: Shutting down and abandoning module Engine (6)
[2017.06.22-11.21.52:708][ 56]LogModuleManager: Shutting down and abandoning module CoreUObject (5)
[2017.06.22-11.21.52:708][ 56]LogModuleManager: Shutting down and abandoning module NetworkFile (4)
[2017.06.22-11.21.52:708][ 56]LogModuleManager: Shutting down and abandoning module StreamingFile (3)
[2017.06.22-11.21.52:708][ 56]LogModuleManager: Shutting down and abandoning module SandboxFile (2)
[2017.06.22-11.21.52:708][ 56]LogModuleManager: Shutting down and abandoning module PakFile (1)
[2017.06.22-11.21.52:714][ 56]LogExit: Exiting.
[2017.06.22-11.21.52:754][ 56]Log file closed, 06/22/17 12:21:52
