Log file open, 06/15/17 10:42:22
LogInit:Display: Running engine for game: Ava
LogPlatformFile: Not using cached read wrapper
LogInit:Display: RandInit(-1046337549) SRandInit(-1046337544).
LogTaskGraph: Started task graph with 4 named threads and 9 total threads with 1 sets of task threads.
LogStats: Stats thread started at 0.103942
LogInit: Version: 4.12.5-3039270+++UE4+Release-4.12
LogInit: API Version: 2992821
LogInit: Net Version: 3039270
LogDevObjectVersion: Number of dev versions registered: 13
LogDevObjectVersion:   Dev-Blueprints (B0D832E4-1F89-4F0D-ACCF-7EB736FD4AA2): 3
LogDevObjectVersion:   Dev-Build (E1C64328-A22C-4D53-A36C-8E866417BD8C): 0
LogDevObjectVersion:   Dev-Core (375EC13C-06E4-48FB-B500-84F0262A717E): 1
LogDevObjectVersion:   Dev-Editor (E4B068ED-F494-42E9-A231-DA0B2E46BB41): 2
LogDevObjectVersion:   Dev-Framework (CFFC743F-43B0-4480-9391-14DF171D2073): 6
LogDevObjectVersion:   Dev-Mobile (B02B49B5-BB20-44E9-A304-32B752E40360): 0
LogDevObjectVersion:   Dev-Networking (A4E4105C-59A1-49B5-A7C5-40C4547EDFEE): 0
LogDevObjectVersion:   Dev-Online (39C831C9-5AE6-47DC-9A44-9C173E1C8E7C): 0
LogDevObjectVersion:   Dev-Physics (78F01B33-EBEA-4F98-B9B4-84EACCB95AA2): 0
LogDevObjectVersion:   Dev-Platform (6631380F-2D4D-43E0-8009-CF276956A95A): 0
LogDevObjectVersion:   Dev-Rendering (12F88B9F-8875-4AFC-A67C-D90C383ABD29): 2
LogDevObjectVersion:   Dev-Sequencer (7B5AE74C-D270-4C10-A958-57980B212A5A): 0
LogDevObjectVersion:   Dev-VR (D7296918-1DD6-4BDD-9DE2-64A83CC13884): 0
LogInit: Compiled (64-bit): Jul  6 2016 09:09:46
LogInit: Compiled with Visual C++: 19.00.23026.00
LogInit: Build Configuration: Development
LogInit: Branch Name: ++UE4+Release-4.12
LogInit: Command line:  
LogInit: Base directory: C:/Program Files (x86)/Epic Games/4.12/Engine/Binaries/Win64/
LogInit: Installed Engine Build: 1
LogInit: Using libcurl 7.41.0
LogInit:  - built for x86_64-pc-win32
LogInit:  - supports SSL with WinSSL
LogInit:  - other features:
LogInit:      CURL_VERSION_SSL
LogInit:      CURL_VERSION_IPV6
LogInit:      CURL_VERSION_ASYNCHDNS
LogInit:      CURL_VERSION_LARGEFILE
LogInit:      CURL_VERSION_IDN
LogInit:  CurlRequestOptions (configurable via config and command line):
LogInit:  - bVerifyPeer = true  - Libcurl will verify peer certificate
LogInit:  - bUseHttpProxy = false  - Libcurl will NOT use HTTP proxy
LogInit:  - bDontReuseConnections = false  - Libcurl will reuse connections
LogInit:  - CertBundlePath = nullptr  - Libcurl will use whatever was configured at build time.
LogInit: Presizing for max 8388607 objects, including 0 objects not considered by GC, pre-allocating 0 bytes for permanent pool.
LogInit: Object subsystem initialized
[2017.06.15-09.42.22:613][  0]LogInit: Selected Device Profile: [Windows]
[2017.06.15-09.42.22:613][  0]LogInit: Applying CVar settings loaded from the selected device profile: [Windows]
[2017.06.15-09.42.22:626][  0]LogInit: Computer: PC41468
[2017.06.15-09.42.22:626][  0]LogInit: User: s4915809
[2017.06.15-09.42.22:626][  0]LogInit: CPU Page size=65536, Cores=6
[2017.06.15-09.42.22:626][  0]LogInit: High frequency timer resolution =3.410117 MHz
[2017.06.15-09.42.22:627][  0]LogMemory: Memory total: Physical=31.9GB (32GB approx)
[2017.06.15-09.42.22:627][  0]LogMemory: Platform Memory Stats for Windows
[2017.06.15-09.42.22:627][  0]LogMemory: Process Physical Memory: 193.31 MB used, 193.31 MB peak
[2017.06.15-09.42.22:627][  0]LogMemory: Process Virtual Memory: 198.68 MB used, 198.68 MB peak
[2017.06.15-09.42.22:627][  0]LogMemory: Physical Memory: 8821.27 MB used, 32675.27 MB total
[2017.06.15-09.42.22:627][  0]LogMemory: Virtual Memory: 524.24 MB used, 8388608.00 MB total
[2017.06.15-09.42.22:686][  0]LogTextLocalizationManager: No specific translations for ('en-GB') exist, so ('en') translations will be used.
[2017.06.15-09.42.23:010][  0]LogD3D11RHI: D3D11 adapters:
[2017.06.15-09.42.23:022][  0]LogD3D11RHI:    0. 'NVIDIA Quadro K2200' (Feature Level 11_0)
[2017.06.15-09.42.23:022][  0]LogD3D11RHI:       4034/0/16081 MB DedicatedVideo/DedicatedSystem/SharedSystem, Outputs:1, VendorId:0x10de
[2017.06.15-09.42.23:022][  0]LogD3D11RHI: Chosen D3D11 Adapter: 0
[2017.06.15-09.42.23:033][  0]LogD3D11RHI: Creating new Direct3DDevice
[2017.06.15-09.42.23:033][  0]LogD3D11RHI:     GPU DeviceId: 0x13ba (for the marketing name, search the web for "GPU Device Id")
[2017.06.15-09.42.23:033][  0]LogWindows: EnumDisplayDevices:
[2017.06.15-09.42.23:034][  0]LogWindows:    0. 'NVIDIA Quadro K2200' (P:1 D:1)
[2017.06.15-09.42.23:034][  0]LogWindows:    1. 'NVIDIA Quadro K2200' (P:0 D:0)
[2017.06.15-09.42.23:034][  0]LogWindows:    2. 'NVIDIA Quadro K2200' (P:0 D:0)
[2017.06.15-09.42.23:034][  0]LogWindows:    3. 'NVIDIA Quadro K2200' (P:0 D:0)
[2017.06.15-09.42.23:034][  0]LogWindows:    4. 'RDPDD Chained DD' (P:0 D:0)
[2017.06.15-09.42.23:035][  0]LogWindows:    5. 'RDP Encoder Mirror Driver' (P:0 D:0)
[2017.06.15-09.42.23:035][  0]LogWindows:    6. 'RDP Reflector Display Driver' (P:0 D:0)
[2017.06.15-09.42.23:035][  0]LogWindows:    7. 'HP Remote Graphics Driver' (P:0 D:0)
[2017.06.15-09.42.23:035][  0]LogWindows: DebugString: GetVideoDriverDetailsInvalid PrimaryIsNotTheChoosenAdapter GetVideoDriverDetailsInvalid PrimaryIsNotTheChoosenAdapter GetVideoDriverDetailsInvalid PrimaryIsNotTheChoosenAdapter GetVideoDriverDetailsInvalid PrimaryIsNotTheChoosenAdapter FoundDriverCount:4 
[2017.06.15-09.42.23:035][  0]LogD3D11RHI:     Adapter Name: NVIDIA Quadro K2200
[2017.06.15-09.42.23:035][  0]LogD3D11RHI:   Driver Version: 362.13 (internal:10.18.13.6213, unified:362.13)
[2017.06.15-09.42.23:035][  0]LogD3D11RHI:      Driver Date: 3-18-2016
[2017.06.15-09.42.23:035][  0]LogRHI: Texture pool is 1361 MB (70% of 1945 MB)
[2017.06.15-09.42.23:043][  0]LogD3D11RHI: Async texture creation enabled
[2017.06.15-09.42.23:057][  0]LogD3D11RHI: GPU Timing Frequency: 1000.000000 (Debug: 2 2)
[2017.06.15-09.42.23:057][  0]LogShaderCompilers: Guid format shader working directory is 3 characters bigger than the processId version (D:/RekaKadar/MasterProject_AVA/MastersProject/Ava/Intermediate/Shaders/WorkingDirectory/73476/).
[2017.06.15-09.42.23:057][  0]LogShaderCompilers: Cleaned the shader compiler working directory 'C:/Users/S49158~1.STU/AppData/Local/Temp/UnrealShaderWorkingDir/FA5543DE4579C3D97B3D0E9382ED3905/'.
[2017.06.15-09.42.23:057][  0]LogShaderCompilers:Display: Using Local Shader Compiler.
[2017.06.15-09.42.24:004][  0]LogTemp:Display: Loaded TP AllDesktopTargetPlatform
[2017.06.15-09.42.24:012][  0]LogTemp:Display: Loaded TP WindowsClientTargetPlatform
[2017.06.15-09.42.24:020][  0]LogTemp:Display: Loaded TP WindowsNoEditorTargetPlatform
[2017.06.15-09.42.24:028][  0]LogTemp:Display: Loaded TP WindowsServerTargetPlatform
[2017.06.15-09.42.24:036][  0]LogTemp:Display: Loaded TP WindowsTargetPlatform
[2017.06.15-09.42.24:044][  0]LogTemp:Display: Loaded TP AndroidTargetPlatform
[2017.06.15-09.42.24:051][  0]LogTemp:Display: Loaded TP Android_ASTCTargetPlatform
[2017.06.15-09.42.24:059][  0]LogTemp:Display: Loaded TP Android_ATCTargetPlatform
[2017.06.15-09.42.24:066][  0]LogTemp:Display: Loaded TP Android_DXTTargetPlatform
[2017.06.15-09.42.24:073][  0]LogTemp:Display: Loaded TP Android_ETC1TargetPlatform
[2017.06.15-09.42.24:081][  0]LogTemp:Display: Loaded TP Android_ETC2TargetPlatform
[2017.06.15-09.42.24:096][  0]LogTemp:Display: Loaded TP Android_MultiTargetPlatform
[2017.06.15-09.42.24:096][  0]LogTemp:Display: Loaded TP Android_PVRTCTargetPlatform
[2017.06.15-09.42.24:097][  0]LogTemp:Display: Loaded TP HTML5TargetPlatform
[2017.06.15-09.42.24:117][  0]LogTemp:Display: Loaded TP IOSTargetPlatform
[2017.06.15-09.42.24:124][  0]LogTemp:Display: Loaded TP TVOSTargetPlatform
[2017.06.15-09.42.24:131][  0]LogTemp:Display: Loaded TP LinuxNoEditorTargetPlatform
[2017.06.15-09.42.24:138][  0]LogTemp:Display: Loaded TP LinuxServerTargetPlatform
[2017.06.15-09.42.24:146][  0]LogTemp:Display: Loaded TP LinuxTargetPlatform
[2017.06.15-09.42.24:146][  0]LogTargetPlatformManager:Display: Building Assets For Windows
[2017.06.15-09.42.24:222][  0]LogDerivedDataCache:Display: Max Cache Size: 512 MB
[2017.06.15-09.42.24:281][  0]LogDerivedDataCache: Loaded boot cache 0.06s 62MB C:/Users/s4915809.STUDENT/AppData/Local/UnrealEngine/4.12/DerivedDataCache/Boot.ddc.
[2017.06.15-09.42.24:281][  0]LogDerivedDataCache:Display: Loaded Boot cache: C:/Users/s4915809.STUDENT/AppData/Local/UnrealEngine/4.12/DerivedDataCache/Boot.ddc
[2017.06.15-09.42.24:281][  0]LogDerivedDataCache: FDerivedDataBackendGraph:  Pak pak cache file D:/RekaKadar/MasterProject_AVA/MastersProject/Ava/DerivedDataCache/DDC.ddp not found, will not use a pak cache.
[2017.06.15-09.42.24:281][  0]LogDerivedDataCache: Unable to find inner node Pak for hierarchical cache Hierarchy.
[2017.06.15-09.42.24:281][  0]LogDerivedDataCache: FDerivedDataBackendGraph:  CompressedPak pak cache file D:/RekaKadar/MasterProject_AVA/MastersProject/Ava/DerivedDataCache/Compressed.ddp not found, will not use a pak cache.
[2017.06.15-09.42.24:281][  0]LogDerivedDataCache: Unable to find inner node CompressedPak for hierarchical cache Hierarchy.
[2017.06.15-09.42.24:295][  0]LogDerivedDataCache:Display: Pak cache opened for reading ../../../Engine/DerivedDataCache/Compressed.ddp.
[2017.06.15-09.42.24:307][  0]LogDerivedDataCache: Using Local data cache path C:/Users/s4915809.STUDENT/AppData/Local/UnrealEngine/Common/DerivedDataCache: Writable
[2017.06.15-09.42.24:507][  0]LogInit: Selected Device Profile: [Windows]
[2017.06.15-09.42.24:507][  0]LogContentStreaming: Texture pool size is 0.00 MB
[2017.06.15-09.42.24:654][  0]LogMeshUtilities: No automatic mesh reduction module available
[2017.06.15-09.42.24:654][  0]LogMeshUtilities: No automatic mesh merging module available
[2017.06.15-09.42.24:654][  0]LogMeshUtilities: No distributed automatic mesh merging module available
[2017.06.15-09.42.24:865][  0]LogAssetRegistry: FAssetRegistry took 0.0196 seconds to start up
[2017.06.15-09.42.24:896][  0]LogPackageLocalizationCache: Processed 3 localized package path(s) for 2 prioritized culture(s) in 0.029036 seconds
[2017.06.15-09.42.24:900][  0]LogUObjectArray: 28739 objects as part of root set at end of initial load.
[2017.06.15-09.42.24:900][  0]LogUObjectAllocator: 5855632 out of 0 bytes used by permanent object pool.
[2017.06.15-09.42.24:900][  0]LogUObjectArray: CloseDisregardForGC: 0/0 objects in disregard for GC pool
[2017.06.15-09.42.24:906][  0]LogInit: WinSock: version 1.1 (2.2), MaxSocks=32767, MaxUdp=65467
[2017.06.15-09.42.25:070][  0]LogSlate: SlateFontCache - WITH_FREETYPE: 1, WITH_HARFBUZZ: 1
[2017.06.15-09.42.25:070][  0]LogSlate: SlateFontCache - WITH_FREETYPE: 1, WITH_HARFBUZZ: 1
[2017.06.15-09.42.25:747][  0]LogSubstanceCoreModule: Substance CPU Engine Loaded, Max Texture Size 2048
[2017.06.15-09.42.25:757][  0]LogUdpMessaging: Initializing bridge on interface 0.0.0.0:0 to multicast group 230.0.0.1:6666.
[2017.06.15-09.42.25:993][  0]SourceControl: Info Source control is disabled
[2017.06.15-09.42.25:996][  0]SourceControl: Info Source control is disabled
[2017.06.15-09.42.26:005][  0]SourceControl: Info Source control is disabled
[2017.06.15-09.42.26:014][  0]SourceControl: Info Source control is disabled
[2017.06.15-09.42.26:245][  0]LogEngine: Initializing Engine...
[2017.06.15-09.42.26:247][  0]LogHMD: SteamVR failed to initialize.  Err: 110
[2017.06.15-09.42.26:248][  0]LogHMD: SteamVR failed to initialize.  Err: 110
[2017.06.15-09.42.26:367][  0]LogAIModule: Creating AISystem for world NewWorld
[2017.06.15-09.42.26:372][  0]LogInit: XAudio2 using 'LG ULTRAWIDE-C (NVIDIA High Definition Audio)' : 2 channels at 48 kHz using 16 bits per sample (channel mask 0x3)
[2017.06.15-09.42.26:393][  0]LogInit: FAudioDevice initialized.
[2017.06.15-09.42.26:422][  0]LogDerivedDataCache: Saved boot cache 0.03s 62MB C:/Users/s4915809.STUDENT/AppData/Local/UnrealEngine/4.12/DerivedDataCache/Boot.ddc.
[2017.06.15-09.42.26:427][  0]LogInit: Texture streaming: Enabled
[2017.06.15-09.42.26:454][  0]LogInit: Transaction tracking system initialized
[2017.06.15-09.42.26:473][  0]BlueprintLog: New page: Editor Load
[2017.06.15-09.42.26:537][  0]LocalizationService: Info Localization service is disabled
[2017.06.15-09.42.26:594][  0]LogConsoleResponse:Display: 
[2017.06.15-09.42.26:693][  0]LogCook:Display: Max memory allowance for cook 8192mb
[2017.06.15-09.42.26:693][  0]LogCook:Display: Mobile HDR setting 1
[2017.06.15-09.42.26:782][  0]LogFileCache: Scanning file cache for directory 'D:/RekaKadar/MasterProject_AVA/MastersProject/Ava/Content/' took 0.01s
[2017.06.15-09.42.26:782][  0]SourceControl: Info Source control is disabled
[2017.06.15-09.42.26:782][  0]Cmd: MAP LOAD FILE="D:/RekaKadar/MasterProject_AVA/MastersProject/Ava/Content/Ava/Maps/MainMenu.umap" TEMPLATE=0 SHOWPROGRESS=1 FEATURELEVEL=3
[2017.06.15-09.42.26:783][  0]LightingResults: New page: Lighting Build
[2017.06.15-09.42.26:785][  0]MapCheck: New page: Map Check
[2017.06.15-09.42.26:785][  0]LightingResults: New page: Lighting Build
[2017.06.15-09.42.26:888][  0]LogAIModule: Creating AISystem for world MainMenu
[2017.06.15-09.42.26:889][  0]LogEditorServer: Finished looking for orphan Actors (0.000 secs)
[2017.06.15-09.42.26:889][  0]Cmd: MAP CHECKDEP NOCLEARLOG
[2017.06.15-09.42.26:941][  0]MapCheck: Info Map check complete: 0 Error(s), 0 Warning(s), took 52.376ms to complete.
[2017.06.15-09.42.26:942][  0]LogFileHelpers: Loading map 'MainMenu' took 0.159
[2017.06.15-09.42.27:031][  0]LogCollectionManager: Loaded 0 collections in 0.001440 seconds
[2017.06.15-09.42.27:068][  0]LogFileCache: Scanning file cache for directory 'D:/RekaKadar/MasterProject_AVA/MastersProject/Ava/Saved/Collections/' took 0.01s
[2017.06.15-09.42.27:068][  0]LogFileCache: Scanning file cache for directory 'D:/RekaKadar/MasterProject_AVA/MastersProject/Ava/Content/Developers/s4915809/Collections/' took 0.01s
[2017.06.15-09.42.27:068][  0]LogFileCache: Scanning file cache for directory 'D:/RekaKadar/MasterProject_AVA/MastersProject/Ava/Content/Collections/' took 0.01s
[2017.06.15-09.42.27:068][  0]LogCollectionManager: Rebuilt the GUID cache for 0 collections in 0.000002 seconds
[2017.06.15-09.42.27:076][  0]LogContentBrowser: Native class hierarchy populated in 0.0078 seconds. Added 2066 classes and 377 folders.
[2017.06.15-09.42.27:080][  0]LogStats: UGameplayTagsManager::ConstructGameplayTagTree: Construct from data asset -  0.000 s
[2017.06.15-09.42.27:080][  0]LogStats: UGameplayTagsManager::ConstructGameplayTagTree: GameplayTagTreeChangedEvent.Broadcast -  0.000 s
[2017.06.15-09.42.27:082][  0]LogContentBrowser: Native class hierarchy updated for 'GameplayTags' in 0.0013 seconds. Added 12 classes and 0 folders.
[2017.06.15-09.42.27:086][  0]LogContentBrowser: Native class hierarchy updated for 'WidgetCarousel' in 0.0012 seconds. Added 0 classes and 0 folders.
[2017.06.15-09.42.27:141][  0]LogContentBrowser: Native class hierarchy updated for 'AddContentDialog' in 0.0013 seconds. Added 0 classes and 0 folders.
[2017.06.15-09.42.27:145][  0]LogContentBrowser: Native class hierarchy updated for 'SceneOutliner' in 0.0013 seconds. Added 1 classes and 2 folders.
[2017.06.15-09.42.27:156][  0]LogCrashTracker: Crashtracker disabled due to settings.
[2017.06.15-09.42.27:198][  0]LogContentBrowser: Native class hierarchy updated for 'HierarchicalLODOutliner' in 0.0013 seconds. Added 1 classes and 2 folders.
[2017.06.15-09.42.27:198][  0]LogLoad: Full Startup: 5.53 seconds (BP compile: 0.02 seconds)
[2017.06.15-09.42.27:198][  0]LogExternalProfiler: Found external profiler: VSPerf
[2017.06.15-09.42.27:198][  0]LogExternalProfiler: Using external profiler: VSPerf
[2017.06.15-09.42.27:207][  0]LogOcInput: OculusInput pre-init called
[2017.06.15-09.42.27:225][  0]LogContentStreaming: Texture pool size now 1000 MB
[2017.06.15-09.42.27:354][  0]LogRenderer: Reallocating scene render targets to support 1616x576 (Frame:2).
[2017.06.15-09.42.27:437][  1]LogAssetRegistry: Asset discovery search completed in 2.5921 seconds
[2017.06.15-09.42.27:437][  1]LogCollectionManager: Rebuilt the object cache for 0 collections in 0.000001 seconds (found 0 objects)
[2017.06.15-09.42.27:437][  1]LogCollectionManager: Fixed up redirectors for 0 collections in 0.000017 seconds (updated 0 objects)
[2017.06.15-09.42.41:495][659]Cmd: QUIT_EDITOR
[2017.06.15-09.42.41:541][659]LogExit: Preparing to exit.
[2017.06.15-09.42.41:835][659]LogExit: Editor shut down
[2017.06.15-09.42.41:836][659]LogExit: Transaction tracking system shut down
[2017.06.15-09.42.41:918][659]LogObj: Freed 0b from 0 cluster array pools.
[2017.06.15-09.42.41:918][659]LogExit: Object subsystem successfully closed.
[2017.06.15-09.42.41:929][659]LogD3D11RHI: Shutdown
[2017.06.15-09.42.41:929][659]LogD3D11RHI: CleanupD3DDevice
[2017.06.15-09.42.41:952][659]LogD3D11RHI: ~FD3D11DynamicRHI
[2017.06.15-09.42.41:969][659]LogModuleManager: Shutting down and abandoning module HierarchicalLODOutliner (216)
[2017.06.15-09.42.41:969][659]LogModuleManager: Shutting down and abandoning module CrashTracker (215)
[2017.06.15-09.42.41:969][659]LogModuleManager: Shutting down and abandoning module SceneOutliner (214)
[2017.06.15-09.42.41:969][659]LogModuleManager: Shutting down and abandoning module WidgetCarousel (213)
[2017.06.15-09.42.41:969][659]LogModuleManager: Shutting down and abandoning module AddContentDialog (212)
[2017.06.15-09.42.41:970][659]LogModuleManager: Shutting down and abandoning module GameplayTags (211)
[2017.06.15-09.42.41:970][659]LogModuleManager: Shutting down and abandoning module EditorWidgets (210)
[2017.06.15-09.42.41:970][659]LogModuleManager: Shutting down and abandoning module CollectionManager (209)
[2017.06.15-09.42.41:970][659]LogModuleManager: Shutting down and abandoning module StatsViewer (208)
[2017.06.15-09.42.41:970][659]LogModuleManager: Shutting down and abandoning module FoliageEdit (207)
[2017.06.15-09.42.41:970][659]LogModuleManager: Shutting down and abandoning module LandscapeEditor (206)
[2017.06.15-09.42.41:970][659]LogModuleManager: Shutting down and abandoning module SceneDepthPickerMode (205)
[2017.06.15-09.42.41:970][659]LogModuleManager: Shutting down and abandoning module ActorPickerMode (204)
[2017.06.15-09.42.41:970][659]LogModuleManager: Shutting down and abandoning module GeometryMode (203)
[2017.06.15-09.42.41:970][659]LogModuleManager: Shutting down and abandoning module TextureAlignMode (202)
[2017.06.15-09.42.41:970][659]LogModuleManager: Shutting down and abandoning module BspMode (201)
[2017.06.15-09.42.41:970][659]LogModuleManager: Shutting down and abandoning module HardwareSurvey (200)
[2017.06.15-09.42.41:970][659]LogModuleManager: Shutting down and abandoning module SequenceRecorderSections (199)
[2017.06.15-09.42.41:970][659]LogModuleManager: Shutting down and abandoning module SequenceRecorder (198)
[2017.06.15-09.42.41:970][659]LogModuleManager: Shutting down and abandoning module AutomationWorker (197)
[2017.06.15-09.42.41:970][659]LogModuleManager: Shutting down and abandoning module MatineeToLevelSequence (196)
[2017.06.15-09.42.41:970][659]LogModuleManager: Shutting down and abandoning module PlacementMode (195)
[2017.06.15-09.42.41:970][659]LogModuleManager: Shutting down and abandoning module LevelSequenceEditor (194)
[2017.06.15-09.42.41:970][659]LogModuleManager: Shutting down and abandoning module CharacterAI (193)
[2017.06.15-09.42.41:971][659]LogModuleManager: Shutting down and abandoning module SmartSnapping (192)
[2017.06.15-09.42.41:971][659]LogModuleManager: Shutting down and abandoning module SessionServices (191)
[2017.06.15-09.42.41:971][659]LogModuleManager: Shutting down and abandoning module ViewportSnapping (190)
[2017.06.15-09.42.41:971][659]LogModuleManager: Shutting down and abandoning module LogVisualizer (189)
[2017.06.15-09.42.41:971][659]LogModuleManager: Shutting down and abandoning module GameProjectGeneration (188)
[2017.06.15-09.42.41:971][659]LogModuleManager: Shutting down and abandoning module IntroTutorials (187)
[2017.06.15-09.42.41:971][659]LogModuleManager: Shutting down and abandoning module EditorLiveStreaming (186)
[2017.06.15-09.42.41:971][659]LogModuleManager: Shutting down and abandoning module IOSPlatformEditor (185)
[2017.06.15-09.42.41:971][659]LogModuleManager: Shutting down and abandoning module HTML5PlatformEditor (184)
[2017.06.15-09.42.41:971][659]LogModuleManager: Shutting down and abandoning module AndroidDeviceDetection (183)
[2017.06.15-09.42.42:570][659]LogModuleManager: Shutting down and abandoning module AndroidPlatformEditor (182)
[2017.06.15-09.42.42:570][659]LogModuleManager: Shutting down and abandoning module IOSRuntimeSettings (181)
[2017.06.15-09.42.42:570][659]LogModuleManager: Shutting down and abandoning module AndroidRuntimeSettings (180)
[2017.06.15-09.42.42:570][659]LogModuleManager: Shutting down and abandoning module MergeActors (179)
[2017.06.15-09.42.42:570][659]LogModuleManager: Shutting down and abandoning module SizeMap (178)
[2017.06.15-09.42.42:570][659]LogModuleManager: Shutting down and abandoning module TreeMap (177)
[2017.06.15-09.42.42:570][659]LogModuleManager: Shutting down and abandoning module ReferenceViewer (176)
[2017.06.15-09.42.42:570][659]LogModuleManager: Shutting down and abandoning module LocalizationService (175)
[2017.06.15-09.42.42:570][659]LogModuleManager: Shutting down and abandoning module LocalizationDashboard (174)
[2017.06.15-09.42.42:570][659]LogModuleManager: Shutting down and abandoning module HardwareTargeting (173)
[2017.06.15-09.42.42:570][659]LogModuleManager: Shutting down and abandoning module DeviceProfileEditor (172)
[2017.06.15-09.42.42:570][659]LogModuleManager: Shutting down and abandoning module UndoHistory (171)
[2017.06.15-09.42.42:570][659]LogModuleManager: Shutting down and abandoning module UserFeedback (170)
[2017.06.15-09.42.42:570][659]LogModuleManager: Shutting down and abandoning module XmlParser (169)
[2017.06.15-09.42.42:570][659]LogModuleManager: Shutting down and abandoning module Blutility (168)
[2017.06.15-09.42.42:570][659]LogModuleManager: Shutting down and abandoning module ProjectTargetPlatformEditor (167)
[2017.06.15-09.42.42:570][659]LogModuleManager: Shutting down and abandoning module ProjectSettingsViewer (166)
[2017.06.15-09.42.42:570][659]LogModuleManager: Shutting down and abandoning module InputBindingEditor (165)
[2017.06.15-09.42.42:571][659]LogModuleManager: Shutting down and abandoning module EditorSettingsViewer (164)
[2017.06.15-09.42.42:571][659]LogModuleManager: Shutting down and abandoning module SettingsEditor (163)
[2017.06.15-09.42.42:571][659]LogModuleManager: Shutting down and abandoning module ProjectLauncher (162)
[2017.06.15-09.42.42:571][659]LogModuleManager: Shutting down and abandoning module SessionFrontend (161)
[2017.06.15-09.42.42:571][659]LogModuleManager: Shutting down and abandoning module ProfilerClient (160)
[2017.06.15-09.42.42:571][659]LogModuleManager: Shutting down and abandoning module TargetDeviceServices (159)
[2017.06.15-09.42.42:571][659]LogModuleManager: Shutting down and abandoning module DeviceManager (158)
[2017.06.15-09.42.42:621][659]LogModuleManager: Shutting down and abandoning module AutomationController (157)
[2017.06.15-09.42.42:621][659]LogModuleManager: Shutting down and abandoning module AutomationWindow (156)
[2017.06.15-09.42.42:621][659]LogModuleManager: Shutting down and abandoning module Layers (155)
[2017.06.15-09.42.42:621][659]LogModuleManager: Shutting down and abandoning module ComponentVisualizers (154)
[2017.06.15-09.42.42:621][659]LogModuleManager: Shutting down and abandoning module DetailCustomizations (153)
[2017.06.15-09.42.42:621][659]LogModuleManager: Shutting down and abandoning module PackagesDialog (152)
[2017.06.15-09.42.42:621][659]LogModuleManager: Shutting down and abandoning module Persona (151)
[2017.06.15-09.42.42:621][659]LogModuleManager: Shutting down and abandoning module Kismet (150)
[2017.06.15-09.42.42:621][659]LogModuleManager: Shutting down and abandoning module GraphEditor (149)
[2017.06.15-09.42.42:621][659]LogModuleManager: Shutting down and abandoning module ClassViewer (148)
[2017.06.15-09.42.42:621][659]LogModuleManager: Shutting down and abandoning module Toolbox (147)
[2017.06.15-09.42.42:621][659]LogModuleManager: Shutting down and abandoning module ModuleUI (146)
[2017.06.15-09.42.42:621][659]LogModuleManager: Shutting down and abandoning module MovieSceneTools (145)
[2017.06.15-09.42.42:621][659]LogModuleManager: Shutting down and abandoning module OutputLog (144)
[2017.06.15-09.42.42:621][659]LogModuleManager: Shutting down and abandoning module GammaUI (143)
[2017.06.15-09.42.42:621][659]LogModuleManager: Shutting down and abandoning module Documentation (142)
[2017.06.15-09.42.42:621][659]LogModuleManager: Shutting down and abandoning module StreamingPauseRendering (141)
[2017.06.15-09.42.42:621][659]LogModuleManager: Shutting down and abandoning module AnalyticsET (140)
[2017.06.15-09.42.42:621][659]LogModuleManager: Shutting down and abandoning module Analytics (139)
[2017.06.15-09.42.42:621][659]LogModuleManager: Shutting down and abandoning module PortalServices (138)
[2017.06.15-09.42.42:621][659]LogModuleManager: Shutting down and abandoning module PortalRpc (137)
[2017.06.15-09.42.42:621][659]LogModuleManager: Shutting down and abandoning module MessagingRpc (136)
[2017.06.15-09.42.42:621][659]LogModuleManager: Shutting down and abandoning module GameplayDebugger (135)
[2017.06.15-09.42.42:621][659]LogModuleManager: Shutting down and abandoning module AITestSuite (134)
[2017.06.15-09.42.42:621][659]LogModuleManager: Shutting down and abandoning module AIModule (133)
[2017.06.15-09.42.42:621][659]LogModuleManager: Shutting down and abandoning module ProfilerService (132)
[2017.06.15-09.42.42:705][659]LogModuleManager: Shutting down and abandoning module TaskGraph (131)
[2017.06.15-09.42.42:705][659]LogModuleManager: Shutting down and abandoning module SubstanceEditor (130)
[2017.06.15-09.42.42:705][659]LogModuleManager: Shutting down and abandoning module SlateRemote (129)
[2017.06.15-09.42.42:705][659]LogModuleManager: Shutting down and abandoning module SteamVRController (128)
[2017.06.15-09.42.42:705][659]LogModuleManager: Shutting down and abandoning module SteamVR (127)
[2017.06.15-09.42.42:705][659]LogModuleManager: Shutting down and abandoning module ProceduralMeshComponent (126)
[2017.06.15-09.42.42:705][659]LogModuleManager: Shutting down and abandoning module OculusLibrary (125)
[2017.06.15-09.42.42:705][659]LogModuleManager: Shutting down and abandoning module OculusInput (124)
[2017.06.15-09.42.42:705][659]LogModuleManager: Shutting down and abandoning module CustomMeshComponent (123)
[2017.06.15-09.42.42:705][659]LogModuleManager: Shutting down and abandoning module CableComponent (122)
[2017.06.15-09.42.42:705][659]LogModuleManager: Shutting down and abandoning module ArchVisCharacter (121)
[2017.06.15-09.42.42:705][659]LogModuleManager: Shutting down and abandoning module MediaPlayerEditor (120)
[2017.06.15-09.42.42:705][659]LogModuleManager: Shutting down and abandoning module HTML5Networking (119)
[2017.06.15-09.42.42:705][659]LogModuleManager: Shutting down and abandoning module SuperSearch (118)
[2017.06.15-09.42.42:705][659]LogModuleManager: Shutting down and abandoning module SuperSearchEditor (117)
[2017.06.15-09.42.42:705][659]LogModuleManager: Shutting down and abandoning module SpeedTreeImporter (116)
[2017.06.15-09.42.42:705][659]LogModuleManager: Shutting down and abandoning module PluginBrowser (115)
[2017.06.15-09.42.42:705][659]LogModuleManager: Shutting down and abandoning module EpicSurvey (114)
[2017.06.15-09.42.42:705][659]LogModuleManager: Shutting down and abandoning module DesktopPlatform (113)
[2017.06.15-09.42.42:705][659]LogModuleManager: Shutting down and abandoning module VisualStudioSourceCodeAccess (112)
[2017.06.15-09.42.42:705][659]LogModuleManager: Shutting down and abandoning module UObjectPlugin (111)
[2017.06.15-09.42.42:705][659]LogModuleManager: Shutting down and abandoning module SubversionSourceControl (110)
[2017.06.15-09.42.42:705][659]LogModuleManager: Shutting down and abandoning module PerforceSourceControl (109)
[2017.06.15-09.42.42:705][659]LogModuleManager: Shutting down and abandoning module SourceControl (108)
[2017.06.15-09.42.42:705][659]LogModuleManager: Shutting down and abandoning module GitSourceControl (107)
[2017.06.15-09.42.42:705][659]LogModuleManager: Shutting down and abandoning module LightPropagationVolumeEditor (106)
[2017.06.15-09.42.42:706][659]LogModuleManager: Shutting down and abandoning module PaperTiledImporter (105)
[2017.06.15-09.42.42:706][659]LogModuleManager: Shutting down and abandoning module PaperSpriteSheetImporter (104)
[2017.06.15-09.42.42:706][659]LogModuleManager: Shutting down and abandoning module MeshPaint (103)
[2017.06.15-09.42.42:706][659]LogModuleManager: Shutting down and abandoning module PixelInspectorModule (102)
[2017.06.15-09.42.42:706][659]LogModuleManager: Shutting down and abandoning module HotReload (101)
[2017.06.15-09.42.42:706][659]LogModuleManager: Shutting down and abandoning module MainFrame (100)
[2017.06.15-09.42.42:706][659]LogModuleManager: Shutting down and abandoning module LevelEditor (99)
[2017.06.15-09.42.42:707][659]LogModuleManager: Shutting down and abandoning module ContentBrowser (98)
[2017.06.15-09.42.42:707][659]LogModuleManager: Shutting down and abandoning module Paper2DEditor (97)
[2017.06.15-09.42.42:707][659]LogModuleManager: Shutting down and abandoning module Ava (96)
[2017.06.15-09.42.42:707][659]LogModuleManager: Shutting down and abandoning module UdpMessaging (95)
[2017.06.15-09.42.42:807][659]LogModuleManager: Shutting down and abandoning module SubstanceCore (94)
[2017.06.15-09.42.42:807][659]LogModuleManager: Shutting down and abandoning module LightPropagationVolumeRuntime (93)
[2017.06.15-09.42.42:807][659]LogModuleManager: Shutting down and abandoning module Paper2D (92)
[2017.06.15-09.42.42:807][659]LogModuleManager: Shutting down and abandoning module WindowsMoviePlayer (91)
[2017.06.15-09.42.42:807][659]LogModuleManager: Shutting down and abandoning module Media (90)
[2017.06.15-09.42.42:807][659]LogModuleManager: Shutting down and abandoning module WmfMedia (89)
[2017.06.15-09.42.42:807][659]LogModuleManager: Shutting down and abandoning module MediaAssets (88)
[2017.06.15-09.42.42:807][659]LogModuleManager: Shutting down and abandoning module GameLiveStreaming (87)
[2017.06.15-09.42.42:807][659]LogModuleManager: Shutting down and abandoning module GameplayTagsEditor (86)
[2017.06.15-09.42.42:807][659]LogModuleManager: Shutting down and abandoning module OnlineBlueprintSupport (85)
[2017.06.15-09.42.42:807][659]LogModuleManager: Shutting down and abandoning module VREditor (84)
[2017.06.15-09.42.42:807][659]LogModuleManager: Shutting down and abandoning module GameplayTasksEditor (83)
[2017.06.15-09.42.42:807][659]LogModuleManager: Shutting down and abandoning module PropertyEditor (82)
[2017.06.15-09.42.42:807][659]LogModuleManager: Shutting down and abandoning module BehaviorTreeEditor (81)
[2017.06.15-09.42.42:807][659]LogModuleManager: Shutting down and abandoning module FunctionalTesting (80)
[2017.06.15-09.42.42:807][659]LogModuleManager: Shutting down and abandoning module CollisionAnalyzer (79)
[2017.06.15-09.42.42:807][659]LogModuleManager: Shutting down and abandoning module Sequencer (78)
[2017.06.15-09.42.42:808][659]LogModuleManager: Shutting down and abandoning module WorkspaceMenuStructure (77)
[2017.06.15-09.42.42:808][659]LogModuleManager: Shutting down and abandoning module MessageLog (76)
[2017.06.15-09.42.42:808][659]LogModuleManager: Shutting down and abandoning module AssetTools (75)
[2017.06.15-09.42.42:808][659]LogModuleManager: Shutting down and abandoning module UMGEditor (74)
[2017.06.15-09.42.42:808][659]LogModuleManager: Shutting down and abandoning module UMG (73)
[2017.06.15-09.42.42:808][659]LogModuleManager: Shutting down and abandoning module SlateReflector (72)
[2017.06.15-09.42.42:808][659]LogModuleManager: Shutting down and abandoning module Slate (71)
[2017.06.15-09.42.42:808][659]LogModuleManager: Shutting down and abandoning module EditorStyle (70)
[2017.06.15-09.42.42:810][659]LogModuleManager: Shutting down and abandoning module SourceCodeAccess (69)
[2017.06.15-09.42.42:810][659]LogModuleManager: Shutting down and abandoning module HeadMountedDisplay (68)
[2017.06.15-09.42.42:810][659]LogModuleManager: Shutting down and abandoning module XAudio2 (67)
[2017.06.15-09.42.42:810][659]LogModuleManager: Shutting down and abandoning module Networking (65)
[2017.06.15-09.42.42:810][659]LogModuleManager: Shutting down and abandoning module Core (64)
[2017.06.15-09.42.42:810][659]LogModuleManager: Shutting down and abandoning module DirectoryWatcher (63)
[2017.06.15-09.42.42:810][659]LogModuleManager: Shutting down and abandoning module AssetRegistry (62)
[2017.06.15-09.42.42:937][659]LogModuleManager: Shutting down and abandoning module KismetCompiler (61)
[2017.06.15-09.42.42:937][659]LogModuleManager: Shutting down and abandoning module PhysXFormats (60)
[2017.06.15-09.42.42:937][659]LogModuleManager: Shutting down and abandoning module MeshUtilities (59)
[2017.06.15-09.42.42:937][659]LogModuleManager: Shutting down and abandoning module DerivedDataCache (58)
[2017.06.15-09.42.43:299][659]LogDerivedDataCache: Shutdown
[2017.06.15-09.42.43:299][659]LogModuleManager: Shutting down and abandoning module VulkanShaderFormat (57)
[2017.06.15-09.42.43:299][659]LogModuleManager: Shutting down and abandoning module ShaderFormatOpenGL (56)
[2017.06.15-09.42.43:300][659]LogModuleManager: Shutting down and abandoning module ShaderFormatD3D (55)
[2017.06.15-09.42.43:300][659]LogModuleManager: Shutting down and abandoning module MetalShaderFormat (54)
[2017.06.15-09.42.43:300][659]LogModuleManager: Shutting down and abandoning module TextureFormatUncompressed (53)
[2017.06.15-09.42.43:300][659]LogModuleManager: Shutting down and abandoning module TextureFormatPVR (52)
[2017.06.15-09.42.43:300][659]LogModuleManager: Shutting down and abandoning module TextureFormatIntelISPCTexComp (51)
[2017.06.15-09.42.43:300][659]LogModuleManager: Shutting down and abandoning module TextureFormatDXT (50)
[2017.06.15-09.42.43:300][659]LogModuleManager: Shutting down and abandoning module ImageWrapper (49)
[2017.06.15-09.42.43:300][659]LogModuleManager: Shutting down and abandoning module TextureFormatASTC (48)
[2017.06.15-09.42.43:300][659]LogModuleManager: Shutting down and abandoning module TextureFormatAndroid (47)
[2017.06.15-09.42.43:300][659]LogModuleManager: Shutting down and abandoning module AudioFormatOpus (46)
[2017.06.15-09.42.43:300][659]LogModuleManager: Shutting down and abandoning module AudioFormatOgg (45)
[2017.06.15-09.42.43:300][659]LogModuleManager: Shutting down and abandoning module AudioFormatADPCM (44)
[2017.06.15-09.42.43:300][659]LogModuleManager: Shutting down and abandoning module LinuxTargetPlatform (43)
[2017.06.15-09.42.43:300][659]LogModuleManager: Shutting down and abandoning module LinuxServerTargetPlatform (42)
[2017.06.15-09.42.43:300][659]LogModuleManager: Shutting down and abandoning module LinuxNoEditorTargetPlatform (41)
[2017.06.15-09.42.43:300][659]LogModuleManager: Shutting down and abandoning module TVOSTargetPlatform (40)
[2017.06.15-09.42.43:300][659]LogModuleManager: Shutting down and abandoning module Messaging (39)
[2017.06.15-09.42.43:300][659]LogModuleManager: Shutting down and abandoning module IOSTargetPlatform (38)
[2017.06.15-09.42.43:300][659]LogModuleManager: Shutting down and abandoning module HTML5TargetPlatform (37)
[2017.06.15-09.42.43:300][659]LogModuleManager: Shutting down and abandoning module Android_PVRTCTargetPlatform (36)
[2017.06.15-09.42.43:300][659]LogModuleManager: Shutting down and abandoning module Android_MultiTargetPlatform (35)
[2017.06.15-09.42.43:300][659]LogModuleManager: Shutting down and abandoning module Android_ETC2TargetPlatform (34)
[2017.06.15-09.42.43:300][659]LogModuleManager: Shutting down and abandoning module Android_ETC1TargetPlatform (33)
[2017.06.15-09.42.43:300][659]LogModuleManager: Shutting down and abandoning module Android_DXTTargetPlatform (32)
[2017.06.15-09.42.43:300][659]LogModuleManager: Shutting down and abandoning module Android_ATCTargetPlatform (31)
[2017.06.15-09.42.43:300][659]LogModuleManager: Shutting down and abandoning module Android_ASTCTargetPlatform (30)
[2017.06.15-09.42.43:300][659]LogModuleManager: Shutting down and abandoning module AndroidTargetPlatform (29)
[2017.06.15-09.42.43:300][659]LogModuleManager: Shutting down and abandoning module WindowsTargetPlatform (28)
[2017.06.15-09.42.43:300][659]LogModuleManager: Shutting down and abandoning module WindowsServerTargetPlatform (27)
[2017.06.15-09.42.43:300][659]LogModuleManager: Shutting down and abandoning module WindowsNoEditorTargetPlatform (26)
[2017.06.15-09.42.43:300][659]LogModuleManager: Shutting down and abandoning module WindowsClientTargetPlatform (25)
[2017.06.15-09.42.43:300][659]LogModuleManager: Shutting down and abandoning module AllDesktopTargetPlatform (24)
[2017.06.15-09.42.43:300][659]LogModuleManager: Shutting down and abandoning module TargetPlatform (23)
[2017.06.15-09.42.43:300][659]LogModuleManager: Shutting down and abandoning module InputCore (22)
[2017.06.15-09.42.43:300][659]LogModuleManager: Shutting down and abandoning module Settings (21)
[2017.06.15-09.42.43:300][659]LogModuleManager: Shutting down and abandoning module OnlineSubsystem (19)
[2017.06.15-09.42.43:300][659]LogModuleManager: Shutting down and abandoning module HTTP (18)
[2017.06.15-09.42.47:311][659]LogModuleManager: Shutting down and abandoning module XMPP (17)
[2017.06.15-09.42.47:311][659]LogModuleManager: Shutting down and abandoning module OculusRift (16)
[2017.06.15-09.42.47:311][659]LogModuleManager: Shutting down and abandoning module ExampleDeviceProfileSelector (15)
[2017.06.15-09.42.47:311][659]LogModuleManager: Shutting down and abandoning module TextureCompressor (14)
[2017.06.15-09.42.47:311][659]LogModuleManager: Shutting down and abandoning module ShaderCore (13)
[2017.06.15-09.42.47:311][659]LogModuleManager: Shutting down and abandoning module Landscape (12)
[2017.06.15-09.42.47:311][659]LogModuleManager: Shutting down and abandoning module SlateRHIRenderer (11)
[2017.06.15-09.42.47:312][659]LogModuleManager: Shutting down and abandoning module OpenGLDrv (10)
[2017.06.15-09.42.47:312][659]LogModuleManager: Shutting down and abandoning module D3D11RHI (9)
[2017.06.15-09.42.47:312][659]LogModuleManager: Shutting down and abandoning module AnimGraphRuntime (8)
[2017.06.15-09.42.47:312][659]LogModuleManager: Shutting down and abandoning module Renderer (7)
[2017.06.15-09.42.47:312][659]LogModuleManager: Shutting down and abandoning module Engine (6)
[2017.06.15-09.42.47:312][659]LogModuleManager: Shutting down and abandoning module CoreUObject (5)
[2017.06.15-09.42.47:312][659]LogModuleManager: Shutting down and abandoning module NetworkFile (4)
[2017.06.15-09.42.47:312][659]LogModuleManager: Shutting down and abandoning module StreamingFile (3)
[2017.06.15-09.42.47:312][659]LogModuleManager: Shutting down and abandoning module SandboxFile (2)
[2017.06.15-09.42.47:312][659]LogModuleManager: Shutting down and abandoning module PakFile (1)
[2017.06.15-09.42.47:314][659]LogExit: Exiting.
[2017.06.15-09.42.47:315][659]Log file closed, 06/15/17 10:42:47
