Log file open, 06/09/17 10:06:30
LogInit:Display: Running engine for game: Ava
LogPlatformFile: Not using cached read wrapper
LogInit:Display: RandInit(-1703525034) SRandInit(-1703525032).
LogTaskGraph: Started task graph with 4 named threads and 7 total threads with 1 sets of task threads.
LogStats: Stats thread started at 0.256615
LogInit:Warning: Incompatible or missing module: UE4Editor-Ava.dll
Running C:/Program Files/Epic Games/UE_4.12/Engine/Binaries/DotNET/UnrealBuildTool.exe Ava Development Win64 -project="G:/University Work/Masters/MastersProject/MastersProject/Ava/Ava.uproject" -editorrecompile -progress -noubtmakefiles -NoHotReloadFromIDE
@progress push 5%
Parsing headers for AvaEditor
  Running UnrealHeaderTool "G:\University Work\Masters\MastersProject\MastersProject\Ava\Ava.uproject" "G:\University Work\Masters\MastersProject\MastersProject\Ava\Intermediate\Build\Win64\AvaEditor\Development\AvaEditor.uhtmanifest" -LogCmds="loginit warning, logexit warning, logdatabase error" -Unattended -WarningsAsErrors -installed
Reflection code generated for AvaEditor in 3.8227603 seconds
@progress pop
Performing 8 actions (4 in parallel)
[2/8] Resource PCLaunch.rc
[3/8] Resource ModuleVersionResource.rc.inl
PCH.Ava.h.cpp
C:\Program Files (x86)\Microsoft Visual Studio 14.0\VC\INCLUDE\crtdefs.h(10): fatal error C1083: Cannot open include file: 'corecrt.h': No such file or directory
ERROR: UBT ERROR: Failed to produce item: G:\University Work\Masters\MastersProject\MastersProject\Ava\Binaries\Win64\UE4Editor-Ava.dll
Total build time: 22.32 seconds
LogInit:Warning: Still incompatible or missing module: UE4Editor-Ava.dll
LogExit: Preparing to exit.
LogModuleManager: Shutting down and abandoning module DesktopPlatform (15)
LogModuleManager: Shutting down and abandoning module TextureCompressor (14)
LogModuleManager: Shutting down and abandoning module ShaderCore (13)
LogModuleManager: Shutting down and abandoning module Landscape (12)
LogModuleManager: Shutting down and abandoning module SlateRHIRenderer (11)
LogModuleManager: Shutting down and abandoning module OpenGLDrv (10)
LogModuleManager: Shutting down and abandoning module D3D11RHI (9)
LogModuleManager: Shutting down and abandoning module AnimGraphRuntime (8)
LogModuleManager: Shutting down and abandoning module Renderer (7)
LogModuleManager: Shutting down and abandoning module Engine (6)
LogModuleManager: Shutting down and abandoning module CoreUObject (5)
LogModuleManager: Shutting down and abandoning module NetworkFile (4)
LogModuleManager: Shutting down and abandoning module StreamingFile (3)
LogModuleManager: Shutting down and abandoning module SandboxFile (2)
LogModuleManager: Shutting down and abandoning module PakFile (1)
LogExit: Exiting.
Log file closed, 06/09/17 10:08:16
