Log file open, 07/12/17 17:16:26
LogInit:Display: Running engine for game: Ava
LogPlatformFile: Not using cached read wrapper
LogInit:Display: RandInit(-1263679435) SRandInit(-1263679433).
LogTaskGraph: Started task graph with 4 named threads and 9 total threads with 1 sets of task threads.
LogStats: Stats thread started at 0.100109
LogInit: Version: 4.12.5-3039270+++UE4+Release-4.12
LogInit: API Version: 2992821
LogInit: Net Version: 3039270
LogDevObjectVersion: Number of dev versions registered: 13
LogDevObjectVersion:   Dev-Blueprints (B0D832E4-1F89-4F0D-ACCF-7EB736FD4AA2): 3
LogDevObjectVersion:   Dev-Build (E1C64328-A22C-4D53-A36C-8E866417BD8C): 0
LogDevObjectVersion:   Dev-Core (375EC13C-06E4-48FB-B500-84F0262A717E): 1
LogDevObjectVersion:   Dev-Editor (E4B068ED-F494-42E9-A231-DA0B2E46BB41): 2
LogDevObjectVersion:   Dev-Framework (CFFC743F-43B0-4480-9391-14DF171D2073): 6
LogDevObjectVersion:   Dev-Mobile (B02B49B5-BB20-44E9-A304-32B752E40360): 0
LogDevObjectVersion:   Dev-Networking (A4E4105C-59A1-49B5-A7C5-40C4547EDFEE): 0
LogDevObjectVersion:   Dev-Online (39C831C9-5AE6-47DC-9A44-9C173E1C8E7C): 0
LogDevObjectVersion:   Dev-Physics (78F01B33-EBEA-4F98-B9B4-84EACCB95AA2): 0
LogDevObjectVersion:   Dev-Platform (6631380F-2D4D-43E0-8009-CF276956A95A): 0
LogDevObjectVersion:   Dev-Rendering (12F88B9F-8875-4AFC-A67C-D90C383ABD29): 2
LogDevObjectVersion:   Dev-Sequencer (7B5AE74C-D270-4C10-A958-57980B212A5A): 0
LogDevObjectVersion:   Dev-VR (D7296918-1DD6-4BDD-9DE2-64A83CC13884): 0
LogInit: Compiled (64-bit): Jul  6 2016 09:09:46
LogInit: Compiled with Visual C++: 19.00.23026.00
LogInit: Build Configuration: Development
LogInit: Branch Name: ++UE4+Release-4.12
LogInit: Command line:  
LogInit: Base directory: C:/Program Files/Epic Games/4.12/Engine/Binaries/Win64/
LogInit: Installed Engine Build: 1
LogInit: Using libcurl 7.41.0
LogInit:  - built for x86_64-pc-win32
LogInit:  - supports SSL with WinSSL
LogInit:  - other features:
LogInit:      CURL_VERSION_SSL
LogInit:      CURL_VERSION_IPV6
LogInit:      CURL_VERSION_ASYNCHDNS
LogInit:      CURL_VERSION_LARGEFILE
LogInit:      CURL_VERSION_IDN
LogInit:  CurlRequestOptions (configurable via config and command line):
LogInit:  - bVerifyPeer = true  - Libcurl will verify peer certificate
LogInit:  - bUseHttpProxy = false  - Libcurl will NOT use HTTP proxy
LogInit:  - bDontReuseConnections = false  - Libcurl will reuse connections
LogInit:  - CertBundlePath = nullptr  - Libcurl will use whatever was configured at build time.
LogInit: Presizing for max 8388607 objects, including 0 objects not considered by GC, pre-allocating 0 bytes for permanent pool.
LogInit: Object subsystem initialized
[2017.07.12-16.16.26:528][  0]LogInit: Selected Device Profile: [Windows]
[2017.07.12-16.16.26:528][  0]LogInit: Applying CVar settings loaded from the selected device profile: [Windows]
[2017.07.12-16.16.26:537][  0]LogInit: Computer: PC42640
[2017.07.12-16.16.26:537][  0]LogInit: User: i7230020
[2017.07.12-16.16.26:537][  0]LogInit: CPU Page size=65536, Cores=6
[2017.07.12-16.16.26:537][  0]LogInit: High frequency timer resolution =3.410097 MHz
[2017.07.12-16.16.26:538][  0]LogMemory: Memory total: Physical=31.9GB (32GB approx)
[2017.07.12-16.16.26:538][  0]LogMemory: Platform Memory Stats for Windows
[2017.07.12-16.16.26:538][  0]LogMemory: Process Physical Memory: 196.24 MB used, 196.24 MB peak
[2017.07.12-16.16.26:538][  0]LogMemory: Process Virtual Memory: 198.96 MB used, 198.96 MB peak
[2017.07.12-16.16.26:538][  0]LogMemory: Physical Memory: 11582.62 MB used, 32684.15 MB total
[2017.07.12-16.16.26:538][  0]LogMemory: Virtual Memory: 539.58 MB used, 8388608.00 MB total
[2017.07.12-16.16.26:600][  0]LogTextLocalizationManager: No specific translations for ('en-GB') exist, so ('en') translations will be used.
[2017.07.12-16.16.26:985][  0]LogD3D11RHI: D3D11 adapters:
[2017.07.12-16.16.27:004][  0]LogD3D11RHI:    0. 'NVIDIA Quadro M4000' (Feature Level 11_0)
[2017.07.12-16.16.27:004][  0]LogD3D11RHI:       8092/0/16086 MB DedicatedVideo/DedicatedSystem/SharedSystem, Outputs:1, VendorId:0x10de
[2017.07.12-16.16.27:004][  0]LogD3D11RHI: Chosen D3D11 Adapter: 0
[2017.07.12-16.16.27:011][  0]LogD3D11RHI: Creating new Direct3DDevice
[2017.07.12-16.16.27:011][  0]LogD3D11RHI:     GPU DeviceId: 0x13f1 (for the marketing name, search the web for "GPU Device Id")
[2017.07.12-16.16.27:011][  0]LogWindows: EnumDisplayDevices:
[2017.07.12-16.16.27:012][  0]LogWindows:    0. 'NVIDIA Quadro M4000' (P:1 D:1)
[2017.07.12-16.16.27:012][  0]LogWindows:    1. 'NVIDIA Quadro M4000' (P:0 D:0)
[2017.07.12-16.16.27:013][  0]LogWindows:    2. 'NVIDIA Quadro M4000' (P:0 D:0)
[2017.07.12-16.16.27:013][  0]LogWindows:    3. 'NVIDIA Quadro M4000' (P:0 D:0)
[2017.07.12-16.16.27:014][  0]LogWindows:    4. 'RDPDD Chained DD' (P:0 D:0)
[2017.07.12-16.16.27:015][  0]LogWindows:    5. 'RDP Encoder Mirror Driver' (P:0 D:0)
[2017.07.12-16.16.27:015][  0]LogWindows:    6. 'RDP Reflector Display Driver' (P:0 D:0)
[2017.07.12-16.16.27:015][  0]LogWindows: DebugString: GetVideoDriverDetailsInvalid PrimaryIsNotTheChoosenAdapter GetVideoDriverDetailsInvalid PrimaryIsNotTheChoosenAdapter GetVideoDriverDetailsInvalid PrimaryIsNotTheChoosenAdapter FoundDriverCount:4 
[2017.07.12-16.16.27:015][  0]LogD3D11RHI:     Adapter Name: NVIDIA Quadro M4000
[2017.07.12-16.16.27:015][  0]LogD3D11RHI:   Driver Version: 362.13 (internal:10.18.13.6213, unified:362.13)
[2017.07.12-16.16.27:015][  0]LogD3D11RHI:      Driver Date: 3-18-2016
[2017.07.12-16.16.27:015][  0]LogRHI: Texture pool is 1361 MB (70% of 1945 MB)
[2017.07.12-16.16.27:025][  0]LogD3D11RHI: Async texture creation enabled
[2017.07.12-16.16.27:039][  0]LogD3D11RHI: GPU Timing Frequency: 1000.000000 (Debug: 2 2)
[2017.07.12-16.16.27:039][  0]LogShaderCompilers: Guid format shader working directory is -7 characters bigger than the processId version (W:/University Work/Masters/MastersProject/MastersProject/Ava/Intermediate/Shaders/WorkingDirectory/7060/).
[2017.07.12-16.16.27:039][  0]LogShaderCompilers: Cleaned the shader compiler working directory 'C:/Users/I72300~1.000/AppData/Local/Temp/UnrealShaderWorkingDir/66E6DC4E47356AFAC6CEA0A5DDEF65BA/'.
[2017.07.12-16.16.27:039][  0]LogShaderCompilers:Display: Using Local Shader Compiler.
[2017.07.12-16.16.28:074][  0]LogTemp:Display: Loaded TP AllDesktopTargetPlatform
[2017.07.12-16.16.28:082][  0]LogTemp:Display: Loaded TP WindowsClientTargetPlatform
[2017.07.12-16.16.28:091][  0]LogTemp:Display: Loaded TP WindowsNoEditorTargetPlatform
[2017.07.12-16.16.28:099][  0]LogTemp:Display: Loaded TP WindowsServerTargetPlatform
[2017.07.12-16.16.28:107][  0]LogTemp:Display: Loaded TP WindowsTargetPlatform
[2017.07.12-16.16.28:115][  0]LogTemp:Display: Loaded TP AndroidTargetPlatform
[2017.07.12-16.16.28:122][  0]LogTemp:Display: Loaded TP Android_ASTCTargetPlatform
[2017.07.12-16.16.28:129][  0]LogTemp:Display: Loaded TP Android_ATCTargetPlatform
[2017.07.12-16.16.28:137][  0]LogTemp:Display: Loaded TP Android_DXTTargetPlatform
[2017.07.12-16.16.28:144][  0]LogTemp:Display: Loaded TP Android_ETC1TargetPlatform
[2017.07.12-16.16.28:152][  0]LogTemp:Display: Loaded TP Android_ETC2TargetPlatform
[2017.07.12-16.16.28:167][  0]LogTemp:Display: Loaded TP Android_MultiTargetPlatform
[2017.07.12-16.16.28:167][  0]LogTemp:Display: Loaded TP Android_PVRTCTargetPlatform
[2017.07.12-16.16.28:169][  0]LogTemp:Display: Loaded TP HTML5TargetPlatform
[2017.07.12-16.16.28:189][  0]LogTemp:Display: Loaded TP IOSTargetPlatform
[2017.07.12-16.16.28:196][  0]LogTemp:Display: Loaded TP TVOSTargetPlatform
[2017.07.12-16.16.28:203][  0]LogTemp:Display: Loaded TP LinuxNoEditorTargetPlatform
[2017.07.12-16.16.28:211][  0]LogTemp:Display: Loaded TP LinuxServerTargetPlatform
[2017.07.12-16.16.28:218][  0]LogTemp:Display: Loaded TP LinuxTargetPlatform
[2017.07.12-16.16.28:218][  0]LogTargetPlatformManager:Display: Building Assets For Windows
[2017.07.12-16.16.28:300][  0]LogDerivedDataCache:Display: Max Cache Size: 512 MB
[2017.07.12-16.16.28:346][  0]LogDerivedDataCache: Loaded boot cache 0.05s 49MB C:/Users/i7230020.STUDENT.000/AppData/Local/UnrealEngine/4.12/DerivedDataCache/Boot.ddc.
[2017.07.12-16.16.28:347][  0]LogDerivedDataCache:Display: Loaded Boot cache: C:/Users/i7230020.STUDENT.000/AppData/Local/UnrealEngine/4.12/DerivedDataCache/Boot.ddc
[2017.07.12-16.16.28:347][  0]LogDerivedDataCache: FDerivedDataBackendGraph:  Pak pak cache file W:/University Work/Masters/MastersProject/MastersProject/Ava/DerivedDataCache/DDC.ddp not found, will not use a pak cache.
[2017.07.12-16.16.28:347][  0]LogDerivedDataCache: Unable to find inner node Pak for hierarchical cache Hierarchy.
[2017.07.12-16.16.28:347][  0]LogDerivedDataCache: FDerivedDataBackendGraph:  CompressedPak pak cache file W:/University Work/Masters/MastersProject/MastersProject/Ava/DerivedDataCache/Compressed.ddp not found, will not use a pak cache.
[2017.07.12-16.16.28:347][  0]LogDerivedDataCache: Unable to find inner node CompressedPak for hierarchical cache Hierarchy.
[2017.07.12-16.16.28:362][  0]LogDerivedDataCache:Display: Pak cache opened for reading ../../../Engine/DerivedDataCache/Compressed.ddp.
[2017.07.12-16.16.28:375][  0]LogDerivedDataCache: Using Local data cache path C:/Users/i7230020.STUDENT.000/AppData/Local/UnrealEngine/Common/DerivedDataCache: Writable
[2017.07.12-16.16.28:587][  0]LogInit: Selected Device Profile: [Windows]
[2017.07.12-16.16.28:588][  0]LogContentStreaming: Texture pool size is 0.00 MB
[2017.07.12-16.16.28:783][  0]LogMeshUtilities: No automatic mesh reduction module available
[2017.07.12-16.16.28:783][  0]LogMeshUtilities: No automatic mesh merging module available
[2017.07.12-16.16.28:783][  0]LogMeshUtilities: No distributed automatic mesh merging module available
[2017.07.12-16.16.29:058][  0]LogAssetRegistry: FAssetRegistry took 0.0197 seconds to start up
[2017.07.12-16.16.29:126][  0]LogPackageLocalizationCache: Processed 4 localized package path(s) for 2 prioritized culture(s) in 0.065038 seconds
[2017.07.12-16.16.29:130][  0]LogUObjectArray: 28739 objects as part of root set at end of initial load.
[2017.07.12-16.16.29:130][  0]LogUObjectAllocator: 5855624 out of 0 bytes used by permanent object pool.
[2017.07.12-16.16.29:130][  0]LogUObjectArray: CloseDisregardForGC: 0/0 objects in disregard for GC pool
[2017.07.12-16.16.29:137][  0]LogInit: WinSock: version 1.1 (2.2), MaxSocks=32767, MaxUdp=65467
[2017.07.12-16.16.29:312][  0]LogSlate: SlateFontCache - WITH_FREETYPE: 1, WITH_HARFBUZZ: 1
[2017.07.12-16.16.29:312][  0]LogSlate: SlateFontCache - WITH_FREETYPE: 1, WITH_HARFBUZZ: 1
[2017.07.12-16.16.30:154][  0]LogUdpMessaging: Initializing bridge on interface 0.0.0.0:0 to multicast group 230.0.0.1:6666.
[2017.07.12-16.16.30:249][  0]LogStats: FPlatformStackWalk::StackWalkAndDump -  0.014 s
[2017.07.12-16.16.30:249][  0]LogOutputDevice:Warning: === Handled error: ===

Ensure condition failed: !AttachmentRules.bWeldSimulatedBodies [File:D:\Build\++UE4+Release-4.12+Compile\Sync\Engine\Source\Runtime\Engine\Private\Components\SceneComponent.cpp] [Line: 1481]
AttachToComponent when called from a constructor cannot weld simulated bodies. Consider calling SetupAttachment directly instead.
Stack: 
UE4Editor-Core.dll
UE4Editor-Core.dll
UE4Editor-Core.dll
UE4Editor-Engine.dll
UE4Editor-Ava.dll
UE4Editor-CoreUObject.dll
UE4Editor-CoreUObject.dll
UE4Editor-CoreUObject.dll
UE4Editor-CoreUObject.dll
UE4Editor-Core.dll
UE4Editor-Core.dll
UE4Editor-Projects.dll
UE4Editor-Projects.dll
UE4Editor.exe
UE4Editor.exe
UE4Editor.exe
UE4Editor.exe
UE4Editor.exe
UE4Editor.exe
kernel32.dll
ntdll.dll
ntdll.dll

[2017.07.12-16.16.30:250][  0]LogStats:                SubmitErrorReport -  0.000 s
[2017.07.12-16.16.30:628][  0]LogStats:                    SendNewReport -  0.379 s
[2017.07.12-16.16.30:628][  0]LogStats:             FDebug::EnsureFailed -  0.393 s
[2017.07.12-16.16.30:811][  0]SourceControl: Info Source control is disabled
[2017.07.12-16.16.30:813][  0]SourceControl: Info Source control is disabled
[2017.07.12-16.16.30:826][  0]SourceControl: Info Source control is disabled
[2017.07.12-16.16.30:837][  0]SourceControl: Info Source control is disabled
[2017.07.12-16.16.30:995][  0]LogHoudiniEngine: Starting the Houdini Engine module.
[2017.07.12-16.16.30:996][  0]LogHoudiniEngine: Loaded libHAPIL.dll from Registry path C:\Program Files\Side Effects Software\Houdini 15.5.632/bin
[2017.07.12-16.16.30:996][  0]LogLinker:Warning: Asset '../../../Engine/Plugins/Runtime/HoudiniEngine/Content/houdini_logo.uasset' has been saved with empty engine version. The asset will be loaded but may be incompatible.
[2017.07.12-16.16.30:998][  0]LogLinker:Warning: Asset '../../../Engine/Plugins/Runtime/HoudiniEngine/Content/houdini_default_material.uasset' has been saved with empty engine version. The asset will be loaded but may be incompatible.
[2017.07.12-16.16.31:002][  0]LogLinker:Warning: Asset '../../../Engine/Plugins/Runtime/HoudiniEngine/Content/houdini_bgeo_import.uasset' has been saved with empty engine version. The asset will be loaded but may be incompatible.
[2017.07.12-16.16.32:156][  0]LogHoudiniEngine: Successfully initialized the Houdini Engine API module.
[2017.07.12-16.16.32:315][  0]LogEngine: Initializing Engine...
[2017.07.12-16.16.32:317][  0]LogHMD: SteamVR failed to initialize.  Err: 110
[2017.07.12-16.16.32:318][  0]LogHMD: SteamVR failed to initialize.  Err: 110
[2017.07.12-16.16.32:469][  0]LogAIModule: Creating AISystem for world NewWorld
[2017.07.12-16.16.32:475][  0]LogInit: XAudio2 using 'Speakers (Realtek High Definition Audio)' : 2 channels at 48 kHz using 32 bits per sample (channel mask 0x3)
[2017.07.12-16.16.32:520][  0]LogInit: FAudioDevice initialized.
[2017.07.12-16.16.32:558][  0]LogDerivedDataCache: Saved boot cache 0.04s 49MB C:/Users/i7230020.STUDENT.000/AppData/Local/UnrealEngine/4.12/DerivedDataCache/Boot.ddc.
[2017.07.12-16.16.32:564][  0]LogInit: Texture streaming: Enabled
[2017.07.12-16.16.32:588][  0]LogInit: Transaction tracking system initialized
[2017.07.12-16.16.32:607][  0]BlueprintLog: New page: Editor Load
[2017.07.12-16.16.32:671][  0]LocalizationService: Info Localization service is disabled
[2017.07.12-16.16.32:759][  0]LogConsoleResponse:Display: 
[2017.07.12-16.16.32:875][  0]LogCook:Display: Max memory allowance for cook 8192mb
[2017.07.12-16.16.32:875][  0]LogCook:Display: Mobile HDR setting 1
[2017.07.12-16.16.32:959][  0]LogFileCache: Scanning file cache for directory 'W:/University Work/Masters/MastersProject/MastersProject/Ava/Content/' took 0.03s
[2017.07.12-16.16.32:959][  0]LogHoudiniEngineEditor: Starting the Houdini Engine Editor module.
[2017.07.12-16.16.32:998][  0]SourceControl: Info Source control is disabled
[2017.07.12-16.16.32:998][  0]Cmd: MAP LOAD FILE="W:/University Work/Masters/MastersProject/MastersProject/Ava/Content/Ava/Maps/PalaceLevel.umap" TEMPLATE=0 SHOWPROGRESS=1 FEATURELEVEL=3
[2017.07.12-16.16.32:999][  0]LightingResults: New page: Lighting Build
[2017.07.12-16.16.33:003][  0]MapCheck: New page: Map Check
[2017.07.12-16.16.33:003][  0]LightingResults: New page: Lighting Build
[2017.07.12-16.16.33:085][  0]LogBlueprint:Warning: Compiler Warning InputAction Event references unknown Action 'Crouch' for  InputAction Crouch 
[2017.07.12-16.16.33:088][  0]LogBlueprint:Warning: Compiler Warning [0022.92] Compile of Ue4ASP_Character successful, but with 1 Warning(s) [in 7 ms] (/Game/AnimStarterPack/Ue4ASP_Character.Ue4ASP_Character)
[2017.07.12-16.16.33:088][  0]LogBlueprint:Warning: Compiler Warning [0022.92] Compile of Ue4ASP_Character successful, but with 2 Warning(s) [in 0 ms] (/Game/AnimStarterPack/Ue4ASP_Character.Ue4ASP_Character)
[2017.07.12-16.16.33:088][  0]LogBlueprint:Warning: Compiler Warning [0022.92] Compile of Ue4ASP_Character successful, but with 3 Warning(s) [in 0 ms] (/Game/AnimStarterPack/Ue4ASP_Character.Ue4ASP_Character)
[2017.07.12-16.16.33:158][  0]LogBlueprint:Warning: Compiler Warning InputAction Event references unknown Action 'Crouch' for  InputAction Crouch 
[2017.07.12-16.16.33:160][  0]LogBlueprint:Warning: Compiler Warning [0022.99] Compile of Ue4ASP_Character successful, but with 1 Warning(s) [in 7 ms] (/Game/AnimStarterPack/Ue4ASP_Character.Ue4ASP_Character)
[2017.07.12-16.16.33:160][  0]LogBlueprint:Warning: Compiler Warning [0022.99] Compile of Ue4ASP_Character successful, but with 2 Warning(s) [in 0 ms] (/Game/AnimStarterPack/Ue4ASP_Character.Ue4ASP_Character)
[2017.07.12-16.16.33:161][  0]LogBlueprint:Warning: Compiler Warning [0022.99] Compile of Ue4ASP_Character successful, but with 3 Warning(s) [in 0 ms] (/Game/AnimStarterPack/Ue4ASP_Character.Ue4ASP_Character)
[2017.07.12-16.16.34:037][  0]LogMaterial: Missing cached shader map for material M_Basic_Wall, compiling. 
[2017.07.12-16.16.34:038][  0]LogMaterial:Warning: Failed to compile Material /Game/StarterContent/Materials/M_Basic_Wall.M_Basic_Wall for platform PCD3D_SM5, Default Material will be used in game.
[2017.07.12-16.16.34:038][  0]LogMaterial:Warning: 	(Node TextureSample) TextureSample> Missing input texture
[2017.07.12-16.16.34:091][  0]LogAIModule: Creating AISystem for world PalaceLevel
[2017.07.12-16.16.34:123][  0]LogEditorServer: Finished looking for orphan Actors (0.000 secs)
[2017.07.12-16.16.34:124][  0]Cmd: MAP CHECKDEP NOCLEARLOG
[2017.07.12-16.16.34:220][  0]MapCheck: Info Map check complete: 0 Error(s), 0 Warning(s), took 96.763ms to complete.
[2017.07.12-16.16.34:220][  0]LogFileHelpers: Loading map 'PalaceLevel' took 1.222
[2017.07.12-16.16.34:505][  0]LogCollectionManager: Loaded 0 collections in 0.001302 seconds
[2017.07.12-16.16.34:552][  0]LogFileCache: Scanning file cache for directory 'W:/University Work/Masters/MastersProject/MastersProject/Ava/Saved/Collections/' took 0.01s
[2017.07.12-16.16.34:552][  0]LogFileCache: Scanning file cache for directory 'W:/University Work/Masters/MastersProject/MastersProject/Ava/Content/Developers/i7230020/Collections/' took 0.01s
[2017.07.12-16.16.34:552][  0]LogFileCache: Scanning file cache for directory 'W:/University Work/Masters/MastersProject/MastersProject/Ava/Content/Collections/' took 0.01s
[2017.07.12-16.16.34:552][  0]LogCollectionManager: Rebuilt the GUID cache for 0 collections in 0.000004 seconds
[2017.07.12-16.16.34:574][  0]LogContentBrowser: Native class hierarchy populated in 0.0215 seconds. Added 2096 classes and 376 folders.
[2017.07.12-16.16.34:581][  0]LogStats: UGameplayTagsManager::ConstructGameplayTagTree: Construct from data asset -  0.000 s
[2017.07.12-16.16.34:581][  0]LogStats: UGameplayTagsManager::ConstructGameplayTagTree: GameplayTagTreeChangedEvent.Broadcast -  0.000 s
[2017.07.12-16.16.34:584][  0]LogContentBrowser: Native class hierarchy updated for 'GameplayTags' in 0.0029 seconds. Added 12 classes and 0 folders.
[2017.07.12-16.16.34:590][  0]LogContentBrowser: Native class hierarchy updated for 'WidgetCarousel' in 0.0023 seconds. Added 0 classes and 0 folders.
[2017.07.12-16.16.34:658][  0]LogContentBrowser: Native class hierarchy updated for 'AddContentDialog' in 0.0023 seconds. Added 0 classes and 0 folders.
[2017.07.12-16.16.34:664][  0]LogContentBrowser: Native class hierarchy updated for 'SceneOutliner' in 0.0023 seconds. Added 1 classes and 2 folders.
[2017.07.12-16.16.34:676][  0]LogCrashTracker: Crashtracker disabled due to settings.
[2017.07.12-16.16.34:679][  0]LogUObjectGlobals:Warning: Failed to find object 'Class None.'
[2017.07.12-16.16.34:713][  0]LogContentBrowser: Native class hierarchy updated for 'HierarchicalLODOutliner' in 0.0064 seconds. Added 1 classes and 2 folders.
[2017.07.12-16.16.34:713][  0]LogLoad: Full Startup: 24.55 seconds (BP compile: 0.23 seconds)
[2017.07.12-16.16.34:713][  0]LogExternalProfiler: Found external profiler: VSPerf
[2017.07.12-16.16.34:713][  0]LogExternalProfiler: Using external profiler: VSPerf
[2017.07.12-16.16.34:725][  0]LogOcInput: OculusInput pre-init called
[2017.07.12-16.16.34:743][  0]LogContentStreaming: Texture pool size now 1000 MB
[2017.07.12-16.16.34:883][  0]LogRenderer: Reallocating scene render targets to support 1616x600 (Frame:2).
[2017.07.12-16.16.35:046][  1]LogAssetRegistry: Asset discovery search completed in 6.0077 seconds
[2017.07.12-16.16.35:046][  1]LogCollectionManager: Rebuilt the object cache for 0 collections in 0.000001 seconds (found 0 objects)
[2017.07.12-16.16.35:046][  1]LogCollectionManager: Fixed up redirectors for 0 collections in 0.000018 seconds (updated 0 objects)
[2017.07.12-16.16.49:242][475]LogContentBrowser: Native class hierarchy updated for 'BlueprintGraph' in 0.0029 seconds. Added 111 classes and 0 folders.
[2017.07.12-16.17.15:743][296]LogEditorTransaction: Undo Delete current selection
[2017.07.12-16.17.25:510][871]BlueprintLog: New page: Compile GameUIBP
[2017.07.12-16.17.25:716][871]BlueprintEditorCompileResults: Info [0075.55] Compile of GameUIBP successful! [in 205 ms] (/Game/Ava/GameUIBP.GameUIBP)
[2017.07.12-16.17.26:079][897]Cmd: OBJ SAVEPACKAGE PACKAGE="/Game/Ava/GameUIBP" FILE="W:/University Work/Masters/MastersProject/MastersProject/Ava/Content/Ava/GameUIBP.uasset" SILENT=true
[2017.07.12-16.17.26:166][897]LogSavePackage: Save=82.18ms
[2017.07.12-16.17.26:166][897]LogSavePackage: Moving 'W:/University Work/Masters/MastersProject/MastersProject/Ava/Saved/GameUIBP82F765E3489136CE37A9459931A242D3.tmp' to 'W:/University Work/Masters/MastersProject/MastersProject/Ava/Content/Ava/GameUIBP.uasset'
[2017.07.12-16.17.26:173][897]LogSavePackage:Display: Finished SavePackage W:/University Work/Masters/MastersProject/MastersProject/Ava/Content/Ava/GameUIBP.uasset
[2017.07.12-16.19.52:266][325]Cmd: OBJ SAVEPACKAGE PACKAGE="/Game/Ava/GameUIBP" FILE="W:/University Work/Masters/MastersProject/MastersProject/Ava/Content/Ava/GameUIBP.uasset" SILENT=true
[2017.07.12-16.19.52:359][325]LogSavePackage: Save=85.01ms
[2017.07.12-16.19.52:359][325]LogSavePackage: Moving 'W:/University Work/Masters/MastersProject/MastersProject/Ava/Saved/GameUIBPF2F77E264B06A72F16CA35BAD584DFA4.tmp' to 'W:/University Work/Masters/MastersProject/MastersProject/Ava/Content/Ava/GameUIBP.uasset'
[2017.07.12-16.19.52:366][325]LogSavePackage:Display: Finished SavePackage W:/University Work/Masters/MastersProject/MastersProject/Ava/Content/Ava/GameUIBP.uasset
[2017.07.12-16.19.54:890][399]0.537746
[2017.07.12-16.19.54:890][399]0.541667
[2017.07.12-16.19.54:988][399]0.569021
[2017.07.12-16.19.55:005][399]0.638483
[2017.07.12-16.19.55:022][399]0.693472
[2017.07.12-16.19.55:039][399]0.742512
[2017.07.12-16.19.55:056][399]0.775045
[2017.07.12-16.19.55:074][399]0.823180
[2017.07.12-16.19.55:091][399]0.857590
[2017.07.12-16.19.55:108][399]0.879021
[2017.07.12-16.19.55:125][399]0.885845
[2017.07.12-16.19.58:895][580]Cmd: OBJ SAVEPACKAGE PACKAGE="/Game/Ava/GameUIBP" FILE="W:/University Work/Masters/MastersProject/MastersProject/Ava/Content/Ava/GameUIBP.uasset" SILENT=true
[2017.07.12-16.19.58:995][580]LogSavePackage: Save=95.05ms
[2017.07.12-16.19.58:995][580]LogSavePackage: Moving 'W:/University Work/Masters/MastersProject/MastersProject/Ava/Saved/GameUIBP7CE8540042D8BCA8EDDC9791E57B8B5A.tmp' to 'W:/University Work/Masters/MastersProject/MastersProject/Ava/Content/Ava/GameUIBP.uasset'
[2017.07.12-16.19.59:002][580]LogSavePackage:Display: Finished SavePackage W:/University Work/Masters/MastersProject/MastersProject/Ava/Content/Ava/GameUIBP.uasset
[2017.07.12-16.20.02:980][874]BlueprintLog: New page: Compile GameUIBP
[2017.07.12-16.20.03:141][874]BlueprintEditorCompileResults: Info The execution path doesn't end with a return node.  EdGraphPin_697 
[2017.07.12-16.20.03:141][874]BlueprintEditorCompileResults: Info The execution path doesn't end with a return node.  EdGraphPin_697 
[2017.07.12-16.20.03:141][874]BlueprintEditorCompileResults: Info The execution path doesn't end with a return node.  EdGraphPin_697 
[2017.07.12-16.20.03:141][874]BlueprintEditorCompileResults: Info [0232.96] Compile of GameUIBP successful! [in 161 ms] (/Game/Ava/GameUIBP.GameUIBP)
[2017.07.12-16.20.03:433][893]Cmd: OBJ SAVEPACKAGE PACKAGE="/Game/Ava/GameUIBP" FILE="W:/University Work/Masters/MastersProject/MastersProject/Ava/Content/Ava/GameUIBP.uasset" SILENT=true
[2017.07.12-16.20.03:522][893]LogSavePackage: Save=84.77ms
[2017.07.12-16.20.03:522][893]LogSavePackage: Moving 'W:/University Work/Masters/MastersProject/MastersProject/Ava/Saved/GameUIBP4431382C4F231E84FC53A9A56165AF4B.tmp' to 'W:/University Work/Masters/MastersProject/MastersProject/Ava/Content/Ava/GameUIBP.uasset'
[2017.07.12-16.20.03:526][893]LogSavePackage:Display: Finished SavePackage W:/University Work/Masters/MastersProject/MastersProject/Ava/Content/Ava/GameUIBP.uasset
[2017.07.12-16.20.05:250][ 35]LogBlueprintUserMessages: Early PlayInEditor Detection: Level '/Game/Ava/Maps/PalaceLevel.PalaceLevel:PersistentLevel' has LevelScriptBlueprint '/Game/Ava/Maps/PalaceLevel.PalaceLevel:PersistentLevel.PalaceLevel' with GeneratedClass '/Game/Ava/Maps/PalaceLevel.PalaceLevel_C' with ClassGeneratedBy '/Game/Ava/Maps/PalaceLevel.PalaceLevel:PersistentLevel.PalaceLevel'
[2017.07.12-16.20.05:250][ 35]LogPlayLevel: PlayLevel: No blueprints needed recompiling
[2017.07.12-16.20.05:252][ 35]PIE: New page: PIE session: PalaceLevel (12 Jul 2017 17:20:05)
[2017.07.12-16.20.05:252][ 35]LogPlayLevel: Creating play world package: /Game/Ava/Maps/UEDPIE_0_PalaceLevel
[2017.07.12-16.20.05:304][ 35]LogPlayLevel: PIE: StaticDuplicateObject took: (0.051994s)
[2017.07.12-16.20.05:304][ 35]LogAIModule: Creating AISystem for world PalaceLevel
[2017.07.12-16.20.05:304][ 35]LogPlayLevel: PIE: World Init took: (0.000575s)
[2017.07.12-16.20.05:305][ 35]LogPlayLevel: PIE: Created PIE world by copying editor world from /Game/Ava/Maps/PalaceLevel.PalaceLevel to /Game/Ava/Maps/UEDPIE_0_PalaceLevel.PalaceLevel (0.052932s)
[2017.07.12-16.20.05:332][ 35]LogInit: XAudio2 using 'Speakers (Realtek High Definition Audio)' : 2 channels at 48 kHz using 32 bits per sample (channel mask 0x3)
[2017.07.12-16.20.05:345][ 35]LogInit: FAudioDevice initialized.
[2017.07.12-16.20.05:432][ 35]LogWorld: Game class is 'AvaGameMode'
[2017.07.12-16.20.05:499][ 35]LogWorld: Bringing World /Game/Ava/Maps/UEDPIE_0_PalaceLevel.PalaceLevel up for play (max tick rate 0) at 2017.07.12-17.20.05
[2017.07.12-16.20.05:502][ 35]LogWorld: Bringing up level for play took: 0.068819
[2017.07.12-16.20.05:511][ 35]LogContentBrowser: Native class hierarchy updated for 'MovieSceneCapture' in 0.0030 seconds. Added 11 classes and 0 folders.
[2017.07.12-16.20.05:517][ 35]LogBlueprintUserMessages: [GameUIBP_C_1] SEt UI
[2017.07.12-16.20.05:517][ 35]PIE: Info Play in editor start time for /Game/Ava/Maps/UEDPIE_0_PalaceLevel 1.162
[2017.07.12-16.20.05:517][ 35]LogBlueprintUserMessages: Late PlayInEditor Detection: Level '/Game/Ava/Maps/PalaceLevel.PalaceLevel:PersistentLevel' has LevelScriptBlueprint '/Game/Ava/Maps/PalaceLevel.PalaceLevel:PersistentLevel.PalaceLevel' with GeneratedClass '/Game/Ava/Maps/PalaceLevel.PalaceLevel_C' with ClassGeneratedBy '/Game/Ava/Maps/PalaceLevel.PalaceLevel:PersistentLevel.PalaceLevel'
[2017.07.12-16.20.17:801][813]LogOutputDevice:Warning: 

Script Stack:
GameUIBP_C.On_Slot2_MouseButtonDown_0

[2017.07.12-16.20.17:802][813]LogWindows: Windows GetLastError: The operation completed successfully. (0)
[2017.07.12-16.20.18:639][813]LogCrashTracker: 


[2017.07.12-16.20.18:639][813]LogCrashTracker: 


[2017.07.12-16.20.18:639][813]LogWindows:Error: === Critical error: ===
Assertion failed: Pair != nullptr [File:C:\Program Files\Epic Games\4.12\Engine\Source\Runtime\Core\Public\Containers\Map.h] [Line: 520] 





[2017.07.12-16.20.18:670][813]LogExit: Executing StaticShutdownAfterError
[2017.07.12-16.20.18:676][813]LogWindows: FPlatformMisc::RequestExit(1)
[2017.07.12-16.20.18:676][813]Log file closed, 07/12/17 17:20:18
