Log file open, 06/21/17 19:03:40
LogInit:Display: Running engine for game: Ava
LogPlatformFile: Not using cached read wrapper
LogInit:Display: RandInit(-2128349272) SRandInit(-2128349265).
LogTaskGraph: Started task graph with 4 named threads and 9 total threads with 1 sets of task threads.
LogStats: Stats thread started at 0.095195
LogInit: Version: 4.12.5-3039270+++UE4+Release-4.12
LogInit: API Version: 2992821
LogInit: Net Version: 3039270
LogDevObjectVersion: Number of dev versions registered: 13
LogDevObjectVersion:   Dev-Blueprints (B0D832E4-1F89-4F0D-ACCF-7EB736FD4AA2): 3
LogDevObjectVersion:   Dev-Build (E1C64328-A22C-4D53-A36C-8E866417BD8C): 0
LogDevObjectVersion:   Dev-Core (375EC13C-06E4-48FB-B500-84F0262A717E): 1
LogDevObjectVersion:   Dev-Editor (E4B068ED-F494-42E9-A231-DA0B2E46BB41): 2
LogDevObjectVersion:   Dev-Framework (CFFC743F-43B0-4480-9391-14DF171D2073): 6
LogDevObjectVersion:   Dev-Mobile (B02B49B5-BB20-44E9-A304-32B752E40360): 0
LogDevObjectVersion:   Dev-Networking (A4E4105C-59A1-49B5-A7C5-40C4547EDFEE): 0
LogDevObjectVersion:   Dev-Online (39C831C9-5AE6-47DC-9A44-9C173E1C8E7C): 0
LogDevObjectVersion:   Dev-Physics (78F01B33-EBEA-4F98-B9B4-84EACCB95AA2): 0
LogDevObjectVersion:   Dev-Platform (6631380F-2D4D-43E0-8009-CF276956A95A): 0
LogDevObjectVersion:   Dev-Rendering (12F88B9F-8875-4AFC-A67C-D90C383ABD29): 2
LogDevObjectVersion:   Dev-Sequencer (7B5AE74C-D270-4C10-A958-57980B212A5A): 0
LogDevObjectVersion:   Dev-VR (D7296918-1DD6-4BDD-9DE2-64A83CC13884): 0
LogInit: Compiled (64-bit): Jul  6 2016 09:09:46
LogInit: Compiled with Visual C++: 19.00.23026.00
LogInit: Build Configuration: Development
LogInit: Branch Name: ++UE4+Release-4.12
LogInit: Command line:  
LogInit: Base directory: C:/Program Files (x86)/Epic Games/4.12/Engine/Binaries/Win64/
LogInit: Installed Engine Build: 1
LogInit: Using libcurl 7.41.0
LogInit:  - built for x86_64-pc-win32
LogInit:  - supports SSL with WinSSL
LogInit:  - other features:
LogInit:      CURL_VERSION_SSL
LogInit:      CURL_VERSION_IPV6
LogInit:      CURL_VERSION_ASYNCHDNS
LogInit:      CURL_VERSION_LARGEFILE
LogInit:      CURL_VERSION_IDN
LogInit:  CurlRequestOptions (configurable via config and command line):
LogInit:  - bVerifyPeer = true  - Libcurl will verify peer certificate
LogInit:  - bUseHttpProxy = false  - Libcurl will NOT use HTTP proxy
LogInit:  - bDontReuseConnections = false  - Libcurl will reuse connections
LogInit:  - CertBundlePath = nullptr  - Libcurl will use whatever was configured at build time.
LogInit: Presizing for max 8388607 objects, including 0 objects not considered by GC, pre-allocating 0 bytes for permanent pool.
LogInit: Object subsystem initialized
[2017.06.21-18.03.40:705][  0]LogInit: Selected Device Profile: [Windows]
[2017.06.21-18.03.40:705][  0]LogInit: Applying CVar settings loaded from the selected device profile: [Windows]
[2017.06.21-18.03.40:726][  0]LogInit: Computer: PC24713
[2017.06.21-18.03.40:726][  0]LogInit: User: s4915809
[2017.06.21-18.03.40:726][  0]LogInit: CPU Page size=65536, Cores=6
[2017.06.21-18.03.40:726][  0]LogInit: High frequency timer resolution =3.410097 MHz
[2017.06.21-18.03.40:726][  0]LogMemory: Memory total: Physical=31.9GB (32GB approx)
[2017.06.21-18.03.40:727][  0]LogMemory: Platform Memory Stats for Windows
[2017.06.21-18.03.40:727][  0]LogMemory: Process Physical Memory: 196.91 MB used, 196.91 MB peak
[2017.06.21-18.03.40:727][  0]LogMemory: Process Virtual Memory: 199.10 MB used, 199.10 MB peak
[2017.06.21-18.03.40:727][  0]LogMemory: Physical Memory: 16854.40 MB used, 32675.27 MB total
[2017.06.21-18.03.40:727][  0]LogMemory: Virtual Memory: 540.12 MB used, 8388608.00 MB total
[2017.06.21-18.03.40:793][  0]LogTextLocalizationManager: No specific translations for ('en-GB') exist, so ('en') translations will be used.
[2017.06.21-18.03.41:138][  0]LogD3D11RHI: D3D11 adapters:
[2017.06.21-18.03.41:164][  0]LogD3D11RHI:    0. 'NVIDIA Quadro K2000' (Feature Level 11_0)
[2017.06.21-18.03.41:164][  0]LogD3D11RHI:       1989/0/16081 MB DedicatedVideo/DedicatedSystem/SharedSystem, Outputs:2, VendorId:0x10de
[2017.06.21-18.03.41:164][  0]LogD3D11RHI: Chosen D3D11 Adapter: 0
[2017.06.21-18.03.41:169][  0]LogD3D11RHI: Creating new Direct3DDevice
[2017.06.21-18.03.41:169][  0]LogD3D11RHI:     GPU DeviceId: 0xffe (for the marketing name, search the web for "GPU Device Id")
[2017.06.21-18.03.41:169][  0]LogWindows: EnumDisplayDevices:
[2017.06.21-18.03.41:169][  0]LogWindows:    0. 'NVIDIA Quadro K2000' (P:1 D:1)
[2017.06.21-18.03.41:169][  0]LogWindows:    1. 'NVIDIA Quadro K2000' (P:0 D:1)
[2017.06.21-18.03.41:170][  0]LogWindows:    2. 'NVIDIA Quadro K2000' (P:0 D:0)
[2017.06.21-18.03.41:170][  0]LogWindows:    3. 'NVIDIA Quadro K2000' (P:0 D:0)
[2017.06.21-18.03.41:170][  0]LogWindows:    4. 'RDPDD Chained DD' (P:0 D:0)
[2017.06.21-18.03.41:170][  0]LogWindows:    5. 'RDP Encoder Mirror Driver' (P:0 D:0)
[2017.06.21-18.03.41:170][  0]LogWindows:    6. 'RDP Reflector Display Driver' (P:0 D:0)
[2017.06.21-18.03.41:170][  0]LogWindows:    7. 'HP Remote Graphics Driver' (P:0 D:0)
[2017.06.21-18.03.41:171][  0]LogWindows: DebugString: GetVideoDriverDetailsInvalid PrimaryIsNotTheChoosenAdapter GetVideoDriverDetailsInvalid PrimaryIsNotTheChoosenAdapter GetVideoDriverDetailsInvalid PrimaryIsNotTheChoosenAdapter GetVideoDriverDetailsInvalid PrimaryIsNotTheChoosenAdapter FoundDriverCount:4 
[2017.06.21-18.03.41:171][  0]LogD3D11RHI:     Adapter Name: NVIDIA Quadro K2000
[2017.06.21-18.03.41:171][  0]LogD3D11RHI:   Driver Version: 362.13 (internal:10.18.13.6213, unified:362.13)
[2017.06.21-18.03.41:171][  0]LogD3D11RHI:      Driver Date: 3-18-2016
[2017.06.21-18.03.41:171][  0]LogRHI: Texture pool is 1361 MB (70% of 1945 MB)
[2017.06.21-18.03.41:178][  0]LogD3D11RHI: Async texture creation enabled
[2017.06.21-18.03.41:192][  0]LogD3D11RHI: GPU Timing Frequency: 1000.000000 (Debug: 2 2)
[2017.06.21-18.03.41:192][  0]LogShaderCompilers: Guid format shader working directory is -4 characters bigger than the processId version (D:/Reka/MASTER PROJECT/MastersProject/MastersProject/Ava/Intermediate/Shaders/WorkingDirectory/14724/).
[2017.06.21-18.03.41:192][  0]LogShaderCompilers: Cleaned the shader compiler working directory 'C:/Users/S49158~1.STU/AppData/Local/Temp/UnrealShaderWorkingDir/EDEDA1374292AB1EAA69858173776213/'.
[2017.06.21-18.03.41:192][  0]LogShaderCompilers:Display: Using Local Shader Compiler.
[2017.06.21-18.03.42:111][  0]LogTemp:Display: Loaded TP AllDesktopTargetPlatform
[2017.06.21-18.03.42:119][  0]LogTemp:Display: Loaded TP WindowsClientTargetPlatform
[2017.06.21-18.03.42:128][  0]LogTemp:Display: Loaded TP WindowsNoEditorTargetPlatform
[2017.06.21-18.03.42:136][  0]LogTemp:Display: Loaded TP WindowsServerTargetPlatform
[2017.06.21-18.03.42:144][  0]LogTemp:Display: Loaded TP WindowsTargetPlatform
[2017.06.21-18.03.42:152][  0]LogTemp:Display: Loaded TP AndroidTargetPlatform
[2017.06.21-18.03.42:159][  0]LogTemp:Display: Loaded TP Android_ASTCTargetPlatform
[2017.06.21-18.03.42:167][  0]LogTemp:Display: Loaded TP Android_ATCTargetPlatform
[2017.06.21-18.03.42:174][  0]LogTemp:Display: Loaded TP Android_DXTTargetPlatform
[2017.06.21-18.03.42:181][  0]LogTemp:Display: Loaded TP Android_ETC1TargetPlatform
[2017.06.21-18.03.42:188][  0]LogTemp:Display: Loaded TP Android_ETC2TargetPlatform
[2017.06.21-18.03.42:203][  0]LogTemp:Display: Loaded TP Android_MultiTargetPlatform
[2017.06.21-18.03.42:203][  0]LogTemp:Display: Loaded TP Android_PVRTCTargetPlatform
[2017.06.21-18.03.42:204][  0]LogTemp:Display: Loaded TP HTML5TargetPlatform
[2017.06.21-18.03.42:224][  0]LogTemp:Display: Loaded TP IOSTargetPlatform
[2017.06.21-18.03.42:231][  0]LogTemp:Display: Loaded TP TVOSTargetPlatform
[2017.06.21-18.03.42:238][  0]LogTemp:Display: Loaded TP LinuxNoEditorTargetPlatform
[2017.06.21-18.03.42:245][  0]LogTemp:Display: Loaded TP LinuxServerTargetPlatform
[2017.06.21-18.03.42:252][  0]LogTemp:Display: Loaded TP LinuxTargetPlatform
[2017.06.21-18.03.42:252][  0]LogTargetPlatformManager:Display: Building Assets For Windows
[2017.06.21-18.03.42:321][  0]LogDerivedDataCache:Display: Max Cache Size: 512 MB
[2017.06.21-18.03.42:386][  0]LogDerivedDataCache: Loaded boot cache 0.06s 62MB C:/Users/s4915809.STUDENT/AppData/Local/UnrealEngine/4.12/DerivedDataCache/Boot.ddc.
[2017.06.21-18.03.42:386][  0]LogDerivedDataCache:Display: Loaded Boot cache: C:/Users/s4915809.STUDENT/AppData/Local/UnrealEngine/4.12/DerivedDataCache/Boot.ddc
[2017.06.21-18.03.42:386][  0]LogDerivedDataCache: FDerivedDataBackendGraph:  Pak pak cache file D:/Reka/MASTER PROJECT/MastersProject/MastersProject/Ava/DerivedDataCache/DDC.ddp not found, will not use a pak cache.
[2017.06.21-18.03.42:386][  0]LogDerivedDataCache: Unable to find inner node Pak for hierarchical cache Hierarchy.
[2017.06.21-18.03.42:386][  0]LogDerivedDataCache: FDerivedDataBackendGraph:  CompressedPak pak cache file D:/Reka/MASTER PROJECT/MastersProject/MastersProject/Ava/DerivedDataCache/Compressed.ddp not found, will not use a pak cache.
[2017.06.21-18.03.42:386][  0]LogDerivedDataCache: Unable to find inner node CompressedPak for hierarchical cache Hierarchy.
[2017.06.21-18.03.42:400][  0]LogDerivedDataCache:Display: Pak cache opened for reading ../../../Engine/DerivedDataCache/Compressed.ddp.
[2017.06.21-18.03.42:411][  0]LogDerivedDataCache: Using Local data cache path C:/Users/s4915809.STUDENT/AppData/Local/UnrealEngine/Common/DerivedDataCache: Writable
[2017.06.21-18.03.42:603][  0]LogInit: Selected Device Profile: [Windows]
[2017.06.21-18.03.42:604][  0]LogContentStreaming: Texture pool size is 0.00 MB
[2017.06.21-18.03.42:751][  0]LogMeshUtilities: No automatic mesh reduction module available
[2017.06.21-18.03.42:751][  0]LogMeshUtilities: No automatic mesh merging module available
[2017.06.21-18.03.42:751][  0]LogMeshUtilities: No distributed automatic mesh merging module available
[2017.06.21-18.03.42:973][  0]LogAssetRegistry: FAssetRegistry took 0.0203 seconds to start up
[2017.06.21-18.03.43:010][  0]LogPackageLocalizationCache: Processed 3 localized package path(s) for 2 prioritized culture(s) in 0.035224 seconds
[2017.06.21-18.03.43:015][  0]LogUObjectArray: 28739 objects as part of root set at end of initial load.
[2017.06.21-18.03.43:015][  0]LogUObjectAllocator: 5855632 out of 0 bytes used by permanent object pool.
[2017.06.21-18.03.43:015][  0]LogUObjectArray: CloseDisregardForGC: 0/0 objects in disregard for GC pool
[2017.06.21-18.03.43:021][  0]LogInit: WinSock: version 1.1 (2.2), MaxSocks=32767, MaxUdp=65467
[2017.06.21-18.03.43:185][  0]LogSlate: SlateFontCache - WITH_FREETYPE: 1, WITH_HARFBUZZ: 1
[2017.06.21-18.03.43:185][  0]LogSlate: SlateFontCache - WITH_FREETYPE: 1, WITH_HARFBUZZ: 1
[2017.06.21-18.03.44:121][  0]LogUdpMessaging: Initializing bridge on interface 0.0.0.0:0 to multicast group 230.0.0.1:6666.
[2017.06.21-18.03.44:341][  0]SourceControl: Info Source control is disabled
[2017.06.21-18.03.44:343][  0]SourceControl: Info Source control is disabled
[2017.06.21-18.03.44:350][  0]SourceControl: Info Source control is disabled
[2017.06.21-18.03.44:358][  0]SourceControl: Info Source control is disabled
[2017.06.21-18.03.44:546][  0]LogEngine: Initializing Engine...
[2017.06.21-18.03.44:547][  0]LogHMD: SteamVR failed to initialize.  Err: 110
[2017.06.21-18.03.44:548][  0]LogHMD: SteamVR failed to initialize.  Err: 110
[2017.06.21-18.03.44:676][  0]LogAIModule: Creating AISystem for world NewWorld
[2017.06.21-18.03.44:681][  0]LogInit: XAudio2 using 'Speakers (Realtek High Definition Audio)' : 2 channels at 48 kHz using 32 bits per sample (channel mask 0x3)
[2017.06.21-18.03.44:691][  0]LogInit: FAudioDevice initialized.
[2017.06.21-18.03.44:720][  0]LogDerivedDataCache: Saved boot cache 0.03s 62MB C:/Users/s4915809.STUDENT/AppData/Local/UnrealEngine/4.12/DerivedDataCache/Boot.ddc.
[2017.06.21-18.03.44:725][  0]LogInit: Texture streaming: Enabled
[2017.06.21-18.03.44:745][  0]LogInit: Transaction tracking system initialized
[2017.06.21-18.03.44:763][  0]BlueprintLog: New page: Editor Load
[2017.06.21-18.03.44:824][  0]LocalizationService: Info Localization service is disabled
[2017.06.21-18.03.44:880][  0]LogConsoleResponse:Display: 
[2017.06.21-18.03.44:977][  0]LogCook:Display: Max memory allowance for cook 8192mb
[2017.06.21-18.03.44:977][  0]LogCook:Display: Mobile HDR setting 1
[2017.06.21-18.03.45:066][  0]LogFileCache: Scanning file cache for directory 'D:/Reka/MASTER PROJECT/MastersProject/MastersProject/Ava/Content/' took 0.01s
[2017.06.21-18.03.45:067][  0]SourceControl: Info Source control is disabled
[2017.06.21-18.03.45:067][  0]Cmd: MAP LOAD FILE="D:/Reka/MASTER PROJECT/MastersProject/MastersProject/Ava/Content/Ava/Maps/MainMenu.umap" TEMPLATE=0 SHOWPROGRESS=1 FEATURELEVEL=3
[2017.06.21-18.03.45:067][  0]LightingResults: New page: Lighting Build
[2017.06.21-18.03.45:069][  0]MapCheck: New page: Map Check
[2017.06.21-18.03.45:069][  0]LightingResults: New page: Lighting Build
[2017.06.21-18.03.45:171][  0]LogAIModule: Creating AISystem for world MainMenu
[2017.06.21-18.03.45:172][  0]LogEditorServer: Finished looking for orphan Actors (0.000 secs)
[2017.06.21-18.03.45:172][  0]Cmd: MAP CHECKDEP NOCLEARLOG
[2017.06.21-18.03.45:225][  0]MapCheck: Info Map check complete: 0 Error(s), 0 Warning(s), took 51.193ms to complete.
[2017.06.21-18.03.45:225][  0]LogFileHelpers: Loading map 'MainMenu' took 0.157
[2017.06.21-18.03.45:349][  0]LogCollectionManager: Loaded 0 collections in 0.001408 seconds
[2017.06.21-18.03.45:391][  0]LogFileCache: Scanning file cache for directory 'D:/Reka/MASTER PROJECT/MastersProject/MastersProject/Ava/Saved/Collections/' took 0.01s
[2017.06.21-18.03.45:391][  0]LogFileCache: Scanning file cache for directory 'D:/Reka/MASTER PROJECT/MastersProject/MastersProject/Ava/Content/Developers/s4915809/Collections/' took 0.01s
[2017.06.21-18.03.45:391][  0]LogFileCache: Scanning file cache for directory 'D:/Reka/MASTER PROJECT/MastersProject/MastersProject/Ava/Content/Collections/' took 0.01s
[2017.06.21-18.03.45:391][  0]LogCollectionManager: Rebuilt the GUID cache for 0 collections in 0.000002 seconds
[2017.06.21-18.03.45:400][  0]LogContentBrowser: Native class hierarchy populated in 0.0087 seconds. Added 2054 classes and 371 folders.
[2017.06.21-18.03.45:404][  0]LogStats: UGameplayTagsManager::ConstructGameplayTagTree: Construct from data asset -  0.000 s
[2017.06.21-18.03.45:404][  0]LogStats: UGameplayTagsManager::ConstructGameplayTagTree: GameplayTagTreeChangedEvent.Broadcast -  0.000 s
[2017.06.21-18.03.45:405][  0]LogContentBrowser: Native class hierarchy updated for 'GameplayTags' in 0.0015 seconds. Added 12 classes and 0 folders.
[2017.06.21-18.03.45:411][  0]LogContentBrowser: Native class hierarchy updated for 'WidgetCarousel' in 0.0015 seconds. Added 0 classes and 0 folders.
[2017.06.21-18.03.45:469][  0]LogContentBrowser: Native class hierarchy updated for 'AddContentDialog' in 0.0015 seconds. Added 0 classes and 0 folders.
[2017.06.21-18.03.45:474][  0]LogContentBrowser: Native class hierarchy updated for 'SceneOutliner' in 0.0014 seconds. Added 1 classes and 2 folders.
[2017.06.21-18.03.45:485][  0]LogCrashTracker: Crashtracker disabled due to settings.
[2017.06.21-18.03.45:546][  0]LogContentBrowser: Native class hierarchy updated for 'HierarchicalLODOutliner' in 0.0015 seconds. Added 1 classes and 2 folders.
[2017.06.21-18.03.45:546][  0]LogLoad: Full Startup: 7.32 seconds (BP compile: 0.01 seconds)
[2017.06.21-18.03.45:546][  0]LogExternalProfiler: Found external profiler: VSPerf
[2017.06.21-18.03.45:546][  0]LogExternalProfiler: Using external profiler: VSPerf
[2017.06.21-18.03.45:555][  0]LogOcInput: OculusInput pre-init called
[2017.06.21-18.03.45:576][  0]LogContentStreaming: Texture pool size now 1000 MB
[2017.06.21-18.03.45:698][  0]LogRenderer: Reallocating scene render targets to support 1616x860 (Frame:2).
[2017.06.21-18.03.45:738][  1]LogAssetRegistry: Asset discovery search completed in 2.7851 seconds
[2017.06.21-18.03.45:738][  1]LogCollectionManager: Rebuilt the object cache for 0 collections in 0.000001 seconds (found 0 objects)
[2017.06.21-18.03.45:738][  1]LogCollectionManager: Fixed up redirectors for 0 collections in 0.000017 seconds (updated 0 objects)
[2017.06.21-18.03.54:790][446]LogMaterial: Missing cached shader map for material M_Wood_Floor_Walnut_Polished, compiling. 
[2017.06.21-18.03.54:864][446]LogMaterial: Missing cached shader map for material M_Wood_Floor_Walnut_Polished, compiling. 
[2017.06.21-18.03.54:870][446]LogMaterial: 0.00 seconds spent updating 1 materials, 1 interfaces, 0 instances, 0 with static permutations.
[2017.06.21-18.03.54:893][446]LogMaterial: Missing cached shader map for material FMatExpressionPreview MaterialExpressionTextureSample_0, compiling. 
[2017.06.21-18.03.54:896][446]LogMaterial: Missing cached shader map for material FMatExpressionPreview MaterialExpressionTextureSample_2, compiling. 
[2017.06.21-18.03.54:899][446]LogMaterial: Missing cached shader map for material FMatExpressionPreview MaterialExpressionTextureSample_1, compiling. 
[2017.06.21-18.03.54:902][446]LogMaterial: Missing cached shader map for material FMatExpressionPreview MaterialExpressionTextureSample_18, compiling. 
[2017.06.21-18.03.54:905][446]LogMaterial: Missing cached shader map for material FMatExpressionPreview MaterialExpressionConstant3Vector_10, compiling. 
[2017.06.21-18.03.55:846][469]MaterialEditorStats: Info Base pass shader with static lighting: 80 instructions
[2017.06.21-18.03.55:846][469]MaterialEditorStats: Info Base pass shader with only dynamic lighting: 49 instructions
[2017.06.21-18.03.55:846][469]MaterialEditorStats: Info Vertex shader: 31 instructions
[2017.06.21-18.03.55:846][469]MaterialEditorStats: Info Texture samplers: 6/16
[2017.06.21-18.04.05:822][862]Cmd: MAP LOAD FILE="D:/Reka/MASTER PROJECT/MastersProject/MastersProject/Ava/Content/Ava/Maps/MainMenu.umap" TEMPLATE=0 SHOWPROGRESS=1 FEATURELEVEL=3
[2017.06.21-18.04.05:822][862]LightingResults: New page: Lighting Build
[2017.06.21-18.04.05:822][862]LoadErrors: New page: Loading map: MainMenu.umap
[2017.06.21-18.04.05:822][862]MapCheck: New page: Map Check
[2017.06.21-18.04.05:822][862]LightingResults: New page: Lighting Build
[2017.06.21-18.04.05:839][862]LogAIModule: Creating AISystem for world MainMenu
[2017.06.21-18.04.05:840][862]LogEditorServer: Finished looking for orphan Actors (0.000 secs)
[2017.06.21-18.04.05:861][862]Cmd: MAP CHECKDEP NOCLEARLOG
[2017.06.21-18.04.05:916][862]MapCheck: Info Map check complete: 0 Error(s), 0 Warning(s), took 54.413ms to complete.
[2017.06.21-18.04.05:916][862]LogFileHelpers: Loading map 'MainMenu' took 0.095
[2017.06.21-18.04.07:082][922]LogBlueprint:Warning: Compiler Warning InputAction Event references unknown Action 'Crouch' for  InputAction Crouch 
[2017.06.21-18.04.07:084][922]LogBlueprint:Warning: Compiler Warning [0028.86] Compile of Ue4ASP_Character successful, but with 1 Warning(s) [in 6 ms] (/Game/AnimStarterPack/Ue4ASP_Character.Ue4ASP_Character)
[2017.06.21-18.04.07:084][922]LogBlueprint:Warning: Compiler Warning [0028.86] Compile of Ue4ASP_Character successful, but with 2 Warning(s) [in 0 ms] (/Game/AnimStarterPack/Ue4ASP_Character.Ue4ASP_Character)
[2017.06.21-18.04.07:084][922]LogBlueprint:Warning: Compiler Warning [0028.86] Compile of Ue4ASP_Character successful, but with 3 Warning(s) [in 0 ms] (/Game/AnimStarterPack/Ue4ASP_Character.Ue4ASP_Character)
[2017.06.21-18.04.07:145][922]LogBlueprint:Warning: Compiler Warning InputAction Event references unknown Action 'Crouch' for  InputAction Crouch 
[2017.06.21-18.04.07:148][922]LogBlueprint:Warning: Compiler Warning [0028.92] Compile of Ue4ASP_Character successful, but with 1 Warning(s) [in 7 ms] (/Game/AnimStarterPack/Ue4ASP_Character.Ue4ASP_Character)
[2017.06.21-18.04.07:148][922]LogBlueprint:Warning: Compiler Warning [0028.92] Compile of Ue4ASP_Character successful, but with 2 Warning(s) [in 0 ms] (/Game/AnimStarterPack/Ue4ASP_Character.Ue4ASP_Character)
[2017.06.21-18.04.07:149][922]LogBlueprint:Warning: Compiler Warning [0028.92] Compile of Ue4ASP_Character successful, but with 3 Warning(s) [in 0 ms] (/Game/AnimStarterPack/Ue4ASP_Character.Ue4ASP_Character)
[2017.06.21-18.04.07:183][922]LogLinker:Warning: Can't find file '/Game/Environment/mattepaint/mattepaint_skydome_texture'
[2017.06.21-18.04.07:183][922]LogLinker:Warning: Can't find file for asset '/Game/Environment/mattepaint/mattepaint_skydome_texture' while loading ../../../Engine/Content/EngineSky/M_Sky_Panning_Clouds2.uasset.
[2017.06.21-18.04.07:183][922]LoadErrors:Error: Error /Engine/EngineSky/M_Sky_Panning_Clouds2 : Can't find file for asset. /Game/Environment/mattepaint/mattepaint_skydome_texture
[2017.06.21-18.04.07:183][922]LogLinker:Warning: Can't find file '/Game/Environment/mattepaint/mattepaint_skydome_texture'
[2017.06.21-18.04.07:184][922]LogLinker:Warning: Can't find file for asset '/Game/Environment/mattepaint/mattepaint_skydome_texture' while loading ../../../Engine/Content/EngineSky/M_Sky_Panning_Clouds2.uasset.
[2017.06.21-18.04.07:429][922]LogLinker:Warning: Can't find file '/Game/Environment/mattepaint/mattepaint_skydome_texture'
[2017.06.21-18.04.07:429][922]LoadErrors: Info Failed to load /Game/Environment/mattepaint/mattepaint_skydome_texture.mattepaint_skydome_texture Referenced by MaterialExpressionTextureSample_3
[2017.06.21-18.04.07:429][922]LogLinker:Warning: Can't find file for asset '/Game/Environment/mattepaint/mattepaint_skydome_texture' while loading NULL.
[2017.06.21-18.04.07:429][922]LogLinker:Warning: Can't find file '/Game/Environment/mattepaint/mattepaint_skydome_texture'
[2017.06.21-18.04.07:429][922]LoadErrors: Info Failed to load /Game/Environment/mattepaint/mattepaint_skydome_texture.mattepaint_skydome_texture Referenced by MaterialExpressionTextureSample_4
[2017.06.21-18.04.07:429][922]LogLinker:Warning: Can't find file for asset '/Game/Environment/mattepaint/mattepaint_skydome_texture' while loading NULL.
[2017.06.21-18.04.07:457][922]LogMaterial: Missing cached shader map for material M_Rock_Marble_Polished, compiling. 
[2017.06.21-18.04.07:457][922]LogMaterial:Warning: Failed to compile Material /Game/StarterContent/Materials/M_Rock_Marble_Polished.M_Rock_Marble_Polished for platform PCD3D_SM5, Default Material will be used in game.
[2017.06.21-18.04.07:457][922]LogMaterial:Warning: 	(Node TextureSample) TextureSample> Missing input texture
[2017.06.21-18.04.07:457][922]LogMaterial:Warning: 	(Node Desaturation) Missing Desaturation input
[2017.06.21-18.04.07:639][922]LogMaterial: Missing cached shader map for material M_Sky_Panning_Clouds2, compiling. 
[2017.06.21-18.04.07:640][922]LogMaterial:Warning: Failed to compile Material /Engine/EngineSky/M_Sky_Panning_Clouds2.M_Sky_Panning_Clouds2 for platform PCD3D_SM5, Default Material will be used in game.
[2017.06.21-18.04.07:640][922]LogMaterial:Warning: 	(Node TextureSample) TextureSample> Missing input texture
[2017.06.21-18.04.07:640][922]LogMaterial:Warning: 	Function Blend_Overlay: (Node If) If input A must be of type float.
[2017.06.21-18.04.07:676][922]LogMaterial: Missing cached shader map for material M_Basic_Wall, compiling. 
[2017.06.21-18.04.07:676][922]LogMaterial:Warning: Failed to compile Material /Game/StarterContent/Materials/M_Basic_Wall.M_Basic_Wall for platform PCD3D_SM5, Default Material will be used in game.
[2017.06.21-18.04.07:676][922]LogMaterial:Warning: 	(Node TextureSample) TextureSample> Missing input texture
[2017.06.21-18.04.07:720][922]LogAIModule: Creating AISystem for world PalaceLevel
[2017.06.21-18.04.07:763][922]Cmd: MAP LOAD FILE="D:/Reka/MASTER PROJECT/MastersProject/MastersProject/Ava/Content/Ava/Maps/PalaceLevel.umap" TEMPLATE=0 SHOWPROGRESS=1 FEATURELEVEL=3
[2017.06.21-18.04.07:763][922]LightingResults: New page: Lighting Build
[2017.06.21-18.04.07:764][922]LoadErrors: New page: Loading map: PalaceLevel.umap
[2017.06.21-18.04.07:764][922]MapCheck: New page: Map Check
[2017.06.21-18.04.07:764][922]LightingResults: New page: Lighting Build
[2017.06.21-18.04.07:788][922]LogEditorServer: Finished looking for orphan Actors (0.000 secs)
[2017.06.21-18.04.07:809][922]Cmd: MAP CHECKDEP NOCLEARLOG
[2017.06.21-18.04.07:886][922]MapCheck: Info Map check complete: 0 Error(s), 0 Warning(s), took 76.566ms to complete.
[2017.06.21-18.04.07:886][922]LogFileHelpers: Loading map 'PalaceLevel' took 0.123
[2017.06.21-18.04.55:071][185]LogEditorViewport: Clicking on Actor (LMB): BP_Sky_Sphere_C (BP_Sky_Sphere)
[2017.06.21-18.05.10:966][514]LogStaticMesh: Building static mesh Green_Tara_combined...
[2017.06.21-18.05.12:261][514]LogStaticMesh: Built static mesh [1.30s] /Game/Ava/Modelling/Green_Tara_combined.Green_Tara_combined
[2017.06.21-18.05.50:347][875]LogFactory: FactoryCreateFile: StaticMesh with FbxFactory (0 0 D:\Reka\MASTER PROJECT\Master Content\Production\Modelling\Green Room\FBX\bench2.fbx)
[2017.06.21-18.05.50:415][875]LogFbx: ItemName: GlobalSettings, ItemCount : 1
[2017.06.21-18.05.50:415][875]LogFbx: ItemName: AnimationStack, ItemCount : 1
[2017.06.21-18.05.50:415][875]LogFbx: ItemName: AnimationLayer, ItemCount : 1
[2017.06.21-18.05.50:415][875]LogFbx: ItemName: Geometry, ItemCount : 1
[2017.06.21-18.05.50:415][875]LogFbx: ItemName: Material, ItemCount : 1
[2017.06.21-18.05.50:415][875]LogFbx: ItemName: Texture, ItemCount : 1
[2017.06.21-18.05.50:415][875]LogFbx: ItemName: Model, ItemCount : 1
[2017.06.21-18.05.50:415][875]LogFbx: ItemName: Video, ItemCount : 1
[2017.06.21-18.05.50:419][875]LogFbx: Loading FBX Scene from D:\Reka\MASTER PROJECT\Master Content\Production\Modelling\Green Room\FBX\bench2.fbx
[2017.06.21-18.05.50:429][875]LogFbx: FBX Scene Loaded Succesfully
[2017.06.21-18.05.54:912][875]LogFbx: Loading FBX Scene from D:\Reka\MASTER PROJECT\Master Content\Production\Modelling\Green Room\FBX\bench2.fbx
[2017.06.21-18.05.54:921][875]LogFbx: FBX Scene Loaded Succesfully
[2017.06.21-18.05.54:924][875]LogLinker:Warning: Can't find file '/Game/Ava/Modelling/GreenRoom/Objects/initialShadingGroup1'
[2017.06.21-18.05.54:924][875]LogLinker:Warning: Can't find file '/Game/Ava/Modelling/GreenRoom/Objects/initialShadingGroup1'
[2017.06.21-18.05.54:925][875]LogLinker:Warning: Can't find file '/Game/Ava/Modelling/GreenRoom/Objects/bench2_2'
[2017.06.21-18.05.54:925][875]LogLinker:Warning: Can't find file '/Game/Ava/Modelling/GreenRoom/Objects/bench2_2'
[2017.06.21-18.05.54:925][875]LogUObjectGlobals:Warning: Failed to find object 'Texture /Game/Ava/Modelling/GreenRoom/Objects/bench2_2.bench2_2'
[2017.06.21-18.05.54:976][875]LogTexture:Display: Building textures: bench2_2 (AutoDXT)
[2017.06.21-18.05.55:493][875]LogMaterial: Missing cached shader map for material initialShadingGroup1, compiling. 
[2017.06.21-18.05.55:512][875]LogFbx:Warning: Triangulating static mesh Bench3:Bench2
[2017.06.21-18.05.55:593][875]LogStaticMesh: Building static mesh bench2...
[2017.06.21-18.05.55:604][875]LogStaticMesh: Built static mesh [0.01s] /Game/Ava/Modelling/GreenRoom/Objects/bench2.bench2
[2017.06.21-18.06.38:354][372]LogAssetTools:Warning: Failed to import 'D:\Reka\MASTER PROJECT\Master Content\Production\Texturing\GreenRoom\Objects\Diff\Bench2_diff.tif'. Unknown extension 'tif'.
[2017.06.21-18.08.24:937][719]LogAssetTools:Warning: Failed to import 'D:\Reka\MASTER PROJECT\Master Content\Production\Texturing\GreenRoom\Objects\Diff\Bench2_diff.tif'. Unknown extension 'tif'.
[2017.06.21-18.08.43:429][879]LogFactory: FactoryCreateFile: Texture with ReimportTextureFactory (0 0 D:\Reka\MASTER PROJECT\Master Content\Production\Texturing\GreenRoom\Objects\Diff\Bench2_diff.png)
[2017.06.21-18.08.43:439][879]Error: Texture import failed
[2017.06.21-18.09.45:188][879]LogAssetTools:Warning: Failed to import 'D:\Reka\MASTER PROJECT\Master Content\Production\Texturing\GreenRoom\Objects\Diff\Bench2_diff.png'. Failed to create asset '/Game/Ava/Textures/Green_Room/Objects/Bench2_diff'
[2017.06.21-18.10.48:316][180]LogFactory: FactoryCreateFile: Texture with ReimportTextureFactory (0 0 D:\Reka\MASTER PROJECT\Master Content\Production\Texturing\GreenRoom\Objects\Diff\Bench2_diff.png)
[2017.06.21-18.10.48:329][180]Error: Texture import failed
[2017.06.21-18.11.02:058][180]LogAssetTools:Warning: Failed to import 'D:\Reka\MASTER PROJECT\Master Content\Production\Texturing\GreenRoom\Objects\Diff\Bench2_diff.png'. Failed to create asset '/Game/Ava/Textures/Green_Room/Objects/Bench2_diff'
[2017.06.21-18.11.16:516][281]LogFactory: FactoryCreateFile: Texture with ReimportTextureFactory (0 0 D:\Reka\MASTER PROJECT\Master Content\Production\Texturing\GreenRoom\Objects\Diff\Bench2_diff.png.png)
[2017.06.21-18.11.16:525][281]Error: Texture import failed
[2017.06.21-18.11.18:361][281]LogAssetTools:Warning: Failed to import 'D:\Reka\MASTER PROJECT\Master Content\Production\Texturing\GreenRoom\Objects\Diff\Bench2_diff.png.png'. Failed to create asset '/Game/Ava/Textures/Green_Room/Objects/Bench2_diff_png'
[2017.06.21-18.11.21:796][340]Cmd: QUIT_EDITOR
[2017.06.21-18.11.21:844][340]LogExit: Preparing to exit.
[2017.06.21-18.11.22:265][340]LogExit: Editor shut down
[2017.06.21-18.11.22:265][340]LogExit: Transaction tracking system shut down
[2017.06.21-18.11.22:367][340]LogObj: Freed 0b from 0 cluster array pools.
[2017.06.21-18.11.22:367][340]LogExit: Object subsystem successfully closed.
[2017.06.21-18.11.22:382][340]LogD3D11RHI: Shutdown
[2017.06.21-18.11.22:382][340]LogD3D11RHI: CleanupD3DDevice
[2017.06.21-18.11.22:453][340]LogD3D11RHI: ~FD3D11DynamicRHI
[2017.06.21-18.11.22:470][340]LogModuleManager: Shutting down and abandoning module StaticMeshEditor (216)
[2017.06.21-18.11.22:470][340]LogModuleManager: Shutting down and abandoning module MaterialEditor (215)
[2017.06.21-18.11.22:470][340]LogModuleManager: Shutting down and abandoning module HierarchicalLODOutliner (214)
[2017.06.21-18.11.22:470][340]LogModuleManager: Shutting down and abandoning module CrashTracker (213)
[2017.06.21-18.11.22:470][340]LogModuleManager: Shutting down and abandoning module SceneOutliner (212)
[2017.06.21-18.11.22:470][340]LogModuleManager: Shutting down and abandoning module WidgetCarousel (211)
[2017.06.21-18.11.22:470][340]LogModuleManager: Shutting down and abandoning module AddContentDialog (210)
[2017.06.21-18.11.22:471][340]LogModuleManager: Shutting down and abandoning module GameplayTags (209)
[2017.06.21-18.11.22:471][340]LogModuleManager: Shutting down and abandoning module EditorWidgets (208)
[2017.06.21-18.11.22:471][340]LogModuleManager: Shutting down and abandoning module CollectionManager (207)
[2017.06.21-18.11.22:472][340]LogModuleManager: Shutting down and abandoning module StatsViewer (206)
[2017.06.21-18.11.22:472][340]LogModuleManager: Shutting down and abandoning module FoliageEdit (205)
[2017.06.21-18.11.22:472][340]LogModuleManager: Shutting down and abandoning module LandscapeEditor (204)
[2017.06.21-18.11.22:472][340]LogModuleManager: Shutting down and abandoning module SceneDepthPickerMode (203)
[2017.06.21-18.11.22:472][340]LogModuleManager: Shutting down and abandoning module ActorPickerMode (202)
[2017.06.21-18.11.22:472][340]LogModuleManager: Shutting down and abandoning module GeometryMode (201)
[2017.06.21-18.11.22:472][340]LogModuleManager: Shutting down and abandoning module TextureAlignMode (200)
[2017.06.21-18.11.22:472][340]LogModuleManager: Shutting down and abandoning module BspMode (199)
[2017.06.21-18.11.22:472][340]LogModuleManager: Shutting down and abandoning module HardwareSurvey (198)
[2017.06.21-18.11.22:472][340]LogModuleManager: Shutting down and abandoning module SequenceRecorderSections (197)
[2017.06.21-18.11.22:472][340]LogModuleManager: Shutting down and abandoning module SequenceRecorder (196)
[2017.06.21-18.11.22:472][340]LogModuleManager: Shutting down and abandoning module AutomationWorker (195)
[2017.06.21-18.11.22:472][340]LogModuleManager: Shutting down and abandoning module MatineeToLevelSequence (194)
[2017.06.21-18.11.22:472][340]LogModuleManager: Shutting down and abandoning module PlacementMode (193)
[2017.06.21-18.11.22:472][340]LogModuleManager: Shutting down and abandoning module LevelSequenceEditor (192)
[2017.06.21-18.11.22:472][340]LogModuleManager: Shutting down and abandoning module CharacterAI (191)
[2017.06.21-18.11.22:472][340]LogModuleManager: Shutting down and abandoning module SmartSnapping (190)
[2017.06.21-18.11.22:472][340]LogModuleManager: Shutting down and abandoning module SessionServices (189)
[2017.06.21-18.11.22:472][340]LogModuleManager: Shutting down and abandoning module ViewportSnapping (188)
[2017.06.21-18.11.22:472][340]LogModuleManager: Shutting down and abandoning module LogVisualizer (187)
[2017.06.21-18.11.22:472][340]LogModuleManager: Shutting down and abandoning module GameProjectGeneration (186)
[2017.06.21-18.11.22:472][340]LogModuleManager: Shutting down and abandoning module IntroTutorials (185)
[2017.06.21-18.11.22:472][340]LogModuleManager: Shutting down and abandoning module EditorLiveStreaming (184)
[2017.06.21-18.11.22:472][340]LogModuleManager: Shutting down and abandoning module IOSPlatformEditor (183)
[2017.06.21-18.11.22:472][340]LogModuleManager: Shutting down and abandoning module HTML5PlatformEditor (182)
[2017.06.21-18.11.22:472][340]LogModuleManager: Shutting down and abandoning module AndroidDeviceDetection (181)
[2017.06.21-18.11.22:951][340]LogModuleManager: Shutting down and abandoning module AndroidPlatformEditor (180)
[2017.06.21-18.11.22:951][340]LogModuleManager: Shutting down and abandoning module IOSRuntimeSettings (179)
[2017.06.21-18.11.22:951][340]LogModuleManager: Shutting down and abandoning module AndroidRuntimeSettings (178)
[2017.06.21-18.11.22:951][340]LogModuleManager: Shutting down and abandoning module MergeActors (177)
[2017.06.21-18.11.22:951][340]LogModuleManager: Shutting down and abandoning module SizeMap (176)
[2017.06.21-18.11.22:951][340]LogModuleManager: Shutting down and abandoning module TreeMap (175)
[2017.06.21-18.11.22:951][340]LogModuleManager: Shutting down and abandoning module ReferenceViewer (174)
[2017.06.21-18.11.22:951][340]LogModuleManager: Shutting down and abandoning module LocalizationService (173)
[2017.06.21-18.11.22:951][340]LogModuleManager: Shutting down and abandoning module LocalizationDashboard (172)
[2017.06.21-18.11.22:951][340]LogModuleManager: Shutting down and abandoning module HardwareTargeting (171)
[2017.06.21-18.11.22:951][340]LogModuleManager: Shutting down and abandoning module DeviceProfileEditor (170)
[2017.06.21-18.11.22:951][340]LogModuleManager: Shutting down and abandoning module UndoHistory (169)
[2017.06.21-18.11.22:951][340]LogModuleManager: Shutting down and abandoning module UserFeedback (168)
[2017.06.21-18.11.22:951][340]LogModuleManager: Shutting down and abandoning module XmlParser (167)
[2017.06.21-18.11.22:951][340]LogModuleManager: Shutting down and abandoning module Blutility (166)
[2017.06.21-18.11.22:951][340]LogModuleManager: Shutting down and abandoning module ProjectTargetPlatformEditor (165)
[2017.06.21-18.11.22:952][340]LogModuleManager: Shutting down and abandoning module ProjectSettingsViewer (164)
[2017.06.21-18.11.22:952][340]LogModuleManager: Shutting down and abandoning module InputBindingEditor (163)
[2017.06.21-18.11.22:952][340]LogModuleManager: Shutting down and abandoning module EditorSettingsViewer (162)
[2017.06.21-18.11.22:952][340]LogModuleManager: Shutting down and abandoning module SettingsEditor (161)
[2017.06.21-18.11.22:952][340]LogModuleManager: Shutting down and abandoning module ProjectLauncher (160)
[2017.06.21-18.11.22:952][340]LogModuleManager: Shutting down and abandoning module SessionFrontend (159)
[2017.06.21-18.11.22:952][340]LogModuleManager: Shutting down and abandoning module ProfilerClient (158)
[2017.06.21-18.11.22:952][340]LogModuleManager: Shutting down and abandoning module TargetDeviceServices (157)
[2017.06.21-18.11.22:952][340]LogModuleManager: Shutting down and abandoning module DeviceManager (156)
[2017.06.21-18.11.23:002][340]LogModuleManager: Shutting down and abandoning module AutomationController (155)
[2017.06.21-18.11.23:002][340]LogModuleManager: Shutting down and abandoning module AutomationWindow (154)
[2017.06.21-18.11.23:002][340]LogModuleManager: Shutting down and abandoning module Layers (153)
[2017.06.21-18.11.23:002][340]LogModuleManager: Shutting down and abandoning module ComponentVisualizers (152)
[2017.06.21-18.11.23:002][340]LogModuleManager: Shutting down and abandoning module DetailCustomizations (151)
[2017.06.21-18.11.23:002][340]LogModuleManager: Shutting down and abandoning module PackagesDialog (150)
[2017.06.21-18.11.23:002][340]LogModuleManager: Shutting down and abandoning module Persona (149)
[2017.06.21-18.11.23:002][340]LogModuleManager: Shutting down and abandoning module Kismet (148)
[2017.06.21-18.11.23:002][340]LogModuleManager: Shutting down and abandoning module GraphEditor (147)
[2017.06.21-18.11.23:002][340]LogModuleManager: Shutting down and abandoning module ClassViewer (146)
[2017.06.21-18.11.23:002][340]LogModuleManager: Shutting down and abandoning module Toolbox (145)
[2017.06.21-18.11.23:002][340]LogModuleManager: Shutting down and abandoning module ModuleUI (144)
[2017.06.21-18.11.23:002][340]LogModuleManager: Shutting down and abandoning module MovieSceneTools (143)
[2017.06.21-18.11.23:002][340]LogModuleManager: Shutting down and abandoning module OutputLog (142)
[2017.06.21-18.11.23:002][340]LogModuleManager: Shutting down and abandoning module GammaUI (141)
[2017.06.21-18.11.23:002][340]LogModuleManager: Shutting down and abandoning module Documentation (140)
[2017.06.21-18.11.23:002][340]LogModuleManager: Shutting down and abandoning module StreamingPauseRendering (139)
[2017.06.21-18.11.23:002][340]LogModuleManager: Shutting down and abandoning module AnalyticsET (138)
[2017.06.21-18.11.23:002][340]LogModuleManager: Shutting down and abandoning module Analytics (137)
[2017.06.21-18.11.23:002][340]LogModuleManager: Shutting down and abandoning module PortalServices (136)
[2017.06.21-18.11.23:002][340]LogModuleManager: Shutting down and abandoning module PortalRpc (135)
[2017.06.21-18.11.23:002][340]LogModuleManager: Shutting down and abandoning module MessagingRpc (134)
[2017.06.21-18.11.23:002][340]LogModuleManager: Shutting down and abandoning module GameplayDebugger (133)
[2017.06.21-18.11.23:002][340]LogModuleManager: Shutting down and abandoning module AITestSuite (132)
[2017.06.21-18.11.23:002][340]LogModuleManager: Shutting down and abandoning module AIModule (131)
[2017.06.21-18.11.23:002][340]LogModuleManager: Shutting down and abandoning module ProfilerService (130)
[2017.06.21-18.11.23:059][340]LogModuleManager: Shutting down and abandoning module TaskGraph (129)
[2017.06.21-18.11.23:059][340]LogModuleManager: Shutting down and abandoning module SlateRemote (128)
[2017.06.21-18.11.23:059][340]LogModuleManager: Shutting down and abandoning module SteamVRController (127)
[2017.06.21-18.11.23:059][340]LogModuleManager: Shutting down and abandoning module SteamVR (126)
[2017.06.21-18.11.23:059][340]LogModuleManager: Shutting down and abandoning module ProceduralMeshComponent (125)
[2017.06.21-18.11.23:059][340]LogModuleManager: Shutting down and abandoning module OculusLibrary (124)
[2017.06.21-18.11.23:059][340]LogModuleManager: Shutting down and abandoning module OculusInput (123)
[2017.06.21-18.11.23:059][340]LogModuleManager: Shutting down and abandoning module CustomMeshComponent (122)
[2017.06.21-18.11.23:059][340]LogModuleManager: Shutting down and abandoning module CableComponent (121)
[2017.06.21-18.11.23:059][340]LogModuleManager: Shutting down and abandoning module ArchVisCharacter (120)
[2017.06.21-18.11.23:059][340]LogModuleManager: Shutting down and abandoning module MediaPlayerEditor (119)
[2017.06.21-18.11.23:060][340]LogModuleManager: Shutting down and abandoning module HTML5Networking (118)
[2017.06.21-18.11.23:060][340]LogModuleManager: Shutting down and abandoning module SuperSearch (117)
[2017.06.21-18.11.23:060][340]LogModuleManager: Shutting down and abandoning module SuperSearchEditor (116)
[2017.06.21-18.11.23:060][340]LogModuleManager: Shutting down and abandoning module SpeedTreeImporter (115)
[2017.06.21-18.11.23:060][340]LogModuleManager: Shutting down and abandoning module PluginBrowser (114)
[2017.06.21-18.11.23:060][340]LogModuleManager: Shutting down and abandoning module EpicSurvey (113)
[2017.06.21-18.11.23:060][340]LogModuleManager: Shutting down and abandoning module DesktopPlatform (112)
[2017.06.21-18.11.23:060][340]LogModuleManager: Shutting down and abandoning module VisualStudioSourceCodeAccess (111)
[2017.06.21-18.11.23:060][340]LogModuleManager: Shutting down and abandoning module UObjectPlugin (110)
[2017.06.21-18.11.23:060][340]LogModuleManager: Shutting down and abandoning module SubversionSourceControl (109)
[2017.06.21-18.11.23:060][340]LogModuleManager: Shutting down and abandoning module PerforceSourceControl (108)
[2017.06.21-18.11.23:060][340]LogModuleManager: Shutting down and abandoning module SourceControl (107)
[2017.06.21-18.11.23:060][340]LogModuleManager: Shutting down and abandoning module GitSourceControl (106)
[2017.06.21-18.11.23:060][340]LogModuleManager: Shutting down and abandoning module LightPropagationVolumeEditor (105)
[2017.06.21-18.11.23:060][340]LogModuleManager: Shutting down and abandoning module PaperTiledImporter (104)
[2017.06.21-18.11.23:060][340]LogModuleManager: Shutting down and abandoning module PaperSpriteSheetImporter (103)
[2017.06.21-18.11.23:060][340]LogModuleManager: Shutting down and abandoning module MeshPaint (102)
[2017.06.21-18.11.23:060][340]LogModuleManager: Shutting down and abandoning module PixelInspectorModule (101)
[2017.06.21-18.11.23:060][340]LogModuleManager: Shutting down and abandoning module HotReload (100)
[2017.06.21-18.11.23:061][340]LogModuleManager: Shutting down and abandoning module MainFrame (99)
[2017.06.21-18.11.23:061][340]LogModuleManager: Shutting down and abandoning module LevelEditor (98)
[2017.06.21-18.11.23:062][340]LogModuleManager: Shutting down and abandoning module ContentBrowser (97)
[2017.06.21-18.11.23:062][340]LogModuleManager: Shutting down and abandoning module Paper2DEditor (96)
[2017.06.21-18.11.23:062][340]LogModuleManager: Shutting down and abandoning module Ava (95)
[2017.06.21-18.11.23:063][340]LogModuleManager: Shutting down and abandoning module UdpMessaging (94)
[2017.06.21-18.11.23:163][340]LogModuleManager: Shutting down and abandoning module LightPropagationVolumeRuntime (93)
[2017.06.21-18.11.23:163][340]LogModuleManager: Shutting down and abandoning module Paper2D (92)
[2017.06.21-18.11.23:163][340]LogModuleManager: Shutting down and abandoning module WindowsMoviePlayer (91)
[2017.06.21-18.11.23:163][340]LogModuleManager: Shutting down and abandoning module Media (90)
[2017.06.21-18.11.23:163][340]LogModuleManager: Shutting down and abandoning module WmfMedia (89)
[2017.06.21-18.11.23:163][340]LogModuleManager: Shutting down and abandoning module MediaAssets (88)
[2017.06.21-18.11.23:163][340]LogModuleManager: Shutting down and abandoning module GameLiveStreaming (87)
[2017.06.21-18.11.23:164][340]LogModuleManager: Shutting down and abandoning module GameplayTagsEditor (86)
[2017.06.21-18.11.23:164][340]LogModuleManager: Shutting down and abandoning module OnlineBlueprintSupport (85)
[2017.06.21-18.11.23:164][340]LogModuleManager: Shutting down and abandoning module VREditor (84)
[2017.06.21-18.11.23:164][340]LogModuleManager: Shutting down and abandoning module GameplayTasksEditor (83)
[2017.06.21-18.11.23:164][340]LogModuleManager: Shutting down and abandoning module PropertyEditor (82)
[2017.06.21-18.11.23:164][340]LogModuleManager: Shutting down and abandoning module BehaviorTreeEditor (81)
[2017.06.21-18.11.23:164][340]LogModuleManager: Shutting down and abandoning module FunctionalTesting (80)
[2017.06.21-18.11.23:164][340]LogModuleManager: Shutting down and abandoning module CollisionAnalyzer (79)
[2017.06.21-18.11.23:164][340]LogModuleManager: Shutting down and abandoning module Sequencer (78)
[2017.06.21-18.11.23:164][340]LogModuleManager: Shutting down and abandoning module WorkspaceMenuStructure (77)
[2017.06.21-18.11.23:164][340]LogModuleManager: Shutting down and abandoning module MessageLog (76)
[2017.06.21-18.11.23:164][340]LogModuleManager: Shutting down and abandoning module AssetTools (75)
[2017.06.21-18.11.23:164][340]LogModuleManager: Shutting down and abandoning module UMGEditor (74)
[2017.06.21-18.11.23:164][340]LogModuleManager: Shutting down and abandoning module UMG (73)
[2017.06.21-18.11.23:164][340]LogModuleManager: Shutting down and abandoning module SlateReflector (72)
[2017.06.21-18.11.23:164][340]LogModuleManager: Shutting down and abandoning module Slate (71)
[2017.06.21-18.11.23:164][340]LogModuleManager: Shutting down and abandoning module EditorStyle (70)
[2017.06.21-18.11.23:167][340]LogModuleManager: Shutting down and abandoning module SourceCodeAccess (69)
[2017.06.21-18.11.23:167][340]LogModuleManager: Shutting down and abandoning module HeadMountedDisplay (68)
[2017.06.21-18.11.23:167][340]LogModuleManager: Shutting down and abandoning module XAudio2 (67)
[2017.06.21-18.11.23:167][340]LogModuleManager: Shutting down and abandoning module Networking (65)
[2017.06.21-18.11.23:167][340]LogModuleManager: Shutting down and abandoning module Core (64)
[2017.06.21-18.11.23:167][340]LogModuleManager: Shutting down and abandoning module DirectoryWatcher (63)
[2017.06.21-18.11.23:168][340]LogModuleManager: Shutting down and abandoning module AssetRegistry (62)
[2017.06.21-18.11.23:288][340]LogModuleManager: Shutting down and abandoning module KismetCompiler (61)
[2017.06.21-18.11.23:288][340]LogModuleManager: Shutting down and abandoning module PhysXFormats (60)
[2017.06.21-18.11.23:288][340]LogModuleManager: Shutting down and abandoning module MeshUtilities (59)
[2017.06.21-18.11.23:288][340]LogModuleManager: Shutting down and abandoning module DerivedDataCache (58)
[2017.06.21-18.11.23:350][340]LogDerivedDataCache: Shutdown
[2017.06.21-18.11.23:350][340]LogModuleManager: Shutting down and abandoning module VulkanShaderFormat (57)
[2017.06.21-18.11.23:350][340]LogModuleManager: Shutting down and abandoning module ShaderFormatOpenGL (56)
[2017.06.21-18.11.23:350][340]LogModuleManager: Shutting down and abandoning module ShaderFormatD3D (55)
[2017.06.21-18.11.23:350][340]LogModuleManager: Shutting down and abandoning module MetalShaderFormat (54)
[2017.06.21-18.11.23:350][340]LogModuleManager: Shutting down and abandoning module TextureFormatUncompressed (53)
[2017.06.21-18.11.23:350][340]LogModuleManager: Shutting down and abandoning module TextureFormatPVR (52)
[2017.06.21-18.11.23:350][340]LogModuleManager: Shutting down and abandoning module TextureFormatIntelISPCTexComp (51)
[2017.06.21-18.11.23:350][340]LogModuleManager: Shutting down and abandoning module TextureFormatDXT (50)
[2017.06.21-18.11.23:350][340]LogModuleManager: Shutting down and abandoning module ImageWrapper (49)
[2017.06.21-18.11.23:350][340]LogModuleManager: Shutting down and abandoning module TextureFormatASTC (48)
[2017.06.21-18.11.23:350][340]LogModuleManager: Shutting down and abandoning module TextureFormatAndroid (47)
[2017.06.21-18.11.23:350][340]LogModuleManager: Shutting down and abandoning module AudioFormatOpus (46)
[2017.06.21-18.11.23:350][340]LogModuleManager: Shutting down and abandoning module AudioFormatOgg (45)
[2017.06.21-18.11.23:350][340]LogModuleManager: Shutting down and abandoning module AudioFormatADPCM (44)
[2017.06.21-18.11.23:350][340]LogModuleManager: Shutting down and abandoning module LinuxTargetPlatform (43)
[2017.06.21-18.11.23:350][340]LogModuleManager: Shutting down and abandoning module LinuxServerTargetPlatform (42)
[2017.06.21-18.11.23:350][340]LogModuleManager: Shutting down and abandoning module LinuxNoEditorTargetPlatform (41)
[2017.06.21-18.11.23:350][340]LogModuleManager: Shutting down and abandoning module TVOSTargetPlatform (40)
[2017.06.21-18.11.23:350][340]LogModuleManager: Shutting down and abandoning module Messaging (39)
[2017.06.21-18.11.23:350][340]LogModuleManager: Shutting down and abandoning module IOSTargetPlatform (38)
[2017.06.21-18.11.23:350][340]LogModuleManager: Shutting down and abandoning module HTML5TargetPlatform (37)
[2017.06.21-18.11.23:351][340]LogModuleManager: Shutting down and abandoning module Android_PVRTCTargetPlatform (36)
[2017.06.21-18.11.23:351][340]LogModuleManager: Shutting down and abandoning module Android_MultiTargetPlatform (35)
[2017.06.21-18.11.23:351][340]LogModuleManager: Shutting down and abandoning module Android_ETC2TargetPlatform (34)
[2017.06.21-18.11.23:351][340]LogModuleManager: Shutting down and abandoning module Android_ETC1TargetPlatform (33)
[2017.06.21-18.11.23:351][340]LogModuleManager: Shutting down and abandoning module Android_DXTTargetPlatform (32)
[2017.06.21-18.11.23:351][340]LogModuleManager: Shutting down and abandoning module Android_ATCTargetPlatform (31)
[2017.06.21-18.11.23:351][340]LogModuleManager: Shutting down and abandoning module Android_ASTCTargetPlatform (30)
[2017.06.21-18.11.23:351][340]LogModuleManager: Shutting down and abandoning module AndroidTargetPlatform (29)
[2017.06.21-18.11.23:351][340]LogModuleManager: Shutting down and abandoning module WindowsTargetPlatform (28)
[2017.06.21-18.11.23:351][340]LogModuleManager: Shutting down and abandoning module WindowsServerTargetPlatform (27)
[2017.06.21-18.11.23:351][340]LogModuleManager: Shutting down and abandoning module WindowsNoEditorTargetPlatform (26)
[2017.06.21-18.11.23:351][340]LogModuleManager: Shutting down and abandoning module WindowsClientTargetPlatform (25)
[2017.06.21-18.11.23:351][340]LogModuleManager: Shutting down and abandoning module AllDesktopTargetPlatform (24)
[2017.06.21-18.11.23:351][340]LogModuleManager: Shutting down and abandoning module TargetPlatform (23)
[2017.06.21-18.11.23:351][340]LogModuleManager: Shutting down and abandoning module InputCore (22)
[2017.06.21-18.11.23:351][340]LogModuleManager: Shutting down and abandoning module Settings (21)
[2017.06.21-18.11.23:351][340]LogModuleManager: Shutting down and abandoning module OnlineSubsystem (19)
[2017.06.21-18.11.23:351][340]LogModuleManager: Shutting down and abandoning module HTTP (18)
[2017.06.21-18.11.26:353][340]LogModuleManager: Shutting down and abandoning module XMPP (17)
[2017.06.21-18.11.26:353][340]LogModuleManager: Shutting down and abandoning module OculusRift (16)
[2017.06.21-18.11.26:353][340]LogModuleManager: Shutting down and abandoning module ExampleDeviceProfileSelector (15)
[2017.06.21-18.11.26:353][340]LogModuleManager: Shutting down and abandoning module TextureCompressor (14)
[2017.06.21-18.11.26:353][340]LogModuleManager: Shutting down and abandoning module ShaderCore (13)
[2017.06.21-18.11.26:353][340]LogModuleManager: Shutting down and abandoning module Landscape (12)
[2017.06.21-18.11.26:353][340]LogModuleManager: Shutting down and abandoning module SlateRHIRenderer (11)
[2017.06.21-18.11.26:355][340]LogModuleManager: Shutting down and abandoning module OpenGLDrv (10)
[2017.06.21-18.11.26:355][340]LogModuleManager: Shutting down and abandoning module D3D11RHI (9)
[2017.06.21-18.11.26:355][340]LogModuleManager: Shutting down and abandoning module AnimGraphRuntime (8)
[2017.06.21-18.11.26:355][340]LogModuleManager: Shutting down and abandoning module Renderer (7)
[2017.06.21-18.11.26:355][340]LogModuleManager: Shutting down and abandoning module Engine (6)
[2017.06.21-18.11.26:355][340]LogModuleManager: Shutting down and abandoning module CoreUObject (5)
[2017.06.21-18.11.26:355][340]LogModuleManager: Shutting down and abandoning module NetworkFile (4)
[2017.06.21-18.11.26:355][340]LogModuleManager: Shutting down and abandoning module StreamingFile (3)
[2017.06.21-18.11.26:355][340]LogModuleManager: Shutting down and abandoning module SandboxFile (2)
[2017.06.21-18.11.26:355][340]LogModuleManager: Shutting down and abandoning module PakFile (1)
[2017.06.21-18.11.26:357][340]LogExit: Exiting.
[2017.06.21-18.11.26:358][340]Log file closed, 06/21/17 19:11:26
