Log file open, 07/10/17 11:08:45
LogInit:Display: Running engine for game: Ava
LogPlatformFile: Not using cached read wrapper
LogInit:Display: RandInit(1331242287) SRandInit(1331242288).
LogTaskGraph: Started task graph with 4 named threads and 7 total threads with 1 sets of task threads.
LogStats: Stats thread started at 0.074620
LogInit: Version: 4.12.5-3039270+++UE4+Release-4.12
LogInit: API Version: 2992821
LogInit: Net Version: 3039270
LogDevObjectVersion: Number of dev versions registered: 13
LogDevObjectVersion:   Dev-Blueprints (B0D832E4-1F89-4F0D-ACCF-7EB736FD4AA2): 3
LogDevObjectVersion:   Dev-Build (E1C64328-A22C-4D53-A36C-8E866417BD8C): 0
LogDevObjectVersion:   Dev-Core (375EC13C-06E4-48FB-B500-84F0262A717E): 1
LogDevObjectVersion:   Dev-Editor (E4B068ED-F494-42E9-A231-DA0B2E46BB41): 2
LogDevObjectVersion:   Dev-Framework (CFFC743F-43B0-4480-9391-14DF171D2073): 6
LogDevObjectVersion:   Dev-Mobile (B02B49B5-BB20-44E9-A304-32B752E40360): 0
LogDevObjectVersion:   Dev-Networking (A4E4105C-59A1-49B5-A7C5-40C4547EDFEE): 0
LogDevObjectVersion:   Dev-Online (39C831C9-5AE6-47DC-9A44-9C173E1C8E7C): 0
LogDevObjectVersion:   Dev-Physics (78F01B33-EBEA-4F98-B9B4-84EACCB95AA2): 0
LogDevObjectVersion:   Dev-Platform (6631380F-2D4D-43E0-8009-CF276956A95A): 0
LogDevObjectVersion:   Dev-Rendering (12F88B9F-8875-4AFC-A67C-D90C383ABD29): 2
LogDevObjectVersion:   Dev-Sequencer (7B5AE74C-D270-4C10-A958-57980B212A5A): 0
LogDevObjectVersion:   Dev-VR (D7296918-1DD6-4BDD-9DE2-64A83CC13884): 0
LogInit: Compiled (64-bit): Jul  6 2016 09:09:46
LogInit: Compiled with Visual C++: 19.00.23026.00
LogInit: Build Configuration: Development
LogInit: Branch Name: ++UE4+Release-4.12
LogInit: Command line:  
LogInit: Base directory: C:/Program Files/Epic Games/UE_4.12/Engine/Binaries/Win64/
LogInit: Installed Engine Build: 1
LogInit: Using libcurl 7.41.0
LogInit:  - built for x86_64-pc-win32
LogInit:  - supports SSL with WinSSL
LogInit:  - other features:
LogInit:      CURL_VERSION_SSL
LogInit:      CURL_VERSION_IPV6
LogInit:      CURL_VERSION_ASYNCHDNS
LogInit:      CURL_VERSION_LARGEFILE
LogInit:      CURL_VERSION_IDN
LogInit:  CurlRequestOptions (configurable via config and command line):
LogInit:  - bVerifyPeer = true  - Libcurl will verify peer certificate
LogInit:  - bUseHttpProxy = false  - Libcurl will NOT use HTTP proxy
LogInit:  - bDontReuseConnections = false  - Libcurl will reuse connections
LogInit:  - CertBundlePath = nullptr  - Libcurl will use whatever was configured at build time.
LogInit: Presizing for max 8388607 objects, including 0 objects not considered by GC, pre-allocating 0 bytes for permanent pool.
LogInit: Object subsystem initialized
[2017.07.10-10.08.46:230][  0]LogInit: Selected Device Profile: [Windows]
[2017.07.10-10.08.46:230][  0]LogInit: Applying CVar settings loaded from the selected device profile: [Windows]
[2017.07.10-10.08.46:253][  0]LogInit: Computer: TOKEPI
[2017.07.10-10.08.46:253][  0]LogInit: User: LloydPhillips
[2017.07.10-10.08.46:253][  0]LogInit: CPU Page size=65536, Cores=4
[2017.07.10-10.08.46:253][  0]LogInit: High frequency timer resolution =3.330091 MHz
[2017.07.10-10.08.46:253][  0]LogMemory: Memory total: Physical=7.9GB (8GB approx)
[2017.07.10-10.08.46:253][  0]LogMemory: Platform Memory Stats for Windows
[2017.07.10-10.08.46:253][  0]LogMemory: Process Physical Memory: 195.02 MB used, 195.02 MB peak
[2017.07.10-10.08.46:253][  0]LogMemory: Process Virtual Memory: 195.46 MB used, 195.46 MB peak
[2017.07.10-10.08.46:253][  0]LogMemory: Physical Memory: 5914.66 MB used, 8135.61 MB total
[2017.07.10-10.08.46:253][  0]LogMemory: Virtual Memory: 596.29 MB used, 134217728.00 MB total
[2017.07.10-10.08.46:389][  0]LogTextLocalizationManager: No specific translations for ('en-US') exist, so ('en') translations will be used.
[2017.07.10-10.08.46:891][  0]LogD3D11RHI: D3D11 adapters:
[2017.07.10-10.08.47:468][  0]LogD3D11RHI:    0. 'NVIDIA GeForce GTX 660' (Feature Level 11_0)
[2017.07.10-10.08.47:468][  0]LogD3D11RHI:       2016/0/4067 MB DedicatedVideo/DedicatedSystem/SharedSystem, Outputs:2, VendorId:0x10de
[2017.07.10-10.08.47:475][  0]LogD3D11RHI:    1. 'Microsoft Basic Render Driver' (Feature Level 11_0)
[2017.07.10-10.08.47:475][  0]LogD3D11RHI:       0/0/4067 MB DedicatedVideo/DedicatedSystem/SharedSystem, Outputs:0, VendorId:0x1414
[2017.07.10-10.08.47:475][  0]LogD3D11RHI: Chosen D3D11 Adapter: 0
[2017.07.10-10.08.47:481][  0]LogD3D11RHI: Creating new Direct3DDevice
[2017.07.10-10.08.47:481][  0]LogD3D11RHI:     GPU DeviceId: 0x11c0 (for the marketing name, search the web for "GPU Device Id")
[2017.07.10-10.08.47:481][  0]LogWindows: EnumDisplayDevices:
[2017.07.10-10.08.47:482][  0]LogWindows:    0. 'NVIDIA GeForce GTX 660' (P:1 D:1)
[2017.07.10-10.08.47:482][  0]LogWindows:    1. 'NVIDIA GeForce GTX 660' (P:0 D:1)
[2017.07.10-10.08.47:482][  0]LogWindows:    2. 'NVIDIA GeForce GTX 660' (P:0 D:0)
[2017.07.10-10.08.47:482][  0]LogWindows:    3. 'NVIDIA GeForce GTX 660' (P:0 D:0)
[2017.07.10-10.08.47:482][  0]LogWindows: DebugString: FoundDriverCount:4 
[2017.07.10-10.08.47:482][  0]LogD3D11RHI:     Adapter Name: NVIDIA GeForce GTX 660
[2017.07.10-10.08.47:482][  0]LogD3D11RHI:   Driver Version: 382.33 (internal:22.21.13.8233, unified:382.33)
[2017.07.10-10.08.47:482][  0]LogD3D11RHI:      Driver Date: 5-17-2017
[2017.07.10-10.08.47:482][  0]LogRHI: Texture pool is 1361 MB (70% of 1945 MB)
[2017.07.10-10.08.47:996][  0]LogD3D11RHI: Async texture creation enabled
[2017.07.10-10.08.48:072][  0]LogD3D11RHI: GPU Timing Frequency: 1000.000000 (Debug: 2 2)
[2017.07.10-10.08.48:073][  0]LogShaderCompilers: Guid format shader working directory is -11 characters bigger than the processId version (G:/University Work/Masters/MastersProject/MastersProject/Ava/Intermediate/Shaders/WorkingDirectory/8372/).
[2017.07.10-10.08.48:073][  0]LogShaderCompilers: Cleaned the shader compiler working directory 'C:/Users/LLOYDP~1/AppData/Local/Temp/UnrealShaderWorkingDir/865C286A4B96F5B8A92670A8B48395D5/'.
[2017.07.10-10.08.48:073][  0]LogShaderCompilers:Display: Using Local Shader Compiler.
[2017.07.10-10.08.49:973][  0]LogTemp:Display: Loaded TP AllDesktopTargetPlatform
[2017.07.10-10.08.49:984][  0]LogTemp:Display: Loaded TP WindowsClientTargetPlatform
[2017.07.10-10.08.49:994][  0]LogTemp:Display: Loaded TP WindowsNoEditorTargetPlatform
[2017.07.10-10.08.50:004][  0]LogTemp:Display: Loaded TP WindowsServerTargetPlatform
[2017.07.10-10.08.50:014][  0]LogTemp:Display: Loaded TP WindowsTargetPlatform
[2017.07.10-10.08.50:028][  0]LogTemp:Display: Loaded TP AndroidTargetPlatform
[2017.07.10-10.08.50:037][  0]LogTemp:Display: Loaded TP Android_ASTCTargetPlatform
[2017.07.10-10.08.50:046][  0]LogTemp:Display: Loaded TP Android_ATCTargetPlatform
[2017.07.10-10.08.50:054][  0]LogTemp:Display: Loaded TP Android_DXTTargetPlatform
[2017.07.10-10.08.50:063][  0]LogTemp:Display: Loaded TP Android_ETC1TargetPlatform
[2017.07.10-10.08.50:071][  0]LogTemp:Display: Loaded TP Android_ETC2TargetPlatform
[2017.07.10-10.08.50:089][  0]LogTemp:Display: Loaded TP Android_MultiTargetPlatform
[2017.07.10-10.08.50:089][  0]LogTemp:Display: Loaded TP Android_PVRTCTargetPlatform
[2017.07.10-10.08.50:091][  0]LogTemp:Display: Loaded TP HTML5TargetPlatform
[2017.07.10-10.08.50:118][  0]LogTemp:Display: Loaded TP IOSTargetPlatform
[2017.07.10-10.08.50:127][  0]LogTemp:Display: Loaded TP TVOSTargetPlatform
[2017.07.10-10.08.50:135][  0]LogTemp:Display: Loaded TP LinuxNoEditorTargetPlatform
[2017.07.10-10.08.50:143][  0]LogTemp:Display: Loaded TP LinuxServerTargetPlatform
[2017.07.10-10.08.50:155][  0]LogTemp:Display: Loaded TP LinuxTargetPlatform
[2017.07.10-10.08.50:155][  0]LogTargetPlatformManager:Display: Building Assets For Windows
[2017.07.10-10.08.50:264][  0]LogDerivedDataCache:Display: Max Cache Size: 512 MB
[2017.07.10-10.08.50:575][  0]LogDerivedDataCache: Loaded boot cache 0.31s 48MB C:/Users/Lloyd Phillips/AppData/Local/UnrealEngine/4.12/DerivedDataCache/Boot.ddc.
[2017.07.10-10.08.50:575][  0]LogDerivedDataCache:Display: Loaded Boot cache: C:/Users/Lloyd Phillips/AppData/Local/UnrealEngine/4.12/DerivedDataCache/Boot.ddc
[2017.07.10-10.08.50:575][  0]LogDerivedDataCache: FDerivedDataBackendGraph:  Pak pak cache file G:/University Work/Masters/MastersProject/MastersProject/Ava/DerivedDataCache/DDC.ddp not found, will not use a pak cache.
[2017.07.10-10.08.50:575][  0]LogDerivedDataCache: Unable to find inner node Pak for hierarchical cache Hierarchy.
[2017.07.10-10.08.50:575][  0]LogDerivedDataCache: FDerivedDataBackendGraph:  CompressedPak pak cache file G:/University Work/Masters/MastersProject/MastersProject/Ava/DerivedDataCache/Compressed.ddp not found, will not use a pak cache.
[2017.07.10-10.08.50:575][  0]LogDerivedDataCache: Unable to find inner node CompressedPak for hierarchical cache Hierarchy.
[2017.07.10-10.08.50:591][  0]LogDerivedDataCache:Display: Pak cache opened for reading ../../../Engine/DerivedDataCache/Compressed.ddp.
[2017.07.10-10.08.50:603][  0]LogDerivedDataCache: Using Local data cache path C:/Users/Lloyd Phillips/AppData/Local/UnrealEngine/Common/DerivedDataCache: Writable
[2017.07.10-10.08.51:030][  0]LogInit: Selected Device Profile: [Windows]
[2017.07.10-10.08.51:031][  0]LogContentStreaming: Texture pool size is 0.00 MB
[2017.07.10-10.08.51:347][  0]LogMeshUtilities: No automatic mesh reduction module available
[2017.07.10-10.08.51:347][  0]LogMeshUtilities: No automatic mesh merging module available
[2017.07.10-10.08.51:347][  0]LogMeshUtilities: No distributed automatic mesh merging module available
[2017.07.10-10.08.52:008][  0]LogAssetRegistry: FAssetRegistry took 0.0214 seconds to start up
[2017.07.10-10.08.52:060][  0]LogPackageLocalizationCache: Processed 3 localized package path(s) for 2 prioritized culture(s) in 0.049429 seconds
[2017.07.10-10.08.52:065][  0]LogUObjectArray: 28739 objects as part of root set at end of initial load.
[2017.07.10-10.08.52:065][  0]LogUObjectAllocator: 5855632 out of 0 bytes used by permanent object pool.
[2017.07.10-10.08.52:065][  0]LogUObjectArray: CloseDisregardForGC: 0/0 objects in disregard for GC pool
[2017.07.10-10.08.52:071][  0]LogInit: WinSock: version 1.1 (2.2), MaxSocks=32767, MaxUdp=65467
[2017.07.10-10.08.52:335][  0]LogSlate: SlateFontCache - WITH_FREETYPE: 1, WITH_HARFBUZZ: 1
[2017.07.10-10.08.52:335][  0]LogSlate: SlateFontCache - WITH_FREETYPE: 1, WITH_HARFBUZZ: 1
[2017.07.10-10.08.54:499][  0]LogUdpMessaging: Initializing bridge on interface 0.0.0.0:0 to multicast group 230.0.0.1:6666.
[2017.07.10-10.08.54:579][  0]LogStats: FPlatformStackWalk::StackWalkAndDump -  0.014 s
[2017.07.10-10.08.54:579][  0]LogOutputDevice:Warning: === Handled error: ===

Ensure condition failed: !AttachmentRules.bWeldSimulatedBodies [File:D:\Build\++UE4+Release-4.12+Compile\Sync\Engine\Source\Runtime\Engine\Private\Components\SceneComponent.cpp] [Line: 1481]
AttachToComponent when called from a constructor cannot weld simulated bodies. Consider calling SetupAttachment directly instead.
Stack: 
UE4Editor-Core.dll
UE4Editor-Core.dll
UE4Editor-Core.dll
UE4Editor-Engine.dll
UE4Editor-Ava.dll
UE4Editor-CoreUObject.dll
UE4Editor-CoreUObject.dll
UE4Editor-CoreUObject.dll
UE4Editor-CoreUObject.dll
UE4Editor-Core.dll
UE4Editor-Core.dll
UE4Editor-Projects.dll
UE4Editor-Projects.dll
UE4Editor.exe
UE4Editor.exe
UE4Editor.exe
UE4Editor.exe
UE4Editor.exe
UE4Editor.exe
KERNEL32.DLL
ntdll.dll
ntdll.dll

[2017.07.10-10.08.54:579][  0]LogStats:                SubmitErrorReport -  0.000 s
[2017.07.10-10.09.00:044][  0]LogStats:                    SendNewReport -  5.465 s
[2017.07.10-10.09.00:044][  0]LogStats:             FDebug::EnsureFailed -  5.479 s
[2017.07.10-10.09.00:294][  0]SourceControl: Info Source control is disabled
[2017.07.10-10.09.00:443][  0]SourceControl: Info Source control is disabled
[2017.07.10-10.09.00:453][  0]SourceControl: Info Source control is disabled
[2017.07.10-10.09.00:465][  0]SourceControl: Info Source control is disabled
[2017.07.10-10.09.00:546][  0]LogLinker:Warning: Can't find file '/Game/ThirdPersonBP/ThirdPersonOverview'
[2017.07.10-10.09.00:546][  0]LogLinker:Warning: Can't find file '/Game/ThirdPersonBP/ThirdPersonOverview'
[2017.07.10-10.09.00:546][  0]LogUObjectGlobals:Warning: Failed to find object 'Class /Game/ThirdPersonBP/ThirdPersonOverview.ThirdPersonOverview_C'
[2017.07.10-10.09.00:730][  0]LogEngine: Initializing Engine...
[2017.07.10-10.09.00:768][  0]LogHMD: SteamVR failed to initialize.  Err: 110
[2017.07.10-10.09.00:768][  0]LogHMD: SteamVR failed to initialize.  Err: 110
[2017.07.10-10.09.00:926][  0]LogAIModule: Creating AISystem for world NewWorld
[2017.07.10-10.09.00:934][  0]LogInit: XAudio2 using 'BenQ GL2450H-4 (NVIDIA High Definition Audio)' : 2 channels at 48 kHz using 16 bits per sample (channel mask 0x3)
[2017.07.10-10.09.00:947][  0]LogInit: FAudioDevice initialized.
[2017.07.10-10.09.00:975][  0]LogDerivedDataCache: Saved boot cache 0.03s 48MB C:/Users/Lloyd Phillips/AppData/Local/UnrealEngine/4.12/DerivedDataCache/Boot.ddc.
[2017.07.10-10.09.00:984][  0]LogInit: Texture streaming: Enabled
[2017.07.10-10.09.01:010][  0]LogInit: Transaction tracking system initialized
[2017.07.10-10.09.01:037][  0]BlueprintLog: New page: Editor Load
[2017.07.10-10.09.01:135][  0]LocalizationService: Info Localization service is disabled
[2017.07.10-10.09.01:237][  0]LogConsoleResponse:Display: 
[2017.07.10-10.09.01:489][  0]LogCook:Display: Max memory allowance for cook 8192mb
[2017.07.10-10.09.01:489][  0]LogCook:Display: Mobile HDR setting 1
[2017.07.10-10.09.01:632][  0]LogFileCache: Scanning file cache for directory 'G:/University Work/Masters/MastersProject/MastersProject/Ava/Content/' took 0.02s
[2017.07.10-10.09.01:632][  0]SourceControl: Info Source control is disabled
[2017.07.10-10.09.01:632][  0]Cmd: MAP LOAD FILE="G:/University Work/Masters/MastersProject/MastersProject/Ava/Content/Ava/Maps/MainMenu.umap" TEMPLATE=0 SHOWPROGRESS=1 FEATURELEVEL=3
[2017.07.10-10.09.01:664][  0]LightingResults: New page: Lighting Build
[2017.07.10-10.09.01:667][  0]MapCheck: New page: Map Check
[2017.07.10-10.09.01:667][  0]LightingResults: New page: Lighting Build
[2017.07.10-10.09.01:802][  0]LogAIModule: Creating AISystem for world MainMenu
[2017.07.10-10.09.01:803][  0]LogEditorServer: Finished looking for orphan Actors (0.000 secs)
[2017.07.10-10.09.01:804][  0]Cmd: MAP CHECKDEP NOCLEARLOG
[2017.07.10-10.09.01:847][  0]MapCheck: Info Map check complete: 0 Error(s), 0 Warning(s), took 43.049ms to complete.
[2017.07.10-10.09.01:847][  0]LogFileHelpers: Loading map 'MainMenu' took 0.215
[2017.07.10-10.09.01:989][  0]LogCollectionManager: Loaded 0 collections in 0.001741 seconds
[2017.07.10-10.09.02:031][  0]LogFileCache: Scanning file cache for directory 'G:/University Work/Masters/MastersProject/MastersProject/Ava/Saved/Collections/' took 0.01s
[2017.07.10-10.09.02:031][  0]LogFileCache: Scanning file cache for directory 'G:/University Work/Masters/MastersProject/MastersProject/Ava/Content/Developers/LloydPhillips/Collections/' took 0.01s
[2017.07.10-10.09.02:031][  0]LogFileCache: Scanning file cache for directory 'G:/University Work/Masters/MastersProject/MastersProject/Ava/Content/Collections/' took 0.01s
[2017.07.10-10.09.02:031][  0]LogCollectionManager: Rebuilt the GUID cache for 0 collections in 0.000003 seconds
[2017.07.10-10.09.02:040][  0]LogContentBrowser: Native class hierarchy populated in 0.0088 seconds. Added 2064 classes and 371 folders.
[2017.07.10-10.09.02:044][  0]LogStats: UGameplayTagsManager::ConstructGameplayTagTree: Construct from data asset -  0.000 s
[2017.07.10-10.09.02:044][  0]LogStats: UGameplayTagsManager::ConstructGameplayTagTree: GameplayTagTreeChangedEvent.Broadcast -  0.000 s
[2017.07.10-10.09.02:046][  0]LogContentBrowser: Native class hierarchy updated for 'GameplayTags' in 0.0017 seconds. Added 12 classes and 0 folders.
[2017.07.10-10.09.02:051][  0]LogContentBrowser: Native class hierarchy updated for 'WidgetCarousel' in 0.0016 seconds. Added 0 classes and 0 folders.
[2017.07.10-10.09.02:378][  0]LogContentBrowser: Native class hierarchy updated for 'AddContentDialog' in 0.0016 seconds. Added 0 classes and 0 folders.
[2017.07.10-10.09.02:384][  0]LogContentBrowser: Native class hierarchy updated for 'SceneOutliner' in 0.0016 seconds. Added 1 classes and 2 folders.
[2017.07.10-10.09.02:468][  0]LogCrashTracker: Crashtracker disabled due to settings.
[2017.07.10-10.09.02:474][  0]LogUObjectGlobals:Warning: Failed to find object 'Class None.'
[2017.07.10-10.09.02:503][  0]LogContentBrowser: Native class hierarchy updated for 'HierarchicalLODOutliner' in 0.0018 seconds. Added 1 classes and 2 folders.
[2017.07.10-10.09.02:503][  0]LogLoad: Full Startup: 84.84 seconds (BP compile: 0.04 seconds)
[2017.07.10-10.09.02:503][  0]LogExternalProfiler: Found external profiler: VSPerf
[2017.07.10-10.09.02:503][  0]LogExternalProfiler: Using external profiler: VSPerf
[2017.07.10-10.09.02:512][  0]LogOcInput: OculusInput pre-init called
[2017.07.10-10.09.02:530][  0]LogContentStreaming: Texture pool size now 400 MB
[2017.07.10-10.09.02:738][  0]LogRenderer: Reallocating scene render targets to support 1456x520 (Frame:2).
[2017.07.10-10.09.02:854][  1]LogAssetRegistry: Asset discovery search completed in 10.8683 seconds
[2017.07.10-10.09.02:854][  1]LogCollectionManager: Rebuilt the object cache for 0 collections in 0.000001 seconds (found 0 objects)
[2017.07.10-10.09.02:854][  1]LogCollectionManager: Fixed up redirectors for 0 collections in 0.000024 seconds (updated 0 objects)
[2017.07.10-10.09.07:653][548]LogBlueprint:Warning: Compiler Warning InputAction Event references unknown Action 'Crouch' for  InputAction Crouch 
[2017.07.10-10.09.07:657][548]LogBlueprint:Warning: Compiler Warning [0090.00] Compile of Ue4ASP_Character successful, but with 1 Warning(s) [in 7 ms] (/Game/AnimStarterPack/Ue4ASP_Character.Ue4ASP_Character)
[2017.07.10-10.09.07:657][548]LogBlueprint:Warning: Compiler Warning [0090.00] Compile of Ue4ASP_Character successful, but with 2 Warning(s) [in 0 ms] (/Game/AnimStarterPack/Ue4ASP_Character.Ue4ASP_Character)
[2017.07.10-10.09.07:657][548]LogBlueprint:Warning: Compiler Warning [0090.00] Compile of Ue4ASP_Character successful, but with 3 Warning(s) [in 0 ms] (/Game/AnimStarterPack/Ue4ASP_Character.Ue4ASP_Character)
[2017.07.10-10.09.07:731][548]LogBlueprint:Warning: Compiler Warning InputAction Event references unknown Action 'Crouch' for  InputAction Crouch 
[2017.07.10-10.09.07:734][548]LogBlueprint:Warning: Compiler Warning [0090.07] Compile of Ue4ASP_Character successful, but with 1 Warning(s) [in 7 ms] (/Game/AnimStarterPack/Ue4ASP_Character.Ue4ASP_Character)
[2017.07.10-10.09.07:734][548]LogBlueprint:Warning: Compiler Warning [0090.07] Compile of Ue4ASP_Character successful, but with 2 Warning(s) [in 0 ms] (/Game/AnimStarterPack/Ue4ASP_Character.Ue4ASP_Character)
[2017.07.10-10.09.07:735][548]LogBlueprint:Warning: Compiler Warning [0090.07] Compile of Ue4ASP_Character successful, but with 3 Warning(s) [in 0 ms] (/Game/AnimStarterPack/Ue4ASP_Character.Ue4ASP_Character)
[2017.07.10-10.09.09:170][548]LogMaterial: Missing cached shader map for material M_Basic_Wall, compiling. 
[2017.07.10-10.09.09:170][548]LogMaterial:Warning: Failed to compile Material /Game/StarterContent/Materials/M_Basic_Wall.M_Basic_Wall for platform PCD3D_SM5, Default Material will be used in game.
[2017.07.10-10.09.09:170][548]LogMaterial:Warning: 	(Node TextureSample) TextureSample> Missing input texture
[2017.07.10-10.09.09:691][548]LogAIModule: Creating AISystem for world PalaceLevel
[2017.07.10-10.09.09:867][548]Cmd: MAP LOAD FILE="G:/University Work/Masters/MastersProject/MastersProject/Ava/Content/Ava/Maps/PalaceLevel.umap" TEMPLATE=0 SHOWPROGRESS=1 FEATURELEVEL=3
[2017.07.10-10.09.09:867][548]LightingResults: New page: Lighting Build
[2017.07.10-10.09.09:867][548]LoadErrors: New page: Loading map: PalaceLevel.umap
[2017.07.10-10.09.09:868][548]MapCheck: New page: Map Check
[2017.07.10-10.09.09:868][548]LightingResults: New page: Lighting Build
[2017.07.10-10.09.09:963][548]LogEditorServer: Finished looking for orphan Actors (0.000 secs)
[2017.07.10-10.09.10:027][548]Cmd: MAP CHECKDEP NOCLEARLOG
[2017.07.10-10.09.10:092][548]MapCheck: Info Map check complete: 0 Error(s), 0 Warning(s), took 64.393ms to complete.
[2017.07.10-10.09.10:093][548]LogFileHelpers: Loading map 'PalaceLevel' took 0.227
[2017.07.10-10.09.17:842][382]Cmd: CAMERA ALIGN ACTIVEVIEWPORTONLY
[2017.07.10-10.09.30:656][648]Cmd: OBJ SAVEPACKAGE PACKAGE="/Game/Ava/Maps/PalaceLevel" FILE="G:/University Work/Masters/MastersProject/MastersProject/Ava/Content/Ava/Maps/PalaceLevel.umap" SILENT=true AUTOSAVING=false KEEPDIRTY=false
[2017.07.10-10.09.32:216][648]LogSavePackage: Save=1537.77ms
[2017.07.10-10.09.32:217][648]LogSavePackage: Moving 'G:/University Work/Masters/MastersProject/MastersProject/Ava/Saved/PalaceLevelD6952ECB4740B816337619A93A1E3CA6.tmp' to 'G:/University Work/Masters/MastersProject/MastersProject/Ava/Content/Ava/Maps/PalaceLevel.umap'
[2017.07.10-10.09.32:222][648]LogSavePackage:Display: Finished SavePackage G:/University Work/Masters/MastersProject/MastersProject/Ava/Content/Ava/Maps/PalaceLevel.umap
[2017.07.10-10.09.50:973][297]Recompiling Ava...
[2017.07.10-10.09.50:973][297]Launching UnrealBuildTool... [C:/Program Files/Epic Games/UE_4.12/Engine/Binaries/DotNET/UnrealBuildTool.exe Ava -ModuleWithSuffix Ava 511 Win64 Development -editorrecompile -canskiplink "G:/University Work/Masters/MastersProject/MastersProject/Ava/Ava.uproject"  -2015]
[2017.07.10-10.09.50:974][297]Warning: Starting HotReload took  0.1s.
[2017.07.10-10.10.09:504][896]Cmd: CAMERA ALIGN ACTIVEVIEWPORTONLY
[2017.07.10-10.11.17:375][208]Cmd: TRANSACTION UNDO
[2017.07.10-10.11.17:380][208]LogEditorTransaction: Undo Move Components
[2017.07.10-10.11.30:652][450]Cmd: OBJ SAVEPACKAGE PACKAGE="/Game/Ava/Maps/PalaceLevel" FILE="G:/University Work/Masters/MastersProject/MastersProject/Ava/Content/Ava/Maps/PalaceLevel.umap" SILENT=true AUTOSAVING=false KEEPDIRTY=false
[2017.07.10-10.11.34:469][450]LogSavePackage: Save=2727.75ms
[2017.07.10-10.11.34:470][450]LogSavePackage: Moving 'G:/University Work/Masters/MastersProject/MastersProject/Ava/Saved/PalaceLevelF61021BB4F1876D3F92478BB64250DCD.tmp' to 'G:/University Work/Masters/MastersProject/MastersProject/Ava/Content/Ava/Maps/PalaceLevel.umap'
[2017.07.10-10.11.34:625][450]LogSavePackage:Display: Finished SavePackage G:/University Work/Masters/MastersProject/MastersProject/Ava/Content/Ava/Maps/PalaceLevel.umap
[2017.07.10-10.11.34:781][450]LogFileHelpers: Saving map 'PalaceLevel' took 4.197
[2017.07.10-10.11.49:760][714]Cmd: TRANSACTION UNDO
[2017.07.10-10.11.49:760][714]LogEditorTransaction: Undo Scale Components
[2017.07.10-10.12.03:534][888]Cmd: OBJ SAVEPACKAGE PACKAGE="/Game/Ava/Maps/PalaceLevel" FILE="G:/University Work/Masters/MastersProject/MastersProject/Ava/Content/Ava/Maps/PalaceLevel.umap" SILENT=true AUTOSAVING=false KEEPDIRTY=false
[2017.07.10-10.12.06:032][888]LogSavePackage: Save=2442.67ms
[2017.07.10-10.12.06:033][888]LogSavePackage: Moving 'G:/University Work/Masters/MastersProject/MastersProject/Ava/Saved/PalaceLevelD8B24A8A40A021C39628D2B88D45C4AA.tmp' to 'G:/University Work/Masters/MastersProject/MastersProject/Ava/Content/Ava/Maps/PalaceLevel.umap'
[2017.07.10-10.12.06:192][888]LogSavePackage:Display: Finished SavePackage G:/University Work/Masters/MastersProject/MastersProject/Ava/Content/Ava/Maps/PalaceLevel.umap
[2017.07.10-10.12.06:479][888]LogFileHelpers: Saving map 'PalaceLevel' took 3.013
[2017.07.10-10.12.11:602][351]Cmd: TRANSACTION UNDO
[2017.07.10-10.12.11:603][351]LogEditorTransaction: Undo Move Components
[2017.07.10-10.14.02:050][152]CompilerResultsLog: New page: Compilation - Jul 10, 2017, 11:14:02 AM
[2017.07.10-10.14.02:051][152]CompilerResultsLog: Info Creating makefile for hot reloading Ava (no existing makefile)
[2017.07.10-10.14.02:051][152]CompilerResultsLog: Info Compiling game modules for hot reload
[2017.07.10-10.14.02:051][152]CompilerResultsLog: Info Parsing headers for AvaEditor
[2017.07.10-10.14.02:051][152]CompilerResultsLog: Info   Running UnrealHeaderTool "G:\University Work\Masters\MastersProject\MastersProject\Ava\Ava.uproject" "G:\University Work\Masters\MastersProject\MastersProject\Ava\Intermediate\Build\Win64\AvaEditor\Development\AvaEditor.uhtmanifest" -LogCmds="loginit warning, logexit warning, logdatabase error" -Unattended -WarningsAsErrors -installed
[2017.07.10-10.14.02:051][152]CompilerResultsLog: Info Reflection code generated for AvaEditor in 10.6726762 seconds
[2017.07.10-10.14.02:051][152]CompilerResultsLog: Info Performing 10 actions (4 in parallel)
[2017.07.10-10.14.02:051][152]CompilerResultsLog: Info Ava.generated.cpp
[2017.07.10-10.14.02:051][152]CompilerResultsLog: Info Puzzle.cpp
[2017.07.10-10.14.02:051][152]CompilerResultsLog: Info PushPullItem.cpp
[2017.07.10-10.14.02:051][152]CompilerResultsLog: Info StatueObject.cpp
[2017.07.10-10.14.02:051][152]CompilerResultsLog:Error: Error G:\University Work\Masters\MastersProject\MastersProject\Ava\Source\Ava\StatueObject.cpp(24) : warning C4996: 'USceneComponent::AttachTo': This function is deprecated, please use AttachToComponent instead. Please update your code to the new API before upgrading to the next release, otherwise your project will no longer compile.
[2017.07.10-10.14.02:051][152]CompilerResultsLog:Error: Error C:\Program Files\Epic Games\UE_4.12\Engine\Source\Runtime\Engine\Classes\Components/SceneComponent.h(607) : note: see declaration of 'USceneComponent::AttachTo'
[2017.07.10-10.14.02:051][152]LogMainFrame: MainFrame: Module compiling took 251.088 seconds
[2017.07.10-10.14.02:051][152]Warning: HotReload failed, recompile failed
[2017.07.10-10.14.08:065][407]Cmd: OBJ SAVEPACKAGE PACKAGE="/Game/Ava/Maps/PalaceLevel" FILE="G:/University Work/Masters/MastersProject/MastersProject/Ava/Content/Ava/Maps/PalaceLevel.umap" SILENT=true AUTOSAVING=false KEEPDIRTY=false
[2017.07.10-10.14.11:100][407]LogSavePackage: Save=2935.18ms
[2017.07.10-10.14.11:101][407]LogSavePackage: Moving 'G:/University Work/Masters/MastersProject/MastersProject/Ava/Saved/PalaceLevel8E5EF458487FBF2C2E5506B33175D3AC.tmp' to 'G:/University Work/Masters/MastersProject/MastersProject/Ava/Content/Ava/Maps/PalaceLevel.umap'
[2017.07.10-10.14.11:179][407]LogSavePackage:Display: Finished SavePackage G:/University Work/Masters/MastersProject/MastersProject/Ava/Content/Ava/Maps/PalaceLevel.umap
[2017.07.10-10.14.13:576][611]LogWindowsTextInputMethodSystem:Display: IME system now deactivated.
[2017.07.10-10.14.13:848][612]Cmd: QUIT_EDITOR
[2017.07.10-10.14.14:009][612]LogExit: Preparing to exit.
[2017.07.10-10.14.14:825][612]LogExit: Editor shut down
[2017.07.10-10.14.14:825][612]LogExit: Transaction tracking system shut down
[2017.07.10-10.14.15:109][612]LogObj: Freed 0b from 0 cluster array pools.
[2017.07.10-10.14.15:109][612]LogExit: Object subsystem successfully closed.
[2017.07.10-10.14.15:149][612]LogD3D11RHI: Shutdown
[2017.07.10-10.14.15:149][612]LogD3D11RHI: CleanupD3DDevice
[2017.07.10-10.14.15:246][612]LogD3D11RHI: ~FD3D11DynamicRHI
[2017.07.10-10.14.15:300][612]LogModuleManager: Shutting down and abandoning module HierarchicalLODUtilities (215)
[2017.07.10-10.14.15:301][612]LogModuleManager: Shutting down and abandoning module HierarchicalLODOutliner (214)
[2017.07.10-10.14.15:301][612]LogModuleManager: Shutting down and abandoning module CrashTracker (213)
[2017.07.10-10.14.15:301][612]LogModuleManager: Shutting down and abandoning module SceneOutliner (212)
[2017.07.10-10.14.15:301][612]LogModuleManager: Shutting down and abandoning module WidgetCarousel (211)
[2017.07.10-10.14.15:302][612]LogModuleManager: Shutting down and abandoning module AddContentDialog (210)
[2017.07.10-10.14.15:304][612]LogModuleManager: Shutting down and abandoning module GameplayTags (209)
[2017.07.10-10.14.15:305][612]LogModuleManager: Shutting down and abandoning module EditorWidgets (208)
[2017.07.10-10.14.15:305][612]LogModuleManager: Shutting down and abandoning module CollectionManager (207)
[2017.07.10-10.14.15:306][612]LogModuleManager: Shutting down and abandoning module StatsViewer (206)
[2017.07.10-10.14.15:307][612]LogModuleManager: Shutting down and abandoning module FoliageEdit (205)
[2017.07.10-10.14.15:308][612]LogModuleManager: Shutting down and abandoning module LandscapeEditor (204)
[2017.07.10-10.14.15:309][612]LogModuleManager: Shutting down and abandoning module SceneDepthPickerMode (203)
[2017.07.10-10.14.15:309][612]LogModuleManager: Shutting down and abandoning module ActorPickerMode (202)
[2017.07.10-10.14.15:309][612]LogModuleManager: Shutting down and abandoning module GeometryMode (201)
[2017.07.10-10.14.15:309][612]LogModuleManager: Shutting down and abandoning module TextureAlignMode (200)
[2017.07.10-10.14.15:309][612]LogModuleManager: Shutting down and abandoning module BspMode (199)
[2017.07.10-10.14.15:310][612]LogModuleManager: Shutting down and abandoning module HardwareSurvey (198)
[2017.07.10-10.14.15:310][612]LogModuleManager: Shutting down and abandoning module SequenceRecorderSections (197)
[2017.07.10-10.14.15:310][612]LogModuleManager: Shutting down and abandoning module SequenceRecorder (196)
[2017.07.10-10.14.15:311][612]LogModuleManager: Shutting down and abandoning module AutomationWorker (195)
[2017.07.10-10.14.15:311][612]LogModuleManager: Shutting down and abandoning module MatineeToLevelSequence (194)
[2017.07.10-10.14.15:311][612]LogModuleManager: Shutting down and abandoning module PlacementMode (193)
[2017.07.10-10.14.15:312][612]LogModuleManager: Shutting down and abandoning module LevelSequenceEditor (192)
[2017.07.10-10.14.15:315][612]LogModuleManager: Shutting down and abandoning module CharacterAI (191)
[2017.07.10-10.14.15:315][612]LogModuleManager: Shutting down and abandoning module SmartSnapping (190)
[2017.07.10-10.14.15:315][612]LogModuleManager: Shutting down and abandoning module SessionServices (189)
[2017.07.10-10.14.15:315][612]LogModuleManager: Shutting down and abandoning module ViewportSnapping (188)
[2017.07.10-10.14.15:315][612]LogModuleManager: Shutting down and abandoning module LogVisualizer (187)
[2017.07.10-10.14.15:316][612]LogModuleManager: Shutting down and abandoning module GameProjectGeneration (186)
[2017.07.10-10.14.15:318][612]LogModuleManager: Shutting down and abandoning module IntroTutorials (185)
[2017.07.10-10.14.15:318][612]LogModuleManager: Shutting down and abandoning module EditorLiveStreaming (184)
[2017.07.10-10.14.15:318][612]LogModuleManager: Shutting down and abandoning module IOSPlatformEditor (183)
[2017.07.10-10.14.15:319][612]LogModuleManager: Shutting down and abandoning module HTML5PlatformEditor (182)
[2017.07.10-10.14.15:319][612]LogModuleManager: Shutting down and abandoning module AndroidDeviceDetection (181)
[2017.07.10-10.14.16:267][612]LogModuleManager: Shutting down and abandoning module AndroidPlatformEditor (180)
[2017.07.10-10.14.16:268][612]LogModuleManager: Shutting down and abandoning module IOSRuntimeSettings (179)
[2017.07.10-10.14.16:268][612]LogModuleManager: Shutting down and abandoning module AndroidRuntimeSettings (178)
[2017.07.10-10.14.16:268][612]LogModuleManager: Shutting down and abandoning module MergeActors (177)
[2017.07.10-10.14.16:268][612]LogModuleManager: Shutting down and abandoning module SizeMap (176)
[2017.07.10-10.14.16:269][612]LogModuleManager: Shutting down and abandoning module TreeMap (175)
[2017.07.10-10.14.16:269][612]LogModuleManager: Shutting down and abandoning module ReferenceViewer (174)
[2017.07.10-10.14.16:271][612]LogModuleManager: Shutting down and abandoning module LocalizationService (173)
[2017.07.10-10.14.16:272][612]LogModuleManager: Shutting down and abandoning module LocalizationDashboard (172)
[2017.07.10-10.14.16:273][612]LogModuleManager: Shutting down and abandoning module HardwareTargeting (171)
[2017.07.10-10.14.16:273][612]LogModuleManager: Shutting down and abandoning module DeviceProfileEditor (170)
[2017.07.10-10.14.16:274][612]LogModuleManager: Shutting down and abandoning module UndoHistory (169)
[2017.07.10-10.14.16:274][612]LogModuleManager: Shutting down and abandoning module UserFeedback (168)
[2017.07.10-10.14.16:274][612]LogModuleManager: Shutting down and abandoning module XmlParser (167)
[2017.07.10-10.14.16:275][612]LogModuleManager: Shutting down and abandoning module Blutility (166)
[2017.07.10-10.14.16:275][612]LogModuleManager: Shutting down and abandoning module ProjectTargetPlatformEditor (165)
[2017.07.10-10.14.16:276][612]LogModuleManager: Shutting down and abandoning module ProjectSettingsViewer (164)
[2017.07.10-10.14.16:276][612]LogModuleManager: Shutting down and abandoning module InputBindingEditor (163)
[2017.07.10-10.14.16:276][612]LogModuleManager: Shutting down and abandoning module EditorSettingsViewer (162)
[2017.07.10-10.14.16:276][612]LogModuleManager: Shutting down and abandoning module SettingsEditor (161)
[2017.07.10-10.14.16:279][612]LogModuleManager: Shutting down and abandoning module ProjectLauncher (160)
[2017.07.10-10.14.16:280][612]LogModuleManager: Shutting down and abandoning module SessionFrontend (159)
[2017.07.10-10.14.16:281][612]LogModuleManager: Shutting down and abandoning module ProfilerClient (158)
[2017.07.10-10.14.16:282][612]LogModuleManager: Shutting down and abandoning module TargetDeviceServices (157)
[2017.07.10-10.14.16:282][612]LogModuleManager: Shutting down and abandoning module DeviceManager (156)
[2017.07.10-10.14.16:326][612]LogModuleManager: Shutting down and abandoning module AutomationController (155)
[2017.07.10-10.14.16:334][612]LogModuleManager: Shutting down and abandoning module AutomationWindow (154)
[2017.07.10-10.14.16:338][612]LogModuleManager: Shutting down and abandoning module Layers (153)
[2017.07.10-10.14.16:342][612]LogModuleManager: Shutting down and abandoning module ComponentVisualizers (152)
[2017.07.10-10.14.16:342][612]LogModuleManager: Shutting down and abandoning module DetailCustomizations (151)
[2017.07.10-10.14.16:343][612]LogModuleManager: Shutting down and abandoning module PackagesDialog (150)
[2017.07.10-10.14.16:343][612]LogModuleManager: Shutting down and abandoning module Persona (149)
[2017.07.10-10.14.16:345][612]LogModuleManager: Shutting down and abandoning module Kismet (148)
[2017.07.10-10.14.16:346][612]LogModuleManager: Shutting down and abandoning module GraphEditor (147)
[2017.07.10-10.14.16:349][612]LogModuleManager: Shutting down and abandoning module ClassViewer (146)
[2017.07.10-10.14.16:350][612]LogModuleManager: Shutting down and abandoning module Toolbox (145)
[2017.07.10-10.14.16:351][612]LogModuleManager: Shutting down and abandoning module ModuleUI (144)
[2017.07.10-10.14.16:351][612]LogModuleManager: Shutting down and abandoning module MovieSceneTools (143)
[2017.07.10-10.14.16:355][612]LogModuleManager: Shutting down and abandoning module OutputLog (142)
[2017.07.10-10.14.16:356][612]LogModuleManager: Shutting down and abandoning module GammaUI (141)
[2017.07.10-10.14.16:357][612]LogModuleManager: Shutting down and abandoning module Documentation (140)
[2017.07.10-10.14.16:357][612]LogModuleManager: Shutting down and abandoning module StreamingPauseRendering (139)
[2017.07.10-10.14.16:357][612]LogModuleManager: Shutting down and abandoning module AnalyticsET (138)
[2017.07.10-10.14.16:357][612]LogModuleManager: Shutting down and abandoning module Analytics (137)
[2017.07.10-10.14.16:357][612]LogModuleManager: Shutting down and abandoning module PortalServices (136)
[2017.07.10-10.14.16:357][612]LogModuleManager: Shutting down and abandoning module PortalRpc (135)
[2017.07.10-10.14.16:357][612]LogModuleManager: Shutting down and abandoning module MessagingRpc (134)
[2017.07.10-10.14.16:357][612]LogModuleManager: Shutting down and abandoning module GameplayDebugger (133)
[2017.07.10-10.14.16:358][612]LogModuleManager: Shutting down and abandoning module AITestSuite (132)
[2017.07.10-10.14.16:358][612]LogModuleManager: Shutting down and abandoning module AIModule (131)
[2017.07.10-10.14.16:358][612]LogModuleManager: Shutting down and abandoning module ProfilerService (130)
[2017.07.10-10.14.16:428][612]LogModuleManager: Shutting down and abandoning module TaskGraph (129)
[2017.07.10-10.14.16:430][612]LogModuleManager: Shutting down and abandoning module SlateRemote (128)
[2017.07.10-10.14.16:430][612]LogModuleManager: Shutting down and abandoning module SteamVRController (127)
[2017.07.10-10.14.16:430][612]LogModuleManager: Shutting down and abandoning module SteamVR (126)
[2017.07.10-10.14.16:430][612]LogModuleManager: Shutting down and abandoning module ProceduralMeshComponent (125)
[2017.07.10-10.14.16:430][612]LogModuleManager: Shutting down and abandoning module OculusLibrary (124)
[2017.07.10-10.14.16:430][612]LogModuleManager: Shutting down and abandoning module OculusInput (123)
[2017.07.10-10.14.16:430][612]LogModuleManager: Shutting down and abandoning module CustomMeshComponent (122)
[2017.07.10-10.14.16:430][612]LogModuleManager: Shutting down and abandoning module CableComponent (121)
[2017.07.10-10.14.16:430][612]LogModuleManager: Shutting down and abandoning module ArchVisCharacter (120)
[2017.07.10-10.14.16:430][612]LogModuleManager: Shutting down and abandoning module MediaPlayerEditor (119)
[2017.07.10-10.14.16:432][612]LogModuleManager: Shutting down and abandoning module HTML5Networking (118)
[2017.07.10-10.14.16:432][612]LogModuleManager: Shutting down and abandoning module SuperSearch (117)
[2017.07.10-10.14.16:432][612]LogModuleManager: Shutting down and abandoning module SuperSearchEditor (116)
[2017.07.10-10.14.16:432][612]LogModuleManager: Shutting down and abandoning module SpeedTreeImporter (115)
[2017.07.10-10.14.16:432][612]LogModuleManager: Shutting down and abandoning module PluginBrowser (114)
[2017.07.10-10.14.16:433][612]LogModuleManager: Shutting down and abandoning module EpicSurvey (113)
[2017.07.10-10.14.16:433][612]LogModuleManager: Shutting down and abandoning module DesktopPlatform (112)
[2017.07.10-10.14.16:433][612]LogModuleManager: Shutting down and abandoning module VisualStudioSourceCodeAccess (111)
[2017.07.10-10.14.16:434][612]LogModuleManager: Shutting down and abandoning module UObjectPlugin (110)
[2017.07.10-10.14.16:434][612]LogModuleManager: Shutting down and abandoning module SubversionSourceControl (109)
[2017.07.10-10.14.16:434][612]LogModuleManager: Shutting down and abandoning module PerforceSourceControl (108)
[2017.07.10-10.14.16:438][612]LogModuleManager: Shutting down and abandoning module SourceControl (107)
[2017.07.10-10.14.16:439][612]LogModuleManager: Shutting down and abandoning module GitSourceControl (106)
[2017.07.10-10.14.16:440][612]LogModuleManager: Shutting down and abandoning module LightPropagationVolumeEditor (105)
[2017.07.10-10.14.16:440][612]LogModuleManager: Shutting down and abandoning module PaperTiledImporter (104)
[2017.07.10-10.14.16:440][612]LogModuleManager: Shutting down and abandoning module PaperSpriteSheetImporter (103)
[2017.07.10-10.14.16:440][612]LogModuleManager: Shutting down and abandoning module MeshPaint (102)
[2017.07.10-10.14.16:440][612]LogModuleManager: Shutting down and abandoning module PixelInspectorModule (101)
[2017.07.10-10.14.16:441][612]LogModuleManager: Shutting down and abandoning module HotReload (100)
[2017.07.10-10.14.16:442][612]LogModuleManager: Shutting down and abandoning module MainFrame (99)
[2017.07.10-10.14.16:443][612]LogModuleManager: Shutting down and abandoning module LevelEditor (98)
[2017.07.10-10.14.16:444][612]LogModuleManager: Shutting down and abandoning module ContentBrowser (97)
[2017.07.10-10.14.16:445][612]LogModuleManager: Shutting down and abandoning module Paper2DEditor (96)
[2017.07.10-10.14.16:446][612]LogModuleManager: Shutting down and abandoning module Ava (95)
[2017.07.10-10.14.16:446][612]LogModuleManager: Shutting down and abandoning module UdpMessaging (94)
[2017.07.10-10.14.16:547][612]LogModuleManager: Shutting down and abandoning module LightPropagationVolumeRuntime (93)
[2017.07.10-10.14.16:547][612]LogModuleManager: Shutting down and abandoning module Paper2D (92)
[2017.07.10-10.14.16:549][612]LogModuleManager: Shutting down and abandoning module WindowsMoviePlayer (91)
[2017.07.10-10.14.16:549][612]LogModuleManager: Shutting down and abandoning module Media (90)
[2017.07.10-10.14.16:549][612]LogModuleManager: Shutting down and abandoning module WmfMedia (89)
[2017.07.10-10.14.16:549][612]LogModuleManager: Shutting down and abandoning module MediaAssets (88)
[2017.07.10-10.14.16:549][612]LogModuleManager: Shutting down and abandoning module GameLiveStreaming (87)
[2017.07.10-10.14.16:550][612]LogModuleManager: Shutting down and abandoning module GameplayTagsEditor (86)
[2017.07.10-10.14.16:550][612]LogModuleManager: Shutting down and abandoning module OnlineBlueprintSupport (85)
[2017.07.10-10.14.16:550][612]LogModuleManager: Shutting down and abandoning module VREditor (84)
[2017.07.10-10.14.16:550][612]LogModuleManager: Shutting down and abandoning module GameplayTasksEditor (83)
[2017.07.10-10.14.16:550][612]LogModuleManager: Shutting down and abandoning module PropertyEditor (82)
[2017.07.10-10.14.16:550][612]LogModuleManager: Shutting down and abandoning module BehaviorTreeEditor (81)
[2017.07.10-10.14.16:555][612]LogModuleManager: Shutting down and abandoning module FunctionalTesting (80)
[2017.07.10-10.14.16:555][612]LogModuleManager: Shutting down and abandoning module CollisionAnalyzer (79)
[2017.07.10-10.14.16:556][612]LogModuleManager: Shutting down and abandoning module Sequencer (78)
[2017.07.10-10.14.16:558][612]LogModuleManager: Shutting down and abandoning module WorkspaceMenuStructure (77)
[2017.07.10-10.14.16:558][612]LogModuleManager: Shutting down and abandoning module MessageLog (76)
[2017.07.10-10.14.16:558][612]LogModuleManager: Shutting down and abandoning module AssetTools (75)
[2017.07.10-10.14.16:561][612]LogModuleManager: Shutting down and abandoning module UMGEditor (74)
[2017.07.10-10.14.16:563][612]LogModuleManager: Shutting down and abandoning module UMG (73)
[2017.07.10-10.14.16:564][612]LogModuleManager: Shutting down and abandoning module SlateReflector (72)
[2017.07.10-10.14.16:567][612]LogModuleManager: Shutting down and abandoning module Slate (71)
[2017.07.10-10.14.16:567][612]LogModuleManager: Shutting down and abandoning module EditorStyle (70)
[2017.07.10-10.14.16:573][612]LogModuleManager: Shutting down and abandoning module SourceCodeAccess (69)
[2017.07.10-10.14.16:573][612]LogModuleManager: Shutting down and abandoning module HeadMountedDisplay (68)
[2017.07.10-10.14.16:573][612]LogModuleManager: Shutting down and abandoning module XAudio2 (67)
[2017.07.10-10.14.16:573][612]LogModuleManager: Shutting down and abandoning module Networking (65)
[2017.07.10-10.14.16:573][612]LogModuleManager: Shutting down and abandoning module Core (64)
[2017.07.10-10.14.16:573][612]LogModuleManager: Shutting down and abandoning module DirectoryWatcher (63)
[2017.07.10-10.14.16:574][612]LogModuleManager: Shutting down and abandoning module AssetRegistry (62)
[2017.07.10-10.14.17:540][612]LogModuleManager: Shutting down and abandoning module KismetCompiler (61)
[2017.07.10-10.14.17:540][612]LogModuleManager: Shutting down and abandoning module PhysXFormats (60)
[2017.07.10-10.14.17:540][612]LogModuleManager: Shutting down and abandoning module MeshUtilities (59)
[2017.07.10-10.14.17:542][612]LogModuleManager: Shutting down and abandoning module DerivedDataCache (58)
[2017.07.10-10.14.17:573][612]LogDerivedDataCache: Shutdown
[2017.07.10-10.14.17:574][612]LogModuleManager: Shutting down and abandoning module VulkanShaderFormat (57)
[2017.07.10-10.14.17:574][612]LogModuleManager: Shutting down and abandoning module ShaderFormatOpenGL (56)
[2017.07.10-10.14.17:575][612]LogModuleManager: Shutting down and abandoning module ShaderFormatD3D (55)
[2017.07.10-10.14.17:577][612]LogModuleManager: Shutting down and abandoning module MetalShaderFormat (54)
[2017.07.10-10.14.17:578][612]LogModuleManager: Shutting down and abandoning module TextureFormatUncompressed (53)
[2017.07.10-10.14.17:578][612]LogModuleManager: Shutting down and abandoning module TextureFormatPVR (52)
[2017.07.10-10.14.17:580][612]LogModuleManager: Shutting down and abandoning module TextureFormatIntelISPCTexComp (51)
[2017.07.10-10.14.17:582][612]LogModuleManager: Shutting down and abandoning module TextureFormatDXT (50)
[2017.07.10-10.14.17:583][612]LogModuleManager: Shutting down and abandoning module ImageWrapper (49)
[2017.07.10-10.14.17:583][612]LogModuleManager: Shutting down and abandoning module TextureFormatASTC (48)
[2017.07.10-10.14.17:583][612]LogModuleManager: Shutting down and abandoning module TextureFormatAndroid (47)
[2017.07.10-10.14.17:583][612]LogModuleManager: Shutting down and abandoning module AudioFormatOpus (46)
[2017.07.10-10.14.17:585][612]LogModuleManager: Shutting down and abandoning module AudioFormatOgg (45)
[2017.07.10-10.14.17:589][612]LogModuleManager: Shutting down and abandoning module AudioFormatADPCM (44)
[2017.07.10-10.14.17:590][612]LogModuleManager: Shutting down and abandoning module LinuxTargetPlatform (43)
[2017.07.10-10.14.17:591][612]LogModuleManager: Shutting down and abandoning module LinuxServerTargetPlatform (42)
[2017.07.10-10.14.17:591][612]LogModuleManager: Shutting down and abandoning module LinuxNoEditorTargetPlatform (41)
[2017.07.10-10.14.17:593][612]LogModuleManager: Shutting down and abandoning module TVOSTargetPlatform (40)
[2017.07.10-10.14.17:593][612]LogModuleManager: Shutting down and abandoning module Messaging (39)
[2017.07.10-10.14.17:593][612]LogModuleManager: Shutting down and abandoning module IOSTargetPlatform (38)
[2017.07.10-10.14.17:593][612]LogModuleManager: Shutting down and abandoning module HTML5TargetPlatform (37)
[2017.07.10-10.14.17:593][612]LogModuleManager: Shutting down and abandoning module Android_PVRTCTargetPlatform (36)
[2017.07.10-10.14.17:593][612]LogModuleManager: Shutting down and abandoning module Android_MultiTargetPlatform (35)
[2017.07.10-10.14.17:593][612]LogModuleManager: Shutting down and abandoning module Android_ETC2TargetPlatform (34)
[2017.07.10-10.14.17:593][612]LogModuleManager: Shutting down and abandoning module Android_ETC1TargetPlatform (33)
[2017.07.10-10.14.17:593][612]LogModuleManager: Shutting down and abandoning module Android_DXTTargetPlatform (32)
[2017.07.10-10.14.17:593][612]LogModuleManager: Shutting down and abandoning module Android_ATCTargetPlatform (31)
[2017.07.10-10.14.17:593][612]LogModuleManager: Shutting down and abandoning module Android_ASTCTargetPlatform (30)
[2017.07.10-10.14.17:593][612]LogModuleManager: Shutting down and abandoning module AndroidTargetPlatform (29)
[2017.07.10-10.14.17:593][612]LogModuleManager: Shutting down and abandoning module WindowsTargetPlatform (28)
[2017.07.10-10.14.17:593][612]LogModuleManager: Shutting down and abandoning module WindowsServerTargetPlatform (27)
[2017.07.10-10.14.17:594][612]LogModuleManager: Shutting down and abandoning module WindowsNoEditorTargetPlatform (26)
[2017.07.10-10.14.17:594][612]LogModuleManager: Shutting down and abandoning module WindowsClientTargetPlatform (25)
[2017.07.10-10.14.17:595][612]LogModuleManager: Shutting down and abandoning module AllDesktopTargetPlatform (24)
[2017.07.10-10.14.17:595][612]LogModuleManager: Shutting down and abandoning module TargetPlatform (23)
[2017.07.10-10.14.17:595][612]LogModuleManager: Shutting down and abandoning module InputCore (22)
[2017.07.10-10.14.17:595][612]LogModuleManager: Shutting down and abandoning module Settings (21)
[2017.07.10-10.14.17:595][612]LogModuleManager: Shutting down and abandoning module OnlineSubsystem (19)
[2017.07.10-10.14.17:595][612]LogModuleManager: Shutting down and abandoning module HTTP (18)
[2017.07.10-10.14.21:607][612]LogModuleManager: Shutting down and abandoning module XMPP (17)
[2017.07.10-10.14.21:609][612]LogModuleManager: Shutting down and abandoning module OculusRift (16)
[2017.07.10-10.14.21:610][612]LogModuleManager: Shutting down and abandoning module ExampleDeviceProfileSelector (15)
[2017.07.10-10.14.21:610][612]LogModuleManager: Shutting down and abandoning module TextureCompressor (14)
[2017.07.10-10.14.21:611][612]LogModuleManager: Shutting down and abandoning module ShaderCore (13)
[2017.07.10-10.14.21:611][612]LogModuleManager: Shutting down and abandoning module Landscape (12)
[2017.07.10-10.14.21:611][612]LogModuleManager: Shutting down and abandoning module SlateRHIRenderer (11)
[2017.07.10-10.14.21:614][612]LogModuleManager: Shutting down and abandoning module OpenGLDrv (10)
[2017.07.10-10.14.21:615][612]LogModuleManager: Shutting down and abandoning module D3D11RHI (9)
[2017.07.10-10.14.21:615][612]LogModuleManager: Shutting down and abandoning module AnimGraphRuntime (8)
[2017.07.10-10.14.21:615][612]LogModuleManager: Shutting down and abandoning module Renderer (7)
[2017.07.10-10.14.21:615][612]LogModuleManager: Shutting down and abandoning module Engine (6)
[2017.07.10-10.14.21:615][612]LogModuleManager: Shutting down and abandoning module CoreUObject (5)
[2017.07.10-10.14.21:615][612]LogModuleManager: Shutting down and abandoning module NetworkFile (4)
[2017.07.10-10.14.21:616][612]LogModuleManager: Shutting down and abandoning module StreamingFile (3)
[2017.07.10-10.14.21:616][612]LogModuleManager: Shutting down and abandoning module SandboxFile (2)
[2017.07.10-10.14.21:616][612]LogModuleManager: Shutting down and abandoning module PakFile (1)
[2017.07.10-10.14.21:623][612]LogExit: Exiting.
[2017.07.10-10.14.21:719][612]Log file closed, 07/10/17 11:14:21
