Log file open, 06/23/17 12:52:53
LogInit:Display: Running engine for game: Ava
LogPlatformFile: Not using cached read wrapper
LogInit:Display: RandInit(-1151077293) SRandInit(-1151077292).
LogTaskGraph: Started task graph with 4 named threads and 9 total threads with 1 sets of task threads.
LogStats: Stats thread started at 0.455542
LogInit: Version: 4.12.5-3039270+++UE4+Release-4.12
LogInit: API Version: 2992821
LogInit: Net Version: 3039270
LogDevObjectVersion: Number of dev versions registered: 13
LogDevObjectVersion:   Dev-Blueprints (B0D832E4-1F89-4F0D-ACCF-7EB736FD4AA2): 3
LogDevObjectVersion:   Dev-Build (E1C64328-A22C-4D53-A36C-8E866417BD8C): 0
LogDevObjectVersion:   Dev-Core (375EC13C-06E4-48FB-B500-84F0262A717E): 1
LogDevObjectVersion:   Dev-Editor (E4B068ED-F494-42E9-A231-DA0B2E46BB41): 2
LogDevObjectVersion:   Dev-Framework (CFFC743F-43B0-4480-9391-14DF171D2073): 6
LogDevObjectVersion:   Dev-Mobile (B02B49B5-BB20-44E9-A304-32B752E40360): 0
LogDevObjectVersion:   Dev-Networking (A4E4105C-59A1-49B5-A7C5-40C4547EDFEE): 0
LogDevObjectVersion:   Dev-Online (39C831C9-5AE6-47DC-9A44-9C173E1C8E7C): 0
LogDevObjectVersion:   Dev-Physics (78F01B33-EBEA-4F98-B9B4-84EACCB95AA2): 0
LogDevObjectVersion:   Dev-Platform (6631380F-2D4D-43E0-8009-CF276956A95A): 0
LogDevObjectVersion:   Dev-Rendering (12F88B9F-8875-4AFC-A67C-D90C383ABD29): 2
LogDevObjectVersion:   Dev-Sequencer (7B5AE74C-D270-4C10-A958-57980B212A5A): 0
LogDevObjectVersion:   Dev-VR (D7296918-1DD6-4BDD-9DE2-64A83CC13884): 0
LogInit: Compiled (64-bit): Jul  6 2016 09:09:46
LogInit: Compiled with Visual C++: 19.00.23026.00
LogInit: Build Configuration: Development
LogInit: Branch Name: ++UE4+Release-4.12
LogInit: Command line: 
LogInit: Base directory: C:/Program Files/Epic Games/4.12/Engine/Binaries/Win64/
LogInit: Installed Engine Build: 1
LogInit: Using libcurl 7.41.0
LogInit:  - built for x86_64-pc-win32
LogInit:  - supports SSL with WinSSL
LogInit:  - other features:
LogInit:      CURL_VERSION_SSL
LogInit:      CURL_VERSION_IPV6
LogInit:      CURL_VERSION_ASYNCHDNS
LogInit:      CURL_VERSION_LARGEFILE
LogInit:      CURL_VERSION_IDN
LogInit:  CurlRequestOptions (configurable via config and command line):
LogInit:  - bVerifyPeer = true  - Libcurl will verify peer certificate
LogInit:  - bUseHttpProxy = false  - Libcurl will NOT use HTTP proxy
LogInit:  - bDontReuseConnections = false  - Libcurl will reuse connections
LogInit:  - CertBundlePath = nullptr  - Libcurl will use whatever was configured at build time.
LogInit: Presizing for max 8388607 objects, including 0 objects not considered by GC, pre-allocating 0 bytes for permanent pool.
LogInit: Object subsystem initialized
[2017.06.23-11.52.53:223][  0]LogInit: Selected Device Profile: [Windows]
[2017.06.23-11.52.53:223][  0]LogInit: Applying CVar settings loaded from the selected device profile: [Windows]
[2017.06.23-11.52.53:234][  0]LogInit: Computer: PC42640
[2017.06.23-11.52.53:234][  0]LogInit: User: i7230020
[2017.06.23-11.52.53:234][  0]LogInit: CPU Page size=65536, Cores=6
[2017.06.23-11.52.53:234][  0]LogInit: High frequency timer resolution =3.410136 MHz
[2017.06.23-11.52.53:235][  0]LogMemory: Memory total: Physical=31.9GB (32GB approx)
[2017.06.23-11.52.53:235][  0]LogMemory: Platform Memory Stats for Windows
[2017.06.23-11.52.53:235][  0]LogMemory: Process Physical Memory: 196.96 MB used, 196.96 MB peak
[2017.06.23-11.52.53:235][  0]LogMemory: Process Virtual Memory: 198.83 MB used, 198.83 MB peak
[2017.06.23-11.52.53:235][  0]LogMemory: Physical Memory: 14166.14 MB used, 32684.15 MB total
[2017.06.23-11.52.53:235][  0]LogMemory: Virtual Memory: 538.89 MB used, 8388608.00 MB total
[2017.06.23-11.52.53:314][  0]LogTextLocalizationManager: No specific translations for ('en-GB') exist, so ('en') translations will be used.
[2017.06.23-11.52.53:694][  0]LogD3D11RHI: D3D11 adapters:
[2017.06.23-11.52.53:721][  0]LogD3D11RHI:    0. 'NVIDIA Quadro M4000' (Feature Level 11_0)
[2017.06.23-11.52.53:721][  0]LogD3D11RHI:       8092/0/16086 MB DedicatedVideo/DedicatedSystem/SharedSystem, Outputs:1, VendorId:0x10de
[2017.06.23-11.52.53:721][  0]LogD3D11RHI: Chosen D3D11 Adapter: 0
[2017.06.23-11.52.53:727][  0]LogD3D11RHI: Creating new Direct3DDevice
[2017.06.23-11.52.53:728][  0]LogD3D11RHI:     GPU DeviceId: 0x13f1 (for the marketing name, search the web for "GPU Device Id")
[2017.06.23-11.52.53:728][  0]LogWindows: EnumDisplayDevices:
[2017.06.23-11.52.53:728][  0]LogWindows:    0. 'NVIDIA Quadro M4000' (P:1 D:1)
[2017.06.23-11.52.53:729][  0]LogWindows:    1. 'NVIDIA Quadro M4000' (P:0 D:0)
[2017.06.23-11.52.53:730][  0]LogWindows:    2. 'NVIDIA Quadro M4000' (P:0 D:0)
[2017.06.23-11.52.53:731][  0]LogWindows:    3. 'NVIDIA Quadro M4000' (P:0 D:0)
[2017.06.23-11.52.53:731][  0]LogWindows:    4. 'RDPDD Chained DD' (P:0 D:0)
[2017.06.23-11.52.53:732][  0]LogWindows:    5. 'RDP Encoder Mirror Driver' (P:0 D:0)
[2017.06.23-11.52.53:732][  0]LogWindows:    6. 'RDP Reflector Display Driver' (P:0 D:0)
[2017.06.23-11.52.53:733][  0]LogWindows: DebugString: GetVideoDriverDetailsInvalid PrimaryIsNotTheChoosenAdapter GetVideoDriverDetailsInvalid PrimaryIsNotTheChoosenAdapter GetVideoDriverDetailsInvalid PrimaryIsNotTheChoosenAdapter FoundDriverCount:4 
[2017.06.23-11.52.53:733][  0]LogD3D11RHI:     Adapter Name: NVIDIA Quadro M4000
[2017.06.23-11.52.53:733][  0]LogD3D11RHI:   Driver Version: 362.13 (internal:10.18.13.6213, unified:362.13)
[2017.06.23-11.52.53:733][  0]LogD3D11RHI:      Driver Date: 3-18-2016
[2017.06.23-11.52.53:733][  0]LogRHI: Texture pool is 1361 MB (70% of 1945 MB)
[2017.06.23-11.52.53:748][  0]LogD3D11RHI: Async texture creation enabled
[2017.06.23-11.52.53:763][  0]LogD3D11RHI: GPU Timing Frequency: 1000.000000 (Debug: 2 2)
[2017.06.23-11.52.53:763][  0]LogShaderCompilers: Guid format shader working directory is -27 characters bigger than the processId version (../../../../../../Users/i7230020.STUDENT.000/Documents/GitHub/MastersProject/Ava/Intermediate/Shaders/WorkingDirectory/9960/).
[2017.06.23-11.52.53:763][  0]LogShaderCompilers: Cleaned the shader compiler working directory 'C:/Users/I72300~1.000/AppData/Local/Temp/UnrealShaderWorkingDir/993CF3A04DB09B51BCA58493418E38BB/'.
[2017.06.23-11.52.53:763][  0]LogShaderCompilers:Display: Using Local Shader Compiler.
[2017.06.23-11.52.54:766][  0]LogTemp:Display: Loaded TP AllDesktopTargetPlatform
[2017.06.23-11.52.54:777][  0]LogTemp:Display: Loaded TP WindowsClientTargetPlatform
[2017.06.23-11.52.54:788][  0]LogTemp:Display: Loaded TP WindowsNoEditorTargetPlatform
[2017.06.23-11.52.54:799][  0]LogTemp:Display: Loaded TP WindowsServerTargetPlatform
[2017.06.23-11.52.54:810][  0]LogTemp:Display: Loaded TP WindowsTargetPlatform
[2017.06.23-11.52.54:820][  0]LogTemp:Display: Loaded TP AndroidTargetPlatform
[2017.06.23-11.52.54:830][  0]LogTemp:Display: Loaded TP Android_ASTCTargetPlatform
[2017.06.23-11.52.54:840][  0]LogTemp:Display: Loaded TP Android_ATCTargetPlatform
[2017.06.23-11.52.54:850][  0]LogTemp:Display: Loaded TP Android_DXTTargetPlatform
[2017.06.23-11.52.54:860][  0]LogTemp:Display: Loaded TP Android_ETC1TargetPlatform
[2017.06.23-11.52.54:870][  0]LogTemp:Display: Loaded TP Android_ETC2TargetPlatform
[2017.06.23-11.52.54:892][  0]LogTemp:Display: Loaded TP Android_MultiTargetPlatform
[2017.06.23-11.52.54:892][  0]LogTemp:Display: Loaded TP Android_PVRTCTargetPlatform
[2017.06.23-11.52.54:895][  0]LogTemp:Display: Loaded TP HTML5TargetPlatform
[2017.06.23-11.52.54:924][  0]LogTemp:Display: Loaded TP IOSTargetPlatform
[2017.06.23-11.52.54:934][  0]LogTemp:Display: Loaded TP TVOSTargetPlatform
[2017.06.23-11.52.54:944][  0]LogTemp:Display: Loaded TP LinuxNoEditorTargetPlatform
[2017.06.23-11.52.54:954][  0]LogTemp:Display: Loaded TP LinuxServerTargetPlatform
[2017.06.23-11.52.54:967][  0]LogTemp:Display: Loaded TP LinuxTargetPlatform
[2017.06.23-11.52.54:967][  0]LogTargetPlatformManager:Display: Building Assets For Windows
[2017.06.23-11.52.55:108][  0]LogDerivedDataCache:Display: Max Cache Size: 512 MB
[2017.06.23-11.52.55:156][  0]LogDerivedDataCache: Loaded boot cache 0.05s 49MB C:/Users/i7230020.STUDENT.000/AppData/Local/UnrealEngine/4.12/DerivedDataCache/Boot.ddc.
[2017.06.23-11.52.55:157][  0]LogDerivedDataCache:Display: Loaded Boot cache: C:/Users/i7230020.STUDENT.000/AppData/Local/UnrealEngine/4.12/DerivedDataCache/Boot.ddc
[2017.06.23-11.52.55:157][  0]LogDerivedDataCache: FDerivedDataBackendGraph:  Pak pak cache file ../../../../../../Users/i7230020.STUDENT.000/Documents/GitHub/MastersProject/Ava/DerivedDataCache/DDC.ddp not found, will not use a pak cache.
[2017.06.23-11.52.55:157][  0]LogDerivedDataCache: Unable to find inner node Pak for hierarchical cache Hierarchy.
[2017.06.23-11.52.55:158][  0]LogDerivedDataCache: FDerivedDataBackendGraph:  CompressedPak pak cache file ../../../../../../Users/i7230020.STUDENT.000/Documents/GitHub/MastersProject/Ava/DerivedDataCache/Compressed.ddp not found, will not use a pak cache.
[2017.06.23-11.52.55:158][  0]LogDerivedDataCache: Unable to find inner node CompressedPak for hierarchical cache Hierarchy.
[2017.06.23-11.52.55:188][  0]LogDerivedDataCache:Display: Pak cache opened for reading ../../../Engine/DerivedDataCache/Compressed.ddp.
[2017.06.23-11.52.55:200][  0]LogDerivedDataCache: Using Local data cache path C:/Users/i7230020.STUDENT.000/AppData/Local/UnrealEngine/Common/DerivedDataCache: Writable
[2017.06.23-11.52.55:380][  0]LogInit: Selected Device Profile: [Windows]
[2017.06.23-11.52.55:381][  0]LogContentStreaming: Texture pool size is 0.00 MB
[2017.06.23-11.52.55:558][  0]LogMeshUtilities: No automatic mesh reduction module available
[2017.06.23-11.52.55:558][  0]LogMeshUtilities: No automatic mesh merging module available
[2017.06.23-11.52.55:558][  0]LogMeshUtilities: No distributed automatic mesh merging module available
[2017.06.23-11.52.55:874][  0]LogAssetRegistry: FAssetRegistry took 0.0222 seconds to start up
[2017.06.23-11.52.55:953][  0]LogPackageLocalizationCache: Processed 4 localized package path(s) for 2 prioritized culture(s) in 0.073814 seconds
[2017.06.23-11.52.55:957][  0]LogUObjectArray: 28739 objects as part of root set at end of initial load.
[2017.06.23-11.52.55:957][  0]LogUObjectAllocator: 5855632 out of 0 bytes used by permanent object pool.
[2017.06.23-11.52.55:957][  0]LogUObjectArray: CloseDisregardForGC: 0/0 objects in disregard for GC pool
[2017.06.23-11.52.55:967][  0]LogInit: WinSock: version 1.1 (2.2), MaxSocks=32767, MaxUdp=65467
[2017.06.23-11.52.56:265][  0]LogSlate: SlateFontCache - WITH_FREETYPE: 1, WITH_HARFBUZZ: 1
[2017.06.23-11.52.56:265][  0]LogSlate: SlateFontCache - WITH_FREETYPE: 1, WITH_HARFBUZZ: 1
[2017.06.23-11.52.57:166][  0]LogUdpMessaging: Initializing bridge on interface 0.0.0.0:0 to multicast group 230.0.0.1:6666.
[2017.06.23-11.52.57:593][  0]SourceControl: Info Source control is disabled
[2017.06.23-11.52.57:597][  0]SourceControl: Info Source control is disabled
[2017.06.23-11.52.57:611][  0]SourceControl: Info Source control is disabled
[2017.06.23-11.52.57:627][  0]SourceControl: Info Source control is disabled
[2017.06.23-11.52.57:835][  0]LogHoudiniEngine: Starting the Houdini Engine module.
[2017.06.23-11.52.57:837][  0]LogHoudiniEngine: Loaded libHAPIL.dll from Registry path C:\Program Files\Side Effects Software\Houdini 15.5.632/bin
[2017.06.23-11.52.57:838][  0]LogLinker:Warning: Asset '../../../Engine/Plugins/Runtime/HoudiniEngine/Content/houdini_logo.uasset' has been saved with empty engine version. The asset will be loaded but may be incompatible.
[2017.06.23-11.52.57:840][  0]LogLinker:Warning: Asset '../../../Engine/Plugins/Runtime/HoudiniEngine/Content/houdini_default_material.uasset' has been saved with empty engine version. The asset will be loaded but may be incompatible.
[2017.06.23-11.52.57:845][  0]LogLinker:Warning: Asset '../../../Engine/Plugins/Runtime/HoudiniEngine/Content/houdini_bgeo_import.uasset' has been saved with empty engine version. The asset will be loaded but may be incompatible.
[2017.06.23-11.52.59:086][  0]LogHoudiniEngine: Successfully initialized the Houdini Engine API module.
[2017.06.23-11.52.59:237][  0]LogEngine: Initializing Engine...
[2017.06.23-11.52.59:241][  0]LogHMD: SteamVR failed to initialize.  Err: 110
[2017.06.23-11.52.59:244][  0]LogHMD: SteamVR failed to initialize.  Err: 110
[2017.06.23-11.52.59:384][  0]LogAIModule: Creating AISystem for world NewWorld
[2017.06.23-11.52.59:400][  0]LogInit: XAudio2 using 'Speakers (Realtek High Definition Audio)' : 2 channels at 48 kHz using 32 bits per sample (channel mask 0x3)
[2017.06.23-11.52.59:416][  0]LogInit: FAudioDevice initialized.
[2017.06.23-11.52.59:444][  0]LogDerivedDataCache: Saved boot cache 0.03s 49MB C:/Users/i7230020.STUDENT.000/AppData/Local/UnrealEngine/4.12/DerivedDataCache/Boot.ddc.
[2017.06.23-11.52.59:449][  0]LogInit: Texture streaming: Enabled
[2017.06.23-11.52.59:480][  0]LogInit: Transaction tracking system initialized
[2017.06.23-11.52.59:512][  0]BlueprintLog: New page: Editor Load
[2017.06.23-11.52.59:618][  0]LocalizationService: Info Localization service is disabled
[2017.06.23-11.52.59:711][  0]LogConsoleResponse:Display: 
[2017.06.23-11.52.59:815][  0]LogCook:Display: Max memory allowance for cook 8192mb
[2017.06.23-11.52.59:815][  0]LogCook:Display: Mobile HDR setting 1
[2017.06.23-11.52.59:912][  0]LogFileCache: Scanning file cache for directory 'C:/Users/i7230020.STUDENT.000/Documents/GitHub/MastersProject/Ava/Content/' took 0.02s
[2017.06.23-11.52.59:912][  0]LogHoudiniEngineEditor: Starting the Houdini Engine Editor module.
[2017.06.23-11.52.59:967][  0]SourceControl: Info Source control is disabled
[2017.06.23-11.52.59:967][  0]Cmd: MAP LOAD FILE="../../../../../../Users/i7230020.STUDENT.000/Documents/GitHub/MastersProject/Ava/Content/Ava/Maps/MainMenu.umap" TEMPLATE=0 SHOWPROGRESS=1 FEATURELEVEL=3
[2017.06.23-11.52.59:967][  0]LightingResults: New page: Lighting Build
[2017.06.23-11.52.59:971][  0]MapCheck: New page: Map Check
[2017.06.23-11.52.59:971][  0]LightingResults: New page: Lighting Build
[2017.06.23-11.53.00:079][  0]LogAIModule: Creating AISystem for world MainMenu
[2017.06.23-11.53.00:080][  0]LogEditorServer: Finished looking for orphan Actors (0.000 secs)
[2017.06.23-11.53.00:081][  0]Cmd: MAP CHECKDEP NOCLEARLOG
[2017.06.23-11.53.00:182][  0]MapCheck: Info Map check complete: 0 Error(s), 0 Warning(s), took 101.553ms to complete.
[2017.06.23-11.53.00:182][  0]LogFileHelpers: Loading map 'MainMenu' took 0.216
[2017.06.23-11.53.00:306][  0]LogCollectionManager: Loaded 0 collections in 0.001910 seconds
[2017.06.23-11.53.00:351][  0]LogFileCache: Scanning file cache for directory 'C:/Users/i7230020.STUDENT.000/Documents/GitHub/MastersProject/Ava/Saved/Collections/' took 0.01s
[2017.06.23-11.53.00:351][  0]LogFileCache: Scanning file cache for directory 'C:/Users/i7230020.STUDENT.000/Documents/GitHub/MastersProject/Ava/Content/Developers/i7230020/Collections/' took 0.01s
[2017.06.23-11.53.00:351][  0]LogFileCache: Scanning file cache for directory 'C:/Users/i7230020.STUDENT.000/Documents/GitHub/MastersProject/Ava/Content/Collections/' took 0.01s
[2017.06.23-11.53.00:351][  0]LogCollectionManager: Rebuilt the GUID cache for 0 collections in 0.000002 seconds
[2017.06.23-11.53.00:361][  0]LogContentBrowser: Native class hierarchy populated in 0.0092 seconds. Added 2092 classes and 376 folders.
[2017.06.23-11.53.00:366][  0]LogStats: UGameplayTagsManager::ConstructGameplayTagTree: Construct from data asset -  0.000 s
[2017.06.23-11.53.00:366][  0]LogStats: UGameplayTagsManager::ConstructGameplayTagTree: GameplayTagTreeChangedEvent.Broadcast -  0.000 s
[2017.06.23-11.53.00:368][  0]LogContentBrowser: Native class hierarchy updated for 'GameplayTags' in 0.0027 seconds. Added 12 classes and 0 folders.
[2017.06.23-11.53.00:377][  0]LogContentBrowser: Native class hierarchy updated for 'WidgetCarousel' in 0.0027 seconds. Added 0 classes and 0 folders.
[2017.06.23-11.53.00:457][  0]LogContentBrowser: Native class hierarchy updated for 'AddContentDialog' in 0.0026 seconds. Added 0 classes and 0 folders.
[2017.06.23-11.53.00:464][  0]LogContentBrowser: Native class hierarchy updated for 'SceneOutliner' in 0.0026 seconds. Added 1 classes and 2 folders.
[2017.06.23-11.53.00:478][  0]LogCrashTracker: Crashtracker disabled due to settings.
[2017.06.23-11.53.00:482][  0]LogUObjectGlobals:Warning: Failed to find object 'Class None.'
[2017.06.23-11.53.00:511][  0]LogContentBrowser: Native class hierarchy updated for 'HierarchicalLODOutliner' in 0.0027 seconds. Added 1 classes and 2 folders.
[2017.06.23-11.53.00:511][  0]LogLoad: Full Startup: 10.07 seconds (BP compile: 0.02 seconds)
[2017.06.23-11.53.00:511][  0]LogExternalProfiler: Found external profiler: VSPerf
[2017.06.23-11.53.00:512][  0]LogExternalProfiler: Using external profiler: VSPerf
[2017.06.23-11.53.00:523][  0]LogOcInput: OculusInput pre-init called
[2017.06.23-11.53.00:542][  0]LogContentStreaming: Texture pool size now 1000 MB
[2017.06.23-11.53.00:663][  1]LogAssetRegistry: Asset discovery search completed in 4.8158 seconds
[2017.06.23-11.53.00:664][  1]LogCollectionManager: Rebuilt the object cache for 0 collections in 0.000001 seconds (found 0 objects)
[2017.06.23-11.53.00:664][  1]LogCollectionManager: Fixed up redirectors for 0 collections in 0.000110 seconds (updated 0 objects)
[2017.06.23-11.53.00:682][  2]LogRenderer: Reallocating scene render targets to support 1216x548 (Frame:2).
[2017.06.23-11.53.34:217][500]LogBlueprintUserMessages: Early PlayInEditor Detection: Level '/Game/Ava/Maps/MainMenu.MainMenu:PersistentLevel' has LevelScriptBlueprint '/Game/Ava/Maps/MainMenu.MainMenu:PersistentLevel.MainMenu' with GeneratedClass '/Game/Ava/Maps/MainMenu.MainMenu_C' with ClassGeneratedBy '/Game/Ava/Maps/MainMenu.MainMenu:PersistentLevel.MainMenu'
[2017.06.23-11.53.34:223][500]LogPlayLevel: PlayLevel: No blueprints needed recompiling
[2017.06.23-11.53.34:226][500]PIE: New page: PIE session: MainMenu (23 Jun 2017 12:53:34)
[2017.06.23-11.53.34:227][500]LogPlayLevel: Creating play world package: /Game/Ava/Maps/UEDPIE_0_MainMenu
[2017.06.23-11.53.34:229][500]LogPlayLevel: PIE: StaticDuplicateObject took: (0.002062s)
[2017.06.23-11.53.34:229][500]LogAIModule: Creating AISystem for world MainMenu
[2017.06.23-11.53.34:230][500]LogPlayLevel: PIE: World Init took: (0.000770s)
[2017.06.23-11.53.34:230][500]LogPlayLevel: PIE: Created PIE world by copying editor world from /Game/Ava/Maps/MainMenu.MainMenu to /Game/Ava/Maps/UEDPIE_0_MainMenu.MainMenu (0.003618s)
[2017.06.23-11.53.34:242][500]LogInit: XAudio2 using 'Speakers (Realtek High Definition Audio)' : 2 channels at 48 kHz using 32 bits per sample (channel mask 0x3)
[2017.06.23-11.53.34:250][500]LogInit: FAudioDevice initialized.
[2017.06.23-11.53.34:324][500]LogWorld: Game class is 'AvaGameMode'
[2017.06.23-11.53.34:326][500]LogWorld: Bringing World /Game/Ava/Maps/UEDPIE_0_MainMenu.MainMenu up for play (max tick rate 0) at 2017.06.23-12.53.34
[2017.06.23-11.53.34:327][500]LogWorld: Bringing up level for play took: 0.001203
[2017.06.23-11.53.34:340][500]LogContentBrowser: Native class hierarchy updated for 'MovieSceneCapture' in 0.0072 seconds. Added 11 classes and 0 folders.
[2017.06.23-11.53.34:342][500]PIE: Info Play in editor start time for /Game/Ava/Maps/UEDPIE_0_MainMenu 0.548
[2017.06.23-11.53.34:342][500]LogBlueprintUserMessages: Late PlayInEditor Detection: Level '/Game/Ava/Maps/MainMenu.MainMenu:PersistentLevel' has LevelScriptBlueprint '/Game/Ava/Maps/MainMenu.MainMenu:PersistentLevel.MainMenu' with GeneratedClass '/Game/Ava/Maps/MainMenu.MainMenu_C' with ClassGeneratedBy '/Game/Ava/Maps/MainMenu.MainMenu:PersistentLevel.MainMenu'
[2017.06.23-11.53.37:158][813]LogBlueprintUserMessages: Early EndPlayMap Detection: Level '/Game/Ava/Maps/MainMenu.MainMenu:PersistentLevel' has LevelScriptBlueprint '/Game/Ava/Maps/MainMenu.MainMenu:PersistentLevel.MainMenu' with GeneratedClass '/Game/Ava/Maps/MainMenu.MainMenu_C' with ClassGeneratedBy '/Game/Ava/Maps/MainMenu.MainMenu:PersistentLevel.MainMenu'
[2017.06.23-11.53.37:194][813]LogBlueprintUserMessages: Late EndPlayMap Detection: Level '/Game/Ava/Maps/MainMenu.MainMenu:PersistentLevel' has LevelScriptBlueprint '/Game/Ava/Maps/MainMenu.MainMenu:PersistentLevel.MainMenu' with GeneratedClass '/Game/Ava/Maps/MainMenu.MainMenu_C' with ClassGeneratedBy '/Game/Ava/Maps/MainMenu.MainMenu:PersistentLevel.MainMenu'
[2017.06.23-11.53.43:773][388]LogBlueprint:Warning: Compiler Warning InputAction Event references unknown Action 'Crouch' for  InputAction Crouch 
[2017.06.23-11.53.43:780][388]LogBlueprint:Warning: Compiler Warning [0053.38] Compile of Ue4ASP_Character successful, but with 1 Warning(s) [in 12 ms] (/Game/AnimStarterPack/Ue4ASP_Character.Ue4ASP_Character)
[2017.06.23-11.53.43:780][388]LogBlueprint:Warning: Compiler Warning [0053.38] Compile of Ue4ASP_Character successful, but with 2 Warning(s) [in 0 ms] (/Game/AnimStarterPack/Ue4ASP_Character.Ue4ASP_Character)
[2017.06.23-11.53.43:782][388]LogBlueprint:Warning: Compiler Warning [0053.38] Compile of Ue4ASP_Character successful, but with 3 Warning(s) [in 1 ms] (/Game/AnimStarterPack/Ue4ASP_Character.Ue4ASP_Character)
[2017.06.23-11.53.43:873][388]LogBlueprint:Warning: Compiler Warning InputAction Event references unknown Action 'Crouch' for  InputAction Crouch 
[2017.06.23-11.53.43:879][388]LogBlueprint:Warning: Compiler Warning [0053.48] Compile of Ue4ASP_Character successful, but with 1 Warning(s) [in 17 ms] (/Game/AnimStarterPack/Ue4ASP_Character.Ue4ASP_Character)
[2017.06.23-11.53.43:880][388]LogBlueprint:Warning: Compiler Warning [0053.48] Compile of Ue4ASP_Character successful, but with 2 Warning(s) [in 0 ms] (/Game/AnimStarterPack/Ue4ASP_Character.Ue4ASP_Character)
[2017.06.23-11.53.43:881][388]LogBlueprint:Warning: Compiler Warning [0053.48] Compile of Ue4ASP_Character successful, but with 3 Warning(s) [in 1 ms] (/Game/AnimStarterPack/Ue4ASP_Character.Ue4ASP_Character)
[2017.06.23-11.53.44:148][388]LogAIModule: Creating AISystem for world ExternalEnvironment
[2017.06.23-11.53.44:182][388]Cmd: MAP LOAD FILE="../../../../../../Users/i7230020.STUDENT.000/Documents/GitHub/MastersProject/Ava/Content/Ava/Maps/ExternalEnvironment.umap" TEMPLATE=0 SHOWPROGRESS=1 FEATURELEVEL=3
[2017.06.23-11.53.44:182][388]LightingResults: New page: Lighting Build
[2017.06.23-11.53.44:183][388]LoadErrors: New page: Loading map: ExternalEnvironment.umap
[2017.06.23-11.53.44:183][388]MapCheck: New page: Map Check
[2017.06.23-11.53.44:183][388]LightingResults: New page: Lighting Build
[2017.06.23-11.53.44:255][388]LogEditorServer: Finished looking for orphan Actors (0.000 secs)
[2017.06.23-11.53.44:295][388]Cmd: MAP CHECKDEP NOCLEARLOG
[2017.06.23-11.53.44:448][388]MapCheck: Info Map check complete: 0 Error(s), 0 Warning(s), took 153.197ms to complete.
[2017.06.23-11.53.44:450][388]LogFileHelpers: Loading map 'ExternalEnvironment' took 0.269
[2017.06.23-11.53.44:482][389]Cmd: UpdateLandscapeEditorData -warnings
[2017.06.23-11.53.44:484][389]Cmd: UpdateLandscapeEditorData
[2017.06.23-11.53.48:847][637]LogPlayLevel: PlayLevel: No blueprints needed recompiling
[2017.06.23-11.53.48:847][637]PIE: New page: PIE session: ExternalEnvironment (23 Jun 2017 12:53:48)
[2017.06.23-11.53.48:847][637]LogPlayLevel: Creating play world package: /Game/Ava/Maps/UEDPIE_0_ExternalEnvironment
[2017.06.23-11.53.48:861][637]LogPlayLevel: PIE: StaticDuplicateObject took: (0.013494s)
[2017.06.23-11.53.48:862][637]LogAIModule: Creating AISystem for world ExternalEnvironment
[2017.06.23-11.53.48:862][637]LogPlayLevel: PIE: World Init took: (0.000745s)
[2017.06.23-11.53.48:862][637]LogPlayLevel: PIE: Created PIE world by copying editor world from /Game/Ava/Maps/ExternalEnvironment.ExternalEnvironment to /Game/Ava/Maps/UEDPIE_0_ExternalEnvironment.ExternalEnvironment (0.014750s)
[2017.06.23-11.53.48:872][637]LogInit: XAudio2 using 'Speakers (Realtek High Definition Audio)' : 2 channels at 48 kHz using 32 bits per sample (channel mask 0x3)
[2017.06.23-11.53.48:880][637]LogInit: FAudioDevice initialized.
[2017.06.23-11.53.48:940][637]LogWorld: Game class is 'AvaGameMode'
[2017.06.23-11.53.48:969][637]LogWorld: Bringing World /Game/Ava/Maps/UEDPIE_0_ExternalEnvironment.ExternalE