Log file open, 07/24/17 10:59:57
LogInit:Display: Running engine for game: Ava
LogPlatformFile: Not using cached read wrapper
LogInit:Display: RandInit(-483280534) SRandInit(-483280533).
LogTaskGraph: Started task graph with 4 named threads and 9 total threads with 1 sets of task threads.
LogStats: Stats thread started at 0.118728
LogInit: Version: 4.12.5-3039270+++UE4+Release-4.12
LogInit: API Version: 2992821
LogInit: Net Version: 3039270
LogDevObjectVersion: Number of dev versions registered: 13
LogDevObjectVersion:   Dev-Blueprints (B0D832E4-1F89-4F0D-ACCF-7EB736FD4AA2): 3
LogDevObjectVersion:   Dev-Build (E1C64328-A22C-4D53-A36C-8E866417BD8C): 0
LogDevObjectVersion:   Dev-Core (375EC13C-06E4-48FB-B500-84F0262A717E): 1
LogDevObjectVersion:   Dev-Editor (E4B068ED-F494-42E9-A231-DA0B2E46BB41): 2
LogDevObjectVersion:   Dev-Framework (CFFC743F-43B0-4480-9391-14DF171D2073): 6
LogDevObjectVersion:   Dev-Mobile (B02B49B5-BB20-44E9-A304-32B752E40360): 0
LogDevObjectVersion:   Dev-Networking (A4E4105C-59A1-49B5-A7C5-40C4547EDFEE): 0
LogDevObjectVersion:   Dev-Online (39C831C9-5AE6-47DC-9A44-9C173E1C8E7C): 0
LogDevObjectVersion:   Dev-Physics (78F01B33-EBEA-4F98-B9B4-84EACCB95AA2): 0
LogDevObjectVersion:   Dev-Platform (6631380F-2D4D-43E0-8009-CF276956A95A): 0
LogDevObjectVersion:   Dev-Rendering (12F88B9F-8875-4AFC-A67C-D90C383ABD29): 2
LogDevObjectVersion:   Dev-Sequencer (7B5AE74C-D270-4C10-A958-57980B212A5A): 0
LogDevObjectVersion:   Dev-VR (D7296918-1DD6-4BDD-9DE2-64A83CC13884): 0
LogInit: Compiled (64-bit): Jul  6 2016 09:09:46
LogInit: Compiled with Visual C++: 19.00.23026.00
LogInit: Build Configuration: Development
LogInit: Branch Name: ++UE4+Release-4.12
LogInit: Command line:  
LogInit: Base directory: C:/Program Files/Epic Games/4.12/Engine/Binaries/Win64/
LogInit: Installed Engine Build: 1
LogInit: Using libcurl 7.41.0
LogInit:  - built for x86_64-pc-win32
LogInit:  - supports SSL with WinSSL
LogInit:  - other features:
LogInit:      CURL_VERSION_SSL
LogInit:      CURL_VERSION_IPV6
LogInit:      CURL_VERSION_ASYNCHDNS
LogInit:      CURL_VERSION_LARGEFILE
LogInit:      CURL_VERSION_IDN
LogInit:  CurlRequestOptions (configurable via config and command line):
LogInit:  - bVerifyPeer = true  - Libcurl will verify peer certificate
LogInit:  - bUseHttpProxy = false  - Libcurl will NOT use HTTP proxy
LogInit:  - bDontReuseConnections = false  - Libcurl will reuse connections
LogInit:  - CertBundlePath = nullptr  - Libcurl will use whatever was configured at build time.
LogInit: Presizing for max 8388607 objects, including 0 objects not considered by GC, pre-allocating 0 bytes for permanent pool.
LogInit: Object subsystem initialized
[2017.07.24-09.59.57:405][  0]LogInit: Selected Device Profile: [Windows]
[2017.07.24-09.59.57:405][  0]LogInit: Applying CVar settings loaded from the selected device profile: [Windows]
[2017.07.24-09.59.57:414][  0]LogInit: Computer: PC42640
[2017.07.24-09.59.57:414][  0]LogInit: User: i7230020
[2017.07.24-09.59.57:414][  0]LogInit: CPU Page size=65536, Cores=6
[2017.07.24-09.59.57:414][  0]LogInit: High frequency timer resolution =3.410097 MHz
[2017.07.24-09.59.57:414][  0]LogMemory: Memory total: Physical=31.9GB (32GB approx)
[2017.07.24-09.59.57:414][  0]LogMemory: Platform Memory Stats for Windows
[2017.07.24-09.59.57:414][  0]LogMemory: Process Physical Memory: 196.33 MB used, 196.33 MB peak
[2017.07.24-09.59.57:414][  0]LogMemory: Process Virtual Memory: 198.97 MB used, 198.97 MB peak
[2017.07.24-09.59.57:414][  0]LogMemory: Physical Memory: 12993.46 MB used, 32684.15 MB total
[2017.07.24-09.59.57:414][  0]LogMemory: Virtual Memory: 539.58 MB used, 8388608.00 MB total
[2017.07.24-09.59.57:494][  0]LogTextLocalizationManager: No specific translations for ('en-GB') exist, so ('en') translations will be used.
[2017.07.24-09.59.57:855][  0]LogD3D11RHI: D3D11 adapters:
[2017.07.24-09.59.57:876][  0]LogD3D11RHI:    0. 'NVIDIA Quadro M4000' (Feature Level 11_0)
[2017.07.24-09.59.57:876][  0]LogD3D11RHI:       8092/0/16086 MB DedicatedVideo/DedicatedSystem/SharedSystem, Outputs:1, VendorId:0x10de
[2017.07.24-09.59.57:876][  0]LogD3D11RHI: Chosen D3D11 Adapter: 0
[2017.07.24-09.59.57:889][  0]LogD3D11RHI: Creating new Direct3DDevice
[2017.07.24-09.59.57:889][  0]LogD3D11RHI:     GPU DeviceId: 0x13f1 (for the marketing name, search the web for "GPU Device Id")
[2017.07.24-09.59.57:889][  0]LogWindows: EnumDisplayDevices:
[2017.07.24-09.59.57:890][  0]LogWindows:    0. 'NVIDIA Quadro M4000' (P:1 D:1)
[2017.07.24-09.59.57:891][  0]LogWindows:    1. 'NVIDIA Quadro M4000' (P:0 D:0)
[2017.07.24-09.59.57:892][  0]LogWindows:    2. 'NVIDIA Quadro M4000' (P:0 D:0)
[2017.07.24-09.59.57:893][  0]LogWindows:    3. 'NVIDIA Quadro M4000' (P:0 D:0)
[2017.07.24-09.59.57:893][  0]LogWindows:    4. 'RDPDD Chained DD' (P:0 D:0)
[2017.07.24-09.59.57:894][  0]LogWindows:    5. 'RDP Encoder Mirror Driver' (P:0 D:0)
[2017.07.24-09.59.57:894][  0]LogWindows:    6. 'RDP Reflector Display Driver' (P:0 D:0)
[2017.07.24-09.59.57:895][  0]LogWindows: DebugString: GetVideoDriverDetailsInvalid PrimaryIsNotTheChoosenAdapter GetVideoDriverDetailsInvalid PrimaryIsNotTheChoosenAdapter GetVideoDriverDetailsInvalid PrimaryIsNotTheChoosenAdapter FoundDriverCount:4 
[2017.07.24-09.59.57:895][  0]LogD3D11RHI:     Adapter Name: NVIDIA Quadro M4000
[2017.07.24-09.59.57:895][  0]LogD3D11RHI:   Driver Version: 362.13 (internal:10.18.13.6213, unified:362.13)
[2017.07.24-09.59.57:895][  0]LogD3D11RHI:      Driver Date: 3-18-2016
[2017.07.24-09.59.57:895][  0]LogRHI: Texture pool is 1361 MB (70% of 1945 MB)
[2017.07.24-09.59.57:911][  0]LogD3D11RHI: Async texture creation enabled
[2017.07.24-09.59.57:926][  0]LogD3D11RHI: GPU Timing Frequency: 1000.000000 (Debug: 2 2)
[2017.07.24-09.59.57:926][  0]LogShaderCompilers: Guid format shader working directory is -8 characters bigger than the processId version (W:/University Work/Masters/MastersProject/MastersProject/Ava/Intermediate/Shaders/WorkingDirectory/75812/).
[2017.07.24-09.59.57:926][  0]LogShaderCompilers: Cleaned the shader compiler working directory 'C:/Users/I72300~1.000/AppData/Local/Temp/UnrealShaderWorkingDir/74694BD747D6BDBA2E5EB0A3FE3495D8/'.
[2017.07.24-09.59.57:926][  0]LogShaderCompilers:Display: Using Local Shader Compiler.
[2017.07.24-09.59.58:993][  0]LogTemp:Display: Loaded TP AllDesktopTargetPlatform
[2017.07.24-09.59.59:002][  0]LogTemp:Display: Loaded TP WindowsClientTargetPlatform
[2017.07.24-09.59.59:011][  0]LogTemp:Display: Loaded TP WindowsNoEditorTargetPlatform
[2017.07.24-09.59.59:019][  0]LogTemp:Display: Loaded TP WindowsServerTargetPlatform
[2017.07.24-09.59.59:032][  0]LogTemp:Display: Loaded TP WindowsTargetPlatform
[2017.07.24-09.59.59:039][  0]LogTemp:Display: Loaded TP AndroidTargetPlatform
[2017.07.24-09.59.59:046][  0]LogTemp:Display: Loaded TP Android_ASTCTargetPlatform
[2017.07.24-09.59.59:054][  0]LogTemp:Display: Loaded TP Android_ATCTargetPlatform
[2017.07.24-09.59.59:070][  0]LogTemp:Display: Loaded TP Android_DXTTargetPlatform
[2017.07.24-09.59.59:084][  0]LogTemp:Display: Loaded TP Android_ETC1TargetPlatform
[2017.07.24-09.59.59:091][  0]LogTemp:Display: Loaded TP Android_ETC2TargetPlatform
[2017.07.24-09.59.59:108][  0]LogTemp:Display: Loaded TP Android_MultiTargetPlatform
[2017.07.24-09.59.59:108][  0]LogTemp:Display: Loaded TP Android_PVRTCTargetPlatform
[2017.07.24-09.59.59:110][  0]LogTemp:Display: Loaded TP HTML5TargetPlatform
[2017.07.24-09.59.59:137][  0]LogTemp:Display: Loaded TP IOSTargetPlatform
[2017.07.24-09.59.59:144][  0]LogTemp:Display: Loaded TP TVOSTargetPlatform
[2017.07.24-09.59.59:151][  0]LogTemp:Display: Loaded TP LinuxNoEditorTargetPlatform
[2017.07.24-09.59.59:159][  0]LogTemp:Display: Loaded TP LinuxServerTargetPlatform
[2017.07.24-09.59.59:167][  0]LogTemp:Display: Loaded TP LinuxTargetPlatform
[2017.07.24-09.59.59:167][  0]LogTargetPlatformManager:Display: Building Assets For Windows
[2017.07.24-09.59.59:247][  0]LogDerivedDataCache:Display: Max Cache Size: 512 MB
[2017.07.24-09.59.59:307][  0]LogDerivedDataCache: Loaded boot cache 0.06s 49MB C:/Users/i7230020.STUDENT.000/AppData/Local/UnrealEngine/4.12/DerivedDataCache/Boot.ddc.
[2017.07.24-09.59.59:307][  0]LogDerivedDataCache:Display: Loaded Boot cache: C:/Users/i7230020.STUDENT.000/AppData/Local/UnrealEngine/4.12/DerivedDataCache/Boot.ddc
[2017.07.24-09.59.59:307][  0]LogDerivedDataCache: FDerivedDataBackendGraph:  Pak pak cache file W:/University Work/Masters/MastersProject/MastersProject/Ava/DerivedDataCache/DDC.ddp not found, will not use a pak cache.
[2017.07.24-09.59.59:307][  0]LogDerivedDataCache: Unable to find inner node Pak for hierarchical cache Hierarchy.
[2017.07.24-09.59.59:307][  0]LogDerivedDataCache: FDerivedDataBackendGraph:  CompressedPak pak cache file W:/University Work/Masters/MastersProject/MastersProject/Ava/DerivedDataCache/Compressed.ddp not found, will not use a pak cache.
[2017.07.24-09.59.59:307][  0]LogDerivedDataCache: Unable to find inner node CompressedPak for hierarchical cache Hierarchy.
[2017.07.24-09.59.59:323][  0]LogDerivedDataCache:Display: Pak cache opened for reading ../../../Engine/DerivedDataCache/Compressed.ddp.
[2017.07.24-09.59.59:335][  0]LogDerivedDataCache: Using Local data cache path C:/Users/i7230020.STUDENT.000/AppData/Local/UnrealEngine/Common/DerivedDataCache: Writable
[2017.07.24-09.59.59:545][  0]LogInit: Selected Device Profile: [Windows]
[2017.07.24-09.59.59:546][  0]LogContentStreaming: Texture pool size is 0.00 MB
[2017.07.24-09.59.59:704][  0]LogMeshUtilities: No automatic mesh reduction module available
[2017.07.24-09.59.59:704][  0]LogMeshUtilities: No automatic mesh merging module available
[2017.07.24-09.59.59:704][  0]LogMeshUtilities: No distributed automatic mesh merging module available
[2017.07.24-10.00.00:004][  0]LogAssetRegistry: FAssetRegistry took 0.0196 seconds to start up
[2017.07.24-10.00.00:058][  0]LogPackageLocalizationCache: Processed 4 localized package path(s) for 2 prioritized culture(s) in 0.051569 seconds
[2017.07.24-10.00.00:062][  0]LogUObjectArray: 28739 objects as part of root set at end of initial load.
[2017.07.24-10.00.00:062][  0]LogUObjectAllocator: 5855624 out of 0 bytes used by permanent object pool.
[2017.07.24-10.00.00:062][  0]LogUObjectArray: CloseDisregardForGC: 0/0 objects in disregard for GC pool
[2017.07.24-10.00.00:068][  0]LogInit: WinSock: version 1.1 (2.2), MaxSocks=32767, MaxUdp=65467
[2017.07.24-10.00.00:245][  0]LogSlate: SlateFontCache - WITH_FREETYPE: 1, WITH_HARFBUZZ: 1
[2017.07.24-10.00.00:245][  0]LogSlate: SlateFontCache - WITH_FREETYPE: 1, WITH_HARFBUZZ: 1
[2017.07.24-10.00.01:061][  0]LogUdpMessaging: Initializing bridge on interface 0.0.0.0:0 to multicast group 230.0.0.1:6666.
[2017.07.24-10.00.01:143][  0]LogStats: FPlatformStackWalk::StackWalkAndDump -  0.011 s
[2017.07.24-10.00.01:143][  0]LogOutputDevice:Warning: === Handled error: ===

Ensure condition failed: !AttachmentRules.bWeldSimulatedBodies [File:D:\Build\++UE4+Release-4.12+Compile\Sync\Engine\Source\Runtime\Engine\Private\Components\SceneComponent.cpp] [Line: 1481]
AttachToComponent when called from a constructor cannot weld simulated bodies. Consider calling SetupAttachment directly instead.
Stack: 
UE4Editor-Core.dll
UE4Editor-Core.dll
UE4Editor-Core.dll
UE4Editor-Engine.dll
UE4Editor-Ava-5959.dll
UE4Editor-CoreUObject.dll
UE4Editor-CoreUObject.dll
UE4Editor-CoreUObject.dll
UE4Editor-CoreUObject.dll
UE4Editor-Core.dll
UE4Editor-Core.dll
UE4Editor-Projects.dll
UE4Editor-Projects.dll
UE4Editor.exe
UE4Editor.exe
UE4Editor.exe
UE4Editor.exe
UE4Editor.exe
UE4Editor.exe
kernel32.dll
ntdll.dll
ntdll.dll

[2017.07.24-10.00.01:143][  0]LogStats:                SubmitErrorReport -  0.000 s
[2017.07.24-10.00.01:541][  0]LogStats:                    SendNewReport -  0.398 s
[2017.07.24-10.00.01:541][  0]LogStats:             FDebug::EnsureFailed -  0.409 s
[2017.07.24-10.00.01:755][  0]SourceControl: Info Source control is disabled
[2017.07.24-10.00.01:757][  0]SourceControl: Info Source control is disabled
[2017.07.24-10.00.01:769][  0]SourceControl: Info Source control is disabled
[2017.07.24-10.00.01:781][  0]SourceControl: Info Source control is disabled
[2017.07.24-10.00.01:931][  0]LogHoudiniEngine: Starting the Houdini Engine module.
[2017.07.24-10.00.01:932][  0]LogHoudiniEngine: Loaded libHAPIL.dll from Registry path C:\Program Files\Side Effects Software\Houdini 15.5.632/bin
[2017.07.24-10.00.01:932][  0]LogLinker:Warning: Asset '../../../Engine/Plugins/Runtime/HoudiniEngine/Content/houdini_logo.uasset' has been saved with empty engine version. The asset will be loaded but may be incompatible.
[2017.07.24-10.00.01:934][  0]LogLinker:Warning: Asset '../../../Engine/Plugins/Runtime/HoudiniEngine/Content/houdini_default_material.uasset' has been saved with empty engine version. The asset will be loaded but may be incompatible.
[2017.07.24-10.00.01:938][  0]LogLinker:Warning: Asset '../../../Engine/Plugins/Runtime/HoudiniEngine/Content/houdini_bgeo_import.uasset' has been saved with empty engine version. The asset will be loaded but may be incompatible.
[2017.07.24-10.00.03:046][  0]LogHoudiniEngine: Successfully initialized the Houdini Engine API module.
[2017.07.24-10.00.03:199][  0]LogEngine: Initializing Engine...
[2017.07.24-10.00.03:200][  0]LogHMD: SteamVR failed to initialize.  Err: 110
[2017.07.24-10.00.03:201][  0]LogHMD: SteamVR failed to initialize.  Err: 110
[2017.07.24-10.00.03:336][  0]LogAIModule: Creating AISystem for world NewWorld
[2017.07.24-10.00.03:342][  0]LogInit: XAudio2 using 'Speakers (Realtek High Definition Audio)' : 2 channels at 48 kHz using 32 bits per sample (channel mask 0x3)
[2017.07.24-10.00.03:354][  0]LogInit: FAudioDevice initialized.
[2017.07.24-10.00.03:377][  0]LogDerivedDataCache: Saved boot cache 0.02s 49MB C:/Users/i7230020.STUDENT.000/AppData/Local/UnrealEngine/4.12/DerivedDataCache/Boot.ddc.
[2017.07.24-10.00.03:382][  0]LogInit: Texture streaming: Enabled
[2017.07.24-10.00.03:407][  0]LogInit: Transaction tracking system initialized
[2017.07.24-10.00.03:427][  0]BlueprintLog: New page: Editor Load
[2017.07.24-10.00.03:495][  0]LocalizationService: Info Localization service is disabled
[2017.07.24-10.00.03:560][  0]LogConsoleResponse:Display: 
[2017.07.24-10.00.03:666][  0]LogCook:Display: Max memory allowance for cook 8192mb
[2017.07.24-10.00.03:666][  0]LogCook:Display: Mobile HDR setting 1
[2017.07.24-10.00.03:748][  0]LogFileCache: Scanning file cache for directory 'W:/University Work/Masters/MastersProject/MastersProject/Ava/Content/' took 0.02s
[2017.07.24-10.00.03:749][  0]LogHoudiniEngineEditor: Starting the Houdini Engine Editor module.
[2017.07.24-10.00.03:787][  0]SourceControl: Info Source control is disabled
[2017.07.24-10.00.03:787][  0]Cmd: MAP LOAD FILE="W:/University Work/Masters/MastersProject/MastersProject/Ava/Content/Ava/Maps/PalaceLevel.umap" TEMPLATE=0 SHOWPROGRESS=1 FEATURELEVEL=3
[2017.07.24-10.00.03:787][  0]LightingResults: New page: Lighting Build
[2017.07.24-10.00.03:789][  0]MapCheck: New page: Map Check
[2017.07.24-10.00.03:789][  0]LightingResults: New page: Lighting Build
[2017.07.24-10.00.05:838][  0]LogMaterial: Missing cached shader map for material M_Basic_Wall, compiling. 
[2017.07.24-10.00.05:838][  0]LogMaterial:Warning: Failed to compile Material /Game/StarterContent/Materials/M_Basic_Wall.M_Basic_Wall for platform PCD3D_SM5, Default Material will be used in game.
[2017.07.24-10.00.05:838][  0]LogMaterial:Warning: 	(Node TextureSample) TextureSample> Missing input texture
[2017.07.24-10.00.05:898][  0]LogAIModule: Creating AISystem for world PalaceLevel
[2017.07.24-10.00.05:947][  0]LogEditorServer: Finished looking for orphan Actors (0.000 secs)
[2017.07.24-10.00.05:947][  0]Cmd: MAP CHECKDEP NOCLEARLOG
[2017.07.24-10.00.06:052][  0]MapCheck: Info Map check complete: 0 Error(s), 0 Warning(s), took 105.006ms to complete.
[2017.07.24-10.00.06:052][  0]LogFileHelpers: Loading map 'PalaceLevel' took 2.266
[2017.07.24-10.00.06:342][  0]LogCollectionManager: Loaded 0 collections in 0.001391 seconds
[2017.07.24-10.00.06:389][  0]LogFileCache: Scanning file cache for directory 'W:/University Work/Masters/MastersProject/MastersProject/Ava/Saved/Collections/' took 0.01s
[2017.07.24-10.00.06:389][  0]LogFileCache: Scanning file cache for directory 'W:/University Work/Masters/MastersProject/MastersProject/Ava/Content/Developers/i7230020/Collections/' took 0.01s
[2017.07.24-10.00.06:389][  0]LogFileCache: Scanning file cache for directory 'W:/University Work/Masters/MastersProject/MastersProject/Ava/Content/Collections/' took 0.01s
[2017.07.24-10.00.06:389][  0]LogCollectionManager: Rebuilt the GUID cache for 0 collections in 0.000004 seconds
[2017.07.24-10.00.06:410][  0]LogContentBrowser: Native class hierarchy populated in 0.0210 seconds. Added 2101 classes and 376 folders.
[2017.07.24-10.00.06:414][  0]LogStats: UGameplayTagsManager::ConstructGameplayTagTree: Construct from data asset -  0.000 s
[2017.07.24-10.00.06:414][  0]LogStats: UGameplayTagsManager::ConstructGameplayTagTree: GameplayTagTreeChangedEvent.Broadcast -  0.000 s
[2017.07.24-10.00.06:417][  0]LogContentBrowser: Native class hierarchy updated for 'GameplayTags' in 0.0028 seconds. Added 12 classes and 0 folders.
[2017.07.24-10.00.06:424][  0]LogContentBrowser: Native class hierarchy updated for 'WidgetCarousel' in 0.0027 seconds. Added 0 classes and 0 folders.
[2017.07.24-10.00.06:497][  0]LogContentBrowser: Native class hierarchy updated for 'AddContentDialog' in 0.0025 seconds. Added 0 classes and 0 folders.
[2017.07.24-10.00.06:507][  0]LogContentBrowser: Native class hierarchy updated for 'SceneOutliner' in 0.0053 seconds. Added 1 classes and 2 folders.
[2017.07.24-10.00.06:536][  0]LogCrashTracker: Crashtracker disabled due to settings.
[2017.07.24-10.00.06:574][  0]LogContentBrowser: Native class hierarchy updated for 'HierarchicalLODOutliner' in 0.0024 seconds. Added 1 classes and 2 folders.
[2017.07.24-10.00.06:574][  0]LogLoad: Full Startup: 14.68 seconds (BP compile: 1.10 seconds)
[2017.07.24-10.00.06:574][  0]LogExternalProfiler: Found external profiler: VSPerf
[2017.07.24-10.00.06:574][  0]LogExternalProfiler: Using external profiler: VSPerf
[2017.07.24-10.00.06:587][  0]LogOcInput: OculusInput pre-init called
[2017.07.24-10.00.06:607][  0]LogContentStreaming: Texture pool size now 1000 MB
[2017.07.24-10.00.06:770][  0]LogRenderer: Reallocating scene render targets to support 1616x600 (Frame:2).
[2017.07.24-10.00.06:934][  1]LogAssetRegistry: Asset discovery search completed in 6.9503 seconds
[2017.07.24-10.00.06:934][  1]LogCollectionManager: Rebuilt the object cache for 0 collections in 0.000001 seconds (found 0 objects)
[2017.07.24-10.00.06:934][  1]LogCollectionManager: Fixed up redirectors for 0 collections in 0.000016 seconds (updated 0 objects)
[2017.07.24-10.00.25:470][183]LogBlueprintUserMessages: Early PlayInEditor Detection: Level '/Game/Ava/Maps/PalaceLevel.PalaceLevel:PersistentLevel' has LevelScriptBlueprint '/Game/Ava/Maps/PalaceLevel.PalaceLevel:PersistentLevel.PalaceLevel' with GeneratedClass '/Game/Ava/Maps/PalaceLevel.PalaceLevel_C' with ClassGeneratedBy '/Game/Ava/Maps/PalaceLevel.PalaceLevel:PersistentLevel.PalaceLevel'
[2017.07.24-10.00.25:470][183]LogPlayLevel: PlayLevel: No blueprints needed recompiling
[2017.07.24-10.00.25:471][183]PIE: New page: PIE session: PalaceLevel (24 Jul 2017 11:00:25)
[2017.07.24-10.00.25:471][183]LogPlayLevel: Creating play world package: /Game/Ava/Maps/UEDPIE_0_PalaceLevel
[2017.07.24-10.00.25:525][183]LogPlayLevel: PIE: StaticDuplicateObject took: (0.054132s)
[2017.07.24-10.00.25:526][183]LogAIModule: Creating AISystem for world PalaceLevel
[2017.07.24-10.00.25:526][183]LogPlayLevel: PIE: World Init took: (0.000654s)
[2017.07.24-10.00.25:526][183]LogPlayLevel: PIE: Created PIE world by copying editor world from /Game/Ava/Maps/PalaceLevel.PalaceLevel to /Game/Ava/Maps/UEDPIE_0_PalaceLevel.PalaceLevel (0.055147s)
[2017.07.24-10.00.25:579][183]LogInit: XAudio2 using 'Speakers (Realtek High Definition Audio)' : 2 channels at 48 kHz using 32 bits per sample (channel mask 0x3)
[2017.07.24-10.00.25:586][183]LogInit: FAudioDevice initialized.
[2017.07.24-10.00.25:653][183]LogWorld: Game class is 'AvaGameMode'
[2017.07.24-10.00.25:682][183]LogWorld: Bringing World /Game/Ava/Maps/UEDPIE_0_PalaceLevel.PalaceLevel up for play (max tick rate 0) at 2017.07.24-11.00.25
[2017.07.24-10.00.25:685][183]LogWorld: Bringing up level for play took: 0.031311
[2017.07.24-10.00.25:691][183]LogContentBrowser: Native class hierarchy updated for 'MovieSceneCapture' in 0.0025 seconds. Added 11 classes and 0 folders.
[2017.07.24-10.00.25:695][183]LogBlueprintUserMessages: [GameUIBP_C_0] SEt UI
[2017.07.24-10.00.25:696][183]PIE: Info Play in editor start time for /Game/Ava/Maps/UEDPIE_0_PalaceLevel 0.183
[2017.07.24-10.00.25:696][183]LogBlueprintUserMessages: Late PlayInEditor Detection: Level '/Game/Ava/Maps/PalaceLevel.PalaceLevel:PersistentLevel' has LevelScriptBlueprint '/Game/Ava/Maps/PalaceLevel.PalaceLevel:PersistentLevel.PalaceLevel' with GeneratedClass '/Game/Ava/Maps/PalaceLevel.PalaceLevel_C' with ClassGeneratedBy '/Game/Ava/Maps/PalaceLevel.PalaceLevel:PersistentLevel.PalaceLevel'
[2017.07.24-10.01.00:010][651]LogBlueprintUserMessages: Early EndPlayMap Detection: Level '/Game/Ava/Maps/PalaceLevel.PalaceLevel:PersistentLevel' has LevelScriptBlueprint '/Game/Ava/Maps/PalaceLevel.PalaceLevel:PersistentLevel.PalaceLevel' with GeneratedClass '/Game/Ava/Maps/PalaceLevel.PalaceLevel_C' with ClassGeneratedBy '/Game/Ava/Maps/PalaceLevel.PalaceLevel:PersistentLevel.PalaceLevel'
[2017.07.24-10.01.00:049][651]LogBlueprintUserMessages: Late EndPlayMap Detection: Level '/Game/Ava/Maps/PalaceLevel.PalaceLevel:PersistentLevel' has LevelScriptBlueprint '/Game/Ava/Maps/PalaceLevel.PalaceLevel:PersistentLevel.PalaceLevel' with GeneratedClass '/Game/Ava/Maps/PalaceLevel.PalaceLevel_C' with ClassGeneratedBy '/Game/Ava/Maps/PalaceLevel.PalaceLevel:PersistentLevel.PalaceLevel'
[2017.07.24-10.01.01:296][759]Recompiling Ava...
[2017.07.24-10.01.01:296][759]Launching UnrealBuildTool... [C:/Program Files/Epic Games/4.12/Engine/Binaries/DotNET/UnrealBuildTool.exe Ava -ModuleWithSuffix Ava 7798 Win64 Development -editorrecompile -canskiplink "W:/University Work/Masters/MastersProject/MastersProject/Ava/Ava.uproject"  -2015]
[2017.07.24-10.01.01:300][759]Warning: Starting HotReload took  0.0s.
[2017.07.24-10.01.19:008][634]CompilerResultsLog: New page: Compilation - 24 Jul 2017 11:01:19
[2017.07.24-10.01.19:008][634]CompilerResultsLog: Info Creating makefile for hot reloading Ava (working set of source files changed)
[2017.07.24-10.01.19:008][634]CompilerResultsLog: Info Compiling game modules for hot reload
[2017.07.24-10.01.19:008][634]CompilerResultsLog: Info Parsing headers for AvaEditor
[2017.07.24-10.01.19:008][634]CompilerResultsLog: Info   Running UnrealHeaderTool "W:\University Work\Masters\MastersProject\MastersProject\Ava\Ava.uproject" "W:\University Work\Masters\MastersProject\MastersProject\Ava\Intermediate\Build\Win64\AvaEditor\Development\AvaEditor.uhtmanifest" -LogCmds="loginit warning, logexit warning, logdatabase error" -Unattended -WarningsAsErrors -installed
[2017.07.24-10.01.19:008][634]CompilerResultsLog: Info Reflection code generated for AvaEditor in 5.4082171 seconds
[2017.07.24-10.01.19:008][634]CompilerResultsLog: Info Performing 2 actions (9 in parallel)
[2017.07.24-10.01.19:008][634]CompilerResultsLog: Info OfferingPit.cpp
[2017.07.24-10.01.19:008][634]CompilerResultsLog:Error: Error W:\University Work\Masters\MastersProject\MastersProject\Ava\Source\Ava\OfferingPit.cpp(15) : warning C4996: 'USceneComponent::AttachTo': This function is deprecated, please use AttachToComponent instead. Please update your code to the new API before upgrading to the next release, otherwise your project will no longer compile.
[2017.07.24-10.01.19:008][634]CompilerResultsLog:Error: Error C:\Program Files\Epic Games\4.12\Engine\Source\Runtime\Engine\Classes\Components/SceneComponent.h(607) : note: see declaration of 'USceneComponent::AttachTo'
[2017.07.24-10.01.19:008][634]CompilerResultsLog: Info [2/2] Link UE4Editor-Ava-7798.dll
[2017.07.24-10.01.19:008][634]CompilerResultsLog: Info    Creating library W:\University Work\Masters\MastersProject\MastersProject\Ava\Intermediate\Build\Win64\UE4Editor\Development\UE4Editor-Ava-7798.lib and object W:\University Work\Masters\MastersProject\MastersProject\Ava\Intermediate\Build\Win64\UE4Editor\Development\UE4Editor-Ava-7798.exp
[2017.07.24-10.01.19:008][634]CompilerResultsLog: Info Total build time: 17.53 seconds
[2017.07.24-10.01.19:008][634]LogMainFrame: MainFrame: Module compiling took 17.716 seconds
[2017.07.24-10.01.19:051][634]LogClass: ItemDataVariables HotReload.
[2017.07.24-10.01.19:051][634]LogClass: Item HotReload.
[2017.07.24-10.01.19:053][634]LogHotReload: Re-instancing Antelope after hot-reload.
[2017.07.24-10.01.19:089][634]LogHotReload: Re-instancing Door after hot-reload.
[2017.07.24-10.01.19:448][634]LogHotReload: Re-instancing PushPullItem after hot-reload.
[2017.07.24-10.01.19:678][634]LogHotReload: Re-instancing PickUpItem after hot-reload.
[2017.07.24-10.01.19:997][634]LogHotReload: Re-instancing MainCharacter after hot-reload.
[2017.07.24-10.01.20:140][634]LogHotReload: Re-instancing OfferingPit after hot-reload.
[2017.07.24-10.01.20:240][634]LogHotReload: Re-instancing OfferingStatue after hot-reload.
[2017.07.24-10.01.20:406][634]LogHotReload: Re-instancing StatueObject after hot-reload.
[2017.07.24-10.01.20:612][634]LogHotReload: Re-instancing BluePuzzle after hot-reload.
[2017.07.24-10.01.20:701][634]LogHotReload: Re-instancing GreenPuzzle after hot-reload.
[2017.07.24-10.01.20:786][634]LogHotReload: Re-instancing RedPuzzle after hot-reload.
[2017.07.24-10.01.20:876][634]LogHotReload: Re-instancing WhitePuzzle after hot-reload.
[2017.07.24-10.01.20:988][634]LogContentBrowser: Native class hierarchy updated for 'Ava' in 0.0049 seconds. Added 23 classes and 2 folders.
[2017.07.24-10.01.20:990][634]Warning: HotReload successful (14 functions remapped  0 scriptstructs remapped)
[2017.07.24-10.01.21:108][634]LogContentBrowser: Native class hierarchy populated in 0.0095 seconds. Added 2103 classes and 380 folders.
[2017.07.24-10.01.21:109][634]Warning: HotReload took 19.8s.
[2017.07.24-10.01.25:156][827]LogBlueprintUserMessages: Early PlayInEditor Detection: Level '/Game/Ava/Maps/PalaceLevel.PalaceLevel:PersistentLevel' has LevelScriptBlueprint '/Game/Ava/Maps/PalaceLevel.PalaceLevel:PersistentLevel.PalaceLevel' with GeneratedClass '/Game/Ava/Maps/PalaceLevel.PalaceLevel_C' with ClassGeneratedBy '/Game/Ava/Maps/PalaceLevel.PalaceLevel:PersistentLevel.PalaceLevel'
[2017.07.24-10.01.25:156][827]LogPlayLevel: PlayLevel: No blueprints needed recompiling
[2017.07.24-10.01.25:156][827]PIE: New page: PIE session: PalaceLevel (24 Jul 2017 11:01:25)
[2017.07.24-10.01.25:156][827]LogPlayLevel: Creating play world package: /Game/Ava/Maps/UEDPIE_0_PalaceLevel
[2017.07.24-10.01.25:214][827]LogPlayLevel: PIE: StaticDuplicateObject took: (0.057953s)
[2017.07.24-10.01.25:215][827]LogAIModule: Creating AISystem for world PalaceLevel
[2017.07.24-10.01.25:215][827]LogPlayLevel: PIE: World Init took: (0.000600s)
[2017.07.24-10.01.25:215][827]LogPlayLevel: PIE: Created PIE world by copying editor world from /Game/Ava/Maps/PalaceLevel.PalaceLevel to /Game/Ava/Maps/UEDPIE_0_PalaceLevel.PalaceLevel (0.058873s)
[2017.07.24-10.01.25:228][827]LogInit: XAudio2 using 'Speakers (Realtek High Definition Audio)' : 2 channels at 48 kHz using 32 bits per sample (channel mask 0x3)
[2017.07.24-10.01.25:235][827]LogInit: FAudioDevice initialized.
[2017.07.24-10.01.25:286][827]LogWorld: Game class is 'AvaGameMode'
[2017.07.24-10.01.25:314][827]LogWorld: Bringing World /Game/Ava/Maps/UEDPIE_0_PalaceLevel.PalaceLevel up for play (max tick rate 0) at 2017.07.24-11.01.25
[2017.07.24-10.01.25:317][827]LogWorld: Bringing up level for play took: 0.030525
[2017.07.24-10.01.25:319][827]LogBlueprintUserMessages: [GameUIBP_C_29] SEt UI
[2017.07.24-10.01.25:319][827]PIE: Info Play in editor start time for /Game/Ava/Maps/UEDPIE_0_PalaceLevel -0.19
[2017.07.24-10.01.25:320][827]LogBlueprintUserMessages: Late PlayInEditor Detection: Level '/Game/Ava/Maps/PalaceLevel.PalaceLevel:PersistentLevel' has LevelScriptBlueprint '/Game/Ava/Maps/PalaceLevel.PalaceLevel:PersistentLevel.PalaceLevel' with GeneratedClass '/Game/Ava/Maps/PalaceLevel.PalaceLevel_C' with ClassGeneratedBy '/Game/Ava/Maps/PalaceLevel.PalaceLevel:PersistentLevel.PalaceLevel'
[2017.07.24-10.01.42:143][801]LogBlueprintUserMessages: Early EndPlayMap Detection: Level '/Game/Ava/Maps/PalaceLevel.PalaceLevel:PersistentLevel' has LevelScriptBlueprint '/Game/Ava/Maps/PalaceLevel.PalaceLevel:PersistentLevel.PalaceLevel' with GeneratedClass '/Game/Ava/Maps/PalaceLevel.PalaceLevel_C' with ClassGeneratedBy '/Game/Ava/Maps/PalaceLevel.PalaceLevel:PersistentLevel.PalaceLevel'
[2017.07.24-10.01.42:176][801]LogBlueprintUserMessages: Late EndPlayMap Detection: Level '/Game/Ava/Maps/PalaceLevel.PalaceLevel:PersistentLevel' has LevelScriptBlueprint '/Game/Ava/Maps/PalaceLevel.PalaceLevel:PersistentLevel.PalaceLevel' with GeneratedClass '/Game/Ava/Maps/PalaceLevel.PalaceLevel_C' with ClassGeneratedBy '/Game/Ava/Maps/PalaceLevel.PalaceLevel:PersistentLevel.PalaceLevel'
[2017.07.24-10.01.43:971][992]Cmd: SELECT NONE
[2017.07.24-10.02.19:604][144]LogHotReload: New module detected: UE4Editor-Ava-3925.dll
[2017.07.24-10.02.22:291][153]LogHotReload: Starting Hot-Reload from IDE
[2017.07.24-10.02.22:341][153]LogClass: ItemDataVariables HotReload.
[2017.07.24-10.02.22:341][153]LogClass: Item HotReload.
[2017.07.24-10.02.22:342][153]LogHotReload: Re-instancing Antelope after hot-reload.
[2017.07.24-10.02.22:385][153]LogHotReload: Re-instancing Door after hot-reload.
[2017.07.24-10.02.22:580][153]LogHotReload: Re-instancing PushPullItem after hot-reload.
[2017.07.24-10.02.22:837][153]LogHotReload: Re-instancing PickUpItem after hot-reload.
[2017.07.24-10.02.23:175][153]LogHotReload: Re-instancing MainCharacter after hot-reload.
[2017.07.24-10.02.23:338][153]LogHotReload: Re-instancing OfferingPit after hot-reload.
[2017.07.24-10.02.23:427][153]LogHotReload: Re-instancing OfferingStatue after hot-reload.
[2017.07.24-10.02.23:589][153]LogHotReload: Re-instancing StatueObject after hot-reload.
[2017.07.24-10.02.23:773][153]LogHotReload: Re-instancing BluePuzzle after hot-reload.
[2017.07.24-10.02.23:848][153]LogHotReload: Re-instancing GreenPuzzle after hot-reload.
[2017.07.24-10.02.23:927][153]LogHotReload: Re-instancing RedPuzzle after hot-reload.
[2017.07.24-10.02.24:019][153]LogHotReload: Re-instancing WhitePuzzle after hot-reload.
[2017.07.24-10.02.24:110][153]LogContentBrowser: Native class hierarchy updated for 'Ava' in 0.0026 seconds. Added 23 classes and 2 folders.
[2017.07.24-10.02.24:111][153]Warning: HotReload successful (14 functions remapped  0 scriptstructs remapped)
[2017.07.24-10.02.24:173][153]LogContentBrowser: Native class hierarchy populated in 0.0096 seconds. Added 2103 classes and 380 folders.
[2017.07.24-10.02.24:176][153]Warning: HotReload took  1.9s.
[2017.07.24-10.02.27:365][255]LogBlueprintUserMessages: Early PlayInEditor Detection: Level '/Game/Ava/Maps/PalaceLevel.PalaceLevel:PersistentLevel' has LevelScriptBlueprint '/Game/Ava/Maps/PalaceLevel.PalaceLevel:PersistentLevel.PalaceLevel' with GeneratedClass '/Game/Ava/Maps/PalaceLevel.PalaceLevel_C' with ClassGeneratedBy '/Game/Ava/Maps/PalaceLevel.PalaceLevel:PersistentLevel.PalaceLevel'
[2017.07.24-10.02.27:365][255]LogPlayLevel: PlayLevel: No blueprints needed recompiling
[2017.07.24-10.02.27:365][255]PIE: New page: PIE session: PalaceLevel (24 Jul 2017 11:02:27)
[2017.07.24-10.02.27:365][255]LogPlayLevel: Creating play world package: /Game/Ava/Maps/UEDPIE_0_PalaceLevel
[2017.07.24-10.02.27:425][255]LogPlayLevel: PIE: StaticDuplicateObject took: (0.059746s)
[2017.07.24-10.02.27:426][255]LogAIModule: Creating AISystem for world PalaceLevel
[2017.07.24-10.02.27:426][255]LogPlayLevel: PIE: World Init took: (0.000604s)
[2017.07.24-10.02.27:426][255]LogPlayLevel: PIE: Created PIE world by copying editor world from /Game/Ava/Maps/PalaceLevel.PalaceLevel to /Game/Ava/Maps/UEDPIE_0_PalaceLevel.PalaceLevel (0.060665s)
[2017.07.24-10.02.27:439][255]LogInit: XAudio2 using 'Speakers (Realtek High Definition Audio)' : 2 channels at 48 kHz using 32 bits per sample (channel mask 0x3)
[2017.07.24-10.02.27:446][255]LogInit: FAudioDevice initialized.
[2017.07.24-10.02.27:493][255]LogWorld: Game class is 'AvaGameMode'
[2017.07.24-10.02.27:523][255]LogWorld: Bringing World /Game/Ava/Maps/UEDPIE_0_PalaceLevel.PalaceLevel up for play (max tick rate 0) at 2017.07.24-11.02.27
[2017.07.24-10.02.27:526][255]LogWorld: Bringing up level for play took: 0.031312
[2017.07.24-10.02.27:528][255]LogBlueprintUserMessages: [GameUIBP_C_31] SEt UI
[2017.07.24-10.02.27:528][255]PIE: Info Play in editor start time for /Game/Ava/Maps/UEDPIE_0_PalaceLevel 0.022
[2017.07.24-10.02.27:528][255]LogBlueprintUserMessages: Late PlayInEditor Detection: Level '/Game/Ava/Maps/PalaceLevel.PalaceLevel:PersistentLevel' has LevelScriptBlueprint '/Game/Ava/Maps/PalaceLevel.PalaceLevel:PersistentLevel.PalaceLevel' with GeneratedClass '/Game/Ava/Maps/PalaceLevel.PalaceLevel_C' with ClassGeneratedBy '/Game/Ava/Maps/PalaceLevel.PalaceLevel:PersistentLevel.PalaceLevel'
[2017.07.24-10.02.33:251][937]LogBlueprintUserMessages: Early EndPlayMap Detection: Level '/Game/Ava/Maps/PalaceLevel.PalaceLevel:PersistentLevel' has LevelScriptBlueprint '/Game/Ava/Maps/PalaceLevel.PalaceLevel:PersistentLevel.PalaceLevel' with GeneratedClass '/Game/Ava/Maps/PalaceLevel.PalaceLevel_C' with ClassGeneratedBy '/Game/Ava/Maps/PalaceLevel.PalaceLevel:PersistentLevel.PalaceLevel'
[2017.07.24-10.02.33:283][937]LogBlueprintUserMessages: Late EndPlayMap Detection: Level '/Game/Ava/Maps/PalaceLevel.PalaceLevel:PersistentLevel' has LevelScriptBlueprint '/Game/Ava/Maps/PalaceLevel.PalaceLevel:PersistentLevel.PalaceLevel' with GeneratedClass '/Game/Ava/Maps/PalaceLevel.PalaceLevel_C' with ClassGeneratedBy '/Game/Ava/Maps/PalaceLevel.PalaceLevel:PersistentLevel.PalaceLevel'
[2017.07.24-10.02.59:326][243]LogHotReload: New module detected: UE4Editor-Ava-268.dll
[2017.07.24-10.03.02:128][335]LogHotReload: Starting Hot-Reload from IDE
[2017.07.24-10.03.02:180][335]LogClass: ItemDataVariables HotReload.
[2017.07.24-10.03.02:180][335]LogClass: Item HotReload.
[2017.07.24-10.03.02:181][335]LogHotReload: Re-instancing Antelope after hot-reload.
[2017.07.24-10.03.02:218][335]LogHotReload: Re-instancing Door after hot-reload.
[2017.07.24-10.03.02:397][335]LogHotReload: Re-instancing PushPullItem after hot-reload.
[2017.07.24-10.03.02:624][335]LogHotReload: Re-instancing PickUpItem after hot-reload.
[2017.07.24-10.03.02:948][335]LogHotReload: Re-instancing MainCharacter after hot-reload.
[2017.07.24-10.03.03:109][335]LogHotReload: Re-instancing OfferingPit after hot-reload.
[2017.07.24-10.03.03:187][335]LogHotReload: Re-instancing OfferingStatue after hot-reload.
[2017.07.24-10.03.03:336][335]LogHotReload: Re-instancing StatueObject after hot-reload.
[2017.07.24-10.03.03:528][335]LogHotReload: Re-instancing BluePuzzle after hot-reload.
[2017.07.24-10.03.03:597][335]LogHotReload: Re-instancing GreenPuzzle after hot-reload.
[2017.07.24-10.03.03:672][335]LogHotReload: Re-instancing RedPuzzle after hot-reload.
[2017.07.24-10.03.03:753][335]LogHotReload: Re-instancing WhitePuzzle after hot-reload.
[2017.07.24-10.03.03:833][335]LogContentBrowser: Native class hierarchy updated for 'Ava' in 0.0026 seconds. Added 23 classes and 2 folders.
[2017.07.24-10.03.03:835][335]Warning: HotReload successful (14 functions remapped  0 scriptstructs remapped)
[2017.07.24-10.03.03:905][335]LogContentBrowser: Native class hierarchy populated in 0.0120 seconds. Added 2103 classes and 380 folders.
[2017.07.24-10.03.03:907][335]Warning: HotReload took  1.8s.
[2017.07.24-10.03.07:330][664]LogBlueprintUserMessages: Early PlayInEditor Detection: Level '/Game/Ava/Maps/PalaceLevel.PalaceLevel:PersistentLevel' has LevelScriptBlueprint '/Game/Ava/Maps/PalaceLevel.PalaceLevel:PersistentLevel.PalaceLevel' with GeneratedClass '/Game/Ava/Maps/PalaceLevel.PalaceLevel_C' with ClassGeneratedBy '/Game/Ava/Maps/PalaceLevel.PalaceLevel:PersistentLevel.PalaceLevel'
[2017.07.24-10.03.07:330][664]LogPlayLevel: PlayLevel: No blueprints needed recompiling
[2017.07.24-10.03.07:331][664]PIE: New page: PIE session: PalaceLevel (24 Jul 2017 11:03:07)
[2017.07.24-10.03.07:331][664]LogPlayLevel: Creating play world package: /Game/Ava/Maps/UEDPIE_0_PalaceLevel
[2017.07.24-10.03.07:360][664]LogProperty:Warning: Serialized Class /Script/Ava.DataFactory for a property of Class /Script/Engine.SphereComponent. Reference will be NULLed.
    Property = ObjectProperty /Script/Ava.OfferingStatue:overlappingSphere
    Item = DataFactory /Script/Ava.Default__DataFactory
[2017.07.24-10.03.07:360][664]LogProperty:Warning: Serialized Class /Script/Ava.DataFactory for a property of Class /Script/Engine.SceneComponent. Reference will be NULLed.
    Property = ObjectProperty /Script/Engine.Actor:RootComponent
    Item = DataFactory /Script/Ava.Default__DataFactory
[2017.07.24-10.03.07:360][664]LogProperty:Warning: Serialized Class /Script/Ava.DataFactory for a property of Class /Script/Engine.SceneComponent. Reference will be NULLed.
    Property = ObjectProperty /Script/Engine.SceneComponent:AttachParent
    Item = DataFactory /Script/Ava.Default__DataFactory
[2017.07.24-10.03.07:360][664]LogProperty:Warning: Serialized Class /Script/Ava.RoutePoint for a property of Class /Script/Engine.SphereComponent. Reference will be NULLed.
    Property = ObjectProperty /Script/Ava.OfferingStatue:overlappingSphere
    Item = RoutePoint /Script/Ava.Default__RoutePoint
[2017.07.24-10.03.07:360][664]LogProperty:Warning: Serialized Class /Script/Ava.RoutePoint for a property of Class /Script/Engine.SceneComponent. Reference will be NULLed.
    Property = ObjectProperty /Script/Engine.Actor:RootComponent
    Item = RoutePoint /Script/Ava.Default__RoutePoint
[2017.07.24-10.03.07:360][664]LogProperty:Warning: Serialized Class /Script/Ava.RoutePoint for a property of Class /Script/Engine.SceneComponent. Reference will be NULLed.
    Property = ObjectProperty /Script/Engine.SceneComponent:AttachParent
    Item = RoutePoint /Script/Ava.Default__RoutePoint
[2017.07.24-10.03.07:360][664]LogProperty:Warning: Serialized Class /Script/Ava.RoutePoint for a property of Class /Script/Engine.SceneComponent. Reference will be NULLed.
    Property = ObjectProperty /Script/Engine.SceneComponent:AttachParent
    Item = RoutePoint /Script/Ava.Default__RoutePoint
[2017.07.24-10.03.07:388][664]LogPlayLevel: PIE: StaticDuplicateObject took: (0.057388s)
[2017.07.24-10.03.07:389][664]LogAIModule: Creating AISystem for world PalaceLevel
[2017.07.24-10.03.07:389][664]LogPlayLevel: PIE: World Init took: (0.000600s)
[2017.07.24-10.03.07:389][664]LogPlayLevel: PIE: Created PIE world by copying editor world from /Game/Ava/Maps/PalaceLevel.PalaceLevel to /Game/Ava/Maps/UEDPIE_0_PalaceLevel.PalaceLevel (0.058317s)
[2017.07.24-10.03.07:400][664]LogInit: XAudio2 using 'Speakers (Realtek High Definition Audio)' : 2 channels at 48 kHz using 32 bits per sample (channel mask 0x3)
[2017.07.24-10.03.07:406][664]LogInit: FAudioDevice initialized.
[2017.07.24-10.03.07:457][664]LogWorld: Game class is 'AvaGameMode'
[2017.07.24-10.03.07:487][664]LogWorld: Bringing World /Game/Ava/Maps/UEDPIE_0_PalaceLevel.PalaceLevel up for play (max tick rate 0) at 2017.07.24-11.03.07
[2017.07.24-10.03.07:490][664]LogWorld: Bringing up level for play took: 0.031301
[2017.07.24-10.03.07:492][664]LogBlueprintUserMessages: [GameUIBP_C_34] SEt UI
[2017.07.24-10.03.07:492][664]PIE: Info Play in editor start time for /Game/Ava/Maps/UEDPIE_0_PalaceLevel -0.012
[2017.07.24-10.03.07:492][664]LogBlueprintUserMessages: Late PlayInEditor Detection: Level '/Game/Ava/Maps/PalaceLevel.PalaceLevel:PersistentLevel' has LevelScriptBlueprint '/Game/Ava/Maps/PalaceLevel.PalaceLevel:PersistentLevel.PalaceLevel' with GeneratedClass '/Game/Ava/Maps/PalaceLevel.PalaceLevel_C' with ClassGeneratedBy '/Game/Ava/Maps/PalaceLevel.PalaceLevel:PersistentLevel.PalaceLevel'
[2017.07.24-10.03.08:549][664]LogCrashTracker: 


[2017.07.24-10.03.08:549][664]LogCrashTracker: 


[2017.07.24-10.03.08:549][664]LogWindows:Error: === Critical error: ===


[2017.07.24-10.03.08:567][664]LogExit: Executing StaticShutdownAfterError
[2017.07.24-10.03.08:572][664]LogWindows: FPlatformMisc::RequestExit(1)
[2017.07.24-10.03.08:572][664]Log file closed, 07/24/17 11:03:08
