Log file open, 07/12/17 17:32:55
LogInit:Display: Running engine for game: Ava
LogPlatformFile: Not using cached read wrapper
LogInit:Display: RandInit(-2137469026) SRandInit(-2137469023).
LogTaskGraph: Started task graph with 4 named threads and 9 total threads with 1 sets of task threads.
LogStats: Stats thread started at 0.099973
LogInit: Version: 4.12.5-3039270+++UE4+Release-4.12
LogInit: API Version: 2992821
LogInit: Net Version: 3039270
LogDevObjectVersion: Number of dev versions registered: 13
LogDevObjectVersion:   Dev-Blueprints (B0D832E4-1F89-4F0D-ACCF-7EB736FD4AA2): 3
LogDevObjectVersion:   Dev-Build (E1C64328-A22C-4D53-A36C-8E866417BD8C): 0
LogDevObjectVersion:   Dev-Core (375EC13C-06E4-48FB-B500-84F0262A717E): 1
LogDevObjectVersion:   Dev-Editor (E4B068ED-F494-42E9-A231-DA0B2E46BB41): 2
LogDevObjectVersion:   Dev-Framework (CFFC743F-43B0-4480-9391-14DF171D2073): 6
LogDevObjectVersion:   Dev-Mobile (B02B49B5-BB20-44E9-A304-32B752E40360): 0
LogDevObjectVersion:   Dev-Networking (A4E4105C-59A1-49B5-A7C5-40C4547EDFEE): 0
LogDevObjectVersion:   Dev-Online (39C831C9-5AE6-47DC-9A44-9C173E1C8E7C): 0
LogDevObjectVersion:   Dev-Physics (78F01B33-EBEA-4F98-B9B4-84EACCB95AA2): 0
LogDevObjectVersion:   Dev-Platform (6631380F-2D4D-43E0-8009-CF276956A95A): 0
LogDevObjectVersion:   Dev-Rendering (12F88B9F-8875-4AFC-A67C-D90C383ABD29): 2
LogDevObjectVersion:   Dev-Sequencer (7B5AE74C-D270-4C10-A958-57980B212A5A): 0
LogDevObjectVersion:   Dev-VR (D7296918-1DD6-4BDD-9DE2-64A83CC13884): 0
LogInit: Compiled (64-bit): Jul  6 2016 09:09:46
LogInit: Compiled with Visual C++: 19.00.23026.00
LogInit: Build Configuration: Development
LogInit: Branch Name: ++UE4+Release-4.12
LogInit: Command line:  
LogInit: Base directory: C:/Program Files/Epic Games/4.12/Engine/Binaries/Win64/
LogInit: Installed Engine Build: 1
LogInit: Using libcurl 7.41.0
LogInit:  - built for x86_64-pc-win32
LogInit:  - supports SSL with WinSSL
LogInit:  - other features:
LogInit:      CURL_VERSION_SSL
LogInit:      CURL_VERSION_IPV6
LogInit:      CURL_VERSION_ASYNCHDNS
LogInit:      CURL_VERSION_LARGEFILE
LogInit:      CURL_VERSION_IDN
LogInit:  CurlRequestOptions (configurable via config and command line):
LogInit:  - bVerifyPeer = true  - Libcurl will verify peer certificate
LogInit:  - bUseHttpProxy = false  - Libcurl will NOT use HTTP proxy
LogInit:  - bDontReuseConnections = false  - Libcurl will reuse connections
LogInit:  - CertBundlePath = nullptr  - Libcurl will use whatever was configured at build time.
LogInit: Presizing for max 8388607 objects, including 0 objects not considered by GC, pre-allocating 0 bytes for permanent pool.
LogInit: Object subsystem initialized
[2017.07.12-16.32.55:988][  0]LogInit: Selected Device Profile: [Windows]
[2017.07.12-16.32.55:988][  0]LogInit: Applying CVar settings loaded from the selected device profile: [Windows]
[2017.07.12-16.32.55:996][  0]LogInit: Computer: PC42640
[2017.07.12-16.32.55:996][  0]LogInit: User: i7230020
[2017.07.12-16.32.55:996][  0]LogInit: CPU Page size=65536, Cores=6
[2017.07.12-16.32.55:996][  0]LogInit: High frequency timer resolution =3.410097 MHz
[2017.07.12-16.32.55:997][  0]LogMemory: Memory total: Physical=31.9GB (32GB approx)
[2017.07.12-16.32.55:997][  0]LogMemory: Platform Memory Stats for Windows
[2017.07.12-16.32.55:997][  0]LogMemory: Process Physical Memory: 196.34 MB used, 196.34 MB peak
[2017.07.12-16.32.55:997][  0]LogMemory: Process Virtual Memory: 198.96 MB used, 198.96 MB peak
[2017.07.12-16.32.55:997][  0]LogMemory: Physical Memory: 12464.83 MB used, 32684.15 MB total
[2017.07.12-16.32.55:997][  0]LogMemory: Virtual Memory: 539.58 MB used, 8388608.00 MB total
[2017.07.12-16.32.56:082][  0]LogTextLocalizationManager: No specific translations for ('en-GB') exist, so ('en') translations will be used.
[2017.07.12-16.32.56:473][  0]LogD3D11RHI: D3D11 adapters:
[2017.07.12-16.32.56:496][  0]LogD3D11RHI:    0. 'NVIDIA Quadro M4000' (Feature Level 11_0)
[2017.07.12-16.32.56:496][  0]LogD3D11RHI:       8092/0/16086 MB DedicatedVideo/DedicatedSystem/SharedSystem, Outputs:1, VendorId:0x10de
[2017.07.12-16.32.56:496][  0]LogD3D11RHI: Chosen D3D11 Adapter: 0
[2017.07.12-16.32.56:509][  0]LogD3D11RHI: Creating new Direct3DDevice
[2017.07.12-16.32.56:509][  0]LogD3D11RHI:     GPU DeviceId: 0x13f1 (for the marketing name, search the web for "GPU Device Id")
[2017.07.12-16.32.56:509][  0]LogWindows: EnumDisplayDevices:
[2017.07.12-16.32.56:509][  0]LogWindows:    0. 'NVIDIA Quadro M4000' (P:1 D:1)
[2017.07.12-16.32.56:510][  0]LogWindows:    1. 'NVIDIA Quadro M4000' (P:0 D:0)
[2017.07.12-16.32.56:511][  0]LogWindows:    2. 'NVIDIA Quadro M4000' (P:0 D:0)
[2017.07.12-16.32.56:512][  0]LogWindows:    3. 'NVIDIA Quadro M4000' (P:0 D:0)
[2017.07.12-16.32.56:514][  0]LogWindows:    4. 'RDPDD Chained DD' (P:0 D:0)
[2017.07.12-16.32.56:515][  0]LogWindows:    5. 'RDP Encoder Mirror Driver' (P:0 D:0)
[2017.07.12-16.32.56:516][  0]LogWindows:    6. 'RDP Reflector Display Driver' (P:0 D:0)
[2017.07.12-16.32.56:518][  0]LogWindows: DebugString: GetVideoDriverDetailsInvalid PrimaryIsNotTheChoosenAdapter GetVideoDriverDetailsInvalid PrimaryIsNotTheChoosenAdapter GetVideoDriverDetailsInvalid PrimaryIsNotTheChoosenAdapter FoundDriverCount:4 
[2017.07.12-16.32.56:518][  0]LogD3D11RHI:     Adapter Name: NVIDIA Quadro M4000
[2017.07.12-16.32.56:518][  0]LogD3D11RHI:   Driver Version: 362.13 (internal:10.18.13.6213, unified:362.13)
[2017.07.12-16.32.56:518][  0]LogD3D11RHI:      Driver Date: 3-18-2016
[2017.07.12-16.32.56:518][  0]LogRHI: Texture pool is 1361 MB (70% of 1945 MB)
[2017.07.12-16.32.56:527][  0]LogD3D11RHI: Async texture creation enabled
[2017.07.12-16.32.56:543][  0]LogD3D11RHI: GPU Timing Frequency: 1000.000000 (Debug: 2 2)
[2017.07.12-16.32.56:543][  0]LogShaderCompilers: Guid format shader working directory is -8 characters bigger than the processId version (W:/University Work/Masters/MastersProject/MastersProject/Ava/Intermediate/Shaders/WorkingDirectory/17732/).
[2017.07.12-16.32.56:544][  0]LogShaderCompilers: Cleaned the shader compiler working directory 'C:/Users/I72300~1.000/AppData/Local/Temp/UnrealShaderWorkingDir/0E3D143040CF4B495FA495BC8ED18A6C/'.
[2017.07.12-16.32.56:544][  0]LogShaderCompilers:Display: Using Local Shader Compiler.
[2017.07.12-16.32.57:607][  0]LogTemp:Display: Loaded TP AllDesktopTargetPlatform
[2017.07.12-16.32.57:622][  0]LogTemp:Display: Loaded TP WindowsClientTargetPlatform
[2017.07.12-16.32.57:635][  0]LogTemp:Display: Loaded TP WindowsNoEditorTargetPlatform
[2017.07.12-16.32.57:643][  0]LogTemp:Display: Loaded TP WindowsServerTargetPlatform
[2017.07.12-16.32.57:651][  0]LogTemp:Display: Loaded TP WindowsTargetPlatform
[2017.07.12-16.32.57:659][  0]LogTemp:Display: Loaded TP AndroidTargetPlatform
[2017.07.12-16.32.57:666][  0]LogTemp:Display: Loaded TP Android_ASTCTargetPlatform
[2017.07.12-16.32.57:673][  0]LogTemp:Display: Loaded TP Android_ATCTargetPlatform
[2017.07.12-16.32.57:680][  0]LogTemp:Display: Loaded TP Android_DXTTargetPlatform
[2017.07.12-16.32.57:688][  0]LogTemp:Display: Loaded TP Android_ETC1TargetPlatform
[2017.07.12-16.32.57:695][  0]LogTemp:Display: Loaded TP Android_ETC2TargetPlatform
[2017.07.12-16.32.57:709][  0]LogTemp:Display: Loaded TP Android_MultiTargetPlatform
[2017.07.12-16.32.57:709][  0]LogTemp:Display: Loaded TP Android_PVRTCTargetPlatform
[2017.07.12-16.32.57:711][  0]LogTemp:Display: Loaded TP HTML5TargetPlatform
[2017.07.12-16.32.57:737][  0]LogTemp:Display: Loaded TP IOSTargetPlatform
[2017.07.12-16.32.57:745][  0]LogTemp:Display: Loaded TP TVOSTargetPlatform
[2017.07.12-16.32.57:755][  0]LogTemp:Display: Loaded TP LinuxNoEditorTargetPlatform
[2017.07.12-16.32.57:765][  0]LogTemp:Display: Loaded TP LinuxServerTargetPlatform
[2017.07.12-16.32.57:778][  0]LogTemp:Display: Loaded TP LinuxTargetPlatform
[2017.07.12-16.32.57:778][  0]LogTargetPlatformManager:Display: Building Assets For Windows
[2017.07.12-16.32.57:906][  0]LogDerivedDataCache:Display: Max Cache Size: 512 MB
[2017.07.12-16.32.57:970][  0]LogDerivedDataCache: Loaded boot cache 0.06s 49MB C:/Users/i7230020.STUDENT.000/AppData/Local/UnrealEngine/4.12/DerivedDataCache/Boot.ddc.
[2017.07.12-16.32.57:970][  0]LogDerivedDataCache:Display: Loaded Boot cache: C:/Users/i7230020.STUDENT.000/AppData/Local/UnrealEngine/4.12/DerivedDataCache/Boot.ddc
[2017.07.12-16.32.57:970][  0]LogDerivedDataCache: FDerivedDataBackendGraph:  Pak pak cache file W:/University Work/Masters/MastersProject/MastersProject/Ava/DerivedDataCache/DDC.ddp not found, will not use a pak cache.
[2017.07.12-16.32.57:970][  0]LogDerivedDataCache: Unable to find inner node Pak for hierarchical cache Hierarchy.
[2017.07.12-16.32.57:970][  0]LogDerivedDataCache: FDerivedDataBackendGraph:  CompressedPak pak cache file W:/University Work/Masters/MastersProject/MastersProject/Ava/DerivedDataCache/Compressed.ddp not found, will not use a pak cache.
[2017.07.12-16.32.57:970][  0]LogDerivedDataCache: Unable to find inner node CompressedPak for hierarchical cache Hierarchy.
[2017.07.12-16.32.57:987][  0]LogDerivedDataCache:Display: Pak cache opened for reading ../../../Engine/DerivedDataCache/Compressed.ddp.
[2017.07.12-16.32.57:999][  0]LogDerivedDataCache: Using Local data cache path C:/Users/i7230020.STUDENT.000/AppData/Local/UnrealEngine/Common/DerivedDataCache: Writable
[2017.07.12-16.32.58:195][  0]LogInit: Selected Device Profile: [Windows]
[2017.07.12-16.32.58:196][  0]LogContentStreaming: Texture pool size is 0.00 MB
[2017.07.12-16.32.58:354][  0]LogMeshUtilities: No automatic mesh reduction module available
[2017.07.12-16.32.58:354][  0]LogMeshUtilities: No automatic mesh merging module available
[2017.07.12-16.32.58:354][  0]LogMeshUtilities: No distributed automatic mesh merging module available
[2017.07.12-16.32.58:604][  0]LogAssetRegistry: FAssetRegistry took 0.0204 seconds to start up
[2017.07.12-16.32.58:674][  0]LogPackageLocalizationCache: Processed 4 localized package path(s) for 2 prioritized culture(s) in 0.064505 seconds
[2017.07.12-16.32.58:677][  0]LogUObjectArray: 28739 objects as part of root set at end of initial load.
[2017.07.12-16.32.58:677][  0]LogUObjectAllocator: 5855624 out of 0 bytes used by permanent object pool.
[2017.07.12-16.32.58:677][  0]LogUObjectArray: CloseDisregardForGC: 0/0 objects in disregard for GC pool
[2017.07.12-16.32.58:683][  0]LogInit: WinSock: version 1.1 (2.2), MaxSocks=32767, MaxUdp=65467
[2017.07.12-16.32.58:875][  0]LogSlate: SlateFontCache - WITH_FREETYPE: 1, WITH_HARFBUZZ: 1
[2017.07.12-16.32.58:875][  0]LogSlate: SlateFontCache - WITH_FREETYPE: 1, WITH_HARFBUZZ: 1
[2017.07.12-16.32.59:727][  0]LogUdpMessaging: Initializing bridge on interface 0.0.0.0:0 to multicast group 230.0.0.1:6666.
[2017.07.12-16.32.59:803][  0]LogStats: FPlatformStackWalk::StackWalkAndDump -  0.011 s
[2017.07.12-16.32.59:803][  0]LogOutputDevice:Warning: === Handled error: ===

Ensure condition failed: !AttachmentRules.bWeldSimulatedBodies [File:D:\Build\++UE4+Release-4.12+Compile\Sync\Engine\Source\Runtime\Engine\Private\Components\SceneComponent.cpp] [Line: 1481]
AttachToComponent when called from a constructor cannot weld simulated bodies. Consider calling SetupAttachment directly instead.
Stack: 
UE4Editor-Core.dll
UE4Editor-Core.dll
UE4Editor-Core.dll
UE4Editor-Engine.dll
UE4Editor-Ava.dll
UE4Editor-CoreUObject.dll
UE4Editor-CoreUObject.dll
UE4Editor-CoreUObject.dll
UE4Editor-CoreUObject.dll
UE4Editor-Core.dll
UE4Editor-Core.dll
UE4Editor-Projects.dll
UE4Editor-Projects.dll
UE4Editor.exe
UE4Editor.exe
UE4Editor.exe
UE4Editor.exe
UE4Editor.exe
UE4Editor.exe
kernel32.dll
ntdll.dll
ntdll.dll

[2017.07.12-16.32.59:803][  0]LogStats:                SubmitErrorReport -  0.000 s
[2017.07.12-16.33.00:197][  0]LogStats:                    SendNewReport -  0.394 s
[2017.07.12-16.33.00:197][  0]LogStats:             FDebug::EnsureFailed -  0.405 s
[2017.07.12-16.33.00:373][  0]SourceControl: Info Source control is disabled
[2017.07.12-16.33.00:376][  0]SourceControl: Info Source control is disabled
[2017.07.12-16.33.00:387][  0]SourceControl: Info Source control is disabled
[2017.07.12-16.33.00:401][  0]SourceControl: Info Source control is disabled
[2017.07.12-16.33.00:571][  0]LogHoudiniEngine: Starting the Houdini Engine module.
[2017.07.12-16.33.00:571][  0]LogHoudiniEngine: Loaded libHAPIL.dll from Registry path C:\Program Files\Side Effects Software\Houdini 15.5.632/bin
[2017.07.12-16.33.00:572][  0]LogLinker:Warning: Asset '../../../Engine/Plugins/Runtime/HoudiniEngine/Content/houdini_logo.uasset' has been saved with empty engine version. The asset will be loaded but may be incompatible.
[2017.07.12-16.33.00:573][  0]LogLinker:Warning: Asset '../../../Engine/Plugins/Runtime/HoudiniEngine/Content/houdini_default_material.uasset' has been saved with empty engine version. The asset will be loaded but may be incompatible.
[2017.07.12-16.33.00:577][  0]LogLinker:Warning: Asset '../../../Engine/Plugins/Runtime/HoudiniEngine/Content/houdini_bgeo_import.uasset' has been saved with empty engine version. The asset will be loaded but may be incompatible.
[2017.07.12-16.33.01:618][  0]LogHoudiniEngine: Successfully initialized the Houdini Engine API module.
[2017.07.12-16.33.01:848][  0]LogEngine: Initializing Engine...
[2017.07.12-16.33.01:850][  0]LogHMD: SteamVR failed to initialize.  Err: 110
[2017.07.12-16.33.01:851][  0]LogHMD: SteamVR failed to initialize.  Err: 110
[2017.07.12-16.33.01:998][  0]LogAIModule: Creating AISystem for world NewWorld
[2017.07.12-16.33.02:003][  0]LogInit: XAudio2 using 'Speakers (Realtek High Definition Audio)' : 2 channels at 48 kHz using 32 bits per sample (channel mask 0x3)
[2017.07.12-16.33.02:121][  0]LogInit: FAudioDevice initialized.
[2017.07.12-16.33.02:145][  0]LogDerivedDataCache: Saved boot cache 0.02s 49MB C:/Users/i7230020.STUDENT.000/AppData/Local/UnrealEngine/4.12/DerivedDataCache/Boot.ddc.
[2017.07.12-16.33.02:150][  0]LogInit: Texture streaming: Enabled
[2017.07.12-16.33.02:173][  0]LogInit: Transaction tracking system initialized
[2017.07.12-16.33.02:198][  0]BlueprintLog: New page: Editor Load
[2017.07.12-16.33.02:266][  0]LocalizationService: Info Localization service is disabled
[2017.07.12-16.33.02:330][  0]LogConsoleResponse:Display: 
[2017.07.12-16.33.02:454][  0]LogCook:Display: Max memory allowance for cook 8192mb
[2017.07.12-16.33.02:454][  0]LogCook:Display: Mobile HDR setting 1
[2017.07.12-16.33.02:545][  0]LogFileCache: Scanning file cache for directory 'W:/University Work/Masters/MastersProject/MastersProject/Ava/Content/' took 0.02s
[2017.07.12-16.33.02:545][  0]LogHoudiniEngineEditor: Starting the Houdini Engine Editor module.
[2017.07.12-16.33.02:585][  0]SourceControl: Info Source control is disabled
[2017.07.12-16.33.02:585][  0]Cmd: MAP LOAD FILE="W:/University Work/Masters/MastersProject/MastersProject/Ava/Content/Ava/Maps/PalaceLevel.umap" TEMPLATE=0 SHOWPROGRESS=1 FEATURELEVEL=3
[2017.07.12-16.33.02:586][  0]LightingResults: New page: Lighting Build
[2017.07.12-16.33.02:588][  0]MapCheck: New page: Map Check
[2017.07.12-16.33.02:588][  0]LightingResults: New page: Lighting Build
[2017.07.12-16.33.02:675][  0]LogBlueprint:Warning: Compiler Warning InputAction Event references unknown Action 'Crouch' for  InputAction Crouch 
[2017.07.12-16.33.02:677][  0]LogBlueprint:Warning: Compiler Warning [0009.21] Compile of Ue4ASP_Character successful, but with 1 Warning(s) [in 9 ms] (/Game/AnimStarterPack/Ue4ASP_Character.Ue4ASP_Character)
[2017.07.12-16.33.02:677][  0]LogBlueprint:Warning: Compiler Warning [0009.21] Compile of Ue4ASP_Character successful, but with 2 Warning(s) [in 0 ms] (/Game/AnimStarterPack/Ue4ASP_Character.Ue4ASP_Character)
[2017.07.12-16.33.02:677][  0]LogBlueprint:Warning: Compiler Warning [0009.21] Compile of Ue4ASP_Character successful, but with 3 Warning(s) [in 0 ms] (/Game/AnimStarterPack/Ue4ASP_Character.Ue4ASP_Character)
[2017.07.12-16.33.02:750][  0]LogBlueprint:Warning: Compiler Warning InputAction Event references unknown Action 'Crouch' for  InputAction Crouch 
[2017.07.12-16.33.02:752][  0]LogBlueprint:Warning: Compiler Warning [0009.29] Compile of Ue4ASP_Character successful, but with 1 Warning(s) [in 7 ms] (/Game/AnimStarterPack/Ue4ASP_Character.Ue4ASP_Character)
[2017.07.12-16.33.02:752][  0]LogBlueprint:Warning: Compiler Warning [0009.29] Compile of Ue4ASP_Character successful, but with 2 Warning(s) [in 0 ms] (/Game/AnimStarterPack/Ue4ASP_Character.Ue4ASP_Character)
[2017.07.12-16.33.02:753][  0]LogBlueprint:Warning: Compiler Warning [0009.29] Compile of Ue4ASP_Character successful, but with 3 Warning(s) [in 0 ms] (/Game/AnimStarterPack/Ue4ASP_Character.Ue4ASP_Character)
[2017.07.12-16.33.03:702][  0]LogMaterial: Missing cached shader map for material M_Basic_Wall, compiling. 
[2017.07.12-16.33.03:702][  0]LogMaterial:Warning: Failed to compile Material /Game/StarterContent/Materials/M_Basic_Wall.M_Basic_Wall for platform PCD3D_SM5, Default Material will be used in game.
[2017.07.12-16.33.03:702][  0]LogMaterial:Warning: 	(Node TextureSample) TextureSample> Missing input texture
[2017.07.12-16.33.03:758][  0]LogAIModule: Creating AISystem for world PalaceLevel
[2017.07.12-16.33.03:788][  0]LogEditorServer: Finished looking for orphan Actors (0.000 secs)
[2017.07.12-16.33.03:789][  0]Cmd: MAP CHECKDEP NOCLEARLOG
[2017.07.12-16.33.03:900][  0]MapCheck: Info Map check complete: 0 Error(s), 0 Warning(s), took 111.104ms to complete.
[2017.07.12-16.33.03:900][  0]LogFileHelpers: Loading map 'PalaceLevel' took 1.314
[2017.07.12-16.33.04:173][  0]LogCollectionManager: Loaded 0 collections in 0.001392 seconds
[2017.07.12-16.33.04:215][  0]LogFileCache: Scanning file cache for directory 'W:/University Work/Masters/MastersProject/MastersProject/Ava/Saved/Collections/' took 0.01s
[2017.07.12-16.33.04:215][  0]LogFileCache: Scanning file cache for directory 'W:/University Work/Masters/MastersProject/MastersProject/Ava/Content/Developers/i7230020/Collections/' took 0.01s
[2017.07.12-16.33.04:215][  0]LogFileCache: Scanning file cache for directory 'W:/University Work/Masters/MastersProject/MastersProject/Ava/Content/Collections/' took 0.01s
[2017.07.12-16.33.04:215][  0]LogCollectionManager: Rebuilt the GUID cache for 0 collections in 0.000002 seconds
[2017.07.12-16.33.04:224][  0]LogContentBrowser: Native class hierarchy populated in 0.0086 seconds. Added 2096 classes and 376 folders.
[2017.07.12-16.33.04:227][  0]LogStats: UGameplayTagsManager::ConstructGameplayTagTree: Construct from data asset -  0.000 s
[2017.07.12-16.33.04:227][  0]LogStats: UGameplayTagsManager::ConstructGameplayTagTree: GameplayTagTreeChangedEvent.Broadcast -  0.000 s
[2017.07.12-16.33.04:229][  0]LogContentBrowser: Native class hierarchy updated for 'GameplayTags' in 0.0023 seconds. Added 12 classes and 0 folders.
[2017.07.12-16.33.04:235][  0]LogContentBrowser: Native class hierarchy updated for 'WidgetCarousel' in 0.0022 seconds. Added 0 classes and 0 folders.
[2017.07.12-16.33.04:304][  0]LogContentBrowser: Native class hierarchy updated for 'AddContentDialog' in 0.0023 seconds. Added 0 classes and 0 folders.
[2017.07.12-16.33.04:309][  0]LogContentBrowser: Native class hierarchy updated for 'SceneOutliner' in 0.0022 seconds. Added 1 classes and 2 folders.
[2017.07.12-16.33.04:321][  0]LogCrashTracker: Crashtracker disabled due to settings.
[2017.07.12-16.33.04:327][  0]LogUObjectGlobals:Warning: Failed to find object 'Class None.'
[2017.07.12-16.33.04:357][  0]LogContentBrowser: Native class hierarchy updated for 'HierarchicalLODOutliner' in 0.0024 seconds. Added 1 classes and 2 folders.
[2017.07.12-16.33.04:357][  0]LogLoad: Full Startup: 10.89 seconds (BP compile: 0.30 seconds)
[2017.07.12-16.33.04:357][  0]LogExternalProfiler: Found external profiler: VSPerf
[2017.07.12-16.33.04:357][  0]LogExternalProfiler: Using external profiler: VSPerf
[2017.07.12-16.33.04:370][  0]LogOcInput: OculusInput pre-init called
[2017.07.12-16.33.04:387][  0]LogContentStreaming: Texture pool size now 1000 MB
[2017.07.12-16.33.04:569][  0]LogRenderer: Reallocating scene render targets to support 1616x600 (Frame:2).
[2017.07.12-16.33.04:697][  1]LogAssetRegistry: Asset discovery search completed in 6.1130 seconds
[2017.07.12-16.33.04:697][  1]LogCollectionManager: Rebuilt the object cache for 0 collections in 0.000001 seconds (found 0 objects)
[2017.07.12-16.33.04:697][  1]LogCollectionManager: Fixed up redirectors for 0 collections in 0.000017 seconds (updated 0 objects)
[2017.07.12-17.05.19:183][ 63]LogBlueprintUserMessages: Early PlayInEditor Detection: Level '/Game/Ava/Maps/PalaceLevel.PalaceLevel:PersistentLevel' has LevelScriptBlueprint '/Game/Ava/Maps/PalaceLevel.PalaceLevel:PersistentLevel.PalaceLevel' with GeneratedClass '/Game/Ava/Maps/PalaceLevel.PalaceLevel_C' with ClassGeneratedBy '/Game/Ava/Maps/PalaceLevel.PalaceLevel:PersistentLevel.PalaceLevel'
[2017.07.12-17.05.19:184][ 63]LogPlayLevel: PlayLevel: No blueprints needed recompiling
[2017.07.12-17.05.19:186][ 63]PIE: New page: PIE session: PalaceLevel (12 Jul 2017 18:05:19)
[2017.07.12-17.05.19:186][ 63]LogPlayLevel: Creating play world package: /Game/Ava/Maps/UEDPIE_0_PalaceLevel
[2017.07.12-17.05.19:256][ 63]LogPlayLevel: PIE: StaticDuplicateObject took: (0.069858s)
[2017.07.12-17.05.19:256][ 63]LogAIModule: Creating AISystem for world PalaceLevel
[2017.07.12-17.05.19:256][ 63]LogPlayLevel: PIE: World Init took: (0.000683s)
[2017.07.12-17.05.19:257][ 63]LogPlayLevel: PIE: Created PIE world by copying editor world from /Game/Ava/Maps/PalaceLevel.PalaceLevel to /Game/Ava/Maps/UEDPIE_0_PalaceLevel.PalaceLevel (0.070972s)
[2017.07.12-17.05.19:289][ 63]LogInit: XAudio2 using 'Speakers (Realtek High Definition Audio)' : 2 channels at 48 kHz using 32 bits per sample (channel mask 0x3)
[2017.07.12-17.05.19:303][ 63]LogInit: FAudioDevice initialized.
[2017.07.12-17.05.19:367][ 63]LogWorld: Game class is 'AvaGameMode'
[2017.07.12-17.05.19:395][ 63]LogWorld: Bringing World /Game/Ava/Maps/UEDPIE_0_PalaceLevel.PalaceLevel up for play (max tick rate 0) at 2017.07.12-18.05.19
[2017.07.12-17.05.19:398][ 63]LogWorld: Bringing up level for play took: 0.029672
[2017.07.12-17.05.19:404][ 63]LogContentBrowser: Native class hierarchy updated for 'MovieSceneCapture' in 0.0025 seconds. Added 11 classes and 0 folders.
[2017.07.12-17.05.19:408][ 63]LogBlueprintUserMessages: [GameUIBP_C_0] SEt UI
[2017.07.12-17.05.19:408][ 63]PIE: Info Play in editor start time for /Game/Ava/Maps/UEDPIE_0_PalaceLevel 0.918
[2017.07.12-17.05.19:409][ 63]LogBlueprintUserMessages: Late PlayInEditor Detection: Level '/Game/Ava/Maps/PalaceLevel.PalaceLevel:PersistentLevel' has LevelScriptBlueprint '/Game/Ava/Maps/PalaceLevel.PalaceLevel:PersistentLevel.PalaceLevel' with GeneratedClass '/Game/Ava/Maps/PalaceLevel.PalaceLevel_C' with ClassGeneratedBy '/Game/Ava/Maps/PalaceLevel.PalaceLevel:PersistentLevel.PalaceLevel'
[2017.07.12-17.05.39:297][347]LogBlueprintUserMessages: Early EndPlayMap Detection: Level '/Game/Ava/Maps/PalaceLevel.PalaceLevel:PersistentLevel' has LevelScriptBlueprint '/Game/Ava/Maps/PalaceLevel.PalaceLevel:PersistentLevel.PalaceLevel' with GeneratedClass '/Game/Ava/Maps/PalaceLevel.PalaceLevel_C' with ClassGeneratedBy '/Game/Ava/Maps/PalaceLevel.PalaceLevel:PersistentLevel.PalaceLevel'
[2017.07.12-17.05.39:341][347]LogBlueprintUserMessages: Late EndPlayMap Detection: Level '/Game/Ava/Maps/PalaceLevel.PalaceLevel:PersistentLevel' has LevelScriptBlueprint '/Game/Ava/Maps/PalaceLevel.PalaceLevel:PersistentLevel.PalaceLevel' with GeneratedClass '/Game/Ava/Maps/PalaceLevel.PalaceLevel_C' with ClassGeneratedBy '/Game/Ava/Maps/PalaceLevel.PalaceLevel:PersistentLevel.PalaceLevel'
[2017.07.12-17.05.44:221][797]LogContentBrowser: Native class hierarchy updated for 'BlueprintGraph' in 0.0045 seconds. Added 111 classes and 0 folders.
[2017.07.12-17.07.02:329][ 18]LogFileHelpers: Editor autosave (incl. sublevels) for '/Game/Ava/Maps/PalaceLevel' took 0.035
[2017.07.12-17.07.02:331][ 18]OBJ SavePackage: Generating thumbnails for [0] asset(s) in package [/Game/Ava/GameUIBP] ([1] browsable assets)...
[2017.07.12-17.07.02:331][ 18]OBJ SavePackage: Finished generating thumbnails for package [/Game/Ava/GameUIBP]
[2017.07.12-17.07.02:331][ 18]Cmd: OBJ SAVEPACKAGE PACKAGE="/Game/Ava/GameUIBP" FILE="W:/University Work/Masters/MastersProject/MastersProject/Ava/Saved/Autosaves/Game/Ava/GameUIBP_Auto1.uasset" SILENT=false AUTOSAVING=true
[2017.07.12-17.07.02:434][ 18]LogSavePackage: Save=90.45ms
[2017.07.12-17.07.02:434][ 18]LogSavePackage: Moving 'W:/University Work/Masters/MastersProject/MastersProject/Ava/Saved/GameUIBP_Auto14D4D78BC42F857948BD8CD8A78F43A8D.tmp' to 'W:/University Work/Masters/MastersProject/MastersProject/Ava/Saved/Autosaves/Game/Ava/GameUIBP_Auto1.uasset'
[2017.07.12-17.07.02:436][ 18]LogSavePackage:Display: Finished SavePackage W:/University Work/Masters/MastersProject/MastersProject/Ava/Saved/Autosaves/Game/Ava/GameUIBP_Auto1.uasset
[2017.07.12-17.07.02:436][ 18]LogFileHelpers: Auto-saving content packages took 0.107
[2017.07.12-17.09.48:099][404]Cmd: OBJ SAVEPACKAGE PACKAGE="/Game/Ava/Maps/PalaceLevel" FILE="W:/University Work/Masters/MastersProject/MastersProject/Ava/Content/Ava/Maps/PalaceLevel.umap" SILENT=true AUTOSAVING=false KEEPDIRTY=false
[2017.07.12-17.09.49:115][404]LogSavePackage: Save=966.49ms
[2017.07.12-17.09.49:115][404]LogSavePackage: Moving 'W:/University Work/Masters/MastersProject/MastersProject/Ava/Saved/PalaceLevel1FF60D9045711618F052A6B85AAC866A.tmp' to 'W:/University Work/Masters/MastersProject/MastersProject/Ava/Content/Ava/Maps/PalaceLevel.umap'
[2017.07.12-17.09.49:116][404]LogFileManager:Warning: DeleteFile was unable to delete 'W:/University Work/Masters/MastersProject/MastersProject/Ava/Content/Ava/Maps/PalaceLevel.umap', retrying in .5s...
[2017.07.12-17.09.49:621][404]LogFileManager:Warning: DeleteFile recovered during retry!
[2017.07.12-17.09.49:629][404]LogSavePackage:Display: Finished SavePackage W:/University Work/Masters/MastersProject/MastersProject/Ava/Content/Ava/Maps/PalaceLevel.umap
[2017.07.12-17.09.51:151][497]Cmd: OBJ SAVEPACKAGE PACKAGE="/Game/Ava/GameUIBP" FILE="W:/University Work/Masters/MastersProject/MastersProject/Ava/Content/Ava/GameUIBP.uasset" SILENT=true
[2017.07.12-17.09.51:239][497]LogSavePackage: Save=83.74ms
[2017.07.12-17.09.51:239][497]LogSavePackage: Moving 'W:/University Work/Masters/MastersProject/MastersProject/Ava/Saved/GameUIBP2BCBE32944F068A59200D0BA61DB581F.tmp' to 'W:/University Work/Masters/MastersProject/MastersProject/Ava/Content/Ava/GameUIBP.uasset'
[2017.07.12-17.09.51:246][497]LogSavePackage:Display: Finished SavePackage W:/University Work/Masters/MastersProject/MastersProject/Ava/Content/Ava/GameUIBP.uasset
[2017.07.12-17.09.52:445][581]LogBlueprintUserMessages: Early PlayInEditor Detection: Level '/Game/Ava/Maps/PalaceLevel.PalaceLevel:PersistentLevel' has LevelScriptBlueprint '/Game/Ava/Maps/PalaceLevel.PalaceLevel:PersistentLevel.PalaceLevel' with GeneratedClass '/Game/Ava/Maps/PalaceLevel.PalaceLevel_C' with ClassGeneratedBy '/Game/Ava/Maps/PalaceLevel.PalaceLevel:PersistentLevel.PalaceLevel'
[2017.07.12-17.09.52:445][581]LogPlayLevel: PlayLevel: No blueprints needed recompiling
[2017.07.12-17.09.52:445][581]PIE: New page: PIE session: PalaceLevel (12 Jul 2017 18:09:52)
[2017.07.12-17.09.52:445][581]LogPlayLevel: Creating play world package: /Game/Ava/Maps/UEDPIE_0_PalaceLevel
[2017.07.12-17.09.52:513][581]LogPlayLevel: PIE: StaticDuplicateObject took: (0.067692s)
[2017.07.12-17.09.52:514][581]LogAIModule: Creating AISystem for world PalaceLevel
[2017.07.12-17.09.52:514][581]LogPlayLevel: PIE: World Init took: (0.000708s)
[2017.07.12-17.09.52:514][581]LogPlayLevel: PIE: Created PIE world by copying editor world from /Game/Ava/Maps/PalaceLevel.PalaceLevel to /Game/Ava/Maps/UEDPIE_0_PalaceLevel.PalaceLevel (0.068783s)
[2017.07.12-17.09.52:545][581]LogInit: XAudio2 using 'Speakers (Realtek High Definition Audio)' : 2 channels at 48 kHz using 32 bits per sample (channel mask 0x3)
[2017.07.12-17.09.52:553][581]LogInit: FAudioDevice initialized.
[2017.07.12-17.09.52:600][581]LogWorld: Game class is 'AvaGameMode'
[2017.07.12-17.09.52:627][581]LogWorld: Bringing World /Game/Ava/Maps/UEDPIE_0_PalaceLevel.PalaceLevel up for play (max tick rate 0) at 2017.07.12-18.09.52
[2017.07.12-17.09.52:630][581]LogWorld: Bringing up level for play took: 0.029128
[2017.07.12-17.09.52:632][581]LogBlueprintUserMessages: [GameUIBP_C_6] SEt UI
[2017.07.12-17.09.52:632][581]PIE: Info Play in editor start time for /Game/Ava/Maps/UEDPIE_0_PalaceLevel 0.128
[2017.07.12-17.09.52:633][581]LogBlueprintUserMessages: Late PlayInEditor Detection: Level '/Game/Ava/Maps/PalaceLevel.PalaceLevel:PersistentLevel' has LevelScriptBlueprint '/Game/Ava/Maps/PalaceLevel.PalaceLevel:PersistentLevel.PalaceLevel' with GeneratedClass '/Game/Ava/Maps/PalaceLevel.PalaceLevel_C' with ClassGeneratedBy '/Game/Ava/Maps/PalaceLevel.PalaceLevel:PersistentLevel.PalaceLevel'
[2017.07.12-17.11.32:750][873]LogBlueprintUserMessages: Early EndPlayMap Detection: Level '/Game/Ava/Maps/PalaceLevel.PalaceLevel:PersistentLevel' has LevelScriptBlueprint '/Game/Ava/Maps/PalaceLevel.PalaceLevel:PersistentLevel.PalaceLevel' with GeneratedClass '/Game/Ava/Maps/PalaceLevel.PalaceLevel_C' with ClassGeneratedBy '/Game/Ava/Maps/PalaceLevel.PalaceLevel:PersistentLevel.PalaceLevel'
[2017.07.12-17.11.32:793][873]LogBlueprintUserMessages: Late EndPlayMap Detection: Level '/Game/Ava/Maps/PalaceLevel.PalaceLevel:PersistentLevel' has LevelScriptBlueprint '/Game/Ava/Maps/PalaceLevel.PalaceLevel:PersistentLevel.PalaceLevel' with GeneratedClass '/Game/Ava/Maps/PalaceLevel.PalaceLevel_C' with ClassGeneratedBy '/Game/Ava/Maps/PalaceLevel.PalaceLevel:PersistentLevel.PalaceLevel'
[2017.07.12-17.11.37:102][ 84]Cmd: OBJ SAVEPACKAGE PACKAGE="/Game/Ava/GameUIBP" FILE="W:/University Work/Masters/MastersProject/MastersProject/Ava/Content/Ava/GameUIBP.uasset" SILENT=true
[2017.07.12-17.11.37:224][ 84]LogSavePackage: Save=116.63ms
[2017.07.12-17.11.37:225][ 84]LogSavePackage: Moving 'W:/University Work/Masters/MastersProject/MastersProject/Ava/Saved/GameUIBP36C18C1040258B53A12688A6AD0F9F33.tmp' to 'W:/University Work/Masters/MastersProject/MastersProject/Ava/Content/Ava/GameUIBP.uasset'
[2017.07.12-17.11.37:232][ 84]LogSavePackage:Display: Finished SavePackage W:/University Work/Masters/MastersProject/MastersProject/Ava/Content/Ava/GameUIBP.uasset
[2017.07.12-17.11.51:485][ 76]LogUObjectHash:Warning: Ambiguous search, could be K2Node_MacroInstance /Engine/Transient.PROTO_BP_Blueprint_0:UserConstructionScript.K2Node_MacroInstance_24 or K2Node_MacroInstance /Game/Ava/GameUIBP.GameUIBP:On_Slot0_MouseButtonDown_0.K2Node_MacroInstance_24
[2017.07.12-17.11.51:485][ 76]LogUObjectHash:Warning: Ambiguous search, could be K2Node_MacroInstance /Engine/Transient.PROTO_BP_Blueprint_0:UserConstructionScript.K2Node_MacroInstance_24 or K2Node_MacroInstance /Game/Ava/GameUIBP.GameUIBP:On_Slot1_MouseButtonDown_0.K2Node_MacroInstance_24
[2017.07.12-17.11.51:486][ 76]LogUObjectHash:Warning: Ambiguous search, could be K2Node_MacroInstance /Engine/Transient.PROTO_BP_Blueprint_0:UserConstructionScript.K2Node_MacroInstance_24 or K2Node_MacroInstance /Game/Ava/GameUIBP.GameUIBP:On_Slot2_MouseButtonDown_0.K2Node_MacroInstance_24
[2017.07.12-17.11.51:486][ 76]LogUObjectHash:Warning: Ambiguous search, could be K2Node_MacroInstance /Engine/Transient.PROTO_BP_Blueprint_0:UserConstructionScript.K2Node_MacroInstance_24 or K2Node_MacroInstance /Game/Ava/GameUIBP.GameUIBP:EdGraph_10.K2Node_MacroInstance_24
[2017.07.12-17.11.51:486][ 76]LogUObjectHash:Warning: Ambiguous search, could be K2Node_MacroInstance /Engine/Transient.PROTO_BP_Blueprint_0:UserConstructionScript.K2Node_MacroInstance_24 or K2Node_MacroInstance /Game/Ava/GameUIBP.GameUIBP:EdGraph_9.K2Node_MacroInstance_24
[2017.07.12-17.11.51:486][ 76]LogUObjectHash:Warning: Ambiguous search, could be K2Node_MacroInstance /Engine/Transient.PROTO_BP_Blueprint_0:UserConstructionScript.K2Node_MacroInstance_24 or K2Node_MacroInstance /Game/Ava/GameUIBP.GameUIBP:EdGraph_11.K2Node_MacroInstance_24
[2017.07.12-17.11.51:486][ 76]LogUObjectHash:Warning: Ambiguous search, could be K2Node_MacroInstance /Engine/Transient.PROTO_BP_Blueprint_0:UserConstructionScript.K2Node_MacroInstance_24 or K2Node_MacroInstance /Game/Ava/GameUIBP.GameUIBP:ExecuteUbergraph_GameUIBP.K2Node_MacroInstance_24
[2017.07.12-17.11.51:486][ 76]LogUObjectHash:Warning: Ambiguous search, could be K2Node_MacroInstance /Engine/Transient.PROTO_BP_Blueprint_0:UserConstructionScript.K2Node_MacroInstance_24 or K2Node_MacroInstance /Game/Ava/GameUIBP.GameUIBP:EdGraph_12.K2Node_MacroInstance_24
[2017.07.12-17.11.51:486][ 76]LogUObjectHash:Warning: Ambiguous search, could be K2Node_MacroInstance /Engine/Transient.PROTO_BP_Blueprint_0:UserConstructionScript.K2Node_MacroInstance_24 or K2Node_MacroInstance /Game/Ava/GameUIBP.GameUIBP:EdGraph_13.K2Node_MacroInstance_24
[2017.07.12-17.11.51:486][ 76]LogUObjectHash:Warning: Ambiguous search, could be K2Node_MacroInstance /Engine/Transient.PROTO_BP_Blueprint_0:UserConstructionScript.K2Node_MacroInstance_24 or K2Node_MacroInstance /Game/Ava/GameUIBP.GameUIBP:EdGraph_14.K2Node_MacroInstance_24
[2017.07.12-17.11.51:486][ 76]LogUObjectHash:Warning: Ambiguous search, could be EdGraphPin /Game/Ava/GameUIBP.GameUIBP:On_Slot2_MouseButtonDown_0.K2Node_MacroInstance_24.EdGraphPin_70 or EdGraphPin /Game/Ava/GameUIBP.GameUIBP:EdGraph_14.K2Node_MacroInstance_24.EdGraphPin_70
[2017.07.12-17.11.51:486][ 76]LogUObjectHash:Warning: Ambiguous search, could be EdGraphPin /Game/Ava/GameUIBP.GameUIBP:On_Slot2_MouseButtonDown_0.K2Node_MacroInstance_24.EdGraphPin_70 or EdGraphPin /Game/Ava/GameUIBP.GameUIBP:EdGraph_11.K2Node_MacroInstance_24.EdGraphPin_70
[2017.07.12-17.11.51:486][ 76]LogUObjectHash:Warning: Ambiguous search, could be K2Node_FunctionEntry /Game/Ava/GameUIBP.GameUIBP:On_Slot2_MouseButtonDown_0.K2Node_FunctionEntry_140 or K2Node_FunctionEntry /Game/Ava/GameUIBP.GameUIBP:EdGraph_11.K2Node_FunctionEntry_140
[2017.07.12-17.11.51:486][ 76]LogUObjectHash:Warning: Ambiguous search, could be K2Node_FunctionEntry /Game/Ava/GameUIBP.GameUIBP:On_Slot2_MouseButtonDown_0.K2Node_FunctionEntry_140 or K2Node_FunctionEntry /Game/Ava/GameUIBP.GameUIBP:EdGraph_14.K2Node_FunctionEntry_140
[2017.07.12-17.11.55:636][314]Cmd: OBJ SAVEPACKAGE PACKAGE="/Game/Ava/GameUIBP" FILE="W:/University Work/Masters/MastersProject/MastersProject/Ava/Content/Ava/GameUIBP.uasset" SILENT=true
[2017.07.12-17.11.55:749][314]LogSavePackage: Save=106.46ms
[2017.07.12-17.11.55:749][314]LogSavePackage: Moving 'W:/University Work/Masters/MastersProject/MastersProject/Ava/Saved/GameUIBP0236924A4A60032D4C86FA975AFAA05F.tmp' to 'W:/University Work/Masters/MastersProject/MastersProject/Ava/Content/Ava/GameUIBP.uasset'
[2017.07.12-17.11.55:755][314]LogSavePackage:Display: Finished SavePackage W:/University Work/Masters/MastersProject/MastersProject/Ava/Content/Ava/GameUIBP.uasset
[2017.07.12-17.11.57:358][429]LogUObjectHash:Warning: Ambiguous search, could be K2Node_MacroInstance /Engine/Transient.PROTO_BP_Blueprint_0:UserConstructionScript.K2Node_MacroInstance_24 or K2Node_MacroInstance /Game/Ava/GameUIBP.GameUIBP:On_Slot0_MouseButtonDown_0.K2Node_MacroInstance_24
[2017.07.12-17.11.57:358][429]LogUObjectHash:Warning: Ambiguous search, could be K2Node_MacroInstance /Engine/Transient.PROTO_BP_Blueprint_0:UserConstructionScript.K2Node_MacroInstance_24 or K2Node_MacroInstance /Game/Ava/GameUIBP.GameUIBP:On_Slot1_MouseButtonDown_0.K2Node_MacroInstance_24
[2017.07.12-17.11.57:358][429]LogUObjectHash:Warning: Ambiguous search, could be K2Node_MacroInstance /Engine/Transient.PROTO_BP_Blueprint_0:UserConstructionScript.K2Node_MacroInstance_24 or K2Node_MacroInstance /Game/Ava/GameUIBP.GameUIBP:On_Slot2_MouseButtonDown_0.K2Node_MacroInstance_24
[2017.07.12-17.11.57:358][429]LogUObjectHash:Warning: Ambiguous search, could be K2Node_MacroInstance /Engine/Transient.PROTO_BP_Blueprint_0:UserConstructionScript.K2Node_MacroInstance_24 or K2Node_MacroInstance /Game/Ava/GameUIBP.GameUIBP:EdGraph_10.K2Node_MacroInstance_24
[2017.07.12-17.11.57:358][429]LogUObjectHash:Warning: Ambiguous search, could be K2Node_MacroInstance /Engine/Transient.PROTO_BP_Blueprint_0:UserConstructionScript.K2Node_MacroInstance_24 or K2Node_MacroInstance /Game/Ava/GameUIBP.GameUIBP:EdGraph_9.K2Node_MacroInstance_24
[2017.07.12-17.11.57:358][429]LogUObjectHash:Warning: Ambiguous search, could be K2Node_MacroInstance /Engine/Transient.PROTO_BP_Blueprint_0:UserConstructionScript.K2Node_MacroInstance_24 or K2Node_MacroInstance /Game/Ava/GameUIBP.GameUIBP:EdGraph_11.K2Node_MacroInstance_24
[2017.07.12-17.11.57:358][429]LogUObjectHash:Warning: Ambiguous search, could be K2Node_MacroInstance /Engine/Transient.PROTO_BP_Blueprint_0:UserConstructionScript.K2Node_MacroInstance_24 or K2Node_MacroInstance /Game/Ava/GameUIBP.GameUIBP:ExecuteUbergraph_GameUIBP.K2Node_MacroInstance_24
[2017.07.12-17.11.57:358][429]LogUObjectHash:Warning: Ambiguous search, could be K2Node_MacroInstance /Engine/Transient.PROTO_BP_Blueprint_0:UserConstructionScript.K2Node_MacroInstance_24 or K2Node_MacroInstance /Game/Ava/GameUIBP.GameUIBP:EdGraph_12.K2Node_MacroInstance_24
[2017.07.12-17.11.57:358][429]LogUObjectHash:Warning: Ambiguous search, could be K2Node_MacroInstance /Engine/Transient.PROTO_BP_Blueprint_0:UserConstructionScript.K2Node_MacroInstance_24 or K2Node_MacroInstance /Game/Ava/GameUIBP.GameUIBP:EdGraph_13.K2Node_MacroInstance_24
[2017.07.12-17.11.57:358][429]LogUObjectHash:Warning: Ambiguous search, could be K2Node_MacroInstance /Engine/Transient.PROTO_BP_Blueprint_0:UserConstructionScript.K2Node_MacroInstance_24 or K2Node_MacroInstance /Game/Ava/GameUIBP.GameUIBP:EdGraph_14.K2Node_MacroInstance_24
[2017.07.12-17.11.57:358][429]LogUObjectHash:Warning: Ambiguous search, could be EdGraphPin /Game/Ava/GameUIBP.GameUIBP:On_Slot2_MouseButtonDown_0.K2Node_MacroInstance_24.EdGraphPin_70 or EdGraphPin /Game/Ava/GameUIBP.GameUIBP:EdGraph_14.K2Node_MacroInstance_24.EdGraphPin_70
[2017.07.12-17.11.57:358][429]LogUObjectHash:Warning: Ambiguous search, could be EdGraphPin /Game/Ava/GameUIBP.GameUIBP:On_Slot2_MouseButtonDown_0.K2Node_MacroInstance_24.EdGraphPin_70 or EdGraphPin /Game/Ava/GameUIBP.GameUIBP:EdGraph_11.K2Node_MacroInstance_24.EdGraphPin_70
[2017.07.12-17.11.57:358][429]LogUObjectHash:Warning: Ambiguous search, could be K2Node_FunctionEntry /Game/Ava/GameUIBP.GameUIBP:On_Slot2_MouseButtonDown_0.K2Node_FunctionEntry_140 or K2Node_FunctionEntry /Game/Ava/GameUIBP.GameUIBP:EdGraph_11.K2Node_FunctionEntry_140
[2017.07.12-17.11.57:358][429]LogUObjectHash:Warning: Ambiguous search, could be K2Node_FunctionEntry /Game/Ava/GameUIBP.GameUIBP:On_Slot2_MouseButtonDown_0.K2Node_FunctionEntry_140 or K2Node_FunctionEntry /Game/Ava/GameUIBP.GameUIBP:EdGraph_14.K2Node_FunctionEntry_140
[2017.07.12-17.12.01:530][693]Cmd: OBJ SAVEPACKAGE PACKAGE="/Game/Ava/GameUIBP" FILE="W:/University Work/Masters/MastersProject/MastersProject/Ava/Content/Ava/GameUIBP.uasset" SILENT=true
[2017.07.12-17.12.01:631][693]LogSavePackage: Save=96.77ms
[2017.07.12-17.12.01:631][693]LogSavePackage: Moving 'W:/University Work/Masters/MastersProject/MastersProject/Ava/Saved/GameUIBP31766FFE4919D459673D03AE418F24BF.tmp' to 'W:/University Work/Masters/MastersProject/MastersProject/Ava/Content/Ava/GameUIBP.uasset'
[2017.07.12-17.12.01:638][693]LogSavePackage:Display: Finished SavePackage W:/University Work/Masters/MastersProject/MastersProject/Ava/Content/Ava/GameUIBP.uasset
[2017.07.12-17.12.02:608][748]BlueprintLog: New page: Compile GameUIBP
[2017.07.12-17.12.02:819][748]BlueprintEditorCompileResults: Info The execution path doesn't end with a return node.  False 
[2017.07.12-17.12.02:819][748]BlueprintEditorCompileResults: Info The execution path doesn't end with a return node.  Completed 
[2017.07.12-17.12.02:819][748]BlueprintEditorCompileResults: Info The execution path doesn't end with a return node.  False 
[2017.07.12-17.12.02:819][748]BlueprintEditorCompileResults: Info The execution path doesn't end with a return node.  Completed 
[2017.07.12-17.12.02:819][748]BlueprintEditorCompileResults: Info The execution path doesn't end with a return node.  False 
[2017.07.12-17.12.02:819][748]BlueprintEditorCompileResults: Info The execution path doesn't end with a return node.  Completed 
[2017.07.12-17.12.02:819][748]BlueprintEditorCompileResults: Info [2349.24] Compile of GameUIBP successful! [in 211 ms] (/Game/Ava/GameUIBP.GameUIBP)
[2017.07.12-17.12.03:129][764]Cmd: OBJ SAVEPACKAGE PACKAGE="/Game/Ava/GameUIBP" FILE="W:/University Work/Masters/MastersProject/MastersProject/Ava/Content/Ava/GameUIBP.uasset" SILENT=true
[2017.07.12-17.12.03:220][764]LogSavePackage: Save=83.09ms
[2017.07.12-17.12.03:220][764]LogSavePackage: Moving 'W:/University Work/Masters/MastersProject/MastersProject/Ava/Saved/GameUIBP79B25A1A4882548A66CE2BA3C9245F3F.tmp' to 'W:/University Work/Masters/MastersProject/MastersProject/Ava/Content/Ava/GameUIBP.uasset'
[2017.07.12-17.12.03:221][764]LogSavePackage:Display: Finished SavePackage W:/University Work/Masters/MastersProject/MastersProject/Ava/Content/Ava/GameUIBP.uasset
[2017.07.12-17.12.04:652][817]LogBlueprintUserMessages: Early PlayInEditor Detection: Level '/Game/Ava/Maps/PalaceLevel.PalaceLevel:PersistentLevel' has LevelScriptBlueprint '/Game/Ava/Maps/PalaceLevel.PalaceLevel:PersistentLevel.PalaceLevel' with GeneratedClass '/Game/Ava/Maps/PalaceLevel.PalaceLevel_C' with ClassGeneratedBy '/Game/Ava/Maps/PalaceLevel.PalaceLevel:PersistentLevel.PalaceLevel'
[2017.07.12-17.12.04:652][817]LogPlayLevel: PlayLevel: No blueprints needed recompiling
[2017.07.12-17.12.04:652][817]PIE: New page: PIE session: PalaceLevel (12 Jul 2017 18:12:04)
[2017.07.12-17.12.04:652][817]LogPlayLevel: Creating play world package: /Game/Ava/Maps/UEDPIE_0_PalaceLevel
[2017.07.12-17.12.04:707][817]LogPlayLevel: PIE: StaticDuplicateObject took: (0.054148s)
[2017.07.12-17.12.04:707][817]LogAIModule: Creating AISystem for world PalaceLevel
[2017.07.12-17.12.04:707][817]LogPlayLevel: PIE: World Init took: (0.000638s)
[2017.07.12-17.12.04:708][817]LogPlayLevel: PIE: Created PIE world by copying editor world from /Game/Ava/Maps/PalaceLevel.PalaceLevel to /Game/Ava/Maps/UEDPIE_0_PalaceLevel.PalaceLevel (0.055118s)
[2017.07.12-17.12.04:725][817]LogInit: XAudio2 using 'Speakers (Realtek High Definition Audio)' : 2 channels at 48 kHz using 32 bits per sample (channel mask 0x3)
[2017.07.12-17.12.04:732][817]LogInit: FAudioDevice initialized.
[2017.07.12-17.12.04:780][817]LogWorld: Game class is 'AvaGameMode'
[2017.07.12-17.12.04:830][817]LogWorld: Bringing World /Game/Ava/Maps/UEDPIE_0_PalaceLevel.PalaceLevel up for play (max tick rate 0) at 2017.07.12-18.12.04
[2017.07.12-17.12.04:833][817]LogWorld: Bringing up level for play took: 0.051582
[2017.07.12-17.12.04:835][817]LogBlueprintUserMessages: [GameUIBP_C_1] SEt UI
[2017.07.12-17.12.04:835][817]PIE: Info Play in editor start time for /Game/Ava/Maps/UEDPIE_0_PalaceLevel 0.324
[2017.07.12-17.12.04:835][817]LogBlueprintUserMessages: Late PlayInEditor Detection: Level '/Game/Ava/Maps/PalaceLevel.PalaceLevel:PersistentLevel' has LevelScriptBlueprint '/Game/Ava/Maps/PalaceLevel.PalaceLevel:PersistentLevel.PalaceLevel' with GeneratedClass '/Game/Ava/Maps/PalaceLevel.PalaceLevel_C' with ClassGeneratedBy '/Game/Ava/Maps/PalaceLevel.PalaceLevel:PersistentLevel.PalaceLevel'
[2017.07.12-17.12.21:731][640]LogBlueprintUserMessages: Early EndPlayMap Detection: Level '/Game/Ava/Maps/PalaceLevel.PalaceLevel:PersistentLevel' has LevelScriptBlueprint '/Game/Ava/Maps/PalaceLevel.PalaceLevel:PersistentLevel.PalaceLevel' with GeneratedClass '/Game/Ava/Maps/PalaceLevel.PalaceLevel_C' with ClassGeneratedBy '/Game/Ava/Maps/PalaceLevel.PalaceLevel:PersistentLevel.PalaceLevel'
[2017.07.12-17.12.21:771][640]LogBlueprintUserMessages: Late EndPlayMap Detection: Level '/Game/Ava/Maps/PalaceLevel.PalaceLevel:PersistentLevel' has LevelScriptBlueprint '/Game/Ava/Maps/PalaceLevel.PalaceLevel:PersistentLevel.PalaceLevel' with GeneratedClass '/Game/Ava/Maps/PalaceLevel.PalaceLevel_C' with ClassGeneratedBy '/Game/Ava/Maps/PalaceLevel.PalaceLevel:PersistentLevel.PalaceLevel'
[2017.07.12-17.13.32:909][252]LogBlueprintUserMessages: Early PlayInEditor Detection: Level '/Game/Ava/Maps/PalaceLevel.PalaceLevel:PersistentLevel' has LevelScriptBlueprint '/Game/Ava/Maps/PalaceLevel.PalaceLevel:PersistentLevel.PalaceLevel' with GeneratedClass '/Game/Ava/Maps/PalaceLevel.PalaceLevel_C' with ClassGeneratedBy '/Game/Ava/Maps/PalaceLevel.PalaceLevel:PersistentLevel.PalaceLevel'
[2017.07.12-17.13.32:909][252]LogPlayLevel: PlayLevel: No blueprints needed recompiling
[2017.07.12-17.13.32:910][252]PIE: New page: PIE session: PalaceLevel (12 Jul 2017 18:13:32)
[2017.07.12-17.13.32:910][252]LogPlayLevel: Creating play world package: /Game/Ava/Maps/UEDPIE_0_PalaceLevel
[2017.07.12-17.13.32:984][252]LogPlayLevel: PIE: StaticDuplicateObject took: (0.074256s)
[2017.07.12-17.13.32:985][252]LogAIModule: Creating AISystem for world PalaceLevel
[2017.07.12-17.13.32:985][252]LogPlayLevel: PIE: World Init took: (0.000636s)
[2017.07.12-17.13.32:985][252]LogPlayLevel: PIE: Created PIE world by copying editor world from /Game/Ava/Maps/PalaceLevel.PalaceLevel to /Game/Ava/Maps/UEDPIE_0_PalaceLevel.PalaceLevel (0.075271s)
[2017.07.12-17.13.33:007][252]LogInit: XAudio2 using 'Speakers (Realtek High Definition Audio)' : 2 channels at 48 kHz using 32 bits per sample (channel mask 0x3)
[2017.07.12-17.13.33:014][252]LogInit: FAudioDevice initialized.
[2017.07.12-17.13.33:060][252]LogWorld: Game class is 'AvaGameMode'
[2017.07.12-17.13.33:088][252]LogWorld: Bringing World /Game/Ava/Maps/UEDPIE_0_PalaceLevel.PalaceLevel up for play (max tick rate 0) at 2017.07.12-18.13.33
[2017.07.12-17.13.33:091][252]LogWorld: Bringing up level for play took: 0.029472
[2017.07.12-17.13.33:093][252]LogBlueprintUserMessages: [GameUIBP_C_4] SEt UI
[2017.07.12-17.13.33:093][252]PIE: Info Play in editor start time for /Game/Ava/Maps/UEDPIE_0_PalaceLevel 0.578
[2017.07.12-17.13.33:093][252]LogBlueprintUserMessages: Late PlayInEditor Detection: Level '/Game/Ava/Maps/PalaceLevel.PalaceLevel:PersistentLevel' has LevelScriptBlueprint '/Game/Ava/Maps/PalaceLevel.PalaceLevel:PersistentLevel.PalaceLevel' with GeneratedClass '/Game/Ava/Maps/PalaceLevel.PalaceLevel_C' with ClassGeneratedBy '/Game/Ava/Maps/PalaceLevel.PalaceLevel:PersistentLevel.PalaceLevel'
[2017.07.12-17.13.57:148][516]LogBlueprintUserMessages: Early EndPlayMap Detection: Level '/Game/Ava/Maps/PalaceLevel.PalaceLevel:PersistentLevel' has LevelScriptBlueprint '/Game/Ava/Maps/PalaceLevel.PalaceLevel:PersistentLevel.PalaceLevel' with GeneratedClass '/Game/Ava/Maps/PalaceLevel.PalaceLevel_C' with ClassGeneratedBy '/Game/Ava/Maps/PalaceLevel.PalaceLevel:PersistentLevel.PalaceLevel'
[2017.07.12-17.13.57:190][516]LogBlueprintUserMessages: Late EndPlayMap Detection: Level '/Game/Ava/Maps/PalaceLevel.PalaceLevel:PersistentLevel' has LevelScriptBlueprint '/Game/Ava/Maps/PalaceLevel.PalaceLevel:PersistentLevel.PalaceLevel' with GeneratedClass '/Game/Ava/Maps/PalaceLevel.PalaceLevel_C' with ClassGeneratedBy '/Game/Ava/Maps/PalaceLevel.PalaceLevel:PersistentLevel.PalaceLevel'
[2017.07.12-17.14.33:605][359]Cmd: OBJ SAVEPACKAGE PACKAGE="/Game/Ava/GameUIBP" FILE="W:/University Work/Masters/MastersProject/MastersProject/Ava/Content/Ava/GameUIBP.uasset" SILENT=true
[2017.07.12-17.14.33:709][359]LogSavePackage: Save=97.67ms
[2017.07.12-17.14.33:709][359]LogSavePackage: Moving 'W:/University Work/Masters/MastersProject/MastersProject/Ava/Saved/GameUIBP342689D44DAFE295CA1237AAD3BD3E31.tmp' to 'W:/University Work/Masters/MastersProject/MastersProject/Ava/Content/Ava/GameUIBP.uasset'
[2017.07.12-17.14.33:716][359]LogSavePackage:Display: Finished SavePackage W:/University Work/Masters/MastersProject/MastersProject/Ava/Content/Ava/GameUIBP.uasset
[2017.07.12-17.14.34:303][379]BlueprintLog: New page: Compile GameUIBP
[2017.07.12-17.14.34:507][379]BlueprintEditorCompileResults: Info The execution path doesn't end with a return node.  False 
[2017.07.12-17.14.34:507][379]BlueprintEditorCompileResults: Info The execution path doesn't end with a return node.  EdGraphPin_791 
[2017.07.12-17.14.34:507][379]BlueprintEditorCompileResults: Info The execution path doesn't end with a return node.  False 
[2017.07.12-17.14.34:507][379]BlueprintEditorCompileResults: Info The execution path doesn't end with a return node.  EdGraphPin_791 
[2017.07.12-17.14.34:507][379]BlueprintEditorCompileResults: Info The execution path doesn't end with a return node.  False 
[2017.07.12-17.14.34:507][379]BlueprintEditorCompileResults: Info The execution path doesn't end with a return node.  EdGraphPin_791 
[2017.07.12-17.14.34:507][379]BlueprintEditorCompileResults: Info [2500.92] Compile of GameUIBP successful! [in 203 ms] (/Game/Ava/GameUIBP.GameUIBP)
[2017.07.12-17.14.34:783][388]Cmd: OBJ SAVEPACKAGE PACKAGE="/Game/Ava/GameUIBP" FILE="W:/University Work/Masters/MastersProject/MastersProject/Ava/Content/Ava/GameUIBP.uasset" SILENT=true
[2017.07.12-17.14.34:886][388]LogSavePackage: Save=98.02ms
[2017.07.12-17.14.34:886][388]LogSavePackage: Moving 'W:/University Work/Masters/MastersProject/MastersProject/Ava/Saved/GameUIBP9A3313204405076A32ECEE83DFB918CE.tmp' to 'W:/University Work/Masters/MastersProject/MastersProject/Ava/Content/Ava/GameUIBP.uasset'
[2017.07.12-17.14.34:887][388]LogSavePackage:Display: Finished SavePackage W:/University Work/Masters/MastersProject/MastersProject/Ava/Content/Ava/GameUIBP.uasset
[2017.07.12-17.14.37:997][471]LogBlueprintUserMessages: Early PlayInEditor Detection: Level '/Game/Ava/Maps/PalaceLevel.PalaceLevel:PersistentLevel' has LevelScriptBlueprint '/Game/Ava/Maps/PalaceLevel.PalaceLevel:PersistentLevel.PalaceLevel' with GeneratedClass '/Game/Ava/Maps/PalaceLevel.PalaceLevel_C' with ClassGeneratedBy '/Game/Ava/Maps/PalaceLevel.PalaceLevel:PersistentLevel.PalaceLevel'
[2017.07.12-17.14.37:997][471]LogPlayLevel: PlayLevel: No blueprints needed recompiling
[2017.07.12-17.14.37:997][471]PIE: New page: PIE session: PalaceLevel (12 Jul 2017 18:14:37)
[2017.07.12-17.14.37:997][471]LogPlayLevel: Creating play world package: /Game/Ava/Maps/UEDPIE_0_PalaceLevel
[2017.07.12-17.14.38:052][471]LogPlayLevel: PIE: StaticDuplicateObject took: (0.054704s)
[2017.07.12-17.14.38:052][471]LogAIModule: Creating AISystem for world PalaceLevel
[2017.07.12-17.14.38:053][471]LogPlayLevel: PIE: World Init took: (0.000640s)
[2017.07.12-17.14.38:053][471]LogPlayLevel: PIE: Created PIE world by copying editor world from /Game/Ava/Maps/PalaceLevel.PalaceLevel to /Game/Ava/Maps/UEDPIE_0_PalaceLevel.PalaceLevel (0.055659s)
[2017.07.12-17.14.38:075][471]LogInit: XAudio2 using 'Speakers (Realtek High Definition Audio)' : 2 channels at 48 kHz using 32 bits per sample (channel mask 0x3)
[2017.07.12-17.14.38:083][471]LogInit: FAudioDevice initialized.
[2017.07.12-17.14.38:131][471]LogWorld: Game class is 'AvaGameMode'
[2017.07.12-17.14.38:159][471]LogWorld: Bringing World /Game/Ava/Maps/UEDPIE_0_PalaceLevel.PalaceLevel up for play (max tick rate 0) at 2017.07.12-18.14.38
[2017.07.12-17.14.38:164][471]LogWorld: Bringing up level for play took: 0.032101
[2017.07.12-17.14.38:170][471]LogBlueprintUserMessages: [GameUIBP_C_1] SEt UI
[2017.07.12-17.14.38:170][471]PIE: Info Play in editor start time for /Game/Ava/Maps/UEDPIE_0_PalaceLevel -0.348
[2017.07.12-17.14.38:171][471]LogBlueprintUserMessages: Late PlayInEditor Detection: Level '/Game/Ava/Maps/PalaceLevel.PalaceLevel:PersistentLevel' has LevelScriptBlueprint '/Game/Ava/Maps/PalaceLevel.PalaceLevel:PersistentLevel.PalaceLevel' with GeneratedClass '/Game/Ava/Maps/PalaceLevel.PalaceLevel_C' with ClassGeneratedBy '/Game/Ava/Maps/PalaceLevel.PalaceLevel:PersistentLevel.PalaceLevel'
[2017.07.12-17.14.49:645][ 40]LogBlueprintUserMessages: [GameUIBP_C_1] Hello
[2017.07.12-17.15.26:189][809]LogScriptCore:Warning: Attempted to get an item from array Inventory out of bounds [2/1]!

[2017.07.12-17.15.26:189][809]LogOutputDevice:Warning: 

Script Stack:
GameUIBP_C.On_Slot2_MouseButtonDown_0

[2017.07.12-17.15.26:189][809]LogWindows: Windows GetLastError: The operation completed successfully. (0)
[2017.07.12-17.15.26:943][809]LogCrashTracker: 


[2017.07.12-17.15.26:943][809]LogCrashTracker: 


[2017.07.12-17.15.26:943][809]LogWindows:Error: === Critical error: ===
Assertion failed: InName [File:D:\Build\++UE4+Release-4.12+Compile\Sync\Engine\Source\Runtime\CoreUObject\Private\UObject\UObjectGlobals.cpp] [Line: 775] 





[2017.07.12-17.15.26:961][809]LogExit: Executing StaticShutdownAfterError
[2017.07.12-17.15.26:969][809]LogWindows: FPlatformMisc::RequestExit(1)
[2017.07.12-17.15.26:969][809]Log file closed, 07/12/17 18:15:26
