Log file open, 07/14/17 16:26:22
LogInit:Display: Running engine for game: Ava
LogPlatformFile: Not using cached read wrapper
LogInit:Display: RandInit(-2027880607) SRandInit(-2027880604).
LogTaskGraph: Started task graph with 4 named threads and 9 total threads with 1 sets of task threads.
LogStats: Stats thread started at 0.267512
LogInit: Version: 4.12.5-3039270+++UE4+Release-4.12
LogInit: API Version: 2992821
LogInit: Net Version: 3039270
LogDevObjectVersion: Number of dev versions registered: 13
LogDevObjectVersion:   Dev-Blueprints (B0D832E4-1F89-4F0D-ACCF-7EB736FD4AA2): 3
LogDevObjectVersion:   Dev-Build (E1C64328-A22C-4D53-A36C-8E866417BD8C): 0
LogDevObjectVersion:   Dev-Core (375EC13C-06E4-48FB-B500-84F0262A717E): 1
LogDevObjectVersion:   Dev-Editor (E4B068ED-F494-42E9-A231-DA0B2E46BB41): 2
LogDevObjectVersion:   Dev-Framework (CFFC743F-43B0-4480-9391-14DF171D2073): 6
LogDevObjectVersion:   Dev-Mobile (B02B49B5-BB20-44E9-A304-32B752E40360): 0
LogDevObjectVersion:   Dev-Networking (A4E4105C-59A1-49B5-A7C5-40C4547EDFEE): 0
LogDevObjectVersion:   Dev-Online (39C831C9-5AE6-47DC-9A44-9C173E1C8E7C): 0
LogDevObjectVersion:   Dev-Physics (78F01B33-EBEA-4F98-B9B4-84EACCB95AA2): 0
LogDevObjectVersion:   Dev-Platform (6631380F-2D4D-43E0-8009-CF276956A95A): 0
LogDevObjectVersion:   Dev-Rendering (12F88B9F-8875-4AFC-A67C-D90C383ABD29): 2
LogDevObjectVersion:   Dev-Sequencer (7B5AE74C-D270-4C10-A958-57980B212A5A): 0
LogDevObjectVersion:   Dev-VR (D7296918-1DD6-4BDD-9DE2-64A83CC13884): 0
LogInit: Compiled (64-bit): Jul  6 2016 09:09:46
LogInit: Compiled with Visual C++: 19.00.23026.00
LogInit: Build Configuration: Development
LogInit: Branch Name: ++UE4+Release-4.12
LogInit: Command line: 
LogInit: Base directory: C:/Program Files/Epic Games/4.12/Engine/Binaries/Win64/
LogInit: Installed Engine Build: 1
LogInit: Using libcurl 7.41.0
LogInit:  - built for x86_64-pc-win32
LogInit:  - supports SSL with WinSSL
LogInit:  - other features:
LogInit:      CURL_VERSION_SSL
LogInit:      CURL_VERSION_IPV6
LogInit:      CURL_VERSION_ASYNCHDNS
LogInit:      CURL_VERSION_LARGEFILE
LogInit:      CURL_VERSION_IDN
LogInit:  CurlRequestOptions (configurable via config and command line):
LogInit:  - bVerifyPeer = true  - Libcurl will verify peer certificate
LogInit:  - bUseHttpProxy = false  - Libcurl will NOT use HTTP proxy
LogInit:  - bDontReuseConnections = false  - Libcurl will reuse connections
LogInit:  - CertBundlePath = nullptr  - Libcurl will use whatever was configured at build time.
LogInit: Presizing for max 8388607 objects, including 0 objects not considered by GC, pre-allocating 0 bytes for permanent pool.
LogInit: Object subsystem initialized
[2017.07.14-15.26.23:018][  0]LogInit: Selected Device Profile: [Windows]
[2017.07.14-15.26.23:018][  0]LogInit: Applying CVar settings loaded from the selected device profile: [Windows]
[2017.07.14-15.26.23:030][  0]LogInit: Computer: PC42640
[2017.07.14-15.26.23:030][  0]LogInit: User: i7230020
[2017.07.14-15.26.23:030][  0]LogInit: CPU Page size=65536, Cores=6
[2017.07.14-15.26.23:030][  0]LogInit: High frequency timer resolution =3.410097 MHz
[2017.07.14-15.26.23:031][  0]LogMemory: Memory total: Physical=31.9GB (32GB approx)
[2017.07.14-15.26.23:031][  0]LogMemory: Platform Memory Stats for Windows
[2017.07.14-15.26.23:031][  0]LogMemory: Process Physical Memory: 196.90 MB used, 196.90 MB peak
[2017.07.14-15.26.23:031][  0]LogMemory: Process Virtual Memory: 198.96 MB used, 198.96 MB peak
[2017.07.14-15.26.23:031][  0]LogMemory: Physical Memory: 12927.89 MB used, 32684.15 MB total
[2017.07.14-15.26.23:031][  0]LogMemory: Virtual Memory: 539.58 MB used, 8388608.00 MB total
[2017.07.14-15.26.23:191][  0]LogTextLocalizationManager: No specific translations for ('en-GB') exist, so ('en') translations will be used.
[2017.07.14-15.26.23:570][  0]LogD3D11RHI: D3D11 adapters:
[2017.07.14-15.26.23:599][  0]LogD3D11RHI:    0. 'NVIDIA Quadro M4000' (Feature Level 11_0)
[2017.07.14-15.26.23:599][  0]LogD3D11RHI:       8092/0/16086 MB DedicatedVideo/DedicatedSystem/SharedSystem, Outputs:1, VendorId:0x10de
[2017.07.14-15.26.23:599][  0]LogD3D11RHI: Chosen D3D11 Adapter: 0
[2017.07.14-15.26.23:612][  0]LogD3D11RHI: Creating new Direct3DDevice
[2017.07.14-15.26.23:612][  0]LogD3D11RHI:     GPU DeviceId: 0x13f1 (for the marketing name, search the web for "GPU Device Id")
[2017.07.14-15.26.23:612][  0]LogWindows: EnumDisplayDevices:
[2017.07.14-15.26.23:612][  0]LogWindows:    0. 'NVIDIA Quadro M4000' (P:1 D:1)
[2017.07.14-15.26.23:613][  0]LogWindows:    1. 'NVIDIA Quadro M4000' (P:0 D:0)
[2017.07.14-15.26.23:614][  0]LogWindows:    2. 'NVIDIA Quadro M4000' (P:0 D:0)
[2017.07.14-15.26.23:615][  0]LogWindows:    3. 'NVIDIA Quadro M4000' (P:0 D:0)
[2017.07.14-15.26.23:617][  0]LogWindows:    4. 'RDPDD Chained DD' (P:0 D:0)
[2017.07.14-15.26.23:617][  0]LogWindows:    5. 'RDP Encoder Mirror Driver' (P:0 D:0)
[2017.07.14-15.26.23:618][  0]LogWindows:    6. 'RDP Reflector Display Driver' (P:0 D:0)
[2017.07.14-15.26.23:618][  0]LogWindows: DebugString: GetVideoDriverDetailsInvalid PrimaryIsNotTheChoosenAdapter GetVideoDriverDetailsInvalid PrimaryIsNotTheChoosenAdapter GetVideoDriverDetailsInvalid PrimaryIsNotTheChoosenAdapter FoundDriverCount:4 
[2017.07.14-15.26.23:618][  0]LogD3D11RHI:     Adapter Name: NVIDIA Quadro M4000
[2017.07.14-15.26.23:618][  0]LogD3D11RHI:   Driver Version: 362.13 (internal:10.18.13.6213, unified:362.13)
[2017.07.14-15.26.23:619][  0]LogD3D11RHI:      Driver Date: 3-18-2016
[2017.07.14-15.26.23:619][  0]LogRHI: Texture pool is 1361 MB (70% of 1945 MB)
[2017.07.14-15.26.23:639][  0]LogD3D11RHI: Async texture creation enabled
[2017.07.14-15.26.23:656][  0]LogD3D11RHI: GPU Timing Frequency: 1000.000000 (Debug: 2 2)
[2017.07.14-15.26.23:656][  0]LogShaderCompilers: Guid format shader working directory is -8 characters bigger than the processId version (W:/University Work/Masters/MastersProject/MastersProject/Ava/Intermediate/Shaders/WorkingDirectory/36676/).
[2017.07.14-15.26.23:656][  0]LogShaderCompilers: Cleaned the shader compiler working directory 'C:/Users/I72300~1.000/AppData/Local/Temp/UnrealShaderWorkingDir/1A21A4394BF6043EE4AF2FB5C923FB2B/'.
[2017.07.14-15.26.23:656][  0]LogShaderCompilers:Display: Using Local Shader Compiler.
[2017.07.14-15.26.24:746][  0]LogTemp:Display: Loaded TP AllDesktopTargetPlatform
[2017.07.14-15.26.24:766][  0]LogTemp:Display: Loaded TP WindowsClientTargetPlatform
[2017.07.14-15.26.24:779][  0]LogTemp:Display: Loaded TP WindowsNoEditorTargetPlatform
[2017.07.14-15.26.24:806][  0]LogTemp:Display: Loaded TP WindowsServerTargetPlatform
[2017.07.14-15.26.24:832][  0]LogTemp:Display: Loaded TP WindowsTargetPlatform
[2017.07.14-15.26.24:848][  0]LogTemp:Display: Loaded TP AndroidTargetPlatform
[2017.07.14-15.26.24:860][  0]LogTemp:Display: Loaded TP Android_ASTCTargetPlatform
[2017.07.14-15.26.24:873][  0]LogTemp:Display: Loaded TP Android_ATCTargetPlatform
[2017.07.14-15.26.24:883][  0]LogTemp:Display: Loaded TP Android_DXTTargetPlatform
[2017.07.14-15.26.24:894][  0]LogTemp:Display: Loaded TP Android_ETC1TargetPlatform
[2017.07.14-15.26.24:911][  0]LogTemp:Display: Loaded TP Android_ETC2TargetPlatform
[2017.07.14-15.26.24:941][  0]LogTemp:Display: Loaded TP Android_MultiTargetPlatform
[2017.07.14-15.26.24:941][  0]LogTemp:Display: Loaded TP Android_PVRTCTargetPlatform
[2017.07.14-15.26.24:945][  0]LogTemp:Display: Loaded TP HTML5TargetPlatform
[2017.07.14-15.26.24:979][  0]LogTemp:Display: Loaded TP IOSTargetPlatform
[2017.07.14-15.26.24:988][  0]LogTemp:Display: Loaded TP TVOSTargetPlatform
[2017.07.14-15.26.24:998][  0]LogTemp:Display: Loaded TP LinuxNoEditorTargetPlatform
[2017.07.14-15.26.25:007][  0]LogTemp:Display: Loaded TP LinuxServerTargetPlatform
[2017.07.14-15.26.25:018][  0]LogTemp:Display: Loaded TP LinuxTargetPlatform
[2017.07.14-15.26.25:018][  0]LogTargetPlatformManager:Display: Building Assets For Windows
[2017.07.14-15.26.25:162][  0]LogDerivedDataCache:Display: Max Cache Size: 512 MB
[2017.07.14-15.26.25:217][  0]LogDerivedDataCache: Loaded boot cache 0.06s 49MB C:/Users/i7230020.STUDENT.000/AppData/Local/UnrealEngine/4.12/DerivedDataCache/Boot.ddc.
[2017.07.14-15.26.25:218][  0]LogDerivedDataCache:Display: Loaded Boot cache: C:/Users/i7230020.STUDENT.000/AppData/Local/UnrealEngine/4.12/DerivedDataCache/Boot.ddc
[2017.07.14-15.26.25:218][  0]LogDerivedDataCache: FDerivedDataBackendGraph:  Pak pak cache file W:/University Work/Masters/MastersProject/MastersProject/Ava/DerivedDataCache/DDC.ddp not found, will not use a pak cache.
[2017.07.14-15.26.25:219][  0]LogDerivedDataCache: Unable to find inner node Pak for hierarchical cache Hierarchy.
[2017.07.14-15.26.25:219][  0]LogDerivedDataCache: FDerivedDataBackendGraph:  CompressedPak pak cache file W:/University Work/Masters/MastersProject/MastersProject/Ava/DerivedDataCache/Compressed.ddp not found, will not use a pak cache.
[2017.07.14-15.26.25:219][  0]LogDerivedDataCache: Unable to find inner node CompressedPak for hierarchical cache Hierarchy.
[2017.07.14-15.26.25:234][  0]LogDerivedDataCache:Display: Pak cache opened for reading ../../../Engine/DerivedDataCache/Compressed.ddp.
[2017.07.14-15.26.25:247][  0]LogDerivedDataCache: Using Local data cache path C:/Users/i7230020.STUDENT.000/AppData/Local/UnrealEngine/Common/DerivedDataCache: Writable
[2017.07.14-15.26.25:476][  0]LogInit: Selected Device Profile: [Windows]
[2017.07.14-15.26.25:477][  0]LogContentStreaming: Texture pool size is 0.00 MB
[2017.07.14-15.26.25:672][  0]LogMeshUtilities: No automatic mesh reduction module available
[2017.07.14-15.26.25:672][  0]LogMeshUtilities: No automatic mesh merging module available
[2017.07.14-15.26.25:672][  0]LogMeshUtilities: No distributed automatic mesh merging module available
[2017.07.14-15.26.26:049][  0]LogAssetRegistry: FAssetRegistry took 0.0219 seconds to start up
[2017.07.14-15.26.26:124][  0]LogPackageLocalizationCache: Processed 4 localized package path(s) for 2 prioritized culture(s) in 0.070024 seconds
[2017.07.14-15.26.26:128][  0]LogUObjectArray: 28739 objects as part of root set at end of initial load.
[2017.07.14-15.26.26:128][  0]LogUObjectAllocator: 5855624 out of 0 bytes used by permanent object pool.
[2017.07.14-15.26.26:128][  0]LogUObjectArray: CloseDisregardForGC: 0/0 objects in disregard for GC pool
[2017.07.14-15.26.26:140][  0]LogInit: WinSock: version 1.1 (2.2), MaxSocks=32767, MaxUdp=65467
[2017.07.14-15.26.26:445][  0]LogSlate: SlateFontCache - WITH_FREETYPE: 1, WITH_HARFBUZZ: 1
[2017.07.14-15.26.26:445][  0]LogSlate: SlateFontCache - WITH_FREETYPE: 1, WITH_HARFBUZZ: 1
[2017.07.14-15.26.27:368][  0]LogUdpMessaging: Initializing bridge on interface 0.0.0.0:0 to multicast group 230.0.0.1:6666.
[2017.07.14-15.26.27:474][  0]LogStats:             FDebug::EnsureFailed -  0.000 s
[2017.07.14-15.26.29:372][  0]SourceControl: Info Source control is disabled
[2017.07.14-15.26.29:375][  0]SourceControl: Info Source control is disabled
[2017.07.14-15.26.29:389][  0]SourceControl: Info Source control is disabled
[2017.07.14-15.26.29:405][  0]SourceControl: Info Source control is disabled
[2017.07.14-15.26.29:603][  0]LogHoudiniEngine: Starting the Houdini Engine module.
[2017.07.14-15.26.29:605][  0]LogHoudiniEngine: Loaded libHAPIL.dll from Registry path C:\Program Files\Side Effects Software\Houdini 15.5.632/bin
[2017.07.14-15.26.29:606][  0]LogLinker:Warning: Asset '../../../Engine/Plugins/Runtime/HoudiniEngine/Content/houdini_logo.uasset' has been saved with empty engine version. The asset will be loaded but may be incompatible.
[2017.07.14-15.26.29:607][  0]LogLinker:Warning: Asset '../../../Engine/Plugins/Runtime/HoudiniEngine/Content/houdini_default_material.uasset' has been saved with empty engine version. The asset will be loaded but may be incompatible.
[2017.07.14-15.26.29:612][  0]LogLinker:Warning: Asset '../../../Engine/Plugins/Runtime/HoudiniEngine/Content/houdini_bgeo_import.uasset' has been saved with empty engine version. The asset will be loaded but may be incompatible.
[2017.07.14-15.26.30:892][  0]LogHoudiniEngine: Successfully initialized the Houdini Engine API module.
[2017.07.14-15.26.31:058][  0]LogEngine: Initializing Engine...
[2017.07.14-15.26.31:062][  0]LogHMD: SteamVR failed to initialize.  Err: 110
[2017.07.14-15.26.31:065][  0]LogHMD: SteamVR failed to initialize.  Err: 110
[2017.07.14-15.26.31:218][  0]LogAIModule: Creating AISystem for world NewWorld
[2017.07.14-15.26.31:229][  0]LogInit: XAudio2 using 'Speakers (Realtek High Definition Audio)' : 2 channels at 48 kHz using 32 bits per sample (channel mask 0x3)
[2017.07.14-15.26.31:241][  0]LogInit: FAudioDevice initialized.
[2017.07.14-15.26.31:268][  0]LogDerivedDataCache: Saved boot cache 0.03s 49MB C:/Users/i7230020.STUDENT.000/AppData/Local/UnrealEngine/4.12/DerivedDataCache/Boot.ddc.
[2017.07.14-15.26.31:274][  0]LogInit: Texture streaming: Enabled
[2017.07.14-15.26.31:306][  0]LogInit: Transaction tracking system initialized
[2017.07.14-15.26.31:342][  0]BlueprintLog: New page: Editor Load
[2017.07.14-15.26.31:462][  0]LocalizationService: Info Localization service is disabled
[2017.07.14-15.26.31:564][  0]LogConsoleResponse:Display: 
[2017.07.14-15.26.31:676][  0]LogCook:Display: Max memory allowance for cook 8192mb
[2017.07.14-15.26.31:676][  0]LogCook:Display: Mobile HDR setting 1
[2017.07.14-15.26.31:775][  0]LogFileCache: Scanning file cache for directory 'W:/University Work/Masters/MastersProject/MastersProject/Ava/Content/' took 0.02s
[2017.07.14-15.26.31:775][  0]LogHoudiniEngineEditor: Starting the Houdini Engine Editor module.
[2017.07.14-15.26.31:832][  0]SourceControl: Info Source control is disabled
[2017.07.14-15.26.31:832][  0]Cmd: MAP LOAD FILE="W:/University Work/Masters/MastersProject/MastersProject/Ava/Content/Ava/Maps/PalaceLevel.umap" TEMPLATE=0 SHOWPROGRESS=1 FEATURELEVEL=3
[2017.07.14-15.26.31:833][  0]LightingResults: New page: Lighting Build
[2017.07.14-15.26.31:837][  0]MapCheck: New page: Map Check
[2017.07.14-15.26.31:837][  0]LightingResults: New page: Lighting Build
[2017.07.14-15.26.31:912][  0]LogBlueprint:Warning: Compiler Warning InputAction Event references unknown Action 'Crouch' for  InputAction Crouch 
[2017.07.14-15.26.31:915][  0]LogBlueprint:Warning: Compiler Warning [0014.16] Compile of Ue4ASP_Character successful, but with 1 Warning(s) [in 7 ms] (/Game/AnimStarterPack/Ue4ASP_Character.Ue4ASP_Character)
[2017.07.14-15.26.31:915][  0]LogBlueprint:Warning: Compiler Warning [0014.16] Compile of Ue4ASP_Character successful, but with 2 Warning(s) [in 0 ms] (/Game/AnimStarterPack/Ue4ASP_Character.Ue4ASP_Character)
[2017.07.14-15.26.31:915][  0]LogBlueprint:Warning: Compiler Warning [0014.16] Compile of Ue4ASP_Character successful, but with 3 Warning(s) [in 0 ms] (/Game/AnimStarterPack/Ue4ASP_Character.Ue4ASP_Character)
[2017.07.14-15.26.31:994][  0]LogBlueprint:Warning: Compiler Warning InputAction Event references unknown Action 'Crouch' for  InputAction Crouch 
[2017.07.14-15.26.31:997][  0]LogBlueprint:Warning: Compiler Warning [0014.24] Compile of Ue4ASP_Character successful, but with 1 Warning(s) [in 8 ms] (/Game/AnimStarterPack/Ue4ASP_Character.Ue4ASP_Character)
[2017.07.14-15.26.31:997][  0]LogBlueprint:Warning: Compiler Warning [0014.24] Compile of Ue4ASP_Character successful, but with 2 Warning(s) [in 0 ms] (/Game/AnimStarterPack/Ue4ASP_Character.Ue4ASP_Character)
[2017.07.14-15.26.31:998][  0]LogBlueprint:Warning: Compiler Warning [0014.24] Compile of Ue4ASP_Character successful, but with 3 Warning(s) [in 0 ms] (/Game/AnimStarterPack/Ue4ASP_Character.Ue4ASP_Character)
[2017.07.14-15.26.33:519][  0]LogProperty:Warning: Serialized Class /Script/Ava.Antelope for a property of Class /Script/Engine.StaticMeshComponent. Reference will be NULLed.
    Property = ObjectProperty /Script/Ava.OfferingStatue:BuddaStatue
    Item = Antelope /Script/Ava.Default__Antelope
[2017.07.14-15.26.33:953][  0]LogMaterial: Missing cached shader map for material M_Basic_Wall, compiling. 
[2017.07.14-15.26.33:954][  0]LogMaterial:Warning: Failed to compile Material /Game/StarterContent/Materials/M_Basic_Wall.M_Basic_Wall for platform PCD3D_SM5, Default Material will be used in game.
[2017.07.14-15.26.33:954][  0]LogMaterial:Warning: 	(Node TextureSample) TextureSample> Missing input texture
[2017.07.14-15.26.33:981][  0]LogAIModule: Creating AISystem for world PalaceLevel
[2017.07.14-15.26.34:021][  0]LogEditorServer: Finished looking for orphan Actors (0.000 secs)
[2017.07.14-15.26.34:023][  0]Cmd: MAP CHECKDEP NOCLEARLOG
[2017.07.14-15.26.34:130][  0]MapCheck: Info Map check complete: 0 Error(s), 0 Warning(s), took 107.223ms to complete.
[2017.07.14-15.26.34:130][  0]LogFileHelpers: Loading map 'PalaceLevel' took 2.298
[2017.07.14-15.26.34:408][  0]LogCollectionManager: Loaded 0 collections in 0.001489 seconds
[2017.07.14-15.26.34:453][  0]LogFileCache: Scanning file cache for directory 'W:/University Work/Masters/MastersProject/MastersProject/Ava/Saved/Collections/' took 0.01s
[2017.07.14-15.26.34:454][  0]LogFileCache: Scanning file cache for directory 'W:/University Work/Masters/MastersProject/MastersProject/Ava/Content/Developers/i7230020/Collections/' took 0.01s
[2017.07.14-15.26.34:454][  0]LogFileCache: Scanning file cache for directory 'W:/University Work/Masters/MastersProject/MastersProject/Ava/Content/Collections/' took 0.01s
[2017.07.14-15.26.34:454][  0]LogCollectionManager: Rebuilt the GUID cache for 0 collections in 0.000002 seconds
[2017.07.14-15.26.34:463][  0]LogContentBrowser: Native class hierarchy populated in 0.0094 seconds. Added 2099 classes and 376 folders.
[2017.07.14-15.26.34:468][  0]LogStats: UGameplayTagsManager::ConstructGameplayTagTree: Construct from data asset -  0.000 s
[2017.07.14-15.26.34:468][  0]LogStats: UGameplayTagsManager::ConstructGameplayTagTree: GameplayTagTreeChangedEvent.Broadcast -  0.000 s
[2017.07.14-15.26.34:471][  0]LogContentBrowser: Native class hierarchy updated for 'GameplayTags' in 0.0025 seconds. Added 12 classes and 0 folders.
[2017.07.14-15.26.34:479][  0]LogContentBrowser: Native class hierarchy updated for 'WidgetCarousel' in 0.0023 seconds. Added 0 classes and 0 folders.
[2017.07.14-15.26.34:550][  0]LogContentBrowser: Native class hierarchy updated for 'AddContentDialog' in 0.0037 seconds. Added 0 classes and 0 folders.
[2017.07.14-15.26.34:560][  0]LogContentBrowser: Native class hierarchy updated for 'SceneOutliner' in 0.0024 seconds. Added 1 classes and 2 folders.
[2017.07.14-15.26.34:579][  0]LogCrashTracker: Crashtracker disabled due to settings.
[2017.07.14-15.26.34:583][  0]LogUObjectGlobals:Warning: Failed to find object 'Class None.'
[2017.07.14-15.26.34:613][  0]LogContentBrowser: Native class hierarchy updated for 'HierarchicalLODOutliner' in 0.0024 seconds. Added 1 classes and 2 folders.
[2017.07.14-15.26.34:613][  0]LogLoad: Full Startup: 16.86 seconds (BP compile: 1.17 seconds)
[2017.07.14-15.26.34:613][  0]LogExternalProfiler: Found external profiler: VSPerf
[2017.07.14-15.26.34:613][  0]LogExternalProfiler: Using external profiler: VSPerf
[2017.07.14-15.26.34:624][  0]LogOcInput: OculusInput pre-init called
[2017.07.14-15.26.34:644][  0]LogContentStreaming: Texture pool size now 1000 MB
[2017.07.14-15.26.34:786][  0]LogRenderer: Reallocating scene render targets to support 1616x564 (Frame:2).
[2017.07.14-15.26.34:920][  1]LogAssetRegistry: Asset discovery search completed in 8.8928 seconds
[2017.07.14-15.26.34:920][  1]LogCollectionManager: Rebuilt the object cache for 0 collections in 0.000001 seconds (found 0 objects)
[2017.07.14-15.26.34:921][  1]LogCollectionManager: Fixed up redirectors for 0 collections in 0.000088 seconds (updated 0 objects)
[2017.07.14-15.26.43:975][553]LogEditorViewport: Clicking on Actor (LMB): StatueObject (StatueObject1)
[2017.07.14-15.27.06:975][ 21]Cmd: OBJ SAVEPACKAGE PACKAGE="/Game/Ava/Maps/PalaceLevel" FILE="W:/University Work/Masters/MastersProject/MastersProject/Ava/Content/Ava/Maps/PalaceLevel.umap" SILENT=true AUTOSAVING=false KEEPDIRTY=false
[2017.07.14-15.27.08:003][ 21]LogSavePackage: Save=937.06ms
[2017.07.14-15.27.08:003][ 21]LogSavePackage: Moving 'W:/University Work/Masters/MastersProject/MastersProject/Ava/Saved/PalaceLevelD4394B8F447677D81F5901AD2D03BF30.tmp' to 'W:/University Work/Masters/MastersProject/MastersProject/Ava/Content/Ava/Maps/PalaceLevel.umap'
[2017.07.14-15.27.08:012][ 21]LogSavePackage:Display: Finished SavePackage W:/University Work/Masters/MastersProject/MastersProject/Ava/Content/Ava/Maps/PalaceLevel.umap
[2017.07.14-15.27.08:792][ 65]LogBlueprintUserMessages: Early PlayInEditor Detection: Level '/Game/Ava/Maps/PalaceLevel.PalaceLevel:PersistentLevel' has LevelScriptBlueprint '/Game/Ava/Maps/PalaceLevel.PalaceLevel:PersistentLevel.PalaceLevel' with GeneratedClass '/Game/Ava/Maps/PalaceLevel.PalaceLevel_C' with ClassGeneratedBy '/Game/Ava/Maps/PalaceLevel.PalaceLevel:PersistentLevel.PalaceLevel'
[2017.07.14-15.27.08:792][ 65]LogPlayLevel: PlayLevel: No blueprints needed recompiling
[2017.07.14-15.27.08:793][ 65]PIE: New page: PIE session: PalaceLevel (14 Jul 2017 16:27:08)
[2017.07.14-15.27.08:793][ 65]LogPlayLevel: Creating play world package: /Game/Ava/Maps/UEDPIE_0_PalaceLevel
[2017.07.14-15.27.08:856][ 65]LogPlayLevel: PIE: StaticDuplicateObject took: (0.062909s)
[2017.07.14-15.27.08:856][ 65]LogAIModule: Creating AISystem for world PalaceLevel
[2017.07.14-15.27.08:857][ 65]LogPlayLevel: PIE: World Init took: (0.000655s)
[2017.07.14-15.27.08:857][ 65]LogPlayLevel: PIE: Created PIE world by copying editor world from /Game/Ava/Maps/PalaceLevel.PalaceLevel to /Game/Ava/Maps/UEDPIE_0_PalaceLevel.PalaceLevel (0.064198s)
[2017.07.14-15.27.08:868][ 65]LogInit: XAudio2 using 'Speakers (Realtek High Definition Audio)' : 2 channels at 48 kHz using 32 bits per sample (channel mask 0x3)
[2017.07.14-15.27.08:876][ 65]LogInit: FAudioDevice initialized.
[2017.07.14-15.27.08:944][ 65]LogWorld: Game class is 'AvaGameMode'
[2017.07.14-15.27.08:978][ 65]LogWorld: Bringing World /Game/Ava/Maps/UEDPIE_0_PalaceLevel.PalaceLevel up for play (max tick rate 0) at 2017.07.14-16.27.08
[2017.07.14-15.27.08:981][ 65]LogWorld: Bringing up level for play took: 0.035032
[2017.07.14-15.27.08:988][ 65]LogContentBrowser: Native class hierarchy updated for 'MovieSceneCapture' in 0.0025 seconds. Added 11 classes and 0 folders.
[2017.07.14-15.27.08:993][ 65]LogBlueprintUserMessages: [GameUIBP_C_0] SEt UI
[2017.07.14-15.27.08:994][ 65]PIE: Info Play in editor start time for /Game/Ava/Maps/UEDPIE_0_PalaceLevel -0.677
[2017.07.14-15.27.08:994][ 65]LogBlueprintUserMessages: Late PlayInEditor Detection: Level '/Game/Ava/Maps/PalaceLevel.PalaceLevel:PersistentLevel' has LevelScriptBlueprint '/Game/Ava/Maps/PalaceLevel.PalaceLevel:PersistentLevel.PalaceLevel' with GeneratedClass '/Game/Ava/Maps/PalaceLevel.PalaceLevel_C' with ClassGeneratedBy '/Game/Ava/Maps/PalaceLevel.PalaceLevel:PersistentLevel.PalaceLevel'
[2017.07.14-15.27.15:132][500]LogBlueprintUserMessages: Early EndPlayMap Detection: Level '/Game/Ava/Maps/PalaceLevel.PalaceLevel:PersistentLevel' has LevelScriptBlueprint '/Game/Ava/Maps/PalaceLevel.PalaceLevel:PersistentLevel.PalaceLevel' with GeneratedClass '/Game/Ava/Maps/PalaceLevel.PalaceLevel_C' with ClassGeneratedBy '/Game/Ava/Maps/PalaceLevel.PalaceLevel:PersistentLevel.PalaceLevel'
[2017.07.14-15.27.15:185][500]LogBlueprintUserMessages: Late EndPlayMap Detection: Level '/Game/Ava/Maps/PalaceLevel.PalaceLevel:PersistentLevel' has LevelScriptBlueprint '/Game/Ava/Maps/PalaceLevel.PalaceLevel:PersistentLevel.PalaceLevel' with GeneratedClass '/Game/Ava/Maps/PalaceLevel.PalaceLevel_C' with ClassGeneratedBy '/Game/Ava/Maps/PalaceLevel.PalaceLevel:PersistentLevel.PalaceLevel'
[2017.07.14-15.27.26:354][150]Cmd: CAMERA ALIGN ACTIVEVIEWPORTONLY
[2017.07.14-15.27.27:853][239]LogEditorViewport: Clicking on Actor (LMB): PickUpItem (PickUpItem40)
[2017.07.14-15.27.28:225][259]Cmd: CAMERA ALIGN ACTIVEVIEWPORTONLY
[2017.07.14-15.27.31:047][419]LogBlueprintUserMessages: Early PlayInEditor Detection: Level '/Game/Ava/Maps/PalaceLevel.PalaceLevel:PersistentLevel' has LevelScriptBlueprint '/Game/Ava/Maps/PalaceLevel.PalaceLevel:PersistentLevel.PalaceLevel' with GeneratedClass '/Game/Ava/Maps/PalaceLevel.PalaceLevel_C' with ClassGeneratedBy '/Game/Ava/Maps/PalaceLevel.PalaceLevel:PersistentLevel.PalaceLevel'
[2017.07.14-15.27.31:048][419]LogPlayLevel: PlayLevel: No blueprints needed recompiling
[2017.07.14-15.27.31:048][419]PIE: New page: PIE session: PalaceLevel (14 Jul 2017 16:27:31)
[2017.07.14-15.27.31:048][419]LogPlayLevel: Creating play world package: /Game/Ava/Maps/UEDPIE_0_PalaceLevel
[2017.07.14-15.27.31:111][419]LogPlayLevel: PIE: StaticDuplicateObject took: (0.063251s)
[2017.07.14-15.27.31:112][419]LogAIModule: Creating AISystem for world PalaceLevel
[2017.07.14-15.27.31:113][419]LogPlayLevel: PIE: World Init took: (0.001244s)
[2017.07.14-15.27.31:113][419]LogPlayLevel: PIE: Created PIE world by copying editor world from /Game/Ava/Maps/PalaceLevel.PalaceLevel to /Game/Ava/Maps/UEDPIE_0_PalaceLevel.PalaceLevel (0.065332s)
[2017.07.14-15.27.31:136][419]LogInit: XAudio2 using 'Speakers (Realtek High Definition Audio)' : 2 channels at 48 kHz using 32 bits per sample (channel mask 0x3)
[2017.07.14-15.27.31:146][419]LogInit: FAudioDevice initialized.
[2017.07.14-15.27.31:199][419]LogWorld: Game class is 'AvaGameMode'
[2017.07.14-15.27.31:229][419]LogWorld: Bringing World /Game/Ava/Maps/UEDPIE_0_PalaceLevel.PalaceLevel up for play (max tick rate 0) at 2017.07.14-16.27.31
[2017.07.14-15.27.31:232][419]LogWorld: Bringing up level for play took: 0.031797
[2017.07.14-15.27.31:235][419]LogBlueprintUserMessages: [GameUIBP_C_1] SEt UI
[2017.07.14-15.27.31:236][419]PIE: Info Play in editor start time for /Game/Ava/Maps/UEDPIE_0_PalaceLevel -0.436
[2017.07.14-15.27.31:236][419]LogBlueprintUserMessages: Late PlayInEditor Detection: Level '/Game/Ava/Maps/PalaceLevel.PalaceLevel:PersistentLevel' has LevelScriptBlueprint '/Game/Ava/Maps/PalaceLevel.PalaceLevel:PersistentLevel.PalaceLevel' with GeneratedClass '/Game/Ava/Maps/PalaceLevel.PalaceLevel_C' with ClassGeneratedBy '/Game/Ava/Maps/PalaceLevel.PalaceLevel:PersistentLevel.PalaceLevel'
[2017.07.14-15.27.32:304][492]LogBlueprintUserMessages: Early EndPlayMap Detection: Level '/Game/Ava/Maps/PalaceLevel.PalaceLevel:PersistentLevel' has LevelScriptBlueprint '/Game/Ava/Maps/PalaceLevel.PalaceLevel:PersistentLevel.PalaceLevel' with GeneratedClass '/Game/Ava/Maps/PalaceLevel.PalaceLevel_C' with ClassGeneratedBy '/Game/Ava/Maps/PalaceLevel.PalaceLevel:PersistentLevel.PalaceLevel'
[2017.07.14-15.27.32:359][492]LogBlueprintUserMessages: Late EndPlayMap Detection: Level '/Game/Ava/Maps/PalaceLevel.PalaceLevel:PersistentLevel' has LevelScriptBlueprint '/Game/Ava/Maps/PalaceLevel.PalaceLevel:PersistentLevel.PalaceLevel' with GeneratedClass '/Game/Ava/Maps/PalaceLevel.PalaceLevel_C' with ClassGeneratedBy '/Game/Ava/Maps/PalaceLevel.PalaceLevel:PersistentLevel.PalaceLevel'
[2017.07.14-15.27.41:467][122]LogBlueprintUserMessages: Early PlayInEditor Detection: Level '/Game/Ava/Maps/PalaceLevel.PalaceLevel:PersistentLevel' has LevelScriptBlueprint '/Game/Ava/Maps/PalaceLevel.PalaceLevel:PersistentLevel.PalaceLevel' with GeneratedClass '/Game/Ava/Maps/PalaceLevel.PalaceLevel_C' with ClassGeneratedBy '/Game/Ava/Maps/PalaceLevel.PalaceLevel:PersistentLevel.PalaceLevel'
[2017.07.14-15.27.41:467][122]LogPlayLevel: PlayLevel: No blueprints needed recompiling
[2017.07.14-15.27.41:468][122]PIE: New page: PIE session: PalaceLevel (14 Jul 2017 16:27:41)
[2017.07.14-15.27.41:468][122]LogPlayLevel: Creating play world package: /Game/Ava/Maps/UEDPIE_0_PalaceLevel
[2017.07.14-15.27.41:542][122]LogPlayLevel: PIE: StaticDuplicateObject took: (0.074400s)
[2017.07.14-15.27.41:543][122]LogAIModule: Creating AISystem for world PalaceLevel
[2017.07.14-15.27.41:543][122]LogPlayLevel: PIE: World Init took: (0.000699s)
[2017.07.14-15.27.41:544][122]LogPlayLevel: PIE: Created PIE world by copying editor world from /Game/Ava/Maps/PalaceLevel.PalaceLevel to /Game/Ava/Maps/UEDPIE_0_PalaceLevel.PalaceLevel (0.075720s)
[2017.07.14-15.27.41:558][122]LogInit: XAudio2 using 'Speakers (Realtek High Definition Audio)' : 2 channels at 48 kHz using 32 bits per sample (channel mask 0x3)
[2017.07.14-15.27.41:568][