Log file open, 06/12/17 14:53:08
LogInit:Display: Running engine for game: Ava
LogPlatformFile: Not using cached read wrapper
LogInit:Display: RandInit(1388395734) SRandInit(1388395738).
LogTaskGraph: Started task graph with 4 named threads and 9 total threads with 1 sets of task threads.
LogStats: Stats thread started at 0.168293
LogInit: Version: 4.12.5-3039270+++UE4+Release-4.12
LogInit: API Version: 2992821
LogInit: Net Version: 3039270
LogDevObjectVersion: Number of dev versions registered: 13
LogDevObjectVersion:   Dev-Blueprints (B0D832E4-1F89-4F0D-ACCF-7EB736FD4AA2): 3
LogDevObjectVersion:   Dev-Build (E1C64328-A22C-4D53-A36C-8E866417BD8C): 0
LogDevObjectVersion:   Dev-Core (375EC13C-06E4-48FB-B500-84F0262A717E): 1
LogDevObjectVersion:   Dev-Editor (E4B068ED-F494-42E9-A231-DA0B2E46BB41): 2
LogDevObjectVersion:   Dev-Framework (CFFC743F-43B0-4480-9391-14DF171D2073): 6
LogDevObjectVersion:   Dev-Mobile (B02B49B5-BB20-44E9-A304-32B752E40360): 0
LogDevObjectVersion:   Dev-Networking (A4E4105C-59A1-49B5-A7C5-40C4547EDFEE): 0
LogDevObjectVersion:   Dev-Online (39C831C9-5AE6-47DC-9A44-9C173E1C8E7C): 0
LogDevObjectVersion:   Dev-Physics (78F01B33-EBEA-4F98-B9B4-84EACCB95AA2): 0
LogDevObjectVersion:   Dev-Platform (6631380F-2D4D-43E0-8009-CF276956A95A): 0
LogDevObjectVersion:   Dev-Rendering (12F88B9F-8875-4AFC-A67C-D90C383ABD29): 2
LogDevObjectVersion:   Dev-Sequencer (7B5AE74C-D270-4C10-A958-57980B212A5A): 0
LogDevObjectVersion:   Dev-VR (D7296918-1DD6-4BDD-9DE2-64A83CC13884): 0
LogInit: Compiled (64-bit): Jul  6 2016 09:09:46
LogInit: Compiled with Visual C++: 19.00.23026.00
LogInit: Build Configuration: Development
LogInit: Branch Name: ++UE4+Release-4.12
LogInit: Command line:  
LogInit: Base directory: C:/Program Files/Epic Games/4.12/Engine/Binaries/Win64/
LogInit: Installed Engine Build: 1
LogInit: Using libcurl 7.41.0
LogInit:  - built for x86_64-pc-win32
LogInit:  - supports SSL with WinSSL
LogInit:  - other features:
LogInit:      CURL_VERSION_SSL
LogInit:      CURL_VERSION_IPV6
LogInit:      CURL_VERSION_ASYNCHDNS
LogInit:      CURL_VERSION_LARGEFILE
LogInit:      CURL_VERSION_IDN
LogInit:  CurlRequestOptions (configurable via config and command line):
LogInit:  - bVerifyPeer = true  - Libcurl will verify peer certificate
LogInit:  - bUseHttpProxy = false  - Libcurl will NOT use HTTP proxy
LogInit:  - bDontReuseConnections = false  - Libcurl will reuse connections
LogInit:  - CertBundlePath = nullptr  - Libcurl will use whatever was configured at build time.
LogInit: Presizing for max 8388607 objects, including 0 objects not considered by GC, pre-allocating 0 bytes for permanent pool.
LogInit: Object subsystem initialized
[2017.06.12-13.53.08:415][  0]LogInit: Selected Device Profile: [Windows]
[2017.06.12-13.53.08:415][  0]LogInit: Applying CVar settings loaded from the selected device profile: [Windows]
[2017.06.12-13.53.08:430][  0]LogInit: Computer: PC42640
[2017.06.12-13.53.08:430][  0]LogInit: User: i7230020
[2017.06.12-13.53.08:430][  0]LogInit: CPU Page size=65536, Cores=6
[2017.06.12-13.53.08:430][  0]LogInit: High frequency timer resolution =3.410107 MHz
[2017.06.12-13.53.08:430][  0]LogMemory: Memory total: Physical=31.9GB (32GB approx)
[2017.06.12-13.53.08:430][  0]LogMemory: Platform Memory Stats for Windows
[2017.06.12-13.53.08:430][  0]LogMemory: Process Physical Memory: 194.66 MB used, 194.66 MB peak
[2017.06.12-13.53.08:430][  0]LogMemory: Process Virtual Memory: 198.71 MB used, 198.71 MB peak
[2017.06.12-13.53.08:430][  0]LogMemory: Physical Memory: 14177.34 MB used, 32684.15 MB total
[2017.06.12-13.53.08:430][  0]LogMemory: Virtual Memory: 524.27 MB used, 8388608.00 MB total
[2017.06.12-13.53.08:625][  0]LogTextLocalizationManager: No specific translations for ('en-GB') exist, so ('en') translations will be used.
[2017.06.12-13.53.09:097][  0]LogD3D11RHI: D3D11 adapters:
[2017.06.12-13.53.09:120][  0]LogD3D11RHI:    0. 'NVIDIA Quadro M4000' (Feature Level 11_0)
[2017.06.12-13.53.09:120][  0]LogD3D11RHI:       8092/0/16086 MB DedicatedVideo/DedicatedSystem/SharedSystem, Outputs:1, VendorId:0x10de
[2017.06.12-13.53.09:120][  0]LogD3D11RHI: Chosen D3D11 Adapter: 0
[2017.06.12-13.53.09:134][  0]LogD3D11RHI: Creating new Direct3DDevice
[2017.06.12-13.53.09:134][  0]LogD3D11RHI:     GPU DeviceId: 0x13f1 (for the marketing name, search the web for "GPU Device Id")
[2017.06.12-13.53.09:134][  0]LogWindows: EnumDisplayDevices:
[2017.06.12-13.53.09:134][  0]LogWindows:    0. 'NVIDIA Quadro M4000' (P:1 D:1)
[2017.06.12-13.53.09:135][  0]LogWindows:    1. 'NVIDIA Quadro M4000' (P:0 D:0)
[2017.06.12-13.53.09:136][  0]LogWindows:    2. 'NVIDIA Quadro M4000' (P:0 D:0)
[2017.06.12-13.53.09:136][  0]LogWindows:    3. 'NVIDIA Quadro M4000' (P:0 D:0)
[2017.06.12-13.53.09:137][  0]LogWindows:    4. 'RDPDD Chained DD' (P:0 D:0)
[2017.06.12-13.53.09:137][  0]LogWindows:    5. 'RDP Encoder Mirror Driver' (P:0 D:0)
[2017.06.12-13.53.09:137][  0]LogWindows:    6. 'RDP Reflector Display Driver' (P:0 D:0)
[2017.06.12-13.53.09:138][  0]LogWindows: DebugString: GetVideoDriverDetailsInvalid PrimaryIsNotTheChoosenAdapter GetVideoDriverDetailsInvalid PrimaryIsNotTheChoosenAdapter GetVideoDriverDetailsInvalid PrimaryIsNotTheChoosenAdapter FoundDriverCount:4 
[2017.06.12-13.53.09:138][  0]LogD3D11RHI:     Adapter Name: NVIDIA Quadro M4000
[2017.06.12-13.53.09:138][  0]LogD3D11RHI:   Driver Version: 362.13 (internal:10.18.13.6213, unified:362.13)
[2017.06.12-13.53.09:138][  0]LogD3D11RHI:      Driver Date: 3-18-2016
[2017.06.12-13.53.09:138][  0]LogRHI: Texture pool is 1361 MB (70% of 1945 MB)
[2017.06.12-13.53.09:146][  0]LogD3D11RHI: Async texture creation enabled
[2017.06.12-13.53.09:160][  0]LogD3D11RHI: GPU Timing Frequency: 1000.000000 (Debug: 2 2)
[2017.06.12-13.53.09:160][  0]LogShaderCompilers: Guid format shader working directory is -28 characters bigger than the processId version (../../../../../../Users/i7230020.STUDENT.000/Documents/GitHub/MastersProject/Ava/Intermediate/Shaders/WorkingDirectory/52400/).
[2017.06.12-13.53.09:161][  0]LogShaderCompilers: Cleaned the shader compiler working directory 'C:/Users/I72300~1.000/AppData/Local/Temp/UnrealShaderWorkingDir/3512F7FA4C4021F4D4B089A7585F5BCD/'.
[2017.06.12-13.53.09:161][  0]LogShaderCompilers:Display: Using Local Shader Compiler.
[2017.06.12-13.53.10:994][  0]LogTemp:Display: Loaded TP AllDesktopTargetPlatform
[2017.06.12-13.53.11:017][  0]LogTemp:Display: Loaded TP WindowsClientTargetPlatform
[2017.06.12-13.53.11:037][  0]LogTemp:Display: Loaded TP WindowsNoEditorTargetPlatform
[2017.06.12-13.53.11:048][  0]LogTemp:Display: Loaded TP WindowsServerTargetPlatform
[2017.06.12-13.53.11:057][  0]LogTemp:Display: Loaded TP WindowsTargetPlatform
[2017.06.12-13.53.11:066][  0]LogTemp:Display: Loaded TP AndroidTargetPlatform
[2017.06.12-13.53.11:074][  0]LogTemp:Display: Loaded TP Android_ASTCTargetPlatform
[2017.06.12-13.53.11:087][  0]LogTemp:Display: Loaded TP Android_ATCTargetPlatform
[2017.06.12-13.53.11:096][  0]LogTemp:Display: Loaded TP Android_DXTTargetPlatform
[2017.06.12-13.53.11:105][  0]LogTemp:Display: Loaded TP Android_ETC1TargetPlatform
[2017.06.12-13.53.11:123][  0]LogTemp:Display: Loaded TP Android_ETC2TargetPlatform
[2017.06.12-13.53.11:150][  0]LogTemp:Display: Loaded TP Android_MultiTargetPlatform
[2017.06.12-13.53.11:150][  0]LogTemp:Display: Loaded TP Android_PVRTCTargetPlatform
[2017.06.12-13.53.11:152][  0]LogTemp:Display: Loaded TP HTML5TargetPlatform
[2017.06.12-13.53.11:174][  0]LogTemp:Display: Loaded TP IOSTargetPlatform
[2017.06.12-13.53.11:182][  0]LogTemp:Display: Loaded TP TVOSTargetPlatform
[2017.06.12-13.53.11:191][  0]LogTemp:Display: Loaded TP LinuxNoEditorTargetPlatform
[2017.06.12-13.53.11:201][  0]LogTemp:Display: Loaded TP LinuxServerTargetPlatform
[2017.06.12-13.53.11:225][  0]LogTemp:Display: Loaded TP LinuxTargetPlatform
[2017.06.12-13.53.11:225][  0]LogTargetPlatformManager:Display: Building Assets For Windows
[2017.06.12-13.53.11:380][  0]LogDerivedDataCache:Display: Max Cache Size: 512 MB
[2017.06.12-13.53.11:463][  0]LogDerivedDataCache: Loaded boot cache 0.08s 62MB C:/Users/i7230020.STUDENT.000/AppData/Local/UnrealEngine/4.12/DerivedDataCache/Boot.ddc.
[2017.06.12-13.53.11:463][  0]LogDerivedDataCache:Display: Loaded Boot cache: C:/Users/i7230020.STUDENT.000/AppData/Local/UnrealEngine/4.12/DerivedDataCache/Boot.ddc
[2017.06.12-13.53.11:463][  0]LogDerivedDataCache: FDerivedDataBackendGraph:  Pak pak cache file ../../../../../../Users/i7230020.STUDENT.000/Documents/GitHub/MastersProject/Ava/DerivedDataCache/DDC.ddp not found, will not use a pak cache.
[2017.06.12-13.53.11:463][  0]LogDerivedDataCache: Unable to find inner node Pak for hierarchical cache Hierarchy.
[2017.06.12-13.53.11:463][  0]LogDerivedDataCache: FDerivedDataBackendGraph:  CompressedPak pak cache file ../../../../../../Users/i7230020.STUDENT.000/Documents/GitHub/MastersProject/Ava/DerivedDataCache/Compressed.ddp not found, will not use a pak cache.
[2017.06.12-13.53.11:463][  0]LogDerivedDataCache: Unable to find inner node CompressedPak for hierarchical cache Hierarchy.
[2017.06.12-13.53.11:486][  0]LogDerivedDataCache:Display: Pak cache opened for reading ../../../Engine/DerivedDataCache/Compressed.ddp.
[2017.06.12-13.53.11:501][  0]LogDerivedDataCache: Using Local data cache path C:/Users/i7230020.STUDENT.000/AppData/Local/UnrealEngine/Common/DerivedDataCache: Writable
[2017.06.12-13.53.12:564][  0]LogInit: Selected Device Profile: [Windows]
[2017.06.12-13.53.12:565][  0]LogContentStreaming: Texture pool size is 0.00 MB
[2017.06.12-13.53.12:807][  0]LogMeshUtilities: No automatic mesh reduction module available
[2017.06.12-13.53.12:807][  0]LogMeshUtilities: No automatic mesh merging module available
[2017.06.12-13.53.12:807][  0]LogMeshUtilities: No distributed automatic mesh merging module available
[2017.06.12-13.53.13:171][  0]LogAssetRegistry: FAssetRegistry took 0.0198 seconds to start up
[2017.06.12-13.53.13:284][  0]LogPackageLocalizationCache: Processed 4 localized package path(s) for 2 prioritized culture(s) in 0.105763 seconds
[2017.06.12-13.53.13:288][  0]LogUObjectArray: 28739 objects as part of root set at end of initial load.
[2017.06.12-13.53.13:288][  0]LogUObjectAllocator: 5855624 out of 0 bytes used by permanent object pool.
[2017.06.12-13.53.13:288][  0]LogUObjectArray: CloseDisregardForGC: 0/0 objects in disregard for GC pool
[2017.06.12-13.53.13:295][  0]LogInit: WinSock: version 1.1 (2.2), MaxSocks=32767, MaxUdp=65467
[2017.06.12-13.53.13:543][  0]LogSlate: SlateFontCache - WITH_FREETYPE: 1, WITH_HARFBUZZ: 1
[2017.06.12-13.53.13:543][  0]LogSlate: SlateFontCache - WITH_FREETYPE: 1, WITH_HARFBUZZ: 1
[2017.06.12-13.53.15:525][  0]LogUdpMessaging: Initializing bridge on interface 0.0.0.0:0 to multicast group 230.0.0.1:6666.
[2017.06.12-13.53.15:933][  0]SourceControl: Info Source control is disabled
[2017.06.12-13.53.15:936][  0]SourceControl: Info Source control is disabled
[2017.06.12-13.53.15:951][  0]SourceControl: Info Source control is disabled
[2017.06.12-13.53.15:963][  0]SourceControl: Info Source control is disabled
[2017.06.12-13.53.16:198][  0]LogHoudiniEngine: Starting the Houdini Engine module.
[2017.06.12-13.53.16:199][  0]LogHoudiniEngine: Loaded libHAPIL.dll from HFS environment path C:/PROGRA~1/SIDEEF~1/HOUDIN~1.632/bin
[2017.06.12-13.53.16:199][  0]LogLinker:Warning: Asset '../../../Engine/Plugins/Runtime/HoudiniEngine/Content/houdini_logo.uasset' has been saved with empty engine version. The asset will be loaded but may be incompatible.
[2017.06.12-13.53.16:201][  0]LogLinker:Warning: Asset '../../../Engine/Plugins/Runtime/HoudiniEngine/Content/houdini_default_material.uasset' has been saved with empty engine version. The asset will be loaded but may be incompatible.
[2017.06.12-13.53.16:206][  0]LogLinker:Warning: Asset '../../../Engine/Plugins/Runtime/HoudiniEngine/Content/houdini_bgeo_import.uasset' has been saved with empty engine version. The asset will be loaded but may be incompatible.
[2017.06.12-13.53.18:448][  0]LogHoudiniEngine: Successfully initialized the Houdini Engine API module.
[2017.06.12-13.53.18:651][  0]LogEngine: Initializing Engine...
[2017.06.12-13.53.18:682][  0]LogHMD: SteamVR failed to initialize.  Err: 110
[2017.06.12-13.53.18:683][  0]LogHMD: SteamVR failed to initialize.  Err: 110
[2017.06.12-13.53.18:847][  0]LogAIModule: Creating AISystem for world NewWorld
[2017.06.12-13.53.18:886][  0]LogInit: XAudio2 using 'Speakers (Realtek High Definition Audio)' : 2 channels at 48 kHz using 32 bits per sample (channel mask 0x3)
[2017.06.12-13.53.18:904][  0]LogInit: FAudioDevice initialized.
[2017.06.12-13.53.18:940][  0]LogDerivedDataCache: Saved boot cache 0.04s 62MB C:/Users/i7230020.STUDENT.000/AppData/Local/UnrealEngine/4.12/DerivedDataCache/Boot.ddc.
[2017.06.12-13.53.18:947][  0]LogInit: Texture streaming: Enabled
[2017.06.12-13.53.18:975][  0]LogInit: Transaction tracking system initialized
[2017.06.12-13.53.18:996][  0]BlueprintLog: New page: Editor Load
[2017.06.12-13.53.19:093][  0]LocalizationService: Info Localization service is disabled
[2017.06.12-13.53.19:186][  0]LogConsoleResponse:Display: 
[2017.06.12-13.53.19:325][  0]LogCook:Display: Max memory allowance for cook 8192mb
[2017.06.12-13.53.19:325][  0]LogCook:Display: Mobile HDR setting 1
[2017.06.12-13.53.19:445][  0]LogFileCache: Scanning file cache for directory 'C:/Users/i7230020.STUDENT.000/Documents/GitHub/MastersProject/Ava/Content/' took 0.02s
[2017.06.12-13.53.19:445][  0]LogHoudiniEngineEditor: Starting the Houdini Engine Editor module.
[2017.06.12-13.53.19:500][  0]SourceControl: Info Source control is disabled
[2017.06.12-13.53.19:501][  0]Cmd: MAP LOAD FILE="../../../../../../Users/i7230020.STUDENT.000/Documents/GitHub/MastersProject/Ava/Content/StarterContent/Maps/Minimal_Default.umap" TEMPLATE=0 SHOWPROGRESS=1 FEATURELEVEL=3
[2017.06.12-13.53.19:501][  0]LogEditorServer:Warning: Can't find file '../../../../../../Users/i7230020.STUDENT.000/Documents/GitHub/MastersProject/Ava/Content/StarterContent/Maps/Minimal_Default.umap'
[2017.06.12-13.53.19:501][  0]Cmd: MAP CHECKDEP NOCLEARLOG
[2017.06.12-13.53.19:577][  0]MapCheck: Info Map check complete: 0 Error(s), 0 Warning(s), took 76.594ms to complete.
[2017.06.12-13.53.19:578][  0]LogFileHelpers: Loading map 'Minimal_Default' took 0.077
[2017.06.12-13.53.19:686][  0]LogCollectionManager: Loaded 0 collections in 0.001592 seconds
[2017.06.12-13.53.19:730][  0]LogFileCache: Scanning file cache for directory 'C:/Users/i7230020.STUDENT.000/Documents/GitHub/MastersProject/Ava/Saved/Collections/' took 0.01s
[2017.06.12-13.53.19:730][  0]LogFileCache: Scanning file cache for directory 'C:/Users/i7230020.STUDENT.000/Documents/GitHub/MastersProject/Ava/Content/Developers/i7230020/Collections/' took 0.01s
[2017.06.12-13.53.19:730][  0]LogFileCache: Scanning file cache for directory 'C:/Users/i7230020.STUDENT.000/Documents/GitHub/MastersProject/Ava/Content/Collections/' took 0.01s
[2017.06.12-13.53.19:730][  0]LogCollectionManager: Rebuilt the GUID cache for 0 collections in 0.000003 seconds
[2017.06.12-13.53.19:739][  0]LogContentBrowser: Native class hierarchy populated in 0.0092 seconds. Added 2080 classes and 376 folders.
[2017.06.12-13.53.19:742][  0]LogStats: UGameplayTagsManager::ConstructGameplayTagTree: Construct from data asset -  0.000 s
[2017.06.12-13.53.19:742][  0]LogStats: UGameplayTagsManager::ConstructGameplayTagTree: GameplayTagTreeChangedEvent.Broadcast -  0.000 s
[2017.06.12-13.53.19:745][  0]LogContentBrowser: Native class hierarchy updated for 'GameplayTags' in 0.0022 seconds. Added 12 classes and 0 folders.
[2017.06.12-13.53.19:751][  0]LogContentBrowser: Native class hierarchy updated for 'WidgetCarousel' in 0.0021 seconds. Added 0 classes and 0 folders.
[2017.06.12-13.53.19:846][  0]LogContentBrowser: Native class hierarchy updated for 'AddContentDialog' in 0.0027 seconds. Added 0 classes and 0 folders.
[2017.06.12-13.53.19:851][  0]LogContentBrowser: Native class hierarchy updated for 'SceneOutliner' in 0.0022 seconds. Added 1 classes and 2 folders.
[2017.06.12-13.53.19:863][  0]LogCrashTracker: Crashtracker disabled due to settings.
[2017.06.12-13.53.19:874][  0]LogUObjectGlobals:Warning: Failed to find object 'Class None.'
[2017.06.12-13.53.19:902][  0]LogContentBrowser: Native class hierarchy updated for 'HierarchicalLODOutliner' in 0.0022 seconds. Added 1 classes and 2 folders.
[2017.06.12-13.53.19:902][  0]LogLoad: Full Startup: 13.21 seconds (BP compile: 0.03 seconds)
[2017.06.12-13.53.19:902][  0]LogExternalProfiler: Found external profiler: VSPerf
[2017.06.12-13.53.19:902][  0]LogExternalProfiler: Using external profiler: VSPerf
[2017.06.12-13.53.19:915][  0]LogOcInput: OculusInput pre-init called
[2017.06.12-13.53.19:934][  0]LogContentStreaming: Texture pool size now 1000 MB
[2017.06.12-13.53.20:107][  0]LogRenderer: Reallocating scene render targets to support 1776x668 (Frame:2).
[2017.06.12-13.53.20:182][  1]LogAssetRegistry: Asset discovery search completed in 7.0312 seconds
[2017.06.12-13.53.20:182][  1]LogCollectionManager: Rebuilt the object cache for 0 collections in 0.000001 seconds (found 0 objects)
[2017.06.12-13.53.20:182][  1]LogCollectionManager: Fixed up redirectors for 0 collections in 0.000018 seconds (updated 0 objects)
[2017.06.12-13.53.24:376][295]LogPlayLevel: PlayLevel: No blueprints needed recompiling
[2017.06.12-13.53.24:377][295]PIE: New page: SIE session: Untitled_0 (12 Jun 2017 14:53:24)
[2017.06.12-13.53.24:378][295]LogPlayLevel: Creating play world package: /Temp/UEDPIE_0_Untitled_0
[2017.06.12-13.53.24:378][295]LogPlayLevel: PIE: StaticDuplicateObject took: (0.000612s)
[2017.06.12-13.53.24:379][295]LogAIModule: Creating AISystem for world NewWorld
[2017.06.12-13.53.24:379][295]LogPlayLevel: PIE: World Init took: (0.000603s)
[2017.06.12-13.53.24:380][295]LogPlayLevel: PIE: Created PIE world by copying editor world from /Temp/Untitled_0.NewWorld to /Temp/UEDPIE_0_Untitled_0.NewWorld (0.002723s)
[2017.06.12-13.53.24:396][295]LogInit: XAudio2 using 'Speakers (Realtek High Definition Audio)' : 2 channels at 48 kHz using 32 bits per sample (channel mask 0x3)
[2017.06.12-13.53.24:406][295]LogInit: FAudioDevice initialized.
[2017.06.12-13.53.24:464][295]LogWorld: Game class is 'AvaGameMode'
[2017.06.12-13.53.24:466][295]LogWorld: Bringing World /Temp/UEDPIE_0_Untitled_0.NewWorld up for play (max tick rate 0) at 2017.06.12-14.53.24
[2017.06.12-13.53.24:466][295]LogWorld: Bringing up level for play took: 0.001164
[2017.06.12-13.53.24:468][295]LogGameMode: Warning - PATHS NOT DEFINED or NO PLAYERSTART with positive rating
[2017.06.12-13.53.24:473][295]LogContentBrowser: Native class hierarchy updated for 'MovieSceneCapture' in 0.0025 seconds. Added 11 classes and 0 folders.
[2017.06.12-13.53.24:474][295]PIE: Info Play in editor start time for /Temp/UEDPIE_0_Untitled_0 -0.226
[2017.06.12-13.53.25:175][330]Cmd: SELECT NONE
[2017.06.12-13.53.30:984][727]LogBlueprint:Warning: Compiler Warning InputAction Event references unknown Action 'Crouch' for  InputAction Crouch 
[2017.06.12-13.53.30:989][727]LogBlueprint:Warning: Compiler Warning [0024.29] Compile of Ue4ASP_Character successful, but with 1 Warning(s) [in 16 ms] (/Game/AnimStarterPack/Ue4ASP_Character.Ue4ASP_Character)
[2017.06.12-13.53.30:990][727]LogBlueprint:Warning: Compiler Warning [0024.29] Compile of Ue4ASP_Character successful, but with 2 Warning(s) [in 0 ms] (/Game/AnimStarterPack/Ue4ASP_Character.Ue4ASP_Character)
[2017.06.12-13.53.30:990][727]LogBlueprint:Warning: Compiler Warning [0024.29] Compile of Ue4ASP_Character successful, but with 3 Warning(s) [in 0 ms] (/Game/AnimStarterPack/Ue4ASP_Character.Ue4ASP_Character)
[2017.06.12-13.53.31:103][727]LogBlueprint:Warning: Compiler Warning InputAction Event references unknown Action 'Crouch' for  InputAction Crouch 
[2017.06.12-13.53.31:109][727]LogBlueprint:Warning: Compiler Warning [0024.41] Compile of Ue4ASP_Character successful, but with 1 Warning(s) [in 13 ms] (/Game/AnimStarterPack/Ue4ASP_Character.Ue4ASP_Character)
[2017.06.12-13.53.31:109][727]LogBlueprint:Warning: Compiler Warning [0024.41] Compile of Ue4ASP_Character successful, but with 2 Warning(s) [in 0 ms] (/Game/AnimStarterPack/Ue4ASP_Character.Ue4ASP_Character)
[2017.06.12-13.53.31:111][727]LogBlueprint:Warning: Compiler Warning [0024.42] Compile of Ue4ASP_Character successful, but with 3 Warning(s) [in 1 ms] (/Game/AnimStarterPack/Ue4ASP_Character.Ue4ASP_Character)
[2017.06.12-13.53.31:729][727]LogAIModule: Creating AISystem for world Palace_Level
[2017.06.12-13.53.31:785][727]Cmd: MAP LOAD FILE="../../../../../../Users/i7230020.STUDENT.000/Documents/GitHub/MastersProject/Ava/Content/Ava/Maps/Palace_Level.umap" TEMPLATE=0 SHOWPROGRESS=1 FEATURELEVEL=3
[2017.06.12-13.53.31:785][727]LightingResults: New page: Lighting Build
[2017.06.12-13.53.31:790][727]LogContentBrowser: Native class hierarchy updated for 'StatsViewer' in 0.0023 seconds. Added 5 classes and 0 folders.
[2017.06.12-13.53.31:790][727]LoadErrors: New page: Loading map: Palace_Level.umap
[2017.06.12-13.53.31:791][727]MapCheck: New page: Map Check
[2017.06.12-13.53.31:791][727]LightingResults: New page: Lighting Build
[2017.06.12-13.53.31:818][727]LogEditorServer: Finished looking for orphan Actors (0.000 secs)
[2017.06.12-13.53.31:842][727]Cmd: MAP CHECKDEP NOCLEARLOG
[2017.06.12-13.53.31:940][727]MapCheck: Info Map check complete: 0 Error(s), 0 Warning(s), took 97.837ms to complete.
[2017.06.12-13.53.31:940][727]LogFileHelpers: Loading map 'Palace_Level' took 0.156
[2017.06.12-13.53.34:383][874]LogBlueprintUserMessages: Early PlayInEditor Detection: Level '/Game/Ava/Maps/Palace_Level.Palace_Level:PersistentLevel' has LevelScriptBlueprint '/Game/Ava/Maps/Palace_Level.Palace_Level:PersistentLevel.Palace_Level' with GeneratedClass '/Game/Ava/Maps/Palace_Level.Palace_Level_C' with ClassGeneratedBy '/Game/Ava/Maps/Palace_Level.Palace_Level:PersistentLevel.Palace_Level'
[2017.06.12-13.53.34:383][874]LogPlayLevel: PlayLevel: No blueprints needed recompiling
[2017.06.12-13.53.34:383][874]PIE: New page: SIE session: Palace_Level (12 Jun 2017 14:53:34)
[2017.06.12-13.53.34:383][874]LogPlayLevel: Creating play world package: /Game/Ava/Maps/UEDPIE_0_Palace_Level
[2017.06.12-13.53.34:441][874]LogPlayLevel: PIE: StaticDuplicateObject took: (0.058564s)
[2017.06.12-13.53.34:442][874]LogAIModule: Creating AISystem for world Palace_Level
[2017.06.12-13.53.34:442][874]LogPlayLevel: PIE: World Init took: (0.000710s)
[2017.06.12-13.53.34:442][874]LogPlayLevel: PIE: Created PIE world by copying editor world from /Game/Ava/Maps/Palace_Level.Palace_Level to /Game/Ava/Maps/UEDPIE_0_Palace_Level.Palace_Level (0.059649s)
[2017.06.12-13.53.34:453][874]LogInit: XAudio2 using 'Speakers (Realtek High Definition Audio)' : 2 channels at 48 kHz using 32 bits per sample (channel mask 0x3)
[2017.06.12-13.53.34:460][874]LogInit: FAudioDevice initialized.
[2017.06.12-13.53.34:528][874]LogWorld: Game class is 'AvaGameMode'
[2017.06.12-13.53.34:659][874]LogWorld: Bringing World /Game/Ava/Maps/UEDPIE_0_Palace_Level.Palace_Level up for play (max tick rate 0) at 2017.06.12-14.53.34
[2017.06.12-13.53.34:661][874]LogWorld: Bringing up level for play took: 0.131706
[2017.06.12-13.53.34:664][874]PIE: Info Play in editor start time for /Game/Ava/Maps/UEDPIE_0_Palace_Level -0.036
[2017.06.12-13.53.34:665][874]LogBlueprintUserMessages: Late PlayInEditor Detection: Level '/Game/Ava/Maps/Palace_Level.Palace_Level:PersistentLevel' has LevelScriptBlueprint '/Game/Ava/Maps/Palace_Level.Palace_Level:PersistentLevel.Palace_Level' with GeneratedClass '/Game/Ava/Maps/Palace_Level.Palace_Level_C' with ClassGeneratedBy '/Game/Ava/Maps/Palace_Level.Palace_Level:PersistentLevel.Palace_Level'
[2017.06.12-13.54.13:554][173]LogBlueprintUserMessages: Early EndPlayMap Detection: Level '/Game/Ava/Maps/Palace_Level.Palace_Level:PersistentLevel' has LevelScriptBlueprint '/Game/Ava/Maps/Palace_Level.Palace_Level:PersistentLevel.Palace_Level' with GeneratedClass '/Game/Ava/Maps/Palace_Level.Palace_Level_C' with ClassGeneratedBy '/Game/Ava/Maps/Palace_Level.Palace_Level:PersistentLevel.Palace_Level'
[2017.06.12-13.54.13:593][173]LogBlueprintUserMessages: Late EndPlayMap Detection: Level '/Game/Ava/Maps/Palace_Level.Palace_Level:PersistentLevel' has LevelScriptBlueprint '/Game/Ava/Maps/Palace_Level.Palace_Level:PersistentLevel.Palace_Level' with GeneratedClass '/Game/Ava/Maps/Palace_Level.Palace_Level_C' with ClassGeneratedBy '/Game/Ava/Maps/Palace_Level.Palace_Level:PersistentLevel.Palace_Level'
[2017.06.12-14.40.38:579][745]LogBlueprintUserMessages: Early PlayInEditor Detection: Level '/Game/Ava/Maps/Palace_Level.Palace_Level:PersistentLevel' has LevelScriptBlueprint '/Game/Ava/Maps/Palace_Level.Palace_Level:PersistentLevel.Palace_Level' with GeneratedClass '/Game/Ava/Maps/Palace_Level.Palace_Level_C' with ClassGeneratedBy '/Game/Ava/Maps/Palace_Level.Palace_Level:PersistentLevel.Palace_Level'
[2017.06.12-14.40.38:579][745]LogPlayLevel: PlayLevel: No blueprints needed recompiling
[2017.06.12-14.40.38:579][745]PIE: New page: SIE session: Palace_Level (12 Jun 2017 15:40:38)
[2017.06.12-14.40.38:579][745]LogPlayLevel: Creating play world package: /Game/Ava/Maps/UEDPIE_0_Palace_Level
[2017.06.12-14.40.38:656][745]LogPlayLevel: PIE: StaticDuplicateObject took: (0.075545s)
[2017.06.12-14.40.38:657][745]LogAIModule: Creating AISystem for world Palace_Level
[2017.06.12-14.40.38:657][745]LogPlayLevel: PIE: World Init took: (0.000821s)
[2017.06.12-14.40.38:657][745]LogPlayLevel: PIE: Created PIE world by copying editor world from /Game/Ava/Maps/Palace_Level.Palace_Level to /Game/Ava/Maps/UEDPIE_0_Palace_Level.Palace_Level (0.076741s)
[2017.06.12-14.40.38:668][745]LogInit: XAudio2 using 'Speakers (Realtek High Definition Audio)' : 2 channels at 48 kHz using 32 bits per sample (channel mask 0x3)
[2017.06.12-14.40.38:676][745]LogInit: FAudioDevice initialized.
[2017.06.12-14.40.38:726][745]LogWorld: Game class is 'AvaGameMode'
[2017.06.12-14.40.38:825][745]LogWorld: Bringing World /Game/Ava/Maps/UEDPIE_0_Palace_Level.Palace_Level up for play (max tick rate 0) at 2017.06.12-15.40.38
[2017.06.12-14.40.38:827][745]LogWorld: Bringing up level for play took: 0.100465
[2017.06.12-14.40.38:830][745]PIE: Info Play in editor start time for /Game/Ava/Maps/UEDPIE_0_Palace_Level -0.656
[2017.06.12-14.40.38:832][745]LogBlueprintUserMessages: Late PlayInEditor Detection: Level '/Game/Ava/Maps/Palace_Level.Palace_Level:PersistentLevel' has LevelScriptBlueprint '/Game/Ava/Maps/Palace_Level.Palace_Level:PersistentLevel.Palace_Level' with GeneratedClass '/Game/Ava/Maps/Palace_Level.Palace_Level_C' with ClassGeneratedBy '/Game/Ava/Maps/Palace_Level.Palace_Level:PersistentLevel.Palace_Level'
[2017.06.12-14.41.37:868][310]LogBlueprintUserMessages: Early EndPlayMap Detection: Level '/Game/Ava/Maps/Palace_Level.Palace_Level:PersistentLevel' has LevelScriptBlueprint '/Game/Ava/Maps/Palace_Level.Palace_Level:PersistentLevel.Palace_Level' with GeneratedClass '/Game/Ava/Maps/Palace_Level.Palace_Level_C' with ClassGeneratedBy '/Game/Ava/Maps/Palace_Level.Palace_Level:PersistentLevel.Palace_Level'
[2017.06.12-14.41.37:907][310]LogBlueprintUserMessages: Late EndPlayMap Detection: Level '/Game/Ava/Maps/Palace_Level.Palace_Level:PersistentLevel' has LevelScriptBlueprint '/Game/Ava/Maps/Palace_Level.Palace_Level:PersistentLevel.Palace_Level' with GeneratedClass '/Game/Ava/Maps/Palace_Level.Palace_Level_C' with ClassGeneratedBy '/Game/Ava/Maps/Palace_Level.Palace_Level:PersistentLevel.Palace_Level'
[2017.06.12-14.41.58:448][369]LogBlueprintUserMessages: Early PlayInEditor Detection: Level '/Game/Ava/Maps/Palace_Level.Palace_Level:PersistentLevel' has LevelScriptBlueprint '/Game/Ava/Maps/Palace_Level.Palace_Level:PersistentLevel.Palace_Level' with GeneratedClass '/Game/Ava/Maps/Palace_Level.Palace_Level_C' with ClassGeneratedBy '/Game/Ava/Maps/Palace_Level.Palace_Level:PersistentLevel.Palace_Level'
[2017.06.12-14.41.58:448][369]LogPlayLevel: PlayLevel: No blueprints needed recompiling
[2017.06.12-14.41.58:449][369]PIE: New page: SIE session: Palace_Level (12 Jun 2017 15:41:58)
[2017.06.12-14.41.58:449][369]LogPlayLevel: Creating play world package: /Game/Ava/Maps/UEDPIE_0_Palace_Level
[2017.06.12-14.41.58:519][369]LogPlayLevel: PIE: StaticDuplicateObject took: (0.069983s)
[2017.06.12-14.41.58:519][369]LogAIModule: Creating AISystem for world Palace_Level
[2017.06.12-14.41.58:520][369]LogPlayLevel: PIE: World Init took: (0.000867s)
[2017.06.12-14.41.58:520][369]LogPlayLevel: PIE: Created PIE world by copying editor world from /Game/Ava/Maps/Palace_Level.Palace_Level to /Game/Ava/Maps/UEDPIE_0_Palace_Level.Palace_Level (0.071207s)
[2017.06.12-14.41.58:531][369]LogInit: XAudio2 using 'Speakers (Realtek High Definition Audio)' : 2 channels at 48 kHz using 32 bits per sample (channel mask 0x3)
[2017.06.12-14.41.58:541][369]LogInit: FAudioDevice initialized.
[2017.06.12-14.41.58:598][369]LogWorld: Game class is 'AvaGameMode'
[2017.06.12-14.41.58:710][369]LogWorld: Bringing World /Game/Ava/Maps/UEDPIE_0_Palace_Level.Palace_Level up for play (max tick rate 0) at 2017.06.12-15.41.58
[2017.06.12-14.41.58:712][369]LogWorld: Bringing up level for play took: 0.112604
[2017.06.12-14.41.58:715][369]PIE: Info Play in editor start time for /Game/Ava/Maps/UEDPIE_0_Palace_Level 0.961
[2017.06.12-14.41.58:717][369]LogBlueprintUserMessages: Late PlayInEditor Detection: Level '/Game/Ava/Maps/Palace_Level.Palace_Level:PersistentLevel' has LevelScriptBlueprint '/Game/Ava/Maps/Palace_Level.Palace_Level:PersistentLevel.Palace_Level' with GeneratedClass '/Game/Ava/Maps/Palace_Level.Palace_Level_C' with ClassGeneratedBy '/Game/Ava/Maps/Palace_Level.Palace_Level:PersistentLevel.Palace_Level'
[2017.06.12-14.42.53:376][432]LogBlueprintUserMessages: Early EndPlayMap Detection: Level '/Game/Ava/Maps/Palace_Level.Palace_Level:PersistentLevel' has LevelScriptBlueprint '/Game/Ava/Maps/Palace_Level.Palace_Level:PersistentLevel.Palace_Level' with GeneratedClass '/Game/Ava/Maps/Palace_Level.Palace_Level_C' with ClassGeneratedBy '/Game/Ava/Maps/Palace_Level.Palace_Level:PersistentLevel.Palace_Level'
[2017.06.12-14.42.53:416][432]LogBlueprintUserMessages: Late EndPlayMap Detection: Level '/Game/Ava/Maps/Palace_Level.Palace_Level:PersistentLevel' has LevelScriptBlueprint '/Game/Ava/Maps/Palace_Level.Palace_Level:PersistentLevel.Palace_Level' with GeneratedClass '/Game/Ava/Maps/Palace_Level.Palace_Level_C' with ClassGeneratedBy '/Game/Ava/Maps/Palace_Level.Palace_Level:PersistentLevel.Palace_Level'
[2017.06.12-14.43.10:640][312]LogBlueprintUserMessages: Early PlayInEditor Detection: Level '/Game/Ava/Maps/Palace_Level.Palace_Level:PersistentLevel' has LevelScriptBlueprint '/Game/Ava/Maps/Palace_Level.Palace_Level:PersistentLevel.Palace_Level' with GeneratedClass '/Game/Ava/Maps/Palace_Level.Palace_Level_C' with ClassGeneratedBy '/Game/Ava/Maps/Palace_Level.Palace_Level:PersistentLevel.Palace_Level'
[2017.06.12-14.43.10:640][312]LogPlayLevel: PlayLevel: No blueprints needed recompiling
[2017.06.12-14.43.10:640][312]PIE: New page: SIE session: Palace_Level (12 Jun 2017 15:43:10)
[2017.06.12-14.43.10:641][312]LogPlayLevel: Creating play world package: /Game/Ava/Maps/UEDPIE_0_Palace_Level
[2017.06.12-14.43.10:698][312]LogPlayLevel: PIE: StaticDuplicateObject took: (0.056931s)
[2017.06.12-14.43.10:698][312]LogAIModule: Creating AISystem for world Palace_Level
[2017.06.12-14.43.10:698][312]LogPlayLevel: PIE: World Init took: (0.000739s)
[2017.06.12-14.43.10:699][312]LogPlayLevel: PIE: Created PIE world by copying editor world from /Game/Ava/Maps/Palace_Level.Palace_Level to /Game/Ava/Maps/UEDPIE_0_Palace_Level.Palace_Level (0.058003s)
[2017.06.12-14.43.10:709][312]LogInit: XAudio2 using 'Speakers (Realtek High Definition Audio)' : 2 channels at 48 kHz using 32 bits per sample (channel mask 0x3)
[2017.06.12-14.43.10:718][312]LogInit: FAudioDevice initialized.
[2017.06.12-14.43.10:769][312]LogWorld: Game class is 'AvaGameMode'
[2017.06.12-14.43.10:878][312]LogWorld: Bringing World /Game/Ava/Maps/UEDPIE_0_Palace_Level.Palace_Level up for play (max tick rate 0) at 2017.06.12-15.43.10
[2017.06.12-14.43.10:880][312]LogWorld: Bringing up level for play took: 0.110432
[2017.06.12-14.43.10:883][312]PIE: Info Play in editor start time for /Game/Ava/Maps/UEDPIE_0_Palace_Level 1.031
[2017.06.12-14.43.10:885][312]LogBlueprintUserMessages: Late PlayInEditor Detection: Level '/Game/Ava/Maps/Palace_Level.Palace_Level:PersistentLevel' has LevelScriptBlueprint '/Game/Ava/Maps/Palace_Level.Palace_Level:PersistentLevel.Palace_Level' with GeneratedClass '/Game/Ava/Maps/Palace_Level.Palace_Level_C' with ClassGeneratedBy '/Game/Ava/Maps/Palace_Level.Palace_Level:PersistentLevel.Palace_Level'
[2017.06.12-14.46.46:602][784]LogBlueprintUserMessages: Early EndPlayMap Detection: Level '/Game/Ava/Maps/Palace_Level.Palace_Level:PersistentLevel' has LevelScriptBlueprint '/Game/Ava/Maps/Palace_Level.Palace_Level:PersistentLevel.Palace_Level' with GeneratedClass '/Game/Ava/Maps/Palace_Level.Palace_Level_C' with ClassGeneratedBy '/Game/Ava/Maps/Palace_Level.Palace_Level:PersistentLevel.Palace_Level'
[2017.06.12-14.46.46:640][784]LogBlueprintUserMessages: Late EndPlayMap Detection: Level '/Game/Ava/Maps/Palace_Level.Palace_Level:PersistentLevel' has LevelScriptBlueprint '/Game/Ava/Maps/Palace_Level.Palace_Level:PersistentLevel.Palace_Level' with GeneratedClass '/Game/Ava/Maps/Palace_Level.Palace_Level_C' with ClassGeneratedBy '/Game/Ava/Maps/Palace_Level.Palace_Level:PersistentLevel.Palace_Level'
[2017.06.12-14.52.20:530][ 95]LogEditorViewport: Clicking on Actor (LMB): MainCharacter (MainCharacter1)
[2017.06.12-14.52.21:157][111]Cmd: CAMERA ALIGN ACTIVEVIEWPORTONLY
[2017.06.12-14.52.44:105][271]LogEditorViewport: Clicking on Actor (LMB): PlayerStart (Player Start)
[2017.06.12-14.52.45:529][352]LogNavigationPoint: PostEditMove Clear paths rebuilt
[2017.06.12-14.52.46:113][388]LogEditorViewport: Clicking on Actor (LMB): MainCharacter (MainCharacter1)
[2017.06.12-14.52.50:156][597]LogEditorViewport: Clicking on Actor (LMB): MainCharacter (MainCharacter1)
[2017.06.12-14.54.01:628][424]LogSavePackage: Save=949.35ms
[2017.06.12-14.54.01:628][424]LogSavePackage: Moving '../../../../../../Users/i7230020.STUDENT.000/Documents/GitHub/MastersProject/Ava/Saved/Palace_Level6E8056B544427A2E01F1FC9962359B83.tmp' to '../../../../../../Users/i7230020.STUDENT.000/Documents/GitHub/MastersProject/Ava/Content/Ava/Maps/Palace_Level.umap'
[2017.06.12-14.54.01:636][424]LogSavePackage:Display: Finished SavePackage ../../../../../../Users/i7230020.STUDENT.000/Documents/GitHub/MastersProject/Ava/Content/Ava/Maps/Palace_Level.umap
[2017.06.12-14.54.01:658][424]LogFileHelpers: Saving map 'Palace_Level' took 1.248
[2017.06.12-14.54.02:503][454]Cmd: QUIT_EDITOR
[2017.06.12-14.54.02:585][454]LogExit: Preparing to exit.
[2017.06.12-14.54.03:390][454]LogHoudiniEngine: HAPI Synchronous Deletion of  Started. HoudiniAsset = 0x0, 
[2017.06.12-14.54.03:394][454]LogExit: Editor shut down
[2017.06.12-14.54.03:395][454]LogExit: Transaction tracking system shut down
[2017.06.12-14.54.03:502][454]LogObj: Freed 0b from 0 cluster array pools.
[2017.06.12-14.54.03:502][454]LogExit: Object subsystem successfully closed.
[2017.06.12-14.54.03:518][454]LogD3D11RHI: Shutdown
[2017.06.12-14.54.03:518][454]LogD3D11RHI: CleanupD3DDevice
[2017.06.12-14.54.03:584][454]LogD3D11RHI: ~FD3D11DynamicRHI
[2017.06.12-14.54.03:609][454]LogModuleManager: Shutting down and abandoning module ExternalImagePicker (218)
[2017.06.12-14.54.03:609][454]LogModuleManager: Shutting down and abandoning module StatsViewer (217)
[2017.06.12-14.54.03:609][454]LogModuleManager: Shutting down and abandoning module MovieSceneCapture (216)
[2017.06.12-14.54.03:609][454]LogModuleManager: Shutting down and abandoning module HierarchicalLODOutliner (215)
[2017.06.12-14.54.03:609][454]LogModuleManager: Shutting down and abandoning module CrashTracker (214)
[2017.06.12-14.54.03:609][454]LogModuleManager: Shutting down and abandoning module SceneOutliner (213)
[2017.06.12-14.54.03:609][454]LogModuleManager: Shutting down and abandoning module WidgetCarousel (212)
[2017.06.12-14.54.03:609][454]LogModuleManager: Shutting down and abandoning module AddContentDialog (211)
[2017.06.12-14.54.03:614][454]LogModuleManager: Shutting down and abandoning module GameplayTags (210)
[2017.06.12-14.54.03:614][454]LogModuleManager: Shutting down and abandoning module EditorWidgets (209)
[2017.06.12-14.54.03:614][454]LogModuleManager: Shutting down and abandoning module CollectionManager (208)
[2017.06.12-14.54.03:614][454]LogModuleManager: Shutting down and abandoning module FoliageEdit (207)
[2017.06.12-14.54.03:614][454]LogModuleManager: Shutting down and abandoning module LandscapeEditor (206)
[2017.06.12-14.54.03:614][454]LogModuleManager: Shutting down and abandoning module SceneDepthPickerMode (205)
[2017.06.12-14.54.03:614][454]LogModuleManager: Shutting down and abandoning module ActorPickerMode (204)
[2017.06.12-14.54.03:614][454]LogModuleManager: Shutting down and abandoning module GeometryMode (203)
[2017.06.12-14.54.03:614][454]LogModuleManager: Shutting down and abandoning module TextureAlignMode (202)
[2017.06.12-14.54.03:614][454]LogModuleManager: Shutting down and abandoning module BspMode (201)
[2017.06.12-14.54.03:614][454]LogModuleManager: Shutting down and abandoning module HardwareSurvey (200)
[2017.06.12-14.54.03:615][454]LogModuleManager: Shutting down and abandoning module SequenceRecorderSections (199)
[2017.06.12-14.54.03:615][454]LogModuleManager: Shutting down and abandoning module SequenceRecorder (198)
[2017.06.12-14.54.03:615][454]LogModuleManager: Shutting down and abandoning module AutomationWorker (197)
[2017.06.12-14.54.03:615][454]LogModuleManager: Shutting down and abandoning module HoudiniEngineEditor (196)
[2017.06.12-14.54.03:615][454]LogHoudiniEngineEditor: Shutting down the Houdini Engine Editor module.
[2017.06.12-14.54.03:615][454]LogModuleManager: Shutting down and abandoning module MatineeToLevelSequence (195)
[2017.06.12-14.54.03:615][454]LogModuleManager: Shutting down and abandoning module PlacementMode (194)
[2017.06.12-14.54.03:615][454]LogModuleManager: Shutting down and abandoning module LevelSequenceEditor (193)
[2017.06.12-14.54.03:615][454]LogModuleManager: Shutting down and abandoning module CharacterAI (192)
[2017.06.12-14.54.03:615][454]LogModuleManager: Shutting down and abandoning module SmartSnapping (191)
[2017.06.12-14.54.03:615][454]LogModuleManager: Shutting down and abandoning module SessionServices (190)
[2017.06.12-14.54.03:615][454]LogModuleManager: Shutting down and abandoning module ViewportSnapping (189)
[2017.06.12-14.54.03:615][454]LogModuleManager: Shutting down and abandoning module LogVisualizer (188)
[2017.06.12-14.54.03:615][454]LogModuleManager: Shutting down and abandoning module GameProjectGeneration (187)
[2017.06.12-14.54.03:615][454]LogModuleManager: Shutting down and abandoning module IntroTutorials (186)
[2017.06.12-14.54.03:615][454]LogModuleManager: Shutting down and abandoning module EditorLiveStreaming (185)
[2017.06.12-14.54.03:615][454]LogModuleManager: Shutting down and abandoning module IOSPlatformEditor (184)
[2017.06.12-14.54.03:615][454]LogModuleManager: Shutting down and abandoning module HTML5PlatformEditor (183)
[2017.06.12-14.54.03:615][454]LogModuleManager: Shutting down and abandoning module AndroidDeviceDetection (182)
[2017.06.12-14.54.03:947][454]LogModuleManager: Shutting down and abandoning module AndroidPlatformEditor (181)
[2017.06.12-14.54.03:947][454]LogModuleManager: Shutting down and abandoning module IOSRuntimeSettings (180)
[2017.06.12-14.54.03:947][454]LogModuleManager: Shutting down and abandoning module AndroidRuntimeSettings (179)
[2017.06.12-14.54.03:947][454]LogModuleManager: Shutting down and abandoning module MergeActors (178)
[2017.06.12-14.54.03:947][454]LogModuleManager: Shutting down and abandoning module SizeMap (177)
[2017.06.12-14.54.03:947][454]LogModuleManager: Shutting down and abandoning module TreeMap (176)
[2017.06.12-14.54.03:947][454]LogModuleManager: Shutting down and abandoning module ReferenceViewer (175)
[2017.06.12-14.54.03:947][454]LogModuleManager: Shutting down and abandoning module LocalizationService (174)
[2017.06.12-14.54.03:947][454]LogModuleManager: Shutting down and abandoning module LocalizationDashboard (173)
[2017.06.12-14.54.03:947][454]LogModuleManager: Shutting down and abandoning module HardwareTargeting (172)
[2017.06.12-14.54.03:947][454]LogModuleManager: Shutting down and abandoning module DeviceProfileEditor (171)
[2017.06.12-14.54.03:947][454]LogModuleManager: Shutting down and abandoning module UndoHistory (170)
[2017.06.12-14.54.03:947][454]LogModuleManager: Shutting down and abandoning module UserFeedback (169)
[2017.06.12-14.54.03:947][454]LogModuleManager: Shutting down and abandoning module XmlParser (168)
[2017.06.12-14.54.03:947][454]LogModuleManager: Shutting down and abandoning module Blutility (167)
[2017.06.12-14.54.03:947][454]LogModuleManager: Shutting down and abandoning module ProjectTargetPlatformEditor (166)
[2017.06.12-14.54.03:947][454]LogModuleManager: Shutting down and abandoning module ProjectSettingsViewer (165)
[2017.06.12-14.54.03:947][454]LogModuleManager: Shutting down and abandoning module InputBindingEditor (164)
[2017.06.12-14.54.03:948][454]LogModuleManager: Shutting down and abandoning module EditorSettingsViewer (163)
[2017.06.12-14.54.03:948][454]LogModuleManager: Shutting down and abandoning module SettingsEditor (162)
[2017.06.12-14.54.03:948][454]LogModuleManager: Shutting down and abandoning module ProjectLauncher (161)
[2017.06.12-14.54.03:948][454]LogModuleManager: Shutting down and abandoning module SessionFrontend (160)
[2017.06.12-14.54.03:948][454]LogModuleManager: Shutting down and abandoning module ProfilerClient (159)
[2017.06.12-14.54.03:948][454]LogModuleManager: Shutting down and abandoning module TargetDeviceServices (158)
[2017.06.12-14.54.03:948][454]LogModuleManager: Shutting down and abandoning module DeviceManager (157)
[2017.06.12-14.54.03:998][454]LogModuleManager: Shutting down and abandoning module AutomationController (156)
[2017.06.12-14.54.03:998][454]LogModuleManager: Shutting down and abandoning module AutomationWindow (155)
[2017.06.12-14.54.03:998][454]LogModuleManager: Shutting down and abandoning module Layers (154)
[2017.06.12-14.54.03:998][454]LogModuleManager: Shutting down and abandoning module ComponentVisualizers (153)
[2017.06.12-14.54.03:998][454]LogModuleManager: Shutting down and abandoning module DetailCustomizations (152)
[2017.06.12-14.54.03:998][454]LogModuleManager: Shutting down and abandoning module PackagesDialog (151)
[2017.06.12-14.54.03:998][454]LogModuleManager: Shutting down and abandoning module Persona (150)
[2017.06.12-14.54.03:998][454]LogModuleManager: Shutting down and abandoning module Kismet (149)
[2017.06.12-14.54.03:998][454]LogModuleManager: Shutting down and abandoning module GraphEditor (148)
[2017.06.12-14.54.03:998][454]LogModuleManager: Shutting down and abandoning module ClassViewer (147)
[2017.06.12-14.54.03:998][454]LogModuleManager: Shutting down and abandoning module Toolbox (146)
[2017.06.12-14.54.03:998][454]LogModuleManager: Shutting down and abandoning module ModuleUI (145)
[2017.06.12-14.54.03:998][454]LogModuleManager: Shutting down and abandoning module MovieSceneTools (144)
[2017.06.12-14.54.03:998][454]LogModuleManager: Shutting down and abandoning module OutputLog (143)
[2017.06.12-14.54.03:998][454]LogModuleManager: Shutting down and abandoning module GammaUI (142)
[2017.06.12-14.54.03:998][454]LogModuleManager: Shutting down and abandoning module Documentation (141)
[2017.06.12-14.54.03:998][454]LogModuleManager: Shutting down and abandoning module StreamingPauseRendering (140)
[2017.06.12-14.54.03:998][454]LogModuleManager: Shutting down and abandoning module AnalyticsET (139)
[2017.06.12-14.54.03:998][454]LogModuleManager: Shutting down and abandoning module Analytics (138)
[2017.06.12-14.54.03:998][454]LogModuleManager: Shutting down and abandoning module PortalServices (137)
[2017.06.12-14.54.03:998][454]LogModuleManager: Shutting down and abandoning module PortalRpc (136)
[2017.06.12-14.54.03:998][454]LogModuleManager: Shutting down and abandoning module MessagingRpc (135)
[2017.06.12-14.54.03:998][454]LogModuleManager: Shutting down and abandoning module GameplayDebugger (134)
[2017.06.12-14.54.03:998][454]LogModuleManager: Shutting down and abandoning module AITestSuite (133)
[2017.06.12-14.54.03:998][454]LogModuleManager: Shutting down and abandoning module AIModule (132)
[2017.06.12-14.54.03:998][454]LogModuleManager: Shutting down and abandoning module ProfilerService (131)
[2017.06.12-14.54.04:188][454]LogModuleManager: Shutting down and abandoning module TaskGraph (130)
[2017.06.12-14.54.04:188][454]LogModuleManager: Shutting down and abandoning module SlateRemote (129)
[2017.06.12-14.54.04:188][454]LogModuleManager: Shutting down and abandoning module SteamVRController (128)
[2017.06.12-14.54.04:188][454]LogModuleManager: Shutting down and abandoning module SteamVR (127)
[2017.06.12-14.54.04:188][454]LogModuleManager: Shutting down and abandoning module ProceduralMeshComponent (126)
[2017.06.12-14.54.04:188][454]LogModuleManager: Shutting down and abandoning module OculusLibrary (125)
[2017.06.12-14.54.04:188][454]LogModuleManager: Shutting down and abandoning module OculusInput (124)
[2017.06.12-14.54.04:188][454]LogModuleManager: Shutting down and abandoning module HoudiniEngineRuntime (123)
[2017.06.12-14.54.04:188][454]LogHoudiniEngine: Shutting down the Houdini Engine module.
[2017.06.12-14.54.04:188][454]LogUObjectArray:Warning: Invalid object index -572662307
[2017.06.12-14.54.04:188][454]LogUObjectArray:Warning: Invalid object index -572662307
[2017.06.12-14.54.04:188][454]LogUObjectArray:Warning: Invalid object index -572662307
[2017.06.12-14.54.04:188][454]LogUObjectArray:Warning: Invalid object index -572662307
[2017.06.12-14.54.04:191][454]LogModuleManager: Shutting down and abandoning module CustomMeshComponent (122)
[2017.06.12-14.54.04:191][454]LogModuleManager: Shutting down and abandoning module CableComponent (121)
[2017.06.12-14.54.04:191][454]LogModuleManager: Shutting down and abandoning module ArchVisCharacter (120)
[2017.06.12-14.54.04:191][454]LogModuleManager: Shutting down and abandoning module MediaPlayerEditor (119)
[2017.06.12-14.54.04:192][454]LogModuleManager: Shutting down and abandoning module HTML5Networking (118)
[2017.06.12-14.54.04:192][454]LogModuleManager: Shutting down and abandoning module SuperSearch (117)
[2017.06.12-14.54.04:192][454]LogModuleManager: Shutting down and abandoning module SuperSearchEditor (116)
[2017.06.12-14.54.04:192][454]LogModuleManager: Shutting down and abandoning module SpeedTreeImporter (115)
[2017.06.12-14.54.04:192][454]LogModuleManager: Shutting down and abandoning module PluginBrowser (114)
[2017.06.12-14.54.04:192][454]LogModuleManager: Shutting down and abandoning module EpicSurvey (113)
[2017.06.12-14.54.04:192][454]LogModuleManager: Shutting down and abandoning module DesktopPlatform (112)
[2017.06.12-14.54.04:192][454]LogModuleManager: Shutting down and abandoning module VisualStudioSourceCodeAccess (111)
[2017.06.12-14.54.04:192][454]LogModuleManager: Shutting down and abandoning module UObjectPlugin (110)
[2017.06.12-14.54.04:192][454]LogModuleManager: Shutting down and abandoning module SubversionSourceControl (109)
[2017.06.12-14.54.04:192][454]LogModuleManager: Shutting down and abandoning module PerforceSourceControl (108)
[2017.06.12-14.54.04:192][454]LogModuleManager: Shutting down and abandoning module SourceControl (107)
[2017.06.12-14.54.04:192][454]LogModuleManager: Shutting down and abandoning module GitSourceControl (106)
[2017.06.12-14.54.04:192][454]LogModuleManager: Shutting down and abandoning module LightPropagationVolumeEditor (105)
[2017.06.12-14.54.04:192][454]LogModuleManager: Shutting down and abandoning module PaperTiledImporter (104)
[2017.06.12-14.54.04:192][454]LogModuleManager: Shutting down and abandoning module PaperSpriteSheetImporter (103)
[2017.06.12-14.54.04:192][454]LogModuleManager: Shutting down and abandoning module MeshPaint (102)
[2017.06.12-14.54.04:192][454]LogModuleManager: Shutting down and abandoning module PixelInspectorModule (101)
[2017.06.12-14.54.04:192][454]LogModuleManager: Shutting down and abandoning module HotReload (100)
[2017.06.12-14.54.04:194][454]LogModuleManager: Shutting down and abandoning module MainFrame (99)
[2017.06.12-14.54.04:194][454]LogModuleManager: Shutting down and abandoning module LevelEditor (98)
[2017.06.12-14.54.04:196][454]LogModuleManager: Shutting down and abandoning module ContentBrowser (97)
[2017.06.12-14.54.04:197][454]LogModuleManager: Shutting down and abandoning module Paper2DEditor (96)
[2017.06.12-14.54.04:198][454]LogModuleManager: Shutting down and abandoning module Ava (95)
[2017.06.12-14.54.04:198][454]LogModuleManager: Shutting down and abandoning module UdpMessaging (94)
[2017.06.12-14.54.04:298][454]LogModuleManager: Shutting down and abandoning module LightPropagationVolumeRuntime (93)
[2017.06.12-14.54.04:298][454]LogModuleManager: Shutting down and abandoning module Paper2D (92)
[2017.06.12-14.54.04:298][454]LogModuleManager: Shutting down and abandoning module WindowsMoviePlayer (91)
[2017.06.12-14.54.04:298][454]LogModuleManager: Shutting down and abandoning module Media (90)
[2017.06.12-14.54.04:298][454]LogModuleManager: Shutting down and abandoning module WmfMedia (89)
[2017.06.12-14.54.04:299][454]LogModuleManager: Shutting down and abandoning module MediaAssets (88)
[2017.06.12-14.54.04:299][454]LogModuleManager: Shutting down and abandoning module GameLiveStreaming (87)
[2017.06.12-14.54.04:299][454]LogModuleManager: Shutting down and abandoning module GameplayTagsEditor (86)
[2017.06.12-14.54.04:299][454]LogModuleManager: Shutting down and abandoning module OnlineBlueprintSupport (85)
[2017.06.12-14.54.04:299][454]LogModuleManager: Shutting down and abandoning module VREditor (84)
[2017.06.12-14.54.04:299][454]LogModuleManager: Shutting down and abandoning module GameplayTasksEditor (83)
[2017.06.12-14.54.04:299][454]LogModuleManager: Shutting down and abandoning module PropertyEditor (82)
[2017.06.12-14.54.04:299][454]LogModuleManager: Shutting down and abandoning module BehaviorTreeEditor (81)
[2017.06.12-14.54.04:299][454]LogModuleManager: Shutting down and abandoning module FunctionalTesting (80)
[2017.06.12-14.54.04:299][454]LogModuleManager: Shutting down and abandoning module CollisionAnalyzer (79)
[2017.06.12-14.54.04:299][454]LogModuleManager: Shutting down and abandoning module Sequencer (78)
[2017.06.12-14.54.04:300][454]LogModuleManager: Shutting down and abandoning module WorkspaceMenuStructure (77)
[2017.06.12-14.54.04:300][454]LogModuleManager: Shutting down and abandoning module MessageLog (76)
[2017.06.12-14.54.04:300][454]LogModuleManager: Shutting down and abandoning module AssetTools (75)
[2017.06.12-14.54.04:300][454]LogModuleManager: Shutting down and abandoning module UMGEditor (74)
[2017.06.12-14.54.04:300][454]LogModuleManager: Shutting down and abandoning module UMG (73)
[2017.06.12-14.54.04:300][454]LogModuleManager: Shutting down and abandoning module SlateReflector (72)
[2017.06.12-14.54.04:300][454]LogModuleManager: Shutting down and abandoning module Slate (71)
[2017.06.12-14.54.04:300][454]LogModuleManager: Shutting down and abandoning module EditorStyle (70)
[2017.06.12-14.54.04:305][454]LogModuleManager: Shutting down and abandoning module SourceCodeAccess (69)
[2017.06.12-14.54.04:305][454]LogModuleManager: Shutting down and abandoning module HeadMountedDisplay (68)
[2017.06.12-14.54.04:305][454]LogModuleManager: Shutting down and abandoning module XAudio2 (67)
[2017.06.12-14.54.04:305][454]LogModuleManager: Shutting down and abandoning module Networking (65)
[2017.06.12-14.54.04:305][454]LogModuleManager: Shutting down and abandoning module Core (64)
[2017.06.12-14.54.04:305][454]LogModuleManager: Shutting down and abandoning module DirectoryWatcher (63)
[2017.06.12-14.54.04:307][454]LogModuleManager: Shutting down and abandoning module AssetRegistry (62)
[2017.06.12-14.54.04:531][454]LogModuleManager: Shutting down and abandoning module KismetCompiler (61)
[2017.06.12-14.54.04:531][454]LogModuleManager: Shutting down and abandoning module PhysXFormats (60)
[2017.06.12-14.54.04:531][454]LogModuleManager: Shutting down and abandoning module MeshUtilities (59)
[2017.06.12-14.54.04:531][454]LogModuleManager: Shutting down and abandoning module DerivedDataCache (58)
[2017.06.12-14.54.04:571][454]LogDerivedDataCache: Shutdown
[2017.06.12-14.54.04:571][454]LogModuleManager: Shutting down and abandoning module VulkanShaderFormat (57)
[2017.06.12-14.54.04:571][454]LogModuleManager: Shutting down and abandoning module ShaderFormatOpenGL (56)
[2017.06.12-14.54.04:571][454]LogModuleManager: Shutting down and abandoning module ShaderFormatD3D (55)
[2017.06.12-14.54.04:571][454]LogModuleManager: Shutting down and abandoning module MetalShaderFormat (54)
[2017.06.12-14.54.04:571][454]LogModuleManager: Shutting down and abandoning module TextureFormatUncompressed (53)
[2017.06.12-14.54.04:571][454]LogModuleManager: Shutting down and abandoning module TextureFormatPVR (52)
[2017.06.12-14.54.04:571][454]LogModuleManager: Shutting down and abandoning module TextureFormatIntelISPCTexComp (51)
[2017.06.12-14.54.04:571][454]LogModuleManager: Shutting down and abandoning module TextureFormatDXT (50)
[2017.06.12-14.54.04:571][454]LogModuleManager: Shutting down and abandoning module ImageWrapper (49)
[2017.06.12-14.54.04:571][454]LogModuleManager: Shutting down and abandoning module TextureFormatASTC (48)
[2017.06.12-14.54.04:571][454]LogModuleManager: Shutting down and abandoning module TextureFormatAndroid (47)
[2017.06.12-14.54.04:571][454]LogModuleManager: Shutting down and abandoning module AudioFormatOpus (46)
[2017.06.12-14.54.04:571][454]LogModuleManager: Shutting down and abandoning module AudioFormatOgg (45)
[2017.06.12-14.54.04:571][454]LogModuleManager: Shutting down and abandoning module AudioFormatADPCM (44)
[2017.06.12-14.54.04:571][454]LogModuleManager: Shutting down and abandoning module LinuxTargetPlatform (43)
[2017.06.12-14.54.04:571][454]LogModuleManager: Shutting down and abandoning module LinuxServerTargetPlatform (42)
[2017.06.12-14.54.04:571][454]LogModuleManager: Shutting down and abandoning module LinuxNoEditorTargetPlatform (41)
[2017.06.12-14.54.04:571][454]LogModuleManager: Shutting down and abandoning module TVOSTargetPlatform (40)
[2017.06.12-14.54.04:571][454]LogModuleManager: Shutting down and abandoning module Messaging (39)
[2017.06.12-14.54.04:571][454]LogModuleManager: Shutting down and abandoning module IOSTargetPlatform (38)
[2017.06.12-14.54.04:571][454]LogModuleManager: Shutting down and abandoning module HTML5TargetPlatform (37)
[2017.06.12-14.54.04:571][454]LogModuleManager: Shutting down and abandoning module Android_PVRTCTargetPlatform (36)
[2017.06.12-14.54.04:571][454]LogModuleManager: Shutting down and abandoning module Android_MultiTargetPlatform (35)
[2017.06.12-14.54.04:571][454]LogModuleManager: Shutting down and abandoning module Android_ETC2TargetPlatform (34)
[2017.06.12-14.54.04:571][454]LogModuleManager: Shutting down and abandoning module Android_ETC1TargetPlatform (33)
[2017.06.12-14.54.04:571][454]LogModuleManager: Shutting down and abandoning module Android_DXTTargetPlatform (32)
[2017.06.12-14.54.04:571][454]LogModuleManager: Shutting down and abandoning module Android_ATCTargetPlatform (31)
[2017.06.12-14.54.04:572][454]LogModuleManager: Shutting down and abandoning module Android_ASTCTargetPlatform (30)
[2017.06.12-14.54.04:572][454]LogModuleManager: Shutting down and abandoning module AndroidTargetPlatform (29)
[2017.06.12-14.54.04:572][454]LogModuleManager: Shutting down and abandoning module WindowsTargetPlatform (28)
[2017.06.12-14.54.04:572][454]LogModuleManager: Shutting down and abandoning module WindowsServerTargetPlatform (27)
[2017.06.12-14.54.04:572][454]LogModuleManager: Shutting down and abandoning module WindowsNoEditorTargetPlatform (26)
[2017.06.12-14.54.04:572][454]LogModuleManager: Shutting down and abandoning module WindowsClientTargetPlatform (25)
[2017.06.12-14.54.04:572][454]LogModuleManager: Shutting down and abandoning module AllDesktopTargetPlatform (24)
[2017.06.12-14.54.04:572][454]LogModuleManager: Shutting down and abandoning module TargetPlatform (23)
[2017.06.12-14.54.04:572][454]LogModuleManager: Shutting down and abandoning module InputCore (22)
[2017.06.12-14.54.04:572][454]LogModuleManager: Shutting down and abandoning module Settings (21)
[2017.06.12-14.54.04:572][454]LogModuleManager: Shutting down and abandoning module OnlineSubsystem (19)
[2017.06.12-14.54.04:572][454]LogModuleManager: Shutting down and abandoning module HTTP (18)
[2017.06.12-14.54.08:591][454]LogModuleManager: Shutting down and abandoning module XMPP (17)
[2017.06.12-14.54.08:591][454]LogModuleManager: Shutting down and abandoning module OculusRift (16)
[2017.06.12-14.54.08:591][454]LogModuleManager: Shutting down and abandoning module ExampleDeviceProfileSelector (15)
[2017.06.12-14.54.08:591][454]LogModuleManager: Shutting down and abandoning module TextureCompressor (14)
[2017.06.12-14.54.08:592][454]LogModuleManager: Shutting down and abandoning module ShaderCore (13)
[2017.06.12-14.54.08:592][454]LogModuleManager: Shutting down and abandoning module Landscape (12)
[2017.06.12-14.54.08:592][454]LogModuleManager: Shutting down and abandoning module SlateRHIRenderer (11)
[2017.06.12-14.54.08:594][454]LogModuleManager: Shutting down and abandoning module OpenGLDrv (10)
[2017.06.12-14.54.08:594][454]LogModuleManager: Shutting down and abandoning module D3D11RHI (9)
[2017.06.12-14.54.08:594][454]LogModuleManager: Shutting down and abandoning module AnimGraphRuntime (8)
[2017.06.12-14.54.08:594][454]LogModuleManager: Shutting down and abandoning module Renderer (7)
[2017.06.12-14.54.08:594][454]LogModuleManager: Shutting down and abandoning module Engine (6)
[2017.06.12-14.54.08:594][454]LogModuleManager: Shutting down and abandoning module CoreUObject (5)
[2017.06.12-14.54.08:594][454]LogModuleManager: Shutting down and abandoning module NetworkFile (4)
[2017.06.12-14.54.08:594][454]LogModuleManager: Shutting down and abandoning module StreamingFile (3)
[2017.06.12-14.54.08:594][454]LogModuleManager: Shutting down and abandoning module SandboxFile (2)
[2017.06.12-14.54.08:594][454]LogModuleManager: Shutting down and abandoning module PakFile (1)
[2017.06.12-14.54.08:599][454]LogExit: Exiting.
[2017.06.12-14.54.08:601][454]Log file closed, 06/12/17 15:54:08
