Log file open, 07/24/17 11:07:11
LogInit:Display: Running engine for game: Ava
LogPlatformFile: Not using cached read wrapper
LogInit:Display: RandInit(998123201) SRandInit(998123203).
LogTaskGraph: Started task graph with 4 named threads and 9 total threads with 1 sets of task threads.
LogStats: Stats thread started at 0.545153
LogInit: Version: 4.12.5-3039270+++UE4+Release-4.12
LogInit: API Version: 2992821
LogInit: Net Version: 3039270
LogDevObjectVersion: Number of dev versions registered: 13
LogDevObjectVersion:   Dev-Blueprints (B0D832E4-1F89-4F0D-ACCF-7EB736FD4AA2): 3
LogDevObjectVersion:   Dev-Build (E1C64328-A22C-4D53-A36C-8E866417BD8C): 0
LogDevObjectVersion:   Dev-Core (375EC13C-06E4-48FB-B500-84F0262A717E): 1
LogDevObjectVersion:   Dev-Editor (E4B068ED-F494-42E9-A231-DA0B2E46BB41): 2
LogDevObjectVersion:   Dev-Framework (CFFC743F-43B0-4480-9391-14DF171D2073): 6
LogDevObjectVersion:   Dev-Mobile (B02B49B5-BB20-44E9-A304-32B752E40360): 0
LogDevObjectVersion:   Dev-Networking (A4E4105C-59A1-49B5-A7C5-40C4547EDFEE): 0
LogDevObjectVersion:   Dev-Online (39C831C9-5AE6-47DC-9A44-9C173E1C8E7C): 0
LogDevObjectVersion:   Dev-Physics (78F01B33-EBEA-4F98-B9B4-84EACCB95AA2): 0
LogDevObjectVersion:   Dev-Platform (6631380F-2D4D-43E0-8009-CF276956A95A): 0
LogDevObjectVersion:   Dev-Rendering (12F88B9F-8875-4AFC-A67C-D90C383ABD29): 2
LogDevObjectVersion:   Dev-Sequencer (7B5AE74C-D270-4C10-A958-57980B212A5A): 0
LogDevObjectVersion:   Dev-VR (D7296918-1DD6-4BDD-9DE2-64A83CC13884): 0
LogInit: Compiled (64-bit): Jul  6 2016 09:09:46
LogInit: Compiled with Visual C++: 19.00.23026.00
LogInit: Build Configuration: Development
LogInit: Branch Name: ++UE4+Release-4.12
LogInit: Command line: 
LogInit: Base directory: C:/Program Files/Epic Games/4.12/Engine/Binaries/Win64/
LogInit: Installed Engine Build: 1
LogInit: Using libcurl 7.41.0
LogInit:  - built for x86_64-pc-win32
LogInit:  - supports SSL with WinSSL
LogInit:  - other features:
LogInit:      CURL_VERSION_SSL
LogInit:      CURL_VERSION_IPV6
LogInit:      CURL_VERSION_ASYNCHDNS
LogInit:      CURL_VERSION_LARGEFILE
LogInit:      CURL_VERSION_IDN
LogInit:  CurlRequestOptions (configurable via config and command line):
LogInit:  - bVerifyPeer = true  - Libcurl will verify peer certificate
LogInit:  - bUseHttpProxy = false  - Libcurl will NOT use HTTP proxy
LogInit:  - bDontReuseConnections = false  - Libcurl will reuse connections
LogInit:  - CertBundlePath = nullptr  - Libcurl will use whatever was configured at build time.
LogInit: Presizing for max 8388607 objects, including 0 objects not considered by GC, pre-allocating 0 bytes for permanent pool.
LogInit: Object subsystem initialized
[2017.07.24-10.07.11:428][  0]LogInit: Selected Device Profile: [Windows]
[2017.07.24-10.07.11:428][  0]LogInit: Applying CVar settings loaded from the selected device profile: [Windows]
[2017.07.24-10.07.11:451][  0]LogInit: Computer: PC42640
[2017.07.24-10.07.11:452][  0]LogInit: User: i7230020
[2017.07.24-10.07.11:452][  0]LogInit: CPU Page size=65536, Cores=6
[2017.07.24-10.07.11:452][  0]LogInit: High frequency timer resolution =3.410097 MHz
[2017.07.24-10.07.11:452][  0]LogMemory: Memory total: Physical=31.9GB (32GB approx)
[2017.07.24-10.07.11:452][  0]LogMemory: Platform Memory Stats for Windows
[2017.07.24-10.07.11:452][  0]LogMemory: Process Physical Memory: 196.83 MB used, 196.83 MB peak
[2017.07.24-10.07.11:452][  0]LogMemory: Process Virtual Memory: 198.95 MB used, 198.95 MB peak
[2017.07.24-10.07.11:452][  0]LogMemory: Physical Memory: 13109.61 MB used, 32684.15 MB total
[2017.07.24-10.07.11:452][  0]LogMemory: Virtual Memory: 539.58 MB used, 8388608.00 MB total
[2017.07.24-10.07.11:564][  0]LogTextLocalizationManager: No specific translations for ('en-GB') exist, so ('en') translations will be used.
[2017.07.24-10.07.11:986][  0]LogD3D11RHI: D3D11 adapters:
[2017.07.24-10.07.12:027][  0]LogD3D11RHI:    0. 'NVIDIA Quadro M4000' (Feature Level 11_0)
[2017.07.24-10.07.12:027][  0]LogD3D11RHI:       8092/0/16086 MB DedicatedVideo/DedicatedSystem/SharedSystem, Outputs:1, VendorId:0x10de
[2017.07.24-10.07.12:027][  0]LogD3D11RHI: Chosen D3D11 Adapter: 0
[2017.07.24-10.07.12:045][  0]LogD3D11RHI: Creating new Direct3DDevice
[2017.07.24-10.07.12:047][  0]LogD3D11RHI:     GPU DeviceId: 0x13f1 (for the marketing name, search the web for "GPU Device Id")
[2017.07.24-10.07.12:047][  0]LogWindows: EnumDisplayDevices:
[2017.07.24-10.07.12:048][  0]LogWindows:    0. 'NVIDIA Quadro M4000' (P:1 D:1)
[2017.07.24-10.07.12:049][  0]LogWindows:    1. 'NVIDIA Quadro M4000' (P:0 D:0)
[2017.07.24-10.07.12:051][  0]LogWindows:    2. 'NVIDIA Quadro M4000' (P:0 D:0)
[2017.07.24-10.07.12:052][  0]LogWindows:    3. 'NVIDIA Quadro M4000' (P:0 D:0)
[2017.07.24-10.07.12:053][  0]LogWindows:    4. 'RDPDD Chained DD' (P:0 D:0)
[2017.07.24-10.07.12:054][  0]LogWindows:    5. 'RDP Encoder Mirror Driver' (P:0 D:0)
[2017.07.24-10.07.12:055][  0]LogWindows:    6. 'RDP Reflector Display Driver' (P:0 D:0)
[2017.07.24-10.07.12:055][  0]LogWindows: DebugString: GetVideoDriverDetailsInvalid PrimaryIsNotTheChoosenAdapter GetVideoDriverDetailsInvalid PrimaryIsNotTheChoosenAdapter GetVideoDriverDetailsInvalid PrimaryIsNotTheChoosenAdapter FoundDriverCount:4 
[2017.07.24-10.07.12:055][  0]LogD3D11RHI:     Adapter Name: NVIDIA Quadro M4000
[2017.07.24-10.07.12:056][  0]LogD3D11RHI:   Driver Version: 362.13 (internal:10.18.13.6213, unified:362.13)
[2017.07.24-10.07.12:056][  0]LogD3D11RHI:      Driver Date: 3-18-2016
[2017.07.24-10.07.12:056][  0]LogRHI: Texture pool is 1361 MB (70% of 1945 MB)
[2017.07.24-10.07.12:072][  0]LogD3D11RHI: Async texture creation enabled
[2017.07.24-10.07.12:087][  0]LogD3D11RHI: GPU Timing Frequency: 1000.000000 (Debug: 2 2)
[2017.07.24-10.07.12:087][  0]LogShaderCompilers: Guid format shader working directory is -8 characters bigger than the processId version (W:/University Work/Masters/MastersProject/MastersProject/Ava/Intermediate/Shaders/WorkingDirectory/55864/).
[2017.07.24-10.07.12:087][  0]LogShaderCompilers: Cleaned the shader compiler working directory 'C:/Users/I72300~1.000/AppData/Local/Temp/UnrealShaderWorkingDir/8A88A1D943F94563AF4BE99CA453DE86/'.
[2017.07.24-10.07.12:087][  0]LogShaderCompilers:Display: Using Local Shader Compiler.
[2017.07.24-10.07.13:205][  0]LogTemp:Display: Loaded TP AllDesktopTargetPlatform
[2017.07.24-10.07.13:216][  0]LogTemp:Display: Loaded TP WindowsClientTargetPlatform
[2017.07.24-10.07.13:227][  0]LogTemp:Display: Loaded TP WindowsNoEditorTargetPlatform
[2017.07.24-10.07.13:237][  0]LogTemp:Display: Loaded TP WindowsServerTargetPlatform
[2017.07.24-10.07.13:248][  0]LogTemp:Display: Loaded TP WindowsTargetPlatform
[2017.07.24-10.07.13:257][  0]LogTemp:Display: Loaded TP AndroidTargetPlatform
[2017.07.24-10.07.13:269][  0]LogTemp:Display: Loaded TP Android_ASTCTargetPlatform
[2017.07.24-10.07.13:281][  0]LogTemp:Display: Loaded TP Android_ATCTargetPlatform
[2017.07.24-10.07.13:292][  0]LogTemp:Display: Loaded TP Android_DXTTargetPlatform
[2017.07.24-10.07.13:302][  0]LogTemp:Display: Loaded TP Android_ETC1TargetPlatform
[2017.07.24-10.07.13:315][  0]LogTemp:Display: Loaded TP Android_ETC2TargetPlatform
[2017.07.24-10.07.13:334][  0]LogTemp:Display: Loaded TP Android_MultiTargetPlatform
[2017.07.24-10.07.13:334][  0]LogTemp:Display: Loaded TP Android_PVRTCTargetPlatform
[2017.07.24-10.07.13:337][  0]LogTemp:Display: Loaded TP HTML5TargetPlatform
[2017.07.24-10.07.13:363][  0]LogTemp:Display: Loaded TP IOSTargetPlatform
[2017.07.24-10.07.13:372][  0]LogTemp:Display: Loaded TP TVOSTargetPlatform
[2017.07.24-10.07.13:381][  0]LogTemp:Display: Loaded TP LinuxNoEditorTargetPlatform
[2017.07.24-10.07.13:389][  0]LogTemp:Display: Loaded TP LinuxServerTargetPlatform
[2017.07.24-10.07.13:399][  0]LogTemp:Display: Loaded TP LinuxTargetPlatform
[2017.07.24-10.07.13:399][  0]LogTargetPlatformManager:Display: Building Assets For Windows
[2017.07.24-10.07.13:543][  0]LogDerivedDataCache:Display: Max Cache Size: 512 MB
[2017.07.24-10.07.13:591][  0]LogDerivedDataCache: Loaded boot cache 0.05s 49MB C:/Users/i7230020.STUDENT.000/AppData/Local/UnrealEngine/4.12/DerivedDataCache/Boot.ddc.
[2017.07.24-10.07.13:591][  0]LogDerivedDataCache:Display: Loaded Boot cache: C:/Users/i7230020.STUDENT.000/AppData/Local/UnrealEngine/4.12/DerivedDataCache/Boot.ddc
[2017.07.24-10.07.13:592][  0]LogDerivedDataCache: FDerivedDataBackendGraph:  Pak pak cache file W:/University Work/Masters/MastersProject/MastersProject/Ava/DerivedDataCache/DDC.ddp not found, will not use a pak cache.
[2017.07.24-10.07.13:592][  0]LogDerivedDataCache: Unable to find inner node Pak for hierarchical cache Hierarchy.
[2017.07.24-10.07.13:592][  0]LogDerivedDataCache: FDerivedDataBackendGraph:  CompressedPak pak cache file W:/University Work/Masters/MastersProject/MastersProject/Ava/DerivedDataCache/Compressed.ddp not found, will not use a pak cache.
[2017.07.24-10.07.13:592][  0]LogDerivedDataCache: Unable to find inner node CompressedPak for hierarchical cache Hierarchy.
[2017.07.24-10.07.13:624][  0]LogDerivedDataCache:Display: Pak cache opened for reading ../../../Engine/DerivedDataCache/Compressed.ddp.
[2017.07.24-10.07.13:637][  0]LogDerivedDataCache: Using Local data cache path C:/Users/i7230020.STUDENT.000/AppData/Local/UnrealEngine/Common/DerivedDataCache: Writable
[2017.07.24-10.07.13:835][  0]LogInit: Selected Device Profile: [Windows]
[2017.07.24-10.07.13:836][  0]LogContentStreaming: Texture pool size is 0.00 MB
[2017.07.24-10.07.14:003][  0]LogMeshUtilities: No automatic mesh reduction module available
[2017.07.24-10.07.14:003][  0]LogMeshUtilities: No automatic mesh merging module available
[2017.07.24-10.07.14:003][  0]LogMeshUtilities: No distributed automatic mesh merging module available
[2017.07.24-10.07.14:288][  0]LogAssetRegistry: FAssetRegistry took 0.0222 seconds to start up
[2017.07.24-10.07.14:342][  0]LogPackageLocalizationCache: Processed 4 localized package path(s) for 2 prioritized culture(s) in 0.049975 seconds
[2017.07.24-10.07.14:346][  0]LogUObjectArray: 28739 objects as part of root set at end of initial load.
[2017.07.24-10.07.14:346][  0]LogUObjectAllocator: 5855632 out of 0 bytes used by permanent object pool.
[2017.07.24-10.07.14:346][  0]LogUObjectArray: CloseDisregardForGC: 0/0 objects in disregard for GC pool
[2017.07.24-10.07.14:357][  0]LogInit: WinSock: version 1.1 (2.2), MaxSocks=32767, MaxUdp=65467
[2017.07.24-10.07.14:584][  0]LogSlate: SlateFontCache - WITH_FREETYPE: 1, WITH_HARFBUZZ: 1
[2017.07.24-10.07.14:584][  0]LogSlate: SlateFontCache - WITH_FREETYPE: 1, WITH_HARFBUZZ: 1
[2017.07.24-10.07.15:398][  0]LogUdpMessaging: Initializing bridge on interface 0.0.0.0:0 to multicast group 230.0.0.1:6666.
[2017.07.24-10.07.15:484][  0]LogStats:             FDebug::EnsureFailed -  0.000 s
[2017.07.24-10.07.21:068][  0]SourceControl: Info Source control is disabled
[2017.07.24-10.07.21:071][  0]SourceControl: Info Source control is disabled
[2017.07.24-10.07.21:089][  0]SourceControl: Info Source control is disabled
[2017.07.24-10.07.21:105][  0]SourceControl: Info Source control is disabled
[2017.07.24-10.07.21:294][  0]LogHoudiniEngine: Starting the Houdini Engine module.
[2017.07.24-10.07.21:296][  0]LogHoudiniEngine: Loaded libHAPIL.dll from Registry path C:\Program Files\Side Effects Software\Houdini 15.5.632/bin
[2017.07.24-10.07.21:297][  0]LogLinker:Warning: Asset '../../../Engine/Plugins/Runtime/HoudiniEngine/Content/houdini_logo.uasset' has been saved with empty engine version. The asset will be loaded but may be incompatible.
[2017.07.24-10.07.21:299][  0]LogLinker:Warning: Asset '../../../Engine/Plugins/Runtime/HoudiniEngine/Content/houdini_default_material.uasset' has been saved with empty engine version. The asset will be loaded but may be incompatible.
[2017.07.24-10.07.21:303][  0]LogLinker:Warning: Asset '../../../Engine/Plugins/Runtime/HoudiniEngine/Content/houdini_bgeo_import.uasset' has been saved with empty engine version. The asset will be loaded but may be incompatible.
[2017.07.24-10.07.22:607][  0]LogHoudiniEngine: Successfully initialized the Houdini Engine API module.
[2017.07.24-10.07.22:794][  0]LogEngine: Initializing Engine...
[2017.07.24-10.07.22:797][  0]LogHMD: SteamVR failed to initialize.  Err: 110
[2017.07.24-10.07.22:800][  0]LogHMD: SteamVR failed to initialize.  Err: 110
[2017.07.24-10.07.22:967][  0]LogAIModule: Creating AISystem for world NewWorld
[2017.07.24-10.07.22:977][  0]LogInit: XAudio2 using 'Speakers (Realtek High Definition Audio)' : 2 channels at 48 kHz using 32 bits per sample (channel mask 0x3)
[2017.07.24-10.07.22:989][  0]LogInit: FAudioDevice initialized.
[2017.07.24-10.07.23:013][  0]LogDerivedDataCache: Saved boot cache 0.02s 49MB C:/Users/i7230020.STUDENT.000/AppData/Local/UnrealEngine/4.12/DerivedDataCache/Boot.ddc.
[2017.07.24-10.07.23:018][  0]LogInit: Texture streaming: Enabled
[2017.07.24-10.07.23:047][  0]LogInit: Transaction tracking system initialized
[2017.07.24-10.07.23:078][  0]BlueprintLog: New page: Editor Load
[2017.07.24-10.07.23:183][  0]LocalizationService: Info Localization service is disabled
[2017.07.24-10.07.23:270][  0]LogConsoleResponse:Display: 
[2017.07.24-10.07.23:371][  0]LogCook:Display: Max memory allowance for cook 8192mb
[2017.07.24-10.07.23:371][  0]LogCook:Display: Mobile HDR setting 1
[2017.07.24-10.07.23:470][  0]LogFileCache: Scanning file cache for directory 'W:/University Work/Masters/MastersProject/MastersProject/Ava/Content/' took 0.02s
[2017.07.24-10.07.23:470][  0]LogHoudiniEngineEditor: Starting the Houdini Engine Editor module.
[2017.07.24-10.07.23:529][  0]SourceControl: Info Source control is disabled
[2017.07.24-10.07.23:529][  0]Cmd: MAP LOAD FILE="W:/University Work/Masters/MastersProject/MastersProject/Ava/Content/Ava/Maps/PalaceLevel.umap" TEMPLATE=0 SHOWPROGRESS=1 FEATURELEVEL=3
[2017.07.24-10.07.23:530][  0]LightingResults: New page: Lighting Build
[2017.07.24-10.07.23:533][  0]MapCheck: New page: Map Check
[2017.07.24-10.07.23:533][  0]LightingResults: New page: Lighting Build
[2017.07.24-10.07.25:659][  0]LogMaterial: Missing cached shader map for material M_Basic_Wall, compiling. 
[2017.07.24-10.07.25:660][  0]LogMaterial:Warning: Failed to compile Material /Game/StarterContent/Materials/M_Basic_Wall.M_Basic_Wall for platform PCD3D_SM5, Default Material will be used in game.
[2017.07.24-10.07.25:660][  0]LogMaterial:Warning: 	(Node TextureSample) TextureSample> Missing input texture
[2017.07.24-10.07.25:686][  0]LogAIModule: Creating AISystem for world PalaceLevel
[2017.07.24-10.07.25:732][  0]LogEditorServer: Finished looking for orphan Actors (0.000 secs)
[2017.07.24-10.07.25:733][  0]Cmd: MAP CHECKDEP NOCLEARLOG
[2017.07.24-10.07.25:842][  0]MapCheck: Info Map check complete: 0 Error(s), 0 Warning(s), took 109.268ms to complete.
[2017.07.24-10.07.25:842][  0]LogFileHelpers: Loading map 'PalaceLevel' took 2.314
[2017.07.24-10.07.26:134][  0]LogCollectionManager: Loaded 0 collections in 0.001859 seconds
[2017.07.24-10.07.26:178][  0]LogFileCache: Scanning file cache for directory 'W:/University Work/Masters/MastersProject/MastersProject/Ava/Saved/Collections/' took 0.01s
[2017.07.24-10.07.26:179][  0]LogFileCache: Scanning file cache for directory 'W:/University Work/Masters/MastersProject/MastersProject/Ava/Content/Developers/i7230020/Collections/' took 0.01s
[2017.07.24-10.07.26:179][  0]LogFileCache: Scanning file cache for directory 'W:/University Work/Masters/MastersProject/MastersProject/Ava/Content/Collections/' took 0.01s
[2017.07.24-10.07.26:179][  0]LogCollectionManager: Rebuilt the GUID cache for 0 collections in 0.000002 seconds
[2017.07.24-10.07.26:188][  0]LogContentBrowser: Native class hierarchy populated in 0.0090 seconds. Added 2101 classes and 376 folders.
[2017.07.24-10.07.26:193][  0]LogStats: UGameplayTagsManager::ConstructGameplayTagTree: Construct from data asset -  0.000 s
[2017.07.24-10.07.26:193][  0]LogStats: UGameplayTagsManager::ConstructGameplayTagTree: GameplayTagTreeChangedEvent.Broadcast -  0.000 s
[2017.07.24-10.07.26:196][  0]LogContentBrowser: Native class hierarchy updated for 'GameplayTags' in 0