Log file open, 07/24/17 11:13:02
LogInit:Display: Running engine for game: Ava
LogPlatformFile: Not using cached read wrapper
LogInit:Display: RandInit(2104423731) SRandInit(2104423732).
LogTaskGraph: Started task graph with 4 named threads and 9 total threads with 1 sets of task threads.
LogStats: Stats thread started at 0.100736
LogInit: Version: 4.12.5-3039270+++UE4+Release-4.12
LogInit: API Version: 2992821
LogInit: Net Version: 3039270
LogDevObjectVersion: Number of dev versions registered: 13
LogDevObjectVersion:   Dev-Blueprints (B0D832E4-1F89-4F0D-ACCF-7EB736FD4AA2): 3
LogDevObjectVersion:   Dev-Build (E1C64328-A22C-4D53-A36C-8E866417BD8C): 0
LogDevObjectVersion:   Dev-Core (375EC13C-06E4-48FB-B500-84F0262A717E): 1
LogDevObjectVersion:   Dev-Editor (E4B068ED-F494-42E9-A231-DA0B2E46BB41): 2
LogDevObjectVersion:   Dev-Framework (CFFC743F-43B0-4480-9391-14DF171D2073): 6
LogDevObjectVersion:   Dev-Mobile (B02B49B5-BB20-44E9-A304-32B752E40360): 0
LogDevObjectVersion:   Dev-Networking (A4E4105C-59A1-49B5-A7C5-40C4547EDFEE): 0
LogDevObjectVersion:   Dev-Online (39C831C9-5AE6-47DC-9A44-9C173E1C8E7C): 0
LogDevObjectVersion:   Dev-Physics (78F01B33-EBEA-4F98-B9B4-84EACCB95AA2): 0
LogDevObjectVersion:   Dev-Platform (6631380F-2D4D-43E0-8009-CF276956A95A): 0
LogDevObjectVersion:   Dev-Rendering (12F88B9F-8875-4AFC-A67C-D90C383ABD29): 2
LogDevObjectVersion:   Dev-Sequencer (7B5AE74C-D270-4C10-A958-57980B212A5A): 0
LogDevObjectVersion:   Dev-VR (D7296918-1DD6-4BDD-9DE2-64A83CC13884): 0
LogInit: Compiled (64-bit): Jul  6 2016 09:09:46
LogInit: Compiled with Visual C++: 19.00.23026.00
LogInit: Build Configuration: Development
LogInit: Branch Name: ++UE4+Release-4.12
LogInit: Command line:  
LogInit: Base directory: C:/Program Files/Epic Games/4.12/Engine/Binaries/Win64/
LogInit: Installed Engine Build: 1
LogInit: Using libcurl 7.41.0
LogInit:  - built for x86_64-pc-win32
LogInit:  - supports SSL with WinSSL
LogInit:  - other features:
LogInit:      CURL_VERSION_SSL
LogInit:      CURL_VERSION_IPV6
LogInit:      CURL_VERSION_ASYNCHDNS
LogInit:      CURL_VERSION_LARGEFILE
LogInit:      CURL_VERSION_IDN
LogInit:  CurlRequestOptions (configurable via config and command line):
LogInit:  - bVerifyPeer = true  - Libcurl will verify peer certificate
LogInit:  - bUseHttpProxy = false  - Libcurl will NOT use HTTP proxy
LogInit:  - bDontReuseConnections = false  - Libcurl will reuse connections
LogInit:  - CertBundlePath = nullptr  - Libcurl will use whatever was configured at build time.
LogInit: Presizing for max 8388607 objects, including 0 objects not considered by GC, pre-allocating 0 bytes for permanent pool.
LogInit: Object subsystem initialized
[2017.07.24-10.13.02:685][  0]LogInit: Selected Device Profile: [Windows]
[2017.07.24-10.13.02:685][  0]LogInit: Applying CVar settings loaded from the selected device profile: [Windows]
[2017.07.24-10.13.02:702][  0]LogInit: Computer: PC42640
[2017.07.24-10.13.02:702][  0]LogInit: User: i7230020
[2017.07.24-10.13.02:702][  0]LogInit: CPU Page size=65536, Cores=6
[2017.07.24-10.13.02:702][  0]LogInit: High frequency timer resolution =3.410097 MHz
[2017.07.24-10.13.02:702][  0]LogMemory: Memory total: Physical=31.9GB (32GB approx)
[2017.07.24-10.13.02:702][  0]LogMemory: Platform Memory Stats for Windows
[2017.07.24-10.13.02:702][  0]LogMemory: Process Physical Memory: 196.26 MB used, 196.26 MB peak
[2017.07.24-10.13.02:702][  0]LogMemory: Process Virtual Memory: 198.96 MB used, 198.96 MB peak
[2017.07.24-10.13.02:702][  0]LogMemory: Physical Memory: 12804.11 MB used, 32684.15 MB total
[2017.07.24-10.13.02:702][  0]LogMemory: Virtual Memory: 539.58 MB used, 8388608.00 MB total
[2017.07.24-10.13.02:781][  0]LogTextLocalizationManager: No specific translations for ('en-GB') exist, so ('en') translations will be used.
[2017.07.24-10.13.03:180][  0]LogD3D11RHI: D3D11 adapters:
[2017.07.24-10.13.03:201][  0]LogD3D11RHI:    0. 'NVIDIA Quadro M4000' (Feature Level 11_0)
[2017.07.24-10.13.03:201][  0]LogD3D11RHI:       8092/0/16086 MB DedicatedVideo/DedicatedSystem/SharedSystem, Outputs:1, VendorId:0x10de
[2017.07.24-10.13.03:201][  0]LogD3D11RHI: Chosen D3D11 Adapter: 0
[2017.07.24-10.13.03:212][  0]LogD3D11RHI: Creating new Direct3DDevice
[2017.07.24-10.13.03:212][  0]LogD3D11RHI:     GPU DeviceId: 0x13f1 (for the marketing name, search the web for "GPU Device Id")
[2017.07.24-10.13.03:213][  0]LogWindows: EnumDisplayDevices:
[2017.07.24-10.13.03:213][  0]LogWindows:    0. 'NVIDIA Quadro M4000' (P:1 D:1)
[2017.07.24-10.13.03:214][  0]LogWindows:    1. 'NVIDIA Quadro M4000' (P:0 D:0)
[2017.07.24-10.13.03:215][  0]LogWindows:    2. 'NVIDIA Quadro M4000' (P:0 D:0)
[2017.07.24-10.13.03:216][  0]LogWindows:    3. 'NVIDIA Quadro M4000' (P:0 D:0)
[2017.07.24-10.13.03:217][  0]LogWindows:    4. 'RDPDD Chained DD' (P:0 D:0)
[2017.07.24-10.13.03:218][  0]LogWindows:    5. 'RDP Encoder Mirror Driver' (P:0 D:0)
[2017.07.24-10.13.03:218][  0]LogWindows:    6. 'RDP Reflector Display Driver' (P:0 D:0)
[2017.07.24-10.13.03:219][  0]LogWindows: DebugString: GetVideoDriverDetailsInvalid PrimaryIsNotTheChoosenAdapter GetVideoDriverDetailsInvalid PrimaryIsNotTheChoosenAdapter GetVideoDriverDetailsInvalid PrimaryIsNotTheChoosenAdapter FoundDriverCount:4 
[2017.07.24-10.13.03:219][  0]LogD3D11RHI:     Adapter Name: NVIDIA Quadro M4000
[2017.07.24-10.13.03:219][  0]LogD3D11RHI:   Driver Version: 362.13 (internal:10.18.13.6213, unified:362.13)
[2017.07.24-10.13.03:219][  0]LogD3D11RHI:      Driver Date: 3-18-2016
[2017.07.24-10.13.03:219][  0]LogRHI: Texture pool is 1361 MB (70% of 1945 MB)
[2017.07.24-10.13.03:228][  0]LogD3D11RHI: Async texture creation enabled
[2017.07.24-10.13.03:242][  0]LogD3D11RHI: GPU Timing Frequency: 1000.000000 (Debug: 2 2)
[2017.07.24-10.13.03:242][  0]LogShaderCompilers: Guid format shader working directory is -8 characters bigger than the processId version (W:/University Work/Masters/MastersProject/MastersProject/Ava/Intermediate/Shaders/WorkingDirectory/72404/).
[2017.07.24-10.13.03:242][  0]LogShaderCompilers: Cleaned the shader compiler working directory 'C:/Users/I72300~1.000/AppData/Local/Temp/UnrealShaderWorkingDir/7CFF24F1456BAB421B68B9B62F7E86A4/'.
[2017.07.24-10.13.03:242][  0]LogShaderCompilers:Display: Using Local Shader Compiler.
[2017.07.24-10.13.04:281][  0]LogTemp:Display: Loaded TP AllDesktopTargetPlatform
[2017.07.24-10.13.04:290][  0]LogTemp:Display: Loaded TP WindowsClientTargetPlatform
[2017.07.24-10.13.04:299][  0]LogTemp:Display: Loaded TP WindowsNoEditorTargetPlatform
[2017.07.24-10.13.04:308][  0]LogTemp:Display: Loaded TP WindowsServerTargetPlatform
[2017.07.24-10.13.04:316][  0]LogTemp:Display: Loaded TP WindowsTargetPlatform
[2017.07.24-10.13.04:323][  0]LogTemp:Display: Loaded TP AndroidTargetPlatform
[2017.07.24-10.13.04:331][  0]LogTemp:Display: Loaded TP Android_ASTCTargetPlatform
[2017.07.24-10.13.04:338][  0]LogTemp:Display: Loaded TP Android_ATCTargetPlatform
[2017.07.24-10.13.04:345][  0]LogTemp:Display: Loaded TP Android_DXTTargetPlatform
[2017.07.24-10.13.04:352][  0]LogTemp:Display: Loaded TP Android_ETC1TargetPlatform
[2017.07.24-10.13.04:360][  0]LogTemp:Display: Loaded TP Android_ETC2TargetPlatform
[2017.07.24-10.13.04:375][  0]LogTemp:Display: Loaded TP Android_MultiTargetPlatform
[2017.07.24-10.13.04:375][  0]LogTemp:Display: Loaded TP Android_PVRTCTargetPlatform
[2017.07.24-10.13.04:376][  0]LogTemp:Display: Loaded TP HTML5TargetPlatform
[2017.07.24-10.13.04:397][  0]LogTemp:Display: Loaded TP IOSTargetPlatform
[2017.07.24-10.13.04:404][  0]LogTemp:Display: Loaded TP TVOSTargetPlatform
[2017.07.24-10.13.04:411][  0]LogTemp:Display: Loaded TP LinuxNoEditorTargetPlatform
[2017.07.24-10.13.04:418][  0]LogTemp:Display: Loaded TP LinuxServerTargetPlatform
[2017.07.24-10.13.04:426][  0]LogTemp:Display: Loaded TP LinuxTargetPlatform
[2017.07.24-10.13.04:426][  0]LogTargetPlatformManager:Display: Building Assets For Windows
[2017.07.24-10.13.04:508][  0]LogDerivedDataCache:Display: Max Cache Size: 512 MB
[2017.07.24-10.13.04:554][  0]LogDerivedDataCache: Loaded boot cache 0.05s 49MB C:/Users/i7230020.STUDENT.000/AppData/Local/UnrealEngine/4.12/DerivedDataCache/Boot.ddc.
[2017.07.24-10.13.04:555][  0]LogDerivedDataCache:Display: Loaded Boot cache: C:/Users/i7230020.STUDENT.000/AppData/Local/UnrealEngine/4.12/DerivedDataCache/Boot.ddc
[2017.07.24-10.13.04:555][  0]LogDerivedDataCache: FDerivedDataBackendGraph:  Pak pak cache file W:/University Work/Masters/MastersProject/MastersProject/Ava/DerivedDataCache/DDC.ddp not found, will not use a pak cache.
[2017.07.24-10.13.04:555][  0]LogDerivedDataCache: Unable to find inner node Pak for hierarchical cache Hierarchy.
[2017.07.24-10.13.04:555][  0]LogDerivedDataCache: FDerivedDataBackendGraph:  CompressedPak pak cache file W:/University Work/Masters/MastersProject/MastersProject/Ava/DerivedDataCache/Compressed.ddp not found, will not use a pak cache.
[2017.07.24-10.13.04:555][  0]LogDerivedDataCache: Unable to find inner node CompressedPak for hierarchical cache Hierarchy.
[2017.07.24-10.13.04:570][  0]LogDerivedDataCache:Display: Pak cache opened for reading ../../../Engine/DerivedDataCache/Compressed.ddp.
[2017.07.24-10.13.04:582][  0]LogDerivedDataCache: Using Local data cache path C:/Users/i7230020.STUDENT.000/AppData/Local/UnrealEngine/Common/DerivedDataCache: Writable
[2017.07.24-10.13.04:826][  0]LogInit: Selected Device Profile: [Windows]
[2017.07.24-10.13.04:828][  0]LogContentStreaming: Texture pool size is 0.00 MB
[2017.07.24-10.13.05:001][  0]LogMeshUtilities: No automatic mesh reduction module available
[2017.07.24-10.13.05:001][  0]LogMeshUtilities: No automatic mesh merging module available
[2017.07.24-10.13.05:001][  0]LogMeshUtilities: No distributed automatic mesh merging module available
[2017.07.24-10.13.05:269][  0]LogAssetRegistry: FAssetRegistry took 0.0203 seconds to start up
[2017.07.24-10.13.05:337][  0]LogPackageLocalizationCache: Processed 4 localized package path(s) for 2 prioritized culture(s) in 0.061534 seconds
[2017.07.24-10.13.05:341][  0]LogUObjectArray: 28739 objects as part of root set at end of initial load.
[2017.07.24-10.13.05:341][  0]LogUObjectAllocator: 5855624 out of 0 bytes used by permanent object pool.
[2017.07.24-10.13.05:341][  0]LogUObjectArray: CloseDisregardForGC: 0/0 objects in disregard for GC pool
[2017.07.24-10.13.05:348][  0]LogInit: WinSock: version 1.1 (2.2), MaxSocks=32767, MaxUdp=65467
[2017.07.24-10.13.05:518][  0]LogSlate: SlateFontCache - WITH_FREETYPE: 1, WITH_HARFBUZZ: 1
[2017.07.24-10.13.05:518][  0]LogSlate: SlateFontCache - WITH_FREETYPE: 1, WITH_HARFBUZZ: 1
[2017.07.24-10.13.06:366][  0]LogUdpMessaging: Initializing bridge on interface 0.0.0.0:0 to multicast group 230.0.0.1:6666.
[2017.07.24-10.13.06:443][  0]LogStats: FPlatformStackWalk::StackWalkAndDump -  0.011 s
[2017.07.24-10.13.06:443][  0]LogOutputDevice:Warning: === Handled error: ===

Ensure condition failed: !AttachmentRules.bWeldSimulatedBodies [File:D:\Build\++UE4+Release-4.12+Compile\Sync\Engine\Source\Runtime\Engine\Private\Components\SceneComponent.cpp] [Line: 1481]
AttachToComponent when called from a constructor cannot weld simulated bodies. Consider calling SetupAttachment directly instead.
Stack: 
UE4Editor-Core.dll
UE4Editor-Core.dll
UE4Editor-Core.dll
UE4Editor-Engine.dll
UE4Editor-Ava-3335.dll
UE4Editor-CoreUObject.dll
UE4Editor-CoreUObject.dll
UE4Editor-CoreUObject.dll
UE4Editor-CoreUObject.dll
UE4Editor-Core.dll
UE4Editor-Core.dll
UE4Editor-Projects.dll
UE4Editor-Projects.dll
UE4Editor.exe
UE4Editor.exe
UE4Editor.exe
UE4Editor.exe
UE4Editor.exe
UE4Editor.exe
kernel32.dll
ntdll.dll
ntdll.dll

[2017.07.24-10.13.06:443][  0]LogStats:                SubmitErrorReport -  0.000 s
[2017.07.24-10.13.06:868][  0]LogStats:                    SendNewReport -  0.424 s
[2017.07.24-10.13.06:868][  0]LogStats:             FDebug::EnsureFailed -  0.436 s
[2017.07.24-10.13.07:060][  0]SourceControl: Info Source control is disabled
[2017.07.24-10.13.07:062][  0]SourceControl: Info Source control is disabled
[2017.07.24-10.13.07:075][  0]SourceControl: Info Source control is disabled
[2017.07.24-10.13.07:088][  0]SourceControl: Info Source control is disabled
[2017.07.24-10.13.07:254][  0]LogHoudiniEngine: Starting the Houdini Engine module.
[2017.07.24-10.13.07:255][  0]LogHoudiniEngine: Loaded libHAPIL.dll from Registry path C:\Program Files\Side Effects Software\Houdini 15.5.632/bin
[2017.07.24-10.13.07:255][  0]LogLinker:Warning: Asset '../../../Engine/Plugins/Runtime/HoudiniEngine/Content/houdini_logo.uasset' has been saved with empty engine version. The asset will be loaded but may be incompatible.
[2017.07.24-10.13.07:257][  0]LogLinker:Warning: Asset '../../../Engine/Plugins/Runtime/HoudiniEngine/Content/houdini_default_material.uasset' has been saved with empty engine version. The asset will be loaded but may be incompatible.
[2017.07.24-10.13.07:265][  0]LogLinker:Warning: Asset '../../../Engine/Plugins/Runtime/HoudiniEngine/Content/houdini_bgeo_import.uasset' has been saved with empty engine version. The asset will be loaded but may be incompatible.
[2017.07.24-10.13.08:335][  0]LogHoudiniEngine: Successfully initialized the Houdini Engine API module.
[2017.07.24-10.13.08:535][  0]LogEngine: Initializing Engine...
[2017.07.24-10.13.08:536][  0]LogHMD: SteamVR failed to initialize.  Err: 110
[2017.07.24-10.13.08:537][  0]LogHMD: SteamVR failed to initialize.  Err: 110
[2017.07.24-10.13.08:690][  0]LogAIModule: Creating AISystem for world NewWorld
[2017.07.24-10.13.08:697][  0]LogInit: XAudio2 using 'Speakers (Realtek High Definition Audio)' : 2 channels at 48 kHz using 32 bits per sample (channel mask 0x3)
[2017.07.24-10.13.08:714][  0]LogInit: FAudioDevice initialized.
[2017.07.24-10.13.08:740][  0]LogDerivedDataCache: Saved boot cache 0.03s 49MB C:/Users/i7230020.STUDENT.000/AppData/Local/UnrealEngine/4.12/DerivedDataCache/Boot.ddc.
[2017.07.24-10.13.08:745][  0]LogInit: Texture streaming: Enabled
[2017.07.24-10.13.08:770][  0]LogInit: Transaction tracking system initialized
[2017.07.24-10.13.08:789][  0]BlueprintLog: New page: Editor Load
[2017.07.24-10.13.08:862][  0]LocalizationService: Info Localization service is disabled
[2017.07.24-10.13.08:931][  0]LogConsoleResponse:Display: 
[2017.07.24-10.13.09:061][  0]LogCook:Display: Max memory allowance for cook 8192mb
[2017.07.24-10.13.09:061][  0]LogCook:Display: Mobile HDR setting 1
[2017.07.24-10.13.09:154][  0]LogFileCache: Scanning file cache for directory 'W:/University Work/Masters/MastersProject/MastersProject/Ava/Content/' took 0.02s
[2017.07.24-10.13.09:154][  0]LogHoudiniEngineEditor: Starting the Houdini Engine Editor module.
[2017.07.24-10.13.09:196][  0]SourceControl: Info Source control is disabled
[2017.07.24-10.13.09:196][  0]Cmd: MAP LOAD FILE="W:/University Work/Masters/MastersProject/MastersProject/Ava/Content/Ava/Maps/PalaceLevel.umap" TEMPLATE=0 SHOWPROGRESS=1 FEATURELEVEL=3
[2017.07.24-10.13.09:197][  0]LightingResults: New page: Lighting Build
[2017.07.24-10.13.09:199][  0]MapCheck: New page: Map Check
[2017.07.24-10.13.09:199][  0]LightingResults: New page: Lighting Build
[2017.07.24-10.13.11:561][  0]LogMaterial: Missing cached shader map for material M_Basic_Wall, compiling. 
[2017.07.24-10.13.11:562][  0]LogMaterial:Warning: Failed to compile Material /Game/StarterContent/Materials/M_Basic_Wall.M_Basic_Wall for platform PCD3D_SM5, Default Material will be used in game.
[2017.07.24-10.13.11:562][  0]LogMaterial:Warning: 	(Node TextureSample) TextureSample> Missing input texture
[2017.07.24-10.13.11:610][  0]LogAIModule: Creating AISystem for world PalaceLevel
[2017.07.24-10.13.11:642][  0]LogEditorServer: Finished looking for orphan Actors (0.000 secs)
[2017.07.24-10.13.11:642][  0]Cmd: MAP CHECKDEP NOCLEARLOG
[2017.07.24-10.13.11:744][  0]MapCheck: Info Map check complete: 0 Error(s), 0 Warning(s), took 101.714ms to complete.
[2017.07.24-10.13.11:744][  0]LogFileHelpers: Loading map 'PalaceLevel' took 2.548
[2017.07.24-10.13.12:101][  0]LogCollectionManager: Loaded 0 collections in 0.001410 seconds
[2017.07.24-10.13.12:140][  0]LogFileCache: Scanning file cache for directory 'W:/University Work/Masters/MastersProject/MastersProject/Ava/Saved/Collections/' took 0.01s
[2017.07.24-10.13.12:140][  0]LogFileCache: Scanning file cache for directory 'W:/University Work/Masters/MastersProject/MastersProject/Ava/Content/Developers/i7230020/Collections/' took 0.01s
[2017.07.24-10.13.12:140][  0]LogFileCache: Scanning file cache for directory 'W:/University Work/Masters/MastersProject/MastersProject/Ava/Content/Collections/' took 0.01s
[2017.07.24-10.13.12:140][  0]LogCollectionManager: Rebuilt the GUID cache for 0 collections in 0.000002 seconds
[2017.07.24-10.13.12:149][  0]LogContentBrowser: Native class hierarchy populated in 0.0091 seconds. Added 2101 classes and 376 folders.
[2017.07.24-10.13.12:152][  0]LogStats: UGameplayTagsManager::ConstructGameplayTagTree: Construct from data asset -  0.000 s
[2017.07.24-10.13.12:152][  0]LogStats: UGameplayTagsManager::ConstructGameplayTagTree: GameplayTagTreeChangedEvent.Broadcast -  0.000 s
[2017.07.24-10.13.12:155][  0]LogContentBrowser: Native class hierarchy updated for 'GameplayTags' in 0.0025 seconds. Added 12 classes and 0 folders.
[2017.07.24-10.13.12:161][  0]LogContentBrowser: Native class hierarchy updated for 'WidgetCarousel' in 0.0024 seconds. Added 0 classes and 0 folders.
[2017.07.24-10.13.12:233][  0]LogContentBrowser: Native class hierarchy updated for 'AddContentDialog' in 0.0024 seconds. Added 0 classes and 0 folders.
[2017.07.24-10.13.12:239][  0]LogContentBrowser: Native class hierarchy updated for 'SceneOutliner' in 0.0024 seconds. Added 1 classes and 2 folders.
[2017.07.24-10.13.12:263][  0]LogCrashTracker: Crashtracker disabled due to settings.
[2017.07.24-10.13.12:306][  0]LogContentBrowser: Native class hierarchy updated for 'HierarchicalLODOutliner' in 0.0025 seconds. Added 1 classes and 2 folders.
[2017.07.24-10.13.12:307][  0]LogLoad: Full Startup: 41.60 seconds (BP compile: 1.25 seconds)
[2017.07.24-10.13.12:307][  0]LogExternalProfiler: Found external profiler: VSPerf
[2017.07.24-10.13.12:307][  0]LogExternalProfiler: Using external profiler: VSPerf
[2017.07.24-10.13.12:318][  0]LogOcInput: OculusInput pre-init called
[2017.07.24-10.13.12:337][  0]LogContentStreaming: Texture pool size now 1000 MB
[2017.07.24-10.13.12:520][  0]LogRenderer: Reallocating scene render targets to support 1616x600 (Frame:2).
[2017.07.24-10.13.12:607][  1]LogAssetRegistry: Asset discovery search completed in 7.3592 seconds
[2017.07.24-10.13.12:607][  1]LogCollectionManager: Rebuilt the object cache for 0 collections in 0.000001 seconds (found 0 objects)
[2017.07.24-10.13.12:607][  1]LogCollectionManager: Fixed up redirectors for 0 collections in 0.000018 seconds (updated 0 objects)
[2017.07.24-10.13.14:449][153]LogBlueprintUserMessages: Early PlayInEditor Detection: Level '/Game/Ava/Maps/PalaceLevel.PalaceLevel:PersistentLevel' has LevelScriptBlueprint '/Game/Ava/Maps/PalaceLevel.PalaceLevel:PersistentLevel.PalaceLevel' with GeneratedClass '/Game/Ava/Maps/PalaceLevel.PalaceLevel_C' with ClassGeneratedBy '/Game/Ava/Maps/PalaceLevel.PalaceLevel:PersistentLevel.PalaceLevel'
[2017.07.24-10.13.14:449][153]LogPlayLevel: PlayLevel: No blueprints needed recompiling
[2017.07.24-10.13.14:450][153]PIE: New page: PIE session: PalaceLevel (24 Jul 2017 11:13:14)
[2017.07.24-10.13.14:450][153]LogPlayLevel: Creating play world package: /Game/Ava/Maps/UEDPIE_0_PalaceLevel
[2017.07.24-10.13.14:515][153]LogPlayLevel: PIE: StaticDuplicateObject took: (0.064223s)
[2017.07.24-10.13.14:515][153]LogAIModule: Creating AISystem for world PalaceLevel
[2017.07.24-10.13.14:515][153]LogPlayLevel: PIE: World Init took: (0.000571s)
[2017.07.24-10.13.14:516][153]LogPlayLevel: PIE: Created PIE world by copying editor world from /Game/Ava/Maps/PalaceLevel.PalaceLevel to /Game/Ava/Maps/UEDPIE_0_PalaceLevel.PalaceLevel (0.065158s)
[2017.07.24-10.13.14:576][153]LogInit: XAudio2 using 'Speakers (Realtek High Definition Audio)' : 2 channels at 48 kHz using 32 bits per sample (channel mask 0x3)
[2017.07.24-10.13.14:585][153]LogInit: FAudioDevice initialized.
[2017.07.24-10.13.14:652][153]LogWorld: Game class is 'AvaGameMode'
[2017.07.24-10.13.14:681][153]LogWorld: Bringing World /Game/Ava/Maps/UEDPIE_0_PalaceLevel.PalaceLevel up for play (max tick rate 0) at 2017.07.24-11.13.14
[2017.07.24-10.13.14:684][153]LogWorld: Bringing up level for play took: 0.031435
[2017.07.24-10.13.14:690][153]LogContentBrowser: Native class hierarchy updated for 'MovieSceneCapture' in 0.0025 seconds. Added 11 classes and 0 folders.
[2017.07.24-10.13.14:694][153]LogBlueprintUserMessages: [GameUIBP_C_0] SEt UI
[2017.07.24-10.13.14:695][153]PIE: Info Play in editor start time for /Game/Ava/Maps/UEDPIE_0_PalaceLevel 1.22
[2017.07.24-10.13.14:695][153]LogBlueprintUserMessages: Late PlayInEditor Detection: Level '/Game/Ava/Maps/PalaceLevel.PalaceLevel:PersistentLevel' has LevelScriptBlueprint '/Game/Ava/Maps/PalaceLevel.PalaceLevel:PersistentLevel.PalaceLevel' with GeneratedClass '/Game/Ava/Maps/PalaceLevel.PalaceLevel_C' with ClassGeneratedBy '/Game/Ava/Maps/PalaceLevel.PalaceLevel:PersistentLevel.PalaceLevel'
[2017.07.24-10.13.23:002][139]LogBlueprintUserMessages: Early EndPlayMap Detection: Level '/Game/Ava/Maps/PalaceLevel.PalaceLevel:PersistentLevel' has LevelScriptBlueprint '/Game/Ava/Maps/PalaceLevel.PalaceLevel:PersistentLevel.PalaceLevel' with GeneratedClass '/Game/Ava/Maps/PalaceLevel.PalaceLevel_C' with ClassGeneratedBy '/Game/Ava/Maps/PalaceLevel.PalaceLevel:PersistentLevel.PalaceLevel'
[2017.07.24-10.13.23:037][139]LogBlueprintUserMessages: Late EndPlayMap Detection: Level '/Game/Ava/Maps/PalaceLevel.PalaceLevel:PersistentLevel' has LevelScriptBlueprint '/Game/Ava/Maps/PalaceLevel.PalaceLevel:PersistentLevel.PalaceLevel' with GeneratedClass '/Game/Ava/Maps/PalaceLevel.PalaceLevel_C' with ClassGeneratedBy '/Game/Ava/Maps/PalaceLevel.PalaceLevel:PersistentLevel.PalaceLevel'
[2017.07.24-10.13.29:702][803]LogEditor: Attempting to add actor of class 'RedPuzzle' to level at -1435.00,-8495.00,4650.00
[2017.07.24-10.13.30:492][891]LogEditor: Attempting to add actor of class 'RedPuzzle' to level at 1605.00,-3265.00,90.00
[2017.07.24-10.13.31:321][950]LogBlueprintUserMessages: Early PlayInEditor Detection: Level '/Game/Ava/Maps/PalaceLevel.PalaceLevel:PersistentLevel' has LevelScriptBlueprint '/Game/Ava/Maps/PalaceLevel.PalaceLevel:PersistentLevel.PalaceLevel' with GeneratedClass '/Game/Ava/Maps/PalaceLevel.PalaceLevel_C' with ClassGeneratedBy '/Game/Ava/Maps/PalaceLevel.PalaceLevel:PersistentLevel.PalaceLevel'
[2017.07.24-10.13.31:321][950]LogPlayLevel: PlayLevel: No blueprints needed recompiling
[2017.07.24-10.13.31:321][950]PIE: New page: PIE session: PalaceLevel (24 Jul 2017 11:13:31)
[2017.07.24-10.13.31:321][950]LogPlayLevel: Creating play world package: /Game/Ava/Maps/UEDPIE_0_PalaceLevel
[2017.07.24-10.13.31:377][950]LogPlayLevel: PIE: StaticDuplicateObject took: (0.055729s)
[2017.07.24-10.13.31:377][950]LogAIModule: Creating AISystem for world PalaceLevel
[2017.07.24-10.13.31:377][950]LogPlayLevel: PIE: World Init took: (0.000589s)
[2017.07.24-10.13.31:378][950]LogPlayLevel: PIE: Created PIE world by copying editor world from /Game/Ava/Maps/PalaceLevel.PalaceLevel to /Game/Ava/Maps/UEDPIE_0_PalaceLevel.PalaceLevel (0.056671s)
[2017.07.24-10.13.31:388][950]LogInit: XAudio2 using 'Speakers (Realtek High Definition Audio)' : 2 channels at 48 kHz using 32 bits per sample (channel mask 0x3)
[2017.07.24-10.13.31:395][950]LogInit: FAudioDevice initialized.
[2017.07.24-10.13.31:443][950]LogWorld: Game class is 'AvaGameMode'
[2017.07.24-10.13.31:472][950]LogWorld: Bringing World /Game/Ava/Maps/UEDPIE_0_PalaceLevel.PalaceLevel up for play (max tick rate 0) at 2017.07.24-11.13.31
[2017.07.24-10.13.31:475][950]LogWorld: Bringing up level for play took: 0.030788
[2017.07.24-10.13.31:477][950]LogBlueprintUserMessages: [GameUIBP_C_1] SEt UI
[2017.07.24-10.13.31:477][950]PIE: Info Play in editor start time for /Game/Ava/Maps/UEDPIE_0_PalaceLevel 0.004
[2017.07.24-10.13.31:477][950]LogBlueprintUserMessages: Late PlayInEditor Detection: Level '/Game/Ava/Maps/PalaceLevel.PalaceLevel:PersistentLevel' has LevelScriptBlueprint '/Game/Ava/Maps/PalaceLevel.PalaceLevel:PersistentLevel.PalaceLevel' with GeneratedClass '/Game/Ava/Maps/PalaceLevel.PalaceLevel_C' with ClassGeneratedBy '/Game/Ava/Maps/PalaceLevel.PalaceLevel:PersistentLevel.PalaceLevel'
[2017.07.24-10.13.32:844][109]LogBlueprintUserMessages: Early EndPlayMap Detection: Level '/Game/Ava/Maps/PalaceLevel.PalaceLevel:PersistentLevel' has LevelScriptBlueprint '/Game/Ava/Maps/PalaceLevel.PalaceLevel:PersistentLevel.PalaceLevel' with GeneratedClass '/Game/Ava/Maps/PalaceLevel.PalaceLevel_C' with ClassGeneratedBy '/Game/Ava/Maps/PalaceLevel.PalaceLevel:PersistentLevel.PalaceLevel'
[2017.07.24-10.13.32:886][109]LogBlueprintUserMessages: Late EndPlayMap Detection: Level '/Game/Ava/Maps/PalaceLevel.PalaceLevel:PersistentLevel' has LevelScriptBlueprint '/Game/Ava/Maps/PalaceLevel.PalaceLevel:PersistentLevel.PalaceLevel' with GeneratedClass '/Game/Ava/Maps/PalaceLevel.PalaceLevel_C' with ClassGeneratedBy '/Game/Ava/Maps/PalaceLevel.PalaceLevel:PersistentLevel.PalaceLevel'
[2017.07.24-10.13.35:130][255]LogEditorActor: Deleted Actor: RedPuzzle
[2017.07.24-10.13.35:138][255]LogEditorActor: Deleted 1 Actors (0.011 secs)
[2017.07.24-10.14.10:576][809]LogHotReload: New module detected: UE4Editor-Ava-6255.dll
[2017.07.24-10.14.13:257][818]LogHotReload: Starting Hot-Reload from IDE
[2017.07.24-10.14.13:310][818]LogClass: ItemDataVariables HotReload.
[2017.07.24-10.14.13:310][818]LogClass: Item HotReload.
[2017.07.24-10.14.13:311][818]LogHotReload: Re-instancing Antelope after hot-reload.
[2017.07.24-10.14.13:353][818]LogHotReload: Re-instancing Door after hot-reload.
[2017.07.24-10.14.13:734][818]LogHotReload: Re-instancing PushPullItem after hot-reload.
[2017.07.24-10.14.13:984][818]LogHotReload: Re-instancing PickUpItem after hot-reload.
[2017.07.24-10.14.14:313][818]LogHotReload: Re-instancing MainCharacter after hot-reload.
[2017.07.24-10.14.14:463][818]LogHotReload: Re-instancing OfferingPit after hot-reload.
[2017.07.24-10.14.14:544][818]LogHotReload: Re-instancing OfferingStatue after hot-reload.
[2017.07.24-10.14.14:708][818]LogHotReload: Re-instancing StatueObject after hot-reload.
[2017.07.24-10.14.14:901][818]LogHotReload: Re-instancing BluePuzzle after hot-reload.
[2017.07.24-10.14.14:989][818]LogHotReload: Re-instancing GreenPuzzle after hot-reload.
[2017.07.24-10.14.15:071][818]LogHotReload: Re-instancing RedPuzzle after hot-reload.
[2017.07.24-10.14.15:168][818]LogHotReload: Re-instancing WhitePuzzle after hot-reload.
[2017.07.24-10.14.15:256][818]LogContentBrowser: Native class hierarchy updated for 'Ava' in 0.0027 seconds. Added 23 classes and 2 folders.
[2017.07.24-10.14.15:257][818]Warning: HotReload successful (14 functions remapped  0 scriptstructs remapped)
[2017.07.24-10.14.15:366][818]LogContentBrowser: Native class hierarchy populated in 0.0127 seconds. Added 2103 classes and 380 folders.
[2017.07.24-10.14.15:370][818]Warning: HotReload took  2.1s.
[2017.07.24-10.17.07:294][501]LogBlueprintUserMessages: Early PlayInEditor Detection: Level '/Game/Ava/Maps/PalaceLevel.PalaceLevel:PersistentLevel' has LevelScriptBlueprint '/Game/Ava/Maps/PalaceLevel.PalaceLevel:PersistentLevel.PalaceLevel' with GeneratedClass '/Game/Ava/Maps/PalaceLevel.PalaceLevel_C' with ClassGeneratedBy '/Game/Ava/Maps/PalaceLevel.PalaceLevel:PersistentLevel.PalaceLevel'
[2017.07.24-10.17.07:294][501]LogPlayLevel: PlayLevel: No blueprints needed recompiling
[2017.07.24-10.17.07:294][501]PIE: New page: PIE session: PalaceLevel (24 Jul 2017 11:17:07)
[2017.07.24-10.17.07:294][501]LogPlayLevel: Creating play world package: /Game/Ava/Maps/UEDPIE_0_PalaceLevel
[2017.07.24-10.17.07:356][501]LogPlayLevel: PIE: StaticDuplicateObject took: (0.061878s)
[2017.07.24-10.17.07:356][501]LogAIModule: Creating AISystem for world PalaceLevel
[2017.07.24-10.17.07:356][501]LogPlayLevel: PIE: World Init took: (0.000708s)
[2017.07.24-10.17.07:357][501]LogPlayLevel: PIE: Created PIE world by copying editor world from /Game/Ava/Maps/PalaceLevel.PalaceLevel to /Game/Ava/Maps/UEDPIE_0_PalaceLevel.PalaceLevel (0.062943s)
[2017.07.24-10.17.07:374][501]LogInit: XAudio2 using 'Speakers (Realtek High Definition Audio)' : 2 channels at 48 kHz using 32 bits per sample (channel mask 0x3)
[2017.07.24-10.17.07:385][501]LogInit: FAudioDevice initialized.
[2017.07.24-10.17.07:444][501]LogWorld: Game class is 'AvaGameMode'
[2017.07.24-10.17.07:480][501]LogWorld: Bringing World /Game/Ava/Maps/UEDPIE_0_PalaceLevel.PalaceLevel up for play (max tick rate 0) at 2017.07.24-11.17.07
[2017.07.24-10.17.07:484][501]LogWorld: Bringing up level for play took: 0.038645
[2017.07.24-10.17.07:486][501]LogBlueprintUserMessages: [GameUIBP_C_29] SEt UI
[2017.07.24-10.17.07:487][501]PIE: Info Play in editor start time for /Game/Ava/Maps/UEDPIE_0_PalaceLevel 0.024
[2017.07.24-10.17.07:487][501]LogBlueprintUserMessages: Late PlayInEditor Detection: Level '/Game/Ava/Maps/PalaceLevel.PalaceLevel:PersistentLevel' has LevelScriptBlueprint '/Game/Ava/Maps/PalaceLevel.PalaceLevel:PersistentLevel.PalaceLevel' with GeneratedClass '/Game/Ava/Maps/PalaceLevel.PalaceLevel_C' with ClassGeneratedBy '/Game/Ava/Maps/PalaceLevel.PalaceLevel:PersistentLevel.PalaceLevel'
[2017.07.24-10.17.09:525][736]LogBlueprintUserMessages: Early EndPlayMap Detection: Level '/Game/Ava/Maps/PalaceLevel.PalaceLevel:PersistentLevel' has LevelScriptBlueprint '/Game/Ava/Maps/PalaceLevel.PalaceLevel:PersistentLevel.PalaceLevel' with GeneratedClass '/Game/Ava/Maps/PalaceLevel.PalaceLevel_C' with ClassGeneratedBy '/Game/Ava/Maps/PalaceLevel.PalaceLevel:PersistentLevel.PalaceLevel'
[2017.07.24-10.17.09:568][736]LogBlueprintUserMessages: Late EndPlayMap Detection: Level '/Game/Ava/Maps/PalaceLevel.PalaceLevel:PersistentLevel' has LevelScriptBlueprint '/Game/Ava/Maps/PalaceLevel.PalaceLevel:PersistentLevel.PalaceLevel' with GeneratedClass '/Game/Ava/Maps/PalaceLevel.PalaceLevel_C' with ClassGeneratedBy '/Game/Ava/Maps/PalaceLevel.PalaceLevel:PersistentLevel.PalaceLevel'
[2017.07.24-10.17.36:635][857]LogHotReload: New module detected: UE4Editor-Ava-6325.dll
[2017.07.24-10.17.39:651][867]LogHotReload: Starting Hot-Reload from IDE
[2017.07.24-10.17.39:691][867]LogClass: ItemDataVariables HotReload.
[2017.07.24-10.17.39:691][867]LogClass: Item HotReload.
[2017.07.24-10.17.39:693][867]LogHotReload: Re-instancing Antelope after hot-reload.
[2017.07.24-10.17.39:732][867]LogHotReload: Re-instancing Door after hot-reload.
[2017.07.24-10.17.39:946][867]LogHotReload: Re-instancing PushPullItem after hot-reload.
[2017.07.24-10.17.40:202][867]LogHotReload: Re-instancing PickUpItem after hot-reload.
[2017.07.24-10.17.40:255][867]LogProperty:Warning: Serialized Class /Script/Ava.PickUpItem for a property of Class /Script/Engine.BoxComponent. Reference will be NULLed.
    Property = ObjectProperty /Script/Ava.Puzzle:boxCollider
    Item = PickUpItem /Script/Ava.Default__PickUpItem
[2017.07.24-10.17.40:255][867]LogProperty:Warning: Serialized Class /Script/Ava.PickUpItem for a property of Class /Script/Engine.SceneComponent. Reference will be NULLed.
    Property = ObjectProperty /Script/Engine.Actor:RootComponent
    Item = PickUpItem /Script/Ava.Default__PickUpItem
[2017.07.24-10.17.40:255][867]LogProperty:Warning: Serialized Class /Script/Ava.PickUpItem for a property of Class /Script/Engine.BoxComponent. Reference will be NULLed.
    Property = ObjectProperty /Script/Ava.Puzzle:boxCollider
    Item = PickUpItem /Script/Ava.Default__PickUpItem
[2017.07.24-10.17.40:255][867]LogProperty:Warning: Serialized Class /Script/Ava.PickUpItem for a property of Class /Script/Engine.SceneComponent. Reference will be NULLed.
    Property = ObjectProperty /Script/Engine.Actor:RootComponent
    Item = PickUpItem /Script/Ava.Default__PickUpItem
[2017.07.24-10.17.40:255][867]LogProperty:Warning: Serialized Class /Script/Ava.PickUpItem for a property of Class /Script/Engine.BoxComponent. Reference will be NULLed.
    Property = ObjectProperty /Script/Ava.Puzzle:boxCollider
    Item = PickUpItem /Script/Ava.Default__PickUpItem
[2017.07.24-10.17.40:255][867]LogProperty:Warning: Serialized Class /Script/Ava.PickUpItem for a property of Class /Script/Engine.SceneComponent. Reference will be NULLed.
    Property = ObjectProperty /Script/Engine.Actor:RootComponent
    Item = PickUpItem /Script/Ava.Default__PickUpItem
[2017.07.24-10.17.40:529][867]LogHotReload: Re-instancing MainCharacter after hot-reload.
[2017.07.24-10.17.40:674][867]LogHotReload: Re-instancing OfferingPit after hot-reload.
[2017.07.24-10.17.40:768][867]LogHotReload: Re-instancing OfferingStatue after hot-reload.
[2017.07.24-10.17.40:922][867]LogHotReload: Re-instancing StatueObject after hot-reload.
[2017.07.24-10.17.41:122][867]LogHotReload: Re-instancing BluePuzzle after hot-reload.
[2017.07.24-10.17.41:198][867]LogHotReload: Re-instancing GreenPuzzle after hot-reload.
[2017.07.24-10.17.41:277][867]LogHotReload: Re-instancing RedPuzzle after hot-reload.
[2017.07.24-10.17.41:385][867]LogHotReload: Re-instancing WhitePuzzle after hot-reload.
[2017.07.24-10.17.41:468][867]LogContentBrowser: Native class hierarchy updated for 'Ava' in 0.0026 seconds. Added 23 classes and 2 folders.
[2017.07.24-10.17.41:469][867]Warning: HotReload successful (14 functions remapped  0 scriptstructs remapped)
[2017.07.24-10.17.41:527][867]LogContentBrowser: Native class hierarchy populated in 0.0096 seconds. Added 2103 classes and 380 folders.
[2017.07.24-10.17.41:530][867]Warning: HotReload took  1.9s.
[2017.07.24-10.18.23:477][ 77]LogBlueprintUserMessages: Early PlayInEditor Detection: Level '/Game/Ava/Maps/PalaceLevel.PalaceLevel:PersistentLevel' has LevelScriptBlueprint '/Game/Ava/Maps/PalaceLevel.PalaceLevel:PersistentLevel.PalaceLevel' with GeneratedClass '/Game/Ava/Maps/PalaceLevel.PalaceLevel_C' with ClassGeneratedBy '/Game/Ava/Maps/PalaceLevel.PalaceLevel:PersistentLevel.PalaceLevel'
[2017.07.24-10.18.23:477][ 77]LogPlayLevel: PlayLevel: No blueprints needed recompiling
[2017.07.24-10.18.23:478][ 77]PIE: New page: PIE session: PalaceLevel (24 Jul 2017 11:18:23)
[2017.07.24-10.18.23:478][ 77]LogPlayLevel: Creating play world package: /Game/Ava/Maps/UEDPIE_0_PalaceLevel
[2017.07.24-10.18.23:535][ 77]LogPlayLevel: PIE: StaticDuplicateObject took: (0.057501s)
[2017.07.24-10.18.23:536][ 77]LogAIModule: Creating AISystem for world PalaceLevel
[2017.07.24-10.18.23:536][ 77]LogPlayLevel: PIE: World Init took: (0.000624s)
[2017.07.24-10.18.23:536][ 77]LogPlayLevel: PIE: Created PIE world by copying editor world from /Game/Ava/Maps/PalaceLevel.PalaceLevel to /Game/Ava/Maps/UEDPIE_0_PalaceLevel.PalaceLevel (0.058458s)
[2017.07.24-10.18.23:548][ 77]LogInit: XAudio2 using 'Speakers (Realtek High Definition Audio)' : 2 channels at 48 kHz using 32 bits per sample (channel mask 0x3)
[2017.07.24-10.18.23:555][ 77]LogInit: FAudioDevice initialized.
[2017.07.24-10.18.23:602][ 77]LogWorld: Game class is 'AvaGameMode'
[2017.07.24-10.18.23:632][ 77]LogWorld: Bringing World /Game/Ava/Maps/UEDPIE_0_PalaceLevel.PalaceLevel up for play (max tick rate 0) at 2017.07.24-11.18.23
[2017.07.24-10.18.23:634][ 77]LogWorld: Bringing up level for play took: 0.031343
[2017.07.24-10.18.23:636][ 77]LogBlueprintUserMessages: [GameUIBP_C_31] SEt UI
[2017.07.24-10.18.23:637][ 77]PIE: Info Play in editor start time for /Game/Ava/Maps/UEDPIE_0_PalaceLevel 0.178
[2017.07.24-10.18.23:637][ 77]LogBlueprintUserMessages: Late PlayInEditor Detection: Level '/Game/Ava/Maps/PalaceLevel.PalaceLevel:PersistentLevel' has LevelScriptBlueprint '/Game/Ava/Maps/PalaceLevel.PalaceLevel:PersistentLevel.PalaceLevel' with GeneratedClass '/Game/Ava/Maps/PalaceLevel.PalaceLevel_C' with ClassGeneratedBy '/Game/Ava/Maps/PalaceLevel.PalaceLevel:PersistentLevel.PalaceLevel'
[2017.07.24-10.18.25:076][245]LogBlueprintUserMessages: Early EndPlayMap Detection: Level '/Game/Ava/Maps/PalaceLevel.PalaceLevel:PersistentLevel' has LevelScriptBlueprint '/Game/Ava/Maps/PalaceLevel.PalaceLevel:PersistentLevel.PalaceLevel' with GeneratedClass '/Game/Ava/Maps/PalaceLevel.PalaceLevel_C' with ClassGeneratedBy '/Game/Ava/Maps/PalaceLevel.PalaceLevel:PersistentLevel.PalaceLevel'
[2017.07.24-10.18.25:119][245]LogBlueprintUserMessages: Late EndPlayMap Detection: Level '/Game/Ava/Maps/PalaceLevel.PalaceLevel:PersistentLevel' has LevelScriptBlueprint '/Game/Ava/Maps/PalaceLevel.PalaceLevel:PersistentLevel.PalaceLevel' with GeneratedClass '/Game/Ava/Maps/PalaceLevel.PalaceLevel_C' with ClassGeneratedBy '/Game/Ava/Maps/PalaceLevel.PalaceLevel:PersistentLevel.PalaceLevel'
[2017.07.24-10.20.08:486][585]LogHotReload: New module detected: UE4Editor-Ava-6937.dll
[2017.07.24-10.20.11:169][594]LogHotReload: Starting Hot-Reload from IDE
[2017.07.24-10.20.11:214][594]LogClass: ItemDataVariables HotReload.
[2017.07.24-10.20.11:214][594]LogClass: Item HotReload.
[2017.07.24-10.20.11:215][594]LogHotReload: Re-instancing Antelope after hot-reload.
[2017.07.24-10.20.11:253][594]LogHotReload: Re-instancing Door after hot-reload.
[2017.07.24-10.20.11:449][594]LogHotReload: Re-instancing PushPullItem after hot-reload.
[2017.07.24-10.20.11:727][594]LogHotReload: Re-instancing PickUpItem after hot-reload.
[2017.07.24-10.20.12:061][594]LogHotReload: Re-instancing MainCharacter after hot-reload.
[2017.07.24-10.20.12:231][594]LogHotReload: Re-instancing OfferingPit after hot-reload.
[2017.07.24-10.20.12:334][594]LogHotReload: Re-instancing OfferingStatue after hot-reload.
[2017.07.24-10.20.12:535][594]LogHotReload: Re-instancing StatueObject after hot-reload.
[2017.07.24-10.20.12:759][594]LogHotReload: Re-instancing BluePuzzle after hot-reload.
[2017.07.24-10.20.12:836][594]LogHotReload: Re-instancing GreenPuzzle after hot-reload.
[2017.07.24-10.20.12:918][594]LogHotReload: Re-instancing RedPuzzle after hot-reload.
[2017.07.24-10.20.13:022][594]LogHotReload: Re-instancing WhitePuzzle after hot-reload.
[2017.07.24-10.20.13:101][594]LogContentBrowser: Native class hierarchy updated for 'Ava' in 0.0028 seconds. Added 23 classes and 2 folders.
[2017.07.24-10.20.13:102][594]Warning: HotReload successful (14 functions remapped  0 scriptstructs remapped)
[2017.07.24-10.20.13:165][594]LogContentBrowser: Native class hierarchy populated in 0.0096 seconds. Added 2103 classes and 380 folders.
[2017.07.24-10.20.13:168][594]Warning: HotReload took  2.0s.
[2017.07.24-10.20.36:070][776]LogBlueprintUserMessages: Early PlayInEditor Detection: Level '/Game/Ava/Maps/PalaceLevel.PalaceLevel:PersistentLevel' has LevelScriptBlueprint '/Game/Ava/Maps/PalaceLevel.PalaceLevel:PersistentLevel.PalaceLevel' with GeneratedClass '/Game/Ava/Maps/PalaceLevel.PalaceLevel_C' with ClassGeneratedBy '/Game/Ava/Maps/PalaceLevel.PalaceLevel:PersistentLevel.PalaceLevel'
[2017.07.24-10.20.36:070][776]LogPlayLevel: PlayLevel: No blueprints needed recompiling
[2017.07.24-10.20.36:070][776]PIE: New page: PIE session: PalaceLevel (24 Jul 2017 11:20:36)
[2017.07.24-10.20.36:070][776]LogPlayLevel: Creating play world package: /Game/Ava/Maps/UEDPIE_0_PalaceLevel
[2017.07.24-10.20.36:107][776]LogProperty:Warning: Serialized Class /Script/Ava.RoutePoint for a property of Class /Script/Engine.SphereComponent. Reference will be NULLed.
    Property = ObjectProperty /Script/Ava.OfferingStatue:overlappingSphere
    Item = RoutePoint /Script/Ava.Default__RoutePoint
[2017.07.24-10.20.36:107][776]LogProperty:Warning: Serialized Class /Script/Ava.RoutePoint for a property of Class /Script/Engine.SceneComponent. Reference will be NULLed.
    Property = ObjectProperty /Script/Engine.Actor:RootComponent
    Item = RoutePoint /Script/Ava.Default__RoutePoint
[2017.07.24-10.20.36:107][776]LogProperty:Warning: Serialized Class /Script/Ava.RoutePoint for a property of Class /Script/Engine.SceneComponent. Reference will be NULLed.
    Property = ObjectProperty /Script/Engine.SceneComponent:AttachParent
    Item = RoutePoint /Script/Ava.Default__RoutePoint
[2017.07.24-10.20.36:107][776]LogProperty:Warning: Serialized Class /Script/Ava.RoutePoint for a property of Class /Script/Engine.SceneComponent. Reference will be NULLed.
    Property = ObjectProperty /Script/Engine.SceneComponent:AttachParent
    Item = RoutePoint /Script/Ava.Default__RoutePoint
[2017.07.24-10.20.36:137][776]LogPlayLevel: PIE: StaticDuplicateObject took: (0.067122s)
[2017.07.24-10.20.36:138][776]LogAIModule: Creating AISystem for world PalaceLevel
[2017.07.24-10.20.36:138][776]LogPlayLevel: PIE: World Init took: (0.000658s)
[2017.07.24-10.20.36:138][776]LogPlayLevel: PIE: Created PIE world by copying editor world from /Game/Ava/Maps/PalaceLevel.PalaceLevel to /Game/Ava/Maps/UEDPIE_0_PalaceLevel.PalaceLevel (0.068143s)
[2017.07.24-10.20.36:151][776]LogInit: XAudio2 using 'Speakers (Realtek High Definition Audio)' : 2 channels at 48 kHz using 32 bits per sample (channel mask 0x3)
[2017.07.24-10.20.36:162][776]LogInit: FAudioDevice initialized.
[2017.07.24-10.20.36:214][776]LogWorld: Game class is 'AvaGameMode'
[2017.07.24-10.20.36:247][776]LogWorld: Bringing World /Game/Ava/Maps/UEDPIE_0_PalaceLevel.PalaceLevel up for play (max tick rate 0) at 2017.07.24-11.20.36
[2017.07.24-10.20.36:250][776]LogWorld: Bringing up level for play took: 0.034498
[2017.07.24-10.20.36:252][776]LogBlueprintUserMessages: [GameUIBP_C_34] SEt UI
[2017.07.24-10.20.36:252][776]PIE: Info Play in editor start time for /Game/Ava/Maps/UEDPIE_0_PalaceLevel 0.8
[2017.07.24-10.20.36:252][776]LogBlueprintUserMessages: Late PlayInEditor Detection: Level '/Game/Ava/Maps/PalaceLevel.PalaceLevel:PersistentLevel' has LevelScriptBlueprint '/Game/Ava/Maps/PalaceLevel.PalaceLevel:PersistentLevel.PalaceLevel' with GeneratedClass '/Game/Ava/Maps/PalaceLevel.PalaceLevel_C' with ClassGeneratedBy '/Game/Ava/Maps/PalaceLevel.PalaceLevel:PersistentLevel.PalaceLevel'
[2017.07.24-10.20.37:210][776]LogCrashTracker: 


[2017.07.24-10.20.37:210][776]LogCrashTracker: 


[2017.07.24-10.20.37:210][776]LogWindows:Error: === Critical error: ===


[2017.07.24-10.20.37:228][776]LogExit: Executing StaticShutdownAfterError
[2017.07.24-10.20.37:233][776]LogWindows: FPlatformMisc::RequestExit(1)
[2017.07.24-10.20.37:233][776]Log file closed, 07/24/17 11:20:37
