Log file open, 07/20/17 13:45:28
LogInit:Display: Running engine for game: Ava
LogPlatformFile: Not using cached read wrapper
LogInit:Display: RandInit(1623757927) SRandInit(1623757929).
LogTaskGraph: Started task graph with 4 named threads and 9 total threads with 1 sets of task threads.
LogStats: Stats thread started at 0.104561
LogInit: Version: 4.12.5-3039270+++UE4+Release-4.12
LogInit: API Version: 2992821
LogInit: Net Version: 3039270
LogDevObjectVersion: Number of dev versions registered: 13
LogDevObjectVersion:   Dev-Blueprints (B0D832E4-1F89-4F0D-ACCF-7EB736FD4AA2): 3
LogDevObjectVersion:   Dev-Build (E1C64328-A22C-4D53-A36C-8E866417BD8C): 0
LogDevObjectVersion:   Dev-Core (375EC13C-06E4-48FB-B500-84F0262A717E): 1
LogDevObjectVersion:   Dev-Editor (E4B068ED-F494-42E9-A231-DA0B2E46BB41): 2
LogDevObjectVersion:   Dev-Framework (CFFC743F-43B0-4480-9391-14DF171D2073): 6
LogDevObjectVersion:   Dev-Mobile (B02B49B5-BB20-44E9-A304-32B752E40360): 0
LogDevObjectVersion:   Dev-Networking (A4E4105C-59A1-49B5-A7C5-40C4547EDFEE): 0
LogDevObjectVersion:   Dev-Online (39C831C9-5AE6-47DC-9A44-9C173E1C8E7C): 0
LogDevObjectVersion:   Dev-Physics (78F01B33-EBEA-4F98-B9B4-84EACCB95AA2): 0
LogDevObjectVersion:   Dev-Platform (6631380F-2D4D-43E0-8009-CF276956A95A): 0
LogDevObjectVersion:   Dev-Rendering (12F88B9F-8875-4AFC-A67C-D90C383ABD29): 2
LogDevObjectVersion:   Dev-Sequencer (7B5AE74C-D270-4C10-A958-57980B212A5A): 0
LogDevObjectVersion:   Dev-VR (D7296918-1DD6-4BDD-9DE2-64A83CC13884): 0
LogInit: Compiled (64-bit): Jul  6 2016 09:09:46
LogInit: Compiled with Visual C++: 19.00.23026.00
LogInit: Build Configuration: Development
LogInit: Branch Name: ++UE4+Release-4.12
LogInit: Command line:  
LogInit: Base directory: C:/Program Files/Epic Games/4.12/Engine/Binaries/Win64/
LogInit: Installed Engine Build: 1
LogInit: Using libcurl 7.41.0
LogInit:  - built for x86_64-pc-win32
LogInit:  - supports SSL with WinSSL
LogInit:  - other features:
LogInit:      CURL_VERSION_SSL
LogInit:      CURL_VERSION_IPV6
LogInit:      CURL_VERSION_ASYNCHDNS
LogInit:      CURL_VERSION_LARGEFILE
LogInit:      CURL_VERSION_IDN
LogInit:  CurlRequestOptions (configurable via config and command line):
LogInit:  - bVerifyPeer = true  - Libcurl will verify peer certificate
LogInit:  - bUseHttpProxy = false  - Libcurl will NOT use HTTP proxy
LogInit:  - bDontReuseConnections = false  - Libcurl will reuse connections
LogInit:  - CertBundlePath = nullptr  - Libcurl will use whatever was configured at build time.
LogInit: Presizing for max 8388607 objects, including 0 objects not considered by GC, pre-allocating 0 bytes for permanent pool.
LogInit: Object subsystem initialized
[2017.07.20-12.45.28:680][  0]LogInit: Selected Device Profile: [Windows]
[2017.07.20-12.45.28:680][  0]LogInit: Applying CVar settings loaded from the selected device profile: [Windows]
[2017.07.20-12.45.28:689][  0]LogInit: Computer: PC42640
[2017.07.20-12.45.28:689][  0]LogInit: User: i7230020
[2017.07.20-12.45.28:689][  0]LogInit: CPU Page size=65536, Cores=6
[2017.07.20-12.45.28:689][  0]LogInit: High frequency timer resolution =3.410097 MHz
[2017.07.20-12.45.28:689][  0]LogMemory: Memory total: Physical=31.9GB (32GB approx)
[2017.07.20-12.45.28:689][  0]LogMemory: Platform Memory Stats for Windows
[2017.07.20-12.45.28:689][  0]LogMemory: Process Physical Memory: 196.01 MB used, 196.01 MB peak
[2017.07.20-12.45.28:689][  0]LogMemory: Process Virtual Memory: 198.95 MB used, 198.95 MB peak
[2017.07.20-12.45.28:689][  0]LogMemory: Physical Memory: 11787.38 MB used, 32684.15 MB total
[2017.07.20-12.45.28:689][  0]LogMemory: Virtual Memory: 539.58 MB used, 8388608.00 MB total
[2017.07.20-12.45.28:754][  0]LogTextLocalizationManager: No specific translations for ('en-GB') exist, so ('en') translations will be used.
[2017.07.20-12.45.29:210][  0]LogD3D11RHI: D3D11 adapters:
[2017.07.20-12.45.29:239][  0]LogD3D11RHI:    0. 'NVIDIA Quadro M4000' (Feature Level 11_0)
[2017.07.20-12.45.29:239][  0]LogD3D11RHI:       8092/0/16086 MB DedicatedVideo/DedicatedSystem/SharedSystem, Outputs:1, VendorId:0x10de
[2017.07.20-12.45.29:239][  0]LogD3D11RHI: Chosen D3D11 Adapter: 0
[2017.07.20-12.45.29:257][  0]LogD3D11RHI: Creating new Direct3DDevice
[2017.07.20-12.45.29:258][  0]LogD3D11RHI:     GPU DeviceId: 0x13f1 (for the marketing name, search the web for "GPU Device Id")
[2017.07.20-12.45.29:258][  0]LogWindows: EnumDisplayDevices:
[2017.07.20-12.45.29:259][  0]LogWindows:    0. 'NVIDIA Quadro M4000' (P:1 D:1)
[2017.07.20-12.45.29:261][  0]LogWindows:    1. 'NVIDIA Quadro M4000' (P:0 D:0)
[2017.07.20-12.45.29:262][  0]LogWindows:    2. 'NVIDIA Quadro M4000' (P:0 D:0)
[2017.07.20-12.45.29:263][  0]LogWindows:    3. 'NVIDIA Quadro M4000' (P:0 D:0)
[2017.07.20-12.45.29:263][  0]LogWindows:    4. 'RDPDD Chained DD' (P:0 D:0)
[2017.07.20-12.45.29:265][  0]LogWindows:    5. 'RDP Encoder Mirror Driver' (P:0 D:0)
[2017.07.20-12.45.29:266][  0]LogWindows:    6. 'RDP Reflector Display Driver' (P:0 D:0)
[2017.07.20-12.45.29:267][  0]LogWindows: DebugString: GetVideoDriverDetailsInvalid PrimaryIsNotTheChoosenAdapter GetVideoDriverDetailsInvalid PrimaryIsNotTheChoosenAdapter GetVideoDriverDetailsInvalid PrimaryIsNotTheChoosenAdapter FoundDriverCount:4 
[2017.07.20-12.45.29:267][  0]LogD3D11RHI:     Adapter Name: NVIDIA Quadro M4000
[2017.07.20-12.45.29:267][  0]LogD3D11RHI:   Driver Version: 362.13 (internal:10.18.13.6213, unified:362.13)
[2017.07.20-12.45.29:267][  0]LogD3D11RHI:      Driver Date: 3-18-2016
[2017.07.20-12.45.29:267][  0]LogRHI: Texture pool is 1361 MB (70% of 1945 MB)
[2017.07.20-12.45.29:288][  0]LogD3D11RHI: Async texture creation enabled
[2017.07.20-12.45.29:302][  0]LogD3D11RHI: GPU Timing Frequency: 1000.000000 (Debug: 2 2)
[2017.07.20-12.45.29:302][  0]LogShaderCompilers: Guid format shader working directory is -8 characters bigger than the processId version (W:/University Work/Masters/MastersProject/MastersProject/Ava/Intermediate/Shaders/WorkingDirectory/51928/).
[2017.07.20-12.45.29:302][  0]LogShaderCompilers: Cleaned the shader compiler working directory 'C:/Users/I72300~1.000/AppData/Local/Temp/UnrealShaderWorkingDir/784C8E8A4386CBC5BCDEADBF4B39FCC7/'.
[2017.07.20-12.45.29:302][  0]LogShaderCompilers:Display: Using Local Shader Compiler.
[2017.07.20-12.45.30:808][  0]LogTemp:Display: Loaded TP AllDesktopTargetPlatform
[2017.07.20-12.45.30:817][  0]LogTemp:Display: Loaded TP WindowsClientTargetPlatform
[2017.07.20-12.45.30:828][  0]LogTemp:Display: Loaded TP WindowsNoEditorTargetPlatform
[2017.07.20-12.45.30:837][  0]LogTemp:Display: Loaded TP WindowsServerTargetPlatform
[2017.07.20-12.45.30:847][  0]LogTemp:Display: Loaded TP WindowsTargetPlatform
[2017.07.20-12.45.30:856][  0]LogTemp:Display: Loaded TP AndroidTargetPlatform
[2017.07.20-12.45.30:863][  0]LogTemp:Display: Loaded TP Android_ASTCTargetPlatform
[2017.07.20-12.45.30:871][  0]LogTemp:Display: Loaded TP Android_ATCTargetPlatform
[2017.07.20-12.45.30:878][  0]LogTemp:Display: Loaded TP Android_DXTTargetPlatform
[2017.07.20-12.45.30:886][  0]LogTemp:Display: Loaded TP Android_ETC1TargetPlatform
[2017.07.20-12.45.30:894][  0]LogTemp:Display: Loaded TP Android_ETC2TargetPlatform
[2017.07.20-12.45.30:914][  0]LogTemp:Display: Loaded TP Android_MultiTargetPlatform
[2017.07.20-12.45.30:914][  0]LogTemp:Display: Loaded TP Android_PVRTCTargetPlatform
[2017.07.20-12.45.30:915][  0]LogTemp:Display: Loaded TP HTML5TargetPlatform
[2017.07.20-12.45.30:936][  0]LogTemp:Display: Loaded TP IOSTargetPlatform
[2017.07.20-12.45.30:943][  0]LogTemp:Display: Loaded TP TVOSTargetPlatform
[2017.07.20-12.45.30:953][  0]LogTemp:Display: Loaded TP LinuxNoEditorTargetPlatform
[2017.07.20-12.45.30:960][  0]LogTemp:Display: Loaded TP LinuxServerTargetPlatform
[2017.07.20-12.45.30:968][  0]LogTemp:Display: Loaded TP LinuxTargetPlatform
[2017.07.20-12.45.30:968][  0]LogTargetPlatformManager:Display: Building Assets For Windows
[2017.07.20-12.45.31:095][  0]LogDerivedDataCache:Display: Max Cache Size: 512 MB
[2017.07.20-12.45.31:156][  0]LogDerivedDataCache: Loaded boot cache 0.06s 49MB C:/Users/i7230020.STUDENT.000/AppData/Local/UnrealEngine/4.12/DerivedDataCache/Boot.ddc.
[2017.07.20-12.45.31:156][  0]LogDerivedDataCache:Display: Loaded Boot cache: C:/Users/i7230020.STUDENT.000/AppData/Local/UnrealEngine/4.12/DerivedDataCache/Boot.ddc
[2017.07.20-12.45.31:156][  0]LogDerivedDataCache: FDerivedDataBackendGraph:  Pak pak cache file W:/University Work/Masters/MastersProject/MastersProject/Ava/DerivedDataCache/DDC.ddp not found, will not use a pak cache.
[2017.07.20-12.45.31:156][  0]LogDerivedDataCache: Unable to find inner node Pak for hierarchical cache Hierarchy.
[2017.07.20-12.45.31:156][  0]LogDerivedDataCache: FDerivedDataBackendGraph:  CompressedPak pak cache file W:/University Work/Masters/MastersProject/MastersProject/Ava/DerivedDataCache/Compressed.ddp not found, will not use a pak cache.
[2017.07.20-12.45.31:156][  0]LogDerivedDataCache: Unable to find inner node CompressedPak for hierarchical cache Hierarchy.
[2017.07.20-12.45.31:181][  0]LogDerivedDataCache:Display: Pak cache opened for reading ../../../Engine/DerivedDataCache/Compressed.ddp.
[2017.07.20-12.45.31:194][  0]LogDerivedDataCache: Using Local data cache path C:/Users/i7230020.STUDENT.000/AppData/Local/UnrealEngine/Common/DerivedDataCache: Writable
[2017.07.20-12.45.31:401][  0]LogInit: Selected Device Profile: [Windows]
[2017.07.20-12.45.31:402][  0]LogContentStreaming: Texture pool size is 0.00 MB
[2017.07.20-12.45.31:572][  0]LogMeshUtilities: No automatic mesh reduction module available
[2017.07.20-12.45.31:572][  0]LogMeshUtilities: No automatic mesh merging module available
[2017.07.20-12.45.31:572][  0]LogMeshUtilities: No distributed automatic mesh merging module available
[2017.07.20-12.45.31:834][  0]LogAssetRegistry: FAssetRegistry took 0.0202 seconds to start up
[2017.07.20-12.45.31:891][  0]LogPackageLocalizationCache: Processed 4 localized package path(s) for 2 prioritized culture(s) in 0.053559 seconds
[2017.07.20-12.45.31:897][  0]LogUObjectArray: 28739 objects as part of root set at end of initial load.
[2017.07.20-12.45.31:897][  0]LogUObjectAllocator: 5855624 out of 0 bytes used by permanent object pool.
[2017.07.20-12.45.31:897][  0]LogUObjectArray: CloseDisregardForGC: 0/0 objects in disregard for GC pool
[2017.07.20-12.45.31:907][  0]LogInit: WinSock: version 1.1 (2.2), MaxSocks=32767, MaxUdp=65467
[2017.07.20-12.45.32:108][  0]LogSlate: SlateFontCache - WITH_FREETYPE: 1, WITH_HARFBUZZ: 1
[2017.07.20-12.45.32:108][  0]LogSlate: SlateFontCache - WITH_FREETYPE: 1, WITH_HARFBUZZ: 1
[2017.07.20-12.45.33:415][  0]LogUdpMessaging: Initializing bridge on interface 0.0.0.0:0 to multicast group 230.0.0.1:6666.
[2017.07.20-12.45.33:508][  0]LogStats: FPlatformStackWalk::StackWalkAndDump -  0.012 s
[2017.07.20-12.45.33:508][  0]LogOutputDevice:Warning: === Handled error: ===

Ensure condition failed: !AttachmentRules.bWeldSimulatedBodies [File:D:\Build\++UE4+Release-4.12+Compile\Sync\Engine\Source\Runtime\Engine\Private\Components\SceneComponent.cpp] [Line: 1481]
AttachToComponent when called from a constructor cannot weld simulated bodies. Consider calling SetupAttachment directly instead.
Stack: 
UE4Editor-Core.dll
UE4Editor-Core.dll
UE4Editor-Core.dll
UE4Editor-Engine.dll
UE4Editor-Ava.dll
UE4Editor-CoreUObject.dll
UE4Editor-CoreUObject.dll
UE4Editor-CoreUObject.dll
UE4Editor-CoreUObject.dll
UE4Editor-Core.dll
UE4Editor-Core.dll
UE4Editor-Projects.dll
UE4Editor-Projects.dll
UE4Editor.exe
UE4Editor.exe
UE4Editor.exe
UE4Editor.exe
UE4Editor.exe
UE4Editor.exe
kernel32.dll
ntdll.dll
ntdll.dll

[2017.07.20-12.45.33:508][  0]LogStats:                SubmitErrorReport -  0.000 s
[2017.07.20-12.45.33:898][  0]LogStats:                    SendNewReport -  0.390 s
[2017.07.20-12.45.33:898][  0]LogStats:             FDebug::EnsureFailed -  0.402 s
[2017.07.20-12.45.34:100][  0]SourceControl: Info Source control is disabled
[2017.07.20-12.45.34:103][  0]SourceControl: Info Source control is disabled
[2017.07.20-12.45.34:115][  0]SourceControl: Info Source control is disabled
[2017.07.20-12.45.34:126][  0]SourceControl: Info Source control is disabled
[2017.07.20-12.45.34:331][  0]LogHoudiniEngine: Starting the Houdini Engine module.
[2017.07.20-12.45.34:332][  0]LogHoudiniEngine: Loaded libHAPIL.dll from Registry path C:\Program Files\Side Effects Software\Houdini 15.5.632/bin
[2017.07.20-12.45.34:333][  0]LogLinker:Warning: Asset '../../../Engine/Plugins/Runtime/HoudiniEngine/Content/houdini_logo.uasset' has been saved with empty engine version. The asset will be loaded but may be incompatible.
[2017.07.20-12.45.34:335][  0]LogLinker:Warning: Asset '../../../Engine/Plugins/Runtime/HoudiniEngine/Content/houdini_default_material.uasset' has been saved with empty engine version. The asset will be loaded but may be incompatible.
[2017.07.20-12.45.34:339][  0]LogLinker:Warning: Asset '../../../Engine/Plugins/Runtime/HoudiniEngine/Content/houdini_bgeo_import.uasset' has been saved with empty engine version. The asset will be loaded but may be incompatible.
[2017.07.20-12.45.35:504][  0]LogHoudiniEngine: Successfully initialized the Houdini Engine API module.
[2017.07.20-12.45.35:666][  0]LogEngine: Initializing Engine...
[2017.07.20-12.45.35:668][  0]LogHMD: SteamVR failed to initialize.  Err: 110
[2017.07.20-12.45.35:669][  0]LogHMD: SteamVR failed to initialize.  Err: 110
[2017.07.20-12.45.35:803][  0]LogAIModule: Creating AISystem for world NewWorld
[2017.07.20-12.45.35:809][  0]LogInit: XAudio2 using 'Speakers (Realtek High Definition Audio)' : 2 channels at 48 kHz using 32 bits per sample (channel mask 0x3)
[2017.07.20-12.45.35:823][  0]LogInit: FAudioDevice initialized.
[2017.07.20-12.45.35:851][  0]LogDerivedDataCache: Saved boot cache 0.03s 49MB C:/Users/i7230020.STUDENT.000/AppData/Local/UnrealEngine/4.12/DerivedDataCache/Boot.ddc.
[2017.07.20-12.45.35:856][  0]LogInit: Texture streaming: Enabled
[2017.07.20-12.45.35:889][  0]LogInit: Transaction tracking system initialized
[2017.07.20-12.45.35:910][  0]BlueprintLog: New page: Editor Load
[2017.07.20-12.45.35:980][  0]LocalizationService: Info Localization service is disabled
[2017.07.20-12.45.36:058][  0]LogConsoleResponse:Display: 
[2017.07.20-12.45.36:166][  0]LogCook:Display: Max memory allowance for cook 8192mb
[2017.07.20-12.45.36:166][  0]LogCook:Display: Mobile HDR setting 1
[2017.07.20-12.45.36:247][  0]LogFileCache: Scanning file cache for directory 'W:/University Work/Masters/MastersProject/MastersProject/Ava/Content/' took 0.02s
[2017.07.20-12.45.36:247][  0]LogHoudiniEngineEditor: Starting the Houdini Engine Editor module.
[2017.07.20-12.45.36:289][  0]SourceControl: Info Source control is disabled
[2017.07.20-12.45.36:289][  0]Cmd: MAP LOAD FILE="W:/University Work/Masters/MastersProject/MastersProject/Ava/Content/Ava/Maps/PalaceLevel.umap" TEMPLATE=0 SHOWPROGRESS=1 FEATURELEVEL=3
[2017.07.20-12.45.36:290][  0]LightingResults: New page: Lighting Build
[2017.07.20-12.45.36:292][  0]MapCheck: New page: Map Check
[2017.07.20-12.45.36:292][  0]LightingResults: New page: Lighting Build
[2017.07.20-12.45.38:466][  0]LogMaterial: Missing cached shader map for material M_Basic_Wall, compiling. 
[2017.07.20-12.45.38:467][  0]LogMaterial:Warning: Failed to compile Material /Game/StarterContent/Materials/M_Basic_Wall.M_Basic_Wall for platform PCD3D_SM5, Default Material will be used in game.
[2017.07.20-12.45.38:467][  0]LogMaterial:Warning: 	(Node TextureSample) TextureSample> Missing input texture
[2017.07.20-12.45.38:505][  0]LogAIModule: Creating AISystem for world PalaceLevel
[2017.07.20-12.45.38:541][  0]LogEditorServer: Finished looking for orphan Actors (0.000 secs)
[2017.07.20-12.45.38:542][  0]Cmd: MAP CHECKDEP NOCLEARLOG
[2017.07.20-12.45.38:649][  0]MapCheck: Info Map check complete: 0 Error(s), 0 Warning(s), took 106.309ms to complete.
[2017.07.20-12.45.38:649][  0]LogFileHelpers: Loading map 'PalaceLevel' took 2.360
[2017.07.20-12.45.38:977][  0]LogCollectionManager: Loaded 0 collections in 0.001582 seconds
[2017.07.20-12.45.39:016][  0]LogFileCache: Scanning file cache for directory 'W:/University Work/Masters/MastersProject/MastersProject/Ava/Saved/Collections/' took 0.01s
[2017.07.20-12.45.39:016][  0]LogFileCache: Scanning file cache for directory 'W:/University Work/Masters/MastersProject/MastersProject/Ava/Content/Developers/i7230020/Collections/' took 0.01s
[2017.07.20-12.45.39:016][  0]LogFileCache: Scanning file cache for directory 'W:/University Work/Masters/MastersProject/MastersProject/Ava/Content/Collections/' took 0.01s
[2017.07.20-12.45.39:016][  0]LogCollectionManager: Rebuilt the GUID cache for 0 collections in 0.000002 seconds
[2017.07.20-12.45.39:026][  0]LogContentBrowser: Native class hierarchy populated in 0.0098 seconds. Added 2099 classes and 376 folders.
[2017.07.20-12.45.39:029][  0]LogStats: UGameplayTagsManager::ConstructGameplayTagTree: Construct from data asset -  0.000 s
[2017.07.20-12.45.39:029][  0]LogStats: UGameplayTagsManager::ConstructGameplayTagTree: GameplayTagTreeChangedEvent.Broadcast -  0.000 s
[2017.07.20-12.45.39:032][  0]LogContentBrowser: Native class hierarchy updated for 'GameplayTags' in 0.0027 seconds. Added 12 classes and 0 folders.
[2017.07.20-12.45.39:039][  0]LogContentBrowser: Native class hierarchy updated for 'WidgetCarousel' in 0.0024 seconds. Added 0 classes and 0 folders.
[2017.07.20-12.45.39:113][  0]LogContentBrowser: Native class hierarchy updated for 'AddContentDialog' in 0.0024 seconds. Added 0 classes and 0 folders.
[2017.07.20-12.45.39:119][  0]LogContentBrowser: Native class hierarchy updated for 'SceneOutliner' in 0.0024 seconds. Added 1 classes and 2 folders.
[2017.07.20-12.45.39:131][  0]LogCrashTracker: Crashtracker disabled due to settings.
[2017.07.20-12.45.39:172][  0]LogContentBrowser: Native class hierarchy updated for 'HierarchicalLODOutliner' in 0.0025 seconds. Added 1 classes and 2 folders.
[2017.07.20-12.45.39:172][  0]LogLoad: Full Startup: 13.52 seconds (BP compile: 1.15 seconds)
[2017.07.20-12.45.39:172][  0]LogExternalProfiler: Found external profiler: VSPerf
[2017.07.20-12.45.39:172][  0]LogExternalProfiler: Using external profiler: VSPerf
[2017.07.20-12.45.39:182][  0]LogOcInput: OculusInput pre-init called
[2017.07.20-12.45.39:201][  0]LogContentStreaming: Texture pool size now 1000 MB
[2017.07.20-12.45.39:364][  0]LogRenderer: Reallocating scene render targets to support 1616x600 (Frame:2).
[2017.07.20-12.45.39:443][  1]LogAssetRegistry: Asset discovery search completed in 7.6294 seconds
[2017.07.20-12.45.39:444][  1]LogCollectionManager: Rebuilt the object cache for 0 collections in 0.000001 seconds (found 0 objects)
[2017.07.20-12.45.39:444][  1]LogCollectionManager: Fixed up redirectors for 0 collections in 0.000019 seconds (updated 0 objects)
[2017.07.20-12.45.43:642][ 75]LogBlueprintUserMessages: Early PlayInEditor Detection: Level '/Game/Ava/Maps/PalaceLevel.PalaceLevel:PersistentLevel' has LevelScriptBlueprint '/Game/Ava/Maps/PalaceLevel.PalaceLevel:PersistentLevel.PalaceLevel' with GeneratedClass '/Game/Ava/Maps/PalaceLevel.PalaceLevel_C' with ClassGeneratedBy '/Game/Ava/Maps/PalaceLevel.PalaceLevel:PersistentLevel.PalaceLevel'
[2017.07.20-12.45.43:642][ 75]LogPlayLevel: PlayLevel: No blueprints needed recompiling
[2017.07.20-12.45.43:643][ 75]PIE: New page: PIE session: PalaceLevel (20 Jul 2017 13:45:43)
[2017.07.20-12.45.43:643][ 75]LogPlayLevel: Creating play world package: /Game/Ava/Maps/UEDPIE_0_PalaceLevel
[2017.07.20-12.45.43:703][ 75]LogPlayLevel: PIE: StaticDuplicateObject took: (0.060038s)
[2017.07.20-12.45.43:704][ 75]LogAIModule: Creating AISystem for world PalaceLevel
[2017.07.20-12.45.43:704][ 75]LogPlayLevel: PIE: World Init took: (0.000696s)
[2017.07.20-12.45.43:704][ 75]LogPlayLevel: PIE: Created PIE world by copying editor world from /Game/Ava/Maps/PalaceLevel.PalaceLevel to /Game/Ava/Maps/UEDPIE_0_PalaceLevel.PalaceLevel (0.061117s)
[2017.07.20-12.45.43:761][ 75]LogInit: XAudio2 using 'Speakers (Realtek High Definition Audio)' : 2 channels at 48 kHz using 32 bits per sample (channel mask 0x3)
[2017.07.20-12.45.43:771][ 75]LogInit: FAudioDevice initialized.
[2017.07.20-12.45.43:846][ 75]LogWorld: Game class is 'AvaGameMode'
[2017.07.20-12.45.43:890][ 75]LogWorld: Bringing World /Game/Ava/Maps/UEDPIE_0_PalaceLevel.PalaceLevel up for play (max tick rate 0) at 2017.07.20-13.45.43
[2017.07.20-12.45.43:893][ 75]LogWorld: Bringing up level for play took: 0.045816
[2017.07.20-12.45.43:899][ 75]LogContentBrowser: Native class hierarchy updated for 'MovieSceneCapture' in 0.0026 seconds. Added 11 classes and 0 folders.
[2017.07.20-12.45.43:904][ 75]LogBlueprintUserMessages: [GameUIBP_C_0] SEt UI
[2017.07.20-12.45.43:904][ 75]PIE: Info Play in editor start time for /Game/Ava/Maps/UEDPIE_0_PalaceLevel -0.063
[2017.07.20-12.45.43:904][ 75]LogBlueprintUserMessages: Late PlayInEditor Detection: Level '/Game/Ava/Maps/PalaceLevel.PalaceLevel:PersistentLevel' has LevelScriptBlueprint '/Game/Ava/Maps/PalaceLevel.PalaceLevel:PersistentLevel.PalaceLevel' with GeneratedClass '/Game/Ava/Maps/PalaceLevel.PalaceLevel_C' with ClassGeneratedBy '/Game/Ava/Maps/PalaceLevel.PalaceLevel:PersistentLevel.PalaceLevel'
[2017.07.20-12.45.52:890][633]LogBlueprintUserMessages: Early EndPlayMap Detection: Level '/Game/Ava/Maps/PalaceLevel.PalaceLevel:PersistentLevel' has LevelScriptBlueprint '/Game/Ava/Maps/PalaceLevel.PalaceLevel:PersistentLevel.PalaceLevel' with GeneratedClass '/Game/Ava/Maps/PalaceLevel.PalaceLevel_C' with ClassGeneratedBy '/Game/Ava/Maps/PalaceLevel.PalaceLevel:PersistentLevel.PalaceLevel'
[2017.07.20-12.45.52:935][633]LogBlueprintUserMessages: Late EndPlayMap Detection: Level '/Game/Ava/Maps/PalaceLevel.PalaceLevel:PersistentLevel' has LevelScriptBlueprint '/Game/Ava/Maps/PalaceLevel.PalaceLevel:PersistentLevel.PalaceLevel' with GeneratedClass '/Game/Ava/Maps/PalaceLevel.PalaceLevel_C' with ClassGeneratedBy '/Game/Ava/Maps/PalaceLevel.PalaceLevel:PersistentLevel.PalaceLevel'
[2017.07.20-12.46.27:445][783]LogBlueprintUserMessages: Early PlayInEditor Detection: Level '/Game/Ava/Maps/PalaceLevel.PalaceLevel:PersistentLevel' has LevelScriptBlueprint '/Game/Ava/Maps/PalaceLevel.PalaceLevel:PersistentLevel.PalaceLevel' with GeneratedClass '/Game/Ava/Maps/PalaceLevel.PalaceLevel_C' with ClassGeneratedBy '/Game/Ava/Maps/PalaceLevel.PalaceLevel:PersistentLevel.PalaceLevel'
[2017.07.20-12.46.27:445][783]LogPlayLevel: PlayLevel: No blueprints needed recompiling
[2017.07.20-12.46.27:445][783]PIE: New page: PIE session: PalaceLevel (20 Jul 2017 13:46:27)
[2017.07.20-12.46.27:445][783]LogPlayLevel: Creating play world package: /Game/Ava/Maps/UEDPIE_0_PalaceLevel
[2017.07.20-12.46.27:503][783]LogPlayLevel: PIE: StaticDuplicateObject took: (0.057801s)
[2017.07.20-12.46.27:504][783]LogAIModule: Creating AISystem for world PalaceLevel
[2017.07.20-12.46.27:504][783]LogPlayLevel: PIE: World Init took: (0.000752s)
[2017.07.20-12.46.27:504][783]LogPlayLevel: PIE: Created PIE world by copying editor world from /Game/Ava/Maps/PalaceLevel.PalaceLevel to /Game/Ava/Maps/UEDPIE_0_PalaceLevel.PalaceLevel (0.058894s)
[2017.07.20-12.46.27:517][783]LogInit: XAudio2 using 'Speakers (Realtek High Definition Audio)' : 2 channels at 48 kHz using 32 bits per sample (channel mask 0x3)
[2017.07.20-12.46.27:526][783]LogInit: FAudioDevice initialized.
[2017.07.20-12.46.27:581][783]LogWorld: Game class is 'AvaGameMode'
[2017.07.20-12.46.27:620][783]LogWorld: Bringing World /Game/Ava/Maps/UEDPIE_0_PalaceLevel.PalaceLevel up for play (max tick rate 0) at 2017.07.20-13.46.27
[2017.07.20-12.46.27:623][783]LogWorld: Bringing up level for play took: 0.040833
[2017.07.20-12.46.27:625][783]LogBlueprintUserMessages: [GameUIBP_C_1] SEt UI
[2017.07.20-12.46.27:626][783]PIE: Info Play in editor start time for /Game/Ava/Maps/UEDPIE_0_PalaceLevel -0.344
[2017.07.20-12.46.27:626][783]LogBlueprintUserMessages: Late PlayInEditor Detection: Level '/Game/Ava/Maps/PalaceLevel.PalaceLevel:PersistentLevel' has LevelScriptBlueprint '/Game/Ava/Maps/PalaceLevel.PalaceLevel:PersistentLevel.PalaceLevel' with GeneratedClass '/Game/Ava/Maps/PalaceLevel.PalaceLevel_C' with ClassGeneratedBy '/Game/Ava/Maps/PalaceLevel.PalaceLevel:PersistentLevel.PalaceLevel'
[2017.07.20-12.46.39:130][480]LogAnimMontage:Warning: Playing a Montage (CutScene_Root_Motion_Montage) for the wrong Skeleton (UE4_Mannequin_Skeleton) instead of (RigForTest_Skeleton).
[2017.07.20-12.46.47:110][995]LogBlueprintUserMessages: Early EndPlayMap Detection: Level '/Game/Ava/Maps/PalaceLevel.PalaceLevel:PersistentLevel' has LevelScriptBlueprint '/Game/Ava/Maps/PalaceLevel.PalaceLevel:PersistentLevel.PalaceLevel' with GeneratedClass '/Game/Ava/Maps/PalaceLevel.PalaceLevel_C' with ClassGeneratedBy '/Game/Ava/Maps/PalaceLevel.PalaceLevel:PersistentLevel.PalaceLevel'
[2017.07.20-12.46.47:147][995]LogBlueprintUserMessages: Late EndPlayMap Detection: Level '/Game/Ava/Maps/PalaceLevel.PalaceLevel:PersistentLevel' has LevelScriptBlueprint '/Game/Ava/Maps/PalaceLevel.PalaceLevel:PersistentLevel.PalaceLevel' with GeneratedClass '/Game/Ava/Maps/PalaceLevel.PalaceLevel_C' with ClassGeneratedBy '/Game/Ava/Maps/PalaceLevel.PalaceLevel:PersistentLevel.PalaceLevel'
[2017.07.20-12.47.23:224][163]LogBlueprintUserMessages: Early PlayInEditor Detection: Level '/Game/Ava/Maps/PalaceLevel.PalaceLevel:PersistentLevel' has LevelScriptBlueprint '/Game/Ava/Maps/PalaceLevel.PalaceLevel:PersistentLevel.PalaceLevel' with GeneratedClass '/Game/Ava/Maps/PalaceLevel.PalaceLevel_C' with ClassGeneratedBy '/Game/Ava/Maps/PalaceLevel.PalaceLevel:PersistentLevel.PalaceLevel'
[2017.07.20-12.47.23:224][163]LogPlayLevel: PlayLevel: No blueprints needed recompiling
[2017.07.20-12.47.23:224][163]PIE: New page: PIE session: PalaceLevel (20 Jul 2017 13:47:23)
[2017.07.20-12.47.23:224][163]LogPlayLevel: Creating play world package: /Game/Ava/Maps/UEDPIE_0_PalaceLevel
[2017.07.20-12.47.23:282][163]LogPlayLevel: PIE: StaticDuplicateObject took: (0.058015s)
[2017.07.20-12.47.23:283][163]LogAIModule: Creating AISystem for world PalaceLevel
[2017.07.20-12.47.23:283][163]LogPlayLevel: PIE: World Init took: (0.000770s)
[2017.07.20-12.47.23:283][163]LogPlayLevel: PIE: Created PIE world by copying editor world from /Game/Ava/Maps/PalaceLevel.PalaceLevel to /Game/Ava/Maps/UEDPIE_0_PalaceLevel.PalaceLevel (0.059131s)
[2017.07.20-12.47.23:296][163]LogInit: XAudio2 using 'Speakers (Realtek High Definition Audio)' : 2 channels at 48 kHz using 32 bits per sample (channel mask 0x3)
[2017.07.20-12.47.23:305][163]LogInit: FAudioDevice initialized.
[2017.07.20-12.47.23:356][163]LogWorld: Game class is 'AvaGameMode'
[2017.07.20-12.47.23:392][163]LogWorld: Bringing World /Game/Ava/Maps/UEDPIE_0_PalaceLevel.PalaceLevel up for play (max tick rate 0) at 2017.07.20-13.47.23
[2017.07.20-12.47.23:395][163]LogWorld: Bringing up level for play took: 0.037686
[2017.07.20-12.47.23:397][163]LogBlueprintUserMessages: [GameUIBP_C_2] SEt UI
[2017.07.20-12.47.23:397][163]PIE: Info Play in editor start time for /Game/Ava/Maps/UEDPIE_0_PalaceLevel -0.575
[2017.07.20-12.47.23:397][163]LogBlueprintUserMessages: Late PlayInEditor Detection: Level '/Game/Ava/Maps/PalaceLevel.PalaceLevel:PersistentLevel' has LevelScriptBlueprint '/Game/Ava/Maps/PalaceLevel.PalaceLevel:PersistentLevel.PalaceLevel' with GeneratedClass '/Game/Ava/Maps/PalaceLevel.PalaceLevel_C' with ClassGeneratedBy '/Game/Ava/Maps/PalaceLevel.PalaceLevel:PersistentLevel.PalaceLevel'
[2017.07.20-12.47.29:774][550]LogAnimMontage:Warning: Playing a Montage (CutScene_Root_Motion_Montage) for the wrong Skeleton (UE4_Mannequin_Skeleton) instead of (RigForTest_Skeleton).
[2017.07.20-12.47.31:242][645]LogBlueprintUserMessages: Early EndPlayMap Detection: Level '/Game/Ava/Maps/PalaceLevel.PalaceLevel:PersistentLevel' has LevelScriptBlueprint '/Game/Ava/Maps/PalaceLevel.PalaceLevel:PersistentLevel.PalaceLevel' with GeneratedClass '/Game/Ava/Maps/PalaceLevel.PalaceLevel_C' with ClassGeneratedBy '/Game/Ava/Maps/PalaceLevel.PalaceLevel:PersistentLevel.PalaceLevel'
[2017.07.20-12.47.31:281][645]LogBlueprintUserMessages: Late EndPlayMap Detection: Level '/Game/Ava/Maps/PalaceLevel.PalaceLevel:PersistentLevel' has LevelScriptBlueprint '/Game/Ava/Maps/PalaceLevel.PalaceLevel:PersistentLevel.PalaceLevel' with GeneratedClass '/Game/Ava/Maps/PalaceLevel.PalaceLevel_C' with ClassGeneratedBy '/Game/Ava/Maps/PalaceLevel.PalaceLevel:PersistentLevel.PalaceLevel'
[2017.07.20-12.48.19:670][810]LogHotReload: New module detected: UE4Editor-Ava-1507.dll
[2017.07.20-12.48.22:679][820]LogHotReload: Starting Hot-Reload from IDE
[2017.07.20-12.48.22:736][820]LogClass: ItemDataVariables HotReload.
[2017.07.20-12.48.22:736][820]LogClass: Item HotReload.
[2017.07.20-12.48.22:737][820]LogHotReload: Re-instancing Antelope after hot-reload.
[2017.07.20-12.48.22:772][820]LogHotReload: Re-instancing Door after hot-reload.
[2017.07.20-12.48.23:080][820]LogHotReload: Re-instancing PushPullItem after hot-reload.
[2017.07.20-12.48.23:303][820]LogHotReload: Re-instancing PickUpItem after hot-reload.
[2017.07.20-12.48.23:587][820]LogHotReload: Re-instancing MainCharacter after hot-reload.
[2017.07.20-12.48.23:723][820]LogHotReload: Re-instancing OfferingStatue after hot-reload.
[2017.07.20-12.48.23:865][820]LogHotReload: Re-instancing StatueObject after hot-reload.
[2017.07.20-12.48.24:001][820]LogHotReload: Re-instancing BluePuzzle after hot-reload.
[2017.07.20-12.48.24:076][820]LogHotReload: Re-instancing GreenPuzzle after hot-reload.
[2017.07.20-12.48.24:155][820]LogHotReload: Re-instancing WhitePuzzle after hot-reload.
[2017.07.20-12.48.24:232][820]LogContentBrowser: Native class hierarchy updated for 'Ava' in 0.0061 seconds. Added 21 classes and 2 folders.
[2017.07.20-12.48.24:234][820]Warning: HotReload successful (14 functions remapped  0 scriptstructs remapped)
[2017.07.20-12.48.24:350][820]LogContentBrowser: Native class hierarchy populated in 0.0118 seconds. Added 2101 classes and 380 folders.
[2017.07.20-12.48.24:355][820]Warning: HotReload took  1.7s.
[2017.07.20-12.48.41:568][930]LogBlueprintUserMessages: Early PlayInEditor Detection: Level '/Game/Ava/Maps/PalaceLevel.PalaceLevel:PersistentLevel' has LevelScriptBlueprint '/Game/Ava/Maps/PalaceLevel.PalaceLevel:PersistentLevel.PalaceLevel' with GeneratedClass '/Game/Ava/Maps/PalaceLevel.PalaceLevel_C' with ClassGeneratedBy '/Game/Ava/Maps/PalaceLevel.PalaceLevel:PersistentLevel.PalaceLevel'
[2017.07.20-12.48.41:568][930]LogPlayLevel: PlayLevel: No blueprints needed recompiling
[2017.07.20-12.48.41:568][930]PIE: New page: PIE session: PalaceLevel (20 Jul 2017 13:48:41)
[2017.07.20-12.48.41:568][930]LogPlayLevel: Creating play world package: /Game/Ava/Maps/UEDPIE_0_PalaceLevel
[2017.07.20-12.48.41:624][930]LogPlayLevel: PIE: StaticDuplicateObject took: (0.055627s)
[2017.07.20-12.48.41:624][930]LogAIModule: Creating AISystem for world PalaceLevel
[2017.07.20-12.48.41:624][930]LogPlayLevel: PIE: World Init took: (0.000631s)
[2017.07.20-12.48.41:625][930]LogPlayLevel: PIE: Created PIE world by copying editor world from /Game/Ava/Maps/PalaceLevel.PalaceLevel to /Game/Ava/Maps/UEDPIE_0_PalaceLevel.PalaceLevel (0.056588s)
[2017.07.20-12.48.41:636][930]LogInit: XAudio2 using 'Speakers (Realtek High Definition Audio)' : 2 channels at 48 kHz using 32 bits per sample (channel mask 0x3)
[2017.07.20-12.48.41:643][930]LogInit: FAudioDevice initialized.
[2017.07.20-12.48.41:690][930]LogWorld: Game class is 'AvaGameMode'
[2017.07.20-12.48.41:720][930]LogWorld: Bringing World /Game/Ava/Maps/UEDPIE_0_PalaceLevel.PalaceLevel up for play (max tick rate 0) at 2017.07.20-13.48.41
[2017.07.20-12.48.41:722][930]LogWorld: Bringing up level for play took: 0.032040
[2017.07.20-12.48.41:725][930]LogBlueprintUserMessages: [GameUIBP_C_26] SEt UI
[2017.07.20-12.48.41:725][930]PIE: Info Play in editor start time for /Game/Ava/Maps/UEDPIE_0_PalaceLevel -0.252
[2017.07.20-12.48.41:725][930]LogBlueprintUserMessages: Late PlayInEditor Detection: Level '/Game/Ava/Maps/PalaceLevel.PalaceLevel:PersistentLevel' has LevelScriptBlueprint '/Game/Ava/Maps/PalaceLevel.PalaceLevel:PersistentLevel.PalaceLevel' with GeneratedClass '/Game/Ava/Maps/PalaceLevel.PalaceLevel_C' with ClassGeneratedBy '/Game/Ava/Maps/PalaceLevel.PalaceLevel:PersistentLevel.PalaceLevel'
[2017.07.20-12.49.18:553][ 92]LogBlueprintUserMessages: Early EndPlayMap Detection: Level '/Game/Ava/Maps/PalaceLevel.PalaceLevel:PersistentLevel' has LevelScriptBlueprint '/Game/Ava/Maps/PalaceLevel.PalaceLevel:PersistentLevel.PalaceLevel' with GeneratedClass '/Game/Ava/Maps/PalaceLevel.PalaceLevel_C' with ClassGeneratedBy '/Game/Ava/Maps/PalaceLevel.PalaceLevel:PersistentLevel.PalaceLevel'
[2017.07.20-12.49.18:597][ 92]LogBlueprintUserMessages: Late EndPlayMap Detection: Level '/Game/Ava/Maps/PalaceLevel.PalaceLevel:PersistentLevel' has LevelScriptBlueprint '/Game/Ava/Maps/PalaceLevel.PalaceLevel:PersistentLevel.PalaceLevel' with GeneratedClass '/Game/Ava/Maps/PalaceLevel.PalaceLevel_C' with ClassGeneratedBy '/Game/Ava/Maps/PalaceLevel.PalaceLevel:PersistentLevel.PalaceLevel'
[2017.07.20-12.49.56:582][219]LogHotReload: New module detected: UE4Editor-Ava-4538.dll
[2017.07.20-12.49.59:275][228]LogHotReload: Starting Hot-Reload from IDE
[2017.07.20-12.49.59:318][228]LogClass: ItemDataVariables HotReload.
[2017.07.20-12.49.59:318][228]LogClass: Item HotReload.
[2017.07.20-12.49.59:319][228]LogHotReload: Re-instancing Antelope after hot-reload.
[2017.07.20-12.49.59:356][228]LogHotReload: Re-instancing Door after hot-reload.
[2017.07.20-12.49.59:516][228]LogHotReload: Re-instancing PushPullItem after hot-reload.
[2017.07.20-12.49.59:788][228]LogHotReload: Re-instancing PickUpItem after hot-reload.
[2017.07.20-12.49.59:849][228]LogProperty:Warning: Serialized Class /Script/Ava.PickUpItem for a property of Class /Script/Engine.BoxComponent. Reference will be NULLed.
    Property = ObjectProperty /Script/Ava.Puzzle:boxCollider
    Item = PickUpItem /Script/Ava.Default__PickUpItem
[2017.07.20-12.49.59:849][228]LogProperty:Warning: Serialized Class /Script/Ava.PickUpItem for a property of Class /Script/Engine.SceneComponent. Reference will be NULLed.
    Property = ObjectProperty /Script/Engine.Actor:RootComponent
    Item = PickUpItem /Script/Ava.Default__PickUpItem
[2017.07.20-12.49.59:850][228]LogProperty:Warning: Serialized Class /Script/Ava.PickUpItem for a property of Class /Script/Engine.BoxComponent. Reference will be NULLed.
    Property = ObjectProperty /Script/Ava.Puzzle:boxCollider
    Item = PickUpItem /Script/Ava.Default__PickUpItem
[2017.07.20-12.49.59:850][228]LogProperty:Warning: Serialized Class /Script/Ava.PickUpItem for a property of Class /Script/Engine.SceneComponent. Reference will be NULLed.
    Property = ObjectProperty /Script/Engine.Actor:RootComponent
    Item = PickUpItem /Script/Ava.Default__PickUpItem
[2017.07.20-12.49.59:850][228]LogProperty:Warning: Serialized Class /Script/Ava.PickUpItem for a property of Class /Script/Engine.BoxComponent. Reference will be NULLed.
    Property = ObjectProperty /Script/Ava.Puzzle:boxCollider
    Item = PickUpItem /Script/Ava.Default__PickUpItem
[2017.07.20-12.49.59:850][228]LogProperty:Warning: Serialized Class /Script/Ava.PickUpItem for a property of Class /Script/Engine.SceneComponent. Reference will be NULLed.
    Property = ObjectProperty /Script/Engine.Actor:RootComponent
    Item = PickUpItem /Script/Ava.Default__PickUpItem
[2017.07.20-12.50.00:093][228]LogHotReload: Re-instancing MainCharacter after hot-reload.
[2017.07.20-12.50.00:226][228]LogHotReload: Re-instancing OfferingStatue after hot-reload.
[2017.07.20-12.50.00:387][228]LogHotReload: Re-instancing StatueObject after hot-reload.
[2017.07.20-12.50.00:527][228]LogHotReload: Re-instancing BluePuzzle after hot-reload.
[2017.07.20-12.50.00:604][228]LogHotReload: Re-instancing GreenPuzzle after hot-reload.
[2017.07.20-12.50.00:674][228]LogHotReload: Re-instancing WhitePuzzle after hot-reload.
[2017.07.20-12.50.00:757][228]LogContentBrowser: Native class hierarchy updated for 'Ava' in 0.0026 seconds. Added 21 classes and 2 folders.
[2017.07.20-12.50.00:758][228]Warning: HotReload successful (14 functions remapped  0 scriptstructs remapped)
[2017.07.20-12.50.00:812][228]LogContentBrowser: Native class hierarchy populated in 0.0095 seconds. Added 2101 classes and 380 folders.
[2017.07.20-12.50.00:815][228]Warning: HotReload took  1.5s.
[2017.07.20-12.50.02:717][292]LogBlueprintUserMessages: Early PlayInEditor Detection: Level '/Game/Ava/Maps/PalaceLevel.PalaceLevel:PersistentLevel' has LevelScriptBlueprint '/Game/Ava/Maps/PalaceLevel.PalaceLevel:PersistentLevel.PalaceLevel' with GeneratedClass '/Game/Ava/Maps/PalaceLevel.PalaceLevel_C' with ClassGeneratedBy '/Game/Ava/Maps/PalaceLevel.PalaceLevel:PersistentLevel.PalaceLevel'
[2017.07.20-12.50.02:717][292]LogPlayLevel: PlayLevel: No blueprints needed recompiling
[2017.07.20-12.50.02:717][292]PIE: New page: PIE session: PalaceLevel (20 Jul 2017 13:50:02)
[2017.07.20-12.50.02:717][292]LogPlayLevel: Creating play world package: /Game/Ava/Maps/UEDPIE_0_PalaceLevel
[2017.07.20-12.50.02:775][292]LogPlayLevel: PIE: StaticDuplicateObject took: (0.057728s)
[2017.07.20-12.50.02:775][292]LogAIModule: Creating AISystem for world PalaceLevel
[2017.07.20-12.50.02:776][292]LogPlayLevel: PIE: World Init took: (0.000745s)
[2017.07.20-12.50.02:776][292]LogPlayLevel: PIE: Created PIE world by copying editor world from /Game/Ava/Maps/PalaceLevel.PalaceLevel to /Game/Ava/Maps/UEDPIE_0_PalaceLevel.PalaceLevel (0.058817s)
[2017.07.20-12.50.02:787][292]LogInit: XAudio2 using 'Speakers (Realtek High Definition Audio)' : 2 channels at 48 kHz using 32 bits per sample (channel mask 0x3)
[2017.07.20-12.50.02:795][292]LogInit: FAudioDevice initialized.
[2017.07.20-12.50.02:851][292]LogWorld: Game class is 'AvaGameMode'
[2017.07.20-12.50.02:890][292]LogWorld: Bringing World /Game/Ava/Maps/UEDPIE_0_PalaceLevel.PalaceLevel up for play (max tick rate 0) at 2017.07.20-13.50.02
[2017.07.20-12.50.02:895][292]LogWorld: Bringing up level for play took: 0.043075
[2017.07.20-12.50.02:898][292]LogBlueprintUserMessages: [GameUIBP_C_28] SEt UI
[2017.07.20-12.50.02:898][292]PIE: Info Play in editor start time for /Game/Ava/Maps/UEDPIE_0_PalaceLevel 0.918
[2017.07.20-12.50.02:899][292]LogBlueprintUserMessages: Late PlayInEditor Detection: Level '/Game/Ava/Maps/PalaceLevel.PalaceLevel:PersistentLevel' has LevelScriptBlueprint '/Game/Ava/Maps/PalaceLevel.PalaceLevel:PersistentLevel.PalaceLevel' with GeneratedClass '/Game/Ava/Maps/PalaceLevel.PalaceLevel_C' with ClassGeneratedBy '/Game/Ava/Maps/PalaceLevel.PalaceLevel:PersistentLevel.PalaceLevel'
[2017.07.20-12.50.55:755][373]LogBlueprintUserMessages: Early EndPlayMap Detection: Level '/Game/Ava/Maps/PalaceLevel.PalaceLevel:PersistentLevel' has LevelScriptBlueprint '/Game/Ava/Maps/PalaceLevel.PalaceLevel:PersistentLevel.PalaceLevel' with GeneratedClass '/Game/Ava/Maps/PalaceLevel.PalaceLevel_C' with ClassGeneratedBy '/Game/Ava/Maps/PalaceLevel.PalaceLevel:PersistentLevel.PalaceLevel'
[2017.07.20-12.50.55:796][373]LogBlueprintUserMessages: Late EndPlayMap Detection: Level '/Game/Ava/Maps/PalaceLevel.PalaceLevel:PersistentLevel' has LevelScriptBlueprint '/Game/Ava/Maps/PalaceLevel.PalaceLevel:PersistentLevel.PalaceLevel' with GeneratedClass '/Game/Ava/Maps/PalaceLevel.PalaceLevel_C' with ClassGeneratedBy '/Game/Ava/Maps/PalaceLevel.PalaceLevel:PersistentLevel.PalaceLevel'
[2017.07.20-12.55.25:227][192]LogHotReload: New module detected: UE4Editor-Ava-2521.dll
[2017.07.20-12.55.28:247][202]LogHotReload: Starting Hot-Reload from IDE
[2017.07.20-12.55.28:329][202]LogClass: ItemDataVariables HotReload.
[2017.07.20-12.55.28:329][202]LogClass: Item HotReload.
[2017.07.20-12.55.28:330][202]LogHotReload: Re-instancing Antelope after hot-reload.
[2017.07.20-12.55.28:370][202]LogHotReload: Re-instancing Door after hot-reload.
[2017.07.20-12.55.28:538][202]LogHotReload: Re-instancing PushPullItem after hot-reload.
[2017.07.20-12.55.28:761][202]LogHotReload: Re-instancing PickUpItem after hot-reload.
[2017.07.20-12.55.29:023][202]LogHotReload: Re-instancing MainCharacter after hot-reload.
[2017.07.20-12.55.29:166][202]LogHotReload: Re-instancing OfferingStatue after hot-reload.
[2017.07.20-12.55.29:319][202]LogHotReload: Re-instancing StatueObject after hot-reload.
[2017.07.20-12.55.29:465][202]LogHotReload: Re-instancing BluePuzzle after hot-reload.
[2017.07.20-12.55.29:536][202]LogHotReload: Re-instancing GreenPuzzle after hot-reload.
[2017.07.20-12.55.29:618][202]LogHotReload: Re-instancing WhitePuzzle after hot-reload.
[2017.07.20-12.55.29:689][202]LogContentBrowser: Native class hierarchy updated for 'Ava' in 0.0026 seconds. Added 21 classes and 2 folders.
[2017.07.20-12.55.29:691][202]Warning: HotReload successful (14 functions remapped  0 scriptstructs remapped)
[2017.07.20-12.55.29:750][202]LogContentBrowser: Native class hierarchy populated in 0.0134 seconds. Added 2101 classes and 380 folders.
[2017.07.20-12.55.29:753][202]Warning: HotReload took  1.5s.
[2017.07.20-12.56.23:118][387]LogBlueprintUserMessages: Early PlayInEditor Detection: Level '/Game/Ava/Maps/PalaceLevel.PalaceLevel:PersistentLevel' has LevelScriptBlueprint '/Game/Ava/Maps/PalaceLevel.PalaceLevel:PersistentLevel.PalaceLevel' with GeneratedClass '/Game/Ava/Maps/PalaceLevel.PalaceLevel_C' with ClassGeneratedBy '/Game/Ava/Maps/PalaceLevel.PalaceLevel:PersistentLevel.PalaceLevel'
[2017.07.20-12.56.23:119][387]LogPlayLevel: PlayLevel: No blueprints needed recompiling
[2017.07.20-12.56.23:119][387]PIE: New page: PIE session: PalaceLevel (20 Jul 2017 13:56:23)
[2017.07.20-12.56.23:119][387]LogPlayLevel: Creating play world package: /Game/Ava/Maps/UEDPIE_0_PalaceLevel
[2017.07.20-12.56.23:164][387]LogProperty:Warning: Serialized Class /Script/Ava.AvaGameMode for a property of Class /Script/Ava.StatueObject. Reference will be NULLed.
    Property = ObjectProperty /Script/Ava.Puzzle:DesignatedStatue
    Item = AvaGameMode /Script/Ava.Default__AvaGameMode
[2017.07.20-12.56.23:164][387]LogProperty:Warning: Serialized Class /Script/Ava.PushPullItem for a property of Class /Script/Engine.BoxComponent. Reference will be NULLed.
    Property = ObjectProperty /Script/Ava.Puzzle:boxCollider
    Item = PushPullItem /Script/Ava.Default__PushPullItem
[2017.07.20-12.56.23:164][387]LogProperty:Warning: Serialized Class /Script/Ava.Door for a property of Class /Script/Ava.StatueObject. Reference will be NULLed.
    Property = ObjectProperty /Script/Ava.Puzzle:DesignatedStatue
    Item = Door /Script/Ava.Default__Door
[2017.07.20-12.56.23:164][387]LogProperty:Warning: Serialized Class /Script/Ava.PushPullItem for a property of Class /Script/Engine.SceneComponent. Reference will be NULLed.
    Property = ObjectProperty /Script/Engine.Actor:RootComponent
    Item = PushPullItem /Script/Ava.Default__PushPullItem
[2017.07.20-12.56.23:190][387]LogPlayLevel: PIE: StaticDuplicateObject took: (0.071369s)
[2017.07.20-12.56.23:191][387]LogAIModule: Creating AISystem for world PalaceLevel
[2017.07.20-12.56.23:191][387]LogPlayLevel: PIE: World Init took: (0.000647s)
[2017.07.20-12.56.23:191][387]LogPlayLevel: PIE: Created PIE world by copying editor world from /Game/Ava/Maps/PalaceLevel.PalaceLevel to /Game/Ava/Maps/UEDPIE_0_PalaceLevel.PalaceLevel (0.072400s)
[2017.07.20-12.56.23:204][387]LogInit: XAudio2 using 'Speakers (Realtek High Definition Audio)' : 2 channels at 48 kHz using 32 bits per sample (channel mask 0x3)
[2017.07.20-12.56.23:215][387]LogInit: FAudioDevice initialized.
[2017.07.20-12.56.23:264][387]LogWorld: Game class is 'AvaGameMode'
[2017.07.20-12.56.23:305][387]LogWorld: Bringing World /Game/Ava/Maps/UEDPIE_0_PalaceLevel.PalaceLevel up for play (max tick rate 0) at 2017.07.20-13.56.23
[2017.07.20-12.56.23:308][387]LogWorld: Bringing up level for play took: 0.042898
[2017.07.20-12.56.23:310][387]LogBlueprintUserMessages: [GameUIBP_C_31] SEt UI
[2017.07.20-12.56.23:310][387]PIE: Info Play in editor start time for /Game/Ava/Maps/UEDPIE_0_PalaceLevel -0.448
[2017.07.20-12.56.23:311][387]LogBlueprintUserMessages: Late PlayInEditor Detection: Level '/Game/Ava/Maps/PalaceLevel.PalaceLevel:PersistentLevel' has LevelScriptBlueprint '/Game/Ava/Maps/PalaceLevel.PalaceLevel:PersistentLevel.PalaceLevel' with GeneratedClass '/Game/Ava/Maps/PalaceLevel.PalaceLevel_C' with ClassGeneratedBy '/Game/Ava/Maps/PalaceLevel.PalaceLevel:PersistentLevel.PalaceLevel'
[2017.07.20-12.56.24:193][387]LogCrashTracker: 


[2017.07.20-12.56.24:193][387]LogCrashTracker: 


[2017.07.20-12.56.24:193][387]LogWindows:Error: === Critical error: ===


[2017.07.20-12.56.24:226][387]LogExit: Executing StaticShutdownAfterError
[2017.07.20-12.56.24:232][387]LogWindows: FPlatformMisc::RequestExit(1)
[2017.07.20-12.56.24:232][387]Log file closed, 07/20/17 13:56:24
