Log file open, 07/20/17 14:01:45
LogInit:Display: Running engine for game: Ava
LogPlatformFile: Not using cached read wrapper
LogInit:Display: RandInit(662963815) SRandInit(662963817).
LogTaskGraph: Started task graph with 4 named threads and 9 total threads with 1 sets of task threads.
LogStats: Stats thread started at 0.103735
LogInit: Version: 4.12.5-3039270+++UE4+Release-4.12
LogInit: API Version: 2992821
LogInit: Net Version: 3039270
LogDevObjectVersion: Number of dev versions registered: 13
LogDevObjectVersion:   Dev-Blueprints (B0D832E4-1F89-4F0D-ACCF-7EB736FD4AA2): 3
LogDevObjectVersion:   Dev-Build (E1C64328-A22C-4D53-A36C-8E866417BD8C): 0
LogDevObjectVersion:   Dev-Core (375EC13C-06E4-48FB-B500-84F0262A717E): 1
LogDevObjectVersion:   Dev-Editor (E4B068ED-F494-42E9-A231-DA0B2E46BB41): 2
LogDevObjectVersion:   Dev-Framework (CFFC743F-43B0-4480-9391-14DF171D2073): 6
LogDevObjectVersion:   Dev-Mobile (B02B49B5-BB20-44E9-A304-32B752E40360): 0
LogDevObjectVersion:   Dev-Networking (A4E4105C-59A1-49B5-A7C5-40C4547EDFEE): 0
LogDevObjectVersion:   Dev-Online (39C831C9-5AE6-47DC-9A44-9C173E1C8E7C): 0
LogDevObjectVersion:   Dev-Physics (78F01B33-EBEA-4F98-B9B4-84EACCB95AA2): 0
LogDevObjectVersion:   Dev-Platform (6631380F-2D4D-43E0-8009-CF276956A95A): 0
LogDevObjectVersion:   Dev-Rendering (12F88B9F-8875-4AFC-A67C-D90C383ABD29): 2
LogDevObjectVersion:   Dev-Sequencer (7B5AE74C-D270-4C10-A958-57980B212A5A): 0
LogDevObjectVersion:   Dev-VR (D7296918-1DD6-4BDD-9DE2-64A83CC13884): 0
LogInit: Compiled (64-bit): Jul  6 2016 09:09:46
LogInit: Compiled with Visual C++: 19.00.23026.00
LogInit: Build Configuration: Development
LogInit: Branch Name: ++UE4+Release-4.12
LogInit: Command line:  
LogInit: Base directory: C:/Program Files/Epic Games/4.12/Engine/Binaries/Win64/
LogInit: Installed Engine Build: 1
LogInit: Using libcurl 7.41.0
LogInit:  - built for x86_64-pc-win32
LogInit:  - supports SSL with WinSSL
LogInit:  - other features:
LogInit:      CURL_VERSION_SSL
LogInit:      CURL_VERSION_IPV6
LogInit:      CURL_VERSION_ASYNCHDNS
LogInit:      CURL_VERSION_LARGEFILE
LogInit:      CURL_VERSION_IDN
LogInit:  CurlRequestOptions (configurable via config and command line):
LogInit:  - bVerifyPeer = true  - Libcurl will verify peer certificate
LogInit:  - bUseHttpProxy = false  - Libcurl will NOT use HTTP proxy
LogInit:  - bDontReuseConnections = false  - Libcurl will reuse connections
LogInit:  - CertBundlePath = nullptr  - Libcurl will use whatever was configured at build time.
LogInit: Presizing for max 8388607 objects, including 0 objects not considered by GC, pre-allocating 0 bytes for permanent pool.
LogInit: Object subsystem initialized
[2017.07.20-13.01.45:884][  0]LogInit: Selected Device Profile: [Windows]
[2017.07.20-13.01.45:884][  0]LogInit: Applying CVar settings loaded from the selected device profile: [Windows]
[2017.07.20-13.01.45:893][  0]LogInit: Computer: PC42640
[2017.07.20-13.01.45:893][  0]LogInit: User: i7230020
[2017.07.20-13.01.45:893][  0]LogInit: CPU Page size=65536, Cores=6
[2017.07.20-13.01.45:893][  0]LogInit: High frequency timer resolution =3.410097 MHz
[2017.07.20-13.01.45:893][  0]LogMemory: Memory total: Physical=31.9GB (32GB approx)
[2017.07.20-13.01.45:893][  0]LogMemory: Platform Memory Stats for Windows
[2017.07.20-13.01.45:893][  0]LogMemory: Process Physical Memory: 196.03 MB used, 196.03 MB peak
[2017.07.20-13.01.45:894][  0]LogMemory: Process Virtual Memory: 198.94 MB used, 198.94 MB peak
[2017.07.20-13.01.45:894][  0]LogMemory: Physical Memory: 11772.11 MB used, 32684.15 MB total
[2017.07.20-13.01.45:894][  0]LogMemory: Virtual Memory: 539.58 MB used, 8388608.00 MB total
[2017.07.20-13.01.45:952][  0]LogTextLocalizationManager: No specific translations for ('en-GB') exist, so ('en') translations will be used.
[2017.07.20-13.01.46:411][  0]LogD3D11RHI: D3D11 adapters:
[2017.07.20-13.01.46:430][  0]LogD3D11RHI:    0. 'NVIDIA Quadro M4000' (Feature Level 11_0)
[2017.07.20-13.01.46:430][  0]LogD3D11RHI:       8092/0/16086 MB DedicatedVideo/DedicatedSystem/SharedSystem, Outputs:1, VendorId:0x10de
[2017.07.20-13.01.46:430][  0]LogD3D11RHI: Chosen D3D11 Adapter: 0
[2017.07.20-13.01.46:439][  0]LogD3D11RHI: Creating new Direct3DDevice
[2017.07.20-13.01.46:440][  0]LogD3D11RHI:     GPU DeviceId: 0x13f1 (for the marketing name, search the web for "GPU Device Id")
[2017.07.20-13.01.46:440][  0]LogWindows: EnumDisplayDevices:
[2017.07.20-13.01.46:440][  0]LogWindows:    0. 'NVIDIA Quadro M4000' (P:1 D:1)
[2017.07.20-13.01.46:441][  0]LogWindows:    1. 'NVIDIA Quadro M4000' (P:0 D:0)
[2017.07.20-13.01.46:441][  0]LogWindows:    2. 'NVIDIA Quadro M4000' (P:0 D:0)
[2017.07.20-13.01.46:441][  0]LogWindows:    3. 'NVIDIA Quadro M4000' (P:0 D:0)
[2017.07.20-13.01.46:442][  0]LogWindows:    4. 'RDPDD Chained DD' (P:0 D:0)
[2017.07.20-13.01.46:442][  0]LogWindows:    5. 'RDP Encoder Mirror Driver' (P:0 D:0)
[2017.07.20-13.01.46:442][  0]LogWindows:    6. 'RDP Reflector Display Driver' (P:0 D:0)
[2017.07.20-13.01.46:442][  0]LogWindows: DebugString: GetVideoDriverDetailsInvalid PrimaryIsNotTheChoosenAdapter GetVideoDriverDetailsInvalid PrimaryIsNotTheChoosenAdapter GetVideoDriverDetailsInvalid PrimaryIsNotTheChoosenAdapter FoundDriverCount:4 
[2017.07.20-13.01.46:442][  0]LogD3D11RHI:     Adapter Name: NVIDIA Quadro M4000
[2017.07.20-13.01.46:442][  0]LogD3D11RHI:   Driver Version: 362.13 (internal:10.18.13.6213, unified:362.13)
[2017.07.20-13.01.46:442][  0]LogD3D11RHI:      Driver Date: 3-18-2016
[2017.07.20-13.01.46:442][  0]LogRHI: Texture pool is 1361 MB (70% of 1945 MB)
[2017.07.20-13.01.46:451][  0]LogD3D11RHI: Async texture creation enabled
[2017.07.20-13.01.46:467][  0]LogD3D11RHI: GPU Timing Frequency: 1000.000000 (Debug: 2 2)
[2017.07.20-13.01.46:467][  0]LogShaderCompilers: Guid format shader working directory is -8 characters bigger than the processId version (W:/University Work/Masters/MastersProject/MastersProject/Ava/Intermediate/Shaders/WorkingDirectory/54800/).
[2017.07.20-13.01.46:467][  0]LogShaderCompilers: Cleaned the shader compiler working directory 'C:/Users/I72300~1.000/AppData/Local/Temp/UnrealShaderWorkingDir/1C9C6E2942A3F88BA7406685FF7F422B/'.
[2017.07.20-13.01.46:467][  0]LogShaderCompilers:Display: Using Local Shader Compiler.
[2017.07.20-13.01.47:548][  0]LogTemp:Display: Loaded TP AllDesktopTargetPlatform
[2017.07.20-13.01.47:563][  0]LogTemp:Display: Loaded TP WindowsClientTargetPlatform
[2017.07.20-13.01.47:574][  0]LogTemp:Display: Loaded TP WindowsNoEditorTargetPlatform
[2017.07.20-13.01.47:583][  0]LogTemp:Display: Loaded TP WindowsServerTargetPlatform
[2017.07.20-13.01.47:592][  0]LogTemp:Display: Loaded TP WindowsTargetPlatform
[2017.07.20-13.01.47:600][  0]LogTemp:Display: Loaded TP AndroidTargetPlatform
[2017.07.20-13.01.47:608][  0]LogTemp:Display: Loaded TP Android_ASTCTargetPlatform
[2017.07.20-13.01.47:615][  0]LogTemp:Display: Loaded TP Android_ATCTargetPlatform
[2017.07.20-13.01.47:628][  0]LogTemp:Display: Loaded TP Android_DXTTargetPlatform
[2017.07.20-13.01.47:645][  0]LogTemp:Display: Loaded TP Android_ETC1TargetPlatform
[2017.07.20-13.01.47:655][  0]LogTemp:Display: Loaded TP Android_ETC2TargetPlatform
[2017.07.20-13.01.47:670][  0]LogTemp:Display: Loaded TP Android_MultiTargetPlatform
[2017.07.20-13.01.47:670][  0]LogTemp:Display: Loaded TP Android_PVRTCTargetPlatform
[2017.07.20-13.01.47:672][  0]LogTemp:Display: Loaded TP HTML5TargetPlatform
[2017.07.20-13.01.47:693][  0]LogTemp:Display: Loaded TP IOSTargetPlatform
[2017.07.20-13.01.47:713][  0]LogTemp:Display: Loaded TP TVOSTargetPlatform
[2017.07.20-13.01.47:726][  0]LogTemp:Display: Loaded TP LinuxNoEditorTargetPlatform
[2017.07.20-13.01.47:737][  0]LogTemp:Display: Loaded TP LinuxServerTargetPlatform
[2017.07.20-13.01.47:747][  0]LogTemp:Display: Loaded TP LinuxTargetPlatform
[2017.07.20-13.01.47:747][  0]LogTargetPlatformManager:Display: Building Assets For Windows
[2017.07.20-13.01.47:834][  0]LogDerivedDataCache:Display: Max Cache Size: 512 MB
[2017.07.20-13.01.47:896][  0]LogDerivedDataCache: Loaded boot cache 0.06s 49MB C:/Users/i7230020.STUDENT.000/AppData/Local/UnrealEngine/4.12/DerivedDataCache/Boot.ddc.
[2017.07.20-13.01.47:897][  0]LogDerivedDataCache:Display: Loaded Boot cache: C:/Users/i7230020.STUDENT.000/AppData/Local/UnrealEngine/4.12/DerivedDataCache/Boot.ddc
[2017.07.20-13.01.47:897][  0]LogDerivedDataCache: FDerivedDataBackendGraph:  Pak pak cache file W:/University Work/Masters/MastersProject/MastersProject/Ava/DerivedDataCache/DDC.ddp not found, will not use a pak cache.
[2017.07.20-13.01.47:897][  0]LogDerivedDataCache: Unable to find inner node Pak for hierarchical cache Hierarchy.
[2017.07.20-13.01.47:897][  0]LogDerivedDataCache: FDerivedDataBackendGraph:  CompressedPak pak cache file W:/University Work/Masters/MastersProject/MastersProject/Ava/DerivedDataCache/Compressed.ddp not found, will not use a pak cache.
[2017.07.20-13.01.47:897][  0]LogDerivedDataCache: Unable to find inner node CompressedPak for hierarchical cache Hierarchy.
[2017.07.20-13.01.47:919][  0]LogDerivedDataCache:Display: Pak cache opened for reading ../../../Engine/DerivedDataCache/Compressed.ddp.
[2017.07.20-13.01.47:931][  0]LogDerivedDataCache: Using Local data cache path C:/Users/i7230020.STUDENT.000/AppData/Local/UnrealEngine/Common/DerivedDataCache: Writable
[2017.07.20-13.01.48:140][  0]LogInit: Selected Device Profile: [Windows]
[2017.07.20-13.01.48:140][  0]LogContentStreaming: Texture pool size is 0.00 MB
[2017.07.20-13.01.48:328][  0]LogMeshUtilities: No automatic mesh reduction module available
[2017.07.20-13.01.48:328][  0]LogMeshUtilities: No automatic mesh merging module available
[2017.07.20-13.01.48:328][  0]LogMeshUtilities: No distributed automatic mesh merging module available
[2017.07.20-13.01.48:684][  0]LogAssetRegistry: FAssetRegistry took 0.0199 seconds to start up
[2017.07.20-13.01.48:760][  0]LogPackageLocalizationCache: Processed 4 localized package path(s) for 2 prioritized culture(s) in 0.072293 seconds
[2017.07.20-13.01.48:764][  0]LogUObjectArray: 28739 objects as part of root set at end of initial load.
[2017.07.20-13.01.48:764][  0]LogUObjectAllocator: 5855624 out of 0 bytes used by permanent object pool.
[2017.07.20-13.01.48:764][  0]LogUObjectArray: CloseDisregardForGC: 0/0 objects in disregard for GC pool
[2017.07.20-13.01.48:772][  0]LogInit: WinSock: version 1.1 (2.2), MaxSocks=32767, MaxUdp=65467
[2017.07.20-13.01.48:998][  0]LogSlate: SlateFontCache - WITH_FREETYPE: 1, WITH_HARFBUZZ: 1
[2017.07.20-13.01.48:998][  0]LogSlate: SlateFontCache - WITH_FREETYPE: 1, WITH_HARFBUZZ: 1
[2017.07.20-13.01.50:097][  0]LogUdpMessaging: Initializing bridge on interface 0.0.0.0:0 to multicast group 230.0.0.1:6666.
[2017.07.20-13.01.50:176][  0]LogStats: FPlatformStackWalk::StackWalkAndDump -  0.012 s
[2017.07.20-13.01.50:176][  0]LogOutputDevice:Warning: === Handled error: ===

Ensure condition failed: !AttachmentRules.bWeldSimulatedBodies [File:D:\Build\++UE4+Release-4.12+Compile\Sync\Engine\Source\Runtime\Engine\Private\Components\SceneComponent.cpp] [Line: 1481]
AttachToComponent when called from a constructor cannot weld simulated bodies. Consider calling SetupAttachment directly instead.
Stack: 
UE4Editor-Core.dll
UE4Editor-Core.dll
UE4Editor-Core.dll
UE4Editor-Engine.dll
UE4Editor-Ava-4659.dll
UE4Editor-CoreUObject.dll
UE4Editor-CoreUObject.dll
UE4Editor-CoreUObject.dll
UE4Editor-CoreUObject.dll
UE4Editor-Core.dll
UE4Editor-Core.dll
UE4Editor-Projects.dll
UE4Editor-Projects.dll
UE4Editor.exe
UE4Editor.exe
UE4Editor.exe
UE4Editor.exe
UE4Editor.exe
UE4Editor.exe
kernel32.dll
ntdll.dll
ntdll.dll

[2017.07.20-13.01.50:176][  0]LogStats:                SubmitErrorReport -  0.000 s
[2017.07.20-13.01.50:610][  0]LogStats:                    SendNewReport -  0.435 s
[2017.07.20-13.01.50:610][  0]LogStats:             FDebug::EnsureFailed -  0.447 s
[2017.07.20-13.01.50:846][  0]SourceControl: Info Source control is disabled
[2017.07.20-13.01.50:851][  0]SourceControl: Info Source control is disabled
[2017.07.20-13.01.50:865][  0]SourceControl: Info Source control is disabled
[2017.07.20-13.01.50:880][  0]SourceControl: Info Source control is disabled
[2017.07.20-13.01.51:040][  0]LogHoudiniEngine: Starting the Houdini Engine module.
[2017.07.20-13.01.51:041][  0]LogHoudiniEngine: Loaded libHAPIL.dll from Registry path C:\Program Files\Side Effects Software\Houdini 15.5.632/bin
[2017.07.20-13.01.51:042][  0]LogLinker:Warning: Asset '../../../Engine/Plugins/Runtime/HoudiniEngine/Content/houdini_logo.uasset' has been saved with empty engine version. The asset will be loaded but may be incompatible.
[2017.07.20-13.01.51:043][  0]LogLinker:Warning: Asset '../../../Engine/Plugins/Runtime/HoudiniEngine/Content/houdini_default_material.uasset' has been saved with empty engine version. The asset will be loaded but may be incompatible.
[2017.07.20-13.01.51:048][  0]LogLinker:Warning: Asset '../../../Engine/Plugins/Runtime/HoudiniEngine/Content/houdini_bgeo_import.uasset' has been saved with empty engine version. The asset will be loaded but may be incompatible.
[2017.07.20-13.01.52:141][  0]LogHoudiniEngine: Successfully initialized the Houdini Engine API module.
[2017.07.20-13.01.52:286][  0]LogEngine: Initializing Engine...
[2017.07.20-13.01.52:287][  0]LogHMD: SteamVR failed to initialize.  Err: 110
[2017.07.20-13.01.52:289][  0]LogHMD: SteamVR failed to initialize.  Err: 110
[2017.07.20-13.01.52:426][  0]LogAIModule: Creating AISystem for world NewWorld
[2017.07.20-13.01.52:433][  0]LogInit: XAudio2 using 'Speakers (Realtek High Definition Audio)' : 2 channels at 48 kHz using 32 bits per sample (channel mask 0x3)
[2017.07.20-13.01.52:444][  0]LogInit: FAudioDevice initialized.
[2017.07.20-13.01.52:470][  0]LogDerivedDataCache: Saved boot cache 0.03s 49MB C:/Users/i7230020.STUDENT.000/AppData/Local/UnrealEngine/4.12/DerivedDataCache/Boot.ddc.
[2017.07.20-13.01.52:475][  0]LogInit: Texture streaming: Enabled
[2017.07.20-13.01.52:505][  0]LogInit: Transaction tracking system initialized
[2017.07.20-13.01.52:527][  0]BlueprintLog: New page: Editor Load
[2017.07.20-13.01.52:602][  0]LocalizationService: Info Localization service is disabled
[2017.07.20-13.01.52:683][  0]LogConsoleResponse:Display: 
[2017.07.20-13.01.52:804][  0]LogCook:Display: Max memory allowance for cook 8192mb
[2017.07.20-13.01.52:804][  0]LogCook:Display: Mobile HDR setting 1
[2017.07.20-13.01.52:891][  0]LogFileCache: Scanning file cache for directory 'W:/University Work/Masters/MastersProject/MastersProject/Ava/Content/' took 0.02s
[2017.07.20-13.01.52:891][  0]LogHoudiniEngineEditor: Starting the Houdini Engine Editor module.
[2017.07.20-13.01.52:938][  0]SourceControl: Info Source control is disabled
[2017.07.20-13.01.52:938][  0]Cmd: MAP LOAD FILE="W:/University Work/Masters/MastersProject/MastersProject/Ava/Content/Ava/Maps/PalaceLevel.umap" TEMPLATE=0 SHOWPROGRESS=1 FEATURELEVEL=3
[2017.07.20-13.01.52:938][  0]LightingResults: New page: Lighting Build
[2017.07.20-13.01.52:941][  0]MapCheck: New page: Map Check
[2017.07.20-13.01.52:941][  0]LightingResults: New page: Lighting Build
[2017.07.20-13.01.55:338][  0]LogMaterial: Missing cached shader map for material M_Basic_Wall, compiling. 
[2017.07.20-13.01.55:338][  0]LogMaterial:Warning: Failed to compile Material /Game/StarterContent/Materials/M_Basic_Wall.M_Basic_Wall for platform PCD3D_SM5, Default Material will be used in game.
[2017.07.20-13.01.55:338][  0]LogMaterial:Warning: 	(Node TextureSample) TextureSample> Missing input texture
[2017.07.20-13.01.55:366][  0]LogAIModule: Creating AISystem for world PalaceLevel
[2017.07.20-13.01.55:398][  0]LogEditorServer: Finished looking for orphan Actors (0.000 secs)
[2017.07.20-13.01.55:398][  0]Cmd: MAP CHECKDEP NOCLEARLOG
[2017.07.20-13.01.55:497][  0]MapCheck: Info Map check complete: 0 Error(s), 0 Warning(s), took 98.043ms to complete.
[2017.07.20-13.01.55:497][  0]LogFileHelpers: Loading map 'PalaceLevel' took 2.559
[2017.07.20-13.01.55:854][  0]LogCollectionManager: Loaded 0 collections in 0.002157 seconds
[2017.07.20-13.01.55:904][  0]LogFileCache: Scanning file cache for directory 'W:/University Work/Masters/MastersProject/MastersProject/Ava/Saved/Collections/' took 0.01s
[2017.07.20-13.01.55:904][  0]LogFileCache: Scanning file cache for directory 'W:/University Work/Masters/MastersProject/MastersProject/Ava/Content/Developers/i7230020/Collections/' took 0.01s
[2017.07.20-13.01.55:904][  0]LogFileCache: Scanning file cache for directory 'W:/University Work/Masters/MastersProject/MastersProject/Ava/Content/Collections/' took 0.01s
[2017.07.20-13.01.55:904][  0]LogCollectionManager: Rebuilt the GUID cache for 0 collections in 0.000005 seconds
[2017.07.20-13.01.55:922][  0]LogContentBrowser: Native class hierarchy populated in 0.0176 seconds. Added 2099 classes and 376 folders.
[2017.07.20-13.01.55:927][  0]LogStats: UGameplayTagsManager::ConstructGameplayTagTree: Construct from data asset -  0.000 s
[2017.07.20-13.01.55:927][  0]LogStats: UGameplayTagsManager::ConstructGameplayTagTree: GameplayTagTreeChangedEvent.Broadcast -  0.000 s
[2017.07.20-13.01.55:930][  0]LogContentBrowser: Native class hierarchy updated for 'GameplayTags' in 0.0031 seconds. Added 12 classes and 0 folders.
[2017.07.20-13.01.55:936][  0]LogContentBrowser: Native class hierarchy updated for 'WidgetCarousel' in 0.0023 seconds. Added 0 classes and 0 folders.
[2017.07.20-13.01.56:012][  0]LogContentBrowser: Native class hierarchy updated for 'AddContentDialog' in 0.0024 seconds. Added 0 classes and 0 folders.
[2017.07.20-13.01.56:017][  0]LogContentBrowser: Native class hierarchy updated for 'SceneOutliner' in 0.0024 seconds. Added 1 classes and 2 folders.
[2017.07.20-13.01.56:030][  0]LogCrashTracker: Crashtracker disabled due to settings.
[2017.07.20-13.01.56:073][  0]LogContentBrowser: Native class hierarchy updated for 'HierarchicalLODOutliner' in 0.0024 seconds. Added 1 classes and 2 folders.
[2017.07.20-13.01.56:073][  0]LogLoad: Full Startup: 12.97 seconds (BP compile: 1.27 seconds)
[2017.07.20-13.01.56:073][  0]LogExternalProfiler: Found external profiler: VSPerf
[2017.07.20-13.01.56:073][  0]LogExternalProfiler: Using external profiler: VSPerf
[2017.07.20-13.01.56:193][  0]LogRenderer: Reallocating scene render targets to support 796x588 (Frame:2).
[2017.07.20-13.01.56:276][  0]LogOcInput: OculusInput pre-init called
[2017.07.20-13.01.56:338][  0]LogContentStreaming: Texture pool size now 1000 MB
[2017.07.20-13.01.56:439][  2]LogAssetRegistry: Asset discovery search completed in 7.7753 seconds
[2017.07.20-13.01.56:439][  2]LogCollectionManager: Rebuilt the object cache for 0 collections in 0.000001 seconds (found 0 objects)
[2017.07.20-13.01.56:439][  2]LogCollectionManager: Fixed up redirectors for 0 collections in 0.000018 seconds (updated 0 objects)
[2017.07.20-13.01.58:215][183]LogRenderer: Reallocating scene render targets to support 1488x588 (Frame:187).
[2017.07.20-13.01.59:970][183]LogRenderer: Reallocating scene render targets to support 1616x600 (Frame:188).
[2017.07.20-13.02.01:121][252]LogBlueprintUserMessages: Early PlayInEditor Detection: Level '/Game/Ava/Maps/PalaceLevel.PalaceLevel:PersistentLevel' has LevelScriptBlueprint '/Game/Ava/Maps/PalaceLevel.PalaceLevel:PersistentLevel.PalaceLevel' with GeneratedClass '/Game/Ava/Maps/PalaceLevel.PalaceLevel_C' with ClassGeneratedBy '/Game/Ava/Maps/PalaceLevel.PalaceLevel:PersistentLevel.PalaceLevel'
[2017.07.20-13.02.01:121][252]LogPlayLevel: PlayLevel: No blueprints needed recompiling
[2017.07.20-13.02.01:122][252]PIE: New page: PIE session: PalaceLevel (20 Jul 2017 14:02:01)
[2017.07.20-13.02.01:122][252]LogPlayLevel: Creating play world package: /Game/Ava/Maps/UEDPIE_0_PalaceLevel
[2017.07.20-13.02.01:177][252]LogPlayLevel: PIE: StaticDuplicateObject took: (0.054529s)
[2017.07.20-13.02.01:177][252]LogAIModule: Creating AISystem for world PalaceLevel
[2017.07.20-13.02.01:177][252]LogPlayLevel: PIE: World Init took: (0.000576s)
[2017.07.20-13.02.01:178][252]LogPlayLevel: PIE: Created PIE world by copying editor world from /Game/Ava/Maps/PalaceLevel.PalaceLevel to /Game/Ava/Maps/UEDPIE_0_PalaceLevel.PalaceLevel (0.055474s)
[2017.07.20-13.02.01:235][252]LogInit: XAudio2 using 'Speakers (Realtek High Definition Audio)' : 2 channels at 48 kHz using 32 bits per sample (channel mask 0x3)
[2017.07.20-13.02.01:242][252]LogInit: FAudioDevice initialized.
[2017.07.20-13.02.01:316][252]LogWorld: Game class is 'AvaGameMode'
[2017.07.20-13.02.01:346][252]LogWorld: Bringing World /Game/Ava/Maps/UEDPIE_0_PalaceLevel.PalaceLevel up for play (max tick rate 0) at 2017.07.20-14.02.01
[2017.07.20-13.02.01:349][252]LogWorld: Bringing up level for play took: 0.030980
[2017.07.20-13.02.01:354][252]LogContentBrowser: Native class hierarchy updated for 'MovieSceneCapture' in 0.0025 seconds. Added 11 classes and 0 folders.
[2017.07.20-13.02.01:358][252]LogBlueprintUserMessages: [GameUIBP_C_0] SEt UI
[2017.07.20-13.02.01:359][252]PIE: Info Play in editor start time for /Game/Ava/Maps/UEDPIE_0_PalaceLevel -0.323
[2017.07.20-13.02.01:359][252]LogBlueprintUserMessages: Late PlayInEditor Detection: Level '/Game/Ava/Maps/PalaceLevel.PalaceLevel:PersistentLevel' has LevelScriptBlueprint '/Game/Ava/Maps/PalaceLevel.PalaceLevel:PersistentLevel.PalaceLevel' with GeneratedClass '/Game/Ava/Maps/PalaceLevel.PalaceLevel_C' with ClassGeneratedBy '/Game/Ava/Maps/PalaceLevel.PalaceLevel:PersistentLevel.PalaceLevel'
[2017.07.20-13.02.46:162][215]LogHotReload: New module detected: UE4Editor-Ava-8419.dll
[2017.07.20-13.02.48:944][224]LogHotReload: Starting Hot-Reload from IDE
[2017.07.20-13.02.48:995][224]LogClass: ItemDataVariables HotReload.
[2017.07.20-13.02.48:995][224]LogClass: Item HotReload.
[2017.07.20-13.02.48:997][224]LogHotReload: Re-instancing Antelope after hot-reload.
[2017.07.20-13.02.49:049][224]LogHotReload: Re-instancing Door after hot-reload.
[2017.07.20-13.02.49:536][224]LogHotReload: Re-instancing PushPullItem after hot-reload.
[2017.07.20-13.02.49:997][224]LogHotReload: Re-instancing PickUpItem after hot-reload.
[2017.07.20-13.02.50:529][224]LogHotReload: Re-instancing MainCharacter after hot-reload.
[2017.07.20-13.02.50:731][224]LogHotReload: Re-instancing OfferingStatue after hot-reload.
[2017.07.20-13.02.51:030][224]LogHotReload: Re-instancing StatueObject after hot-reload.
[2017.07.20-13.02.51:329][224]LogHotReload: Re-instancing BluePuzzle after hot-reload.
[2017.07.20-13.02.51:470][224]LogHotReload: Re-instancing GreenPuzzle after hot-reload.
[2017.07.20-13.02.51:591][224]LogHotReload: Re-instancing WhitePuzzle after hot-reload.
[2017.07.20-13.02.51:706][224]LogContentBrowser: Native class hierarchy updated for 'Ava' in 0.0026 seconds. Added 21 classes and 2 folders.
[2017.07.20-13.02.51:708][224]Warning: HotReload successful (14 functions remapped  0 scriptstructs remapped)
[2017.07.20-13.02.51:824][224]LogContentBrowser: Native class hierarchy populated in 0.0095 seconds. Added 2101 classes and 380 folders.
[2017.07.20-13.02.51:829][224]Warning: HotReload took  2.9s.
[2017.07.20-13.02.51:834][224]LogScript:Warning: Accessed None trying to read property HUD Reference
	PlayVideo_C /Game/Ava/Maps/UEDPIE_0_PalaceLevel.PalaceLevel:PersistentLevel.PlayVideo_185
	Function /Game/TemporaryContent/PlayVideo.PlayVideo_C:ExecuteUbergraph_PlayVideo:0031
[2017.07.20-13.02.51:834][224]PIE:Error: Error Blueprint Runtime Error: Accessed None trying to read property HUD Reference from function: 'ExecuteUbergraph_PlayVideo' from node: SetText (Text) in graph: EventGraph in object: PlayVideo with description: Accessed None trying to read property HUD Reference
[2017.07.20-13.02.51:834][224]LogScript:Warning: Accessed None
	PlayVideo_C /Game/Ava/Maps/UEDPIE_0_PalaceLevel.PalaceLevel:PersistentLevel.PlayVideo_185
	Function /Game/TemporaryContent/PlayVideo.PlayVideo_C:ExecuteUbergraph_PlayVideo:0046
[2017.07.20-13.02.51:834][224]PIE:Error: Error Blueprint Runtime Error: Accessed None from function: 'ExecuteUbergraph_PlayVideo' from node: SetText (Text) in graph: EventGraph in object: PlayVideo with description: Accessed None
[2017.07.20-13.02.51:904][225]LogScript:Warning: Accessed None trying to read property HUD Reference
	PlayVideo_C /Game/Ava/Maps/UEDPIE_0_PalaceLevel.PalaceLevel:PersistentLevel.PlayVideo_185
	Function /Game/TemporaryContent/PlayVideo.PlayVideo_C:ExecuteUbergraph_PlayVideo:0031
[2017.07.20-13.02.51:904][225]PIE:Error: Error Blueprint Runtime Error: Accessed None trying to read property HUD Reference from function: 'ExecuteUbergraph_PlayVideo' from node: SetText (Text) in graph: EventGraph in object: PlayVideo with description: Accessed None trying to read property HUD Reference
[2017.07.20-13.02.51:904][225]LogScript:Warning: Accessed None
	PlayVideo_C /Game/Ava/Maps/UEDPIE_0_PalaceLevel.PalaceLevel:PersistentLevel.PlayVideo_185
	Function /Game/TemporaryContent/PlayVideo.PlayVideo_C:ExecuteUbergraph_PlayVideo:0046
[2017.07.20-13.02.51:904][225]PIE:Error: Error Blueprint Runtime Error: Accessed None from function: 'ExecuteUbergraph_PlayVideo' from node: SetText (Text) in graph: EventGraph in object: PlayVideo with description: Accessed None
[2017.07.20-13.02.51:915][226]LogScript:Warning: Accessed None trying to read property HUD Reference
	PlayVideo_C /Game/Ava/Maps/UEDPIE_0_PalaceLevel.PalaceLevel:PersistentLevel.PlayVideo_185
	Function /Game/TemporaryContent/PlayVideo.PlayVideo_C:ExecuteUbergraph_PlayVideo:0031
[2017.07.20-13.02.51:915][226]PIE:Error: Error Blueprint Runtime Error: Accessed None trying to read property HUD Reference from function: 'ExecuteUbergraph_PlayVideo' from node: SetText (Text) in graph: EventGraph in object: PlayVideo with description: Accessed None trying to read property HUD Reference
[2017.07.20-13.02.51:915][226]LogScript:Warning: Accessed None
	PlayVideo_C /Game/Ava/Maps/UEDPIE_0_PalaceLevel.PalaceLevel:PersistentLevel.PlayVideo_185
	Function /Game/TemporaryContent/PlayVideo.PlayVideo_C:ExecuteUbergraph_PlayVideo:0046
[2017.07.20-13.02.51:915][226]PIE:Error: Error Blueprint Runtime Error: Accessed None from function: 'ExecuteUbergraph_PlayVideo' from node: SetText (Text) in graph: EventGraph in object: PlayVideo with description: Accessed None
[2017.07.20-13.02.51:967][227]LogScript:Warning: Accessed None trying to read property HUD Reference
	PlayVideo_C /Game/Ava/Maps/UEDPIE_0_PalaceLevel.PalaceLevel:PersistentLevel.PlayVideo_185
	Function /Game/TemporaryContent/PlayVideo.PlayVideo_C:ExecuteUbergraph_PlayVideo:0031
[2017.07.20-13.02.51:967][227]PIE:Error: Error Blueprint Runtime Error: Accessed None trying to read property HUD Reference from function: 'ExecuteUbergraph_PlayVideo' from node: SetText (Text) in graph: EventGraph in object: PlayVideo with description: Accessed None trying to read property HUD Reference
[2017.07.20-13.02.51:967][227]LogScript:Warning: Accessed None
	PlayVideo_C /Game/Ava/Maps/UEDPIE_0_PalaceLevel.PalaceLevel:PersistentLevel.PlayVideo_185
	Function /Game/TemporaryContent/PlayVideo.PlayVideo_C:ExecuteUbergraph_PlayVideo:0046
[2017.07.20-13.02.51:967][227]PIE:Error: Error Blueprint Runtime Error: Accessed None from function: 'ExecuteUbergraph_PlayVideo' from node: SetText (Text) in graph: EventGraph in object: PlayVideo with description: Accessed None
[2017.07.20-13.02.52:018][228]LogScript:Warning: Accessed None trying to read property HUD Reference
	PlayVideo_C /Game/Ava/Maps/UEDPIE_0_PalaceLevel.PalaceLevel:PersistentLevel.PlayVideo_185
	Function /Game/TemporaryContent/PlayVideo.PlayVideo_C:ExecuteUbergraph_PlayVideo:0031
[2017.07.20-13.02.52:018][228]PIE:Error: Error Blueprint Runtime Error: Accessed None trying to read property HUD Reference from function: 'ExecuteUbergraph_PlayVideo' from node: SetText (Text) in graph: EventGraph in object: PlayVideo with description: Accessed None trying to read property HUD Reference
[2017.07.20-13.02.52:018][228]LogScript:Warning: Accessed None
	PlayVideo_C /Game/Ava/Maps/UEDPIE_0_PalaceLevel.PalaceLevel:PersistentLevel.PlayVideo_185
	Function /Game/TemporaryContent/PlayVideo.PlayVideo_C:ExecuteUbergraph_PlayVideo:0046
[2017.07.20-13.02.52:018][228]PIE:Error: Error Blueprint Runtime Error: Accessed None from function: 'ExecuteUbergraph_PlayVideo' from node: SetText (Text) in graph: EventGraph in object: PlayVideo with description: Accessed None
[2017.07.20-13.02.52:059][229]LogScript:Warning: Accessed None trying to read property HUD Reference
	PlayVideo_C /Game/Ava/Maps/UEDPIE_0_PalaceLevel.PalaceLevel:PersistentLevel.PlayVideo_185
	Function /Game/TemporaryContent/PlayVideo.PlayVideo_C:ExecuteUbergraph_PlayVideo:0031
[2017.07.20-13.02.52:059][229]PIE:Error: Error Blueprint Runtime Error: Accessed None trying to read property HUD Reference from function: 'ExecuteUbergraph_PlayVideo' from node: SetText (Text) in graph: EventGraph in object: PlayVideo with description: Accessed None trying to read property HUD Reference
[2017.07.20-13.02.52:059][229]LogScript:Warning: Accessed None
	PlayVideo_C /Game/Ava/Maps/UEDPIE_0_PalaceLevel.PalaceLevel:PersistentLevel.PlayVideo_185
	Function /Game/TemporaryContent/PlayVideo.PlayVideo_C:ExecuteUbergraph_PlayVideo:0046
[2017.07.20-13.02.52:059][229]PIE:Error: Error Blueprint Runtime Error: Accessed None from function: 'ExecuteUbergraph_PlayVideo' from node: SetText (Text) in graph: EventGraph in object: PlayVideo with description: Accessed None
[2017.07.20-13.02.52:100][230]LogScript:Warning: Accessed None trying to read property HUD Reference
	PlayVideo_C /Game/Ava/Maps/UEDPIE_0_PalaceLevel.PalaceLevel:PersistentLevel.PlayVideo_185
	Function /Game/TemporaryContent/PlayVideo.PlayVideo_C:ExecuteUbergraph_PlayVideo:0031
[2017.07.20-13.02.52:100][230]PIE:Error: Error Blueprint Runtime Error: Accessed None trying to read property HUD Reference from function: 'ExecuteUbergraph_PlayVideo' from node: SetText (Text) in graph: EventGraph in object: PlayVideo with description: Accessed None trying to read property HUD Reference
[2017.07.20-13.02.52:100][230]LogScript:Warning: Accessed None
	PlayVideo_C /Game/Ava/Maps/UEDPIE_0_PalaceLevel.PalaceLevel:PersistentLevel.PlayVideo_185
	Function /Game/TemporaryContent/PlayVideo.PlayVideo_C:ExecuteUbergraph_PlayVideo:0046
[2017.07.20-13.02.52:100][230]PIE:Error: Error Blueprint Runtime Error: Accessed None from function: 'ExecuteUbergraph_PlayVideo' from node: SetText (Text) in graph: EventGraph in object: PlayVideo with description: Accessed None
[2017.07.20-13.02.52:153][231]LogScript:Warning: Accessed None trying to read property HUD Reference
	PlayVideo_C /Game/Ava/Maps/UEDPIE_0_PalaceLevel.PalaceLevel:PersistentLevel.PlayVideo_185
	Function /Game/TemporaryContent/PlayVideo.PlayVideo_C:ExecuteUbergraph_PlayVideo:0031
[2017.07.20-13.02.52:153][231]PIE:Error: Error Blueprint Runtime Error: Accessed None trying to read property HUD Reference from function: 'ExecuteUbergraph_PlayVideo' from node: SetText (Text) in graph: EventGraph in object: PlayVideo with description: Accessed None trying to read property HUD Reference
[2017.07.20-13.02.52:153][231]LogScript:Warning: Accessed None
	PlayVideo_C /Game/Ava/Maps/UEDPIE_0_PalaceLevel.PalaceLevel:PersistentLevel.PlayVideo_185
	Function /Game/TemporaryContent/PlayVideo.PlayVideo_C:ExecuteUbergraph_PlayVideo:0046
[2017.07.20-13.02.52:153][231]PIE:Error: Error Blueprint Runtime Error: Accessed None from function: 'ExecuteUbergraph_PlayVideo' from node: SetText (Text) in graph: EventGraph in object: PlayVideo with description: Accessed None
[2017.07.20-13.02.52:171][232]LogScript:Warning: Accessed None trying to read property HUD Reference
	PlayVideo_C /Game/Ava/Maps/UEDPIE_0_PalaceLevel.PalaceLevel:PersistentLevel.PlayVideo_185
	Function /Game/TemporaryContent/PlayVideo.PlayVideo_C:ExecuteUbergraph_PlayVideo:0031
[2017.07.20-13.02.52:171][232]PIE:Error: Error Blueprint Runtime Error: Accessed None trying to read property HUD Reference from function: 'ExecuteUbergraph_PlayVideo' from node: SetText (Text) in graph: EventGraph in object: PlayVideo with description: Accessed None trying to read property HUD Reference
[2017.07.20-13.02.52:171][232]PIE:Error: Error Blueprint Runtime Error: Accessed None from function: 'ExecuteUbergraph_PlayVideo' from node: SetText (Text) in graph: EventGraph in object: PlayVideo with description: Accessed None
[2017.07.20-13.02.52:186][233]PIE:Error: Error Blueprint Runtime Error: Accessed None trying to read property HUD Reference from function: 'ExecuteUbergraph_PlayVideo' from node: SetText (Text) in graph: EventGraph in object: PlayVideo with description: Accessed None trying to read property HUD Reference
[2017.07.20-13.02.52:186][233]PIE:Error: Error Blueprint Runtime Error: Accessed None from function: 'ExecuteUbergraph_PlayVideo' from node: SetText (Text) in graph: EventGraph in object: PlayVideo with description: Accessed None
[2017.07.20-13.02.52:202][234]PIE:Error: Error Blueprint Runtime Error: Accessed None trying to read property HUD Reference from function: 'ExecuteUbergraph_PlayVideo' from node: SetText (Text) in graph: EventGraph in object: PlayVideo with description: Accessed None trying to read property HUD Reference
[2017.07.20-13.02.52:202][234]PIE:Error: Error Blueprint Runtime Error: Accessed None from function: 'ExecuteUbergraph_PlayVideo' from node: SetText (Text) in graph: EventGraph in object: PlayVideo with description: Accessed None
[2017.07.20-13.02.52:220][235]PIE:Error: Error Blueprint Runtime Error: Accessed None trying to read property HUD Reference from function: 'ExecuteUbergraph_PlayVideo' from node: SetText (Text) in graph: EventGraph in object: PlayVideo with description: Accessed None trying to read property HUD Reference
[2017.07.20-13.02.52:220][235]PIE:Error: Error Blueprint Runtime Error: Accessed None from function: 'ExecuteUbergraph_PlayVideo' from node: SetText (Text) in graph: EventGraph in object: PlayVideo with description: Accessed None
[2017.07.20-13.02.52:236][236]PIE:Error: Error Blueprint Runtime Error: Accessed None trying to read property HUD Reference from function: 'ExecuteUbergraph_PlayVideo' from node: SetText (Text) in graph: EventGraph in object: PlayVideo with description: Accessed None trying to read property HUD Reference
[2017.07.20-13.02.52:236][236]PIE:Error: Error Blueprint Runtime Error: Accessed None from function: 'ExecuteUbergraph_PlayVideo' from node: SetText (Text) in graph: EventGraph in object: PlayVideo with description: Accessed None
[2017.07.20-13.02.52:251][237]PIE:Error: Error Blueprint Runtime Error: Accessed None trying to read property HUD Reference from function: 'ExecuteUbergraph_PlayVideo' from node: SetText (Text) in graph: EventGraph in object: PlayVideo with description: Accessed None trying to read property HUD Reference
[2017.07.20-13.02.52:251][237]PIE:Error: Error Blueprint Runtime Error: Accessed None from function: 'ExecuteUbergraph_PlayVideo' from node: SetText (Text) in graph: EventGraph in object: PlayVideo with description: Accessed None
[2017.07.20-13.02.52:266][238]PIE:Error: Error Blueprint Runtime Error: Accessed None trying to read property HUD Reference from function: 'ExecuteUbergraph_PlayVideo' from node: SetText (Text) in graph: EventGraph in object: PlayVideo with description: Accessed None trying to read property HUD Reference
[2017.07.20-13.02.52:266][238]PIE:Error: Error Blueprint Runtime Error: Accessed None from function: 'ExecuteUbergraph_PlayVideo' from node: SetText (Text) in graph: EventGraph in object: PlayVideo with description: Accessed None
[2017.07.20-13.02.52:281][239]PIE:Error: Error Blueprint Runtime Error: Accessed None trying to read property HUD Reference from function: 'ExecuteUbergraph_PlayVideo' from node: SetText (Text) in graph: EventGraph in object: PlayVideo with description: Accessed None trying to read property HUD Reference
[2017.07.20-13.02.52:281][239]PIE:Error: Error Blueprint Runtime Error: Accessed None from function: 'ExecuteUbergraph_PlayVideo' from node: SetText (Text) in graph: EventGraph in object: PlayVideo with description: Accessed None
[2017.07.20-13.02.52:296][240]PIE:Error: Error Blueprint Runtime Error: Accessed None trying to read property HUD Reference from function: 'ExecuteUbergraph_PlayVideo' from node: SetText (Text) in graph: EventGraph in object: PlayVideo with description: Accessed None trying to read property HUD Reference
[2017.07.20-13.02.52:296][240]PIE:Error: Error Blueprint Runtime Error: Accessed None from function: 'ExecuteUbergraph_PlayVideo' from node: SetText (Text) in graph: EventGraph in object: PlayVideo with description: Accessed None
[2017.07.20-13.02.52:311][241]PIE:Error: Error Blueprint Runtime Error: Accessed None trying to read property HUD Reference from function: 'ExecuteUbergraph_PlayVideo' from node: SetText (Text) in graph: EventGraph in object: PlayVideo with description: Accessed None trying to read property HUD Reference
[2017.07.20-13.02.52:311][241]PIE:Error: Error Blueprint Runtime Error: Accessed None from function: 'ExecuteUbergraph_PlayVideo' from node: SetText (Text) in graph: EventGraph in object: PlayVideo with description: Accessed None
[2017.07.20-13.02.52:326][242]PIE:Error: Error Blueprint Runtime Error: Accessed None trying to read property HUD Reference from function: 'ExecuteUbergraph_PlayVideo' from node: SetText (Text) in graph: EventGraph in object: PlayVideo with description: Accessed None trying to read property HUD Reference
[2017.07.20-13.02.52:327][242]PIE:Error: Error Blueprint Runtime Error: Accessed None from function: 'ExecuteUbergraph_PlayVideo' from node: SetText (Text) in graph: EventGraph in object: PlayVideo with description: Accessed None
[2017.07.20-13.02.52:342][243]PIE:Error: Error Blueprint Runtime Error: Accessed None trying to read property HUD Reference from function: 'ExecuteUbergraph_PlayVideo' from node: SetText (Text) in graph: EventGraph in object: PlayVideo with description: Accessed None trying to read property HUD Reference
[2017.07.20-13.02.52:342][243]PIE:Error: Error Blueprint Runtime Error: Accessed None from function: 'ExecuteUbergraph_PlayVideo' from node: SetText (Text) in graph: EventGraph in object: PlayVideo with description: Accessed None
[2017.07.20-13.02.52:357][244]PIE:Error: Error Blueprint Runtime Error: Accessed None trying to read property HUD Reference from function: 'ExecuteUbergraph_PlayVideo' from node: SetText (Text) in graph: EventGraph in object: PlayVideo with description: Accessed None trying to read property HUD Reference
[2017.07.20-13.02.52:357][244]PIE:Error: Error Blueprint Runtime Error: Accessed None from function: 'ExecuteUbergraph_PlayVideo' from node: SetText (Text) in graph: EventGraph in object: PlayVideo with description: Accessed None
[2017.07.20-13.02.52:371][245]PIE:Error: Error Blueprint Runtime Error: Accessed None trying to read property HUD Reference from function: 'ExecuteUbergraph_PlayVideo' from node: SetText (Text) in graph: EventGraph in object: PlayVideo with description: Accessed None trying to read property HUD Reference
[2017.07.20-13.02.52:372][245]PIE:Error: Error Blueprint Runtime Error: Accessed None from function: 'ExecuteUbergraph_PlayVideo' from node: SetText (Text) in graph: EventGraph in object: PlayVideo with description: Accessed None
[2017.07.20-13.02.52:386][246]PIE:Error: Error Blueprint Runtime Error: Accessed None trying to read property HUD Reference from function: 'ExecuteUbergraph_PlayVideo' from node: SetText (Text) in graph: EventGraph in object: PlayVideo with description: Accessed None trying to read property HUD Reference
[2017.07.20-13.02.52:386][246]PIE:Error: Error Blueprint Runtime Error: Accessed None from function: 'ExecuteUbergraph_PlayVideo' from node: SetText (Text) in graph: EventGraph in object: PlayVideo with description: Accessed None
[2017.07.20-13.02.52:401][247]PIE:Error: Error Blueprint Runtime Error: Accessed None trying to read property HUD Reference from function: 'ExecuteUbergraph_PlayVideo' from node: SetText (Text) in graph: EventGraph in object: PlayVideo with description: Accessed None trying to read property HUD Reference
[2017.07.20-13.02.52:401][247]PIE:Error: Error Blueprint Runtime Error: Accessed None from function: 'ExecuteUbergraph_PlayVideo' from node: SetText (Text) in graph: EventGraph in object: PlayVideo with description: Accessed None
[2017.07.20-13.02.52:417][248]PIE:Error: Error Blueprint Runtime Error: Accessed None trying to read property HUD Reference from function: 'ExecuteUbergraph_PlayVideo' from node: SetText (Text) in graph: EventGraph in object: PlayVideo with description: Accessed None trying to read property HUD Reference
[2017.07.20-13.02.52:417][248]PIE:Error: Error Blueprint Runtime Error: Accessed None from function: 'ExecuteUbergraph_PlayVideo' from node: SetText (Text) in graph: EventGraph in object: PlayVideo with description: Accessed None
[2017.07.20-13.02.52:435][249]PIE:Error: Error Blueprint Runtime Error: Accessed None trying to read property HUD Reference from function: 'ExecuteUbergraph_PlayVideo' from node: SetText (Text) in graph: EventGraph in object: PlayVideo with description: Accessed None trying to read property HUD Reference
[2017.07.20-13.02.52:435][249]PIE:Error: Error Blueprint Runtime Error: Accessed None from function: 'ExecuteUbergraph_PlayVideo' from node: SetText (Text) in graph: EventGraph in object: PlayVideo with description: Accessed None
[2017.07.20-13.02.52:452][250]PIE:Error: Error Blueprint Runtime Error: Accessed None trying to read property HUD Reference from function: 'ExecuteUbergraph_PlayVideo' from node: SetText (Text) in graph: EventGraph in object: PlayVideo with description: Accessed None trying to read property HUD Reference
[2017.07.20-13.02.52:453][250]PIE:Error: Error Blueprint Runtime Error: Accessed None from function: 'ExecuteUbergraph_PlayVideo' from node: SetText (Text) in graph: EventGraph in object: PlayVideo with description: Accessed None
[2017.07.20-13.02.52:467][251]PIE:Error: Error Blueprint Runtime Error: Accessed None trying to read property HUD Reference from function: 'ExecuteUbergraph_PlayVideo' from node: SetText (Text) in graph: EventGraph in object: PlayVideo with description: Accessed None trying to read property HUD Reference
[2017.07.20-13.02.52:467][251]PIE:Error: Error Blueprint Runtime Error: Accessed None from function: 'ExecuteUbergraph_PlayVideo' from node: SetText (Text) in graph: EventGraph in object: PlayVideo with description: Accessed None
[2017.07.20-13.02.52:482][252]PIE:Error: Error Blueprint Runtime Error: Accessed None trying to read property HUD Reference from function: 'ExecuteUbergraph_PlayVideo' from node: SetText (Text) in graph: EventGraph in object: PlayVideo with description: Accessed None trying to read property HUD Reference
[2017.07.20-13.02.52:483][252]PIE:Error: Error Blueprint Runtime Error: Accessed None from function: 'ExecuteUbergraph_PlayVideo' from node: SetText (Text) in graph: EventGraph in object: PlayVideo with description: Accessed None
[2017.07.20-13.02.52:497][253]PIE:Error: Error Blueprint Runtime Error: Accessed None trying to read property HUD Reference from function: 'ExecuteUbergraph_PlayVideo' from node: SetText (Text) in graph: EventGraph in object: PlayVideo with description: Accessed None trying to read property HUD Reference
[2017.07.20-13.02.52:497][253]PIE:Error: Error Blueprint Runtime Error: Accessed None from function: 'ExecuteUbergraph_PlayVideo' from node: SetText (Text) in graph: EventGraph in object: PlayVideo with description: Accessed None
[2017.07.20-13.02.52:512][254]PIE:Error: Error Blueprint Runtime Error: Accessed None trying to read property HUD Reference from function: 'ExecuteUbergraph_PlayVideo' from node: SetText (Text) in graph: EventGraph in object: PlayVideo with description: Accessed None trying to read property HUD Reference
[2017.07.20-13.02.52:512][254]PIE:Error: Error Blueprint Runtime Error: Accessed None from function: 'ExecuteUbergraph_PlayVideo' from node: SetText (Text) in graph: EventGraph in object: PlayVideo with description: Accessed None
[2017.07.20-13.02.52:528][255]PIE:Error: Error Blueprint Runtime Error: Accessed None trying to read property HUD Reference from function: 'ExecuteUbergraph_PlayVideo' from node: SetText (Text) in graph: EventGraph in object: PlayVideo with description: Accessed None trying to read property HUD Reference
[2017.07.20-13.02.52:529][255]PIE:Error: Error Blueprint Runtime Error: Accessed None from function: 'ExecuteUbergraph_PlayVideo' from node: SetText (Text) in graph: EventGraph in object: PlayVideo with description: Accessed None
[2017.07.20-13.02.52:543][256]PIE:Error: Error Blueprint Runtime Error: Accessed None trying to read property HUD Reference from function: 'ExecuteUbergraph_PlayVideo' from node: SetText (Text) in graph: EventGraph in object: PlayVideo with description: Accessed None trying to read property HUD Reference
[2017.07.20-13.02.52:543][256]PIE:Error: Error Blueprint Runtime Error: Accessed None from function: 'ExecuteUbergraph_PlayVideo' from node: SetText (Text) in graph: EventGraph in object: PlayVideo with description: Accessed None
[2017.07.20-13.02.52:558][257]PIE:Error: Error Blueprint Runtime Error: Accessed None trying to read property HUD Reference from function: 'ExecuteUbergraph_PlayVideo' from node: SetText (Text) in graph: EventGraph in object: PlayVideo with description: Accessed None trying to read property HUD Reference
[2017.07.20-13.02.52:559][257]PIE:Error: Error Blueprint Runtime Error: Accessed None from function: 'ExecuteUbergraph_PlayVideo' from node: SetText (Text) in graph: EventGraph in object: PlayVideo with description: Accessed None
[2017.07.20-13.02.52:573][258]PIE:Error: Error Blueprint Runtime Error: Accessed None trying to read property HUD Reference from function: 'ExecuteUbergraph_PlayVideo' from node: SetText (Text) in graph: EventGraph in object: PlayVideo with description: Accessed None trying to read property HUD Reference
[2017.07.20-13.02.52:573][258]PIE:Error: Error Blueprint Runtime Error: Accessed None from function: 'ExecuteUbergraph_PlayVideo' from node: SetText (Text) in graph: EventGraph in object: PlayVideo with description: Accessed None
[2017.07.20-13.02.52:588][259]PIE:Error: Error Blueprint Runtime Error: Accessed None trying to read property HUD Reference from function: 'ExecuteUbergraph_PlayVideo' from node: SetText (Text) in graph: EventGraph in object: PlayVideo with description: Accessed None trying to read property HUD Reference
[2017.07.20-13.02.52:588][259]PIE:Error: Error Blueprint Runtime Error: Accessed None from function: 'ExecuteUbergraph_PlayVideo' from node: SetText (Text) in graph: EventGraph in object: PlayVideo with description: Accessed None
[2017.07.20-13.02.52:604][260]PIE:Error: Error Blueprint Runtime Error: Accessed None trying to read property HUD Reference from function: 'ExecuteUbergraph_PlayVideo' from node: SetText (Text) in graph: EventGraph in object: PlayVideo with description: Accessed None trying to read property HUD Reference
[2017.07.20-13.02.52:604][260]PIE:Error: Error Blueprint Runtime Error: Accessed None from function: 'ExecuteUbergraph_PlayVideo' from node: SetText (Text) in graph: EventGraph in object: PlayVideo with description: Accessed None
[2017.07.20-13.02.52:619][261]PIE:Error: Error Blueprint Runtime Error: Accessed None trying to read property HUD Reference from function: 'ExecuteUbergraph_PlayVideo' from node: SetText (Text) in graph: EventGraph in object: PlayVideo with description: Accessed None trying to read property HUD Reference
[2017.07.20-13.02.52:619][261]PIE:Error: Error Blueprint Runtime Error: Accessed None from function: 'ExecuteUbergraph_PlayVideo' from node: SetText (Text) in graph: EventGraph in object: PlayVideo with description: Accessed None
[2017.07.20-13.02.52:634][262]PIE:Error: Error Blueprint Runtime Error: Accessed None trying to read property HUD Reference from function: 'ExecuteUbergraph_PlayVideo' from node: SetText (Text) in graph: EventGraph in object: PlayVideo with description: Accessed None trying to read property HUD Reference
[2017.07.20-13.02.52:634][262]PIE:Error: Error Blueprint Runtime Error: Accessed None from function: 'ExecuteUbergraph_PlayVideo' from node: SetText (Text) in graph: EventGraph in object: PlayVideo with description: Accessed None
[2017.07.20-13.02.52:649][263]PIE:Error: Error Blueprint Runtime Error: Accessed None trying to read property HUD Reference from function: 'ExecuteUbergraph_PlayVideo' from node: SetText (Text) in graph: EventGraph in object: PlayVideo with description: Accessed None trying to read property HUD Reference
[2017.07.20-13.02.52:649][263]PIE:Error: Error Blueprint Runtime Error: Accessed None from function: 'ExecuteUbergraph_PlayVideo' from node: SetText (Text) in graph: EventGraph in object: PlayVideo with description: Accessed None
[2017.07.20-13.02.52:664][264]PIE:Error: Error Blueprint Runtime Error: Accessed None trying to read property HUD Reference from function: 'ExecuteUbergraph_PlayVideo' from node: SetText (Text) in graph: EventGraph in object: PlayVideo with description: Accessed None trying to read property HUD Reference
[2017.07.20-13.02.52:664][264]PIE:Error: Error Blueprint Runtime Error: Accessed None from function: 'ExecuteUbergraph_PlayVideo' from node: SetText (Text) in graph: EventGraph in object: PlayVideo with description: Accessed None
[2017.07.20-13.02.52:679][265]PIE:Error: Error Blueprint Runtime Error: Accessed None trying to read property HUD Reference from function: 'ExecuteUbergraph_PlayVideo' from node: SetText (Text) in graph: EventGraph in object: PlayVideo with description: Accessed None trying to read property HUD Reference
[2017.07.20-13.02.52:679][265]PIE:Error: Error Blueprint Runtime Error: Accessed None from function: 'ExecuteUbergraph_PlayVideo' from node: SetText (Text) in graph: EventGraph in object: PlayVideo with description: Accessed None
[2017.07.20-13.02.52:694][266]PIE:Error: Error Blueprint Runtime Error: Accessed None trying to read property HUD Reference from function: 'ExecuteUbergraph_PlayVideo' from node: SetText (Text) in graph: EventGraph in object: PlayVideo with description: Accessed None trying to read property HUD Reference
[2017.07.20-13.02.52:695][266]PIE:Error: Error Blueprint Runtime Error: Accessed None from function: 'ExecuteUbergraph_PlayVideo' from node: SetText (Text) in graph: EventGraph in object: PlayVideo with description: Accessed None
[2017.07.20-13.02.52:709][267]PIE:Error: Error Blueprint Runtime Error: Accessed None trying to read property HUD Reference from function: 'ExecuteUbergraph_PlayVideo' from node: SetText (Text) in graph: EventGraph in object: PlayVideo with description: Accessed None trying to read property HUD Reference
[2017.07.20-13.02.52:709][267]PIE:Error: Error Blueprint Runtime Error: Accessed None from function: 'ExecuteUbergraph_PlayVideo' from node: SetText (Text) in graph: EventGraph in object: PlayVideo with description: Accessed None
[2017.07.20-13.02.52:726][268]PIE:Error: Error Blueprint Runtime Error: Accessed None trying to read property HUD Reference from function: 'ExecuteUbergraph_PlayVideo' from node: SetText (Text) in graph: EventGraph in object: PlayVideo with description: Accessed None trying to read property HUD Reference
[2017.07.20-13.02.52:726][268]PIE:Error: Error Blueprint Runtime Error: Accessed None from function: 'ExecuteUbergraph_PlayVideo' from node: SetText (Text) in graph: EventGraph in object: PlayVideo with description: Accessed None
[2017.07.20-13.02.52:741][269]PIE:Error: Error Blueprint Runtime Error: Accessed None trying to read property HUD Reference from function: 'ExecuteUbergraph_PlayVideo' from node: SetText (Text) in graph: EventGraph in object: PlayVideo with description: Accessed None trying to read property HUD Reference
[2017.07.20-13.02.52:741][269]PIE:Error: Error Blueprint Runtime Error: Accessed None from function: 'ExecuteUbergraph_PlayVideo' from node: SetText (Text) in graph: EventGraph in object: PlayVideo with description: Accessed None
[2017.07.20-13.02.52:756][270]PIE:Error: Error Blueprint Runtime Error: Accessed None trying to read property HUD Reference from function: 'ExecuteUbergraph_PlayVideo' from node: SetText (Text) in graph: EventGraph in object: PlayVideo with description: Accessed None trying to read property HUD Reference
[2017.07.20-13.02.52:756][270]PIE:Error: Error Blueprint Runtime Error: Accessed None from function: 'ExecuteUbergraph_PlayVideo' from node: SetText (Text) in graph: EventGraph in object: PlayVideo with description: Accessed None
[2017.07.20-13.02.52:772][271]PIE:Error: Error Blueprint Runtime Error: Accessed None trying to read property HUD Reference from function: 'ExecuteUbergraph_PlayVideo' from node: SetText (Text) in graph: EventGraph in object: PlayVideo with description: Accessed None trying to read property HUD Reference
[2017.07.20-13.02.52:772][271]PIE:Error: Error Blueprint Runtime Error: Accessed None from function: 'ExecuteUbergraph_PlayVideo' from node: SetText (Text) in graph: EventGraph in object: PlayVideo with description: Accessed None
[2017.07.20-13.02.52:788][272]PIE:Error: Error Blueprint Runtime Error: Accessed None trying to read property HUD Reference from function: 'ExecuteUbergraph_PlayVideo' from node: SetText (Text) in graph: EventGraph in object: PlayVideo with description: Accessed None trying to read property HUD Reference
[2017.07.20-13.02.52:788][272]PIE:Error: Error Blueprint Runtime Error: Accessed None from function: 'ExecuteUbergraph_PlayVideo' from node: SetText (Text) in graph: EventGraph in object: PlayVideo with description: Accessed None
[2017.07.20-13.02.52:804][273]PIE:Error: Error Blueprint Runtime Error: Accessed None trying to read property HUD Reference from function: 'ExecuteUbergraph_PlayVideo' from node: SetText (Text) in graph: EventGraph in object: PlayVideo with description: Accessed None trying to read property HUD Reference
[2017.07.20-13.02.52:804][273]PIE:Error: Error Blueprint Runtime Error: Accessed None from function: 'ExecuteUbergraph_PlayVideo' from node: SetText (Text) in graph: EventGraph in object: PlayVideo with description: Accessed None
[2017.07.20-13.02.52:818][274]PIE:Error: Error Blueprint Runtime Error: Accessed None trying to read property HUD Reference from function: 'ExecuteUbergraph_PlayVideo' from node: SetText (Text) in graph: EventGraph in object: PlayVideo with description: Accessed None trying to read property HUD Reference
[2017.07.20-13.02.52:819][274]PIE:Error: Error Blueprint Runtime Error: Accessed None from function: 'ExecuteUbergraph_PlayVideo' from node: SetText (Text) in graph: EventGraph in object: PlayVideo with description: Accessed None
[2017.07.20-13.02.52:833][275]PIE:Error: Error Blueprint Runtime Error: Accessed None trying to read property HUD Reference from function: 'ExecuteUbergraph_PlayVideo' from node: SetText (Text) in graph: EventGraph in object: PlayVideo with description: Accessed None trying to read property HUD Reference
[2017.07.20-13.02.52:833][275]PIE:Error: Error Blueprint Runtime Error: Accessed None from function: 'ExecuteUbergraph_PlayVideo' from node: SetText (Text) in graph: EventGraph in object: PlayVideo with description: Accessed None
[2017.07.20-13.02.52:849][276]PIE:Error: Error Blueprint Runtime Error: Accessed None trying to read property HUD Reference from function: 'ExecuteUbergraph_PlayVideo' from node: SetText (Text) in graph: EventGraph in object: PlayVideo with description: Accessed None trying to read property HUD Reference
[2017.07.20-13.02.52:849][276]PIE:Error: Error Blueprint Runtime Error: Accessed None from function: 'ExecuteUbergraph_PlayVideo' from node: SetText (Text) in graph: EventGraph in object: PlayVideo with description: Accessed None
[2017.07.20-13.02.52:864][277]PIE:Error: Error Blueprint Runtime Error: Accessed None trying to read property HUD Reference from function: 'ExecuteUbergraph_PlayVideo' from node: SetText (Text) in graph: EventGraph in object: PlayVideo with description: Accessed None trying to read property HUD Reference
[2017.07.20-13.02.52:864][277]PIE:Error: Error Blueprint Runtime Error: Accessed None from function: 'ExecuteUbergraph_PlayVideo' from node: SetText (Text) in graph: EventGraph in object: PlayVideo with description: Accessed None
[2017.07.20-13.02.52:880][278]PIE:Error: Error Blueprint Runtime Error: Accessed None trying to read property HUD Reference from function: 'ExecuteUbergraph_PlayVideo' from node: SetText (Text) in graph: EventGraph in object: PlayVideo with description: Accessed None trying to read property HUD Reference
[2017.07.20-13.02.52:880][278]PIE:Error: Error Blueprint Runtime Error: Accessed None from function: 'ExecuteUbergraph_PlayVideo' from node: SetText (Text) in graph: EventGraph in object: PlayVideo with description: Accessed None
[2017.07.20-13.02.52:894][279]PIE:Error: Error Blueprint Runtime Error: Accessed None trying to read property HUD Reference from function: 'ExecuteUbergraph_PlayVideo' from node: SetText (Text) in graph: EventGraph in object: PlayVideo with description: Accessed None trying to read property HUD Reference
[2017.07.20-13.02.52:894][279]PIE:Error: Error Blueprint Runtime Error: Accessed None from function: 'ExecuteUbergraph_PlayVideo' from node: SetText (Text) in graph: EventGraph in object: PlayVideo with description: Accessed None
[2017.07.20-13.02.52:910][280]PIE:Error: Error Blueprint Runtime Error: Accessed None trying to read property HUD Reference from function: 'ExecuteUbergraph_PlayVideo' from node: SetText (Text) in graph: EventGraph in object: PlayVideo with description: Accessed None trying to read property HUD Reference
[2017.07.20-13.02.52:910][280]PIE:Error: Error Blueprint Runtime Error: Accessed None from function: 'ExecuteUbergraph_PlayVideo' from node: SetText (Text) in graph: EventGraph in object: PlayVideo with description: Accessed None
[2017.07.20-13.02.52:924][281]PIE:Error: Error Blueprint Runtime Error: Accessed None trying to read property HUD Reference from function: 'ExecuteUbergraph_PlayVideo' from node: SetText (Text) in graph: EventGraph in object: PlayVideo with description: Accessed None trying to read property HUD Reference
[2017.07.20-13.02.52:924][281]PIE:Error: Error Blueprint Runtime Error: Accessed None from function: 'ExecuteUbergraph_PlayVideo' from node: SetText (Text) in graph: EventGraph in object: PlayVideo with description: Accessed None
[2017.07.20-13.02.52:939][282]PIE:Error: Error Blueprint Runtime Error: Accessed None trying to read property HUD Reference from function: 'ExecuteUbergraph_PlayVideo' from node: SetText (Text) in graph: EventGraph in object: PlayVideo with description: Accessed None trying to read property HUD Reference
[2017.07.20-13.02.52:939][282]PIE:Error: Error Blueprint Runtime Error: Accessed None from function: 'ExecuteUbergraph_PlayVideo' from node: SetText (Text) in graph: EventGraph in object: PlayVideo with description: Accessed None
[2017.07.20-13.02.52:954][283]PIE:Error: Error Blueprint Runtime Error: Accessed None trying to read property HUD Reference from function: 'ExecuteUbergraph_PlayVideo' from node: SetText (Text) in graph: EventGraph in object: PlayVideo with description: Accessed None trying to read property HUD Reference
[2017.07.20-13.02.52:955][283]PIE:Error: Error Blueprint Runtime Error: Accessed None from function: 'ExecuteUbergraph_PlayVideo' from node: SetText (Text) in graph: EventGraph in object: PlayVideo with description: Accessed None
[2017.07.20-13.02.52:970][284]PIE:Error: Error Blueprint Runtime Error: Accessed None trying to read property HUD Reference from function: 'ExecuteUbergraph_PlayVideo' from node: SetText (Text) in graph: EventGraph in object: PlayVideo with description: Accessed None trying to read property HUD Reference
[2017.07.20-13.02.52:970][284]PIE:Error: Error Blueprint Runtime Error: Accessed None from function: 'ExecuteUbergraph_PlayVideo' from node: SetText (Text) in graph: EventGraph in object: PlayVideo with description: Accessed None
[2017.07.20-13.02.52:985][285]PIE:Error: Error Blueprint Runtime Error: Accessed None trying to read property HUD Reference from function: 'ExecuteUbergraph_PlayVideo' from node: SetText (Text) in graph: EventGraph in object: PlayVideo with description: Accessed None trying to read property HUD Reference
[2017.07.20-13.02.52:985][285]PIE:Error: Error Blueprint Runtime Error: Accessed None from function: 'ExecuteUbergraph_PlayVideo' from node: SetText (Text) in graph: EventGraph in object: PlayVideo with description: Accessed None
[2017.07.20-13.02.53:000][286]PIE:Error: Error Blueprint Runtime Error: Accessed None trying to read property HUD Reference from function: 'ExecuteUbergraph_PlayVideo' from node: SetText (Text) in graph: EventGraph in object: PlayVideo with description: Accessed None trying to read property HUD Reference
[2017.07.20-13.02.53:000][286]PIE:Error: Error Blueprint Runtime Error: Accessed None from function: 'ExecuteUbergraph_PlayVideo' from node: SetText (Text) in graph: EventGraph in object: PlayVideo with description: Accessed None
[2017.07.20-13.02.53:015][287]PIE:Error: Error Blueprint Runtime Error: Accessed None trying to read property HUD Reference from function: 'ExecuteUbergraph_PlayVideo' from node: SetText (Text) in graph: EventGraph in object: PlayVideo with description: Accessed None trying to read property HUD Reference
[2017.07.20-13.02.53:015][287]PIE:Error: Error Blueprint Runtime Error: Accessed None from function: 'ExecuteUbergraph_PlayVideo' from node: SetText (Text) in graph: EventGraph in object: PlayVideo with description: Accessed None
[2017.07.20-13.02.53:030][288]PIE:Error: Error Blueprint Runtime Error: Accessed None trying to read property HUD Reference from function: 'ExecuteUbergraph_PlayVideo' from node: SetText (Text) in graph: EventGraph in object: PlayVideo with description: Accessed None trying to read property HUD Reference
[2017.07.20-13.02.53:030][288]PIE:Error: Error Blueprint Runtime Error: Accessed None from function: 'ExecuteUbergraph_PlayVideo' from node: SetText (Text) in graph: EventGraph in object: PlayVideo with description: Accessed None
[2017.07.20-13.02.53:046][289]PIE:Error: Error Blueprint Runtime Error: Accessed None trying to read property HUD Reference from function: 'ExecuteUbergraph_PlayVideo' from node: SetText (Text) in graph: EventGraph in object: PlayVideo with description: Accessed None trying to read property HUD Reference
[2017.07.20-13.02.53:046][289]PIE:Error: Error Blueprint Runtime Error: Accessed None from function: 'ExecuteUbergraph_PlayVideo' from node: SetText (Text) in graph: EventGraph in object: PlayVideo with description: Accessed None
[2017.07.20-13.02.53:061][290]PIE:Error: Error Blueprint Runtime Error: Accessed None trying to read property HUD Reference from function: 'ExecuteUbergraph_PlayVideo' from node: SetText (Text) in graph: EventGraph in object: PlayVideo with description: Accessed None trying to read property HUD Reference
[2017.07.20-13.02.53:061][290]PIE:Error: Error Blueprint Runtime Error: Accessed None from function: 'ExecuteUbergraph_PlayVideo' from node: SetText (Text) in graph: EventGraph in object: PlayVideo with description: Accessed None
[2017.07.20-13.02.53:076][291]PIE:Error: Error Blueprint Runtime Error: Accessed None trying to read property HUD Reference from function: 'ExecuteUbergraph_PlayVideo' from node: SetText (Text) in graph: EventGraph in object: PlayVideo with description: Accessed None trying to read property HUD Reference
[2017.07.20-13.02.53:076][291]PIE:Error: Error Blueprint Runtime Error: Accessed None from function: 'ExecuteUbergraph_PlayVideo' from node: SetText (Text) in graph: EventGraph in object: PlayVideo with description: Accessed None
[2017.07.20-13.02.53:091][292]PIE:Error: Error Blueprint Runtime Error: Accessed None trying to read property HUD Reference from function: 'ExecuteUbergraph_PlayVideo' from node: SetText (Text) in graph: EventGraph in object: PlayVideo with description: Accessed None trying to read property HUD Reference
[2017.07.20-13.02.53:091][292]PIE:Error: Error Blueprint Runtime Error: Accessed None from function: 'ExecuteUbergraph_PlayVideo' from node: SetText (Text) in graph: EventGraph in object: PlayVideo with description: Accessed None
[2017.07.20-13.02.53:106][293]PIE:Error: Error Blueprint Runtime Error: Accessed None trying to read property HUD Reference from function: 'ExecuteUbergraph_PlayVideo' from node: SetText (Text) in graph: EventGraph in object: PlayVideo with description: Accessed None trying to read property HUD Reference
[2017.07.20-13.02.53:106][293]PIE:Error: Error Blueprint Runtime Error: Accessed None from function: 'ExecuteUbergraph_PlayVideo' from node: SetText (Text) in graph: EventGraph in object: PlayVideo with description: Accessed None
[2017.07.20-13.02.53:121][294]PIE:Error: Error Blueprint Runtime Error: Accessed None trying to read property HUD Reference from function: 'ExecuteUbergraph_PlayVideo' from node: SetText (Text) in graph: EventGraph in object: PlayVideo with description: Accessed None trying to read property HUD Reference
[2017.07.20-13.02.53:121][294]PIE:Error: Error Blueprint Runtime Error: Accessed None from function: 'ExecuteUbergraph_PlayVideo' from node: SetText (Text) in graph: EventGraph in object: PlayVideo with description: Accessed None
[2017.07.20-13.02.53:137][295]PIE:Error: Error Blueprint Runtime Error: Accessed None trying to read property HUD Reference from function: 'ExecuteUbergraph_PlayVideo' from node: SetText (Text) in graph: EventGraph in object: PlayVideo with description: Accessed None trying to read property HUD Reference
[2017.07.20-13.02.53:137][295]PIE:Error: Error Blueprint Runtime Error: Accessed None from function: 'ExecuteUbergraph_PlayVideo' from node: SetText (Text) in graph: EventGraph in object: PlayVideo with description: Accessed None
[2017.07.20-13.02.53:153][296]LogBlueprintUserMessages: Early EndPlayMap Detection: Level '/Game/Ava/Maps/PalaceLevel.PalaceLevel:PersistentLevel' has LevelScriptBlueprint '/Game/Ava/Maps/PalaceLevel.PalaceLevel:PersistentLevel.PalaceLevel' with GeneratedClass '/Game/Ava/Maps/PalaceLevel.PalaceLevel_C' with ClassGeneratedBy '/Game/Ava/Maps/PalaceLevel.PalaceLevel:PersistentLevel.PalaceLevel'
[2017.07.20-13.02.53:193][296]LogBlueprintUserMessages: Late EndPlayMap Detection: Level '/Game/Ava/Maps/PalaceLevel.PalaceLevel:PersistentLevel' has LevelScriptBlueprint '/Game/Ava/Maps/PalaceLevel.PalaceLevel:PersistentLevel.PalaceLevel' with GeneratedClass '/Game/Ava/Maps/PalaceLevel.PalaceLevel_C' with ClassGeneratedBy '/Game/Ava/Maps/PalaceLevel.PalaceLevel:PersistentLevel.PalaceLevel'
[2017.07.20-13.02.55:513][434]LogBlueprintUserMessages: Early PlayInEditor Detection: Level '/Game/Ava/Maps/PalaceLevel.PalaceLevel:PersistentLevel' has LevelScriptBlueprint '/Game/Ava/Maps/PalaceLevel.PalaceLevel:PersistentLevel.PalaceLevel' with GeneratedClass '/Game/Ava/Maps/PalaceLevel.PalaceLevel_C' with ClassGeneratedBy '/Game/Ava/Maps/PalaceLevel.PalaceLevel:PersistentLevel.PalaceLevel'
[2017.07.20-13.02.55:513][434]LogPlayLevel: PlayLevel: No blueprints needed recompiling
[2017.07.20-13.02.55:513][434]PIE: New page: PIE session: PalaceLevel (20 Jul 2017 14:02:55)
[2017.07.20-13.02.55:513][434]LogPlayLevel: Creating play world package: /Game/Ava/Maps/UEDPIE_0_PalaceLevel
[2017.07.20-13.02.55:542][434]LogProperty:Warning: Serialized Class /Script/Ava.PushPullItem for a property of Class /Script/Engine.SphereComponent. Reference will be NULLed.
    Property = ObjectProperty /Script/Ava.OfferingStatue:overlappingSphere
    Item = PushPullItem /Script/Ava.Default__PushPullItem
[2017.07.20-13.02.55:542][434]LogProperty:Warning: Serialized Class /Script/Ava.PushPullItem for a property of Class /Script/Engine.SceneComponent. Reference will be NULLed.
    Property = ObjectProperty /Script/Engine.Actor:RootComponent
    Item = PushPullItem /Script/Ava.Default__PushPullItem
[2017.07.20-13.02.55:542][434]LogProperty:Warning: Serialized Class /Script/Ava.PushPullItem for a property of Class /Script/Engine.SceneComponent. Reference will be NULLed.
    Property = ObjectProperty /Script/Engine.SceneComponent:AttachParent
    Item = PushPullItem /Script/Ava.Default__PushPullItem
[2017.07.20-13.02.55:542][434]LogProperty:Warning: Serialized Class /Script/Ava.PushPullItem for a property of Class /Script/Engine.SceneComponent. Reference will be NULLed.
    Property = ObjectProperty /Script/Engine.SceneComponent:AttachParent
    Item = PushPullItem /Script/Ava.Default__PushPullItem
[2017.07.20-13.02.55:542][434]LogProperty:Warning: Serialized Class /Script/Ava.PickUpItem for a property of Class /Script/Engine.SphereComponent. Reference will be NULLed.
    Property = ObjectProperty /Script/Ava.OfferingStatue:overlappingSphere
    Item = PickUpItem /Script/Ava.Default__PickUpItem
[2017.07.20-13.02.55:542][434]LogProperty:Warning: Serialized Class /Script/Ava.PickUpItem for a property of Class /Script/Engine.SceneComponent. Reference will be NULLed.
    Property = ObjectProperty /Script/Engine.Actor:RootComponent
    Item = PickUpItem /Script/Ava.Default__PickUpItem
[2017.07.20-13.02.55:542][434]LogProperty:Warning: Serialized Class /Script/Ava.PickUpItem for a property of Class /Script/Engine.SceneComponent. Reference will be NULLed.
    Property = ObjectProperty /Script/Engine.SceneComponent:AttachParent
    Item = PickUpItem /Script/Ava.Default__PickUpItem
[2017.07.20-13.02.55:542][434]LogProperty:Warning: Serialized Class /Script/Ava.PickUpItem for a property of Class /Script/Engine.SceneComponent. Reference will be NULLed.
    Property = ObjectProperty /Script/Engine.SceneComponent:AttachParent
    Item = PickUpItem /Script/Ava.Default__PickUpItem
[2017.07.20-13.02.55:567][434]LogPlayLevel: PIE: StaticDuplicateObject took: (0.054055s)
[2017.07.20-13.02.55:568][434]LogAIModule: Creating AISystem for world PalaceLevel
[2017.07.20-13.02.55:568][434]LogPlayLevel: PIE: World Init took: (0.000581s)
[2017.07.20-13.02.55:568][434]LogPlayLevel: PIE: Created PIE world by copying editor world from /Game/Ava/Maps/PalaceLevel.PalaceLevel to /Game/Ava/Maps/UEDPIE_0_PalaceLevel.PalaceLevel (0.054945s)
[2017.07.20-13.02.55:580][434]LogInit: XAudio2 using 'Speakers (Realtek High Definition Audio)' : 2 channels at 48 kHz using 32 bits per sample (channel mask 0x3)
[2017.07.20-13.02.55:589][434]LogInit: FAudioDevice initialized.
[2017.07.20-13.02.55:636][434]LogWorld: Game class is 'AvaGameMode'
[2017.07.20-13.02.55:669][434]LogWorld: Bringing World /Game/Ava/Maps/UEDPIE_0_PalaceLevel.PalaceLevel up for play (max tick rate 0) at 2017.07.20-14.02.55
[2017.07.20-13.02.55:671][434]LogWorld: Bringing up level for play took: 0.034312
[2017.07.20-13.02.55:673][434]LogBlueprintUserMessages: [GameUIBP_C_26] SEt UI
[2017.07.20-13.02.55:673][434]PIE: Info Play in editor start time for /Game/Ava/Maps/UEDPIE_0_PalaceLevel -0.005
[2017.07.20-13.02.55:674][434]LogBlueprintUserMessages: Late PlayInEditor Detection: Level '/Game/Ava/Maps/PalaceLevel.PalaceLevel:PersistentLevel' has LevelScriptBlueprint '/Game/Ava/Maps/PalaceLevel.PalaceLevel:PersistentLevel.PalaceLevel' with GeneratedClass '/Game/Ava/Maps/PalaceLevel.PalaceLevel_C' with ClassGeneratedBy '/Game/Ava/Maps/PalaceLevel.PalaceLevel:PersistentLevel.PalaceLevel'
[2017.07.20-13.02.56:545][434]LogCrashTracker: 


[2017.07.20-13.02.56:545][434]LogCrashTracker: 


[2017.07.20-13.02.56:545][434]LogWindows:Error: === Critical error: ===


[2017.07.20-13.02.56:570][434]LogExit: Executing StaticShutdownAfterError
[2017.07.20-13.02.56:575][434]LogWindows: FPlatformMisc::RequestExit(1)
[2017.07.20-13.02.56:575][434]Log file closed, 07/20/17 14:02:56
