Log file open, 06/28/17 09:33:32
LogInit:Display: Running engine for game: Ava
LogPlatformFile: Not using cached read wrapper
LogInit:Display: RandInit(980124694) SRandInit(980124697).
LogTaskGraph: Started task graph with 4 named threads and 9 total threads with 1 sets of task threads.
LogStats: Stats thread started at 0.197424
LogInit: Version: 4.12.5-3039270+++UE4+Release-4.12
LogInit: API Version: 2992821
LogInit: Net Version: 3039270
LogDevObjectVersion: Number of dev versions registered: 13
LogDevObjectVersion:   Dev-Blueprints (B0D832E4-1F89-4F0D-ACCF-7EB736FD4AA2): 3
LogDevObjectVersion:   Dev-Build (E1C64328-A22C-4D53-A36C-8E866417BD8C): 0
LogDevObjectVersion:   Dev-Core (375EC13C-06E4-48FB-B500-84F0262A717E): 1
LogDevObjectVersion:   Dev-Editor (E4B068ED-F494-42E9-A231-DA0B2E46BB41): 2
LogDevObjectVersion:   Dev-Framework (CFFC743F-43B0-4480-9391-14DF171D2073): 6
LogDevObjectVersion:   Dev-Mobile (B02B49B5-BB20-44E9-A304-32B752E40360): 0
LogDevObjectVersion:   Dev-Networking (A4E4105C-59A1-49B5-A7C5-40C4547EDFEE): 0
LogDevObjectVersion:   Dev-Online (39C831C9-5AE6-47DC-9A44-9C173E1C8E7C): 0
LogDevObjectVersion:   Dev-Physics (78F01B33-EBEA-4F98-B9B4-84EACCB95AA2): 0
LogDevObjectVersion:   Dev-Platform (6631380F-2D4D-43E0-8009-CF276956A95A): 0
LogDevObjectVersion:   Dev-Rendering (12F88B9F-8875-4AFC-A67C-D90C383ABD29): 2
LogDevObjectVersion:   Dev-Sequencer (7B5AE74C-D270-4C10-A958-57980B212A5A): 0
LogDevObjectVersion:   Dev-VR (D7296918-1DD6-4BDD-9DE2-64A83CC13884): 0
LogInit: Compiled (64-bit): Jul  6 2016 09:09:46
LogInit: Compiled with Visual C++: 19.00.23026.00
LogInit: Build Configuration: Development
LogInit: Branch Name: ++UE4+Release-4.12
LogInit: Command line:  
LogInit: Base directory: C:/Program Files/Epic Games/4.12/Engine/Binaries/Win64/
LogInit: Installed Engine Build: 1
LogInit: Using libcurl 7.41.0
LogInit:  - built for x86_64-pc-win32
LogInit:  - supports SSL with WinSSL
LogInit:  - other features:
LogInit:      CURL_VERSION_SSL
LogInit:      CURL_VERSION_IPV6
LogInit:      CURL_VERSION_ASYNCHDNS
LogInit:      CURL_VERSION_LARGEFILE
LogInit:      CURL_VERSION_IDN
LogInit:  CurlRequestOptions (configurable via config and command line):
LogInit:  - bVerifyPeer = true  - Libcurl will verify peer certificate
LogInit:  - bUseHttpProxy = false  - Libcurl will NOT use HTTP proxy
LogInit:  - bDontReuseConnections = false  - Libcurl will reuse connections
LogInit:  - CertBundlePath = nullptr  - Libcurl will use whatever was configured at build time.
LogInit: Presizing for max 8388607 objects, including 0 objects not considered by GC, pre-allocating 0 bytes for permanent pool.
LogInit: Object subsystem initialized
[2017.06.28-08.33.32:246][  0]LogInit: Selected Device Profile: [Windows]
[2017.06.28-08.33.32:246][  0]LogInit: Applying CVar settings loaded from the selected device profile: [Windows]
[2017.06.28-08.33.32:277][  0]LogInit: Computer: PC42640
[2017.06.28-08.33.32:277][  0]LogInit: User: i7230020
[2017.06.28-08.33.32:277][  0]LogInit: CPU Page size=65536, Cores=6
[2017.06.28-08.33.32:277][  0]LogInit: High frequency timer resolution =3.410136 MHz
[2017.06.28-08.33.32:277][  0]LogMemory: Memory total: Physical=31.9GB (32GB approx)
[2017.06.28-08.33.32:277][  0]LogMemory: Platform Memory Stats for Windows
[2017.06.28-08.33.32:277][  0]LogMemory: Process Physical Memory: 195.51 MB used, 195.51 MB peak
[2017.06.28-08.33.32:277][  0]LogMemory: Process Virtual Memory: 198.86 MB used, 198.86 MB peak
[2017.06.28-08.33.32:277][  0]LogMemory: Physical Memory: 7791.54 MB used, 32684.15 MB total
[2017.06.28-08.33.32:277][  0]LogMemory: Virtual Memory: 538.89 MB used, 8388608.00 MB total
[2017.06.28-08.33.32:548][  0]LogTextLocalizationManager: No specific translations for ('en-GB') exist, so ('en') translations will be used.
[2017.06.28-08.33.32:973][  0]LogD3D11RHI: D3D11 adapters:
[2017.06.28-08.33.32:987][  0]LogD3D11RHI:    0. 'NVIDIA Quadro M4000' (Feature Level 11_0)
[2017.06.28-08.33.32:987][  0]LogD3D11RHI:       8092/0/16086 MB DedicatedVideo/DedicatedSystem/SharedSystem, Outputs:1, VendorId:0x10de
[2017.06.28-08.33.32:987][  0]LogD3D11RHI: Chosen D3D11 Adapter: 0
[2017.06.28-08.33.32:997][  0]LogD3D11RHI: Creating new Direct3DDevice
[2017.06.28-08.33.32:997][  0]LogD3D11RHI:     GPU DeviceId: 0x13f1 (for the marketing name, search the web for "GPU Device Id")
[2017.06.28-08.33.32:997][  0]LogWindows: EnumDisplayDevices:
[2017.06.28-08.33.32:998][  0]LogWindows:    0. 'NVIDIA Quadro M4000' (P:1 D:1)
[2017.06.28-08.33.32:998][  0]LogWindows:    1. 'NVIDIA Quadro M4000' (P:0 D:0)
[2017.06.28-08.33.32:999][  0]LogWindows:    2. 'NVIDIA Quadro M4000' (P:0 D:0)
[2017.06.28-08.33.33:000][  0]LogWindows:    3. 'NVIDIA Quadro M4000' (P:0 D:0)
[2017.06.28-08.33.33:000][  0]LogWindows:    4. 'RDPDD Chained DD' (P:0 D:0)
[2017.06.28-08.33.33:000][  0]LogWindows:    5. 'RDP Encoder Mirror Driver' (P:0 D:0)
[2017.06.28-08.33.33:000][  0]LogWindows:    6. 'RDP Reflector Display Driver' (P:0 D:0)
[2017.06.28-08.33.33:001][  0]LogWindows: DebugString: GetVideoDriverDetailsInvalid PrimaryIsNotTheChoosenAdapter GetVideoDriverDetailsInvalid PrimaryIsNotTheChoosenAdapter GetVideoDriverDetailsInvalid PrimaryIsNotTheChoosenAdapter FoundDriverCount:4 
[2017.06.28-08.33.33:001][  0]LogD3D11RHI:     Adapter Name: NVIDIA Quadro M4000
[2017.06.28-08.33.33:001][  0]LogD3D11RHI:   Driver Version: 362.13 (internal:10.18.13.6213, unified:362.13)
[2017.06.28-08.33.33:001][  0]LogD3D11RHI:      Driver Date: 3-18-2016
[2017.06.28-08.33.33:001][  0]LogRHI: Texture pool is 1361 MB (70% of 1945 MB)
[2017.06.28-08.33.33:010][  0]LogD3D11RHI: Async texture creation enabled
[2017.06.28-08.33.33:024][  0]LogD3D11RHI: GPU Timing Frequency: 1000.000000 (Debug: 2 2)
[2017.06.28-08.33.33:024][  0]LogShaderCompilers: Guid format shader working directory is -27 characters bigger than the processId version (../../../../../../Users/i7230020.STUDENT.000/Documents/GitHub/MastersProject/Ava/Intermediate/Shaders/WorkingDirectory/7428/).
[2017.06.28-08.33.33:024][  0]LogShaderCompilers: Cleaned the shader compiler working directory 'C:/Users/I72300~1.000/AppData/Local/Temp/UnrealShaderWorkingDir/C2BF8D2A4ED1EBF756131DB239BC0CFA/'.
[2017.06.28-08.33.33:024][  0]LogShaderCompilers:Display: Using Local Shader Compiler.
[2017.06.28-08.33.35:809][  0]LogTemp:Display: Loaded TP AllDesktopTargetPlatform
[2017.06.28-08.33.35:830][  0]LogTemp:Display: Loaded TP WindowsClientTargetPlatform
[2017.06.28-08.33.35:841][  0]LogTemp:Display: Loaded TP WindowsNoEditorTargetPlatform
[2017.06.28-08.33.35:851][  0]LogTemp:Display: Loaded TP WindowsServerTargetPlatform
[2017.06.28-08.33.35:861][  0]LogTemp:Display: Loaded TP WindowsTargetPlatform
[2017.06.28-08.33.35:876][  0]LogTemp:Display: Loaded TP AndroidTargetPlatform
[2017.06.28-08.33.35:887][  0]LogTemp:Display: Loaded TP Android_ASTCTargetPlatform
[2017.06.28-08.33.35:897][  0]LogTemp:Display: Loaded TP Android_ATCTargetPlatform
[2017.06.28-08.33.35:906][  0]LogTemp:Display: Loaded TP Android_DXTTargetPlatform
[2017.06.28-08.33.35:919][  0]LogTemp:Display: Loaded TP Android_ETC1TargetPlatform
[2017.06.28-08.33.35:929][  0]LogTemp:Display: Loaded TP Android_ETC2TargetPlatform
[2017.06.28-08.33.35:947][  0]LogTemp:Display: Loaded TP Android_MultiTargetPlatform
[2017.06.28-08.33.35:947][  0]LogTemp:Display: Loaded TP Android_PVRTCTargetPlatform
[2017.06.28-08.33.35:949][  0]LogTemp:Display: Loaded TP HTML5TargetPlatform
[2017.06.28-08.33.35:999][  0]LogTemp:Display: Loaded TP IOSTargetPlatform
[2017.06.28-08.33.36:007][  0]LogTemp:Display: Loaded TP TVOSTargetPlatform
[2017.06.28-08.33.36:016][  0]LogTemp:Display: Loaded TP LinuxNoEditorTargetPlatform
[2017.06.28-08.33.36:024][  0]LogTemp:Display: Loaded TP LinuxServerTargetPlatform
[2017.06.28-08.33.36:036][  0]LogTemp:Display: Loaded TP LinuxTargetPlatform
[2017.06.28-08.33.36:036][  0]LogTargetPlatformManager:Display: Building Assets For Windows
[2017.06.28-08.33.36:449][  0]LogDerivedDataCache:Display: Max Cache Size: 512 MB
[2017.06.28-08.33.36:538][  0]LogDerivedDataCache: Loaded boot cache 0.09s 86MB C:/Users/i7230020.STUDENT.000/AppData/Local/UnrealEngine/4.12/DerivedDataCache/Boot.ddc.
[2017.06.28-08.33.36:538][  0]LogDerivedDataCache:Display: Loaded Boot cache: C:/Users/i7230020.STUDENT.000/AppData/Local/UnrealEngine/4.12/DerivedDataCache/Boot.ddc
[2017.06.28-08.33.36:538][  0]LogDerivedDataCache: FDerivedDataBackendGraph:  Pak pak cache file ../../../../../../Users/i7230020.STUDENT.000/Documents/GitHub/MastersProject/Ava/DerivedDataCache/DDC.ddp not found, will not use a pak cache.
[2017.06.28-08.33.36:538][  0]LogDerivedDataCache: Unable to find inner node Pak for hierarchical cache Hierarchy.
[2017.06.28-08.33.36:538][  0]LogDerivedDataCache: FDerivedDataBackendGraph:  CompressedPak pak cache file ../../../../../../Users/i7230020.STUDENT.000/Documents/GitHub/MastersProject/Ava/DerivedDataCache/Compressed.ddp not found, will not use a pak cache.
[2017.06.28-08.33.36:538][  0]LogDerivedDataCache: Unable to find inner node CompressedPak for hierarchical cache Hierarchy.
[2017.06.28-08.33.36:561][  0]LogDerivedDataCache:Display: Pak cache opened for reading ../../../Engine/DerivedDataCache/Compressed.ddp.
[2017.06.28-08.33.36:573][  0]LogDerivedDataCache: Using Local data cache path C:/Users/i7230020.STUDENT.000/AppData/Local/UnrealEngine/Common/DerivedDataCache: Writable
[2017.06.28-08.33.39:612][  0]LogInit: Selected Device Profile: [Windows]
[2017.06.28-08.33.39:613][  0]LogContentStreaming: Texture pool size is 0.00 MB
[2017.06.28-08.33.39:875][  0]LogMeshUtilities: No automatic mesh reduction module available
[2017.06.28-08.33.39:875][  0]LogMeshUtilities: No automatic mesh merging module available
[2017.06.28-08.33.39:875][  0]LogMeshUtilities: No distributed automatic mesh merging module available
[2017.06.28-08.33.40:320][  0]LogAssetRegistry: FAssetRegistry took 0.0196 seconds to start up
[2017.06.28-08.33.40:407][  0]LogPackageLocalizationCache: Processed 4 localized package path(s) for 2 prioritized culture(s) in 0.083761 seconds
[2017.06.28-08.33.40:599][  0]LogUObjectArray: 28739 objects as part of root set at end of initial load.
[2017.06.28-08.33.40:599][  0]LogUObjectAllocator: 5855624 out of 0 bytes used by permanent object pool.
[2017.06.28-08.33.40:599][  0]LogUObjectArray: CloseDisregardForGC: 0/0 objects in disregard for GC pool
[2017.06.28-08.33.40:608][  0]LogInit: WinSock: version 1.1 (2.2), MaxSocks=32767, MaxUdp=65467
[2017.06.28-08.33.41:015][  0]LogSlate: SlateFontCache - WITH_FREETYPE: 1, WITH_HARFBUZZ: 1
[2017.06.28-08.33.41:015][  0]LogSlate: SlateFontCache - WITH_FREETYPE: 1, WITH_HARFBUZZ: 1
[2017.06.28-08.33.43:263][  0]LogUdpMessaging: Initializing bridge on interface 0.0.0.0:0 to multicast group 230.0.0.1:6666.
[2017.06.28-08.33.43:638][  0]SourceControl: Info Source control is disabled
[2017.06.28-08.33.43:642][  0]SourceControl: Info Source control is disabled
[2017.06.28-08.33.43:657][  0]SourceControl: Info Source control is disabled
[2017.06.28-08.33.43:670][  0]SourceControl: Info Source control is disabled
[2017.06.28-08.33.43:810][  0]LogLinker:Warning: Can't find file '/Game/FirstPersonCPP/FirstPersonOverview'
[2017.06.28-08.33.43:810][  0]LogLinker:Warning: Can't find file '/Game/FirstPersonCPP/FirstPersonOverview'
[2017.06.28-08.33.43:810][  0]LogUObjectGlobals:Warning: Failed to find object 'Class /Game/FirstPersonCPP/FirstPersonOverview.FirstPersonOverview_C'
[2017.06.28-08.33.43:902][  0]LogHoudiniEngine: Starting the Houdini Engine module.
[2017.06.28-08.33.43:914][  0]LogHoudiniEngine: Loaded libHAPIL.dll from Registry path C:\Program Files\Side Effects Software\Houdini 15.5.632/bin
[2017.06.28-08.33.43:917][  0]LogLinker:Warning: Asset '../../../Engine/Plugins/Runtime/HoudiniEngine/Content/houdini_logo.uasset' has been saved with empty engine version. The asset will be loaded but may be incompatible.
[2017.06.28-08.33.43:921][  0]LogLinker:Warning: Asset '../../../Engine/Plugins/Runtime/HoudiniEngine/Content/houdini_default_material.uasset' has been saved with empty engine version. The asset will be loaded but may be incompatible.
[2017.06.28-08.33.43:929][  0]LogLinker:Warning: Asset '../../../Engine/Plugins/Runtime/HoudiniEngine/Content/houdini_bgeo_import.uasset' has been saved with empty engine version. The asset will be loaded but may be incompatible.
[2017.06.28-08.33.48:171][  0]LogHoudiniEngine: Successfully initialized the Houdini Engine API module.
[2017.06.28-08.33.48:327][  0]LogEngine: Initializing Engine...
[2017.06.28-08.33.48:340][  0]LogHMD: SteamVR failed to initialize.  Err: 110
[2017.06.28-08.33.48:341][  0]LogHMD: SteamVR failed to initialize.  Err: 110
[2017.06.28-08.33.48:531][  0]LogAIModule: Creating AISystem for world NewWorld
[2017.06.28-08.33.48:549][  0]LogInit: XAudio2 using 'Speakers (Realtek High Definition Audio)' : 2 channels at 48 kHz using 32 bits per sample (channel mask 0x3)
[2017.06.28-08.33.48:560][  0]LogInit: FAudioDevice initialized.
[2017.06.28-08.33.48:602][  0]LogDerivedDataCache: Saved boot cache 0.04s 86MB C:/Users/i7230020.STUDENT.000/AppData/Local/UnrealEngine/4.12/DerivedDataCache/Boot.ddc.
[2017.06.28-08.33.48:610][  0]LogInit: Texture streaming: Enabled
[2017.06.28-08.33.48:635][  0]LogInit: Transaction tracking system initialized
[2017.06.28-08.33.48:655][  0]BlueprintLog: New page: Editor Load
[2017.06.28-08.33.48:727][  0]LocalizationService: Info Localization service is disabled
[2017.06.28-08.33.48:808][  0]LogConsoleResponse:Display: 
[2017.06.28-08.33.49:051][  0]LogCook:Display: Max memory allowance for cook 8192mb
[2017.06.28-08.33.49:051][  0]LogCook:Display: Mobile HDR setting 1
[2017.06.28-08.33.49:157][  0]LogFileCache: Scanning file cache for directory 'C:/Users/i7230020.STUDENT.000/Documents/GitHub/MastersProject/Ava/Content/' took 0.02s
[2017.06.28-08.33.49:157][  0]LogHoudiniEngineEditor: Starting the Houdini Engine Editor module.
[2017.06.28-08.33.49:222][  0]SourceControl: Info Source control is disabled
[2017.06.28-08.33.49:222][  0]Cmd: MAP LOAD FILE="../../../../../../Users/i7230020.STUDENT.000/Documents/GitHub/MastersProject/Ava/Content/Ava/Maps/MainMenu.umap" TEMPLATE=0 SHOWPROGRESS=1 FEATURELEVEL=3
[2017.06.28-08.33.49:225][  0]LightingResults: New page: Lighting Build
[2017.06.28-08.33.49:227][  0]MapCheck: New page: Map Check
[2017.06.28-08.33.49:227][  0]LightingResults: New page: Lighting Build
[2017.06.28-08.33.49:353][  0]LogAIModule: Creating AISystem for world MainMenu
[2017.06.28-08.33.49:354][  0]LogEditorServer: Finished looking for orphan Actors (0.000 secs)
[2017.06.28-08.33.49:354][  0]Cmd: MAP CHECKDEP NOCLEARLOG
[2017.06.28-08.33.49:442][  0]MapCheck: Info Map check complete: 0 Error(s), 0 Warning(s), took 86.73ms to complete.
[2017.06.28-08.33.49:442][  0]LogFileHelpers: Loading map 'MainMenu' took 0.219
[2017.06.28-08.33.49:562][  0]LogCollectionManager: Loaded 0 collections in 0.001600 seconds
[2017.06.28-08.33.49:602][  0]LogFileCache: Scanning file cache for directory 'C:/Users/i7230020.STUDENT.000/Documents/GitHub/MastersProject/Ava/Saved/Collections/' took 0.01s
[2017.06.28-08.33.49:602][  0]LogFileCache: Scanning file cache for directory 'C:/Users/i7230020.STUDENT.000/Documents/GitHub/MastersProject/Ava/Content/Developers/i7230020/Collections/' took 0.01s
[2017.06.28-08.33.49:602][  0]LogFileCache: Scanning file cache for directory 'C:/Users/i7230020.STUDENT.000/Documents/GitHub/MastersProject/Ava/Content/Collections/' took 0.01s
[2017.06.28-08.33.49:602][  0]LogCollectionManager: Rebuilt the GUID cache for 0 collections in 0.000002 seconds
[2017.06.28-08.33.49:615][  0]LogContentBrowser: Native class hierarchy populated in 0.0127 seconds. Added 2092 classes and 376 folders.
[2017.06.28-08.33.49:620][  0]LogStats: UGameplayTagsManager::ConstructGameplayTagTree: Construct from data asset -  0.000 s
[2017.06.28-08.33.49:620][  0]LogStats: UGameplayTagsManager::ConstructGameplayTagTree: GameplayTagTreeChangedEvent.Broadcast -  0.000 s
[2017.06.28-08.33.49:623][  0]LogContentBrowser: Native class hierarchy updated for 'GameplayTags' in 0.0027 seconds. Added 12 classes and 0 folders.
[2017.06.28-08.33.49:630][  0]LogContentBrowser: Native class hierarchy updated for 'WidgetCarousel' in 0.0034 seconds. Added 0 classes and 0 folders.
[2017.06.28-08.33.49:822][  0]LogContentBrowser: Native class hierarchy updated for 'AddContentDialog' in 0.0025 seconds. Added 0 classes and 0 folders.
[2017.06.28-08.33.49:827][  0]LogContentBrowser: Native class hierarchy updated for 'SceneOutliner' in 0.0024 seconds. Added 1 classes and 2 folders.
[2017.06.28-08.33.49:843][  0]LogCrashTracker: Crashtracker disabled due to settings.
[2017.06.28-08.33.49:847][  0]LogUObjectGlobals:Warning: Failed to find object 'Class None.'
[2017.06.28-08.33.49:873][  0]LogContentBrowser: Native class hierarchy updated for 'HierarchicalLODOutliner' in 0.0036 seconds. Added 1 classes and 2 folders.
[2017.06.28-08.33.49:874][  0]LogLoad: Full Startup: 22.23 seconds (BP compile: 0.03 seconds)
[2017.06.28-08.33.49:874][  0]LogExternalProfiler: Found external profiler: VSPerf
[2017.06.28-08.33.49:874][  0]LogExternalProfiler: Using external profiler: VSPerf
[2017.06.28-08.33.49:886][  0]LogOcInput: OculusInput pre-init called
[2017.06.28-08.33.49:904][  0]LogContentStreaming: Texture pool size now 1000 MB
[2017.06.28-08.33.50:096][  1]LogRenderer: Reallocating scene render targets to support 1112x576 (Frame:2).
[2017.06.28-08.33.50:236][  1]LogAssetRegistry: Asset discovery search completed in 9.9355 seconds
[2017.06.28-08.33.50:236][  1]LogCollectionManager: Rebuilt the object cache for 0 collections in 0.000001 seconds (found 0 objects)
[2017.06.28-08.33.50:236][  1]LogCollectionManager: Fixed up redirectors for 0 collections in 0.000025 seconds (updated 0 objects)
[2017.06.28-08.33.59:391][935]LogBlueprint:Warning: Compiler Warning InputAction Event references unknown Action 'Crouch' for  InputAction Crouch 
[2017.06.28-08.33.59:393][935]LogBlueprint:Warning: Compiler Warning [0031.75] Compile of Ue4ASP_Character successful, but with 1 Warning(s) [in 7 ms] (/Game/AnimStarterPack/Ue4ASP_Character.Ue4ASP_Character)
[2017.06.28-08.33.59:393][935]LogBlueprint:Warning: Compiler Warning [0031.75] Compile of Ue4ASP_Character successful, but with 2 Warning(s) [in 0 ms] (/Game/AnimStarterPack/Ue4ASP_Character.Ue4ASP_Character)
[2017.06.28-08.33.59:393][935]LogBlueprint:Warning: Compiler Warning [0031.75] Compile of Ue4ASP_Character successful, but with 3 Warning(s) [in 0 ms] (/Game/AnimStarterPack/Ue4ASP_Character.Ue4ASP_Character)
[2017.06.28-08.33.59:467][935]LogBlueprint:Warning: Compiler Warning InputAction Event references unknown Action 'Crouch' for  InputAction Crouch 
[2017.06.28-08.33.59:470][935]LogBlueprint:Warning: Compiler Warning [0031.82] Compile of Ue4ASP_Character successful, but with 1 Warning(s) [in 8 ms] (/Game/AnimStarterPack/Ue4ASP_Character.Ue4ASP_Character)
[2017.06.28-08.33.59:470][935]LogBlueprint:Warning: Compiler Warning [0031.82] Compile of Ue4ASP_Character successful, but with 2 Warning(s) [in 0 ms] (/Game/AnimStarterPack/Ue4ASP_Character.Ue4ASP_Character)
[2017.06.28-08.33.59:471][935]LogBlueprint:Warning: Compiler Warning [0031.82] Compile of Ue4ASP_Character successful, but with 3 Warning(s) [in 0 ms] (/Game/AnimStarterPack/Ue4ASP_Character.Ue4ASP_Character)
[2017.06.28-08.34.00:127][935]LogMaterial: Missing cached shader map for material M_Basic_Wall, compiling. 
[2017.06.28-08.34.00:127][935]LogMaterial:Warning: Failed to compile Material /Game/StarterContent/Materials/M_Basic_Wall.M_Basic_Wall for platform PCD3D_SM5, Default Material will be used in game.
[2017.06.28-08.34.00:127][935]LogMaterial:Warning: 	(Node TextureSample) TextureSample> Missing input texture
[2017.06.28-08.34.00:713][935]LogAIModule: Creating AISystem for world PalaceLevel
[2017.06.28-08.34.00:764][935]Cmd: MAP LOAD FILE="../../../../../../Users/i7230020.STUDENT.000/Documents/GitHub/MastersProject/Ava/Content/Ava/Maps/PalaceLevel.umap" TEMPLATE=0 SHOWPROGRESS=1 FEATURELEVEL=3
[2017.06.28-08.34.00:764][935]LightingResults: New page: Lighting Build
[2017.06.28-08.34.00:765][935]LoadErrors: New page: Loading map: PalaceLevel.umap
[2017.06.28-08.34.00:765][935]MapCheck: New page: Map Check
[2017.06.28-08.34.00:765][935]LightingResults: New page: Lighting Build
[2017.06.28-08.34.00:791][935]LogEditorServer: Finished looking for orphan Actors (0.000 secs)
[2017.06.28-08.34.00:819][935]Cmd: MAP CHECKDEP NOCLEARLOG
[2017.06.28-08.34.00:931][935]MapCheck: Info Map check complete: 0 Error(s), 0 Warning(s), took 111.857ms to complete.
[2017.06.28-08.34.00:931][935]LogFileHelpers: Loading map 'PalaceLevel' took 0.168
[2017.06.28-08.34.02:708][ 72]LogBlueprintUserMessages: Early PlayInEditor Detection: Level '/Game/Ava/Maps/PalaceLevel.PalaceLevel:PersistentLevel' has LevelScriptBlueprint '/Game/Ava/Maps/PalaceLevel.PalaceLevel:PersistentLevel.PalaceLevel' with GeneratedClass '/Game/Ava/Maps/PalaceLevel.PalaceLevel_C' with ClassGeneratedBy '/Game/Ava/Maps/PalaceLevel.PalaceLevel:PersistentLevel.PalaceLevel'
[2017.06.28-08.34.02:709][ 72]LogPlayLevel: PlayLevel: No blueprints needed recompiling
[2017.06.28-08.34.02:709][ 72]PIE: New page: PIE session: PalaceLevel (28 Jun 2017 09:34:02)
[2017.06.28-08.34.02:709][ 72]LogPlayLevel: Creating play world package: /Game/Ava/Maps/UEDPIE_0_PalaceLevel
[2017.06.28-08.34.02:763][ 72]LogPlayLevel: PIE: StaticDuplicateObject took: (0.053739s)
[2017.06.28-08.34.02:763][ 72]LogAIModule: Creating AISystem for world PalaceLevel
[2017.06.28-08.34.02:763][ 72]LogPlayLevel: PIE: World Init took: (0.000637s)
[2017.06.28-08.34.02:764][ 72]LogPlayLevel: PIE: Created PIE world by copying editor world from /Game/Ava/Maps/PalaceLevel.PalaceLevel to /Game/Ava/Maps/UEDPIE_0_PalaceLevel.PalaceLevel (0.054727s)
[2017.06.28-08.34.02:776][ 72]LogInit: XAudio2 using 'Speakers (Realtek High Definition Audio)' : 2 channels at 48 kHz using 32 bits per sample (channel mask 0x3)
[2017.06.28-08.34.02:784][ 72]LogInit: FAudioDevice initialized.
[2017.06.28-08.34.02:848][ 72]LogWorld: Game class is 'AvaGameMode'
[2017.06.28-08.34.02:936][ 72]LogWorld: Bringing World /Game/Ava/Maps/UEDPIE_0_PalaceLevel.PalaceLevel up for play (max tick rate 0) at 2017.06.28-09.34.02
[2017.06.28-08.34.02:939][ 72]LogWorld: Bringing up level for play took: 0.089769
[2017.06.28-08.34.02:947][ 72]LogContentBrowser: Native class hierarchy updated for 'MovieSceneCapture' in 0.0037 seconds. Added 11 classes and 0 folders.
[2017.06.28-08.34.02:949][ 72]PIE: Info Play in editor start time for /Game/Ava/Maps/UEDPIE_0_PalaceLevel 0.971
[2017.06.28-08.34.02:949][ 72]LogBlueprintUserMessages: Late PlayInEditor Detection: Level '/Game/Ava/Maps/PalaceLevel.PalaceLevel:PersistentLevel' has LevelScriptBlueprint '/Game/Ava/Maps/PalaceLevel.PalaceLevel:PersistentLevel.PalaceLevel' with GeneratedClass '/Game/Ava/Maps/PalaceLevel.PalaceLevel_C' with ClassGeneratedBy '/Game/Ava/Maps/PalaceLevel.PalaceLevel:PersistentLevel.PalaceLevel'
[2017.06.28-08.34.38:275][326]LogBlueprintUserMessages: Early EndPlayMap Detection: Level '/Game/Ava/Maps/PalaceLevel.PalaceLevel:PersistentLevel' has LevelScriptBlueprint '/Game/Ava/Maps/PalaceLevel.PalaceLevel:PersistentLevel.PalaceLevel' with GeneratedClass '/Game/Ava/Maps/PalaceLevel.PalaceLevel_C' with ClassGeneratedBy '/Game/Ava/Maps/PalaceLevel.PalaceLevel:PersistentLevel.PalaceLevel'
[2017.06.28-08.34.38:314][326]LogBlueprintUserMessages: Late EndPlayMap Detection: Level '/Game/Ava/Maps/PalaceLevel.PalaceLevel:PersistentLevel' has LevelScriptBlueprint '/Game/Ava/Maps/PalaceLevel.PalaceLevel:PersistentLevel.PalaceLevel' with GeneratedClass '/Game/Ava/Maps/PalaceLevel.PalaceLevel_C' with ClassGeneratedBy '/Game/Ava/Maps/PalaceLevel.PalaceLevel:PersistentLevel.PalaceLevel'
[2017.06.28-08.37.20:587][534]LogHotReload: New module detected: UE4Editor-Ava-5727.dll
[2017.06.28-08.37.23:933][545]LogHotReload: Starting Hot-Reload from IDE
[2017.06.28-08.37.24:003][545]LogClass: ItemDataVariables HotReload.
[2017.06.28-08.37.24:003][545]LogClass: Item HotReload.
[2017.06.28-08.37.24:004][545]LogHotReload: Re-instancing Antelope after hot-reload.
[2017.06.28-08.37.24:040][545]LogHotReload: Re-instancing MainCharacter after hot-reload.
[2017.06.28-08.37.24:220][545]LogUObjectGlobals:Warning: Guid referenced by CapsuleComponent /Game/Ava/Maps/PalaceLevel.PalaceLevel:PersistentLevel.MainCharacter_1.CollisionCylinder is already used by CapsuleComponent /Game/Ava/Maps/PalaceLevel.PalaceLevel:PersistentLevel.MainCharacter_0.CollisionCylinder, which should never happen in the editor but could happen at runtime with duplicate level loading or PIE
[2017.06.28-08.37.24:220][545]LogUObjectGlobals:Warning: Guid referenced by ArrowComponent /Game/Ava/Maps/PalaceLevel.PalaceLevel:PersistentLevel.MainCharacter_1.Arrow is already used by ArrowComponent /Game/Ava/Maps/PalaceLevel.PalaceLevel:PersistentLevel.MainCharacter_0.Arrow, which should never happen in the editor but could happen at runtime with duplicate level loading or PIE
[2017.06.28-08.37.24:220][545]LogUObjectGlobals:Warning: Guid referenced by CharacterMovementComponent /Game/Ava/Maps/PalaceLevel.PalaceLevel:PersistentLevel.MainCharacter_1.CharMoveComp is already used by CharacterMovementComponent /Game/Ava/Maps/PalaceLevel.PalaceLevel:PersistentLevel.MainCharacter_0.CharMoveComp, which should never happen in the editor but could happen at runtime with duplicate level loading or PIE
[2017.06.28-08.37.24:220][545]LogUObjectGlobals:Warning: Guid referenced by SkeletalMeshComponent /Game/Ava/Maps/PalaceLevel.PalaceLevel:PersistentLevel.MainCharacter_1.CharacterMesh0 is already used by SkeletalMeshComponent /Game/Ava/Maps/PalaceLevel.PalaceLevel:PersistentLevel.MainCharacter_0.CharacterMesh0, which should never happen in the editor but could happen at runtime with duplicate level loading or PIE
[2017.06.28-08.37.24:220][545]LogUObjectGlobals:Warning: Guid referenced by SpringArmComponent /Game/Ava/Maps/PalaceLevel.PalaceLevel:PersistentLevel.MainCharacter_1.CameraBoom is already used by SpringArmComponent /Game/Ava/Maps/PalaceLevel.PalaceLevel:PersistentLevel.MainCharacter_0.CameraBoom, which should never happen in the editor but could happen at runtime with duplicate level loading or PIE
[2017.06.28-08.37.24:220][545]LogUObjectGlobals:Warning: Guid referenced by CameraComponent /Game/Ava/Maps/PalaceLevel.PalaceLevel:PersistentLevel.MainCharacter_1.FollowCamera is already used by CameraComponent /Game/Ava/Maps/PalaceLevel.PalaceLevel:PersistentLevel.MainCharacter_0.FollowCamera, which should never happen in the editor but could happen at runtime with duplicate level loading or PIE
[2017.06.28-08.37.24:220][545]LogUObjectGlobals:Warning: Guid referenced by SphereComponent /Game/Ava/Maps/PalaceLevel.PalaceLevel:PersistentLevel.MainCharacter_1.overlappingSphere is already used by SphereComponent /Game/Ava/Maps/PalaceLevel.PalaceLevel:PersistentLevel.MainCharacter_0.overlappingSphere, which should never happen in the editor but could happen at runtime with duplicate level loading or PIE
[2017.06.28-08.37.24:292][545]LogHotReload: Re-instancing StatueObject after hot-reload.
[2017.06.28-08.37.24:327][545]LogContentBrowser: Native class hierarchy updated for 'Ava' in 0.0027 seconds. Added 14 classes and 2 folders.
[2017.06.28-08.37.24:328][545]Warning: HotReload successful (3 functions remapped  0 scriptstructs remapped)
[2017.06.28-08.37.24:428][545]LogContentBrowser: Native class hierarchy populated in 0.0097 seconds. Added 2094 classes and 380 folders.
[2017.06.28-08.37.24:432][545]Warning: HotReload took  0.5s.
[2017.06.28-08.37.27:895][647]LogBlueprintUserMessages: Early PlayInEditor Detection: Level '/Game/Ava/Maps/PalaceLevel.PalaceLevel:PersistentLevel' has LevelScriptBlueprint '/Game/Ava/Maps/PalaceLevel.PalaceLevel:PersistentLevel.PalaceLevel' with GeneratedClass '/Game/Ava/Maps/PalaceLevel.PalaceLevel_C' with ClassGeneratedBy '/Game/Ava/Maps/PalaceLevel.PalaceLevel:PersistentLevel.PalaceLevel'
[2017.06.28-08.37.27:895][647]LogPlayLevel: PlayLevel: No blueprints needed recompiling
[2017.06.28-08.37.27:895][647]PIE: New page: PIE session: PalaceLevel (28 Jun 2017 09:37:27)
[2017.06.28-08.37.27:895][647]LogPlayLevel: Creating play world package: /Game/Ava/Maps/UEDPIE_0_PalaceLevel
[2017.06.28-08.37.27:948][647]LogPlayLevel: PIE: StaticDuplicateObject took: (0.052705s)
[2017.06.28-08.37.27:948][647]LogAIModule: Creating AISystem for world PalaceLevel
[2017.06.28-08.37.27:948][647]LogPlayLevel: PIE: World Init took: (0.000634s)
[2017.06.28-08.37.27:949][647]LogPlayLevel: PIE: Created PIE world by copying editor world from /Game/Ava/Maps/PalaceLevel.PalaceLevel to /Game/Ava/Maps/UEDPIE_0_PalaceLevel.PalaceLevel (0.053645s)
[2017.06.28-08.37.27:963][647]LogInit: XAudio2 using 'Speakers (Realtek High Definition Audio)' : 2 channels at 48 kHz using 32 bits per sample (channel mask 0x3)
[2017.06.28-08.37.27:974][647]LogInit: FAudioDevice initialized.
[2017.06.28-08.37.28:023][647]LogWorld: Game class is 'AvaGameMode'
[2017.06.28-08.37.28:120][647]LogWorld: Bringing World /Game/Ava/Maps/UEDPIE_0_PalaceLevel.PalaceLevel up for play (max tick rate 0) at 2017.06.28-09.37.28
[2017.06.28-08.37.28:123][647]LogWorld: Bringing up level for play took: 0.098664
[2017.06.28-08.37.28:127][647]PIE: Info Play in editor start time for /Game/Ava/Maps/UEDPIE_0_PalaceLevel 0.138
[2017.06.28-08.37.28:128][647]LogBlueprintUserMessages: Late PlayInEditor Detection: Level '/Game/Ava/Maps/PalaceLevel.PalaceLevel:PersistentLevel' has LevelScriptBlueprint '/Game/Ava/Maps/PalaceLevel.PalaceLevel:PersistentLevel.PalaceLevel' with GeneratedClass '/Game/Ava/Maps/PalaceLevel.PalaceLevel_C' with ClassGeneratedBy '/Game/Ava/Maps/PalaceLevel.PalaceLevel:PersistentLevel.PalaceLevel'
[2017.06.28-08.37.40:570][625]LogEditorViewport: Clicking on Actor (LMB): MainCharacter (MainCharacter1)
[2017.06.28-08.38.03:732][ 42]LogBlueprintUserMessages: Early EndPlayMap Detection: Level '/Game/Ava/Maps/PalaceLevel.PalaceLevel:PersistentLevel' has LevelScriptBlueprint '/Game/Ava/Maps/PalaceLevel.PalaceLevel:PersistentLevel.PalaceLevel' with GeneratedClass '/Game/Ava/Maps/PalaceLevel.PalaceLevel_C' with ClassGeneratedBy '/Game/Ava/Maps/PalaceLevel.PalaceLevel:PersistentLevel.PalaceLevel'
[2017.06.28-08.38.03:964][ 42]LogBlueprintUserMessages: Late EndPlayMap Detection: Level '/Game/Ava/Maps/PalaceLevel.PalaceLevel:PersistentLevel' has LevelScriptBlueprint '/Game/Ava/Maps/PalaceLevel.PalaceLevel:PersistentLevel.PalaceLevel' with GeneratedClass '/Game/Ava/Maps/PalaceLevel.PalaceLevel_C' with ClassGeneratedBy '/Game/Ava/Maps/PalaceLevel.PalaceLevel:PersistentLevel.PalaceLevel'
[2017.06.28-08.39.35:459][761]LogHotReload: New module detected: UE4Editor-Ava-5790.dll
[2017.06.28-08.39.38:006][867]LogHotReload: Starting Hot-Reload from IDE
[2017.06.28-08.39.38:080][867]LogClass: ItemDataVariables HotReload.
[2017.06.28-08.39.38:080][867]LogClass: Item HotReload.
[2017.06.28-08.39.38:082][867]LogHotReload: Re-instancing Antelope after hot-reload.
[2017.06.28-08.39.38:127][867]LogHotReload: Re-instancing MainCharacter after hot-reload.
[2017.06.28-08.39.38:360][867]LogHotReload: Re-instancing StatueObject after hot-reload.
[2017.06.28-08.39.38:394][867]LogContentBrowser: Native class hierarchy updated for 'Ava' in 0.0028 seconds. Added 14 classes and 2 folders.
[2017.06.28-08.39.38:396][867]Warning: HotReload successful (3 functions remapped  0 scriptstructs remapped)
[2017.06.28-08.39.38:437][867]LogContentBrowser: Native class hierarchy populated in 0.0099 seconds. Added 2094 classes and 380 folders.
[2017.06.28-08.39.38:440][867]Warning: HotReload took  0.4s.
[2017.06.28-08.39.43:993][157]LogBlueprintUserMessages: Early PlayInEditor Detection: Level '/Game/Ava/Maps/PalaceLevel.PalaceLevel:PersistentLevel' has LevelScriptBlueprint '/Game/Ava/Maps/PalaceLevel.PalaceLevel:PersistentLevel.PalaceLevel' with GeneratedClass '/Game/Ava/Maps/PalaceLevel.PalaceLevel_C' with ClassGeneratedBy '/Game/Ava/Maps/PalaceLevel.PalaceLevel:PersistentLevel.PalaceLevel'
[2017.06.28-08.39.43:993][157]LogPlayLevel: PlayLevel: No blueprints needed recompiling
[2017.06.28-08.39.43:993][157]PIE: New page: SIE session: PalaceLevel (28 Jun 2017 09:39:43)
[2017.06.28-08.39.43:993][157]LogPlayLevel: Creating play world package: /Game/Ava/Maps/UEDPIE_0_PalaceLevel
[2017.06.28-08.39.44:068][157]LogPlayLevel: PIE: StaticDuplicateObject took: (0.074969s)
[2017.06.28-08.39.44:069][157]LogAIModule: Creating AISystem for world PalaceLevel
[2017.06.28-08.39.44:069][157]LogPlayLevel: PIE: World Init took: (0.000638s)
[2017.06.28-08.39.44:069][157]LogPlayLevel: PIE: Created PIE world by copying editor world from /Game/Ava/Maps/PalaceLevel.PalaceLevel to /Game/Ava/Maps/UEDPIE_0_PalaceLevel.PalaceLevel (0.075954s)
[2017.06.28-08.39.44:115][157]LogInit: XAudio2 using 'Speakers (Realtek High Definition Audio)' : 2 channels at 48 kHz using 32 bits per sample (channel mask 0x3)
[2017.06.28-08.39.44:122][157]LogInit: FAudioDevice initialized.
[2017.06.28-08.39.44:172][157]LogWorld: Game class is 'AvaGameMode'
[2017.06.28-08.39.44:271][157]LogWorld: Bringing World /Game/Ava/Maps/UEDPIE_0_PalaceLevel.PalaceLevel up for play (max tick rate 0) at 2017.06.28-09.39.44
[2017.06.28-08.39.44:274][157]LogWorld: Bringing up level for play took: 0.100550
[2017.06.28-08.39.44:276][157]PIE: Info Play in editor start time for /Game/Ava/Maps/UEDPIE_0_PalaceLevel 0.278
[2017.06.28-08.39.44:421][157]LogBlueprintUserMessages: Late PlayInEditor Detection: Level '/Game/Ava/Maps/PalaceLevel.PalaceLevel:PersistentLevel' has LevelScriptBlueprint '/Game/Ava/Maps/PalaceLevel.PalaceLevel:PersistentLevel.PalaceLevel' with GeneratedClass '/Game/Ava/Maps/PalaceLevel.PalaceLevel_C' with ClassGeneratedBy '/Game/Ava/Maps/PalaceLevel.PalaceLevel:PersistentLevel.PalaceLevel'
[2017.06.28-08.41.06:572][534]LogBlueprintUserMessages: Early EndPlayMap Detection: Level '/Game/Ava/Maps/PalaceLevel.PalaceLevel:PersistentLevel' has LevelScriptBlueprint '/Game/Ava/Maps/PalaceLevel.PalaceLevel:PersistentLevel.PalaceLevel' with GeneratedClass '/Game/Ava/Maps/PalaceLevel.PalaceLevel_C' with ClassGeneratedBy '/Game/Ava/Maps/PalaceLevel.PalaceLevel:PersistentLevel.PalaceLevel'
[2017.06.28-08.41.06:735][534]LogBlueprintUserMessages: Late EndPlayMap Detection: Level '/Game/Ava/Maps/PalaceLevel.PalaceLevel:PersistentLevel' has LevelScriptBlueprint '/Game/Ava/Maps/PalaceLevel.PalaceLevel:PersistentLevel.PalaceLevel' with GeneratedClass '/Game/Ava/Maps/PalaceLevel.PalaceLevel_C' with ClassGeneratedBy '/Game/Ava/Maps/PalaceLevel.PalaceLevel:PersistentLevel.PalaceLevel'
[2017.06.28-08.41.51:939][641]LogBlueprintUserMessages: Early PlayInEditor Detection: Level '/Game/Ava/Maps/PalaceLevel.PalaceLevel:PersistentLevel' has LevelScriptBlueprint '/Game/Ava/Maps/PalaceLevel.PalaceLevel:PersistentLevel.PalaceLevel' with GeneratedClass '/Game/Ava/Maps/PalaceLevel.PalaceLevel_C' with ClassGeneratedBy '/Game/Ava/Maps/PalaceLevel.PalaceLevel:PersistentLevel.PalaceLevel'
[2017.06.28-08.41.51:939][641]LogPlayLevel: PlayLevel: No blueprints needed recompiling
[2017.06.28-08.41.51:939][641]PIE: New page: SIE session: PalaceLevel (28 Jun 2017 09:41:51)
[2017.06.28-08.41.51:939][641]LogPlayLevel: Creating play world package: /Game/Ava/Maps/UEDPIE_0_PalaceLevel
[2017.06.28-08.41.51:997][641]LogPlayLevel: PIE: StaticDuplicateObject took: (0.057466s)
[2017.06.28-08.41.51:998][641]LogAIModule: Creating AISystem for world PalaceLevel
[2017.06.28-08.41.51:998][641]LogPlayLevel: PIE: World Init took: (0.000671s)
[2017.06.28-08.41.51:998][641]LogPlayLevel: PIE: Created PIE world by copying editor world from /Game/Ava/Maps/PalaceLevel.PalaceLevel to /Game/Ava/Maps/UEDPIE_0_PalaceLevel.PalaceLevel (0.058472s)
[2017.06.28-08.41.52:040][641]LogInit: XAudio2 using 'Speakers (Realtek High Definition Audio)' : 2 channels at 48 kHz using 32 bits per sample (channel mask 0x3)
[2017.06.28-08.41.52:047][641]LogInit: FAudioDevice initialized.
[2017.06.28-08.41.52:096][641]LogWorld: Game class is 'AvaGameMode'
[2017.06.28-08.41.52:183][641]LogWorld: Bringing World /Game/Ava/Maps/UEDPIE_0_PalaceLevel.PalaceLevel up for play (max tick rate 0) at 2017.06.28-09.41.52
[2017.06.28-08.41.52:186][641]LogWorld: Bringing up level for play took: 0.089461
[2017.06.28-08.41.52:188][641]PIE: Info Play in editor start time for /Game/Ava/Maps/UEDPIE_0_PalaceLevel 0.182
[2017.06.28-08.41.52:344][641]LogBlueprintUserMessages: Late PlayInEditor Detection: Level '/Game/Ava/Maps/PalaceLevel.PalaceLevel:PersistentLevel' has LevelScriptBlueprint '/Game/Ava/Maps/PalaceLevel.PalaceLevel:PersistentLevel.PalaceLevel' with GeneratedClass '/Game/Ava/Maps/PalaceLevel.PalaceLevel_C' with ClassGeneratedBy '/Game/Ava/Maps/PalaceLevel.PalaceLevel:PersistentLevel.PalaceLevel'
[2017.06.28-08.41.52:916][680]LogEditorViewport: Clicking on Actor (LMB): StaticMeshActor (light13)
[2017.06.28-08.42.26:990][429]LogBlueprintUserMessages: Early EndPlayMap Detection: Level '/Game/Ava/Maps/PalaceLevel.PalaceLevel:PersistentLevel' has LevelScriptBlueprint '/Game/Ava/Maps/PalaceLevel.PalaceLevel:PersistentLevel.PalaceLevel' with GeneratedClass '/Game/Ava/Maps/PalaceLevel.PalaceLevel_C' with ClassGeneratedBy '/Game/Ava/Maps/PalaceLevel.PalaceLevel:PersistentLevel.PalaceLevel'
[2017.06.28-08.42.27:025][429]LogBlueprintUserMessages: Late EndPlayMap Detection: Level '/Game/Ava/Maps/PalaceLevel.PalaceLevel:PersistentLevel' has LevelScriptBlueprint '/Game/Ava/Maps/PalaceLevel.PalaceLevel:PersistentLevel.PalaceLevel' with GeneratedClass '/Game/Ava/Maps/PalaceLevel.PalaceLevel_C' with ClassGeneratedBy '/Game/Ava/Maps/PalaceLevel.PalaceLevel:PersistentLevel.PalaceLevel'
[2017.06.28-08.44.15:120][826]LogHotReload: New module detected: UE4Editor-Ava-3574.dll
[2017.06.28-08.44.17:796][835]LogHotReload: Starting Hot-Reload from IDE
[2017.06.28-08.44.17:879][835]LogClass: ItemDataVariables HotReload.
[2017.06.28-08.44.17:879][835]LogClass: Item HotReload.
[2017.06.28-08.44.17:880][835]LogHotReload: Re-instancing Antelope after hot-reload.
[2017.06.28-08.44.17:920][835]LogHotReload: Re-instancing MainCharacter after hot-reload.
[2017.06.28-08.44.18:002][835]LogHotReload: Re-instancing StatueObject after hot-reload.
[2017.06.28-08.44.18:042][835]LogContentBrowser: Native class hierarchy updated for 'Ava' in 0.0030 seconds. Added 14 classes and 2 folders.
[2017.06.28-08.44.18:043][835]Warning: HotReload successful (3 functions remapped  0 scriptstructs remapped)
[2017.06.28-08.44.18:090][835]LogContentBrowser: Native class hierarchy populated in 0.0107 seconds. Added 2094 classes and 380 folders.
[2017.06.28-08.44.18:092][835]Warning: HotReload took  0.3s.
[2017.06.28-08.44.24:380][938]LogBlueprintUserMessages: Early PlayInEditor Detection: Level '/Game/Ava/Maps/PalaceLevel.PalaceLevel:PersistentLevel' has LevelScriptBlueprint '/Game/Ava/Maps/PalaceLevel.PalaceLevel:PersistentLevel.PalaceLevel' with GeneratedClass '/Game/Ava/Maps/PalaceLevel.PalaceLevel_C' with ClassGeneratedBy '/Game/Ava/Maps/PalaceLevel.PalaceLevel:PersistentLevel.PalaceLevel'
[2017.06.28-08.44.24:381][938]LogPlayLevel: PlayLevel: No blueprints needed recompiling
[2017.06.28-08.44.24:381][938]PIE: New page: SIE session: PalaceLevel (28 Jun 2017 09:44:24)
[2017.06.28-08.44.24:381][938]LogPlayLevel: Creating play world package: /Game/Ava/Maps/UEDPIE_0_PalaceLevel
[2017.06.28-08.44.24:440][938]LogPlayLevel: PIE: StaticDuplicateObject took: (0.059396s)
[2017.06.28-08.44.24:441][938]LogAIModule: Creating AISystem for world PalaceLevel
[2017.06.28-08.44.24:441][938]LogPlayLevel: PIE: World Init took: (0.000797s)
[2017.06.28-08.44.24:441][938]LogPlayLevel: PIE: Created PIE world by copying editor world from /Game/Ava/Maps/PalaceLevel.PalaceLevel to /Game/Ava/Maps/UEDPIE_0_PalaceLevel.PalaceLevel (0.060538s)
[2017.06.28-08.44.24:453][938]LogInit: XAudio2 using 'Speakers (Realtek High Definition Audio)' : 2 channels at 48 kHz using 32 bits per sample (channel mask 0x3)
[2017.06.28-08.44.24:461][938]LogInit: FAudioDevice initialized.
[2017.06.28-08.44.24:515][938]LogWorld: Game class is 'AvaGameMode'
[2017.06.28-08.44.24:618][938]LogWorld: Bringing World /Game/Ava/Maps/UEDPIE_0_PalaceLevel.PalaceLevel up for play (max tick rate 0) at 2017.06.28-09.44.24
[2017.06.28-08.44.24:621][938]LogWorld: Bringing up level for play took: 0.104951
[2017.06.28-08.44.24:623][938]PIE: Info Play in editor start time for /Game/Ava/Maps/UEDPIE_0_PalaceLevel 0.608
[2017.06.28-08.44.24:625][938]LogBlueprintUserMessages: Late PlayInEditor Detection: Level '/Game/Ava/Maps/PalaceLevel.PalaceLevel:PersistentLevel' has LevelScriptBlueprint '/Game/Ava/Maps/PalaceLevel.PalaceLevel:PersistentLevel.PalaceLevel' with GeneratedClass '/Game/Ava/Maps/PalaceLevel.PalaceLevel_C' with ClassGeneratedBy '/Game/Ava/Maps/PalaceLevel.PalaceLevel:PersistentLevel.PalaceLevel'
[2017.06.28-08.44.36:996][932]LogBlueprintUserMessages: Early EndPlayMap Detection: Level '/Game/Ava/Maps/PalaceLevel.PalaceLevel:PersistentLevel' has LevelScriptBlueprint '/Game/Ava/Maps/PalaceLevel.PalaceLevel:PersistentLevel.PalaceLevel' with GeneratedClass '/Game/Ava/Maps/PalaceLevel.PalaceLevel_C' with ClassGeneratedBy '/Game/Ava/Maps/PalaceLevel.PalaceLevel:PersistentLevel.PalaceLevel'
[2017.06.28-08.44.37:034][932]LogBlueprintUserMessages: Late EndPlayMap Detection: Level '/Game/Ava/Maps/PalaceLevel.PalaceLevel:PersistentLevel' has LevelScriptBlueprint '/Game/Ava/Maps/PalaceLevel.PalaceLevel:PersistentLevel.PalaceLevel' with GeneratedClass '/Game/Ava/Maps/PalaceLevel.PalaceLevel_C' with ClassGeneratedBy '/Game/Ava/Maps/PalaceLevel.PalaceLevel:PersistentLevel.PalaceLevel'
[2017.06.28-08.45.30:239][128]LogHotReload: New module detected: UE4Editor-Ava-9513.dll
[2017.06.28-08.45.32:917][137]LogHotReload: Starting Hot-Reload from IDE
[2017.06.28-08.45.33:006][137]LogClass: ItemDataVariables HotReload.
[2017.06.28-08.45.33:006][137]LogClass: Item HotReload.
[2017.06.28-08.45.33:008][137]LogHotReload: Re-instancing Antelope after hot-reload.
[2017.06.28-08.45.33:046][137]LogHotReload: Re-instancing MainCharacter after hot-reload.
[2017.06.28-08.45.33:155][137]LogHotReload: Re-instancing StatueObject after hot-reload.
[2017.06.28-08.45.33:192][137]LogContentBrowser: Native class hierarchy updated for 'Ava' in 0.0028 seconds. Added 14 classes and 2 folders.
[2017.06.28-08.45.33:193][137]Warning: HotReload successful (3 functions remapped  0 scriptstructs remapped)
[2017.06.28-08.45.33:235][137]LogContentBrowser: Native class hierarchy populated in 0.0102 seconds. Added 2094 classes and 380 folders.
[2017.06.28-08.45.33:237][137]Warning: HotReload took  0.3s.
[2017.06.28-08.45.38:983][226]LogBlueprintUserMessages: Early PlayInEditor Detection: Level '/Game/Ava/Maps/PalaceLevel.PalaceLevel:PersistentLevel' has LevelScriptBlueprint '/Game/Ava/Maps/PalaceLevel.PalaceLevel:PersistentLevel.PalaceLevel' with GeneratedClass '/Game/Ava/Maps/PalaceLevel.PalaceLevel_C' with ClassGeneratedBy '/Game/Ava/Maps/PalaceLevel.PalaceLevel:PersistentLevel.PalaceLevel'
[2017.06.28-08.45.38:983][226]LogPlayLevel: PlayLevel: No blueprints needed recompiling
[2017.06.28-08.45.38:983][226]PIE: New page: SIE session: PalaceLevel (28 Jun 2017 09:45:38)
[2017.06.28-08.45.38:983][226]LogPlayLevel: Creating play world package: /Game/Ava/Maps/UEDPIE_0_PalaceLevel
[2017.06.28-08.45.39:037][226]LogPlayLevel: PIE: StaticDuplicateObject took: (0.054088s)
[2017.06.28-08.45.39:038][226]LogAIModule: Creating AISystem for world PalaceLevel
[2017.06.28-08.45.39:038][226]LogPlayLevel: PIE: World Init took: (0.000618s)
[2017.06.28-08.45.39:038][226]LogPlayLevel: PIE: Created PIE world by copying editor world from /Game/Ava/Maps/PalaceLevel.PalaceLevel to /Game/Ava/Maps/UEDPIE_0_PalaceLevel.PalaceLevel (0.055022s)
[2017.06.28-08.45.39:050][226]LogInit: XAudio2 using 'Speakers (Realtek High Definition Audio)' : 2 channels at 48 kHz using 32 bits per sample (channel mask 0x3)
[2017.06.28-08.45.39:057][226]LogInit: FAudioDevice initialized.
[2017.06.28-08.45.39:127][226]LogWorld: Game class is 'AvaGameMode'
[2017.06.28-08.45.39:220][226]LogWorld: Bringing World /Game/Ava/Maps/UEDPIE_0_PalaceLevel.PalaceLevel up for play (max tick rate 0) at 2017.06.28-09.45.39
[2017.06.28-08.45.39:223][226]LogWorld: Bringing up level for play took: 0.093846
[2017.06.28-08.45.39:225][226]PIE: Info Play in editor start time for /Game/Ava/Maps/UEDPIE_0_PalaceLevel 1.205
[2017.06.28-08.45.39:226][226]LogBlueprintUserMessages: Late PlayInEditor Detection: Level '/Game/Ava/Maps/PalaceLevel.PalaceLevel:PersistentLevel' has LevelScriptBlueprint '/Game/Ava/Maps/PalaceLevel.PalaceLevel:PersistentLevel.PalaceLevel' with GeneratedClass '/Game/Ava/Maps/PalaceLevel.PalaceLevel_C' with ClassGeneratedBy '/Game/Ava/Maps/PalaceLevel.PalaceLevel:PersistentLevel.PalaceLevel'
[2017.06.28-08.45.44:826][680]LogBlueprintUserMessages: Early EndPlayMap Detection: Level '/Game/Ava/Maps/PalaceLevel.PalaceLevel:PersistentLevel' has LevelScriptBlueprint '/Game/Ava/Maps/PalaceLevel.PalaceLevel:PersistentLevel.PalaceLevel' with GeneratedClass '/Game/Ava/Maps/PalaceLevel.PalaceLevel_C' with ClassGeneratedBy '/Game/Ava/Maps/PalaceLevel.PalaceLevel:PersistentLevel.PalaceLevel'
[2017.06.28-08.45.44:857][680]LogBlueprintUserMessages: Late EndPlayMap Detection: Level '/Game/Ava/Maps/PalaceLevel.PalaceLevel:PersistentLevel' has LevelScriptBlueprint '/Game/Ava/Maps/PalaceLevel.PalaceLevel:PersistentLevel.PalaceLevel' with GeneratedClass '/Game/Ava/Maps/PalaceLevel.PalaceLevel_C' with ClassGeneratedBy '/Game/Ava/Maps/PalaceLevel.PalaceLevel:PersistentLevel.PalaceLevel'
[2017.06.28-08.45.52:884][ 57]LogBlueprintUserMessages: Early PlayInEditor Detection: Level '/Game/Ava/Maps/PalaceLevel.PalaceLevel:PersistentLevel' has LevelScriptBlueprint '/Game/Ava/Maps/PalaceLevel.PalaceLevel:PersistentLevel.PalaceLevel' with GeneratedClass '/Game/Ava/Maps/PalaceLevel.PalaceLevel_C' with ClassGeneratedBy '/Game/Ava/Maps/PalaceLevel.PalaceLevel:PersistentLevel.PalaceLevel'
[2017.06.28-08.45.52:885][ 57]LogPlayLevel: PlayLevel: No blueprints needed recompiling
[2017.06.28-08.45.52:885][ 57]PIE: New page: SIE session: PalaceLevel (28 Jun 2017 09:45:52)
[2017.06.28-08.45.52:885][ 57]LogPlayLevel: Creating play world package: /Game/Ava/Maps/UEDPIE_0_PalaceLevel
[2017.06.28-08.45.52:947][ 57]LogPlayLevel: PIE: StaticDuplicateObject took: (0.061732s)
[2017.06.28-08.45.52:947][ 57]LogAIModule: Creating AISystem for world PalaceLevel
[2017.06.28-08.45.52:947][ 57]LogPlayLevel: PIE: World Init took: (0.000531s)
[2017.06.28-08.45.52:947][ 57]LogPlayLevel: PIE: Created PIE world by copying editor world from /Game/Ava/Maps/PalaceLevel.PalaceLevel to /Game/Ava/Maps/UEDPIE_0_PalaceLevel.PalaceLevel (0.062590s)
[2017.06.28-08.45.52:958][ 57]LogInit: XAudio2 using 'Speakers (Realtek High Definition Audio)' : 2 channels at 48 kHz using 32 bits per sample (channel mask 0x3)
[2017.06.28-08.45.52:967][ 57]LogInit: FAudioDevice initialized.
[2017.06.28-08.45.53:024][ 57]LogWorld: Game class is 'AvaGameMode'
[2017.06.28-08.45.53:140][ 57]LogWorld: Bringing World /Game/Ava/Maps/UEDPIE_0_PalaceLevel.PalaceLevel up for play (max tick rate 0) at 2017.06.28-09.45.53
[2017.06.28-08.45.53:143][ 57]LogWorld: Bringing up level for play took: 0.117913
[2017.06.28-08.45.53:145][ 57]PIE: Info Play in editor start time for /Game/Ava/Maps/UEDPIE_0_PalaceLevel 1.124
[2017.06.28-08.45.53:147][ 57]LogBlueprintUserMessages: Late PlayInEditor Detection: Level '/Game/Ava/Maps/PalaceLevel.PalaceLevel:PersistentLevel' has LevelScriptBlueprint '/Game/Ava/Maps/PalaceLevel.PalaceLevel:PersistentLevel.PalaceLevel' with GeneratedClass '/Game/Ava/Maps/PalaceLevel.PalaceLevel_C' with ClassGeneratedBy '/Game/Ava/Maps/PalaceLevel.PalaceLevel:PersistentLevel.PalaceLevel'
[2017.06.28-08.45.58:247][458]LogBlueprintUserMessages: Early EndPlayMap Detection: Level '/Game/Ava/Maps/PalaceLevel.PalaceLevel:PersistentLevel' has LevelScriptBlueprint '/Game/Ava/Maps/PalaceLevel.PalaceLevel:PersistentLevel.PalaceLevel' with GeneratedClass '/Game/Ava/Maps/PalaceLevel.PalaceLevel_C' with ClassGeneratedBy '/Game/Ava/Maps/PalaceLevel.PalaceLevel:PersistentLevel.PalaceLevel'
[2017.06.28-08.45.58:286][458]LogBlueprintUserMessages: Late EndPlayMap Detection: Level '/Game/Ava/Maps/PalaceLevel.PalaceLevel:PersistentLevel' has LevelScriptBlueprint '/Game/Ava/Maps/PalaceLevel.PalaceLevel:PersistentLevel.PalaceLevel' with GeneratedClass '/Game/Ava/Maps/PalaceLevel.PalaceLevel_C' with ClassGeneratedBy '/Game/Ava/Maps/PalaceLevel.PalaceLevel:PersistentLevel.PalaceLevel'
[2017.06.28-08.45.59:459][551]LogBlueprintUserMessages: Early PlayInEditor Detection: Level '/Game/Ava/Maps/PalaceLevel.PalaceLevel:PersistentLevel' has LevelScriptBlueprint '/Game/Ava/Maps/PalaceLevel.PalaceLevel:PersistentLevel.PalaceLevel' with GeneratedClass '/Game/Ava/Maps/PalaceLevel.PalaceLevel_C' with ClassGeneratedBy '/Game/Ava/Maps/PalaceLevel.PalaceLevel:PersistentLevel.PalaceLevel'
[2017.06.28-08.45.59:459][551]LogPlayLevel: PlayLevel: No blueprints needed recompiling
[2017.06.28-08.45.59:459][551]PIE: New page: SIE session: PalaceLevel (28 Jun 2017 09:45:59)
[2017.06.28-08.45.59:459][551]LogPlayLevel: Creating play world package: /Game/Ava/Maps/UEDPIE_0_PalaceLevel
[2017.06.28-08.45.59:511][551]LogPlayLevel: PIE: StaticDuplicateObject took: (0.052089s)
[2017.06.28-08.45.59:512][551]LogAIModule: Creating AISystem for world PalaceLevel
[2017.06.28-08.45.59:512][551]LogPlayLevel: PIE: World Init took: (0.000580s)
[2017.06.28-08.45.59:512][551]LogPlayLevel: PIE: Created PIE world by copying editor world from /Game/Ava/Maps/PalaceLevel.PalaceLevel to /Game/Ava/Maps/UEDPIE_0_PalaceLevel.PalaceLevel (0.052962s)
[2017.06.28-08.45.59:522][551]LogInit: XAudio2 using 'Speakers (Realtek High Definition Audio)' : 2 channels at 48 kHz using 32 bits per sample (channel mask 0x3)
[2017.06.28-08.45.59:530][551]LogInit: FAudioDevice initialized.
[2017.06.28-08.45.59:578][551]LogWorld: Game class is 'AvaGameMode'
[2017.06.28-08.45.59:678][551]LogWorld: Bringing World /Game/Ava/Maps/UEDPIE_0_PalaceLevel.PalaceLevel up for play (max tick rate 0) at 2017.06.28-09.45.59
[2017.06.28-08.45.59:681][551]LogWorld: Bringing up level for play took: 0.102155
[2017.06.28-08.45.59:683][551]PIE: Info Play in editor start time for /Game/Ava/Maps/UEDPIE_0_PalaceLevel -0.339
[2017.06.28-08.45.59:685][551]LogBlueprintUserMessages: Late PlayInEditor Detection: Level '/Game/Ava/Maps/PalaceLevel.PalaceLevel:PersistentLevel' has LevelScriptBlueprint '/Game/Ava/Maps/PalaceLevel.PalaceLevel:PersistentLevel.PalaceLevel' with GeneratedClass '/Game/Ava/Maps/PalaceLevel.PalaceLevel_C' with ClassGeneratedBy '/Game/Ava/Maps/PalaceLevel.PalaceLevel:PersistentLevel.PalaceLevel'
[2017.06.28-08.46.17:741][  4]LogBlueprintUserMessages: Early EndPlayMap Detection: Level '/Game/Ava/Maps/PalaceLevel.PalaceLevel:PersistentLevel' has LevelScriptBlueprint '/Game/Ava/Maps/PalaceLevel.PalaceLevel:PersistentLevel.PalaceLevel' with GeneratedClass '/Game/Ava/Maps/PalaceLevel.PalaceLevel_C' with ClassGeneratedBy '/Game/Ava/Maps/PalaceLevel.PalaceLevel:PersistentLevel.PalaceLevel'
[2017.06.28-08.46.17:783][  4]LogBlueprintUserMessages: Late EndPlayMap Detection: Level '/Game/Ava/Maps/PalaceLevel.PalaceLevel:PersistentLevel' has LevelScriptBlueprint '/Game/Ava/Maps/PalaceLevel.PalaceLevel:PersistentLevel.PalaceLevel' with GeneratedClass '/Game/Ava/Maps/PalaceLevel.PalaceLevel_C' with ClassGeneratedBy '/Game/Ava/Maps/PalaceLevel.PalaceLevel:PersistentLevel.PalaceLevel'
[2017.06.28-08.47.00:556][242]LogHotReload: New module detected: UE4Editor-Ava-9743.dll
[2017.06.28-08.47.03:241][251]LogHotReload: Starting Hot-Reload from IDE
[2017.06.28-08.47.03:321][251]LogClass: ItemDataVariables HotReload.
[2017.06.28-08.47.03:321][251]LogClass: Item HotReload.
[2017.06.28-08.47.03:322][251]LogHotReload: Re-instancing Antelope after hot-reload.
[2017.06.28-08.47.03:360][251]LogHotReload: Re-instancing MainCharacter after hot-reload.
[2017.06.28-08.47.03:438][251]LogHotReload: Re-instancing StatueObject after hot-reload.
[2017.06.28-08.47.03:473][251]LogContentBrowser: Native class hierarchy updated for 'Ava' in 0.0027 seconds. Added 14 classes and 2 folders.
[2017.06.28-08.47.03:474][251]Warning: HotReload successful (3 functions remapped  0 scriptstructs remapped)
[2017.06.28-08.47.03:520][251]LogContentBrowser: Native class hierarchy populated in 0.0101 seconds. Added 2094 classes and 380 folders.
[2017.06.28-08.47.03:523][251]Warning: HotReload took  0.3s.
[2017.06.28-08.47.14:671][366]LogBlueprintUserMessages: Early PlayInEditor Detection: Level '/Game/Ava/Maps/PalaceLevel.PalaceLevel:PersistentLevel' has LevelScriptBlueprint '/Game/Ava/Maps/PalaceLevel.PalaceLevel:PersistentLevel.PalaceLevel' with GeneratedClass '/Game/Ava/Maps/PalaceLevel.PalaceLevel_C' with ClassGeneratedBy '/Game/Ava/Maps/PalaceLevel.PalaceLevel:PersistentLevel.PalaceLevel'
[2017.06.28-08.47.14:671][366]LogPlayLevel: PlayLevel: No blueprints needed recompiling
[2017.06.28-08.47.14:671][366]PIE: New page: SIE session: PalaceLevel (28 Jun 2017 09:47:14)
[2017.06.28-08.47.14:671][366]LogPlayLevel: Creating play world package: /Game/Ava/Maps/UEDPIE_0_PalaceLevel
[2017.06.28-08.47.14:726][366]LogPlayLevel: PIE: StaticDuplicateObject took: (0.054042s)
[2017.06.28-08.47.14:726][366]LogAIModule: Creating AISystem for world PalaceLevel
[2017.06.28-08.47.14:726][366]LogPlayLevel: PIE: World Init took: (0.000628s)
[2017.06.28-08.47.14:726][366]LogPlayLevel: PIE: Created PIE world by copying editor world from /Game/Ava/Maps/PalaceLevel.PalaceLevel to /Game/Ava/Maps/UEDPIE_0_PalaceLevel.PalaceLevel (0.054984s)
[2017.06.28-08.47.14:738][366]LogInit: XAudio2 using 'Speakers (Realtek High Definition Audio)' : 2 channels at 48 kHz using 32 bits per sample (channel mask 0x3)
[2017.06.28-08.47.14:746][366]LogInit: FAudioDevice initialized.
[2017.06.28-08.47.14:810][366]LogWorld: Game class is 'AvaGameMode'
[2017.06.28-08.47.14:904][366]LogWorld: Bringing World /Game/Ava/Maps/UEDPIE_0_PalaceLevel.PalaceLevel up for play (max tick rate 0) at 2017.06.28-09.47.14
[2017.06.28-08.47.14:906][366]LogWorld: Bringing up level for play took: 0.095126
[2017.06.28-08.47.14:908][366]PIE: Info Play in editor start time for /Game/Ava/Maps/UEDPIE_0_PalaceLevel 0.883
[2017.06.28-08.47.14:910][366]LogBlueprintUserMessages: Late PlayInEditor Detection: Level '/Game/Ava/Maps/PalaceLevel.PalaceLevel:PersistentLevel' has LevelScriptBlueprint '/Game/Ava/Maps/PalaceLevel.PalaceLevel:PersistentLevel.PalaceLevel' with GeneratedClass '/Game/Ava/Maps/PalaceLevel.PalaceLevel_C' with ClassGeneratedBy '/Game/Ava/Maps/PalaceLevel.PalaceLevel:PersistentLevel.PalaceLevel'
[2017.06.28-08.48.14:121][956]LogBlueprintUserMessages: Early EndPlayMap Detection: Level '/Game/Ava/Maps/PalaceLevel.PalaceLevel:PersistentLevel' has LevelScriptBlueprint '/Game/Ava/Maps/PalaceLevel.PalaceLevel:PersistentLevel.PalaceLevel' with GeneratedClass '/Game/Ava/Maps/PalaceLevel.PalaceLevel_C' with ClassGeneratedBy '/Game/Ava/Maps/PalaceLevel.PalaceLevel:PersistentLevel.PalaceLevel'
[2017.06.28-08.48.14:160][956]LogBlueprintUserMessages: Late EndPlayMap Detection: Level '/Game/Ava/Maps/PalaceLevel.PalaceLevel:PersistentLevel' has LevelScriptBlueprint '/Game/Ava/Maps/PalaceLevel.PalaceLevel:PersistentLevel.PalaceLevel' with GeneratedClass '/Game/Ava/Maps/PalaceLevel.PalaceLevel_C' with ClassGeneratedBy '/Game/Ava/Maps/PalaceLevel.PalaceLevel:PersistentLevel.PalaceLevel'
[2017.06.28-09.02.26:078][570]LogHotReload: New module detected: UE4Editor-Ava-9259.dll
[2017.06.28-09.02.28:764][579]LogHotReload: Starting Hot-Reload from IDE
[2017.06.28-09.02.28:865][579]LogClass: ItemDataVariables HotReload.
[2017.06.28-09.02.28:865][579]LogClass: Item HotReload.
[2017.06.28-09.02.28:867][579]LogHotReload: Re-instancing Antelope after hot-reload.
[2017.06.28-09.02.28:909][579]LogHotReload: Re-instancing MainCharacter after hot-reload.
[2017.06.28-09.02.28:988][579]LogHotReload: Re-instancing StatueObject after hot-reload.
[2017.06.28-09.02.29:030][579]LogContentBrowser: Native class hierarchy updated for 'Ava' in 0.0027 seconds. Added 14 classes and 2 folders.
[2017.06.28-09.02.29:031][579]Warning: HotReload successful (3 functions remapped  0 scriptstructs remapped)
[2017.06.28-09.02.29:080][579]LogContentBrowser: Native class hierarchy populated in 0.0110 seconds. Added 2094 classes and 380 folders.
[2017.06.28-09.02.29:083][579]Warning: HotReload took  0.3s.
[2017.06.28-09.02.33:428][684]LogBlueprintUserMessages: Early PlayInEditor Detection: Level '/Game/Ava/Maps/PalaceLevel.PalaceLevel:PersistentLevel' has LevelScriptBlueprint '/Game/Ava/Maps/PalaceLevel.PalaceLevel:PersistentLevel.PalaceLevel' with GeneratedClass '/Game/Ava/Maps/PalaceLevel.PalaceLevel_C' with ClassGeneratedBy '/Game/Ava/Maps/PalaceLevel.PalaceLevel:PersistentLevel.PalaceLevel'
[2017.06.28-09.02.33:428][684]LogPlayLevel: PlayLevel: No blueprints needed recompiling
[2017.06.28-09.02.33:428][684]PIE: New page: SIE session: PalaceLevel (28 Jun 2017 10:02:33)
[2017.06.28-09.02.33:428][684]LogPlayLevel: Creating play world package: /Game/Ava/Maps/UEDPIE_0_PalaceLevel
[2017.06.28-09.02.33:487][684]LogPlayLevel: PIE: StaticDuplicateObject took: (0.058580s)
[2017.06.28-09.02.33:488][684]LogAIModule: Creating AISystem for world PalaceLevel
[2017.06.28-09.02.33:488][684]LogPlayLevel: PIE: World Init took: (0.000799s)
[2017.06.28-09.02.33:488][684]LogPlayLevel: PIE: Created PIE world by copying editor world from /Game/Ava/Maps/PalaceLevel.PalaceLevel to /Game/Ava/Maps/UEDPIE_0_PalaceLevel.PalaceLevel (0.059742s)
[2017.06.28-09.02.33:500][684]LogInit: XAudio2 using 'Speakers (Realtek High Definition Audio)' : 2 channels at 48 kHz using 32 bits per sample (channel mask 0x3)
[2017.06.28-09.02.33:508][684]LogInit: FAudioDevice initialized.
[2017.06.28-09.02.33:558][684]LogWorld: Game class is 'AvaGameMode'
[2017.06.28-09.02.33:655][684]LogWorld: Bringing World /Game/Ava/Maps/UEDPIE_0_PalaceLevel.PalaceLevel up for play (max tick rate 0) at 2017.06.28-10.02.33
[2017.06.28-09.02.33:658][684]LogWorld: Bringing up level for play took: 0.099309
[2017.06.28-09.02.33:660][684]PIE: Info Play in editor start time for /Game/Ava/Maps/UEDPIE_0_PalaceLevel -0.422
[2017.06.28-09.02.33:662][684]LogBlueprintUserMessages: Late PlayInEditor Detection: Level '/Game/Ava/Maps/PalaceLevel.PalaceLevel:PersistentLevel' has LevelScriptBlueprint '/Game/Ava/Maps/PalaceLevel.PalaceLevel:PersistentLevel.PalaceLevel' with GeneratedClass '/Game/Ava/Maps/PalaceLevel.PalaceLevel_C' with ClassGeneratedBy '/Game/Ava/Maps/PalaceLevel.PalaceLevel:PersistentLevel.PalaceLevel'
[2017.06.28-09.02.45:820][692]LogBlueprintUserMessages: Early EndPlayMap Detection: Level '/Game/Ava/Maps/PalaceLevel.PalaceLevel:PersistentLevel' has LevelScriptBlueprint '/Game/Ava/Maps/PalaceLevel.PalaceLevel:PersistentLevel.PalaceLevel' with GeneratedClass '/Game/Ava/Maps/PalaceLevel.PalaceLevel_C' with ClassGeneratedBy '/Game/Ava/Maps/PalaceLevel.PalaceLevel:PersistentLevel.PalaceLevel'
[2017.06.28-09.02.45:858][692]LogBlueprintUserMessages: Late EndPlayMap Detection: Level '/Game/Ava/Maps/PalaceLevel.PalaceLevel:PersistentLevel' has LevelScriptBlueprint '/Game/Ava/Maps/PalaceLevel.PalaceLevel:PersistentLevel.PalaceLevel' with GeneratedClass '/Game/Ava/Maps/PalaceLevel.PalaceLevel_C' with ClassGeneratedBy '/Game/Ava/Maps/PalaceLevel.PalaceLevel:PersistentLevel.PalaceLevel'
[2017.06.28-09.09.44:380][321]LogHotReload: New module detected: UE4Editor-Ava-7340.dll
[2017.06.28-09.09.47:063][330]LogHotReload: Starting Hot-Reload from IDE
[2017.06.28-09.09.47:106][330]LogClass: ItemDataVariables HotReload.
[2017.06.28-09.09.47:106][330]LogClass: Item HotReload.
[2017.06.28-09.09.47:108][330]LogHotReload: Re-instancing Antelope after hot-reload.
[2017.06.28-09.09.47:150][330]LogHotReload: Re-instancing MainCharacter after hot-reload.
[2017.06.28-09.09.47:237][330]LogHotReload: Re-instancing StatueObject after hot-reload.
[2017.06.28-09.09.47:272][330]LogContentBrowser: Native class hierarchy updated for 'Ava' in 0.0029 seconds. Added 14 classes and 2 folders.
[2017.06.28-09.09.47:274][330]Warning: HotReload successful (3 functions remapped  0 scriptstructs remapped)
[2017.06.28-09.09.47:327][330]LogContentBrowser: Native class hierarchy populated in 0.0167 seconds. Added 2094 classes and 380 folders.
[2017.06.28-09.09.47:331][330]Warning: HotReload took  0.3s.
[2017.06.28-09.09.58:694][426]LogBlueprintUserMessages: Early PlayInEditor Detection: Level '/Game/Ava/Maps/PalaceLevel.PalaceLevel:PersistentLevel' has LevelScriptBlueprint '/Game/Ava/Maps/PalaceLevel.PalaceLevel:PersistentLevel.PalaceLevel' with GeneratedClass '/Game/Ava/Maps/PalaceLevel.PalaceLevel_C' with ClassGeneratedBy '/Game/Ava/Maps/PalaceLevel.PalaceLevel:PersistentLevel.PalaceLevel'
[2017.06.28-09.09.58:694][426]LogPlayLevel: PlayLevel: No blueprints needed recompiling
[2017.06.28-09.09.58:694][426]PIE: New page: SIE session: PalaceLevel (28 Jun 2017 10:09:58)
[2017.06.28-09.09.58:694][426]LogPlayLevel: Creating play world package: /Game/Ava/Maps/UEDPIE_0_PalaceLevel
[2017.06.28-09.09.58:770][426]LogPlayLevel: PIE: StaticDuplicateObject took: (0.075537s)
[2017.06.28-09.09.58:770][426]LogAIModule: Creating AISystem for world PalaceLevel
[2017.06.28-09.09.58:770][426]LogPlayLevel: PIE: World Init took: (0.000632s)
[2017.06.28-09.09.58:771][426]LogPlayLevel: PIE: Created PIE world by copying editor world from /Game/Ava/Maps/PalaceLevel.PalaceLevel to /Game/Ava/Maps/UEDPIE_0_PalaceLevel.PalaceLevel (0.076502s)
[2017.06.28-09.09.58:786][426]LogInit: XAudio2 using 'Speakers (Realtek High Definition Audio)' : 2 channels at 48 kHz using 32 bits per sample (channel mask 0x3)
[2017.06.28-09.09.58:797][426]LogInit: FAudioDevice initialized.
[2017.06.28-09.09.58:856][426]LogWorld: Game class is 'AvaGameMode'
[2017.06.28-09.09.58:979][426]LogWorld: Bringing World /Game/Ava/Maps/UEDPIE_0_PalaceLevel.PalaceLevel up for play (max tick rate 0) at 2017.06.28-10.09.58
[2017.06.28-09.09.58:985][426]LogWorld: Bringing up level for play took: 0.126985
[2017.06.28-09.09.58:990][426]PIE: Info Play in editor start time for /Game/Ava/Maps/UEDPIE_0_PalaceLevel 0.88
[2017.06.28-09.09.58:992][426]LogBlueprintUserMessages: Late PlayInEditor Detection: Level '/Game/Ava/Maps/PalaceLevel.PalaceLevel:PersistentLevel' has LevelScriptBlueprint '/Game/Ava/Maps/PalaceLevel.PalaceLevel:PersistentLevel.PalaceLevel' with GeneratedClass '/Game/Ava/Maps/PalaceLevel.PalaceLevel_C' with ClassGeneratedBy '/Game/Ava/Maps/PalaceLevel.PalaceLevel:PersistentLevel.PalaceLevel'
[2017.06.28-09.10.00:062][426]LogCrashTracker: 


[2017.06.28-09.10.00:062][426]LogCrashTracker: 


[2017.06.28-09.10.00:062][426]LogWindows:Error: === Critical error: ===
Fatal error!



[2017.06.28-09.10.00:084][426]LogExit: Executing StaticShutdownAfterError
[2017.06.28-09.10.00:089][426]LogWindows: FPlatformMisc::RequestExit(1)
[2017.06.28-09.10.00:089][426]Log file closed, 06/28/17 10:10:00
