Log file open, 06/09/17 10:20:37
LogInit:Display: Running engine for game: Ava
LogPlatformFile: Not using cached read wrapper
LogInit:Display: RandInit(1116740498) SRandInit(1116740500).
LogTaskGraph: Started task graph with 4 named threads and 7 total threads with 1 sets of task threads.
LogStats: Stats thread started at 0.098301
LogInit: Version: 4.12.5-3039270+++UE4+Release-4.12
LogInit: API Version: 2992821
LogInit: Net Version: 3039270
LogDevObjectVersion: Number of dev versions registered: 13
LogDevObjectVersion:   Dev-Blueprints (B0D832E4-1F89-4F0D-ACCF-7EB736FD4AA2): 3
LogDevObjectVersion:   Dev-Build (E1C64328-A22C-4D53-A36C-8E866417BD8C): 0
LogDevObjectVersion:   Dev-Core (375EC13C-06E4-48FB-B500-84F0262A717E): 1
LogDevObjectVersion:   Dev-Editor (E4B068ED-F494-42E9-A231-DA0B2E46BB41): 2
LogDevObjectVersion:   Dev-Framework (CFFC743F-43B0-4480-9391-14DF171D2073): 6
LogDevObjectVersion:   Dev-Mobile (B02B49B5-BB20-44E9-A304-32B752E40360): 0
LogDevObjectVersion:   Dev-Networking (A4E4105C-59A1-49B5-A7C5-40C4547EDFEE): 0
LogDevObjectVersion:   Dev-Online (39C831C9-5AE6-47DC-9A44-9C173E1C8E7C): 0
LogDevObjectVersion:   Dev-Physics (78F01B33-EBEA-4F98-B9B4-84EACCB95AA2): 0
LogDevObjectVersion:   Dev-Platform (6631380F-2D4D-43E0-8009-CF276956A95A): 0
LogDevObjectVersion:   Dev-Rendering (12F88B9F-8875-4AFC-A67C-D90C383ABD29): 2
LogDevObjectVersion:   Dev-Sequencer (7B5AE74C-D270-4C10-A958-57980B212A5A): 0
LogDevObjectVersion:   Dev-VR (D7296918-1DD6-4BDD-9DE2-64A83CC13884): 0
LogInit: Compiled (64-bit): Jul  6 2016 09:09:46
LogInit: Compiled with Visual C++: 19.00.23026.00
LogInit: Build Configuration: Development
LogInit: Branch Name: ++UE4+Release-4.12
LogInit: Command line:  
LogInit: Base directory: C:/Program Files/Epic Games/UE_4.12/Engine/Binaries/Win64/
LogInit: Installed Engine Build: 1
LogInit: Using libcurl 7.41.0
LogInit:  - built for x86_64-pc-win32
LogInit:  - supports SSL with WinSSL
LogInit:  - other features:
LogInit:      CURL_VERSION_SSL
LogInit:      CURL_VERSION_IPV6
LogInit:      CURL_VERSION_ASYNCHDNS
LogInit:      CURL_VERSION_LARGEFILE
LogInit:      CURL_VERSION_IDN
LogInit:  CurlRequestOptions (configurable via config and command line):
LogInit:  - bVerifyPeer = true  - Libcurl will verify peer certificate
LogInit:  - bUseHttpProxy = false  - Libcurl will NOT use HTTP proxy
LogInit:  - bDontReuseConnections = false  - Libcurl will reuse connections
LogInit:  - CertBundlePath = nullptr  - Libcurl will use whatever was configured at build time.
LogInit: Presizing for max 8388607 objects, including 0 objects not considered by GC, pre-allocating 0 bytes for permanent pool.
LogInit: Object subsystem initialized
[2017.06.09-09.20.37:780][  0]LogInit: Selected Device Profile: [Windows]
[2017.06.09-09.20.37:780][  0]LogInit: Applying CVar settings loaded from the selected device profile: [Windows]
[2017.06.09-09.20.37:819][  0]LogInit: Computer: TOKEPI
[2017.06.09-09.20.37:819][  0]LogInit: User: LloydPhillips
[2017.06.09-09.20.37:819][  0]LogInit: CPU Page size=65536, Cores=4
[2017.06.09-09.20.37:819][  0]LogInit: High frequency timer resolution =3.330096 MHz
[2017.06.09-09.20.37:819][  0]LogMemory: Memory total: Physical=7.9GB (8GB approx)
[2017.06.09-09.20.37:819][  0]LogMemory: Platform Memory Stats for Windows
[2017.06.09-09.20.37:819][  0]LogMemory: Process Physical Memory: 189.92 MB used, 189.92 MB peak
[2017.06.09-09.20.37:819][  0]LogMemory: Process Virtual Memory: 195.15 MB used, 195.15 MB peak
[2017.06.09-09.20.37:819][  0]LogMemory: Physical Memory: 6158.88 MB used, 8135.61 MB total
[2017.06.09-09.20.37:819][  0]LogMemory: Virtual Memory: 553.18 MB used, 134217728.00 MB total
[2017.06.09-09.20.38:079][  0]LogTextLocalizationManager: No specific translations for ('en-US') exist, so ('en') translations will be used.
[2017.06.09-09.20.38:510][  0]LogD3D11RHI: D3D11 adapters:
[2017.06.09-09.20.39:609][  0]LogD3D11RHI:    0. 'NVIDIA GeForce GTX 660' (Feature Level 11_0)
[2017.06.09-09.20.39:609][  0]LogD3D11RHI:       2016/0/4067 MB DedicatedVideo/DedicatedSystem/SharedSystem, Outputs:2, VendorId:0x10de
[2017.06.09-09.20.39:610][  0]LogD3D11RHI:    1. 'Microsoft Basic Render Driver' (Feature Level 11_0)
[2017.06.09-09.20.39:610][  0]LogD3D11RHI:       0/0/4067 MB DedicatedVideo/DedicatedSystem/SharedSystem, Outputs:0, VendorId:0x1414
[2017.06.09-09.20.39:610][  0]LogD3D11RHI: Chosen D3D11 Adapter: 0
[2017.06.09-09.20.39:615][  0]LogD3D11RHI: Creating new Direct3DDevice
[2017.06.09-09.20.39:615][  0]LogD3D11RHI:     GPU DeviceId: 0x11c0 (for the marketing name, search the web for "GPU Device Id")
[2017.06.09-09.20.39:615][  0]LogWindows: EnumDisplayDevices:
[2017.06.09-09.20.39:615][  0]LogWindows:    0. 'NVIDIA GeForce GTX 660' (P:1 D:1)
[2017.06.09-09.20.39:615][  0]LogWindows:    1. 'NVIDIA GeForce GTX 660' (P:0 D:1)
[2017.06.09-09.20.39:615][  0]LogWindows:    2. 'NVIDIA GeForce GTX 660' (P:0 D:0)
[2017.06.09-09.20.39:616][  0]LogWindows:    3. 'NVIDIA GeForce GTX 660' (P:0 D:0)
[2017.06.09-09.20.39:616][  0]LogWindows: DebugString: FoundDriverCount:4 
[2017.06.09-09.20.39:616][  0]LogD3D11RHI:     Adapter Name: NVIDIA GeForce GTX 660
[2017.06.09-09.20.39:616][  0]LogD3D11RHI:   Driver Version: 382.33 (internal:22.21.13.8233, unified:382.33)
[2017.06.09-09.20.39:616][  0]LogD3D11RHI:      Driver Date: 5-17-2017
[2017.06.09-09.20.39:616][  0]LogRHI: Texture pool is 1361 MB (70% of 1945 MB)
[2017.06.09-09.20.40:089][  0]LogD3D11RHI: Async texture creation enabled
[2017.06.09-09.20.40:222][  0]LogD3D11RHI: GPU Timing Frequency: 1000.000000 (Debug: 2 2)
[2017.06.09-09.20.40:222][  0]LogShaderCompilers: Guid format shader working directory is -12 characters bigger than the processId version (G:/University Work/Masters/MastersProject/MastersProject/Ava/Intermediate/Shaders/WorkingDirectory/12776/).
[2017.06.09-09.20.40:222][  0]LogShaderCompilers: Cleaned the shader compiler working directory 'C:/Users/LLOYDP~1/AppData/Local/Temp/UnrealShaderWorkingDir/8760214445CAD9F442F794B933C91E85/'.
[2017.06.09-09.20.40:222][  0]LogShaderCompilers:Display: Using Local Shader Compiler.
[2017.06.09-09.20.42:133][  0]LogTemp:Display: Loaded TP AllDesktopTargetPlatform
[2017.06.09-09.20.42:143][  0]LogTemp:Display: Loaded TP WindowsClientTargetPlatform
[2017.06.09-09.20.42:153][  0]LogTemp:Display: Loaded TP WindowsNoEditorTargetPlatform
[2017.06.09-09.20.42:163][  0]LogTemp:Display: Loaded TP WindowsServerTargetPlatform
[2017.06.09-09.20.42:175][  0]LogTemp:Display: Loaded TP WindowsTargetPlatform
[2017.06.09-09.20.42:188][  0]LogTemp:Display: Loaded TP AndroidTargetPlatform
[2017.06.09-09.20.42:197][  0]LogTemp:Display: Loaded TP Android_ASTCTargetPlatform
[2017.06.09-09.20.42:206][  0]LogTemp:Display: Loaded TP Android_ATCTargetPlatform
[2017.06.09-09.20.42:215][  0]LogTemp:Display: Loaded TP Android_DXTTargetPlatform
[2017.06.09-09.20.42:225][  0]LogTemp:Display: Loaded TP Android_ETC1TargetPlatform
[2017.06.09-09.20.42:234][  0]LogTemp:Display: Loaded TP Android_ETC2TargetPlatform
[2017.06.09-09.20.42:253][  0]LogTemp:Display: Loaded TP Android_MultiTargetPlatform
[2017.06.09-09.20.42:253][  0]LogTemp:Display: Loaded TP Android_PVRTCTargetPlatform
[2017.06.09-09.20.42:255][  0]LogTemp:Display: Loaded TP HTML5TargetPlatform
[2017.06.09-09.20.42:293][  0]LogTemp:Display: Loaded TP IOSTargetPlatform
[2017.06.09-09.20.42:301][  0]LogTemp:Display: Loaded TP TVOSTargetPlatform
[2017.06.09-09.20.42:309][  0]LogTemp:Display: Loaded TP LinuxNoEditorTargetPlatform
[2017.06.09-09.20.42:318][  0]LogTemp:Display: Loaded TP LinuxServerTargetPlatform
[2017.06.09-09.20.42:330][  0]LogTemp:Display: Loaded TP LinuxTargetPlatform
[2017.06.09-09.20.42:331][  0]LogTargetPlatformManager:Display: Building Assets For Windows
[2017.06.09-09.20.42:527][  0]LogDerivedDataCache:Display: Max Cache Size: 512 MB
[2017.06.09-09.20.42:826][  0]LogDerivedDataCache: Loaded boot cache 0.30s 48MB C:/Users/Lloyd Phillips/AppData/Local/UnrealEngine/4.12/DerivedDataCache/Boot.ddc.
[2017.06.09-09.20.42:827][  0]LogDerivedDataCache:Display: Loaded Boot cache: C:/Users/Lloyd Phillips/AppData/Local/UnrealEngine/4.12/DerivedDataCache/Boot.ddc
[2017.06.09-09.20.42:827][  0]LogDerivedDataCache: FDerivedDataBackendGraph:  Pak pak cache file G:/University Work/Masters/MastersProject/MastersProject/Ava/DerivedDataCache/DDC.ddp not found, will not use a pak cache.
[2017.06.09-09.20.42:827][  0]LogDerivedDataCache: Unable to find inner node Pak for hierarchical cache Hierarchy.
[2017.06.09-09.20.42:827][  0]LogDerivedDataCache: FDerivedDataBackendGraph:  CompressedPak pak cache file G:/University Work/Masters/MastersProject/MastersProject/Ava/DerivedDataCache/Compressed.ddp not found, will not use a pak cache.
[2017.06.09-09.20.42:827][  0]LogDerivedDataCache: Unable to find inner node CompressedPak for hierarchical cache Hierarchy.
[2017.06.09-09.20.42:853][  0]LogDerivedDataCache:Display: Pak cache opened for reading ../../../Engine/DerivedDataCache/Compressed.ddp.
[2017.06.09-09.20.42:865][  0]LogDerivedDataCache: Using Local data cache path C:/Users/Lloyd Phillips/AppData/Local/UnrealEngine/Common/DerivedDataCache: Writable
[2017.06.09-09.20.43:639][  0]LogInit: Selected Device Profile: [Windows]
[2017.06.09-09.20.43:646][  0]LogContentStreaming: Texture pool size is 0.00 MB
[2017.06.09-09.20.44:139][  0]LogMeshUtilities: No automatic mesh reduction module available
[2017.06.09-09.20.44:139][  0]LogMeshUtilities: No automatic mesh merging module available
[2017.06.09-09.20.44:139][  0]LogMeshUtilities: No distributed automatic mesh merging module available
[2017.06.09-09.20.45:054][  0]LogAssetRegistry: FAssetRegistry took 0.0233 seconds to start up
[2017.06.09-09.20.45:186][  0]LogPackageLocalizationCache: Processed 3 localized package path(s) for 2 prioritized culture(s) in 0.126316 seconds
[2017.06.09-09.20.45:193][  0]LogUObjectArray: 28739 objects as part of root set at end of initial load.
[2017.06.09-09.20.45:193][  0]LogUObjectAllocator: 5855624 out of 0 bytes used by permanent object pool.
[2017.06.09-09.20.45:193][  0]LogUObjectArray: CloseDisregardForGC: 0/0 objects in disregard for GC pool
[2017.06.09-09.20.45:203][  0]LogInit: WinSock: version 1.1 (2.2), MaxSocks=32767, MaxUdp=65467
[2017.06.09-09.20.46:102][  0]LogSlate: SlateFontCache - WITH_FREETYPE: 1, WITH_HARFBUZZ: 1
[2017.06.09-09.20.46:103][  0]LogSlate: SlateFontCache - WITH_FREETYPE: 1, WITH_HARFBUZZ: 1
[2017.06.09-09.20.48:607][  0]LogUdpMessaging: Initializing bridge on interface 0.0.0.0:0 to multicast group 230.0.0.1:6666.
[2017.06.09-09.20.49:085][  0]SourceControl: Info Source control is disabled
[2017.06.09-09.20.49:377][  0]SourceControl: Info Source control is disabled
[2017.06.09-09.20.49:402][  0]SourceControl: Info Source control is disabled
[2017.06.09-09.20.49:424][  0]SourceControl: Info Source control is disabled
[2017.06.09-09.20.49:941][  0]LogEngine: Initializing Engine...
[2017.06.09-09.20.49:981][  0]LogHMD: SteamVR failed to initialize.  Err: 110
[2017.06.09-09.20.49:982][  0]LogHMD: SteamVR failed to initialize.  Err: 110
[2017.06.09-09.20.50:264][  0]LogAIModule: Creating AISystem for world NewWorld
[2017.06.09-09.20.50:323][  0]LogInit: XAudio2 using 'BenQ GL2450H-4 (NVIDIA High Definition Audio)' : 2 channels at 48 kHz using 16 bits per sample (channel mask 0x3)
[2017.06.09-09.20.50:398][  0]LogInit: FAudioDevice initialized.
[2017.06.09-09.20.50:465][  0]LogDerivedDataCache: Saved boot cache 0.07s 48MB C:/Users/Lloyd Phillips/AppData/Local/UnrealEngine/4.12/DerivedDataCache/Boot.ddc.
[2017.06.09-09.20.50:566][  0]LogInit: Texture streaming: Enabled
[2017.06.09-09.20.50:900][  0]LogInit: Transaction tracking system initialized
[2017.06.09-09.20.51:326][  0]BlueprintLog: New page: Editor Load
[2017.06.09-09.20.51:793][  0]LocalizationService: Info Localization service is disabled
[2017.06.09-09.20.51:985][  0]LogConsoleResponse:Display: 
[2017.06.09-09.20.52:335][  0]LogCook:Display: Max memory allowance for cook 8192mb
[2017.06.09-09.20.52:335][  0]LogCook:Display: Mobile HDR setting 1
[2017.06.09-09.20.52:635][  0]LogFileCache: Scanning file cache for directory 'G:/University Work/Masters/MastersProject/MastersProject/Ava/Content/' took 0.02s
[2017.06.09-09.20.52:635][  0]SourceControl: Info Source control is disabled
[2017.06.09-09.20.52:639][  0]Cmd: MAP LOAD FILE="G:/University Work/Masters/MastersProject/MastersProject/Ava/Content/StarterContent/Maps/Minimal_Default.umap" TEMPLATE=0 SHOWPROGRESS=1 FEATURELEVEL=3
[2017.06.09-09.20.52:684][  0]LightingResults: New page: Lighting Build
[2017.06.09-09.20.52:714][  0]MapCheck: New page: Map Check
[2017.06.09-09.20.52:714][  0]LightingResults: New page: Lighting Build
[2017.06.09-09.20.53:373][  0]LogTexture:Display: Building textures: LQ_Lightmap_1_2 (DXT1)
[2017.06.09-09.20.53:656][  0]LogAIModule: Creating AISystem for world Minimal_Default
[2017.06.09-09.20.53:897][  0]LogEditorServer: Finished looking for orphan Actors (0.000 secs)
[2017.06.09-09.20.53:908][  0]Cmd: MAP CHECKDEP NOCLEARLOG
[2017.06.09-09.20.53:985][  0]MapCheck: Info Map check complete: 0 Error(s), 0 Warning(s), took 76.655ms to complete.
[2017.06.09-09.20.53:985][  0]LogFileHelpers: Loading map 'Minimal_Default' took 1.348
[2017.06.09-09.20.54:446][  0]LogCollectionManager: Loaded 0 collections in 0.002362 seconds
[2017.06.09-09.20.54:541][  0]LogFileCache: Scanning file cache for directory 'G:/University Work/Masters/MastersProject/MastersProject/Ava/Saved/Collections/' took 0.01s
[2017.06.09-09.20.54:541][  0]LogFileCache: Scanning file cache for directory 'G:/University Work/Masters/MastersProject/MastersProject/Ava/Content/Developers/LloydPhillips/Collections/' took 0.01s
[2017.06.09-09.20.54:541][  0]LogFileCache: Scanning file cache for directory 'G:/University Work/Masters/MastersProject/MastersProject/Ava/Content/Collections/' took 0.01s
[2017.06.09-09.20.54:541][  0]LogCollectionManager: Rebuilt the GUID cache for 0 collections in 0.000004 seconds
[2017.06.09-09.20.54:588][  0]LogContentBrowser: Native class hierarchy populated in 0.0159 seconds. Added 2049 classes and 371 folders.
[2017.06.09-09.20.54:612][  0]LogStats: UGameplayTagsManager::ConstructGameplayTagTree: Construct from data asset -  0.000 s
[2017.06.09-09.20.54:613][  0]LogStats: UGameplayTagsManager::ConstructGameplayTagTree: GameplayTagTreeChangedEvent.Broadcast -  0.000 s
[2017.06.09-09.20.54:615][  0]LogContentBrowser: Native class hierarchy updated for 'GameplayTags' in 0.0013 seconds. Added 12 classes and 0 folders.
[2017.06.09-09.20.54:635][  0]LogContentBrowser: Native class hierarchy updated for 'WidgetCarousel' in 0.0012 seconds. Added 0 classes and 0 folders.
[2017.06.09-09.20.55:012][  0]LogContentBrowser: Native class hierarchy updated for 'AddContentDialog' in 0.0012 seconds. Added 0 classes and 0 folders.
[2017.06.09-09.20.55:033][  0]LogContentBrowser: Native class hierarchy updated for 'SceneOutliner' in 0.0013 seconds. Added 1 classes and 2 folders.
[2017.06.09-09.20.55:318][  0]LogCrashTracker: Crashtracker disabled due to settings.
[2017.06.09-09.20.55:364][  0]LogUObjectGlobals:Warning: Failed to find object 'Class None.'
[2017.06.09-09.20.55:410][  0]LogContentBrowser: Native class hierarchy updated for 'HierarchicalLODOutliner' in 0.0012 seconds. Added 1 classes and 2 folders.
[2017.06.09-09.20.55:411][  0]LogLoad: Full Startup: 18.92 seconds (BP compile: 0.13 seconds)
[2017.06.09-09.20.55:411][  0]LogExternalProfiler: Found external profiler: VSPerf
[2017.06.09-09.20.55:411][  0]LogExternalProfiler: Using external profiler: VSPerf
[2017.06.09-09.20.55:427][  0]LogOcInput: OculusInput pre-init called
[2017.06.09-09.20.55:484][  0]LogContentStreaming: Texture pool size now 400 MB
[2017.06.09-09.20.55:768][  1]LogRenderer: Reallocating scene render targets to support 748x404 (Frame:2).
[2017.06.09-09.21.00:164][261]LogAssetRegistry: Asset discovery search completed in 15.1317 seconds
[2017.06.09-09.21.00:164][261]LogCollectionManager: Rebuilt the object cache for 0 collections in 0.000001 seconds (found 0 objects)
[2017.06.09-09.21.00:165][261]LogCollectionManager: Fixed up redirectors for 0 collections in 0.000350 seconds (updated 0 objects)
[2017.06.09-09.21.05:563][393]LogRenderer: Reallocating scene render targets to support 1120x660 (Frame:380).
[2017.06.09-09.21.09:201][812]LogBlueprintUserMessages: Early PlayInEditor Detection: Level '/Game/StarterContent/Maps/Minimal_Default.Minimal_Default:PersistentLevel' has LevelScriptBlueprint '/Game/StarterContent/Maps/Minimal_Default.Minimal_Default:PersistentLevel.Minimal_Default' with GeneratedClass '/Game/StarterContent/Maps/Minimal_Default.Minimal_Default_C' with ClassGeneratedBy '/Game/StarterContent/Maps/Minimal_Default.Minimal_Default:PersistentLevel.Minimal_Default'
[2017.06.09-09.21.09:201][812]LogPlayLevel: PlayLevel: No blueprints needed recompiling
[2017.06.09-09.21.09:220][812]PIE: New page: PIE session: Minimal_Default (Jun 9, 2017, 10:21:09 AM)
[2017.06.09-09.21.09:220][812]LogPlayLevel: Creating play world package: /Game/StarterContent/Maps/UEDPIE_0_Minimal_Default
[2017.06.09-09.21.09:230][812]LogPlayLevel: PIE: StaticDuplicateObject took: (0.010241s)
[2017.06.09-09.21.09:231][812]LogAIModule: Creating AISystem for world Minimal_Default
[2017.06.09-09.21.09:231][812]LogPlayLevel: PIE: World Init took: (0.000819s)
[2017.06.09-09.21.09:232][812]LogPlayLevel: PIE: Created PIE world by copying editor world from /Game/StarterContent/Maps/Minimal_Default.Minimal_Default to /Game/StarterContent/Maps/UEDPIE_0_Minimal_Default.Minimal_Default (0.012393s)
[2017.06.09-09.21.09:259][812]LogInit: XAudio2 using 'BenQ GL2450H-4 (NVIDIA High Definition Audio)' : 2 channels at 48 kHz using 16 bits per sample (channel mask 0x3)
[2017.06.09-09.21.09:277][812]LogInit: FAudioDevice initialized.
[2017.06.09-09.21.09:359][812]LogWorld: Game class is 'AvaGameMode'
[2017.06.09-09.21.09:371][812]LogWorld: Bringing World /Game/StarterContent/Maps/UEDPIE_0_Minimal_Default.Minimal_Default up for play (max tick rate 0) at 2017.06.09-10.21.09
[2017.06.09-09.21.09:374][812]LogWorld: Bringing up level for play took: 0.005382
[2017.06.09-09.21.09:395][812]LogContentBrowser: Native class hierarchy updated for 'MovieSceneCapture' in 0.0016 seconds. Added 11 classes and 0 folders.
[2017.06.09-09.21.09:403][812]PIE: Info Play in editor start time for /Game/StarterContent/Maps/UEDPIE_0_Minimal_Default -0.514
[2017.06.09-09.21.09:403][812]LogBlueprintUserMessages: Late PlayInEditor Detection: Level '/Game/StarterContent/Maps/Minimal_Default.Minimal_Default:PersistentLevel' has LevelScriptBlueprint '/Game/StarterContent/Maps/Minimal_Default.Minimal_Default:PersistentLevel.Minimal_Default' with GeneratedClass '/Game/StarterContent/Maps/Minimal_Default.Minimal_Default_C' with ClassGeneratedBy '/Game/StarterContent/Maps/Minimal_Default.Minimal_Default:PersistentLevel.Minimal_Default'
[2017.06.09-09.21.14:629][344]LogBlueprintUserMessages: Early EndPlayMap Detection: Level '/Game/StarterContent/Maps/Minimal_Default.Minimal_Default:PersistentLevel' has LevelScriptBlueprint '/Game/StarterContent/Maps/Minimal_Default.Minimal_Default:PersistentLevel.Minimal_Default' with GeneratedClass '/Game/StarterContent/Maps/Minimal_Default.Minimal_Default_C' with ClassGeneratedBy '/Game/StarterContent/Maps/Minimal_Default.Minimal_Default:PersistentLevel.Minimal_Default'
[2017.06.09-09.21.14:672][344]LogBlueprintUserMessages: Late EndPlayMap Detection: Level '/Game/StarterContent/Maps/Minimal_Default.Minimal_Default:PersistentLevel' has LevelScriptBlueprint '/Game/StarterContent/Maps/Minimal_Default.Minimal_Default:PersistentLevel.Minimal_Default' with GeneratedClass '/Game/StarterContent/Maps/Minimal_Default.Minimal_Default_C' with ClassGeneratedBy '/Game/StarterContent/Maps/Minimal_Default.Minimal_Default:PersistentLevel.Minimal_Default'
[2017.06.09-09.21.19:270][707]LogVSAccessor:Warning: Couldn't goto line number '0' in 'G:/University Work/Masters/MastersProject/MastersProject/Ava/Source/Ava/AMainCharacter.h'
[2017.06.09-09.21.19:407][707]LogVSAccessor:Warning: Couldn't goto line number '0' in 'G:/University Work/Masters/MastersProject/MastersProject/Ava/Source/Ava/AMainCharacter.cpp'
[2017.06.09-09.48.16:477][ 50]LogVSAccessor:Warning: Couldn't goto line number '0' in 'G:/University Work/Masters/MastersProject/MastersProject/Ava/Source/Ava/AMainCharacter.h'
[2017.06.09-09.48.18:979][ 50]LogVSAccessor:Warning: Couldn't goto line number '0' in 'G:/University Work/Masters/MastersProject/MastersProject/Ava/Source/Ava/AMainCharacter.cpp'
[2017.06.09-09.52.29:527][361]LogWindowsTextInputMethodSystem:Display: IME system now deactivated.
[2017.06.09-09.52.31:367][362]Cmd: QUIT_EDITOR
[2017.06.09-09.52.32:827][362]LogExit: Preparing to exit.
[2017.06.09-09.52.37:998][362]LogExit: Editor shut down
[2017.06.09-09.52.38:025][362]LogExit: Transaction tracking system shut down
[2017.06.09-09.52.40:624][362]LogObj: Freed 0b from 0 cluster array pools.
[2017.06.09-09.52.40:624][362]LogExit: Object subsystem successfully closed.
[2017.06.09-09.52.40:883][362]LogD3D11RHI: Shutdown
[2017.06.09-09.52.40:888][362]LogD3D11RHI: CleanupD3DDevice
[2017.06.09-09.52.42:754][362]LogD3D11RHI: ~FD3D11DynamicRHI
[2017.06.09-09.52.43:126][362]LogModuleManager: Shutting down and abandoning module MovieSceneCapture (215)
[2017.06.09-09.52.43:126][362]LogModuleManager: Shutting down and abandoning module HierarchicalLODOutliner (214)
[2017.06.09-09.52.43:126][362]LogModuleManager: Shutting down and abandoning module CrashTracker (213)
[2017.06.09-09.52.43:127][362]LogModuleManager: Shutting down and abandoning module SceneOutliner (212)
[2017.06.09-09.52.43:127][362]LogModuleManager: Shutting down and abandoning module WidgetCarousel (211)
[2017.06.09-09.52.43:127][362]LogModuleManager: Shutting down and abandoning module AddContentDialog (210)
[2017.06.09-09.52.43:489][362]LogModuleManager: Shutting down and abandoning module GameplayTags (209)
[2017.06.09-09.52.43:509][362]LogModuleManager: Shutting down and abandoning module EditorWidgets (208)
[2017.06.09-09.52.43:509][362]LogModuleManager: Shutting down and abandoning module CollectionManager (207)
[2017.06.09-09.52.43:511][362]LogModuleManager: Shutting down and abandoning module StatsViewer (206)
[2017.06.09-09.52.43:513][362]LogModuleManager: Shutting down and abandoning module FoliageEdit (205)
[2017.06.09-09.52.43:513][362]LogModuleManager: Shutting down and abandoning module LandscapeEditor (204)
[2017.06.09-09.52.43:515][362]LogModuleManager: Shutting down and abandoning module SceneDepthPickerMode (203)
[2017.06.09-09.52.43:515][362]LogModuleManager: Shutting down and abandoning module ActorPickerMode (202)
[2017.06.09-09.52.43:515][362]LogModuleManager: Shutting down and abandoning module GeometryMode (201)
[2017.06.09-09.52.43:515][362]LogModuleManager: Shutting down and abandoning module TextureAlignMode (200)
[2017.06.09-09.52.43:515][362]LogModuleManager: Shutting down and abandoning module BspMode (199)
[2017.06.09-09.52.43:517][362]LogModuleManager: Shutting down and abandoning module HardwareSurvey (198)
[2017.06.09-09.52.43:518][362]LogModuleManager: Shutting down and abandoning module SequenceRecorderSections (197)
[2017.06.09-09.52.43:518][362]LogModuleManager: Shutting down and abandoning module SequenceRecorder (196)
[2017.06.09-09.52.43:519][362]LogModuleManager: Shutting down and abandoning module AutomationWorker (195)
[2017.06.09-09.52.43:519][362]LogModuleManager: Shutting down and abandoning module MatineeToLevelSequence (194)
[2017.06.09-09.52.43:520][362]LogModuleManager: Shutting down and abandoning module PlacementMode (193)
[2017.06.09-09.52.43:522][362]LogModuleManager: Shutting down and abandoning module LevelSequenceEditor (192)
[2017.06.09-09.52.43:526][362]LogModuleManager: Shutting down and abandoning module CharacterAI (191)
[2017.06.09-09.52.43:526][362]LogModuleManager: Shutting down and abandoning module SmartSnapping (190)
[2017.06.09-09.52.43:526][362]LogModuleManager: Shutting down and abandoning module SessionServices (189)
[2017.06.09-09.52.43:526][362]LogModuleManager: Shutting down and abandoning module ViewportSnapping (188)
[2017.06.09-09.52.43:526][362]LogModuleManager: Shutting down and abandoning module LogVisualizer (187)
[2017.06.09-09.52.43:528][362]LogModuleManager: Shutting down and abandoning module GameProjectGeneration (186)
[2017.06.09-09.52.43:531][362]LogModuleManager: Shutting down and abandoning module IntroTutorials (185)
[2017.06.09-09.52.43:531][362]LogModuleManager: Shutting down and abandoning module EditorLiveStreaming (184)
[2017.06.09-09.52.43:531][362]LogModuleManager: Shutting down and abandoning module IOSPlatformEditor (183)
[2017.06.09-09.52.43:532][362]LogModuleManager: Shutting down and abandoning module HTML5PlatformEditor (182)
[2017.06.09-09.52.43:532][362]LogModuleManager: Shutting down and abandoning module AndroidDeviceDetection (181)
[2017.06.09-09.52.43:566][362]LogModuleManager: Shutting down and abandoning module AndroidPlatformEditor (180)
[2017.06.09-09.52.43:566][362]LogModuleManager: Shutting down and abandoning module IOSRuntimeSettings (179)
[2017.06.09-09.52.43:566][362]LogModuleManager: Shutting down and abandoning module AndroidRuntimeSettings (178)
[2017.06.09-09.52.43:567][362]LogModuleManager: Shutting down and abandoning module MergeActors (177)
[2017.06.09-09.52.43:567][362]LogModuleManager: Shutting down and abandoning module SizeMap (176)
[2017.06.09-09.52.43:567][362]LogModuleManager: Shutting down and abandoning module TreeMap (175)
[2017.06.09-09.52.43:569][362]LogModuleManager: Shutting down and abandoning module ReferenceViewer (174)
[2017.06.09-09.52.43:569][362]LogModuleManager: Shutting down and abandoning module LocalizationService (173)
[2017.06.09-09.52.43:570][362]LogModuleManager: Shutting down and abandoning module LocalizationDashboard (172)
[2017.06.09-09.52.43:571][362]LogModuleManager: Shutting down and abandoning module HardwareTargeting (171)
[2017.06.09-09.52.43:571][362]LogModuleManager: Shutting down and abandoning module DeviceProfileEditor (170)
[2017.06.09-09.52.43:572][362]LogModuleManager: Shutting down and abandoning module UndoHistory (169)
[2017.06.09-09.52.43:572][362]LogModuleManager: Shutting down and abandoning module UserFeedback (168)
[2017.06.09-09.52.43:572][362]LogModuleManager: Shutting down and abandoning module XmlParser (167)
[2017.06.09-09.52.43:573][362]LogModuleManager: Shutting down and abandoning module Blutility (166)
[2017.06.09-09.52.43:574][362]LogModuleManager: Shutting down and abandoning module ProjectTargetPlatformEditor (165)
[2017.06.09-09.52.43:574][362]LogModuleManager: Shutting down and abandoning module ProjectSettingsViewer (164)
[2017.06.09-09.52.43:575][362]LogModuleManager: Shutting down and abandoning module InputBindingEditor (163)
[2017.06.09-09.52.43:576][362]LogModuleManager: Shutting down and abandoning module EditorSettingsViewer (162)
[2017.06.09-09.52.43:577][362]LogModuleManager: Shutting down and abandoning module SettingsEditor (161)
[2017.06.09-09.52.43:580][362]LogModuleManager: Shutting down and abandoning module ProjectLauncher (160)
[2017.06.09-09.52.43:581][362]LogModuleManager: Shutting down and abandoning module SessionFrontend (159)
[2017.06.09-09.52.43:582][362]LogModuleManager: Shutting down and abandoning module ProfilerClient (158)
[2017.06.09-09.52.43:583][362]LogModuleManager: Shutting down and abandoning module TargetDeviceServices (157)
[2017.06.09-09.52.43:583][362]LogModuleManager: Shutting down and abandoning module DeviceManager (156)
[2017.06.09-09.52.43:658][362]LogModuleManager: Shutting down and abandoning module AutomationController (155)
[2017.06.09-09.52.43:659][362]LogModuleManager: Shutting down and abandoning module AutomationWindow (154)
[2017.06.09-09.52.43:661][362]LogModuleManager: Shutting down and abandoning module Layers (153)
[2017.06.09-09.52.43:664][362]LogModuleManager: Shutting down and abandoning module ComponentVisualizers (152)
[2017.06.09-09.52.43:664][362]LogModuleManager: Shutting down and abandoning module DetailCustomizations (151)
[2017.06.09-09.52.43:665][362]LogModuleManager: Shutting down and abandoning module PackagesDialog (150)
[2017.06.09-09.52.43:666][362]LogModuleManager: Shutting down and abandoning module Persona (149)
[2017.06.09-09.52.43:682][362]LogModuleManager: Shutting down and abandoning module Kismet (148)
[2017.06.09-09.52.43:682][362]LogModuleManager: Shutting down and abandoning module GraphEditor (147)
[2017.06.09-09.52.43:696][362]LogModuleManager: Shutting down and abandoning module ClassViewer (146)
[2017.06.09-09.52.43:697][362]LogModuleManager: Shutting down and abandoning module Toolbox (145)
[2017.06.09-09.52.43:697][362]LogModuleManager: Shutting down and abandoning module ModuleUI (144)
[2017.06.09-09.52.43:698][362]LogModuleManager: Shutting down and abandoning module MovieSceneTools (143)
[2017.06.09-09.52.43:700][362]LogModuleManager: Shutting down and abandoning module OutputLog (142)
[2017.06.09-09.52.43:700][362]LogModuleManager: Shutting down and abandoning module GammaUI (141)
[2017.06.09-09.52.43:701][362]LogModuleManager: Shutting down and abandoning module Documentation (140)
[2017.06.09-09.52.43:701][362]LogModuleManager: Shutting down and abandoning module StreamingPauseRendering (139)
[2017.06.09-09.52.43:701][362]LogModuleManager: Shutting down and abandoning module AnalyticsET (138)
[2017.06.09-09.52.43:701][362]LogModuleManager: Shutting down and abandoning module Analytics (137)
[2017.06.09-09.52.43:701][362]LogModuleManager: Shutting down and abandoning module PortalServices (136)
[2017.06.09-09.52.43:701][362]LogModuleManager: Shutting down and abandoning module PortalRpc (135)
[2017.06.09-09.52.43:701][362]LogModuleManager: Shutting down and abandoning module MessagingRpc (134)
[2017.06.09-09.52.43:701][362]LogModuleManager: Shutting down and abandoning module GameplayDebugger (133)
[2017.06.09-09.52.43:702][362]LogModuleManager: Shutting down and abandoning module AITestSuite (132)
[2017.06.09-09.52.43:702][362]LogModuleManager: Shutting down and abandoning module AIModule (131)
[2017.06.09-09.52.43:702][362]LogModuleManager: Shutting down and abandoning module ProfilerService (130)
[2017.06.09-09.52.43:748][362]LogModuleManager: Shutting down and abandoning module TaskGraph (129)
[2017.06.09-09.52.43:750][362]LogModuleManager: Shutting down and abandoning module SlateRemote (128)
[2017.06.09-09.52.43:750][362]LogModuleManager: Shutting down and abandoning module SteamVRController (127)
[2017.06.09-09.52.43:750][362]LogModuleManager: Shutting down and abandoning module SteamVR (126)
[2017.06.09-09.52.43:750][362]LogModuleManager: Shutting down and abandoning module ProceduralMeshComponent (125)
[2017.06.09-09.52.43:750][362]LogModuleManager: Shutting down and abandoning module OculusLibrary (124)
[2017.06.09-09.52.43:750][362]LogModuleManager: Shutting down and abandoning module OculusInput (123)
[2017.06.09-09.52.43:750][362]LogModuleManager: Shutting down and abandoning module CustomMeshComponent (122)
[2017.06.09-09.52.43:750][362]LogModuleManager: Shutting down and abandoning module CableComponent (121)
[2017.06.09-09.52.43:750][362]LogModuleManager: Shutting down and abandoning module ArchVisCharacter (120)
[2017.06.09-09.52.43:750][362]LogModuleManager: Shutting down and abandoning module MediaPlayerEditor (119)
[2017.06.09-09.52.43:753][362]LogModuleManager: Shutting down and abandoning module HTML5Networking (118)
[2017.06.09-09.52.43:753][362]LogModuleManager: Shutting down and abandoning module SuperSearch (117)
[2017.06.09-09.52.43:753][362]LogModuleManager: Shutting down and abandoning module SuperSearchEditor (116)
[2017.06.09-09.52.43:753][362]LogModuleManager: Shutting down and abandoning module SpeedTreeImporter (115)
[2017.06.09-09.52.43:753][362]LogModuleManager: Shutting down and abandoning module PluginBrowser (114)
[2017.06.09-09.52.43:754][362]LogModuleManager: Shutting down and abandoning module EpicSurvey (113)
[2017.06.09-09.52.43:754][362]LogModuleManager: Shutting down and abandoning module DesktopPlatform (112)
[2017.06.09-09.52.43:756][362]LogModuleManager: Shutting down and abandoning module VisualStudioSourceCodeAccess (111)
[2017.06.09-09.52.43:756][362]LogModuleManager: Shutting down and abandoning module UObjectPlugin (110)
[2017.06.09-09.52.43:756][362]LogModuleManager: Shutting down and abandoning module SubversionSourceControl (109)
[2017.06.09-09.52.43:758][362]LogModuleManager: Shutting down and abandoning module PerforceSourceControl (108)
[2017.06.09-09.52.43:760][362]LogModuleManager: Shutting down and abandoning module SourceControl (107)
[2017.06.09-09.52.43:761][362]LogModuleManager: Shutting down and abandoning module GitSourceControl (106)
[2017.06.09-09.52.43:762][362]LogModuleManager: Shutting down and abandoning module LightPropagationVolumeEditor (105)
[2017.06.09-09.52.43:762][362]LogModuleManager: Shutting down and abandoning module PaperTiledImporter (104)
[2017.06.09-09.52.43:763][362]LogModuleManager: Shutting down and abandoning module PaperSpriteSheetImporter (103)
[2017.06.09-09.52.43:763][362]LogModuleManager: Shutting down and abandoning module MeshPaint (102)
[2017.06.09-09.52.43:763][362]LogModuleManager: Shutting down and abandoning module PixelInspectorModule (101)
[2017.06.09-09.52.43:765][362]LogModuleManager: Shutting down and abandoning module HotReload (100)
[2017.06.09-09.52.43:766][362]LogModuleManager: Shutting down and abandoning module MainFrame (99)
[2017.06.09-09.52.43:767][362]LogModuleManager: Shutting down and abandoning module LevelEditor (98)
[2017.06.09-09.52.43:782][362]LogModuleManager: Shutting down and abandoning module ContentBrowser (97)
[2017.06.09-09.52.43:808][362]LogModuleManager: Shutting down and abandoning module Paper2DEditor (96)
[2017.06.09-09.52.43:810][362]LogModuleManager: Shutting down and abandoning module Ava (95)
[2017.06.09-09.52.43:810][362]LogModuleManager: Shutting down and abandoning module UdpMessaging (94)
[2017.06.09-09.52.43:911][362]LogModuleManager: Shutting down and abandoning module LightPropagationVolumeRuntime (93)
[2017.06.09-09.52.43:911][362]LogModuleManager: Shutting down and abandoning module Paper2D (92)
[2017.06.09-09.52.43:913][362]LogModuleManager: Shutting down and abandoning module WindowsMoviePlayer (91)
[2017.06.09-09.52.43:924][362]LogModuleManager: Shutting down and abandoning module Media (90)
[2017.06.09-09.52.43:924][362]LogModuleManager: Shutting down and abandoning module WmfMedia (89)
[2017.06.09-09.52.43:941][362]LogModuleManager: Shutting down and abandoning module MediaAssets (88)
[2017.06.09-09.52.43:941][362]LogModuleManager: Shutting down and abandoning module GameLiveStreaming (87)
[2017.06.09-09.52.43:941][362]LogModuleManager: Shutting down and abandoning module GameplayTagsEditor (86)
[2017.06.09-09.52.43:941][362]LogModuleManager: Shutting down and abandoning module OnlineBlueprintSupport (85)
[2017.06.09-09.52.43:941][362]LogModuleManager: Shutting down and abandoning module VREditor (84)
[2017.06.09-09.52.43:942][362]LogModuleManager: Shutting down and abandoning module GameplayTasksEditor (83)
[2017.06.09-09.52.43:942][362]LogModuleManager: Shutting down and abandoning module PropertyEditor (82)
[2017.06.09-09.52.43:942][362]LogModuleManager: Shutting down and abandoning module BehaviorTreeEditor (81)
[2017.06.09-09.52.43:944][362]LogModuleManager: Shutting down and abandoning module FunctionalTesting (80)
[2017.06.09-09.52.43:945][362]LogModuleManager: Shutting down and abandoning module CollisionAnalyzer (79)
[2017.06.09-09.52.43:946][362]LogModuleManager: Shutting down and abandoning module Sequencer (78)
[2017.06.09-09.52.43:948][362]LogModuleManager: Shutting down and abandoning module WorkspaceMenuStructure (77)
[2017.06.09-09.52.43:948][362]LogModuleManager: Shutting down and abandoning module MessageLog (76)
[2017.06.09-09.52.43:948][362]LogModuleManager: Shutting down and abandoning module AssetTools (75)
[2017.06.09-09.52.43:952][362]LogModuleManager: Shutting down and abandoning module UMGEditor (74)
[2017.06.09-09.52.43:957][362]LogModuleManager: Shutting down and abandoning module UMG (73)
[2017.06.09-09.52.43:987][362]LogModuleManager: Shutting down and abandoning module SlateReflector (72)
[2017.06.09-09.52.43:990][362]LogModuleManager: Shutting down and abandoning module Slate (71)
[2017.06.09-09.52.43:990][362]LogModuleManager: Shutting down and abandoning module EditorStyle (70)
[2017.06.09-09.52.44:018][362]LogModuleManager: Shutting down and abandoning module SourceCodeAccess (69)
[2017.06.09-09.52.44:018][362]LogModuleManager: Shutting down and abandoning module HeadMountedDisplay (68)
[2017.06.09-09.52.44:018][362]LogModuleManager: Shutting down and abandoning module XAudio2 (67)
[2017.06.09-09.52.44:018][362]LogModuleManager: Shutting down and abandoning module Networking (65)
[2017.06.09-09.52.44:018][362]LogModuleManager: Shutting down and abandoning module Core (64)
[2017.06.09-09.52.44:018][362]LogModuleManager: Shutting down and abandoning module DirectoryWatcher (63)
[2017.06.09-09.52.44:029][362]LogModuleManager: Shutting down and abandoning module AssetRegistry (62)
[2017.06.09-09.52.45:241][362]LogModuleManager: Shutting down and abandoning module KismetCompiler (61)
[2017.06.09-09.52.45:241][362]LogModuleManager: Shutting down and abandoning module PhysXFormats (60)
[2017.06.09-09.52.45:241][362]LogModuleManager: Shutting down and abandoning module MeshUtilities (59)
[2017.06.09-09.52.45:242][362]LogModuleManager: Shutting down and abandoning module DerivedDataCache (58)
[2017.06.09-09.52.45:321][362]LogDerivedDataCache: Shutdown
[2017.06.09-09.52.45:322][362]LogModuleManager: Shutting down and abandoning module VulkanShaderFormat (57)
[2017.06.09-09.52.45:322][362]LogModuleManager: Shutting down and abandoning module ShaderFormatOpenGL (56)
[2017.06.09-09.52.45:323][362]LogModuleManager: Shutting down and abandoning module ShaderFormatD3D (55)
[2017.06.09-09.52.45:326][362]LogModuleManager: Shutting down and abandoning module MetalShaderFormat (54)
[2017.06.09-09.52.45:326][362]LogModuleManager: Shutting down and abandoning module TextureFormatUncompressed (53)
[2017.06.09-09.52.45:326][362]LogModuleManager: Shutting down and abandoning module TextureFormatPVR (52)
[2017.06.09-09.52.45:327][362]LogModuleManager: Shutting down and abandoning module TextureFormatIntelISPCTexComp (51)
[2017.06.09-09.52.45:327][362]LogModuleManager: Shutting down and abandoning module TextureFormatDXT (50)
[2017.06.09-09.52.45:327][362]LogModuleManager: Shutting down and abandoning module ImageWrapper (49)
[2017.06.09-09.52.45:327][362]LogModuleManager: Shutting down and abandoning module TextureFormatASTC (48)
[2017.06.09-09.52.45:327][362]LogModuleManager: Shutting down and abandoning module TextureFormatAndroid (47)
[2017.06.09-09.52.45:327][362]LogModuleManager: Shutting down and abandoning module AudioFormatOpus (46)
[2017.06.09-09.52.45:328][362]LogModuleManager: Shutting down and abandoning module AudioFormatOgg (45)
[2017.06.09-09.52.45:328][362]LogModuleManager: Shutting down and abandoning module AudioFormatADPCM (44)
[2017.06.09-09.52.45:329][362]LogModuleManager: Shutting down and abandoning module LinuxTargetPlatform (43)
[2017.06.09-09.52.45:329][362]LogModuleManager: Shutting down and abandoning module LinuxServerTargetPlatform (42)
[2017.06.09-09.52.45:329][362]LogModuleManager: Shutting down and abandoning module LinuxNoEditorTargetPlatform (41)
[2017.06.09-09.52.45:329][362]LogModuleManager: Shutting down and abandoning module TVOSTargetPlatform (40)
[2017.06.09-09.52.45:329][362]LogModuleManager: Shutting down and abandoning module Messaging (39)
[2017.06.09-09.52.45:329][362]LogModuleManager: Shutting down and abandoning module IOSTargetPlatform (38)
[2017.06.09-09.52.45:331][362]LogModuleManager: Shutting down and abandoning module HTML5TargetPlatform (37)
[2017.06.09-09.52.45:331][362]LogModuleManager: Shutting down and abandoning module Android_PVRTCTargetPlatform (36)
[2017.06.09-09.52.45:331][362]LogModuleManager: Shutting down and abandoning module Android_MultiTargetPlatform (35)
[2017.06.09-09.52.45:332][362]LogModuleManager: Shutting down and abandoning module Android_ETC2TargetPlatform (34)
[2017.06.09-09.52.45:332][362]LogModuleManager: Shutting down and abandoning module Android_ETC1TargetPlatform (33)
[2017.06.09-09.52.45:332][362]LogModuleManager: Shutting down and abandoning module Android_DXTTargetPlatform (32)
[2017.06.09-09.52.45:332][362]LogModuleManager: Shutting down and abandoning module Android_ATCTargetPlatform (31)
[2017.06.09-09.52.45:332][362]LogModuleManager: Shutting down and abandoning module Android_ASTCTargetPlatform (30)
[2017.06.09-09.52.45:332][362]LogModuleManager: Shutting down and abandoning module AndroidTargetPlatform (29)
[2017.06.09-09.52.45:332][362]LogModuleManager: Shutting down and abandoning module WindowsTargetPlatform (28)
[2017.06.09-09.52.45:332][362]LogModuleManager: Shutting down and abandoning module WindowsServerTargetPlatform (27)
[2017.06.09-09.52.45:332][362]LogModuleManager: Shutting down and abandoning module WindowsNoEditorTargetPlatform (26)
[2017.06.09-09.52.45:333][362]LogModuleManager: Shutting down and abandoning module WindowsClientTargetPlatform (25)
[2017.06.09-09.52.45:333][362]LogModuleManager: Shutting down and abandoning module AllDesktopTargetPlatform (24)
[2017.06.09-09.52.45:333][362]LogModuleManager: Shutting down and abandoning module TargetPlatform (23)
[2017.06.09-09.52.45:341][362]LogModuleManager: Shutting down and abandoning module InputCore (22)
[2017.06.09-09.52.45:341][362]LogModuleManager: Shutting down and abandoning module Settings (21)
[2017.06.09-09.52.45:341][362]LogModuleManager: Shutting down and abandoning module OnlineSubsystem (19)
[2017.06.09-09.52.45:341][362]LogModuleManager: Shutting down and abandoning module HTTP (18)
[2017.06.09-09.52.46:846][362]LogModuleManager: Shutting down and abandoning module XMPP (17)
[2017.06.09-09.52.46:849][362]LogModuleManager: Shutting down and abandoning module OculusRift (16)
[2017.06.09-09.52.46:850][362]LogModuleManager: Shutting down and abandoning module ExampleDeviceProfileSelector (15)
[2017.06.09-09.52.46:850][362]LogModuleManager: Shutting down and abandoning module TextureCompressor (14)
[2017.06.09-09.52.46:851][362]LogModuleManager: Shutting down and abandoning module ShaderCore (13)
[2017.06.09-09.52.46:851][362]LogModuleManager: Shutting down and abandoning module Landscape (12)
[2017.06.09-09.52.46:851][362]LogModuleManager: Shutting down and abandoning module SlateRHIRenderer (11)
[2017.06.09-09.52.46:983][362]LogModuleManager: Shutting down and abandoning module OpenGLDrv (10)
[2017.06.09-09.52.46:987][362]LogModuleManager: Shutting down and abandoning module D3D11RHI (9)
[2017.06.09-09.52.46:987][362]LogModuleManager: Shutting down and abandoning module AnimGraphRuntime (8)
[2017.06.09-09.52.46:987][362]LogModuleManager: Shutting down and abandoning module Renderer (7)
[2017.06.09-09.52.46:987][362]LogModuleManager: Shutting down and abandoning module Engine (6)
[2017.06.09-09.52.46:987][362]LogModuleManager: Shutting down and abandoning module CoreUObject (5)
[2017.06.09-09.52.46:987][362]LogModuleManager: Shutting down and abandoning module NetworkFile (4)
[2017.06.09-09.52.46:987][362]LogModuleManager: Shutting down and abandoning module StreamingFile (3)
[2017.06.09-09.52.46:988][362]LogModuleManager: Shutting down and abandoning module SandboxFile (2)
[2017.06.09-09.52.46:988][362]LogModuleManager: Shutting down and abandoning module PakFile (1)
[2017.06.09-09.52.46:994][362]LogExit: Exiting.
[2017.06.09-09.52.47:171][362]Log file closed, 06/09/17 10:52:47
