Log file open, 06/21/17 09:22:06
LogInit:Display: Running engine for game: Ava
LogPlatformFile: Not using cached read wrapper
LogInit:Display: RandInit(2118860771) SRandInit(2118860774).
LogTaskGraph: Started task graph with 4 named threads and 9 total threads with 1 sets of task threads.
LogStats: Stats thread started at 0.109322
LogInit: Version: 4.12.5-3039270+++UE4+Release-4.12
LogInit: API Version: 2992821
LogInit: Net Version: 3039270
LogDevObjectVersion: Number of dev versions registered: 13
LogDevObjectVersion:   Dev-Blueprints (B0D832E4-1F89-4F0D-ACCF-7EB736FD4AA2): 3
LogDevObjectVersion:   Dev-Build (E1C64328-A22C-4D53-A36C-8E866417BD8C): 0
LogDevObjectVersion:   Dev-Core (375EC13C-06E4-48FB-B500-84F0262A717E): 1
LogDevObjectVersion:   Dev-Editor (E4B068ED-F494-42E9-A231-DA0B2E46BB41): 2
LogDevObjectVersion:   Dev-Framework (CFFC743F-43B0-4480-9391-14DF171D2073): 6
LogDevObjectVersion:   Dev-Mobile (B02B49B5-BB20-44E9-A304-32B752E40360): 0
LogDevObjectVersion:   Dev-Networking (A4E4105C-59A1-49B5-A7C5-40C4547EDFEE): 0
LogDevObjectVersion:   Dev-Online (39C831C9-5AE6-47DC-9A44-9C173E1C8E7C): 0
LogDevObjectVersion:   Dev-Physics (78F01B33-EBEA-4F98-B9B4-84EACCB95AA2): 0
LogDevObjectVersion:   Dev-Platform (6631380F-2D4D-43E0-8009-CF276956A95A): 0
LogDevObjectVersion:   Dev-Rendering (12F88B9F-8875-4AFC-A67C-D90C383ABD29): 2
LogDevObjectVersion:   Dev-Sequencer (7B5AE74C-D270-4C10-A958-57980B212A5A): 0
LogDevObjectVersion:   Dev-VR (D7296918-1DD6-4BDD-9DE2-64A83CC13884): 0
LogInit: Compiled (64-bit): Jul  6 2016 09:09:46
LogInit: Compiled with Visual C++: 19.00.23026.00
LogInit: Build Configuration: Development
LogInit: Branch Name: ++UE4+Release-4.12
LogInit: Command line:  
LogInit: Base directory: C:/Program Files/Epic Games/4.12/Engine/Binaries/Win64/
LogInit: Installed Engine Build: 1
LogInit: Using libcurl 7.41.0
LogInit:  - built for x86_64-pc-win32
LogInit:  - supports SSL with WinSSL
LogInit:  - other features:
LogInit:      CURL_VERSION_SSL
LogInit:      CURL_VERSION_IPV6
LogInit:      CURL_VERSION_ASYNCHDNS
LogInit:      CURL_VERSION_LARGEFILE
LogInit:      CURL_VERSION_IDN
LogInit:  CurlRequestOptions (configurable via config and command line):
LogInit:  - bVerifyPeer = true  - Libcurl will verify peer certificate
LogInit:  - bUseHttpProxy = false  - Libcurl will NOT use HTTP proxy
LogInit:  - bDontReuseConnections = false  - Libcurl will reuse connections
LogInit:  - CertBundlePath = nullptr  - Libcurl will use whatever was configured at build time.
LogInit: Presizing for max 8388607 objects, including 0 objects not considered by GC, pre-allocating 0 bytes for permanent pool.
LogInit: Object subsystem initialized
[2017.06.21-08.22.06:569][  0]LogInit: Selected Device Profile: [Windows]
[2017.06.21-08.22.06:569][  0]LogInit: Applying CVar settings loaded from the selected device profile: [Windows]
[2017.06.21-08.22.06:580][  0]LogInit: Computer: PC42640
[2017.06.21-08.22.06:580][  0]LogInit: User: i7230020
[2017.06.21-08.22.06:580][  0]LogInit: CPU Page size=65536, Cores=6
[2017.06.21-08.22.06:580][  0]LogInit: High frequency timer resolution =3.410136 MHz
[2017.06.21-08.22.06:580][  0]LogMemory: Memory total: Physical=31.9GB (32GB approx)
[2017.06.21-08.22.06:580][  0]LogMemory: Platform Memory Stats for Windows
[2017.06.21-08.22.06:580][  0]LogMemory: Process Physical Memory: 195.12 MB used, 195.12 MB peak
[2017.06.21-08.22.06:580][  0]LogMemory: Process Virtual Memory: 198.87 MB used, 198.87 MB peak
[2017.06.21-08.22.06:580][  0]LogMemory: Physical Memory: 10283.43 MB used, 32684.15 MB total
[2017.06.21-08.22.06:580][  0]LogMemory: Virtual Memory: 538.89 MB used, 8388608.00 MB total
[2017.06.21-08.22.06:645][  0]LogTextLocalizationManager: No specific translations for ('en-GB') exist, so ('en') translations will be used.
[2017.06.21-08.22.07:033][  0]LogD3D11RHI: D3D11 adapters:
[2017.06.21-08.22.07:054][  0]LogD3D11RHI:    0. 'NVIDIA Quadro M4000' (Feature Level 11_0)
[2017.06.21-08.22.07:054][  0]LogD3D11RHI:       8092/0/16086 MB DedicatedVideo/DedicatedSystem/SharedSystem, Outputs:1, VendorId:0x10de
[2017.06.21-08.22.07:054][  0]LogD3D11RHI: Chosen D3D11 Adapter: 0
[2017.06.21-08.22.07:062][  0]LogD3D11RHI: Creating new Direct3DDevice
[2017.06.21-08.22.07:062][  0]LogD3D11RHI:     GPU DeviceId: 0x13f1 (for the marketing name, search the web for "GPU Device Id")
[2017.06.21-08.22.07:062][  0]LogWindows: EnumDisplayDevices:
[2017.06.21-08.22.07:062][  0]LogWindows:    0. 'NVIDIA Quadro M4000' (P:1 D:1)
[2017.06.21-08.22.07:063][  0]LogWindows:    1. 'NVIDIA Quadro M4000' (P:0 D:0)
[2017.06.21-08.22.07:064][  0]LogWindows:    2. 'NVIDIA Quadro M4000' (P:0 D:0)
[2017.06.21-08.22.07:065][  0]LogWindows:    3. 'NVIDIA Quadro M4000' (P:0 D:0)
[2017.06.21-08.22.07:066][  0]LogWindows:    4. 'RDPDD Chained DD' (P:0 D:0)
[2017.06.21-08.22.07:066][  0]LogWindows:    5. 'RDP Encoder Mirror Driver' (P:0 D:0)
[2017.06.21-08.22.07:067][  0]LogWindows:    6. 'RDP Reflector Display Driver' (P:0 D:0)
[2017.06.21-08.22.07:068][  0]LogWindows: DebugString: GetVideoDriverDetailsInvalid PrimaryIsNotTheChoosenAdapter GetVideoDriverDetailsInvalid PrimaryIsNotTheChoosenAdapter GetVideoDriverDetailsInvalid PrimaryIsNotTheChoosenAdapter FoundDriverCount:4 
[2017.06.21-08.22.07:068][  0]LogD3D11RHI:     Adapter Name: NVIDIA Quadro M4000
[2017.06.21-08.22.07:068][  0]LogD3D11RHI:   Driver Version: 362.13 (internal:10.18.13.6213, unified:362.13)
[2017.06.21-08.22.07:068][  0]LogD3D11RHI:      Driver Date: 3-18-2016
[2017.06.21-08.22.07:068][  0]LogRHI: Texture pool is 1361 MB (70% of 1945 MB)
[2017.06.21-08.22.07:079][  0]LogD3D11RHI: Async texture creation enabled
[2017.06.21-08.22.07:094][  0]LogD3D11RHI: GPU Timing Frequency: 1000.000000 (Debug: 2 2)
[2017.06.21-08.22.07:094][  0]LogShaderCompilers: Guid format shader working directory is -27 characters bigger than the processId version (../../../../../../Users/i7230020.STUDENT.000/Documents/GitHub/MastersProject/Ava/Intermediate/Shaders/WorkingDirectory/3048/).
[2017.06.21-08.22.07:094][  0]LogShaderCompilers: Cleaned the shader compiler working directory 'C:/Users/I72300~1.000/AppData/Local/Temp/UnrealShaderWorkingDir/ED5EF3D146BC3ACFF4B25584804170A1/'.
[2017.06.21-08.22.07:094][  0]LogShaderCompilers:Display: Using Local Shader Compiler.
[2017.06.21-08.22.08:203][  0]LogTemp:Display: Loaded TP AllDesktopTargetPlatform
[2017.06.21-08.22.08:225][  0]LogTemp:Display: Loaded TP WindowsClientTargetPlatform
[2017.06.21-08.22.08:240][  0]LogTemp:Display: Loaded TP WindowsNoEditorTargetPlatform
[2017.06.21-08.22.08:265][  0]LogTemp:Display: Loaded TP WindowsServerTargetPlatform
[2017.06.21-08.22.08:287][  0]LogTemp:Display: Loaded TP WindowsTargetPlatform
[2017.06.21-08.22.08:299][  0]LogTemp:Display: Loaded TP AndroidTargetPlatform
[2017.06.21-08.22.08:312][  0]LogTemp:Display: Loaded TP Android_ASTCTargetPlatform
[2017.06.21-08.22.08:320][  0]LogTemp:Display: Loaded TP Android_ATCTargetPlatform
[2017.06.21-08.22.08:328][  0]LogTemp:Display: Loaded TP Android_DXTTargetPlatform
[2017.06.21-08.22.08:336][  0]LogTemp:Display: Loaded TP Android_ETC1TargetPlatform
[2017.06.21-08.22.08:344][  0]LogTemp:Display: Loaded TP Android_ETC2TargetPlatform
[2017.06.21-08.22.08:360][  0]LogTemp:Display: Loaded TP Android_MultiTargetPlatform
[2017.06.21-08.22.08:360][  0]LogTemp:Display: Loaded TP Android_PVRTCTargetPlatform
[2017.06.21-08.22.08:361][  0]LogTemp:Display: Loaded TP HTML5TargetPlatform
[2017.06.21-08.22.08:382][  0]LogTemp:Display: Loaded TP IOSTargetPlatform
[2017.06.21-08.22.08:402][  0]LogTemp:Display: Loaded TP TVOSTargetPlatform
[2017.06.21-08.22.08:422][  0]LogTemp:Display: Loaded TP LinuxNoEditorTargetPlatform
[2017.06.21-08.22.08:438][  0]LogTemp:Display: Loaded TP LinuxServerTargetPlatform
[2017.06.21-08.22.08:447][  0]LogTemp:Display: Loaded TP LinuxTargetPlatform
[2017.06.21-08.22.08:447][  0]LogTargetPlatformManager:Display: Building Assets For Windows
[2017.06.21-08.22.08:533][  0]LogDerivedDataCache:Display: Max Cache Size: 512 MB
[2017.06.21-08.22.08:579][  0]LogDerivedDataCache: Loaded boot cache 0.05s 49MB C:/Users/i7230020.STUDENT.000/AppData/Local/UnrealEngine/4.12/DerivedDataCache/Boot.ddc.
[2017.06.21-08.22.08:580][  0]LogDerivedDataCache:Display: Loaded Boot cache: C:/Users/i7230020.STUDENT.000/AppData/Local/UnrealEngine/4.12/DerivedDataCache/Boot.ddc
[2017.06.21-08.22.08:580][  0]LogDerivedDataCache: FDerivedDataBackendGraph:  Pak pak cache file ../../../../../../Users/i7230020.STUDENT.000/Documents/GitHub/MastersProject/Ava/DerivedDataCache/DDC.ddp not found, will not use a pak cache.
[2017.06.21-08.22.08:580][  0]LogDerivedDataCache: Unable to find inner node Pak for hierarchical cache Hierarchy.
[2017.06.21-08.22.08:580][  0]LogDerivedDataCache: FDerivedDataBackendGraph:  CompressedPak pak cache file ../../../../../../Users/i7230020.STUDENT.000/Documents/GitHub/MastersProject/Ava/DerivedDataCache/Compressed.ddp not found, will not use a pak cache.
[2017.06.21-08.22.08:580][  0]LogDerivedDataCache: Unable to find inner node CompressedPak for hierarchical cache Hierarchy.
[2017.06.21-08.22.08:594][  0]LogDerivedDataCache:Display: Pak cache opened for reading ../../../Engine/DerivedDataCache/Compressed.ddp.
[2017.06.21-08.22.08:606][  0]LogDerivedDataCache: Using Local data cache path C:/Users/i7230020.STUDENT.000/AppData/Local/UnrealEngine/Common/DerivedDataCache: Writable
[2017.06.21-08.22.08:780][  0]LogInit: Selected Device Profile: [Windows]
[2017.06.21-08.22.08:781][  0]LogContentStreaming: Texture pool size is 0.00 MB
[2017.06.21-08.22.08:931][  0]LogMeshUtilities: No automatic mesh reduction module available
[2017.06.21-08.22.08:931][  0]LogMeshUtilities: No automatic mesh merging module available
[2017.06.21-08.22.08:931][  0]LogMeshUtilities: No distributed automatic mesh merging module available
[2017.06.21-08.22.09:248][  0]LogAssetRegistry: FAssetRegistry took 0.0206 seconds to start up
[2017.06.21-08.22.09:356][  0]LogPackageLocalizationCache: Processed 4 localized package path(s) for 2 prioritized culture(s) in 0.100682 seconds
[2017.06.21-08.22.09:360][  0]LogUObjectArray: 28739 objects as part of root set at end of initial load.
[2017.06.21-08.22.09:360][  0]LogUObjectAllocator: 5855624 out of 0 bytes used by permanent object pool.
[2017.06.21-08.22.09:360][  0]LogUObjectArray: CloseDisregardForGC: 0/0 objects in disregard for GC pool
[2017.06.21-08.22.09:367][  0]LogInit: WinSock: version 1.1 (2.2), MaxSocks=32767, MaxUdp=65467
[2017.06.21-08.22.09:554][  0]LogSlate: SlateFontCache - WITH_FREETYPE: 1, WITH_HARFBUZZ: 1
[2017.06.21-08.22.09:555][  0]LogSlate: SlateFontCache - WITH_FREETYPE: 1, WITH_HARFBUZZ: 1
[2017.06.21-08.22.10:530][  0]LogUdpMessaging: Initializing bridge on interface 0.0.0.0:0 to multicast group 230.0.0.1:6666.
[2017.06.21-08.22.10:899][  0]SourceControl: Info Source control is disabled
[2017.06.21-08.22.10:901][  0]SourceControl: Info Source control is disabled
[2017.06.21-08.22.10:913][  0]SourceControl: Info Source control is disabled
[2017.06.21-08.22.10:925][  0]SourceControl: Info Source control is disabled
[2017.06.21-08.22.11:082][  0]LogHoudiniEngine: Starting the Houdini Engine module.
[2017.06.21-08.22.11:083][  0]LogHoudiniEngine: Loaded libHAPIL.dll from Registry path C:\Program Files\Side Effects Software\Houdini 15.5.632/bin
[2017.06.21-08.22.11:083][  0]LogLinker:Warning: Asset '../../../Engine/Plugins/Runtime/HoudiniEngine/Content/houdini_logo.uasset' has been saved with empty engine version. The asset will be loaded but may be incompatible.
[2017.06.21-08.22.11:085][  0]LogLinker:Warning: Asset '../../../Engine/Plugins/Runtime/HoudiniEngine/Content/houdini_default_material.uasset' has been saved with empty engine version. The asset will be loaded but may be incompatible.
[2017.06.21-08.22.11:089][  0]LogLinker:Warning: Asset '../../../Engine/Plugins/Runtime/HoudiniEngine/Content/houdini_bgeo_import.uasset' has been saved with empty engine version. The asset will be loaded but may be incompatible.
[2017.06.21-08.22.12:088][  0]LogHoudiniEngine: Successfully initialized the Houdini Engine API module.
[2017.06.21-08.22.12:286][  0]LogEngine: Initializing Engine...
[2017.06.21-08.22.12:288][  0]LogHMD: SteamVR failed to initialize.  Err: 110
[2017.06.21-08.22.12:289][  0]LogHMD: SteamVR failed to initialize.  Err: 110
[2017.06.21-08.22.12:437][  0]LogAIModule: Creating AISystem for world NewWorld
[2017.06.21-08.22.12:450][  0]LogInit: XAudio2 using 'Speakers (Realtek High Definition Audio)' : 2 channels at 48 kHz using 32 bits per sample (channel mask 0x3)
[2017.06.21-08.22.12:464][  0]LogInit: FAudioDevice initialized.
[2017.06.21-08.22.12:492][  0]LogDerivedDataCache: Saved boot cache 0.03s 49MB C:/Users/i7230020.STUDENT.000/AppData/Local/UnrealEngine/4.12/DerivedDataCache/Boot.ddc.
[2017.06.21-08.22.12:498][  0]LogInit: Texture streaming: Enabled
[2017.06.21-08.22.12:521][  0]LogInit: Transaction tracking system initialized
[2017.06.21-08.22.12:562][  0]BlueprintLog: New page: Editor Load
[2017.06.21-08.22.12:660][  0]LocalizationService: Info Localization service is disabled
[2017.06.21-08.22.12:727][  0]LogConsoleResponse:Display: 
[2017.06.21-08.22.12:871][  0]LogCook:Display: Max memory allowance for cook 8192mb
[2017.06.21-08.22.12:871][  0]LogCook:Display: Mobile HDR setting 1
[2017.06.21-08.22.12:965][  0]LogFileCache: Scanning file cache for directory 'C:/Users/i7230020.STUDENT.000/Documents/GitHub/MastersProject/Ava/Content/' took 0.02s
[2017.06.21-08.22.12:965][  0]LogHoudiniEngineEditor: Starting the Houdini Engine Editor module.
[2017.06.21-08.22.13:007][  0]SourceControl: Info Source control is disabled
[2017.06.21-08.22.13:007][  0]Cmd: MAP LOAD FILE="../../../../../../Users/i7230020.STUDENT.000/Documents/GitHub/MastersProject/Ava/Content/Ava/Maps/MainMenu.umap" TEMPLATE=0 SHOWPROGRESS=1 FEATURELEVEL=3
[2017.06.21-08.22.13:007][  0]LightingResults: New page: Lighting Build
[2017.06.21-08.22.13:010][  0]MapCheck: New page: Map Check
[2017.06.21-08.22.13:010][  0]LightingResults: New page: Lighting Build
[2017.06.21-08.22.13:121][  0]LogAIModule: Creating AISystem for world MainMenu
[2017.06.21-08.22.13:122][  0]LogEditorServer: Finished looking for orphan Actors (0.000 secs)
[2017.06.21-08.22.13:122][  0]Cmd: MAP CHECKDEP NOCLEARLOG
[2017.06.21-08.22.13:185][  0]MapCheck: Info Map check complete: 0 Error(s), 0 Warning(s), took 62.001ms to complete.
[2017.06.21-08.22.13:185][  0]LogFileHelpers: Loading map 'MainMenu' took 0.178
[2017.06.21-08.22.13:292][  0]LogCollectionManager: Loaded 0 collections in 0.002231 seconds
[2017.06.21-08.22.13:345][  0]LogFileCache: Scanning file cache for directory 'C:/Users/i7230020.STUDENT.000/Documents/GitHub/MastersProject/Ava/Saved/Collections/' took 0.01s
[2017.06.21-08.22.13:346][  0]LogFileCache: Scanning file cache for directory 'C:/Users/i7230020.STUDENT.000/Documents/GitHub/MastersProject/Ava/Content/Developers/i7230020/Collections/' took 0.01s
[2017.06.21-08.22.13:346][  0]LogFileCache: Scanning file cache for directory 'C:/Users/i7230020.STUDENT.000/Documents/GitHub/MastersProject/Ava/Content/Collections/' took 0.01s
[2017.06.21-08.22.13:346][  0]LogCollectionManager: Rebuilt the GUID cache for 0 collections in 0.000002 seconds
[2017.06.21-08.22.13:355][  0]LogContentBrowser: Native class hierarchy populated in 0.0095 seconds. Added 2089 classes and 376 folders.
[2017.06.21-08.22.13:358][  0]LogStats: UGameplayTagsManager::ConstructGameplayTagTree: Construct from data asset -  0.000 s
[2017.06.21-08.22.13:358][  0]LogStats: UGameplayTagsManager::ConstructGameplayTagTree: GameplayTagTreeChangedEvent.Broadcast -  0.000 s
[2017.06.21-08.22.13:361][  0]LogContentBrowser: Native class hierarchy updated for 'GameplayTags' in 0.0024 seconds. Added 12 classes and 0 folders.
[2017.06.21-08.22.13:367][  0]LogContentBrowser: Native class hierarchy updated for 'WidgetCarousel' in 0.0023 seconds. Added 0 classes and 0 folders.
[2017.06.21-08.22.13:437][  0]LogContentBrowser: Native class hierarchy updated for 'AddContentDialog' in 0.0024 seconds. Added 0 classes and 0 folders.
[2017.06.21-08.22.13:442][  0]LogContentBrowser: Native class hierarchy updated for 'SceneOutliner' in 0.0023 seconds. Added 1 classes and 2 folders.
[2017.06.21-08.22.13:453][  0]LogCrashTracker: Crashtracker disabled due to settings.
[2017.06.21-08.22.13:501][  0]LogContentBrowser: Native class hierarchy updated for 'HierarchicalLODOutliner' in 0.0064 seconds. Added 1 classes and 2 folders.
[2017.06.21-08.22.13:501][  0]LogLoad: Full Startup: 9.51 seconds (BP compile: 0.02 seconds)
[2017.06.21-08.22.13:501][  0]LogExternalProfiler: Found external profiler: VSPerf
[2017.06.21-08.22.13:501][  0]LogExternalProfiler: Using external profiler: VSPerf
[2017.06.21-08.22.13:514][  0]LogOcInput: OculusInput pre-init called
[2017.06.21-08.22.13:538][  0]LogContentStreaming: Texture pool size now 1000 MB
[2017.06.21-08.22.13:696][  1]LogAssetRegistry: Asset discovery search completed in 4.4695 seconds
[2017.06.21-08.22.13:696][  1]LogCollectionManager: Rebuilt the object cache for 0 collections in 0.000001 seconds (found 0 objects)
[2017.06.21-08.22.13:696][  1]LogCollectionManager: Fixed up redirectors for 0 collections in 0.000017 seconds (updated 0 objects)
[2017.06.21-08.22.13:736][  2]LogRenderer: Reallocating scene render targets to support 1320x588 (Frame:2).
[2017.06.21-08.22.21:285][807]LogBlueprint:Warning: Compiler Warning InputAction Event references unknown Action 'Crouch' for  InputAction Crouch 
[2017.06.21-08.22.21:287][807]LogBlueprint:Warning: Compiler Warning [0017.29] Compile of Ue4ASP_Character successful, but with 1 Warning(s) [in 7 ms] (/Game/AnimStarterPack/Ue4ASP_Character.Ue4ASP_Character)
[2017.06.21-08.22.21:287][807]LogBlueprint:Warning: Compiler Warning [0017.29] Compile of Ue4ASP_Character successful, but with 2 Warning(s) [in 0 ms] (/Game/AnimStarterPack/Ue4ASP_Character.Ue4ASP_Character)
[2017.06.21-08.22.21:287][807]LogBlueprint:Warning: Compiler Warning [0017.29] Compile of Ue4ASP_Character successful, but with 3 Warning(s) [in 0 ms] (/Game/AnimStarterPack/Ue4ASP_Character.Ue4ASP_Character)
[2017.06.21-08.22.21:355][807]LogBlueprint:Warning: Compiler Warning InputAction Event references unknown Action 'Crouch' for  InputAction Crouch 
[2017.06.21-08.22.21:358][807]LogBlueprint:Warning: Compiler Warning [0017.36] Compile of Ue4ASP_Character successful, but with 1 Warning(s) [in 7 ms] (/Game/AnimStarterPack/Ue4ASP_Character.Ue4ASP_Character)
[2017.06.21-08.22.21:358][807]LogBlueprint:Warning: Compiler Warning [0017.36] Compile of Ue4ASP_Character successful, but with 2 Warning(s) [in 0 ms] (/Game/AnimStarterPack/Ue4ASP_Character.Ue4ASP_Character)
[2017.06.21-08.22.21:358][807]LogBlueprint:Warning: Compiler Warning [0017.37] Compile of Ue4ASP_Character successful, but with 3 Warning(s) [in 0 ms] (/Game/AnimStarterPack/Ue4ASP_Character.Ue4ASP_Character)
[2017.06.21-08.22.21:763][807]LogLinker:Error: Bad name index -1/309
[2017.06.21-08.22.21:764][807]LogWindows: Windows GetLastError: The operation completed successfully. (0)
[2017.06.21-08.22.22:271][807]LogCrashTracker: 


[2017.06.21-08.22.22:271][807]LogCrashTracker: 


[2017.06.21-08.22.22:271][807]LogWindows:Error: === Critical error: ===
Fatal error: [File:D:\Build\++UE4+Release-4.12+Compile\Sync\Engine\Source\Runtime\CoreUObject\Private\UObject\LinkerLoad.cpp] [Line: 3355] 
SphereComponent /Game/Ava/Maps/ExternalEnvironment.ExternalEnvironment:PersistentLevel.MainCharacter_1.overlappingSphere: Serial size mismatch: Got 8, Expected 98




[2017.06.21-08.22.22:296][807]LogExit: Executing StaticShutdownAfterError
[2017.06.21-08.22.22:298][807]LogWindows: FPlatformMisc::RequestExit(1)
[2017.06.21-08.22.22:298][807]Log file closed, 06/21/17 09:22:22
