Log file open, 07/20/17 13:56:30
LogInit:Display: Running engine for game: Ava
LogPlatformFile: Not using cached read wrapper
LogInit:Display: RandInit(-413413423) SRandInit(-413413421).
LogTaskGraph: Started task graph with 4 named threads and 9 total threads with 1 sets of task threads.
LogStats: Stats thread started at 0.135855
LogInit: Version: 4.12.5-3039270+++UE4+Release-4.12
LogInit: API Version: 2992821
LogInit: Net Version: 3039270
LogDevObjectVersion: Number of dev versions registered: 13
LogDevObjectVersion:   Dev-Blueprints (B0D832E4-1F89-4F0D-ACCF-7EB736FD4AA2): 3
LogDevObjectVersion:   Dev-Build (E1C64328-A22C-4D53-A36C-8E866417BD8C): 0
LogDevObjectVersion:   Dev-Core (375EC13C-06E4-48FB-B500-84F0262A717E): 1
LogDevObjectVersion:   Dev-Editor (E4B068ED-F494-42E9-A231-DA0B2E46BB41): 2
LogDevObjectVersion:   Dev-Framework (CFFC743F-43B0-4480-9391-14DF171D2073): 6
LogDevObjectVersion:   Dev-Mobile (B02B49B5-BB20-44E9-A304-32B752E40360): 0
LogDevObjectVersion:   Dev-Networking (A4E4105C-59A1-49B5-A7C5-40C4547EDFEE): 0
LogDevObjectVersion:   Dev-Online (39C831C9-5AE6-47DC-9A44-9C173E1C8E7C): 0
LogDevObjectVersion:   Dev-Physics (78F01B33-EBEA-4F98-B9B4-84EACCB95AA2): 0
LogDevObjectVersion:   Dev-Platform (6631380F-2D4D-43E0-8009-CF276956A95A): 0
LogDevObjectVersion:   Dev-Rendering (12F88B9F-8875-4AFC-A67C-D90C383ABD29): 2
LogDevObjectVersion:   Dev-Sequencer (7B5AE74C-D270-4C10-A958-57980B212A5A): 0
LogDevObjectVersion:   Dev-VR (D7296918-1DD6-4BDD-9DE2-64A83CC13884): 0
LogInit: Compiled (64-bit): Jul  6 2016 09:09:46
LogInit: Compiled with Visual C++: 19.00.23026.00
LogInit: Build Configuration: Development
LogInit: Branch Name: ++UE4+Release-4.12
LogInit: Command line:  
LogInit: Base directory: C:/Program Files/Epic Games/4.12/Engine/Binaries/Win64/
LogInit: Installed Engine Build: 1
LogInit: Using libcurl 7.41.0
LogInit:  - built for x86_64-pc-win32
LogInit:  - supports SSL with WinSSL
LogInit:  - other features:
LogInit:      CURL_VERSION_SSL
LogInit:      CURL_VERSION_IPV6
LogInit:      CURL_VERSION_ASYNCHDNS
LogInit:      CURL_VERSION_LARGEFILE
LogInit:      CURL_VERSION_IDN
LogInit:  CurlRequestOptions (configurable via config and command line):
LogInit:  - bVerifyPeer = true  - Libcurl will verify peer certificate
LogInit:  - bUseHttpProxy = false  - Libcurl will NOT use HTTP proxy
LogInit:  - bDontReuseConnections = false  - Libcurl will reuse connections
LogInit:  - CertBundlePath = nullptr  - Libcurl will use whatever was configured at build time.
LogInit: Presizing for max 8388607 objects, including 0 objects not considered by GC, pre-allocating 0 bytes for permanent pool.
LogInit: Object subsystem initialized
[2017.07.20-12.56.30:897][  0]LogInit: Selected Device Profile: [Windows]
[2017.07.20-12.56.30:897][  0]LogInit: Applying CVar settings loaded from the selected device profile: [Windows]
[2017.07.20-12.56.30:914][  0]LogInit: Computer: PC42640
[2017.07.20-12.56.30:914][  0]LogInit: User: i7230020
[2017.07.20-12.56.30:914][  0]LogInit: CPU Page size=65536, Cores=6
[2017.07.20-12.56.30:914][  0]LogInit: High frequency timer resolution =3.410097 MHz
[2017.07.20-12.56.30:914][  0]LogMemory: Memory total: Physical=31.9GB (32GB approx)
[2017.07.20-12.56.30:914][  0]LogMemory: Platform Memory Stats for Windows
[2017.07.20-12.56.30:914][  0]LogMemory: Process Physical Memory: 196.04 MB used, 196.04 MB peak
[2017.07.20-12.56.30:914][  0]LogMemory: Process Virtual Memory: 198.94 MB used, 198.94 MB peak
[2017.07.20-12.56.30:914][  0]LogMemory: Physical Memory: 11768.77 MB used, 32684.15 MB total
[2017.07.20-12.56.30:914][  0]LogMemory: Virtual Memory: 539.58 MB used, 8388608.00 MB total
[2017.07.20-12.56.31:002][  0]LogTextLocalizationManager: No specific translations for ('en-GB') exist, so ('en') translations will be used.
[2017.07.20-12.56.31:398][  0]LogD3D11RHI: D3D11 adapters:
[2017.07.20-12.56.31:419][  0]LogD3D11RHI:    0. 'NVIDIA Quadro M4000' (Feature Level 11_0)
[2017.07.20-12.56.31:419][  0]LogD3D11RHI:       8092/0/16086 MB DedicatedVideo/DedicatedSystem/SharedSystem, Outputs:1, VendorId:0x10de
[2017.07.20-12.56.31:419][  0]LogD3D11RHI: Chosen D3D11 Adapter: 0
[2017.07.20-12.56.31:428][  0]LogD3D11RHI: Creating new Direct3DDevice
[2017.07.20-12.56.31:429][  0]LogD3D11RHI:     GPU DeviceId: 0x13f1 (for the marketing name, search the web for "GPU Device Id")
[2017.07.20-12.56.31:429][  0]LogWindows: EnumDisplayDevices:
[2017.07.20-12.56.31:432][  0]LogWindows:    0. 'NVIDIA Quadro M4000' (P:1 D:1)
[2017.07.20-12.56.31:433][  0]LogWindows:    1. 'NVIDIA Quadro M4000' (P:0 D:0)
[2017.07.20-12.56.31:433][  0]LogWindows:    2. 'NVIDIA Quadro M4000' (P:0 D:0)
[2017.07.20-12.56.31:434][  0]LogWindows:    3. 'NVIDIA Quadro M4000' (P:0 D:0)
[2017.07.20-12.56.31:434][  0]LogWindows:    4. 'RDPDD Chained DD' (P:0 D:0)
[2017.07.20-12.56.31:435][  0]LogWindows:    5. 'RDP Encoder Mirror Driver' (P:0 D:0)
[2017.07.20-12.56.31:435][  0]LogWindows:    6. 'RDP Reflector Display Driver' (P:0 D:0)
[2017.07.20-12.56.31:435][  0]LogWindows: DebugString: GetVideoDriverDetailsInvalid PrimaryIsNotTheChoosenAdapter GetVideoDriverDetailsInvalid PrimaryIsNotTheChoosenAdapter GetVideoDriverDetailsInvalid PrimaryIsNotTheChoosenAdapter FoundDriverCount:4 
[2017.07.20-12.56.31:435][  0]LogD3D11RHI:     Adapter Name: NVIDIA Quadro M4000
[2017.07.20-12.56.31:435][  0]LogD3D11RHI:   Driver Version: 362.13 (internal:10.18.13.6213, unified:362.13)
[2017.07.20-12.56.31:435][  0]LogD3D11RHI:      Driver Date: 3-18-2016
[2017.07.20-12.56.31:435][  0]LogRHI: Texture pool is 1361 MB (70% of 1945 MB)
[2017.07.20-12.56.31:444][  0]LogD3D11RHI: Async texture creation enabled
[2017.07.20-12.56.31:458][  0]LogD3D11RHI: GPU Timing Frequency: 1000.000000 (Debug: 2 2)
[2017.07.20-12.56.31:458][  0]LogShaderCompilers: Guid format shader working directory is -8 characters bigger than the processId version (W:/University Work/Masters/MastersProject/MastersProject/Ava/Intermediate/Shaders/WorkingDirectory/50460/).
[2017.07.20-12.56.31:458][  0]LogShaderCompilers: Cleaned the shader compiler working directory 'C:/Users/I72300~1.000/AppData/Local/Temp/UnrealShaderWorkingDir/7FBD697040AA5497475F37AEF6224F2B/'.
[2017.07.20-12.56.31:458][  0]LogShaderCompilers:Display: Using Local Shader Compiler.
[2017.07.20-12.56.32:558][  0]LogTemp:Display: Loaded TP AllDesktopTargetPlatform
[2017.07.20-12.56.32:567][  0]LogTemp:Display: Loaded TP WindowsClientTargetPlatform
[2017.07.20-12.56.32:576][  0]LogTemp:Display: Loaded TP WindowsNoEditorTargetPlatform
[2017.07.20-12.56.32:587][  0]LogTemp:Display: Loaded TP WindowsServerTargetPlatform
[2017.07.20-12.56.32:596][  0]LogTemp:Display: Loaded TP WindowsTargetPlatform
[2017.07.20-12.56.32:604][  0]LogTemp:Display: Loaded TP AndroidTargetPlatform
[2017.07.20-12.56.32:612][  0]LogTemp:Display: Loaded TP Android_ASTCTargetPlatform
[2017.07.20-12.56.32:620][  0]LogTemp:Display: Loaded TP Android_ATCTargetPlatform
[2017.07.20-12.56.32:627][  0]LogTemp:Display: Loaded TP Android_DXTTargetPlatform
[2017.07.20-12.56.32:635][  0]LogTemp:Display: Loaded TP Android_ETC1TargetPlatform
[2017.07.20-12.56.32:643][  0]LogTemp:Display: Loaded TP Android_ETC2TargetPlatform
[2017.07.20-12.56.32:670][  0]LogTemp:Display: Loaded TP Android_MultiTargetPlatform
[2017.07.20-12.56.32:670][  0]LogTemp:Display: Loaded TP Android_PVRTCTargetPlatform
[2017.07.20-12.56.32:672][  0]LogTemp:Display: Loaded TP HTML5TargetPlatform
[2017.07.20-12.56.32:692][  0]LogTemp:Display: Loaded TP IOSTargetPlatform
[2017.07.20-12.56.32:699][  0]LogTemp:Display: Loaded TP TVOSTargetPlatform
[2017.07.20-12.56.32:706][  0]LogTemp:Display: Loaded TP LinuxNoEditorTargetPlatform
[2017.07.20-12.56.32:713][  0]LogTemp:Display: Loaded TP LinuxServerTargetPlatform
[2017.07.20-12.56.32:721][  0]LogTemp:Display: Loaded TP LinuxTargetPlatform
[2017.07.20-12.56.32:721][  0]LogTargetPlatformManager:Display: Building Assets For Windows
[2017.07.20-12.56.32:836][  0]LogDerivedDataCache:Display: Max Cache Size: 512 MB
[2017.07.20-12.56.32:889][  0]LogDerivedDataCache: Loaded boot cache 0.05s 49MB C:/Users/i7230020.STUDENT.000/AppData/Local/UnrealEngine/4.12/DerivedDataCache/Boot.ddc.
[2017.07.20-12.56.32:890][  0]LogDerivedDataCache:Display: Loaded Boot cache: C:/Users/i7230020.STUDENT.000/AppData/Local/UnrealEngine/4.12/DerivedDataCache/Boot.ddc
[2017.07.20-12.56.32:890][  0]LogDerivedDataCache: FDerivedDataBackendGraph:  Pak pak cache file W:/University Work/Masters/MastersProject/MastersProject/Ava/DerivedDataCache/DDC.ddp not found, will not use a pak cache.
[2017.07.20-12.56.32:890][  0]LogDerivedDataCache: Unable to find inner node Pak for hierarchical cache Hierarchy.
[2017.07.20-12.56.32:890][  0]LogDerivedDataCache: FDerivedDataBackendGraph:  CompressedPak pak cache file W:/University Work/Masters/MastersProject/MastersProject/Ava/DerivedDataCache/Compressed.ddp not found, will not use a pak cache.
[2017.07.20-12.56.32:890][  0]LogDerivedDataCache: Unable to find inner node CompressedPak for hierarchical cache Hierarchy.
[2017.07.20-12.56.32:905][  0]LogDerivedDataCache:Display: Pak cache opened for reading ../../../Engine/DerivedDataCache/Compressed.ddp.
[2017.07.20-12.56.32:917][  0]LogDerivedDataCache: Using Local data cache path C:/Users/i7230020.STUDENT.000/AppData/Local/UnrealEngine/Common/DerivedDataCache: Writable
[2017.07.20-12.56.33:191][  0]LogInit: Selected Device Profile: [Windows]
[2017.07.20-12.56.33:192][  0]LogContentStreaming: Texture pool size is 0.00 MB
[2017.07.20-12.56.33:370][  0]LogMeshUtilities: No automatic mesh reduction module available
[2017.07.20-12.56.33:370][  0]LogMeshUtilities: No automatic mesh merging module available
[2017.07.20-12.56.33:370][  0]LogMeshUtilities: No distributed automatic mesh merging module available
[2017.07.20-12.56.33:664][  0]LogAssetRegistry: FAssetRegistry took 0.0204 seconds to start up
[2017.07.20-12.56.33:727][  0]LogPackageLocalizationCache: Processed 4 localized package path(s) for 2 prioritized culture(s) in 0.057808 seconds
[2017.07.20-12.56.33:731][  0]LogUObjectArray: 28739 objects as part of root set at end of initial load.
[2017.07.20-12.56.33:731][  0]LogUObjectAllocator: 5855624 out of 0 bytes used by permanent object pool.
[2017.07.20-12.56.33:731][  0]LogUObjectArray: CloseDisregardForGC: 0/0 objects in disregard for GC pool
[2017.07.20-12.56.33:738][  0]LogInit: WinSock: version 1.1 (2.2), MaxSocks=32767, MaxUdp=65467
[2017.07.20-12.56.33:922][  0]LogSlate: SlateFontCache - WITH_FREETYPE: 1, WITH_HARFBUZZ: 1
[2017.07.20-12.56.33:922][  0]LogSlate: SlateFontCache - WITH_FREETYPE: 1, WITH_HARFBUZZ: 1
[2017.07.20-12.56.34:839][  0]LogUdpMessaging: Initializing bridge on interface 0.0.0.0:0 to multicast group 230.0.0.1:6666.
[2017.07.20-12.56.34:947][  0]LogStats: FPlatformStackWalk::StackWalkAndDump -  0.021 s
[2017.07.20-12.56.34:948][  0]LogOutputDevice:Warning: === Handled error: ===

Ensure condition failed: !AttachmentRules.bWeldSimulatedBodies [File:D:\Build\++UE4+Release-4.12+Compile\Sync\Engine\Source\Runtime\Engine\Private\Components\SceneComponent.cpp] [Line: 1481]
AttachToComponent when called from a constructor cannot weld simulated bodies. Consider calling SetupAttachment directly instead.
Stack: 
UE4Editor-Core.dll
UE4Editor-Core.dll
UE4Editor-Core.dll
UE4Editor-Engine.dll
UE4Editor-Ava-2521.dll
UE4Editor-CoreUObject.dll
UE4Editor-CoreUObject.dll
UE4Editor-CoreUObject.dll
UE4Editor-CoreUObject.dll
UE4Editor-Core.dll
UE4Editor-Core.dll
UE4Editor-Projects.dll
UE4Editor-Projects.dll
UE4Editor.exe
UE4Editor.exe
UE4Editor.exe
UE4Editor.exe
UE4Editor.exe
UE4Editor.exe
kernel32.dll
ntdll.dll
ntdll.dll

[2017.07.20-12.56.34:948][  0]LogStats:                SubmitErrorReport -  0.000 s
[2017.07.20-12.56.35:437][  0]LogStats:                    SendNewReport -  0.490 s
[2017.07.20-12.56.35:437][  0]LogStats:             FDebug::EnsureFailed -  0.511 s
[2017.07.20-12.56.35:653][  0]SourceControl: Info Source control is disabled
[2017.07.20-12.56.35:656][  0]SourceControl: Info Source control is disabled
[2017.07.20-12.56.35:668][  0]SourceControl: Info Source control is disabled
[2017.07.20-12.56.35:684][  0]SourceControl: Info Source control is disabled
[2017.07.20-12.56.35:869][  0]LogHoudiniEngine: Starting the Houdini Engine module.
[2017.07.20-12.56.35:870][  0]LogHoudiniEngine: Loaded libHAPIL.dll from Registry path C:\Program Files\Side Effects Software\Houdini 15.5.632/bin
[2017.07.20-12.56.35:872][  0]LogLinker:Warning: Asset '../../../Engine/Plugins/Runtime/HoudiniEngine/Content/houdini_logo.uasset' has been saved with empty engine version. The asset will be loaded but may be incompatible.
[2017.07.20-12.56.35:876][  0]LogLinker:Warning: Asset '../../../Engine/Plugins/Runtime/HoudiniEngine/Content/houdini_default_material.uasset' has been saved with empty engine version. The asset will be loaded but may be incompatible.
[2017.07.20-12.56.35:886][  0]LogLinker:Warning: Asset '../../../Engine/Plugins/Runtime/HoudiniEngine/Content/houdini_bgeo_import.uasset' has been saved with empty engine version. The asset will be loaded but may be incompatible.
[2017.07.20-12.56.37:146][  0]LogHoudiniEngine: Successfully initialized the Houdini Engine API module.
[2017.07.20-12.56.37:309][  0]LogEngine: Initializing Engine...
[2017.07.20-12.56.37:310][  0]LogHMD: SteamVR failed to initialize.  Err: 110
[2017.07.20-12.56.37:312][  0]LogHMD: SteamVR failed to initialize.  Err: 110
[2017.07.20-12.56.37:450][  0]LogAIModule: Creating AISystem for world NewWorld
[2017.07.20-12.56.37:457][  0]LogInit: XAudio2 using 'Speakers (Realtek High Definition Audio)' : 2 channels at 48 kHz using 32 bits per sample (channel mask 0x3)
[2017.07.20-12.56.37:470][  0]LogInit: FAudioDevice initialized.
[2017.07.20-12.56.37:501][  0]LogDerivedDataCache: Saved boot cache 0.03s 49MB C:/Users/i7230020.STUDENT.000/AppData/Local/UnrealEngine/4.12/DerivedDataCache/Boot.ddc.
[2017.07.20-12.56.37:508][  0]LogInit: Texture streaming: Enabled
[2017.07.20-12.56.37:534][  0]LogInit: Transaction tracking system initialized
[2017.07.20-12.56.37:556][  0]BlueprintLog: New page: Editor Load
[2017.07.20-12.56.37:625][  0]LocalizationService: Info Localization service is disabled
[2017.07.20-12.56.37:699][  0]LogConsoleResponse:Display: 
[2017.07.20-12.56.37:806][  0]LogCook:Display: Max memory allowance for cook 8192mb
[2017.07.20-12.56.37:806][  0]LogCook:Display: Mobile HDR setting 1
[2017.07.20-12.56.37:894][  0]LogFileCache: Scanning file cache for directory 'W:/University Work/Masters/MastersProject/MastersProject/Ava/Content/' took 0.02s
[2017.07.20-12.56.37:894][  0]LogHoudiniEngineEditor: Starting the Houdini Engine Editor module.
[2017.07.20-12.56.37:934][  0]SourceControl: Info Source control is disabled
[2017.07.20-12.56.37:934][  0]Cmd: MAP LOAD FILE="W:/University Work/Masters/MastersProject/MastersProject/Ava/Content/Ava/Maps/PalaceLevel.umap" TEMPLATE=0 SHOWPROGRESS=1 FEATURELEVEL=3
[2017.07.20-12.56.37:934][  0]LightingResults: New page: Lighting Build
[2017.07.20-12.56.37:936][  0]MapCheck: New page: Map Check
[2017.07.20-12.56.37:937][  0]LightingResults: New page: Lighting Build
[2017.07.20-12.56.40:003][  0]LogMaterial: Missing cached shader map for material M_Basic_Wall, compiling. 
[2017.07.20-12.56.40:003][  0]LogMaterial:Warning: Failed to compile Material /Game/StarterContent/Materials/M_Basic_Wall.M_Basic_Wall for platform PCD3D_SM5, Default Material will be used in game.
[2017.07.20-12.56.40:003][  0]LogMaterial:Warning: 	(Node TextureSample) TextureSample> Missing input texture
[2017.07.20-12.56.40:017][  0]LogAIModule: Creating AISystem for world PalaceLevel
[2017.07.20-12.56.40:062][  0]LogEditorServer: Finished looking for orphan Actors (0.000 secs)
[2017.07.20-12.56.40:063][  0]Cmd: MAP CHECKDEP NOCLEARLOG
[2017.07.20-12.56.40:169][  0]MapCheck: Info Map check complete: 0 Error(s), 0 Warning(s), took 106.176ms to complete.
[2017.07.20-12.56.40:169][  0]LogFileHelpers: Loading map 'PalaceLevel' took 2.237
[2017.07.20-12.56.40:463][  0]LogCollectionManager: Loaded 0 collections in 0.001364 seconds
[2017.07.20-12.56.40:502][  0]LogFileCache: Scanning file cache for directory 'W:/University Work/Masters/MastersProject/MastersProject/Ava/Saved/Collections/' took 0.01s
[2017.07.20-12.56.40:502][  0]LogFileCache: Scanning file cache for directory 'W:/University Work/Masters/MastersProject/MastersProject/Ava/Content/Developers/i7230020/Collections/' took 0.01s
[2017.07.20-12.56.40:502][  0]LogFileCache: Scanning file cache for directory 'W:/University Work/Masters/MastersProject/MastersProject/Ava/Content/Collections/' took 0.01s
[2017.07.20-12.56.40:502][  0]LogCollectionManager: Rebuilt the GUID cache for 0 collections in 0.000002 seconds
[2017.07.20-12.56.40:511][  0]LogContentBrowser: Native class hierarchy populated in 0.0093 seconds. Added 2099 classes and 376 folders.
[2017.07.20-12.56.40:515][  0]LogStats: UGameplayTagsManager::ConstructGameplayTagTree: Construct from data asset -  0.000 s
[2017.07.20-12.56.40:515][  0]LogStats: UGameplayTagsManager::ConstructGameplayTagTree: GameplayTagTreeChangedEvent.Broadcast -  0.000 s
[2017.07.20-12.56.40:519][  0]LogContentBrowser: Native class hierarchy updated for 'GameplayTags' in 0.0043 seconds. Added 12 classes and 0 folders.
[2017.07.20-12.56.40:525][  0]LogContentBrowser: Native class hierarchy updated for 'WidgetCarousel' in 0.0023 seconds. Added 0 classes and 0 folders.
[2017.07.20-12.56.40:612][  0]LogContentBrowser: Native class hierarchy updated for 'AddContentDialog' in 0.0051 seconds. Added 0 classes and 0 folders.
[2017.07.20-12.56.40:617][  0]LogContentBrowser: Native class hierarchy updated for 'SceneOutliner' in 0.0023 seconds. Added 1 classes and 2 folders.
[2017.07.20-12.56.40:631][  0]LogCrashTracker: Crashtracker disabled due to settings.
[2017.07.20-12.56.40:671][  0]LogContentBrowser: Native class hierarchy updated for 'HierarchicalLODOutliner' in 0.0024 seconds. Added 1 classes and 2 folders.
[2017.07.20-12.56.40:672][  0]LogLoad: Full Startup: 13.18 seconds (BP compile: 1.12 seconds)
[2017.07.20-12.56.40:672][  0]LogExternalProfiler: Found external profiler: VSPerf
[2017.07.20-12.56.40:672][  0]LogExternalProfiler: Using external profiler: VSPerf
[2017.07.20-12.56.40:683][  0]LogOcInput: OculusInput pre-init called
[2017.07.20-12.56.40:703][  0]LogContentStreaming: Texture pool size now 1000 MB
[2017.07.20-12.56.40:869][  0]LogRenderer: Reallocating scene render targets to support 1616x600 (Frame:2).
[2017.07.20-12.56.40:953][  1]LogAssetRegistry: Asset discovery search completed in 7.3106 seconds
[2017.07.20-12.56.40:953][  1]LogCollectionManager: Rebuilt the object cache for 0 collections in 0.000001 seconds (found 0 objects)
[2017.07.20-12.56.40:953][  1]LogCollectionManager: Fixed up redirectors for 0 collections in 0.000018 seconds (updated 0 objects)
[2017.07.20-12.56.43:454][140]LogBlueprintUserMessages: Early PlayInEditor Detection: Level '/Game/Ava/Maps/PalaceLevel.PalaceLevel:PersistentLevel' has LevelScriptBlueprint '/Game/Ava/Maps/PalaceLevel.PalaceLevel:PersistentLevel.PalaceLevel' with GeneratedClass '/Game/Ava/Maps/PalaceLevel.PalaceLevel_C' with ClassGeneratedBy '/Game/Ava/Maps/PalaceLevel.PalaceLevel:PersistentLevel.PalaceLevel'
[2017.07.20-12.56.43:455][140]LogPlayLevel: PlayLevel: No blueprints needed recompiling
[2017.07.20-12.56.43:456][140]PIE: New page: PIE session: PalaceLevel (20 Jul 2017 13:56:43)
[2017.07.20-12.56.43:456][140]LogPlayLevel: Creating play world package: /Game/Ava/Maps/UEDPIE_0_PalaceLevel
[2017.07.20-12.56.43:513][140]LogPlayLevel: PIE: StaticDuplicateObject took: (0.057298s)
[2017.07.20-12.56.43:514][140]LogAIModule: Creating AISystem for world PalaceLevel
[2017.07.20-12.56.43:514][140]LogPlayLevel: PIE: World Init took: (0.000710s)
[2017.07.20-12.56.43:514][140]LogPlayLevel: PIE: Created PIE world by copying editor world from /Game/Ava/Maps/PalaceLevel.PalaceLevel to /Game/Ava/Maps/UEDPIE_0_PalaceLevel.PalaceLevel (0.058388s)
[2017.07.20-12.56.43:574][140]LogInit: XAudio2 using 'Speakers (Realtek High Definition Audio)' : 2 channels at 48 kHz using 32 bits per sample (channel mask 0x3)
[2017.07.20-12.56.43:585][140]LogInit: FAudioDevice initialized.
[2017.07.20-12.56.43:658][140]LogWorld: Game class is 'AvaGameMode'
[2017.07.20-12.56.43:693][140]LogWorld: Bringing World /Game/Ava/Maps/UEDPIE_0_PalaceLevel.PalaceLevel up for play (max tick rate 0) at 2017.07.20-13.56.43
[2017.07.20-12.56.43:696][140]LogWorld: Bringing up level for play took: 0.036637
[2017.07.20-12.56.43:702][140]LogContentBrowser: Native class hierarchy updated for 'MovieSceneCapture' in 0.0027 seconds. Added 11 classes and 0 folders.
[2017.07.20-12.56.43:707][140]LogBlueprintUserMessages: [GameUIBP_C_0] SEt UI
[2017.07.20-12.56.43:708][140]PIE: Info Play in editor start time for /Game/Ava/Maps/UEDPIE_0_PalaceLevel -0.045
[2017.07.20-12.56.43:708][140]LogBlueprintUserMessages: Late PlayInEditor Detection: Level '/Game/Ava/Maps/PalaceLevel.PalaceLevel:PersistentLevel' has LevelScriptBlueprint '/Game/Ava/Maps/PalaceLevel.PalaceLevel:PersistentLevel.PalaceLevel' with GeneratedClass '/Game/Ava/Maps/PalaceLevel.PalaceLevel_C' with ClassGeneratedBy '/Game/Ava/Maps/PalaceLevel.PalaceLevel:PersistentLevel.PalaceLevel'
[2017.07.20-12.57.05:013][442]LogBlueprintUserMessages: Early EndPlayMap Detection: Level '/Game/Ava/Maps/PalaceLevel.PalaceLevel:PersistentLevel' has LevelScriptBlueprint '/Game/Ava/Maps/PalaceLevel.PalaceLevel:PersistentLevel.PalaceLevel' with GeneratedClass '/Game/Ava/Maps/PalaceLevel.PalaceLevel_C' with ClassGeneratedBy '/Game/Ava/Maps/PalaceLevel.PalaceLevel:PersistentLevel.PalaceLevel'
[2017.07.20-12.57.05:057][442]LogBlueprintUserMessages: Late EndPlayMap Detection: Level '/Game/Ava/Maps/PalaceLevel.PalaceLevel:PersistentLevel' has LevelScriptBlueprint '/Game/Ava/Maps/PalaceLevel.PalaceLevel:PersistentLevel.PalaceLevel' with GeneratedClass '/Game/Ava/Maps/PalaceLevel.PalaceLevel_C' with ClassGeneratedBy '/Game/Ava/Maps/PalaceLevel.PalaceLevel:PersistentLevel.PalaceLevel'
[2017.07.20-12.57.34:188][584]LogHotReload: New module detected: UE4Editor-Ava-6601.dll
[2017.07.20-12.57.37:208][594]LogHotReload: Starting Hot-Reload from IDE
[2017.07.20-12.57.37:279][594]LogClass: ItemDataVariables HotReload.
[2017.07.20-12.57.37:279][594]LogClass: Item HotReload.
[2017.07.20-12.57.37:281][594]LogHotReload: Re-instancing Antelope after hot-reload.
[2017.07.20-12.57.37:337][594]LogHotReload: Re-instancing Door after hot-reload.
[2017.07.20-12.57.37:661][594]LogHotReload: Re-instancing PushPullItem after hot-reload.
[2017.07.20-12.57.37:895][594]LogHotReload: Re-instancing PickUpItem after hot-reload.
[2017.07.20-12.57.38:156][594]LogHotReload: Re-instancing MainCharacter after hot-reload.
[2017.07.20-12.57.38:294][594]LogHotReload: Re-instancing OfferingStatue after hot-reload.
[2017.07.20-12.57.38:435][594]LogHotReload: Re-instancing StatueObject after hot-reload.
[2017.07.20-12.57.38:574][594]LogHotReload: Re-instancing BluePuzzle after hot-reload.
[2017.07.20-12.57.38:645][594]LogHotReload: Re-instancing GreenPuzzle after hot-reload.
[2017.07.20-12.57.38:714][594]LogHotReload: Re-instancing WhitePuzzle after hot-reload.
[2017.07.20-12.57.38:786][594]LogContentBrowser: Native class hierarchy updated for 'Ava' in 0.0026 seconds. Added 21 classes and 2 folders.
[2017.07.20-12.57.38:788][594]Warning: HotReload successful (14 functions remapped  0 scriptstructs remapped)
[2017.07.20-12.57.38:897][594]LogContentBrowser: Native class hierarchy populated in 0.0101 seconds. Added 2101 classes and 380 folders.
[2017.07.20-12.57.38:902][594]Warning: HotReload took  1.7s.
[2017.07.20-12.57.41:072][666]LogBlueprintUserMessages: Early PlayInEditor Detection: Level '/Game/Ava/Maps/PalaceLevel.PalaceLevel:PersistentLevel' has LevelScriptBlueprint '/Game/Ava/Maps/PalaceLevel.PalaceLevel:PersistentLevel.PalaceLevel' with GeneratedClass '/Game/Ava/Maps/PalaceLevel.PalaceLevel_C' with ClassGeneratedBy '/Game/Ava/Maps/PalaceLevel.PalaceLevel:PersistentLevel.PalaceLevel'
[2017.07.20-12.57.41:072][666]LogPlayLevel: PlayLevel: No blueprints needed recompiling
[2017.07.20-12.57.41:072][666]PIE: New page: PIE session: PalaceLevel (20 Jul 2017 13:57:41)
[2017.07.20-12.57.41:072][666]LogPlayLevel: Creating play world package: /Game/Ava/Maps/UEDPIE_0_PalaceLevel
[2017.07.20-12.57.41:130][666]LogPlayLevel: PIE: StaticDuplicateObject took: (0.057754s)
[2017.07.20-12.57.41:131][666]LogAIModule: Creating AISystem for world PalaceLevel
[2017.07.20-12.57.41:131][666]LogPlayLevel: PIE: World Init took: (0.000729s)
[2017.07.20-12.57.41:131][666]LogPlayLevel: PIE: Created PIE world by copying editor world from /Game/Ava/Maps/PalaceLevel.PalaceLevel to /Game/Ava/Maps/UEDPIE_0_PalaceLevel.PalaceLevel (0.058830s)
[2017.07.20-12.57.41:143][666]LogInit: XAudio2 using 'Speakers (Realtek High Definition Audio)' : 2 channels at 48 kHz using 32 bits per sample (channel mask 0x3)
[2017.07.20-12.57.41:150][666]LogInit: FAudioDevice initialized.
[2017.07.20-12.57.41:228][666]LogWorld: Game class is 'AvaGameMode'
[2017.07.20-12.57.41:270][666]LogWorld: Bringing World /Game/Ava/Maps/UEDPIE_0_PalaceLevel.PalaceLevel up for play (max tick rate 0) at 2017.07.20-13.57.41
[2017.07.20-12.57.41:273][666]LogWorld: Bringing up level for play took: 0.043735
[2017.07.20-12.57.41:275][666]LogBlueprintUserMessages: [GameUIBP_C_26] SEt UI
[2017.07.20-12.57.41:276][666]PIE: Info Play in editor start time for /Game/Ava/Maps/UEDPIE_0_PalaceLevel -0.463
[2017.07.20-12.57.41:276][666]LogBlueprintUserMessages: Late PlayInEditor Detection: Level '/Game/Ava/Maps/PalaceLevel.PalaceLevel:PersistentLevel' has LevelScriptBlueprint '/Game/Ava/Maps/PalaceLevel.PalaceLevel:PersistentLevel.PalaceLevel' with GeneratedClass '/Game/Ava/Maps/PalaceLevel.PalaceLevel_C' with ClassGeneratedBy '/Game/Ava/Maps/PalaceLevel.PalaceLevel:PersistentLevel.PalaceLevel'
[2017.07.20-12.58.10:598][422]LogAnimMontage:Warning: Playing a Montage (CutScene_Root_Motion_Montage) for the wrong Skeleton (UE4_Mannequin_Skeleton) instead of (RigForTest_Skeleton).
[2017.07.20-12.58.57:527][819]LogBlueprintUserMessages: Early EndPlayMap Detection: Level '/Game/Ava/Maps/PalaceLevel.PalaceLevel:PersistentLevel' has LevelScriptBlueprint '/Game/Ava/Maps/PalaceLevel.PalaceLevel:PersistentLevel.PalaceLevel' with GeneratedClass '/Game/Ava/Maps/PalaceLevel.PalaceLevel_C' with ClassGeneratedBy '/Game/Ava/Maps/PalaceLevel.PalaceLevel:PersistentLevel.PalaceLevel'
[2017.07.20-12.58.57:573][819]LogBlueprintUserMessages: Late EndPlayMap Detection: Level '/Game/Ava/Maps/PalaceLevel.PalaceLevel:PersistentLevel' has LevelScriptBlueprint '/Game/Ava/Maps/PalaceLevel.PalaceLevel:PersistentLevel.PalaceLevel' with GeneratedClass '/Game/Ava/Maps/PalaceLevel.PalaceLevel_C' with ClassGeneratedBy '/Game/Ava/Maps/PalaceLevel.PalaceLevel:PersistentLevel.PalaceLevel'
[2017.07.20-12.59.25:125][ 19]LogBlueprintUserMessages: Early PlayInEditor Detection: Level '/Game/Ava/Maps/PalaceLevel.PalaceLevel:PersistentLevel' has LevelScriptBlueprint '/Game/Ava/Maps/PalaceLevel.PalaceLevel:PersistentLevel.PalaceLevel' with GeneratedClass '/Game/Ava/Maps/PalaceLevel.PalaceLevel_C' with ClassGeneratedBy '/Game/Ava/Maps/PalaceLevel.PalaceLevel:PersistentLevel.PalaceLevel'
[2017.07.20-12.59.25:125][ 19]LogPlayLevel: PlayLevel: No blueprints needed recompiling
[2017.07.20-12.59.25:125][ 19]PIE: New page: PIE session: PalaceLevel (20 Jul 2017 13:59:25)
[2017.07.20-12.59.25:125][ 19]LogPlayLevel: Creating play world package: /Game/Ava/Maps/UEDPIE_0_PalaceLevel
[2017.07.20-12.59.25:178][ 19]LogPlayLevel: PIE: StaticDuplicateObject took: (0.053174s)
[2017.07.20-12.59.25:179][ 19]LogAIModule: Creating AISystem for world PalaceLevel
[2017.07.20-12.59.25:179][ 19]LogPlayLevel: PIE: World Init took: (0.000584s)
[2017.07.20-12.59.25:179][ 19]LogPlayLevel: PIE: Created PIE world by copying editor world from /Game/Ava/Maps/PalaceLevel.PalaceLevel to /Game/Ava/Maps/UEDPIE_0_PalaceLevel.PalaceLevel (0.054076s)
[2017.07.20-12.59.25:194][ 19]LogInit: XAudio2 using 'Speakers (Realtek High Definition Audio)' : 2 channels at 48 kHz using 32 bits per sample (channel mask 0x3)
[2017.07.20-12.59.25:207][ 19]LogInit: FAudioDevice initialized.
[2017.07.20-12.59.25:273][ 19]LogWorld: Game class is 'AvaGameMode'
[2017.07.20-12.59.25:310][ 19]LogWorld: Bringing World /Game/Ava/Maps/UEDPIE_0_PalaceLevel.PalaceLevel up for play (max tick rate 0) at 2017.07.20-13.59.25
[2017.07.20-12.59.25:312][ 19]LogWorld: Bringing up level for play took: 0.038380
[2017.07.20-12.59.25:315][ 19]LogBlueprintUserMessages: [GameUIBP_C_27] SEt UI
[2017.07.20-12.59.25:315][ 19]PIE: Info Play in editor start time for /Game/Ava/Maps/UEDPIE_0_PalaceLevel -0.398
[2017.07.20-12.59.25:315][ 19]LogBlueprintUserMessages: Late PlayInEditor Detection: Level '/Game/Ava/Maps/PalaceLevel.PalaceLevel:PersistentLevel' has LevelScriptBlueprint '/Game/Ava/Maps/PalaceLevel.PalaceLevel:PersistentLevel.PalaceLevel' with GeneratedClass '/Game/Ava/Maps/PalaceLevel.PalaceLevel_C' with ClassGeneratedBy '/Game/Ava/Maps/PalaceLevel.PalaceLevel:PersistentLevel.PalaceLevel'
[2017.07.20-12.59.41:180][ 11]LogBlueprintUserMessages: Early EndPlayMap Detection: Level '/Game/Ava/Maps/PalaceLevel.PalaceLevel:PersistentLevel' has LevelScriptBlueprint '/Game/Ava/Maps/PalaceLevel.PalaceLevel:PersistentLevel.PalaceLevel' with GeneratedClass '/Game/Ava/Maps/PalaceLevel.PalaceLevel_C' with ClassGeneratedBy '/Game/Ava/Maps/PalaceLevel.PalaceLevel:PersistentLevel.PalaceLevel'
[2017.07.20-12.59.41:215][ 11]LogBlueprintUserMessages: Late EndPlayMap Detection: Level '/Game/Ava/Maps/PalaceLevel.PalaceLevel:PersistentLevel' has LevelScriptBlueprint '/Game/Ava/Maps/PalaceLevel.PalaceLevel:PersistentLevel.PalaceLevel' with GeneratedClass '/Game/Ava/Maps/PalaceLevel.PalaceLevel_C' with ClassGeneratedBy '/Game/Ava/Maps/PalaceLevel.PalaceLevel:PersistentLevel.PalaceLevel'
[2017.07.20-13.00.48:251][232]LogHotReload: New module detected: UE4Editor-Ava-6576.dll
[2017.07.20-13.00.51:593][243]LogHotReload: Starting Hot-Reload from IDE
[2017.07.20-13.00.51:663][243]LogClass: ItemDataVariables HotReload.
[2017.07.20-13.00.51:663][243]LogClass: Item HotReload.
[2017.07.20-13.00.51:666][243]LogHotReload: Re-instancing Antelope after hot-reload.
[2017.07.20-13.00.51:711][243]LogHotReload: Re-instancing Door after hot-reload.
[2017.07.20-13.00.51:898][243]LogHotReload: Re-instancing PushPullItem after hot-reload.
[2017.07.20-13.00.52:181][243]LogHotReload: Re-instancing PickUpItem after hot-reload.
[2017.07.20-13.00.52:491][243]LogHotReload: Re-instancing MainCharacter after hot-reload.
[2017.07.20-13.00.52:678][243]LogHotReload: Re-instancing OfferingStatue after hot-reload.
[2017.07.20-13.00.52:894][243]LogHotReload: Re-instancing StatueObject after hot-reload.
[2017.07.20-13.00.53:057][243]LogHotReload: Re-instancing BluePuzzle after hot-reload.
[2017.07.20-13.00.53:162][243]LogHotReload: Re-instancing GreenPuzzle after hot-reload.
[2017.07.20-13.00.53:253][243]LogHotReload: Re-instancing WhitePuzzle after hot-reload.
[2017.07.20-13.00.53:321][243]LogContentBrowser: Native class hierarchy updated for 'Ava' in 0.0025 seconds. Added 21 classes and 2 folders.
[2017.07.20-13.00.53:323][243]Warning: HotReload successful (14 functions remapped  0 scriptstructs remapped)
[2017.07.20-13.00.53:373][243]LogContentBrowser: Native class hierarchy populated in 0.0101 seconds. Added 2101 classes and 380 folders.
[2017.07.20-13.00.53:376][243]Warning: HotReload took  1.8s.
[2017.07.20-13.00.57:664][317]LogBlueprintUserMessages: Early PlayInEditor Detection: Level '/Game/Ava/Maps/PalaceLevel.PalaceLevel:PersistentLevel' has LevelScriptBlueprint '/Game/Ava/Maps/PalaceLevel.PalaceLevel:PersistentLevel.PalaceLevel' with GeneratedClass '/Game/Ava/Maps/PalaceLevel.PalaceLevel_C' with ClassGeneratedBy '/Game/Ava/Maps/PalaceLevel.PalaceLevel:PersistentLevel.PalaceLevel'
[2017.07.20-13.00.57:664][317]LogPlayLevel: PlayLevel: No blueprints needed recompiling
[2017.07.20-13.00.57:664][317]PIE: New page: PIE session: PalaceLevel (20 Jul 2017 14:00:57)
[2017.07.20-13.00.57:664][317]LogPlayLevel: Creating play world package: /Game/Ava/Maps/UEDPIE_0_PalaceLevel
[2017.07.20-13.00.57:694][317]LogProperty:Warning: Serialized Class /Script/Ava.Antelope for a property of Class /Script/Engine.StaticMeshComponent. Reference will be NULLed.
    Property = ObjectProperty /Script/Ava.OfferingStatue:Alter
    Item = Antelope /Script/Ava.Default__Antelope
[2017.07.20-13.00.57:719][317]LogPlayLevel: PIE: StaticDuplicateObject took: (0.055354s)
[2017.07.20-13.00.57:720][317]LogAIModule: Creating AISystem for world PalaceLevel
[2017.07.20-13.00.57:720][317]LogPlayLevel: PIE: World Init took: (0.000651s)
[2017.07.20-13.00.57:720][317]LogPlayLevel: PIE: Created PIE world by copying editor world from /Game/Ava/Maps/PalaceLevel.PalaceLevel to /Game/Ava/Maps/UEDPIE_0_PalaceLevel.PalaceLevel (0.056319s)
[2017.07.20-13.00.57:731][317]LogInit: XAudio2 using 'Speakers (Realtek High Definition Audio)' : 2 channels at 48 kHz using 32 bits per sample (channel mask 0x3)
[2017.07.20-13.00.57:739][317]LogInit: FAudioDevice initialized.
[2017.07.20-13.00.57:789][317]LogWorld: Game class is 'AvaGameMode'
[2017.07.20-13.00.57:827][317]LogWorld: Bringing World /Game/Ava/Maps/UEDPIE_0_PalaceLevel.PalaceLevel up for play (max tick rate 0) at 2017.07.20-14.00.57
[2017.07.20-13.00.57:829][317]LogWorld: Bringing up level for play took: 0.039238
[2017.07.20-13.00.57:832][317]LogBlueprintUserMessages: [GameUIBP_C_29] SEt UI
[2017.07.20-13.00.57:832][317]PIE: Info Play in editor start time for /Game/Ava/Maps/UEDPIE_0_PalaceLevel 0.142
[2017.07.20-13.00.57:832][317]LogBlueprintUserMessages: Late PlayInEditor Detection: Level '/Game/Ava/Maps/PalaceLevel.PalaceLevel:PersistentLevel' has LevelScriptBlueprint '/Game/Ava/Maps/PalaceLevel.PalaceLevel:PersistentLevel.PalaceLevel' with GeneratedClass '/Game/Ava/Maps/PalaceLevel.PalaceLevel_C' with ClassGeneratedBy '/Game/Ava/Maps/PalaceLevel.PalaceLevel:PersistentLevel.PalaceLevel'
[2017.07.20-13.01.03:913][689]LogBlueprintUserMessages: Early EndPlayMap Detection: Level '/Game/Ava/Maps/PalaceLevel.PalaceLevel:PersistentLevel' has LevelScriptBlueprint '/Game/Ava/Maps/PalaceLevel.PalaceLevel:PersistentLevel.PalaceLevel' with GeneratedClass '/Game/Ava/Maps/PalaceLevel.PalaceLevel_C' with ClassGeneratedBy '/Game/Ava/Maps/PalaceLevel.PalaceLevel:PersistentLevel.PalaceLevel'
[2017.07.20-13.01.03:952][689]LogBlueprintUserMessages: Late EndPlayMap Detection: Level '/Game/Ava/Maps/PalaceLevel.PalaceLevel:PersistentLevel' has LevelScriptBlueprint '/Game/Ava/Maps/PalaceLevel.PalaceLevel:PersistentLevel.PalaceLevel' with GeneratedClass '/Game/Ava/Maps/PalaceLevel.PalaceLevel_C' with ClassGeneratedBy '/Game/Ava/Maps/PalaceLevel.PalaceLevel:PersistentLevel.PalaceLevel'
[2017.07.20-13.01.32:664][793]LogHotReload: New module detected: UE4Editor-Ava-4659.dll
[2017.07.20-13.01.35:691][803]LogHotReload: Starting Hot-Reload from IDE
[2017.07.20-13.01.35:738][803]LogClass: ItemDataVariables HotReload.
[2017.07.20-13.01.35:738][803]LogClass: Item HotReload.
[2017.07.20-13.01.35:739][803]LogHotReload: Re-instancing Antelope after hot-reload.
[2017.07.20-13.01.35:775][803]LogProperty:Warning: Serialized Class /Script/Ava.Antelope for a property of Class /Script/Engine.StaticMeshComponent. Reference will be NULLed.
    Property = ObjectProperty /Script/Ava.OfferingStatue:Alter
    Item = Antelope /Script/Ava.Default__Antelope
[2017.07.20-13.01.35:777][803]LogHotReload: Re-instancing Door after hot-reload.
[2017.07.20-13.01.35:922][803]LogHotReload: Re-instancing PushPullItem after hot-reload.
[2017.07.20-13.01.35:971][803]LogProperty:Warning: Serialized Class /Script/Ava.PushPullItem for a property of Class /Script/Engine.SphereComponent. Reference will be NULLed.
    Property = ObjectProperty /Script/Ava.StatueObject:overlappingSphere
    Item = PushPullItem /Script/Ava.Default__PushPullItem
[2017.07.20-13.01.35:971][803]LogProperty:Warning: Serialized Class /Script/Ava.PushPullItem for a property of Class /Script/Engine.SphereComponent. Reference will be NULLed.
    Property = ObjectProperty /Script/Ava.StatueObject:overlappingSphere
    Item = PushPullItem /Script/Ava.Default__PushPullItem
[2017.07.20-13.01.36:170][803]LogHotReload: Re-instancing PickUpItem after hot-reload.
[2017.07.20-13.01.36:434][803]LogHotReload: Re-instancing MainCharacter after hot-reload.
[2017.07.20-13.01.36:571][803]LogHotReload: Re-instancing OfferingStatue after hot-reload.
[2017.07.20-13.01.36:731][803]LogHotReload: Re-instancing StatueObject after hot-reload.
[2017.07.20-13.01.36:881][803]LogHotReload: Re-instancing BluePuzzle after hot-reload.
[2017.07.20-13.01.36:959][803]LogHotReload: Re-instancing GreenPuzzle after hot-reload.
[2017.07.20-13.01.37:033][803]LogHotReload: Re-instancing WhitePuzzle after hot-reload.
[2017.07.20-13.01.37:108][803]LogContentBrowser: Native class hierarchy updated for 'Ava' in 0.0028 seconds. Added 21 classes and 2 folders.
[2017.07.20-13.01.37:110][803]Warning: HotReload successful (14 functions remapped  0 scriptstructs remapped)
[2017.07.20-13.01.37:166][803]LogContentBrowser: Native class hierarchy populated in 0.0124 seconds. Added 2101 classes and 380 folders.
[2017.07.20-13.01.37:169][803]Warning: HotReload took  1.5s.
[2017.07.20-13.01.38:870][894]LogBlueprintUserMessages: Early PlayInEditor Detection: Level '/Game/Ava/Maps/PalaceLevel.PalaceLevel:PersistentLevel' has LevelScriptBlueprint '/Game/Ava/Maps/PalaceLevel.PalaceLevel:PersistentLevel.PalaceLevel' with GeneratedClass '/Game/Ava/Maps/PalaceLevel.PalaceLevel_C' with ClassGeneratedBy '/Game/Ava/Maps/PalaceLevel.PalaceLevel:PersistentLevel.PalaceLevel'
[2017.07.20-13.01.38:870][894]LogPlayLevel: PlayLevel: No blueprints needed recompiling
[2017.07.20-13.01.38:870][894]PIE: New page: PIE session: PalaceLevel (20 Jul 2017 14:01:38)
[2017.07.20-13.01.38:870][894]LogPlayLevel: Creating play world package: /Game/Ava/Maps/UEDPIE_0_PalaceLevel
[2017.07.20-13.01.38:898][894]LogProperty:Warning: Serialized Class /Script/Ava.AvaGameMode for a property of Class /Script/Engine.SphereComponent. Reference will be NULLed.
    Property = ObjectProperty /Script/Ava.OfferingStatue:overlappingSphere
    Item = AvaGameMode /Script/Ava.Default__AvaGameMode
[2017.07.20-13.01.38:899][894]LogProperty:Warning: Serialized Class /Script/Ava.AvaGameMode for a property of Class /Script/Engine.SceneComponent. Reference will be NULLed.
    Property = ObjectProperty /Script/Engine.Actor:RootComponent
    Item = AvaGameMode /Script/Ava.Default__AvaGameMode
[2017.07.20-13.01.38:899][894]LogProperty:Warning: Serialized Class /Script/Ava.AvaGameMode for a property of Class /Script/Engine.SceneComponent. Reference will be NULLed.
    Property = ObjectProperty /Script/Engine.SceneComponent:AttachParent
    Item = AvaGameMode /Script/Ava.Default__AvaGameMode
[2017.07.20-13.01.38:899][894]LogProperty:Warning: Serialized Class /Script/Ava.AvaGameMode for a property of Class /Script/Engine.SceneComponent. Reference will be NULLed.
    Property = ObjectProperty /Script/Engine.SceneComponent:AttachParent
    Item = AvaGameMode /Script/Ava.Default__AvaGameMode
[2017.07.20-13.01.38:924][894]LogPlayLevel: PIE: StaticDuplicateObject took: (0.053902s)
[2017.07.20-13.01.38:925][894]LogAIModule: Creating AISystem for world PalaceLevel
[2017.07.20-13.01.38:925][894]LogPlayLevel: PIE: World Init took: (0.000615s)
[2017.07.20-13.01.38:925][894]LogPlayLevel: PIE: Created PIE world by copying editor world from /Game/Ava/Maps/PalaceLevel.PalaceLevel to /Game/Ava/Maps/UEDPIE_0_PalaceLevel.PalaceLevel (0.054827s)
[2017.07.20-13.01.38:938][894]LogInit: XAudio2 using 'Speakers (Realtek High Definition Audio)' : 2 channels at 48 kHz using 32 bits per sample (channel mask 0x3)
[2017.07.20-13.01.38:945][894]LogInit: FAudioDevice initialized.
[2017.07.20-13.01.38:991][894]LogWorld: Game class is 'AvaGameMode'
[2017.07.20-13.01.39:022][894]LogWorld: Bringing World /Game/Ava/Maps/UEDPIE_0_PalaceLevel.PalaceLevel up for play (max tick rate 0) at 2017.07.20-14.01.39
[2017.07.20-13.01.39:024][894]LogWorld: Bringing up level for play took: 0.032445
[2017.07.20-13.01.39:026][894]LogBlueprintUserMessages: [GameUIBP_C_31] SEt UI
[2017.07.20-13.01.39:027][894]PIE: Info Play in editor start time for /Game/Ava/Maps/UEDPIE_0_PalaceLevel -0.656
[2017.07.20-13.01.39:027][894]LogBlueprintUserMessages: Late PlayInEditor Detection: Level '/Game/Ava/Maps/PalaceLevel.PalaceLevel:PersistentLevel' has LevelScriptBlueprint '/Game/Ava/Maps/PalaceLevel.PalaceLevel:PersistentLevel.PalaceLevel' with GeneratedClass '/Game/Ava/Maps/PalaceLevel.PalaceLevel_C' with ClassGeneratedBy '/Game/Ava/Maps/PalaceLevel.PalaceLevel:PersistentLevel.PalaceLevel'
[2017.07.20-13.01.39:763][894]LogCrashTracker: 


[2017.07.20-13.01.39:763][894]LogCrashTracker: 


[2017.07.20-13.01.39:763][894]LogWindows:Error: === Critical error: ===


[2017.07.20-13.01.39:784][894]LogExit: Executing StaticShutdownAfterError
[2017.07.20-13.01.39:791][894]LogWindows: FPlatformMisc::RequestExit(1)
[2017.07.20-13.01.39:791][894]Log file closed, 07/20/17 14:01:39
