Log file open, 06/15/17 17:30:40
LogInit:Display: Running engine for game: Ava
LogPlatformFile: Not using cached read wrapper
LogInit:Display: RandInit(-1684668545) SRandInit(-1684668543).
LogTaskGraph: Started task graph with 4 named threads and 9 total threads with 1 sets of task threads.
LogStats: Stats thread started at 0.104033
LogInit: Version: 4.12.5-3039270+++UE4+Release-4.12
LogInit: API Version: 2992821
LogInit: Net Version: 3039270
LogDevObjectVersion: Number of dev versions registered: 13
LogDevObjectVersion:   Dev-Blueprints (B0D832E4-1F89-4F0D-ACCF-7EB736FD4AA2): 3
LogDevObjectVersion:   Dev-Build (E1C64328-A22C-4D53-A36C-8E866417BD8C): 0
LogDevObjectVersion:   Dev-Core (375EC13C-06E4-48FB-B500-84F0262A717E): 1
LogDevObjectVersion:   Dev-Editor (E4B068ED-F494-42E9-A231-DA0B2E46BB41): 2
LogDevObjectVersion:   Dev-Framework (CFFC743F-43B0-4480-9391-14DF171D2073): 6
LogDevObjectVersion:   Dev-Mobile (B02B49B5-BB20-44E9-A304-32B752E40360): 0
LogDevObjectVersion:   Dev-Networking (A4E4105C-59A1-49B5-A7C5-40C4547EDFEE): 0
LogDevObjectVersion:   Dev-Online (39C831C9-5AE6-47DC-9A44-9C173E1C8E7C): 0
LogDevObjectVersion:   Dev-Physics (78F01B33-EBEA-4F98-B9B4-84EACCB95AA2): 0
LogDevObjectVersion:   Dev-Platform (6631380F-2D4D-43E0-8009-CF276956A95A): 0
LogDevObjectVersion:   Dev-Rendering (12F88B9F-8875-4AFC-A67C-D90C383ABD29): 2
LogDevObjectVersion:   Dev-Sequencer (7B5AE74C-D270-4C10-A958-57980B212A5A): 0
LogDevObjectVersion:   Dev-VR (D7296918-1DD6-4BDD-9DE2-64A83CC13884): 0
LogInit: Compiled (64-bit): Jul  6 2016 09:09:46
LogInit: Compiled with Visual C++: 19.00.23026.00
LogInit: Build Configuration: Development
LogInit: Branch Name: ++UE4+Release-4.12
LogInit: Command line:  
LogInit: Base directory: C:/Program Files/Epic Games/4.12/Engine/Binaries/Win64/
LogInit: Installed Engine Build: 1
LogInit: Using libcurl 7.41.0
LogInit:  - built for x86_64-pc-win32
LogInit:  - supports SSL with WinSSL
LogInit:  - other features:
LogInit:      CURL_VERSION_SSL
LogInit:      CURL_VERSION_IPV6
LogInit:      CURL_VERSION_ASYNCHDNS
LogInit:      CURL_VERSION_LARGEFILE
LogInit:      CURL_VERSION_IDN
LogInit:  CurlRequestOptions (configurable via config and command line):
LogInit:  - bVerifyPeer = true  - Libcurl will verify peer certificate
LogInit:  - bUseHttpProxy = false  - Libcurl will NOT use HTTP proxy
LogInit:  - bDontReuseConnections = false  - Libcurl will reuse connections
LogInit:  - CertBundlePath = nullptr  - Libcurl will use whatever was configured at build time.
LogInit: Presizing for max 8388607 objects, including 0 objects not considered by GC, pre-allocating 0 bytes for permanent pool.
LogInit: Object subsystem initialized
[2017.06.15-16.30.41:076][  0]LogInit: Selected Device Profile: [Windows]
[2017.06.15-16.30.41:076][  0]LogInit: Applying CVar settings loaded from the selected device profile: [Windows]
[2017.06.15-16.30.41:099][  0]LogInit: Computer: PC42640
[2017.06.15-16.30.41:099][  0]LogInit: User: i7230020
[2017.06.15-16.30.41:099][  0]LogInit: CPU Page size=65536, Cores=6
[2017.06.15-16.30.41:099][  0]LogInit: High frequency timer resolution =3.410107 MHz
[2017.06.15-16.30.41:099][  0]LogMemory: Memory total: Physical=31.9GB (32GB approx)
[2017.06.15-16.30.41:099][  0]LogMemory: Platform Memory Stats for Windows
[2017.06.15-16.30.41:099][  0]LogMemory: Process Physical Memory: 196.43 MB used, 196.43 MB peak
[2017.06.15-16.30.41:099][  0]LogMemory: Process Virtual Memory: 199.07 MB used, 199.07 MB peak
[2017.06.15-16.30.41:099][  0]LogMemory: Physical Memory: 16926.45 MB used, 32684.15 MB total
[2017.06.15-16.30.41:099][  0]LogMemory: Virtual Memory: 538.89 MB used, 8388608.00 MB total
[2017.06.15-16.30.41:158][  0]LogTextLocalizationManager: No specific translations for ('en-GB') exist, so ('en') translations will be used.
[2017.06.15-16.30.41:519][  0]LogD3D11RHI: D3D11 adapters:
[2017.06.15-16.30.41:538][  0]LogD3D11RHI:    0. 'NVIDIA Quadro M4000' (Feature Level 11_0)
[2017.06.15-16.30.41:538][  0]LogD3D11RHI:       8092/0/16086 MB DedicatedVideo/DedicatedSystem/SharedSystem, Outputs:1, VendorId:0x10de
[2017.06.15-16.30.41:538][  0]LogD3D11RHI: Chosen D3D11 Adapter: 0
[2017.06.15-16.30.41:547][  0]LogD3D11RHI: Creating new Direct3DDevice
[2017.06.15-16.30.41:548][  0]LogD3D11RHI:     GPU DeviceId: 0x13f1 (for the marketing name, search the web for "GPU Device Id")
[2017.06.15-16.30.41:548][  0]LogWindows: EnumDisplayDevices:
[2017.06.15-16.30.41:548][  0]LogWindows:    0. 'NVIDIA Quadro M4000' (P:1 D:1)
[2017.06.15-16.30.41:549][  0]LogWindows:    1. 'NVIDIA Quadro M4000' (P:0 D:0)
[2017.06.15-16.30.41:549][  0]LogWindows:    2. 'NVIDIA Quadro M4000' (P:0 D:0)
[2017.06.15-16.30.41:550][  0]LogWindows:    3. 'NVIDIA Quadro M4000' (P:0 D:0)
[2017.06.15-16.30.41:550][  0]LogWindows:    4. 'RDPDD Chained DD' (P:0 D:0)
[2017.06.15-16.30.41:550][  0]LogWindows:    5. 'RDP Encoder Mirror Driver' (P:0 D:0)
[2017.06.15-16.30.41:550][  0]LogWindows:    6. 'RDP Reflector Display Driver' (P:0 D:0)
[2017.06.15-16.30.41:550][  0]LogWindows: DebugString: GetVideoDriverDetailsInvalid PrimaryIsNotTheChoosenAdapter GetVideoDriverDetailsInvalid PrimaryIsNotTheChoosenAdapter GetVideoDriverDetailsInvalid PrimaryIsNotTheChoosenAdapter FoundDriverCount:4 
[2017.06.15-16.30.41:550][  0]LogD3D11RHI:     Adapter Name: NVIDIA Quadro M4000
[2017.06.15-16.30.41:550][  0]LogD3D11RHI:   Driver Version: 362.13 (internal:10.18.13.6213, unified:362.13)
[2017.06.15-16.30.41:550][  0]LogD3D11RHI:      Driver Date: 3-18-2016
[2017.06.15-16.30.41:550][  0]LogRHI: Texture pool is 1361 MB (70% of 1945 MB)
[2017.06.15-16.30.41:559][  0]LogD3D11RHI: Async texture creation enabled
[2017.06.15-16.30.41:573][  0]LogD3D11RHI: GPU Timing Frequency: 1000.000000 (Debug: 2 2)
[2017.06.15-16.30.41:573][  0]LogShaderCompilers: Guid format shader working directory is -28 characters bigger than the processId version (../../../../../../Users/i7230020.STUDENT.000/Documents/GitHub/MastersProject/Ava/Intermediate/Shaders/WorkingDirectory/66284/).
[2017.06.15-16.30.41:573][  0]LogShaderCompilers: Cleaned the shader compiler working directory 'C:/Users/I72300~1.000/AppData/Local/Temp/UnrealShaderWorkingDir/0B48D37E45DD0FE8D3B68E9FD99F9D47/'.
[2017.06.15-16.30.41:573][  0]LogShaderCompilers:Display: Using Local Shader Compiler.
[2017.06.15-16.30.42:589][  0]LogTemp:Display: Loaded TP AllDesktopTargetPlatform
[2017.06.15-16.30.42:598][  0]LogTemp:Display: Loaded TP WindowsClientTargetPlatform
[2017.06.15-16.30.42:607][  0]LogTemp:Display: Loaded TP WindowsNoEditorTargetPlatform
[2017.06.15-16.30.42:616][  0]LogTemp:Display: Loaded TP WindowsServerTargetPlatform
[2017.06.15-16.30.42:625][  0]LogTemp:Display: Loaded TP WindowsTargetPlatform
[2017.06.15-16.30.42:634][  0]LogTemp:Display: Loaded TP AndroidTargetPlatform
[2017.06.15-16.30.42:643][  0]LogTemp:Display: Loaded TP Android_ASTCTargetPlatform
[2017.06.15-16.30.42:653][  0]LogTemp:Display: Loaded TP Android_ATCTargetPlatform
[2017.06.15-16.30.42:661][  0]LogTemp:Display: Loaded TP Android_DXTTargetPlatform
[2017.06.15-16.30.42:669][  0]LogTemp:Display: Loaded TP Android_ETC1TargetPlatform
[2017.06.15-16.30.42:677][  0]LogTemp:Display: Loaded TP Android_ETC2TargetPlatform
[2017.06.15-16.30.42:693][  0]LogTemp:Display: Loaded TP Android_MultiTargetPlatform
[2017.06.15-16.30.42:693][  0]LogTemp:Display: Loaded TP Android_PVRTCTargetPlatform
[2017.06.15-16.30.42:695][  0]LogTemp:Display: Loaded TP HTML5TargetPlatform
[2017.06.15-16.30.42:718][  0]LogTemp:Display: Loaded TP IOSTargetPlatform
[2017.06.15-16.30.42:725][  0]LogTemp:Display: Loaded TP TVOSTargetPlatform
[2017.06.15-16.30.42:733][  0]LogTemp:Display: Loaded TP LinuxNoEditorTargetPlatform
[2017.06.15-16.30.42:741][  0]LogTemp:Display: Loaded TP LinuxServerTargetPlatform
[2017.06.15-16.30.42:749][  0]LogTemp:Display: Loaded TP LinuxTargetPlatform
[2017.06.15-16.30.42:749][  0]LogTargetPlatformManager:Display: Building Assets For Windows
[2017.06.15-16.30.42:868][  0]LogDerivedDataCache:Display: Max Cache Size: 512 MB
[2017.06.15-16.30.42:916][  0]LogDerivedDataCache: Loaded boot cache 0.05s 49MB C:/Users/i7230020.STUDENT.000/AppData/Local/UnrealEngine/4.12/DerivedDataCache/Boot.ddc.
[2017.06.15-16.30.42:916][  0]LogDerivedDataCache:Display: Loaded Boot cache: C:/Users/i7230020.STUDENT.000/AppData/Local/UnrealEngine/4.12/DerivedDataCache/Boot.ddc
[2017.06.15-16.30.42:916][  0]LogDerivedDataCache: FDerivedDataBackendGraph:  Pak pak cache file ../../../../../../Users/i7230020.STUDENT.000/Documents/GitHub/MastersProject/Ava/DerivedDataCache/DDC.ddp not found, will not use a pak cache.
[2017.06.15-16.30.42:916][  0]LogDerivedDataCache: Unable to find inner node Pak for hierarchical cache Hierarchy.
[2017.06.15-16.30.42:916][  0]LogDerivedDataCache: FDerivedDataBackendGraph:  CompressedPak pak cache file ../../../../../../Users/i7230020.STUDENT.000/Documents/GitHub/MastersProject/Ava/DerivedDataCache/Compressed.ddp not found, will not use a pak cache.
[2017.06.15-16.30.42:916][  0]LogDerivedDataCache: Unable to find inner node CompressedPak for hierarchical cache Hierarchy.
[2017.06.15-16.30.42:931][  0]LogDerivedDataCache:Display: Pak cache opened for reading ../../../Engine/DerivedDataCache/Compressed.ddp.
[2017.06.15-16.30.42:944][  0]LogDerivedDataCache: Using Local data cache path C:/Users/i7230020.STUDENT.000/AppData/Local/UnrealEngine/Common/DerivedDataCache: Writable
[2017.06.15-16.30.43:142][  0]LogInit: Selected Device Profile: [Windows]
[2017.06.15-16.30.43:142][  0]LogContentStreaming: Texture pool size is 0.00 MB
[2017.06.15-16.30.43:323][  0]LogMeshUtilities: No automatic mesh reduction module available
[2017.06.15-16.30.43:323][  0]LogMeshUtilities: No automatic mesh merging module available
[2017.06.15-16.30.43:323][  0]LogMeshUtilities: No distributed automatic mesh merging module available
[2017.06.15-16.30.43:581][  0]LogAssetRegistry: FAssetRegistry took 0.0203 seconds to start up
[2017.06.15-16.30.43:667][  0]LogPackageLocalizationCache: Processed 4 localized package path(s) for 2 prioritized culture(s) in 0.081765 seconds
[2017.06.15-16.30.43:671][  0]LogUObjectArray: 28739 objects as part of root set at end of initial load.
[2017.06.15-16.30.43:671][  0]LogUObjectAllocator: 5855632 out of 0 bytes used by permanent object pool.
[2017.06.15-16.30.43:671][  0]LogUObjectArray: CloseDisregardForGC: 0/0 objects in disregard for GC pool
[2017.06.15-16.30.43:677][  0]LogInit: WinSock: version 1.1 (2.2), MaxSocks=32767, MaxUdp=65467
[2017.06.15-16.30.43:853][  0]LogSlate: SlateFontCache - WITH_FREETYPE: 1, WITH_HARFBUZZ: 1
[2017.06.15-16.30.43:853][  0]LogSlate: SlateFontCache - WITH_FREETYPE: 1, WITH_HARFBUZZ: 1
[2017.06.15-16.30.44:765][  0]LogUdpMessaging: Initializing bridge on interface 0.0.0.0:0 to multicast group 230.0.0.1:6666.
[2017.06.15-16.30.45:073][  0]SourceControl: Info Source control is disabled
[2017.06.15-16.30.45:076][  0]SourceControl: Info Source control is disabled
[2017.06.15-16.30.45:096][  0]SourceControl: Info Source control is disabled
[2017.06.15-16.30.45:116][  0]SourceControl: Info Source control is disabled
[2017.06.15-16.30.45:367][  0]LogHoudiniEngine: Starting the Houdini Engine module.
[2017.06.15-16.30.45:368][  0]LogHoudiniEngine: Loaded libHAPIL.dll from Registry path C:\Program Files\Side Effects Software\Houdini 15.5.632/bin
[2017.06.15-16.30.45:369][  0]LogLinker:Warning: Asset '../../../Engine/Plugins/Runtime/HoudiniEngine/Content/houdini_logo.uasset' has been saved with empty engine version. The asset will be loaded but may be incompatible.
[2017.06.15-16.30.45:370][  0]LogLinker:Warning: Asset '../../../Engine/Plugins/Runtime/HoudiniEngine/Content/houdini_default_material.uasset' has been saved with empty engine version. The asset will be loaded but may be incompatible.
[2017.06.15-16.30.45:374][  0]LogLinker:Warning: Asset '../../../Engine/Plugins/Runtime/HoudiniEngine/Content/houdini_bgeo_import.uasset' has been saved with empty engine version. The asset will be loaded but may be incompatible.
[2017.06.15-16.30.46:405][  0]LogHoudiniEngine: Successfully initialized the Houdini Engine API module.
[2017.06.15-16.30.46:607][  0]LogEngine: Initializing Engine...
[2017.06.15-16.30.46:608][  0]LogHMD: SteamVR failed to initialize.  Err: 110
[2017.06.15-16.30.46:610][  0]LogHMD: SteamVR failed to initialize.  Err: 110
[2017.06.15-16.30.46:747][  0]LogAIModule: Creating AISystem for world NewWorld
[2017.06.15-16.30.46:754][  0]LogInit: XAudio2 using 'Speakers (Realtek High Definition Audio)' : 2 channels at 48 kHz using 32 bits per sample (channel mask 0x3)
[2017.06.15-16.30.46:765][  0]LogInit: FAudioDevice initialized.
[2017.06.15-16.30.46:789][  0]LogDerivedDataCache: Saved boot cache 0.02s 49MB C:/Users/i7230020.STUDENT.000/AppData/Local/UnrealEngine/4.12/DerivedDataCache/Boot.ddc.
[2017.06.15-16.30.46:795][  0]LogInit: Texture streaming: Enabled
[2017.06.15-16.30.46:823][  0]LogInit: Transaction tracking system initialized
[2017.06.15-16.30.46:845][  0]BlueprintLog: New page: Editor Load
[2017.06.15-16.30.46:914][  0]LocalizationService: Info Localization service is disabled
[2017.06.15-16.30.47:002][  0]LogConsoleResponse:Display: 
[2017.06.15-16.30.47:109][  0]LogCook:Display: Max memory allowance for cook 8192mb
[2017.06.15-16.30.47:109][  0]LogCook:Display: Mobile HDR setting 1
[2017.06.15-16.30.47:236][  0]LogFileCache: Scanning file cache for directory 'C:/Users/i7230020.STUDENT.000/Documents/GitHub/MastersProject/Ava/Content/' took 0.02s
[2017.06.15-16.30.47:236][  0]LogHoudiniEngineEditor: Starting the Houdini Engine Editor module.
[2017.06.15-16.30.47:278][  0]SourceControl: Info Source control is disabled
[2017.06.15-16.30.47:278][  0]Cmd: MAP LOAD FILE="../../../../../../Users/i7230020.STUDENT.000/Documents/GitHub/MastersProject/Ava/Content/Ava/Maps/MainMenu.umap" TEMPLATE=0 SHOWPROGRESS=1 FEATURELEVEL=3
[2017.06.15-16.30.47:279][  0]LightingResults: New page: Lighting Build
[2017.06.15-16.30.47:281][  0]MapCheck: New page: Map Check
[2017.06.15-16.30.47:281][  0]LightingResults: New page: Lighting Build
[2017.06.15-16.30.47:403][  0]LogAIModule: Creating AISystem for world MainMenu
[2017.06.15-16.30.47:404][  0]LogEditorServer: Finished looking for orphan Actors (0.000 secs)
[2017.06.15-16.30.47:404][  0]Cmd: MAP CHECKDEP NOCLEARLOG
[2017.06.15-16.30.47:478][  0]MapCheck: Info Map check complete: 0 Error(s), 0 Warning(s), took 73.848ms to complete.
[2017.06.15-16.30.47:478][  0]LogFileHelpers: Loading map 'MainMenu' took 0.200
[2017.06.15-16.30.47:588][  0]LogCollectionManager: Loaded 0 collections in 0.001708 seconds
[2017.06.15-16.30.47:628][  0]LogFileCache: Scanning file cache for directory 'C:/Users/i7230020.STUDENT.000/Documents/GitHub/MastersProject/Ava/Saved/Collections/' took 0.01s
[2017.06.15-16.30.47:628][  0]LogFileCache: Scanning file cache for directory 'C:/Users/i7230020.STUDENT.000/Documents/GitHub/MastersProject/Ava/Content/Developers/i7230020/Collections/' took 0.01s
[2017.06.15-16.30.47:628][  0]LogFileCache: Scanning file cache for directory 'C:/Users/i7230020.STUDENT.000/Documents/GitHub/MastersProject/Ava/Content/Collections/' took 0.01s
[2017.06.15-16.30.47:628][  0]LogCollectionManager: Rebuilt the GUID cache for 0 collections in 0.000002 seconds
[2017.06.15-16.30.47:637][  0]LogContentBrowser: Native class hierarchy populated in 0.0088 seconds. Added 2085 classes and 376 folders.
[2017.06.15-16.30.47:641][  0]LogStats: UGameplayTagsManager::ConstructGameplayTagTree: Construct from data asset -  0.000 s
[2017.06.15-16.30.47:641][  0]LogStats: UGameplayTagsManager::ConstructGameplayTagTree: GameplayTagTreeChangedEvent.Broadcast -  0.000 s
[2017.06.15-16.30.47:644][  0]LogContentBrowser: Native class hierarchy updated for 'GameplayTags' in 0.0023 seconds. Added 12 classes and 0 folders.
[2017.06.15-16.30.47:650][  0]LogContentBrowser: Native class hierarchy updated for 'WidgetCarousel' in 0.0022 seconds. Added 0 classes and 0 folders.
[2017.06.15-16.30.47:725][  0]LogContentBrowser: Native class hierarchy updated for 'AddContentDialog' in 0.0023 seconds. Added 0 classes and 0 folders.
[2017.06.15-16.30.47:731][  0]LogContentBrowser: Native class hierarchy updated for 'SceneOutliner' in 0.0024 seconds. Added 1 classes and 2 folders.
[2017.06.15-16.30.47:743][  0]LogCrashTracker: Crashtracker disabled due to settings.
[2017.06.15-16.30.47:746][  0]LogUObjectGlobals:Warning: Failed to find object 'Class None.'
[2017.06.15-16.30.47:772][  0]LogContentBrowser: Native class hierarchy updated for 'HierarchicalLODOutliner' in 0.0023 seconds. Added 1 classes and 2 folders.
[2017.06.15-16.30.47:772][  0]LogLoad: Full Startup: 29.07 seconds (BP compile: 0.02 seconds)
[2017.06.15-16.30.47:772][  0]LogExternalProfiler: Found external profiler: VSPerf
[2017.06.15-16.30.47:772][  0]LogExternalProfiler: Using external profiler: VSPerf
[2017.06.15-16.30.47:782][  0]LogOcInput: OculusInput pre-init called
[2017.06.15-16.30.47:812][  0]LogContentStreaming: Texture pool size now 1000 MB
[2017.06.15-16.30.47:964][  0]LogRenderer: Reallocating scene render targets to support 1776x668 (Frame:2).
[2017.06.15-16.30.48:002][  1]LogFileCache: Retrieving MD5 hashes for directory 'C:/Users/i7230020.STUDENT.000/Documents/GitHub/MastersProject/Ava/Content/' took 0.21s
[2017.06.15-16.30.48:014][  1]LogAssetRegistry: Asset discovery search completed in 4.4541 seconds
[2017.06.15-16.30.48:014][  1]LogCollectionManager: Rebuilt the object cache for 0 collections in 0.000001 seconds (found 0 objects)
[2017.06.15-16.30.48:014][  1]LogCollectionManager: Fixed up redirectors for 0 collections in 0.000109 seconds (updated 0 objects)
[2017.06.15-16.30.56:207][780]LogBlueprint:Warning: Compiler Warning InputAction Event references unknown Action 'Crouch' for  InputAction Crouch 
[2017.06.15-16.30.56:210][780]LogBlueprint:Warning: Compiler Warning [0037.50] Compile of Ue4ASP_Character successful, but with 1 Warning(s) [in 7 ms] (/Game/AnimStarterPack/Ue4ASP_Character.Ue4ASP_Character)
[2017.06.15-16.30.56:210][780]LogBlueprint:Warning: Compiler Warning [0037.50] Compile of Ue4ASP_Character successful, but with 2 Warning(s) [in 0 ms] (/Game/AnimStarterPack/Ue4ASP_Character.Ue4ASP_Character)
[2017.06.15-16.30.56:210][780]LogBlueprint:Warning: Compiler Warning [0037.50] Compile of Ue4ASP_Character successful, but with 3 Warning(s) [in 0 ms] (/Game/AnimStarterPack/Ue4ASP_Character.Ue4ASP_Character)
[2017.06.15-16.30.56:282][780]LogBlueprint:Warning: Compiler Warning InputAction Event references unknown Action 'Crouch' for  InputAction Crouch 
[2017.06.15-16.30.56:284][780]LogBlueprint:Warning: Compiler Warning [0037.58] Compile of Ue4ASP_Character successful, but with 1 Warning(s) [in 8 ms] (/Game/AnimStarterPack/Ue4ASP_Character.Ue4ASP_Character)
[2017.06.15-16.30.56:284][780]LogBlueprint:Warning: Compiler Warning [0037.58] Compile of Ue4ASP_Character successful, but with 2 Warning(s) [in 0 ms] (/Game/AnimStarterPack/Ue4ASP_Character.Ue4ASP_Character)
[2017.06.15-16.30.56:285][780]LogBlueprint:Warning: Compiler Warning [0037.58] Compile of Ue4ASP_Character successful, but with 3 Warning(s) [in 0 ms] (/Game/AnimStarterPack/Ue4ASP_Character.Ue4ASP_Character)
[2017.06.15-16.30.56:764][780]LogAIModule: Creating AISystem for world PalaceLevel
[2017.06.15-16.30.56:812][780]Cmd: MAP LOAD FILE="../../../../../../Users/i7230020.STUDENT.000/Documents/GitHub/MastersProject/Ava/Content/Ava/Maps/PalaceLevel.umap" TEMPLATE=0 SHOWPROGRESS=1 FEATURELEVEL=3
[2017.06.15-16.30.56:812][780]LightingResults: New page: Lighting Build
[2017.06.15-16.30.56:812][780]LoadErrors: New page: Loading map: PalaceLevel.umap
[2017.06.15-16.30.56:813][780]MapCheck: New page: Map Check
[2017.06.15-16.30.56:813][780]LightingResults: New page: Lighting Build
[2017.06.15-16.30.56:835][780]LogEditorServer: Finished looking for orphan Actors (0.000 secs)
[2017.06.15-16.30.56:863][780]Cmd: MAP CHECKDEP NOCLEARLOG
[2017.06.15-16.30.56:957][780]MapCheck: Info Map check complete: 0 Error(s), 0 Warning(s), took 94.072ms to complete.
[2017.06.15-16.30.56:957][780]LogFileHelpers: Loading map 'PalaceLevel' took 0.146
[2017.06.15-16.30.58:199][894]LogBlueprintUserMessages: Early PlayInEditor Detection: Level '/Game/Ava/Maps/PalaceLevel.PalaceLevel:PersistentLevel' has LevelScriptBlueprint '/Game/Ava/Maps/PalaceLevel.PalaceLevel:PersistentLevel.PalaceLevel' with GeneratedClass '/Game/Ava/Maps/PalaceLevel.PalaceLevel_C' with ClassGeneratedBy '/Game/Ava/Maps/PalaceLevel.PalaceLevel:PersistentLevel.PalaceLevel'
[2017.06.15-16.30.58:199][894]LogPlayLevel: PlayLevel: No blueprints needed recompiling
[2017.06.15-16.30.58:200][894]PIE: New page: SIE session: PalaceLevel (15 Jun 2017 17:30:58)
[2017.06.15-16.30.58:200][894]LogPlayLevel: Creating play world package: /Game/Ava/Maps/UEDPIE_0_PalaceLevel
[2017.06.15-16.30.58:247][894]LogPlayLevel: PIE: StaticDuplicateObject took: (0.047125s)
[2017.06.15-16.30.58:248][894]LogAIModule: Creating AISystem for world PalaceLevel
[2017.06.15-16.30.58:248][894]LogPlayLevel: PIE: World Init took: (0.000783s)
[2017.06.15-16.30.58:248][894]LogPlayLevel: PIE: Created PIE world by copying editor world from /Game/Ava/Maps/PalaceLevel.PalaceLevel to /Game/Ava/Maps/UEDPIE_0_PalaceLevel.PalaceLevel (0.048340s)
[2017.06.15-16.30.58:259][894]LogInit: XAudio2 using 'Speakers (Realtek High Definition Audio)' : 2 channels at 48 kHz using 32 bits per sample (channel mask 0x3)
[2017.06.15-16.30.58:265][894]LogInit: FAudioDevice initialized.
[2017.06.15-16.30.58:323][894]LogWorld: Game class is 'AvaGameMode'
[2017.06.15-16.30.58:397][894]LogWorld: Bringing World /Game/Ava/Maps/UEDPIE_0_PalaceLevel.PalaceLevel up for play (max tick rate 0) at 2017.06.15-17.30.58
[2017.06.15-16.30.58:400][894]LogWorld: Bringing up level for play took: 0.075783
[2017.06.15-16.30.58:406][894]LogContentBrowser: Native class hierarchy updated for 'MovieSceneCapture' in 0.0024 seconds. Added 11 classes and 0 folders.
[2017.06.15-16.30.58:407][894]PIE: Info Play in editor start time for /Game/Ava/Maps/UEDPIE_0_PalaceLevel -0.323
[2017.06.15-16.30.58:411][894]LogBlueprintUserMessages: Late PlayInEditor Detection: Level '/Game/Ava/Maps/PalaceLevel.PalaceLevel:PersistentLevel' has LevelScriptBlueprint '/Game/Ava/Maps/PalaceLevel.PalaceLevel:PersistentLevel.PalaceLevel' with GeneratedClass '/Game/Ava/Maps/PalaceLevel.PalaceLevel_C' with ClassGeneratedBy '/Game/Ava/Maps/PalaceLevel.PalaceLevel:PersistentLevel.PalaceLevel'
[2017.06.15-16.30.59:059][894]LogCrashTracker: 


[2017.06.15-16.30.59:059][894]LogCrashTracker: 


[2017.06.15-16.30.59:059][894]LogWindows:Error: === Critical error: ===
Fatal error!



[2017.06.15-16.30.59:086][894]LogExit: Executing StaticShutdownAfterError
[2017.06.15-16.30.59:090][894]LogWindows: FPlatformMisc::RequestExit(1)
[2017.06.15-16.30.59:090][894]Log file closed, 06/15/17 17:30:59
