Log file open, 07/24/17 12:08:08
LogInit:Display: Running engine for game: Ava
LogPlatformFile: Not using cached read wrapper
LogInit:Display: RandInit(-1620844937) SRandInit(-1620844936).
LogTaskGraph: Started task graph with 4 named threads and 9 total threads with 1 sets of task threads.
LogStats: Stats thread started at 0.097998
LogInit: Version: 4.12.5-3039270+++UE4+Release-4.12
LogInit: API Version: 2992821
LogInit: Net Version: 3039270
LogDevObjectVersion: Number of dev versions registered: 13
LogDevObjectVersion:   Dev-Blueprints (B0D832E4-1F89-4F0D-ACCF-7EB736FD4AA2): 3
LogDevObjectVersion:   Dev-Build (E1C64328-A22C-4D53-A36C-8E866417BD8C): 0
LogDevObjectVersion:   Dev-Core (375EC13C-06E4-48FB-B500-84F0262A717E): 1
LogDevObjectVersion:   Dev-Editor (E4B068ED-F494-42E9-A231-DA0B2E46BB41): 2
LogDevObjectVersion:   Dev-Framework (CFFC743F-43B0-4480-9391-14DF171D2073): 6
LogDevObjectVersion:   Dev-Mobile (B02B49B5-BB20-44E9-A304-32B752E40360): 0
LogDevObjectVersion:   Dev-Networking (A4E4105C-59A1-49B5-A7C5-40C4547EDFEE): 0
LogDevObjectVersion:   Dev-Online (39C831C9-5AE6-47DC-9A44-9C173E1C8E7C): 0
LogDevObjectVersion:   Dev-Physics (78F01B33-EBEA-4F98-B9B4-84EACCB95AA2): 0
LogDevObjectVersion:   Dev-Platform (6631380F-2D4D-43E0-8009-CF276956A95A): 0
LogDevObjectVersion:   Dev-Rendering (12F88B9F-8875-4AFC-A67C-D90C383ABD29): 2
LogDevObjectVersion:   Dev-Sequencer (7B5AE74C-D270-4C10-A958-57980B212A5A): 0
LogDevObjectVersion:   Dev-VR (D7296918-1DD6-4BDD-9DE2-64A83CC13884): 0
LogInit: Compiled (64-bit): Jul  6 2016 09:09:46
LogInit: Compiled with Visual C++: 19.00.23026.00
LogInit: Build Configuration: Development
LogInit: Branch Name: ++UE4+Release-4.12
LogInit: Command line: -EpicPortal 
LogInit: Base directory: C:/Program Files/Epic Games/4.12/Engine/Binaries/Win64/
LogInit: Installed Engine Build: 1
LogInit: Using libcurl 7.41.0
LogInit:  - built for x86_64-pc-win32
LogInit:  - supports SSL with WinSSL
LogInit:  - other features:
LogInit:      CURL_VERSION_SSL
LogInit:      CURL_VERSION_IPV6
LogInit:      CURL_VERSION_ASYNCHDNS
LogInit:      CURL_VERSION_LARGEFILE
LogInit:      CURL_VERSION_IDN
LogInit:  CurlRequestOptions (configurable via config and command line):
LogInit:  - bVerifyPeer = true  - Libcurl will verify peer certificate
LogInit:  - bUseHttpProxy = false  - Libcurl will NOT use HTTP proxy
LogInit:  - bDontReuseConnections = false  - Libcurl will reuse connections
LogInit:  - CertBundlePath = nullptr  - Libcurl will use whatever was configured at build time.
LogInit: Presizing for max 8388607 objects, including 0 objects not considered by GC, pre-allocating 0 bytes for permanent pool.
LogInit: Object subsystem initialized
[2017.07.24-11.08.08:665][  0]LogInit: Selected Device Profile: [Windows]
[2017.07.24-11.08.08:665][  0]LogInit: Applying CVar settings loaded from the selected device profile: [Windows]
[2017.07.24-11.08.08:676][  0]LogInit: Computer: PC42635
[2017.07.24-11.08.08:676][  0]LogInit: User: i7230020
[2017.07.24-11.08.08:676][  0]LogInit: CPU Page size=65536, Cores=6
[2017.07.24-11.08.08:676][  0]LogInit: High frequency timer resolution =3.410126 MHz
[2017.07.24-11.08.08:676][  0]LogMemory: Memory total: Physical=31.9GB (32GB approx)
[2017.07.24-11.08.08:676][  0]LogMemory: Platform Memory Stats for Windows
[2017.07.24-11.08.08:676][  0]LogMemory: Process Physical Memory: 195.67 MB used, 195.67 MB peak
[2017.07.24-11.08.08:676][  0]LogMemory: Process Virtual Memory: 198.77 MB used, 198.77 MB peak
[2017.07.24-11.08.08:676][  0]LogMemory: Physical Memory: 8942.26 MB used, 32684.15 MB total
[2017.07.24-11.08.08:676][  0]LogMemory: Virtual Memory: 537.81 MB used, 8388608.00 MB total
[2017.07.24-11.08.08:738][  0]LogTextLocalizationManager: No specific translations for ('en-GB') exist, so ('en') translations will be used.
[2017.07.24-11.08.09:085][  0]LogD3D11RHI: D3D11 adapters:
[2017.07.24-11.08.09:102][  0]LogD3D11RHI:    0. 'NVIDIA Quadro M4000' (Feature Level 11_0)
[2017.07.24-11.08.09:102][  0]LogD3D11RHI:       8092/0/16086 MB DedicatedVideo/DedicatedSystem/SharedSystem, Outputs:1, VendorId:0x10de
[2017.07.24-11.08.09:102][  0]LogD3D11RHI: Chosen D3D11 Adapter: 0
[2017.07.24-11.08.09:107][  0]LogD3D11RHI: Creating new Direct3DDevice
[2017.07.24-11.08.09:108][  0]LogD3D11RHI:     GPU DeviceId: 0x13f1 (for the marketing name, search the web for "GPU Device Id")
[2017.07.24-11.08.09:108][  0]LogWindows: EnumDisplayDevices:
[2017.07.24-11.08.09:108][  0]LogWindows:    0. 'NVIDIA Quadro M4000' (P:1 D:1)
[2017.07.24-11.08.09:109][  0]LogWindows:    1. 'NVIDIA Quadro M4000' (P:0 D:0)
[2017.07.24-11.08.09:109][  0]LogWindows:    2. 'NVIDIA Quadro M4000' (P:0 D:0)
[2017.07.24-11.08.09:110][  0]LogWindows:    3. 'NVIDIA Quadro M4000' (P:0 D:0)
[2017.07.24-11.08.09:110][  0]LogWindows:    4. 'RDPDD Chained DD' (P:0 D:0)
[2017.07.24-11.08.09:111][  0]LogWindows:    5. 'RDP Encoder Mirror Driver' (P:0 D:0)
[2017.07.24-11.08.09:111][  0]LogWindows:    6. 'RDP Reflector Display Driver' (P:0 D:0)
[2017.07.24-11.08.09:111][  0]LogWindows: DebugString: GetVideoDriverDetailsInvalid PrimaryIsNotTheChoosenAdapter GetVideoDriverDetailsInvalid PrimaryIsNotTheChoosenAdapter GetVideoDriverDetailsInvalid PrimaryIsNotTheChoosenAdapter FoundDriverCount:4 
[2017.07.24-11.08.09:111][  0]LogD3D11RHI:     Adapter Name: NVIDIA Quadro M4000
[2017.07.24-11.08.09:111][  0]LogD3D11RHI:   Driver Version: 362.13 (internal:10.18.13.6213, unified:362.13)
[2017.07.24-11.08.09:111][  0]LogD3D11RHI:      Driver Date: 3-18-2016
[2017.07.24-11.08.09:111][  0]LogRHI: Texture pool is 1361 MB (70% of 1945 MB)
[2017.07.24-11.08.09:118][  0]LogD3D11RHI: Async texture creation enabled
[2017.07.24-11.08.09:131][  0]LogD3D11RHI: GPU Timing Frequency: 1000.000000 (Debug: 2 2)
[2017.07.24-11.08.09:131][  0]LogShaderCompilers: Guid format shader working directory is -11 characters bigger than the processId version (W:/University Work/Masters/MastersProject/MastersProject/Ava/Intermediate/Shaders/WorkingDirectory/9280/).
[2017.07.24-11.08.09:131][  0]LogShaderCompilers: Cleaned the shader compiler working directory 'C:/Users/i7230020/AppData/Local/Temp/UnrealShaderWorkingDir/C5EF6F5442C541A83C0D008C79BBC424/'.
[2017.07.24-11.08.09:131][  0]LogShaderCompilers:Display: Using Local Shader Compiler.
[2017.07.24-11.08.10:256][  0]LogTemp:Display: Loaded TP AllDesktopTargetPlatform
[2017.07.24-11.08.10:265][  0]LogTemp:Display: Loaded TP WindowsClientTargetPlatform
[2017.07.24-11.08.10:274][  0]LogTemp:Display: Loaded TP WindowsNoEditorTargetPlatform
[2017.07.24-11.08.10:283][  0]LogTemp:Display: Loaded TP WindowsServerTargetPlatform
[2017.07.24-11.08.10:293][  0]LogTemp:Display: Loaded TP WindowsTargetPlatform
[2017.07.24-11.08.10:300][  0]LogTemp:Display: Loaded TP AndroidTargetPlatform
[2017.07.24-11.08.10:308][  0]LogTemp:Display: Loaded TP Android_ASTCTargetPlatform
[2017.07.24-11.08.10:315][  0]LogTemp:Display: Loaded TP Android_ATCTargetPlatform
[2017.07.24-11.08.10:324][  0]LogTemp:Display: Loaded TP Android_DXTTargetPlatform
[2017.07.24-11.08.10:336][  0]LogTemp:Display: Loaded TP Android_ETC1TargetPlatform
[2017.07.24-11.08.10:345][  0]LogTemp:Display: Loaded TP Android_ETC2TargetPlatform
[2017.07.24-11.08.10:362][  0]LogTemp:Display: Loaded TP Android_MultiTargetPlatform
[2017.07.24-11.08.10:362][  0]LogTemp:Display: Loaded TP Android_PVRTCTargetPlatform
[2017.07.24-11.08.10:364][  0]LogTemp:Display: Loaded TP HTML5TargetPlatform
[2017.07.24-11.08.10:387][  0]LogTemp:Display: Loaded TP IOSTargetPlatform
[2017.07.24-11.08.10:395][  0]LogTemp:Display: Loaded TP TVOSTargetPlatform
[2017.07.24-11.08.10:404][  0]LogTemp:Display: Loaded TP LinuxNoEditorTargetPlatform
[2017.07.24-11.08.10:412][  0]LogTemp:Display: Loaded TP LinuxServerTargetPlatform
[2017.07.24-11.08.10:420][  0]LogTemp:Display: Loaded TP LinuxTargetPlatform
[2017.07.24-11.08.10:420][  0]LogTargetPlatformManager:Display: Building Assets For Windows
[2017.07.24-11.08.10:516][  0]LogDerivedDataCache:Display: Max Cache Size: 512 MB
[2017.07.24-11.08.10:574][  0]LogDerivedDataCache: Loaded boot cache 0.06s 62MB C:/Users/i7230020/AppData/Local/UnrealEngine/4.12/DerivedDataCache/Boot.ddc.
[2017.07.24-11.08.10:575][  0]LogDerivedDataCache:Display: Loaded Boot cache: C:/Users/i7230020/AppData/Local/UnrealEngine/4.12/DerivedDataCache/Boot.ddc
[2017.07.24-11.08.10:575][  0]LogDerivedDataCache: FDerivedDataBackendGraph:  Pak pak cache file W:/University Work/Masters/MastersProject/MastersProject/Ava/DerivedDataCache/DDC.ddp not found, will not use a pak cache.
[2017.07.24-11.08.10:575][  0]LogDerivedDataCache: Unable to find inner node Pak for hierarchical cache Hierarchy.
[2017.07.24-11.08.10:575][  0]LogDerivedDataCache: FDerivedDataBackendGraph:  CompressedPak pak cache file W:/University Work/Masters/MastersProject/MastersProject/Ava/DerivedDataCache/Compressed.ddp not found, will not use a pak cache.
[2017.07.24-11.08.10:575][  0]LogDerivedDataCache: Unable to find inner node CompressedPak for hierarchical cache Hierarchy.
[2017.07.24-11.08.10:595][  0]LogDerivedDataCache:Display: Pak cache opened for reading ../../../Engine/DerivedDataCache/Compressed.ddp.
[2017.07.24-11.08.10:608][  0]LogDerivedDataCache: Using Local data cache path C:/Users/i7230020/AppData/Local/UnrealEngine/Common/DerivedDataCache: Writable
[2017.07.24-11.08.11:934][  0]LogInit: Selected Device Profile: [Windows]
[2017.07.24-11.08.11:934][  0]LogContentStreaming: Texture pool size is 0.00 MB
[2017.07.24-11.08.12:135][  0]LogMeshUtilities: No automatic mesh reduction module available
[2017.07.24-11.08.12:135][  0]LogMeshUtilities: No automatic mesh merging module available
[2017.07.24-11.08.12:135][  0]LogMeshUtilities: No distributed automatic mesh merging module available
[2017.07.24-11.08.12:380][  0]LogAssetRegistry: FAssetRegistry took 0.0201 seconds to start up
[2017.07.24-11.08.12:447][  0]LogPackageLocalizationCache: Processed 4 localized package path(s) for 2 prioritized culture(s) in 0.063921 seconds
[2017.07.24-11.08.12:454][  0]LogUObjectArray: 28739 objects as part of root set at end of initial load.
[2017.07.24-11.08.12:454][  0]LogUObjectAllocator: 5855632 out of 0 bytes used by permanent object pool.
[2017.07.24-11.08.12:454][  0]LogUObjectArray: CloseDisregardForGC: 0/0 objects in disregard for GC pool
[2017.07.24-11.08.12:460][  0]LogInit: WinSock: version 1.1 (2.2), MaxSocks=32767, MaxUdp=65467
[2017.07.24-11.08.12:646][  0]LogSlate: SlateFontCache - WITH_FREETYPE: 1, WITH_HARFBUZZ: 1
[2017.07.24-11.08.12:646][  0]LogSlate: SlateFontCache - WITH_FREETYPE: 1, WITH_HARFBUZZ: 1
[2017.07.24-11.08.13:568][  0]LogUdpMessaging: Initializing bridge on interface 0.0.0.0:0 to multicast group 230.0.0.1:6666.
[2017.07.24-11.08.13:656][  0]LogStats: FPlatformStackWalk::StackWalkAndDump -  0.015 s
[2017.07.24-11.08.13:656][  0]LogOutputDevice:Warning: === Handled error: ===

Ensure condition failed: !AttachmentRules.bWeldSimulatedBodies [File:D:\Build\++UE4+Release-4.12+Compile\Sync\Engine\Source\Runtime\Engine\Private\Components\SceneComponent.cpp] [Line: 1481]
AttachToComponent when called from a constructor cannot weld simulated bodies. Consider calling SetupAttachment directly instead.
Stack: 
UE4Editor-Core.dll
UE4Editor-Core.dll
UE4Editor-Core.dll
UE4Editor-Engine.dll
UE4Editor-Ava-5082.dll
UE4Editor-CoreUObject.dll
UE4Editor-CoreUObject.dll
UE4Editor-CoreUObject.dll
UE4Editor-CoreUObject.dll
UE4Editor-Core.dll
UE4Editor-Core.dll
UE4Editor-Projects.dll
UE4Editor-Projects.dll
UE4Editor.exe
UE4Editor.exe
UE4Editor.exe
UE4Editor.exe
UE4Editor.exe
UE4Editor.exe
kernel32.dll
ntdll.dll
ntdll.dll

[2017.07.24-11.08.13:656][  0]LogStats:                SubmitErrorReport -  0.000 s
[2017.07.24-11.08.14:129][  0]LogStats:                    SendNewReport -  0.473 s
[2017.07.24-11.08.14:129][  0]LogStats:             FDebug::EnsureFailed -  0.489 s
[2017.07.24-11.08.14:391][  0]SourceControl: Info Source control is disabled
[2017.07.24-11.08.14:394][  0]SourceControl: Info Source control is disabled
[2017.07.24-11.08.14:410][  0]SourceControl: Info Source control is disabled
[2017.07.24-11.08.14:425][  0]SourceControl: Info Source control is disabled
[2017.07.24-11.08.14:619][  0]LogHoudiniEngine: Starting the Houdini Engine module.
[2017.07.24-11.08.14:620][  0]LogHoudiniEngine: Loaded libHAPIL.dll from HFS environment path C:/PROGRA~1/SIDEEF~1/HOUDIN~1.632/bin
[2017.07.24-11.08.14:620][  0]LogLinker:Warning: Asset '../../../Engine/Plugins/Runtime/HoudiniEngine/Content/houdini_logo.uasset' has been saved with empty engine version. The asset will be loaded but may be incompatible.
[2017.07.24-11.08.14:622][  0]LogLinker:Warning: Asset '../../../Engine/Plugins/Runtime/HoudiniEngine/Content/houdini_default_material.uasset' has been saved with empty engine version. The asset will be loaded but may be incompatible.
[2017.07.24-11.08.14:627][  0]LogLinker:Warning: Asset '../../../Engine/Plugins/Runtime/HoudiniEngine/Content/houdini_bgeo_import.uasset' has been saved with empty engine version. The asset will be loaded but may be incompatible.
[2017.07.24-11.08.15:723][  0]LogHoudiniEngine: Successfully initialized the Houdini Engine API module.
[2017.07.24-11.08.15:872][  0]LogEngine: Initializing Engine...
[2017.07.24-11.08.15:874][  0]LogHMD: SteamVR failed to initialize.  Err: 110
[2017.07.24-11.08.15:876][  0]LogHMD: SteamVR failed to initialize.  Err: 110
[2017.07.24-11.08.16:063][  0]LogAIModule: Creating AISystem for world NewWorld
[2017.07.24-11.08.16:067][  0]LogInit: XAudio2 using 'Speakers (Realtek High Definition Audio)' : 2 channels at 48 kHz using 32 bits per sample (channel mask 0x3)
[2017.07.24-11.08.16:079][  0]LogInit: FAudioDevice initialized.
[2017.07.24-11.08.16:107][  0]LogDerivedDataCache: Saved boot cache 0.03s 49MB C:/Users/i7230020/AppData/Local/UnrealEngine/4.12/DerivedDataCache/Boot.ddc.
[2017.07.24-11.08.16:113][  0]LogInit: Texture streaming: Enabled
[2017.07.24-11.08.16:136][  0]LogInit: Transaction tracking system initialized
[2017.07.24-11.08.16:158][  0]BlueprintLog: New page: Editor Load
[2017.07.24-11.08.16:228][  0]LocalizationService: Info Localization service is disabled
[2017.07.24-11.08.16:302][  0]LogConsoleResponse:Display: 
[2017.07.24-11.08.16:420][  0]LogCook:Display: Max memory allowance for cook 8192mb
[2017.07.24-11.08.16:420][  0]LogCook:Display: Mobile HDR setting 1
[2017.07.24-11.08.16:522][  0]LogFileCache: Scanning file cache for directory 'W:/University Work/Masters/MastersProject/MastersProject/Ava/Content/' took 0.02s
[2017.07.24-11.08.16:522][  0]LogHoudiniEngineEditor: Starting the Houdini Engine Editor module.
[2017.07.24-11.08.16:569][  0]SourceControl: Info Source control is disabled
[2017.07.24-11.08.16:570][  0]Cmd: MAP LOAD FILE="W:/University Work/Masters/MastersProject/MastersProject/Ava/Content/Ava/Maps/PalaceLevel.umap" TEMPLATE=0 SHOWPROGRESS=1 FEATURELEVEL=3
[2017.07.24-11.08.16:570][  0]LightingResults: New page: Lighting Build
[2017.07.24-11.08.16:573][  0]MapCheck: New page: Map Check
[2017.07.24-11.08.16:573][  0]LightingResults: New page: Lighting Build
[2017.07.24-11.08.22:766][  0]LogStaticMesh: Building static mesh fake_wall_panel...
[2017.07.24-11.08.23:138][  0]LogStaticMesh: Built static mesh [0.37s] /Game/TemporaryContent/fake_wall_panel.fake_wall_panel
[2017.07.24-11.08.23:147][  0]LogStaticMesh: Building static mesh Door...
[2017.07.24-11.08.23:153][  0]LogStaticMesh: Built static mesh [0.01s] /Game/TemporaryContent/Door.Door
[2017.07.24-11.08.23:252][  0]LogTexture:Display: Building textures: banner-bg (BGRA8)
[2017.07.24-11.08.23:582][  0]LogTexture:Display: Building textures: HQ_Lightmap0_3 (AutoDXT)
[2017.07.24-11.08.23:855][  0]LogTexture:Display: Building textures: HQ_Lightmap0_4 (AutoDXT)
[2017.07.24-11.08.24:140][  0]LogTexture:Display: Building textures: HQ_Lightmap0_5 (AutoDXT)
[2017.07.24-11.08.24:402][  0]LogTexture:Display: Building textures: HQ_Lightmap0_6 (AutoDXT)
[2017.07.24-11.08.24:490][  0]LogTexture:Display: Building textures: HQ_Lightmap1_7 (AutoDXT)
[2017.07.24-11.08.24:514][  0]LogTexture:Display: Building textures: LQ_Lightmap_0_3 (DXT1)
[2017.07.24-11.08.24:631][  0]LogTexture:Display: Building textures: LQ_Lightmap_0_4 (DXT1)
[2017.07.24-11.08.24:829][  0]LogTexture:Display: Building textures: LQ_Lightmap_0_5 (DXT1)
[2017.07.24-11.08.24:941][  0]LogTexture:Display: Building textures: LQ_Lightmap_1_6 (DXT1)
[2017.07.24-11.08.24:986][  0]LogTexture:Display: Building textures: LQ_Lightmap_1_7 (DXT1)
[2017.07.24-11.08.25:088][  0]LogTexture:Display: Building textures: NoisedCloud (AutoDXT)
[2017.07.24-11.08.25:463][  0]LogMaterial: Missing cached shader map for material FogTest, compiling. 
[2017.07.24-11.08.25:573][  0]LogTexture:Display: Building textures: ShadowMapTexture2D_1 (BGRA8)
[2017.07.24-11.08.25:695][  0]LogTexture:Display: Building textures: ShadowMapTexture2D_2 (G8)
[2017.07.24-11.08.25:714][  0]LogTexture:Display: Building textures: ShadowMapTexture2D_3 (G8)
[2017.07.24-11.08.25:755][  0]LogStaticMesh: Building static mesh big_circle...
[2017.07.24-11.08.25:783][  0]LogStaticMesh: Built static mesh [0.03s] /Game/Ava/Modelling/GreenRoom/Statue/big_circle.big_circle
[2017.07.24-11.08.25:786][  0]LogStaticMesh: Building static mesh altar1...
[2017.07.24-11.08.25:814][  0]LogStaticMesh: Built static mesh [0.03s] /Game/TemporaryContent/altar1.altar1
[2017.07.24-11.08.25:814][  0]LogStaticMesh: Building static mesh altar_buddha_small...
[2017.07.24-11.08.25:853][  0]LogStaticMesh: Built static mesh [0.04s] /Game/TemporaryContent/altar_buddha_small.altar_buddha_small
[2017.07.24-11.08.25:909][  0]LogStaticMesh: Building static mesh lotus_updated...
[2017.07.24-11.08.27:721][  0]LogStaticMesh: Built static mesh [1.81s] /Game/TemporaryContent/lotus_updated.lotus_updated
[2017.07.24-11.08.27:823][  0]LogStaticMesh: Building static mesh Green_Tara_combined...
[2017.07.24-11.08.30:169][  0]LogStaticMesh: Built static mesh [2.35s] /Game/Ava/Modelling/GreenRoom/Green_Tara_combined.Green_Tara_combined
[2017.07.24-11.08.30:177][  0]LogStaticMesh: Building static mesh wall_decor...
[2017.07.24-11.08.30:180][  0]LogStaticMesh: Built static mesh [0.00s] /Game/Ava/Modelling/GreenRoom/Objects/wall_decor.wall_decor
[2017.07.24-11.08.30:255][  0]LogAnimationCompression: Building Anim DDC data for AnimSequence /Game/TemporaryContent/CutScene_Root_Motion.CutScene_Root_Motion
[2017.07.24-11.08.30:277][  0]LogAudioDerivedData:Display: Building compressed audio format OGG wave 92068__jaraxe__jibberish__1_...
[2017.07.24-11.08.30:644][  0]LogTexture:Display: Building textures: T_Water_N (BC5)
[2017.07.24-11.08.31:201][  0]LogTexture:Display: Building textures: T_Water_M (AutoDXT)
[2017.07.24-11.08.32:475][  0]LogTexture:Display: Building textures: T_Metal_Rust_N (BC5)
[2017.07.24-11.08.33:254][  0]LogTexture:Display: Building textures: T_Metal_Rust_D (AutoDXT)
[2017.07.24-11.08.35:358][  0]LogTexture:Display: Building textures: T_Metal_Gold_D (AutoDXT)
[2017.07.24-11.08.37:029][  0]LogTexture:Display: Building textures: T_Metal_Gold_N (BC5)
[2017.07.24-11.08.37:656][  0]LogTexture:Display: Building textures: T_Metal_Copper_D (AutoDXT)
[2017.07.24-11.08.39:164][  0]LogMaterial: Missing cached shader map for material podium_volour_Mat, compiling. 
[2017.07.24-11.08.39:208][  0]LogMaterial: Missing cached shader map for material lambert1, compiling. 
[2017.07.24-11.08.39:283][  0]LogTexture:Display: Building textures: 7285-normal (BC5)
[2017.07.24-11.08.39:335][  0]LogMaterial: Missing cached shader map for material M_Basic_Wall, compiling. 
[2017.07.24-11.08.39:335][  0]LogMaterial:Warning: Failed to compile Material /Game/StarterContent/Materials/M_Basic_Wall.M_Basic_Wall for platform PCD3D_SM5, Default Material will be used in game.
[2017.07.24-11.08.39:335][  0]LogMaterial:Warning: 	(Node TextureSample) TextureSample> Missing input texture
[2017.07.24-11.08.39:343][  0]LogMaterial: Missing cached shader map for material M_MaterialSphere_Plain, compiling. 
[2017.07.24-11.08.39:366][  0]LogMaterial: Missing cached shader map for material M_MaterialSphere, compiling. 
[2017.07.24-11.08.39:405][  0]LogMaterial: Missing cached shader map for material lambert6, compiling. 
[2017.07.24-11.08.39:430][  0]LogMaterial: Missing cached shader map for material lambert6, compiling. 
[2017.07.24-11.08.39:519][  0]LogMaterial: Missing cached shader map for material lambert3, compiling. 
[2017.07.24-11.08.39:585][  0]LogMaterial: Missing cached shader map for material lambert1, compiling. 
[2017.07.24-11.08.39:618][  0]LogMaterial: Missing cached shader map for material initialShadingGroup2, compiling. 
[2017.07.24-11.08.39:671][  0]LogMaterial: Missing cached shader map for material initialShadingGroup1, compiling. 
[2017.07.24-11.08.39:728][  0]LogMaterial: Missing cached shader map for material lambert7, compiling. 
[2017.07.24-11.08.39:766][  0]LogMaterial: Missing cached shader map for material pCylinder56Mat, compiling. 
[2017.07.24-11.08.39:783][  0]LogMaterial: Missing cached shader map for material pCylinder55Mat, compiling. 
[2017.07.24-11.08.39:839][  0]LogMaterial: Missing cached shader map for material pCylinder54Mat, compiling. 
[2017.07.24-11.08.40:124][  0]LogAIModule: Creating AISystem for world PalaceLevel
[2017.07.24-11.08.40:252][  0]LogEditorServer: Finished looking for orphan Actors (0.000 secs)
[2017.07.24-11.08.40:256][  0]Cmd: MAP CHECKDEP NOCLEARLOG
[2017.07.24-11.08.40:491][  0]MapCheck: Info Map check complete: 0 Error(s), 0 Warning(s), took 234.972ms to complete.
[2017.07.24-11.08.40:492][  0]LogFileHelpers: Loading map 'PalaceLevel' took 23.923
[2017.07.24-11.08.40:920][  0]LogCollectionManager: Loaded 0 collections in 0.002369 seconds
[2017.07.24-11.08.40:963][  0]LogFileCache: Scanning file cache for directory 'W:/University Work/Masters/MastersProject/MastersProject/Ava/Saved/Collections/' took 0.01s
[2017.07.24-11.08.40:963][  0]LogFileCache: Scanning file cache for directory 'W:/University Work/Masters/MastersProject/MastersProject/Ava/Content/Developers/i7230020/Collections/' took 0.01s
[2017.07.24-11.08.40:963][  0]LogFileCache: Scanning file cache for directory 'W:/University Work/Masters/MastersProject/MastersProject/Ava/Content/Collections/' took 0.01s
[2017.07.24-11.08.40:963][  0]LogCollectionManager: Rebuilt the GUID cache for 0 collections in 0.000003 seconds
[2017.07.24-11.08.40:979][  0]LogContentBrowser: Native class hierarchy populated in 0.0157 seconds. Added 2102 classes and 376 folders.
[2017.07.24-11.08.40:984][  0]LogStats: UGameplayTagsManager::ConstructGameplayTagTree: Construct from data asset -  0.000 s
[2017.07.24-11.08.40:984][  0]LogStats: UGameplayTagsManager::ConstructGameplayTagTree: GameplayTagTreeChangedEvent.Broadcast -  0.000 s
[2017.07.24-11.08.40:988][  0]LogContentBrowser: Native class hierarchy updated for 'GameplayTags' in 0.0038 seconds. Added 12 classes and 0 folders.
[2017.07.24-11.08.40:998][  0]LogContentBrowser: Native class hierarchy updated for 'WidgetCarousel' in 0.0037 seconds. Added 0 classes and 0 folders.
[2017.07.24-11.08.41:086][  0]LogContentBrowser: Native class hierarchy updated for 'AddContentDialog' in 0.0040 seconds. Added 0 classes and 0 folders.
[2017.07.24-11.08.41:095][  0]LogContentBrowser: Native class hierarchy updated for 'SceneOutliner' in 0.0040 seconds. Added 1 classes and 2 folders.
[2017.07.24-11.08.41:114][  0]LogCrashTracker: Crashtracker disabled due to settings.
[2017.07.24-11.08.41:119][  0]LogUObjectGlobals:Warning: Failed to find object 'Class None.'
[2017.07.24-11.08.41:150][  0]LogContentBrowser: Native class hierarchy updated for 'HierarchicalLODOutliner' in 0.0038 seconds. Added 1 classes and 2 folders.
[2017.07.24-11.08.41:150][  0]LogLoad: Full Startup: 34.92 seconds (BP compile: 0.94 seconds)
[2017.07.24-11.08.41:150][  0]LogExternalProfiler: Found external profiler: VSPerf
[2017.07.24-11.08.41:150][  0]LogExternalProfiler: Using external profiler: VSPerf
[2017.07.24-11.08.41:162][  0]LogOcInput: OculusInput pre-init called
[2017.07.24-11.08.41:183][  0]LogContentStreaming: Texture pool size now 1000 MB
[2017.07.24-11.08.41:494][  0]LogRenderer: Reallocating scene render targets to support 804x564 (Frame:2).
[2017.07.24-11.08.42:007][  2]LogAssetRegistry: Asset discovery search completed in 29.6486 seconds
[2017.07.24-11.08.42:007][  2]LogCollectionManager: Rebuilt the object cache for 0 collections in 0.000001 seconds (found 0 objects)
[2017.07.24-11.08.42:007][  2]LogCollectionManager: Fixed up redirectors for 0 collections in 0.000030 seconds (updated 0 objects)
[2017.07.24-11.13.47:117][  0]LogEditor: Attempting to add actor of class 'PickUpItem' to level at -485.00,-3215.00,905.00
[2017.07.24-11.13.48:050][ 82]LogEditor: Attempting to add actor of class 'PickUpItem' to level at -485.00,-3245.00,905.00
[2017.07.24-11.13.49:718][225]Cmd: CAMERA ALIGN ACTIVEVIEWPORTONLY
[2017.07.24-11.13.51:716][393]Cmd: CAMERA ALIGN ACTIVEVIEWPORTONLY
[2017.07.24-11.14.03:353][505]Cmd: CAMERA ALIGN ACTIVEVIEWPORTONLY
[2017.07.24-11.14.13:589][335]LogBlueprintUserMessages: Early PlayInEditor Detection: Level '/Game/Ava/Maps/PalaceLevel.PalaceLevel:PersistentLevel' has LevelScriptBlueprint '/Game/Ava/Maps/PalaceLevel.PalaceLevel:PersistentLevel.PalaceLevel' with GeneratedClass '/Game/Ava/Maps/PalaceLevel.PalaceLevel_C' with ClassGeneratedBy '/Game/Ava/Maps/PalaceLevel.PalaceLevel:PersistentLevel.PalaceLevel'
[2017.07.24-11.14.13:589][335]LogPlayLevel: PlayLevel: No blueprints needed recompiling
[2017.07.24-11.14.13:593][335]PIE: New page: PIE session: PalaceLevel (24 Jul 2017 12:14:13)
[2017.07.24-11.14.13:593][335]LogPlayLevel: Creating play world package: /Game/Ava/Maps/UEDPIE_0_PalaceLevel
[2017.07.24-11.14.13:767][335]LogPlayLevel: PIE: StaticDuplicateObject took: (0.174611s)
[2017.07.24-11.14.13:768][335]LogAIModule: Creating AISystem for world PalaceLevel
[2017.07.24-11.14.13:768][335]LogPlayLevel: PIE: World Init took: (0.000703s)
[2017.07.24-11.14.13:768][335]LogPlayLevel: PIE: Created PIE world by copying editor world from /Game/Ava/Maps/PalaceLevel.PalaceLevel to /Game/Ava/Maps/UEDPIE_0_PalaceLevel.PalaceLevel (0.175686s)
[2017.07.24-11.14.13:828][335]LogInit: XAudio2 using 'Speakers (Realtek High Definition Audio)' : 2 channels at 48 kHz using 32 bits per sample (channel mask 0x3)
[2017.07.24-11.14.13:836][335]LogInit: FAudioDevice initialized.
[2017.07.24-11.14.13:902][335]LogWorld: Game class is 'AvaGameMode'
[2017.07.24-11.14.13:941][335]LogWorld: Bringing World /Game/Ava/Maps/UEDPIE_0_PalaceLevel.PalaceLevel up for play (max tick rate 0) at 2017.07.24-12.14.13
[2017.07.24-11.14.13:944][335]LogWorld: Bringing up level for play took: 0.040053
[2017.07.24-11.14.13:963][335]LogContentBrowser: Native class hierarchy updated for 'MovieSceneCapture' in 0.0026 seconds. Added 11 classes and 0 folders.
[2017.07.24-11.14.14:038][335]LogBlueprintUserMessages: [GameUIBP_C_0] SEt UI
[2017.07.24-11.14.14:039][335]PIE: Info Play in editor start time for /Game/Ava/Maps/UEDPIE_0_PalaceLevel -0.048
[2017.07.24-11.14.14:039][335]LogBlueprintUserMessages: Late PlayInEditor Detection: Level '/Game/Ava/Maps/PalaceLevel.PalaceLevel:PersistentLevel' has LevelScriptBlueprint '/Game/Ava/Maps/PalaceLevel.PalaceLevel:PersistentLevel.PalaceLevel' with GeneratedClass '/Game/Ava/Maps/PalaceLevel.PalaceLevel_C' with ClassGeneratedBy '/Game/Ava/Maps/PalaceLevel.PalaceLevel:PersistentLevel.PalaceLevel'
[2017.07.24-11.14.23:885][314]LogTexture:Display: Building textures: bracelet (AutoDXT)
[2017.07.24-11.14.28:304][775]LogTexture:Display: Building textures: Scroll1Hovered (AutoDXT)
[2017.07.24-11.14.51:729][278]LogBlueprintUserMessages: Early EndPlayMap Detection: Level '/Game/Ava/Maps/PalaceLevel.PalaceLevel:PersistentLevel' has LevelScriptBlueprint '/Game/Ava/Maps/PalaceLevel.PalaceLevel:PersistentLevel.PalaceLevel' with GeneratedClass '/Game/Ava/Maps/PalaceLevel.PalaceLevel_C' with ClassGeneratedBy '/Game/Ava/Maps/PalaceLevel.PalaceLevel:PersistentLevel.PalaceLevel'
[2017.07.24-11.14.51:787][278]LogBlueprintUserMessages: Late EndPlayMap Detection: Level '/Game/Ava/Maps/PalaceLevel.PalaceLevel:PersistentLevel' has LevelScriptBlueprint '/Game/Ava/Maps/PalaceLevel.PalaceLevel:PersistentLevel.PalaceLevel' with GeneratedClass '/Game/Ava/Maps/PalaceLevel.PalaceLevel_C' with ClassGeneratedBy '/Game/Ava/Maps/PalaceLevel.PalaceLevel:PersistentLevel.PalaceLevel'
[2017.07.24-11.14.57:203][680]Cmd: CAMERA ALIGN ACTIVEVIEWPORTONLY
[2017.07.24-11.15.03:207][216]Cmd: CAMERA ALIGN ACTIVEVIEWPORTONLY
[2017.07.24-11.15.09:176][701]Cmd: CAMERA ALIGN ACTIVEVIEWPORTONLY
[2017.07.24-11.15.21:870][643]LogEditorViewport: Clicking on Actor (LMB): Brush (Doorway_4_)
[2017.07.24-11.15.22:064][655]Cmd: CAMERA ALIGN ACTIVEVIEWPORTONLY
[2017.07.24-11.15.24:594][881]LogEditorViewport: Clicking on Actor (LMB): PlayVideo_C (PlayVideo)
[2017.07.24-11.15.28:237][194]LogEditorViewport: Clicking on Actor (LMB): MyMainCharacterBP_C (MyMainCharacterBP)
[2017.07.24-11.15.31:671][415]LogBlueprintUserMessages: Early PlayInEditor Detection: Level '/Game/Ava/Maps/PalaceLevel.PalaceLevel:PersistentLevel' has LevelScriptBlueprint '/Game/Ava/Maps/PalaceLevel.PalaceLevel:PersistentLevel.PalaceLevel' with GeneratedClass '/Game/Ava/Maps/PalaceLevel.PalaceLevel_C' with ClassGeneratedBy '/Game/Ava/Maps/PalaceLevel.PalaceLevel:PersistentLevel.PalaceLevel'
[2017.07.24-11.15.31:671][415]LogPlayLevel: PlayLevel: No blueprints needed recompiling
[2017.07.24-11.15.31:671][415]PIE: New page: PIE session: PalaceLevel (24 Jul 2017 12:15:31)
[2017.07.24-11.15.31:671][415]LogPlayLevel: Creating play world package: /Game/Ava/Maps/UEDPIE_0_PalaceLevel
[2017.07.24-11.15.31:730][415]LogPlayLevel: PIE: StaticDuplicateObject took: (0.059113s)
[2017.07.24-11.15.31:731][415]LogAIModule: Creating AISystem for world PalaceLevel
[2017.07.24-11.15.31:731][415]LogPlayLevel: PIE: World Init took: (0.000600s)
[2017.07.24-11.15.31:731][415]LogPlayLevel: PIE: Created PIE world by copying editor world from /Game/Ava/Maps/PalaceLevel.PalaceLevel to /Game/Ava/Maps/UEDPIE_0_PalaceLevel.PalaceLevel (0.060048s)
[2017.07.24-11.15.31:774][415]LogInit: XAudio2 using 'Speakers (Realtek High Definition Audio)' : 2 channels at 48 kHz using 32 bits per sample (channel mask 0x3)
[2017.07.24-11.15.31:785][415]LogInit: FAudioDevice initialized.
[2017.07.24-11.15.31:830][415]LogWorld: Game class is 'AvaGameMode'
[2017.07.24-11.15.31:860][415]LogWorld: Bringing World /Game/Ava/Maps/UEDPIE_0_PalaceLevel.PalaceLevel up for play (max tick rate 0) at 2017.07.24-12.15.31
[2017.07.24-11.15.31:862][415]LogWorld: Bringing up level for play took: 0.031318
[2017.07.24-11.15.31:865][415]LogBlueprintUserMessages: [GameUIBP_C_1] SEt UI
[2017.07.24-11.15.31:865][415]PIE: Info Play in editor start time for /Game/Ava/Maps/UEDPIE_0_PalaceLevel -0.235
[2017.07.24-11.15.31:865][415]LogBlueprintUserMessages: Late PlayInEditor Detection: Level '/Game/Ava/Maps/PalaceLevel.PalaceLevel:PersistentLevel' has LevelScriptBlueprint '/Game/Ava/Maps/PalaceLevel.PalaceLevel:PersistentLevel.PalaceLevel' with GeneratedClass '/Game/Ava/Maps/PalaceLevel.PalaceLevel_C' with ClassGeneratedBy '/Game/Ava/Maps/PalaceLevel.PalaceLevel:PersistentLevel.PalaceLevel'
[2017.07.24-11.15.44:861][244]LogBlueprintUserMessages: Early EndPlayMap Detection: Level '/Game/Ava/Maps/PalaceLevel.PalaceLevel:PersistentLevel' has LevelScriptBlueprint '/Game/Ava/Maps/PalaceLevel.PalaceLevel:PersistentLevel.PalaceLevel' with GeneratedClass '/Game/Ava/Maps/PalaceLevel.PalaceLevel_C' with ClassGeneratedBy '/Game/Ava/Maps/PalaceLevel.PalaceLevel:PersistentLevel.PalaceLevel'
[2017.07.24-11.15.44:974][244]LogBlueprintUserMessages: Late EndPlayMap Detection: Level '/Game/Ava/Maps/PalaceLevel.PalaceLevel:PersistentLevel' has LevelScriptBlueprint '/Game/Ava/Maps/PalaceLevel.PalaceLevel:PersistentLevel.PalaceLevel' with GeneratedClass '/Game/Ava/Maps/PalaceLevel.PalaceLevel_C' with ClassGeneratedBy '/Game/Ava/Maps/PalaceLevel.PalaceLevel:PersistentLevel.PalaceLevel'
[2017.07.24-11.17.50:360][617]Cmd: OBJ SAVEPACKAGE PACKAGE="/Game/Ava/Maps/PalaceLevel" FILE="W:/University Work/Masters/MastersProject/MastersProject/Ava/Content/Ava/Maps/PalaceLevel.umap" SILENT=true AUTOSAVING=false KEEPDIRTY=false
[2017.07.24-11.17.51:443][617]LogSavePackage: Save=786.93ms
[2017.07.24-11.17.51:443][617]LogSavePackage: Moving 'W:/University Work/Masters/MastersProject/MastersProject/Ava/Saved/PalaceLevel37258CDF49A0825B3C1AC4948415AEA2.tmp' to 'W:/University Work/Masters/MastersProject/MastersProject/Ava/Content/Ava/Maps/PalaceLevel.umap'
[2017.07.24-11.17.51:452][617]LogSavePackage:Display: Finished SavePackage W:/University Work/Masters/MastersProject/MastersProject/Ava/Content/Ava/Maps/PalaceLevel.umap
[2017.07.24-11.17.51:498][617]LogFileHelpers: Saving map 'PalaceLevel' took 2.414
[2017.07.24-11.17.51:846][618]Cmd: QUIT_EDITOR
[2017.07.24-11.17.51:921][618]LogExit: Preparing to exit.
[2017.07.24-11.17.52:752][618]LogHoudiniEngine: HAPI Synchronous Deletion of  Started. HoudiniAsset = 0x0, 
[2017.07.24-11.17.52:758][618]LogExit: Editor shut down
[2017.07.24-11.17.52:758][618]LogExit: Transaction tracking system shut down
[2017.07.24-11.17.52:889][618]LogObj: Freed 0b from 0 cluster array pools.
[2017.07.24-11.17.52:889][618]LogExit: Object subsystem successfully closed.
[2017.07.24-11.17.52:912][618]LogD3D11RHI: Shutdown
[2017.07.24-11.17.52:912][618]LogD3D11RHI: CleanupD3DDevice
[2017.07.24-11.17.52:983][618]LogD3D11RHI: ~FD3D11DynamicRHI
[2017.07.24-11.17.52:999][618]LogModuleManager: Shutting down and abandoning module MovieSceneCapture (217)
[2017.07.24-11.17.52:999][618]LogModuleManager: Shutting down and abandoning module HierarchicalLODOutliner (216)
[2017.07.24-11.17.52:999][618]LogModuleManager: Shutting down and abandoning module CrashTracker (215)
[2017.07.24-11.17.52:999][618]LogModuleManager: Shutting down and abandoning module SceneOutliner (214)
[2017.07.24-11.17.52:999][618]LogModuleManager: Shutting down and abandoning module WidgetCarousel (213)
[2017.07.24-11.17.52:999][618]LogModuleManager: Shutting down and abandoning module AddContentDialog (212)
[2017.07.24-11.17.53:001][618]LogModuleManager: Shutting down and abandoning module GameplayTags (211)
[2017.07.24-11.17.53:001][618]LogModuleManager: Shutting down and abandoning module EditorWidgets (210)
[2017.07.24-11.17.53:001][618]LogModuleManager: Shutting down and abandoning module CollectionManager (209)
[2017.07.24-11.17.53:001][618]LogModuleManager: Shutting down and abandoning module StatsViewer (208)
[2017.07.24-11.17.53:001][618]LogModuleManager: Shutting down and abandoning module FoliageEdit (207)
[2017.07.24-11.17.53:001][618]LogModuleManager: Shutting down and abandoning module LandscapeEditor (206)
[2017.07.24-11.17.53:001][618]LogModuleManager: Shutting down and abandoning module SceneDepthPickerMode (205)
[2017.07.24-11.17.53:001][618]LogModuleManager: Shutting down and abandoning module ActorPickerMode (204)
[2017.07.24-11.17.53:001][618]LogModuleManager: Shutting down and abandoning module GeometryMode (203)
[2017.07.24-11.17.53:001][618]LogModuleManager: Shutting down and abandoning module TextureAlignMode (202)
[2017.07.24-11.17.53:001][618]LogModuleManager: Shutting down and abandoning module BspMode (201)
[2017.07.24-11.17.53:001][618]LogModuleManager: Shutting down and abandoning module HardwareSurvey (200)
[2017.07.24-11.17.53:001][618]LogModuleManager: Shutting down and abandoning module SequenceRecorderSections (199)
[2017.07.24-11.17.53:001][618]LogModuleManager: Shutting down and abandoning module SequenceRecorder (198)
[2017.07.24-11.17.53:001][618]LogModuleManager: Shutting down and abandoning module AutomationWorker (197)
[2017.07.24-11.17.53:001][618]LogModuleManager: Shutting down and abandoning module HoudiniEngineEditor (196)
[2017.07.24-11.17.53:001][618]LogHoudiniEngineEditor: Shutting down the Houdini Engine Editor module.
[2017.07.24-11.17.53:001][618]LogModuleManager: Shutting down and abandoning module MatineeToLevelSequence (195)
[2017.07.24-11.17.53:001][618]LogModuleManager: Shutting down and abandoning module PlacementMode (194)
[2017.07.24-11.17.53:002][618]LogModuleManager: Shutting down and abandoning module LevelSequenceEditor (193)
[2017.07.24-11.17.53:002][618]LogModuleManager: Shutting down and abandoning module CharacterAI (192)
[2017.07.24-11.17.53:002][618]LogModuleManager: Shutting down and abandoning module SmartSnapping (191)
[2017.07.24-11.17.53:002][618]LogModuleManager: Shutting down and abandoning module SessionServices (190)
[2017.07.24-11.17.53:002][618]LogModuleManager: Shutting down and abandoning module ViewportSnapping (189)
[2017.07.24-11.17.53:002][618]LogModuleManager: Shutting down and abandoning module LogVisualizer (188)
[2017.07.24-11.17.53:002][618]LogModuleManager: Shutting down and abandoning module GameProjectGeneration (187)
[2017.07.24-11.17.53:002][618]LogModuleManager: Shutting down and abandoning module IntroTutorials (186)
[2017.07.24-11.17.53:002][618]LogModuleManager: Shutting down and abandoning module EditorLiveStreaming (185)
[2017.07.24-11.17.53:002][618]LogModuleManager: Shutting down and abandoning module IOSPlatformEditor (184)
[2017.07.24-11.17.53:002][618]LogModuleManager: Shutting down and abandoning module HTML5PlatformEditor (183)
[2017.07.24-11.17.53:002][618]LogModuleManager: Shutting down and abandoning module AndroidDeviceDetection (182)
[2017.07.24-11.17.53:413][618]LogModuleManager: Shutting down and abandoning module AndroidPlatformEditor (181)
[2017.07.24-11.17.53:414][618]LogModuleManager: Shutting down and abandoning module IOSRuntimeSettings (180)
[2017.07.24-11.17.53:414][618]LogModuleManager: Shutting down and abandoning module AndroidRuntimeSettings (179)
[2017.07.24-11.17.53:414][618]LogModuleManager: Shutting down and abandoning module MergeActors (178)
[2017.07.24-11.17.53:414][618]LogModuleManager: Shutting down and abandoning module SizeMap (177)
[2017.07.24-11.17.53:414][618]LogModuleManager: Shutting down and abandoning module TreeMap (176)
[2017.07.24-11.17.53:414][618]LogModuleManager: Shutting down and abandoning module ReferenceViewer (175)
[2017.07.24-11.17.53:414][618]LogModuleManager: Shutting down and abandoning module LocalizationService (174)
[2017.07.24-11.17.53:414][618]LogModuleManager: Shutting down and abandoning module LocalizationDashboard (173)
[2017.07.24-11.17.53:414][618]LogModuleManager: Shutting down and abandoning module HardwareTargeting (172)
[2017.07.24-11.17.53:414][618]LogModuleManager: Shutting down and abandoning module DeviceProfileEditor (171)
[2017.07.24-11.17.53:414][618]LogModuleManager: Shutting down and abandoning module UndoHistory (170)
[2017.07.24-11.17.53:414][618]LogModuleManager: Shutting down and abandoning module UserFeedback (169)
[2017.07.24-11.17.53:414][618]LogModuleManager: Shutting down and abandoning module XmlParser (168)
[2017.07.24-11.17.53:414][618]LogModuleManager: Shutting down and abandoning module Blutility (167)
[2017.07.24-11.17.53:414][618]LogModuleManager: Shutting down and abandoning module ProjectTargetPlatformEditor (166)
[2017.07.24-11.17.53:414][618]LogModuleManager: Shutting down and abandoning module ProjectSettingsViewer (165)
[2017.07.24-11.17.53:414][618]LogModuleManager: Shutting down and abandoning module InputBindingEditor (164)
[2017.07.24-11.17.53:415][618]LogModuleManager: Shutting down and abandoning module EditorSettingsViewer (163)
[2017.07.24-11.17.53:415][618]LogModuleManager: Shutting down and abandoning module SettingsEditor (162)
[2017.07.24-11.17.53:415][618]LogModuleManager: Shutting down and abandoning module ProjectLauncher (161)
[2017.07.24-11.17.53:415][618]LogModuleManager: Shutting down and abandoning module SessionFrontend (160)
[2017.07.24-11.17.53:415][618]LogModuleManager: Shutting down and abandoning module ProfilerClient (159)
[2017.07.24-11.17.53:415][618]LogModuleManager: Shutting down and abandoning module TargetDeviceServices (158)
[2017.07.24-11.17.53:415][618]LogModuleManager: Shutting down and abandoning module DeviceManager (157)
[2017.07.24-11.17.53:465][618]LogModuleManager: Shutting down and abandoning module AutomationController (156)
[2017.07.24-11.17.53:465][618]LogModuleManager: Shutting down and abandoning module AutomationWindow (155)
[2017.07.24-11.17.53:465][618]LogModuleManager: Shutting down and abandoning module Layers (154)
[2017.07.24-11.17.53:465][618]LogModuleManager: Shutting down and abandoning module ComponentVisualizers (153)
[2017.07.24-11.17.53:465][618]LogModuleManager: Shutting down and abandoning module DetailCustomizations (152)
[2017.07.24-11.17.53:465][618]LogModuleManager: Shutting down and abandoning module PackagesDialog (151)
[2017.07.24-11.17.53:465][618]LogModuleManager: Shutting down and abandoning module Persona (150)
[2017.07.24-11.17.53:465][618]LogModuleManager: Shutting down and abandoning module Kismet (149)
[2017.07.24-11.17.53:465][618]LogModuleManager: Shutting down and abandoning module GraphEditor (148)
[2017.07.24-11.17.53:465][618]LogModuleManager: Shutting down and abandoning module ClassViewer (147)
[2017.07.24-11.17.53:465][618]LogModuleManager: Shutting down and abandoning module Toolbox (146)
[2017.07.24-11.17.53:465][618]LogModuleManager: Shutting down and abandoning module ModuleUI (145)
[2017.07.24-11.17.53:465][618]LogModuleManager: Shutting down and abandoning module MovieSceneTools (144)
[2017.07.24-11.17.53:465][618]LogModuleManager: Shutting down and abandoning module OutputLog (143)
[2017.07.24-11.17.53:465][618]LogModuleManager: Shutting down and abandoning module GammaUI (142)
[2017.07.24-11.17.53:465][618]LogModuleManager: Shutting down and abandoning module Documentation (141)
[2017.07.24-11.17.53:465][618]LogModuleManager: Shutting down and abandoning module StreamingPauseRendering (140)
[2017.07.24-11.17.53:465][618]LogModuleManager: Shutting down and abandoning module AnalyticsET (139)
[2017.07.24-11.17.53:465][618]LogModuleManager: Shutting down and abandoning module Analytics (138)
[2017.07.24-11.17.53:465][618]LogModuleManager: Shutting down and abandoning module PortalServices (137)
[2017.07.24-11.17.53:465][618]LogModuleManager: Shutting down and abandoning module PortalRpc (136)
[2017.07.24-11.17.53:465][618]LogModuleManager: Shutting down and abandoning module MessagingRpc (135)
[2017.07.24-11.17.53:465][618]LogModuleManager: Shutting down and abandoning module GameplayDebugger (134)
[2017.07.24-11.17.53:465][618]LogModuleManager: Shutting down and abandoning module AITestSuite (133)
[2017.07.24-11.17.53:465][618]LogModuleManager: Shutting down and abandoning module AIModule (132)
[2017.07.24-11.17.53:465][618]LogModuleManager: Shutting down and abandoning module ProfilerService (131)
[2017.07.24-11.17.53:480][618]LogModuleManager: Shutting down and abandoning module TaskGraph (130)
[2017.07.24-11.17.53:480][618]LogModuleManager: Shutting down and abandoning module SlateRemote (129)
[2017.07.24-11.17.53:481][618]LogModuleManager: Shutting down and abandoning module SteamVRController (128)
[2017.07.24-11.17.53:481][618]LogModuleManager: Shutting down and abandoning module SteamVR (127)
[2017.07.24-11.17.53:481][618]LogModuleManager: Shutting down and abandoning module ProceduralMeshComponent (126)
[2017.07.24-11.17.53:481][618]LogModuleManager: Shutting down and abandoning module OculusLibrary (125)
[2017.07.24-11.17.53:481][618]LogModuleManager: Shutting down and abandoning module OculusInput (124)
[2017.07.24-11.17.53:481][618]LogModuleManager: Shutting down and abandoning module HoudiniEngineRuntime (123)
[2017.07.24-11.17.53:481][618]LogHoudiniEngine: Shutting down the Houdini Engine module.
[2017.07.24-11.17.53:481][618]LogUObjectArray:Warning: Invalid object index -572662307
[2017.07.24-11.17.53:481][618]LogUObjectArray:Warning: Invalid object index -572662307
[2017.07.24-11.17.53:481][618]LogUObjectArray:Warning: Invalid object index -572662307
[2017.07.24-11.17.53:481][618]LogUObjectArray:Warning: Invalid object index -572662307
[2017.07.24-11.17.53:482][618]LogModuleManager: Shutting down and abandoning module CustomMeshComponent (122)
[2017.07.24-11.17.53:482][618]LogModuleManager: Shutting down and abandoning module CableComponent (121)
[2017.07.24-11.17.53:482][618]LogModuleManager: Shutting down and abandoning module ArchVisCharacter (120)
[2017.07.24-11.17.53:482][618]LogModuleManager: Shutting down and abandoning module MediaPlayerEditor (119)
[2017.07.24-11.17.53:482][618]LogModuleManager: Shutting down and abandoning module HTML5Networking (118)
[2017.07.24-11.17.53:482][618]LogModuleManager: Shutting down and abandoning module SuperSearch (117)
[2017.07.24-11.17.53:482][618]LogModuleManager: Shutting down and abandoning module SuperSearchEditor (116)
[2017.07.24-11.17.53:482][618]LogModuleManager: Shutting down and abandoning module SpeedTreeImporter (115)
[2017.07.24-11.17.53:482][618]LogModuleManager: Shutting down and abandoning module PluginBrowser (114)
[2017.07.24-11.17.53:482][618]LogModuleManager: Shutting down and abandoning module EpicSurvey (113)
[2017.07.24-11.17.53:482][618]LogModuleManager: Shutting down and abandoning module DesktopPlatform (112)
[2017.07.24-11.17.53:482][618]LogModuleManager: Shutting down and abandoning module VisualStudioSourceCodeAccess (111)
[2017.07.24-11.17.53:482][618]LogModuleManager: Shutting down and abandoning module UObjectPlugin (110)
[2017.07.24-11.17.53:482][618]LogModuleManager: Shutting down and abandoning module SubversionSourceControl (109)
[2017.07.24-11.17.53:482][618]LogModuleManager: Shutting down and abandoning module PerforceSourceControl (108)
[2017.07.24-11.17.53:482][618]LogModuleManager: Shutting down and abandoning module SourceControl (107)
[2017.07.24-11.17.53:482][618]LogModuleManager: Shutting down and abandoning module GitSourceControl (106)
[2017.07.24-11.17.53:482][618]LogModuleManager: Shutting down and abandoning module LightPropagationVolumeEditor (105)
[2017.07.24-11.17.53:482][618]LogModuleManager: Shutting down and abandoning module PaperTiledImporter (104)
[2017.07.24-11.17.53:482][618]LogModuleManager: Shutting down and abandoning module PaperSpriteSheetImporter (103)
[2017.07.24-11.17.53:482][618]LogModuleManager: Shutting down and abandoning module MeshPaint (102)
[2017.07.24-11.17.53:482][618]LogModuleManager: Shutting down and abandoning module PixelInspectorModule (101)
[2017.07.24-11.17.53:482][618]LogModuleManager: Shutting down and abandoning module HotReload (100)
[2017.07.24-11.17.53:483][618]LogModuleManager: Shutting down and abandoning module MainFrame (99)
[2017.07.24-11.17.53:483][618]LogModuleManager: Shutting down and abandoning module LevelEditor (98)
[2017.07.24-11.17.53:484][618]LogModuleManager: Shutting down and abandoning module ContentBrowser (97)
[2017.07.24-11.17.53:484][618]LogModuleManager: Shutting down and abandoning module Paper2DEditor (96)
[2017.07.24-11.17.53:484][618]LogModuleManager: Shutting down and abandoning module Ava (95)
[2017.07.24-11.17.53:484][618]LogModuleManager: Shutting down and abandoning module UdpMessaging (94)
[2017.07.24-11.17.53:584][618]LogModuleManager: Shutting down and abandoning module LightPropagationVolumeRuntime (93)
[2017.07.24-11.17.53:584][618]LogModuleManager: Shutting down and abandoning module Paper2D (92)
[2017.07.24-11.17.53:584][618]LogModuleManager: Shutting down and abandoning module WindowsMoviePlayer (91)
[2017.07.24-11.17.53:584][618]LogModuleManager: Shutting down and abandoning module Media (90)
[2017.07.24-11.17.53:584][618]LogModuleManager: Shutting down and abandoning module WmfMedia (89)
[2017.07.24-11.17.53:584][618]LogModuleManager: Shutting down and abandoning module MediaAssets (88)
[2017.07.24-11.17.53:584][618]LogModuleManager: Shutting down and abandoning module GameLiveStreaming (87)
[2017.07.24-11.17.53:585][618]LogModuleManager: Shutting down and abandoning module GameplayTagsEditor (86)
[2017.07.24-11.17.53:585][618]LogModuleManager: Shutting down and abandoning module OnlineBlueprintSupport (85)
[2017.07.24-11.17.53:585][618]LogModuleManager: Shutting down and abandoning module VREditor (84)
[2017.07.24-11.17.53:585][618]LogModuleManager: Shutting down and abandoning module GameplayTasksEditor (83)
[2017.07.24-11.17.53:585][618]LogModuleManager: Shutting down and abandoning module PropertyEditor (82)
[2017.07.24-11.17.53:585][618]LogModuleManager: Shutting down and abandoning module BehaviorTreeEditor (81)
[2017.07.24-11.17.53:585][618]LogModuleManager: Shutting down and abandoning module FunctionalTesting (80)
[2017.07.24-11.17.53:585][618]LogModuleManager: Shutting down and abandoning module CollisionAnalyzer (79)
[2017.07.24-11.17.53:585][618]LogModuleManager: Shutting down and abandoning module Sequencer (78)
[2017.07.24-11.17.53:585][618]LogModuleManager: Shutting down and abandoning module WorkspaceMenuStructure (77)
[2017.07.24-11.17.53:585][618]LogModuleManager: Shutting down and abandoning module MessageLog (76)
[2017.07.24-11.17.53:585][618]LogModuleManager: Shutting down and abandoning module AssetTools (75)
[2017.07.24-11.17.53:585][618]LogModuleManager: Shutting down and abandoning module UMGEditor (74)
[2017.07.24-11.17.53:585][618]LogModuleManager: Shutting down and abandoning module UMG (73)
[2017.07.24-11.17.53:585][618]LogModuleManager: Shutting down and abandoning module SlateReflector (72)
[2017.07.24-11.17.53:585][618]LogModuleManager: Shutting down and abandoning module Slate (71)
[2017.07.24-11.17.53:585][618]LogModuleManager: Shutting down and abandoning module EditorStyle (70)
[2017.07.24-11.17.53:591][618]LogModuleManager: Shutting down and abandoning module SourceCodeAccess (69)
[2017.07.24-11.17.53:591][618]LogModuleManager: Shutting down and abandoning module HeadMountedDisplay (68)
[2017.07.24-11.17.53:591][618]LogModuleManager: Shutting down and abandoning module XAudio2 (67)
[2017.07.24-11.17.53:591][618]LogModuleManager: Shutting down and abandoning module Networking (65)
[2017.07.24-11.17.53:591][618]LogModuleManager: Shutting down and abandoning module Core (64)
[2017.07.24-11.17.53:591][618]LogModuleManager: Shutting down and abandoning module DirectoryWatcher (63)
[2017.07.24-11.17.53:593][618]LogModuleManager: Shutting down and abandoning module AssetRegistry (62)
[2017.07.24-11.17.53:727][618]LogModuleManager: Shutting down and abandoning module KismetCompiler (61)
[2017.07.24-11.17.53:727][618]LogModuleManager: Shutting down and abandoning module PhysXFormats (60)
[2017.07.24-11.17.53:727][618]LogModuleManager: Shutting down and abandoning module MeshUtilities (59)
[2017.07.24-11.17.53:727][618]LogModuleManager: Shutting down and abandoning module DerivedDataCache (58)
[2017.07.24-11.17.53:742][618]LogDerivedDataCache: Shutdown
[2017.07.24-11.17.53:743][618]LogModuleManager: Shutting down and abandoning module VulkanShaderFormat (57)
[2017.07.24-11.17.53:743][618]LogModuleManager: Shutting down and abandoning module ShaderFormatOpenGL (56)
[2017.07.24-11.17.53:743][618]LogModuleManager: Shutting down and abandoning module ShaderFormatD3D (55)
[2017.07.24-11.17.53:743][618]LogModuleManager: Shutting down and abandoning module MetalShaderFormat (54)
[2017.07.24-11.17.53:743][618]LogModuleManager: Shutting down and abandoning module TextureFormatUncompressed (53)
[2017.07.24-11.17.53:743][618]LogModuleManager: Shutting down and abandoning module TextureFormatPVR (52)
[2017.07.24-11.17.53:743][618]LogModuleManager: Shutting down and abandoning module TextureFormatIntelISPCTexComp (51)
[2017.07.24-11.17.53:743][618]LogModuleManager: Shutting down and abandoning module TextureFormatDXT (50)
[2017.07.24-11.17.53:743][618]LogModuleManager: Shutting down and abandoning module ImageWrapper (49)
[2017.07.24-11.17.53:743][618]LogModuleManager: Shutting down and abandoning module TextureFormatASTC (48)
[2017.07.24-11.17.53:743][618]LogModuleManager: Shutting down and abandoning module TextureFormatAndroid (47)
[2017.07.24-11.17.53:743][618]LogModuleManager: Shutting down and abandoning module AudioFormatOpus (46)
[2017.07.24-11.17.53:743][618]LogModuleManager: Shutting down and abandoning module AudioFormatOgg (45)
[2017.07.24-11.17.53:743][618]LogModuleManager: Shutting down and abandoning module AudioFormatADPCM (44)
[2017.07.24-11.17.53:743][618]LogModuleManager: Shutting down and abandoning module LinuxTargetPlatform (43)
[2017.07.24-11.17.53:743][618]LogModuleManager: Shutting down and abandoning module LinuxServerTargetPlatform (42)
[2017.07.24-11.17.53:743][618]LogModuleManager: Shutting down and abandoning module LinuxNoEditorTargetPlatform (41)
[2017.07.24-11.17.53:743][618]LogModuleManager: Shutting down and abandoning module TVOSTargetPlatform (40)
[2017.07.24-11.17.53:743][618]LogModuleManager: Shutting down and abandoning module Messaging (39)
[2017.07.24-11.17.53:743][618]LogModuleManager: Shutting down and abandoning module IOSTargetPlatform (38)
[2017.07.24-11.17.53:743][618]LogModuleManager: Shutting down and abandoning module HTML5TargetPlatform (37)
[2017.07.24-11.17.53:743][618]LogModuleManager: Shutting down and abandoning module Android_PVRTCTargetPlatform (36)
[2017.07.24-11.17.53:743][618]LogModuleManager: Shutting down and abandoning module Android_MultiTargetPlatform (35)
[2017.07.24-11.17.53:743][618]LogModuleManager: Shutting down and abandoning module Android_ETC2TargetPlatform (34)
[2017.07.24-11.17.53:743][618]LogModuleManager: Shutting down and abandoning module Android_ETC1TargetPlatform (33)
[2017.07.24-11.17.53:743][618]LogModuleManager: Shutting down and abandoning module Android_DXTTargetPlatform (32)
[2017.07.24-11.17.53:743][618]LogModuleManager: Shutting down and abandoning module Android_ATCTargetPlatform (31)
[2017.07.24-11.17.53:743][618]LogModuleManager: Shutting down and abandoning module Android_ASTCTargetPlatform (30)
[2017.07.24-11.17.53:743][618]LogModuleManager: Shutting down and abandoning module AndroidTargetPlatform (29)
[2017.07.24-11.17.53:743][618]LogModuleManager: Shutting down and abandoning module WindowsTargetPlatform (28)
[2017.07.24-11.17.53:743][618]LogModuleManager: Shutting down and abandoning module WindowsServerTargetPlatform (27)
[2017.07.24-11.17.53:743][618]LogModuleManager: Shutting down and abandoning module WindowsNoEditorTargetPlatform (26)
[2017.07.24-11.17.53:743][618]LogModuleManager: Shutting down and abandoning module WindowsClientTargetPlatform (25)
[2017.07.24-11.17.53:743][618]LogModuleManager: Shutting down and abandoning module AllDesktopTargetPlatform (24)
[2017.07.24-11.17.53:743][618]LogModuleManager: Shutting down and abandoning module TargetPlatform (23)
[2017.07.24-11.17.53:743][618]LogModuleManager: Shutting down and abandoning module InputCore (22)
[2017.07.24-11.17.53:743][618]LogModuleManager: Shutting down and abandoning module Settings (21)
[2017.07.24-11.17.53:743][618]LogModuleManager: Shutting down and abandoning module OnlineSubsystem (19)
[2017.07.24-11.17.53:743][618]LogModuleManager: Shutting down and abandoning module HTTP (18)
[2017.07.24-11.17.57:763][618]LogModuleManager: Shutting down and abandoning module XMPP (17)
[2017.07.24-11.17.57:763][618]LogModuleManager: Shutting down and abandoning module OculusRift (16)
[2017.07.24-11.17.57:763][618]LogModuleManager: Shutting down and abandoning module ExampleDeviceProfileSelector (15)
[2017.07.24-11.17.57:763][618]LogModuleManager: Shutting down and abandoning module TextureCompressor (14)
[2017.07.24-11.17.57:764][618]LogModuleManager: Shutting down and abandoning module ShaderCore (13)
[2017.07.24-11.17.57:764][618]LogModuleManager: Shutting down and abandoning module Landscape (12)
[2017.07.24-11.17.57:764][618]LogModuleManager: Shutting down and abandoning module SlateRHIRenderer (11)
[2017.07.24-11.17.57:765][618]LogModuleManager: Shutting down and abandoning module OpenGLDrv (10)
[2017.07.24-11.17.57:765][618]LogModuleManager: Shutting down and abandoning module D3D11RHI (9)
[2017.07.24-11.17.57:765][618]LogModuleManager: Shutting down and abandoning module AnimGraphRuntime (8)
[2017.07.24-11.17.57:765][618]LogModuleManager: Shutting down and abandoning module Renderer (7)
[2017.07.24-11.17.57:765][618]LogModuleManager: Shutting down and abandoning module Engine (6)
[2017.07.24-11.17.57:765][618]LogModuleManager: Shutting down and abandoning module CoreUObject (5)
[2017.07.24-11.17.57:765][618]LogModuleManager: Shutting down and abandoning module NetworkFile (4)
[2017.07.24-11.17.57:765][618]LogModuleManager: Shutting down and abandoning module StreamingFile (3)
[2017.07.24-11.17.57:765][618]LogModuleManager: Shutting down and abandoning module SandboxFile (2)
[2017.07.24-11.17.57:765][618]LogModuleManager: Shutting down and abandoning module PakFile (1)
[2017.07.24-11.17.57:769][618]LogExit: Exiting.
[2017.07.24-11.17.57:772][618]Log file closed, 07/24/17 12:17:57
