Log file open, 07/11/17 16:34:59
LogInit:Display: Running engine for game: Ava
LogPlatformFile: Not using cached read wrapper
LogInit:Display: RandInit(605451762) SRandInit(605451764).
LogTaskGraph: Started task graph with 4 named threads and 9 total threads with 1 sets of task threads.
LogStats: Stats thread started at 0.100555
LogInit: Version: 4.12.5-3039270+++UE4+Release-4.12
LogInit: API Version: 2992821
LogInit: Net Version: 3039270
LogDevObjectVersion: Number of dev versions registered: 13
LogDevObjectVersion:   Dev-Blueprints (B0D832E4-1F89-4F0D-ACCF-7EB736FD4AA2): 3
LogDevObjectVersion:   Dev-Build (E1C64328-A22C-4D53-A36C-8E866417BD8C): 0
LogDevObjectVersion:   Dev-Core (375EC13C-06E4-48FB-B500-84F0262A717E): 1
LogDevObjectVersion:   Dev-Editor (E4B068ED-F494-42E9-A231-DA0B2E46BB41): 2
LogDevObjectVersion:   Dev-Framework (CFFC743F-43B0-4480-9391-14DF171D2073): 6
LogDevObjectVersion:   Dev-Mobile (B02B49B5-BB20-44E9-A304-32B752E40360): 0
LogDevObjectVersion:   Dev-Networking (A4E4105C-59A1-49B5-A7C5-40C4547EDFEE): 0
LogDevObjectVersion:   Dev-Online (39C831C9-5AE6-47DC-9A44-9C173E1C8E7C): 0
LogDevObjectVersion:   Dev-Physics (78F01B33-EBEA-4F98-B9B4-84EACCB95AA2): 0
LogDevObjectVersion:   Dev-Platform (6631380F-2D4D-43E0-8009-CF276956A95A): 0
LogDevObjectVersion:   Dev-Rendering (12F88B9F-8875-4AFC-A67C-D90C383ABD29): 2
LogDevObjectVersion:   Dev-Sequencer (7B5AE74C-D270-4C10-A958-57980B212A5A): 0
LogDevObjectVersion:   Dev-VR (D7296918-1DD6-4BDD-9DE2-64A83CC13884): 0
LogInit: Compiled (64-bit): Jul  6 2016 09:09:46
LogInit: Compiled with Visual C++: 19.00.23026.00
LogInit: Build Configuration: Development
LogInit: Branch Name: ++UE4+Release-4.12
LogInit: Command line:  
LogInit: Base directory: C:/Program Files/Epic Games/4.12/Engine/Binaries/Win64/
LogInit: Installed Engine Build: 1
LogInit: Using libcurl 7.41.0
LogInit:  - built for x86_64-pc-win32
LogInit:  - supports SSL with WinSSL
LogInit:  - other features:
LogInit:      CURL_VERSION_SSL
LogInit:      CURL_VERSION_IPV6
LogInit:      CURL_VERSION_ASYNCHDNS
LogInit:      CURL_VERSION_LARGEFILE
LogInit:      CURL_VERSION_IDN
LogInit:  CurlRequestOptions (configurable via config and command line):
LogInit:  - bVerifyPeer = true  - Libcurl will verify peer certificate
LogInit:  - bUseHttpProxy = false  - Libcurl will NOT use HTTP proxy
LogInit:  - bDontReuseConnections = false  - Libcurl will reuse connections
LogInit:  - CertBundlePath = nullptr  - Libcurl will use whatever was configured at build time.
LogInit: Presizing for max 8388607 objects, including 0 objects not considered by GC, pre-allocating 0 bytes for permanent pool.
LogInit: Object subsystem initialized
[2017.07.11-15.34.59:908][  0]LogInit: Selected Device Profile: [Windows]
[2017.07.11-15.34.59:908][  0]LogInit: Applying CVar settings loaded from the selected device profile: [Windows]
[2017.07.11-15.34.59:925][  0]LogInit: Computer: PC42640
[2017.07.11-15.34.59:925][  0]LogInit: User: i7230020
[2017.07.11-15.34.59:925][  0]LogInit: CPU Page size=65536, Cores=6
[2017.07.11-15.34.59:925][  0]LogInit: High frequency timer resolution =3.410097 MHz
[2017.07.11-15.34.59:925][  0]LogMemory: Memory total: Physical=31.9GB (32GB approx)
[2017.07.11-15.34.59:925][  0]LogMemory: Platform Memory Stats for Windows
[2017.07.11-15.34.59:925][  0]LogMemory: Process Physical Memory: 196.71 MB used, 196.71 MB peak
[2017.07.11-15.34.59:925][  0]LogMemory: Process Virtual Memory: 198.82 MB used, 198.82 MB peak
[2017.07.11-15.34.59:925][  0]LogMemory: Physical Memory: 9198.18 MB used, 32684.15 MB total
[2017.07.11-15.34.59:925][  0]LogMemory: Virtual Memory: 539.58 MB used, 8388608.00 MB total
[2017.07.11-15.35.00:015][  0]LogTextLocalizationManager: No specific translations for ('en-GB') exist, so ('en') translations will be used.
[2017.07.11-15.35.00:392][  0]LogD3D11RHI: D3D11 adapters:
[2017.07.11-15.35.00:419][  0]LogD3D11RHI:    0. 'NVIDIA Quadro M4000' (Feature Level 11_0)
[2017.07.11-15.35.00:419][  0]LogD3D11RHI:       8092/0/16086 MB DedicatedVideo/DedicatedSystem/SharedSystem, Outputs:1, VendorId:0x10de
[2017.07.11-15.35.00:419][  0]LogD3D11RHI: Chosen D3D11 Adapter: 0
[2017.07.11-15.35.00:432][  0]LogD3D11RHI: Creating new Direct3DDevice
[2017.07.11-15.35.00:432][  0]LogD3D11RHI:     GPU DeviceId: 0x13f1 (for the marketing name, search the web for "GPU Device Id")
[2017.07.11-15.35.00:432][  0]LogWindows: EnumDisplayDevices:
[2017.07.11-15.35.00:433][  0]LogWindows:    0. 'NVIDIA Quadro M4000' (P:1 D:1)
[2017.07.11-15.35.00:434][  0]LogWindows:    1. 'NVIDIA Quadro M4000' (P:0 D:0)
[2017.07.11-15.35.00:434][  0]LogWindows:    2. 'NVIDIA Quadro M4000' (P:0 D:0)
[2017.07.11-15.35.00:435][  0]LogWindows:    3. 'NVIDIA Quadro M4000' (P:0 D:0)
[2017.07.11-15.35.00:436][  0]LogWindows:    4. 'RDPDD Chained DD' (P:0 D:0)
[2017.07.11-15.35.00:436][  0]LogWindows:    5. 'RDP Encoder Mirror Driver' (P:0 D:0)
[2017.07.11-15.35.00:437][  0]LogWindows:    6. 'RDP Reflector Display Driver' (P:0 D:0)
[2017.07.11-15.35.00:437][  0]LogWindows: DebugString: GetVideoDriverDetailsInvalid PrimaryIsNotTheChoosenAdapter GetVideoDriverDetailsInvalid PrimaryIsNotTheChoosenAdapter GetVideoDriverDetailsInvalid PrimaryIsNotTheChoosenAdapter FoundDriverCount:4 
[2017.07.11-15.35.00:437][  0]LogD3D11RHI:     Adapter Name: NVIDIA Quadro M4000
[2017.07.11-15.35.00:437][  0]LogD3D11RHI:   Driver Version: 362.13 (internal:10.18.13.6213, unified:362.13)
[2017.07.11-15.35.00:437][  0]LogD3D11RHI:      Driver Date: 3-18-2016
[2017.07.11-15.35.00:437][  0]LogRHI: Texture pool is 1361 MB (70% of 1945 MB)
[2017.07.11-15.35.00:451][  0]LogD3D11RHI: Async texture creation enabled
[2017.07.11-15.35.00:469][  0]LogD3D11RHI: GPU Timing Frequency: 1000.000000 (Debug: 2 2)
[2017.07.11-15.35.00:469][  0]LogShaderCompilers: Guid format shader working directory is -8 characters bigger than the processId version (W:/University Work/Masters/MastersProject/MastersProject/Ava/Intermediate/Shaders/WorkingDirectory/13904/).
[2017.07.11-15.35.00:470][  0]LogShaderCompilers: Cleaned the shader compiler working directory 'C:/Users/I72300~1.000/AppData/Local/Temp/UnrealShaderWorkingDir/136BCBB34BEB15907BFFD883CB803DD6/'.
[2017.07.11-15.35.00:470][  0]LogShaderCompilers:Display: Using Local Shader Compiler.
[2017.07.11-15.35.01:729][  0]LogTemp:Display: Loaded TP AllDesktopTargetPlatform
[2017.07.11-15.35.01:738][  0]LogTemp:Display: Loaded TP WindowsClientTargetPlatform
[2017.07.11-15.35.01:746][  0]LogTemp:Display: Loaded TP WindowsNoEditorTargetPlatform
[2017.07.11-15.35.01:755][  0]LogTemp:Display: Loaded TP WindowsServerTargetPlatform
[2017.07.11-15.35.01:763][  0]LogTemp:Display: Loaded TP WindowsTargetPlatform
[2017.07.11-15.35.01:780][  0]LogTemp:Display: Loaded TP AndroidTargetPlatform
[2017.07.11-15.35.01:788][  0]LogTemp:Display: Loaded TP Android_ASTCTargetPlatform
[2017.07.11-15.35.01:795][  0]LogTemp:Display: Loaded TP Android_ATCTargetPlatform
[2017.07.11-15.35.01:803][  0]LogTemp:Display: Loaded TP Android_DXTTargetPlatform
[2017.07.11-15.35.01:810][  0]LogTemp:Display: Loaded TP Android_ETC1TargetPlatform
[2017.07.11-15.35.01:818][  0]LogTemp:Display: Loaded TP Android_ETC2TargetPlatform
[2017.07.11-15.35.01:833][  0]LogTemp:Display: Loaded TP Android_MultiTargetPlatform
[2017.07.11-15.35.01:833][  0]LogTemp:Display: Loaded TP Android_PVRTCTargetPlatform
[2017.07.11-15.35.01:834][  0]LogTemp:Display: Loaded TP HTML5TargetPlatform
[2017.07.11-15.35.01:858][  0]LogTemp:Display: Loaded TP IOSTargetPlatform
[2017.07.11-15.35.01:865][  0]LogTemp:Display: Loaded TP TVOSTargetPlatform
[2017.07.11-15.35.01:872][  0]LogTemp:Display: Loaded TP LinuxNoEditorTargetPlatform
[2017.07.11-15.35.01:880][  0]LogTemp:Display: Loaded TP LinuxServerTargetPlatform
[2017.07.11-15.35.01:888][  0]LogTemp:Display: Loaded TP LinuxTargetPlatform
[2017.07.11-15.35.01:888][  0]LogTargetPlatformManager:Display: Building Assets For Windows
[2017.07.11-15.35.01:970][  0]LogDerivedDataCache:Display: Max Cache Size: 512 MB
[2017.07.11-15.35.02:026][  0]LogDerivedDataCache: Loaded boot cache 0.06s 62MB C:/Users/i7230020.STUDENT.000/AppData/Local/UnrealEngine/4.12/DerivedDataCache/Boot.ddc.
[2017.07.11-15.35.02:026][  0]LogDerivedDataCache:Display: Loaded Boot cache: C:/Users/i7230020.STUDENT.000/AppData/Local/UnrealEngine/4.12/DerivedDataCache/Boot.ddc
[2017.07.11-15.35.02:026][  0]LogDerivedDataCache: FDerivedDataBackendGraph:  Pak pak cache file W:/University Work/Masters/MastersProject/MastersProject/Ava/DerivedDataCache/DDC.ddp not found, will not use a pak cache.
[2017.07.11-15.35.02:026][  0]LogDerivedDataCache: Unable to find inner node Pak for hierarchical cache Hierarchy.
[2017.07.11-15.35.02:026][  0]LogDerivedDataCache: FDerivedDataBackendGraph:  CompressedPak pak cache file W:/University Work/Masters/MastersProject/MastersProject/Ava/DerivedDataCache/Compressed.ddp not found, will not use a pak cache.
[2017.07.11-15.35.02:026][  0]LogDerivedDataCache: Unable to find inner node CompressedPak for hierarchical cache Hierarchy.
[2017.07.11-15.35.02:042][  0]LogDerivedDataCache:Display: Pak cache opened for reading ../../../Engine/DerivedDataCache/Compressed.ddp.
[2017.07.11-15.35.02:054][  0]LogDerivedDataCache: Using Local data cache path C:/Users/i7230020.STUDENT.000/AppData/Local/UnrealEngine/Common/DerivedDataCache: Writable
[2017.07.11-15.35.02:236][  0]LogInit: Selected Device Profile: [Windows]
[2017.07.11-15.35.02:237][  0]LogContentStreaming: Texture pool size is 0.00 MB
[2017.07.11-15.35.02:392][  0]LogMeshUtilities: No automatic mesh reduction module available
[2017.07.11-15.35.02:392][  0]LogMeshUtilities: No automatic mesh merging module available
[2017.07.11-15.35.02:392][  0]LogMeshUtilities: No distributed automatic mesh merging module available
[2017.07.11-15.35.02:683][  0]LogAssetRegistry: FAssetRegistry took 0.0203 seconds to start up
[2017.07.11-15.35.02:764][  0]LogPackageLocalizationCache: Processed 4 localized package path(s) for 2 prioritized culture(s) in 0.074133 seconds
[2017.07.11-15.35.02:771][  0]LogUObjectArray: 28739 objects as part of root set at end of initial load.
[2017.07.11-15.35.02:771][  0]LogUObjectAllocator: 5855624 out of 0 bytes used by permanent object pool.
[2017.07.11-15.35.02:771][  0]LogUObjectArray: CloseDisregardForGC: 0/0 objects in disregard for GC pool
[2017.07.11-15.35.02:779][  0]LogInit: WinSock: version 1.1 (2.2), MaxSocks=32767, MaxUdp=65467
[2017.07.11-15.35.02:951][  0]LogSlate: SlateFontCache - WITH_FREETYPE: 1, WITH_HARFBUZZ: 1
[2017.07.11-15.35.02:951][  0]LogSlate: SlateFontCache - WITH_FREETYPE: 1, WITH_HARFBUZZ: 1
[2017.07.11-15.35.03:794][  0]LogUdpMessaging: Initializing bridge on interface 0.0.0.0:0 to multicast group 230.0.0.1:6666.
[2017.07.11-15.35.03:885][  0]LogStats: FPlatformStackWalk::StackWalkAndDump -  0.016 s
[2017.07.11-15.35.03:885][  0]LogOutputDevice:Warning: === Handled error: ===

Ensure condition failed: !AttachmentRules.bWeldSimulatedBodies [File:D:\Build\++UE4+Release-4.12+Compile\Sync\Engine\Source\Runtime\Engine\Private\Components\SceneComponent.cpp] [Line: 1481]
AttachToComponent when called from a constructor cannot weld simulated bodies. Consider calling SetupAttachment directly instead.
Stack: 
UE4Editor-Core.dll
UE4Editor-Core.dll
UE4Editor-Core.dll
UE4Editor-Engine.dll
UE4Editor-Ava-826.dll
UE4Editor-CoreUObject.dll
UE4Editor-CoreUObject.dll
UE4Editor-CoreUObject.dll
UE4Editor-CoreUObject.dll
UE4Editor-Core.dll
UE4Editor-Core.dll
UE4Editor-Projects.dll
UE4Editor-Projects.dll
UE4Editor.exe
UE4Editor.exe
UE4Editor.exe
UE4Editor.exe
UE4Editor.exe
UE4Editor.exe
kernel32.dll
ntdll.dll
ntdll.dll

[2017.07.11-15.35.03:885][  0]LogStats:                SubmitErrorReport -  0.000 s
[2017.07.11-15.35.04:252][  0]LogStats:                    SendNewReport -  0.367 s
[2017.07.11-15.35.04:252][  0]LogStats:             FDebug::EnsureFailed -  0.383 s
[2017.07.11-15.35.04:446][  0]SourceControl: Info Source control is disabled
[2017.07.11-15.35.04:449][  0]SourceControl: Info Source control is disabled
[2017.07.11-15.35.04:461][  0]SourceControl: Info Source control is disabled
[2017.07.11-15.35.04:472][  0]SourceControl: Info Source control is disabled
[2017.07.11-15.35.04:658][  0]LogHoudiniEngine: Starting the Houdini Engine module.
[2017.07.11-15.35.04:658][  0]LogHoudiniEngine: Loaded libHAPIL.dll from Registry path C:\Program Files\Side Effects Software\Houdini 15.5.632/bin
[2017.07.11-15.35.04:659][  0]LogLinker:Warning: Asset '../../../Engine/Plugins/Runtime/HoudiniEngine/Content/houdini_logo.uasset' has been saved with empty engine version. The asset will be loaded but may be incompatible.
[2017.07.11-15.35.04:660][  0]LogLinker:Warning: Asset '../../../Engine/Plugins/Runtime/HoudiniEngine/Content/houdini_default_material.uasset' has been saved with empty engine version. The asset will be loaded but may be incompatible.
[2017.07.11-15.35.04:664][  0]LogLinker:Warning: Asset '../../../Engine/Plugins/Runtime/HoudiniEngine/Content/houdini_bgeo_import.uasset' has been saved with empty engine version. The asset will be loaded but may be incompatible.
[2017.07.11-15.35.05:865][  0]LogHoudiniEngine: Successfully initialized the Houdini Engine API module.
[2017.07.11-15.35.06:021][  0]LogEngine: Initializing Engine...
[2017.07.11-15.35.06:023][  0]LogHMD: SteamVR failed to initialize.  Err: 110
[2017.07.11-15.35.06:024][  0]LogHMD: SteamVR failed to initialize.  Err: 110
[2017.07.11-15.35.06:172][  0]LogAIModule: Creating AISystem for world NewWorld
[2017.07.11-15.35.06:186][  0]LogInit: XAudio2 using 'Speakers (Realtek High Definition Audio)' : 2 channels at 48 kHz using 32 bits per sample (channel mask 0x3)
[2017.07.11-15.35.06:220][  0]LogInit: FAudioDevice initialized.
[2017.07.11-15.35.06:257][  0]LogDerivedDataCache: Saved boot cache 0.04s 49MB C:/Users/i7230020.STUDENT.000/AppData/Local/UnrealEngine/4.12/DerivedDataCache/Boot.ddc.
[2017.07.11-15.35.06:262][  0]LogInit: Texture streaming: Enabled
[2017.07.11-15.35.06:285][  0]LogInit: Transaction tracking system initialized
[2017.07.11-15.35.06:305][  0]BlueprintLog: New page: Editor Load
[2017.07.11-15.35.06:370][  0]LocalizationService: Info Localization service is disabled
[2017.07.11-15.35.06:460][  0]LogConsoleResponse:Display: 
[2017.07.11-15.35.06:571][  0]LogCook:Display: Max memory allowance for cook 8192mb
[2017.07.11-15.35.06:571][  0]LogCook:Display: Mobile HDR setting 1
[2017.07.11-15.35.06:677][  0]LogFileCache: Scanning file cache for directory 'W:/University Work/Masters/MastersProject/MastersProject/Ava/Content/' took 0.03s
[2017.07.11-15.35.06:677][  0]LogHoudiniEngineEditor: Starting the Houdini Engine Editor module.
[2017.07.11-15.35.06:744][  0]SourceControl: Info Source control is disabled
[2017.07.11-15.35.06:744][  0]Cmd: MAP LOAD FILE="W:/University Work/Masters/MastersProject/MastersProject/Ava/Content/Ava/Maps/MainMenu.umap" TEMPLATE=0 SHOWPROGRESS=1 FEATURELEVEL=3
[2017.07.11-15.35.06:745][  0]LightingResults: New page: Lighting Build
[2017.07.11-15.35.06:747][  0]MapCheck: New page: Map Check
[2017.07.11-15.35.06:747][  0]LightingResults: New page: Lighting Build
[2017.07.11-15.35.06:817][  0]LogBlueprint:Error: Compiler Error Overriden function is not compatible with the parent function  Event Construct . Check flags: Exec, Final, Static.
[2017.07.11-15.35.06:820][  0]LogBlueprint:Warning: Compiler Warning [0013.00] Compile of MainMenuBP failed. 1 Fatal Issue(s) 0 Warning(s) [in 6 ms] (/Game/Ava/MainMenuBP.MainMenuBP)
[2017.07.11-15.35.06:820][  0]LogBlueprint:Warning: Compiler Warning [0013.00] Compile of MainMenuBP failed. 1 Fatal Issue(s) 1 Warning(s) [in 0 ms] (/Game/Ava/MainMenuBP.MainMenuBP)
[2017.07.11-15.35.06:820][  0]LogBlueprint:Warning: Compiler Warning [0013.00] Compile of MainMenuBP failed. 1 Fatal Issue(s) 2 Warning(s) [in 0 ms] (/Game/Ava/MainMenuBP.MainMenuBP)
[2017.07.11-15.35.06:888][  0]LogAIModule: Creating AISystem for world MainMenu
[2017.07.11-15.35.06:889][  0]LogEditorServer: Finished looking for orphan Actors (0.000 secs)
[2017.07.11-15.35.06:889][  0]Cmd: MAP CHECKDEP NOCLEARLOG
[2017.07.11-15.35.06:959][  0]MapCheck: Info Map check complete: 0 Error(s), 0 Warning(s), took 69.507ms to complete.
[2017.07.11-15.35.06:959][  0]LogFileHelpers: Loading map 'MainMenu' took 0.214
[2017.07.11-15.35.07:078][  0]LogCollectionManager: Loaded 0 collections in 0.001380 seconds
[2017.07.11-15.35.07:125][  0]LogFileCache: Scanning file cache for directory 'W:/University Work/Masters/MastersProject/MastersProject/Ava/Saved/Collections/' took 0.01s
[2017.07.11-15.35.07:125][  0]LogFileCache: Scanning file cache for directory 'W:/University Work/Masters/MastersProject/MastersProject/Ava/Content/Developers/i7230020/Collections/' took 0.01s
[2017.07.11-15.35.07:125][  0]LogFileCache: Scanning file cache for directory 'W:/University Work/Masters/MastersProject/MastersProject/Ava/Content/Collections/' took 0.01s
[2017.07.11-15.35.07:125][  0]LogCollectionManager: Rebuilt the GUID cache for 0 collections in 0.000005 seconds
[2017.07.11-15.35.07:150][  0]LogContentBrowser: Native class hierarchy populated in 0.0244 seconds. Added 2096 classes and 376 folders.
[2017.07.11-15.35.07:155][  0]LogStats: UGameplayTagsManager::ConstructGameplayTagTree: Construct from data asset -  0.000 s
[2017.07.11-15.35.07:155][  0]LogStats: UGameplayTagsManager::ConstructGameplayTagTree: GameplayTagTreeChangedEvent.Broadcast -  0.000 s
[2017.07.11-15.35.07:158][  0]LogContentBrowser: Native class hierarchy updated for 'GameplayTags' in 0.0028 seconds. Added 12 classes and 0 folders.
[2017.07.11-15.35.07:165][  0]LogContentBrowser: Native class hierarchy updated for 'WidgetCarousel' in 0.0028 seconds. Added 0 classes and 0 folders.
[2017.07.11-15.35.07:280][  0]LogContentBrowser: Native class hierarchy updated for 'AddContentDialog' in 0.0025 seconds. Added 0 classes and 0 folders.
[2017.07.11-15.35.07:286][  0]LogContentBrowser: Native class hierarchy updated for 'SceneOutliner' in 0.0026 seconds. Added 1 classes and 2 folders.
[2017.07.11-15.35.07:308][  0]LogCrashTracker: Crashtracker disabled due to settings.
[2017.07.11-15.35.07:366][  0]LogContentBrowser: Native class hierarchy updated for 'HierarchicalLODOutliner' in 0.0056 seconds. Added 1 classes and 2 folders.
[2017.07.11-15.35.07:367][  0]LogLoad: Full Startup: 13.55 seconds (BP compile: 0.02 seconds)
[2017.07.11-15.35.07:367][  0]LogExternalProfiler: Found external profiler: VSPerf
[2017.07.11-15.35.07:367][  0]LogExternalProfiler: Using external profiler: VSPerf
[2017.07.11-15.35.07:380][  0]LogOcInput: OculusInput pre-init called
[2017.07.11-15.35.07:404][  0]LogContentStreaming: Texture pool size now 1000 MB
[2017.07.11-15.35.07:601][  1]LogRenderer: Reallocating scene render targets to support 1296x588 (Frame:2).
[2017.07.11-15.35.07:601][  1]LogAssetRegistry: Asset discovery search completed in 4.9390 seconds
[2017.07.11-15.35.07:601][  1]LogCollectionManager: Rebuilt the object cache for 0 collections in 0.000001 seconds (found 0 objects)
[2017.07.11-15.35.07:601][  1]LogCollectionManager: Fixed up redirectors for 0 collections in 0.000018 seconds (updated 0 objects)
[2017.07.11-15.35.13:993][632]LogRenderer: Reallocating scene render targets to support 1616x600 (Frame:635).
[2017.07.11-15.35.29:985][763]LogBlueprint:Warning: Compiler Warning InputAction Event references unknown Action 'Crouch' for  InputAction Crouch 
[2017.07.11-15.35.29:987][763]LogBlueprint:Warning: Compiler Warning [0036.17] Compile of Ue4ASP_Character successful, but with 1 Warning(s) [in 8 ms] (/Game/AnimStarterPack/Ue4ASP_Character.Ue4ASP_Character)
[2017.07.11-15.35.29:987][763]LogBlueprint:Warning: Compiler Warning [0036.17] Compile of Ue4ASP_Character successful, but with 2 Warning(s) [in 0 ms] (/Game/AnimStarterPack/Ue4ASP_Character.Ue4ASP_Character)
[2017.07.11-15.35.29:987][763]LogBlueprint:Warning: Compiler Warning [0036.17] Compile of Ue4ASP_Character successful, but with 3 Warning(s) [in 0 ms] (/Game/AnimStarterPack/Ue4ASP_Character.Ue4ASP_Character)
[2017.07.11-15.35.30:109][763]LogBlueprint:Warning: Compiler Warning InputAction Event references unknown Action 'Crouch' for  InputAction Crouch 
[2017.07.11-15.35.30:111][763]LogBlueprint:Warning: Compiler Warning [0036.29] Compile of Ue4ASP_Character successful, but with 1 Warning(s) [in 9 ms] (/Game/AnimStarterPack/Ue4ASP_Character.Ue4ASP_Character)
[2017.07.11-15.35.30:111][763]LogBlueprint:Warning: Compiler Warning [0036.30] Compile of Ue4ASP_Character successful, but with 2 Warning(s) [in 0 ms] (/Game/AnimStarterPack/Ue4ASP_Character.Ue4ASP_Character)
[2017.07.11-15.35.30:112][763]LogBlueprint:Warning: Compiler Warning [0036.30] Compile of Ue4ASP_Character successful, but with 3 Warning(s) [in 0 ms] (/Game/AnimStarterPack/Ue4ASP_Character.Ue4ASP_Character)
[2017.07.11-15.35.30:187][763]LogBlueprint:Error: Compiler Error Overriden function is not compatible with the parent function  Event Construct . Check flags: Exec, Final, Static.
[2017.07.11-15.35.30:193][763]LogBlueprint:Warning: Compiler Warning [0036.38] Compile of GameUIBP failed. 1 Fatal Issue(s) 0 Warning(s) [in 7 ms] (/Game/Ava/GameUIBP.GameUIBP)
[2017.07.11-15.35.30:193][763]LogBlueprint:Warning: Compiler Warning [0036.38] Compile of GameUIBP failed. 1 Fatal Issue(s) 1 Warning(s) [in 0 ms] (/Game/Ava/GameUIBP.GameUIBP)
[2017.07.11-15.35.30:193][763]LogBlueprint:Warning: Compiler Warning [0036.38] Compile of GameUIBP failed. 1 Fatal Issue(s) 2 Warning(s) [in 0 ms] (/Game/Ava/GameUIBP.GameUIBP)
[2017.07.11-15.35.33:373][763]LogMaterial: Missing cached shader map for material M_Basic_Wall, compiling. 
[2017.07.11-15.35.33:374][763]LogMaterial:Warning: Failed to compile Material /Game/StarterContent/Materials/M_Basic_Wall.M_Basic_Wall for platform PCD3D_SM5, Default Material will be used in game.
[2017.07.11-15.35.33:374][763]LogMaterial:Warning: 	(Node TextureSample) TextureSample> Missing input texture
[2017.07.11-15.35.33:610][763]LogAIModule: Creating AISystem for world PalaceLevel
[2017.07.11-15.35.33:666][763]Cmd: MAP LOAD FILE="W:/University Work/Masters/MastersProject/MastersProject/Ava/Content/Ava/Maps/PalaceLevel.umap" TEMPLATE=0 SHOWPROGRESS=1 FEATURELEVEL=3
[2017.07.11-15.35.33:666][763]LightingResults: New page: Lighting Build
[2017.07.11-15.35.33:667][763]LoadErrors: New page: Loading map: PalaceLevel.umap
[2017.07.11-15.35.33:667][763]MapCheck: New page: Map Check
[2017.07.11-15.35.33:667][763]LightingResults: New page: Lighting Build
[2017.07.11-15.35.33:696][763]LogEditorServer: Finished looking for orphan Actors (0.000 secs)
[2017.07.11-15.35.33:725][763]Cmd: MAP CHECKDEP NOCLEARLOG
[2017.07.11-15.35.33:826][763]MapCheck: Info Map check complete: 0 Error(s), 0 Warning(s), took 101.155ms to complete.
[2017.07.11-15.35.33:826][763]LogFileHelpers: Loading map 'PalaceLevel' took 0.161
[2017.07.11-15.35.47:124][497]LogContentBrowser: Native class hierarchy updated for 'BlueprintGraph' in 0.0036 seconds. Added 111 classes and 0 folders.
[2017.07.11-15.36.04:297][245]BlueprintLog: New page: Compile GameUIBP
[2017.07.11-15.36.04:316][245]LogBlueprint:Error: Compiler Error Overriden function is not compatible with the parent function  Event Construct . Check flags: Exec, Final, Static.
[2017.07.11-15.36.04:519][245]LogBlueprint:Warning: Compiler Warning [0070.70] Compile of GameUIBP failed. 1 Fatal Issue(s) 0 Warning(s) [in 221 ms] (/Game/Ava/GameUIBP.GameUIBP)
[2017.07.11-15.36.04:519][245]BlueprintEditorCompileResults:Error: Error Overriden function is not compatible with the parent function  Event Construct . Check flags: Exec, Final, Static.
[2017.07.11-15.36.04:519][245]BlueprintEditorCompileResults:Warning: Warning [0070.70] Compile of GameUIBP failed. 1 Fatal Issue(s) 0 Warning(s) [in 221 ms] (/Game/Ava/GameUIBP.GameUIBP)
[2017.07.11-15.36.05:255][280]Cmd: OBJ SAVEPACKAGE PACKAGE="/Game/Ava/GameUIBP" FILE="W:/University Work/Masters/MastersProject/MastersProject/Ava/Content/Ava/GameUIBP.uasset" SILENT=true
[2017.07.11-15.36.05:281][280]LogSavePackage: Save=20.81ms
[2017.07.11-15.36.05:281][280]LogSavePackage: Moving 'W:/University Work/Masters/MastersProject/MastersProject/Ava/Saved/GameUIBPD4A54D2746E277C78E5358B1F9E2DF2B.tmp' to 'W:/University Work/Masters/MastersProject/MastersProject/Ava/Content/Ava/GameUIBP.uasset'
[2017.07.11-15.36.05:287][280]LogSavePackage:Display: Finished SavePackage W:/University Work/Masters/MastersProject/MastersProject/Ava/Content/Ava/GameUIBP.uasset
[2017.07.11-15.36.17:953][811]Cmd: OBJ SAVEPACKAGE PACKAGE="/Game/Ava/MainMenuBP" FILE="W:/University Work/Masters/MastersProject/MastersProject/Ava/Content/Ava/MainMenuBP.uasset" SILENT=true
[2017.07.11-15.36.17:975][811]LogSavePackage: Save=17.88ms
[2017.07.11-15.36.17:976][811]LogSavePackage: Moving 'W:/University Work/Masters/MastersProject/MastersProject/Ava/Saved/MainMenuBPDFEAC7D0400511D989ABCC9F7C499DB3.tmp' to 'W:/University Work/Masters/MastersProject/MastersProject/Ava/Content/Ava/MainMenuBP.uasset'
[2017.07.11-15.36.17:982][811]LogSavePackage:Display: Finished SavePackage W:/University Work/Masters/MastersProject/MastersProject/Ava/Content/Ava/MainMenuBP.uasset
[2017.07.11-15.36.18:956][856]BlueprintLog: New page: Compile MainMenuBP
[2017.07.11-15.36.18:980][856]LogBlueprint:Error: Compiler Error Overriden function is not compatible with the parent function  Event Construct . Check flags: Exec, Final, Static.
[2017.07.11-15.36.19:133][856]LogBlueprint:Warning: Compiler Warning [0085.32] Compile of MainMenuBP failed. 1 Fatal Issue(s) 0 Warning(s) [in 176 ms] (/Game/Ava/MainMenuBP.MainMenuBP)
[2017.07.11-15.36.19:133][856]BlueprintEditorCompileResults:Error: Error Overriden function is not compatible with the parent function  Event Construct . Check flags: Exec, Final, Static.
[2017.07.11-15.36.19:133][856]BlueprintEditorCompileResults:Warning: Warning [0085.32] Compile of MainMenuBP failed. 1 Fatal Issue(s) 0 Warning(s) [in 176 ms] (/Game/Ava/MainMenuBP.MainMenuBP)
[2017.07.11-15.36.19:674][882]Cmd: OBJ SAVEPACKAGE PACKAGE="/Game/Ava/MainMenuBP" FILE="W:/University Work/Masters/MastersProject/MastersProject/Ava/Content/Ava/MainMenuBP.uasset" SILENT=true
[2017.07.11-15.36.19:698][882]LogSavePackage: Save=19.19ms
[2017.07.11-15.36.19:698][882]LogSavePackage: Moving 'W:/University Work/Masters/MastersProject/MastersProject/Ava/Saved/MainMenuBPA656384047E01E2BA1C51FB8DA4BC379.tmp' to 'W:/University Work/Masters/MastersProject/MastersProject/Ava/Content/Ava/MainMenuBP.uasset'
[2017.07.11-15.36.19:722][882]LogSavePackage:Display: Finished SavePackage W:/University Work/Masters/MastersProject/MastersProject/Ava/Content/Ava/MainMenuBP.uasset
[2017.07.11-15.37.29:884][480]Cmd: QUIT_EDITOR
[2017.07.11-15.37.29:956][480]LogExit: Preparing to exit.
[2017.07.11-15.37.30:920][480]LogHoudiniEngine: HAPI Synchronous Deletion of  Started. HoudiniAsset = 0x0, 
[2017.07.11-15.37.30:929][480]LogExit: Editor shut down
[2017.07.11-15.37.30:929][480]LogExit: Transaction tracking system shut down
[2017.07.11-15.37.31:086][480]LogObj: Freed 0b from 0 cluster array pools.
[2017.07.11-15.37.31:086][480]LogExit: Object subsystem successfully closed.
[2017.07.11-15.37.31:099][480]LogD3D11RHI: Shutdown
[2017.07.11-15.37.31:099][480]LogD3D11RHI: CleanupD3DDevice
[2017.07.11-15.37.31:177][480]LogD3D11RHI: ~FD3D11DynamicRHI
[2017.07.11-15.37.31:196][480]LogModuleManager: Shutting down and abandoning module SequencerWidgets (218)
[2017.07.11-15.37.31:196][480]LogModuleManager: Shutting down and abandoning module BlueprintGraph (217)
[2017.07.11-15.37.31:196][480]LogModuleManager: Shutting down and abandoning module HierarchicalLODOutliner (216)
[2017.07.11-15.37.31:196][480]LogModuleManager: Shutting down and abandoning module CrashTracker (215)
[2017.07.11-15.37.31:196][480]LogModuleManager: Shutting down and abandoning module SceneOutliner (214)
[2017.07.11-15.37.31:196][480]LogModuleManager: Shutting down and abandoning module WidgetCarousel (213)
[2017.07.11-15.37.31:196][480]LogModuleManager: Shutting down and abandoning module AddContentDialog (212)
[2017.07.11-15.37.31:197][480]LogModuleManager: Shutting down and abandoning module GameplayTags (211)
[2017.07.11-15.37.31:197][480]LogModuleManager: Shutting down and abandoning module EditorWidgets (210)
[2017.07.11-15.37.31:197][480]LogModuleManager: Shutting down and abandoning module CollectionManager (209)
[2017.07.11-15.37.31:197][480]LogModuleManager: Shutting down and abandoning module StatsViewer (208)
[2017.07.11-15.37.31:197][480]LogModuleManager: Shutting down and abandoning module FoliageEdit (207)
[2017.07.11-15.37.31:197][480]LogModuleManager: Shutting down and abandoning module LandscapeEditor (206)
[2017.07.11-15.37.31:198][480]LogModuleManager: Shutting down and abandoning module SceneDepthPickerMode (205)
[2017.07.11-15.37.31:198][480]LogModuleManager: Shutting down and abandoning module ActorPickerMode (204)
[2017.07.11-15.37.31:198][480]LogModuleManager: Shutting down and abandoning module GeometryMode (203)
[2017.07.11-15.37.31:198][480]LogModuleManager: Shutting down and abandoning module TextureAlignMode (202)
[2017.07.11-15.37.31:198][480]LogModuleManager: Shutting down and abandoning module BspMode (201)
[2017.07.11-15.37.31:198][480]LogModuleManager: Shutting down and abandoning module HardwareSurvey (200)
[2017.07.11-15.37.31:198][480]LogModuleManager: Shutting down and abandoning module SequenceRecorderSections (199)
[2017.07.11-15.37.31:198][480]LogModuleManager: Shutting down and abandoning module SequenceRecorder (198)
[2017.07.11-15.37.31:198][480]LogModuleManager: Shutting down and abandoning module AutomationWorker (197)
[2017.07.11-15.37.31:198][480]LogModuleManager: Shutting down and abandoning module HoudiniEngineEditor (196)
[2017.07.11-15.37.31:198][480]LogHoudiniEngineEditor: Shutting down the Houdini Engine Editor module.
[2017.07.11-15.37.31:198][480]LogModuleManager: Shutting down and abandoning module MatineeToLevelSequence (195)
[2017.07.11-15.37.31:198][480]LogModuleManager: Shutting down and abandoning module PlacementMode (194)
[2017.07.11-15.37.31:198][480]LogModuleManager: Shutting down and abandoning module LevelSequenceEditor (193)
[2017.07.11-15.37.31:198][480]LogModuleManager: Shutting down and abandoning module CharacterAI (192)
[2017.07.11-15.37.31:198][480]LogModuleManager: Shutting down and abandoning module SmartSnapping (191)
[2017.07.11-15.37.31:198][480]LogModuleManager: Shutting down and abandoning module SessionServices (190)
[2017.07.11-15.37.31:198][480]LogModuleManager: Shutting down and abandoning module ViewportSnapping (189)
[2017.07.11-15.37.31:198][480]LogModuleManager: Shutting down and abandoning module LogVisualizer (188)
[2017.07.11-15.37.31:198][480]LogModuleManager: Shutting down and abandoning module GameProjectGeneration (187)
[2017.07.11-15.37.31:198][480]LogModuleManager: Shutting down and abandoning module IntroTutorials (186)
[2017.07.11-15.37.31:198][480]LogModuleManager: Shutting down and abandoning module EditorLiveStreaming (185)
[2017.07.11-15.37.31:198][480]LogModuleManager: Shutting down and abandoning module IOSPlatformEditor (184)
[2017.07.11-15.37.31:198][480]LogModuleManager: Shutting down and abandoning module HTML5PlatformEditor (183)
[2017.07.11-15.37.31:198][480]LogModuleManager: Shutting down and abandoning module AndroidDeviceDetection (182)
[2017.07.11-15.37.31:408][480]LogModuleManager: Shutting down and abandoning module AndroidPlatformEditor (181)
[2017.07.11-15.37.31:408][480]LogModuleManager: Shutting down and abandoning module IOSRuntimeSettings (180)
[2017.07.11-15.37.31:408][480]LogModuleManager: Shutting down and abandoning module AndroidRuntimeSettings (179)
[2017.07.11-15.37.31:408][480]LogModuleManager: Shutting down and abandoning module MergeActors (178)
[2017.07.11-15.37.31:408][480]LogModuleManager: Shutting down and abandoning module SizeMap (177)
[2017.07.11-15.37.31:409][480]LogModuleManager: Shutting down and abandoning module TreeMap (176)
[2017.07.11-15.37.31:409][480]LogModuleManager: Shutting down and abandoning module ReferenceViewer (175)
[2017.07.11-15.37.31:409][480]LogModuleManager: Shutting down and abandoning module LocalizationService (174)
[2017.07.11-15.37.31:409][480]LogModuleManager: Shutting down and abandoning module LocalizationDashboard (173)
[2017.07.11-15.37.31:409][480]LogModuleManager: Shutting down and abandoning module HardwareTargeting (172)
[2017.07.11-15.37.31:409][480]LogModuleManager: Shutting down and abandoning module DeviceProfileEditor (171)
[2017.07.11-15.37.31:409][480]LogModuleManager: Shutting down and abandoning module UndoHistory (170)
[2017.07.11-15.37.31:409][480]LogModuleManager: Shutting down and abandoning module UserFeedback (169)
[2017.07.11-15.37.31:409][480]LogModuleManager: Shutting down and abandoning module XmlParser (168)
[2017.07.11-15.37.31:409][480]LogModuleManager: Shutting down and abandoning module Blutility (167)
[2017.07.11-15.37.31:409][480]LogModuleManager: Shutting down and abandoning module ProjectTargetPlatformEditor (166)
[2017.07.11-15.37.31:409][480]LogModuleManager: Shutting down and abandoning module ProjectSettingsViewer (165)
[2017.07.11-15.37.31:409][480]LogModuleManager: Shutting down and abandoning module InputBindingEditor (164)
[2017.07.11-15.37.31:409][480]LogModuleManager: Shutting down and abandoning module EditorSettingsViewer (163)
[2017.07.11-15.37.31:409][480]LogModuleManager: Shutting down and abandoning module SettingsEditor (162)
[2017.07.11-15.37.31:410][480]LogModuleManager: Shutting down and abandoning module ProjectLauncher (161)
[2017.07.11-15.37.31:410][480]LogModuleManager: Shutting down and abandoning module SessionFrontend (160)
[2017.07.11-15.37.31:410][480]LogModuleManager: Shutting down and abandoning module ProfilerClient (159)
[2017.07.11-15.37.31:410][480]LogModuleManager: Shutting down and abandoning module TargetDeviceServices (158)
[2017.07.11-15.37.31:410][480]LogModuleManager: Shutting down and abandoning module DeviceManager (157)
[2017.07.11-15.37.31:460][480]LogModuleManager: Shutting down and abandoning module AutomationController (156)
[2017.07.11-15.37.31:460][480]LogModuleManager: Shutting down and abandoning module AutomationWindow (155)
[2017.07.11-15.37.31:460][480]LogModuleManager: Shutting down and abandoning module Layers (154)
[2017.07.11-15.37.31:460][480]LogModuleManager: Shutting down and abandoning module ComponentVisualizers (153)
[2017.07.11-15.37.31:460][480]LogModuleManager: Shutting down and abandoning module DetailCustomizations (152)
[2017.07.11-15.37.31:460][480]LogModuleManager: Shutting down and abandoning module PackagesDialog (151)
[2017.07.11-15.37.31:460][480]LogModuleManager: Shutting down and abandoning module Persona (150)
[2017.07.11-15.37.31:460][480]LogModuleManager: Shutting down and abandoning module Kismet (149)
[2017.07.11-15.37.31:460][480]LogModuleManager: Shutting down and abandoning module GraphEditor (148)
[2017.07.11-15.37.31:460][480]LogModuleManager: Shutting down and abandoning module ClassViewer (147)
[2017.07.11-15.37.31:460][480]LogModuleManager: Shutting down and abandoning module Toolbox (146)
[2017.07.11-15.37.31:460][480]LogModuleManager: Shutting down and abandoning module ModuleUI (145)
[2017.07.11-15.37.31:460][480]LogModuleManager: Shutting down and abandoning module MovieSceneTools (144)
[2017.07.11-15.37.31:460][480]LogModuleManager: Shutting down and abandoning module OutputLog (143)
[2017.07.11-15.37.31:461][480]LogModuleManager: Shutting down and abandoning module GammaUI (142)
[2017.07.11-15.37.31:461][480]LogModuleManager: Shutting down and abandoning module Documentation (141)
[2017.07.11-15.37.31:461][480]LogModuleManager: Shutting down and abandoning module StreamingPauseRendering (140)
[2017.07.11-15.37.31:461][480]LogModuleManager: Shutting down and abandoning module AnalyticsET (139)
[2017.07.11-15.37.31:461][480]LogModuleManager: Shutting down and abandoning module Analytics (138)
[2017.07.11-15.37.31:461][480]LogModuleManager: Shutting down and abandoning module PortalServices (137)
[2017.07.11-15.37.31:461][480]LogModuleManager: Shutting down and abandoning module PortalRpc (136)
[2017.07.11-15.37.31:461][480]LogModuleManager: Shutting down and abandoning module MessagingRpc (135)
[2017.07.11-15.37.31:461][480]LogModuleManager: Shutting down and abandoning module GameplayDebugger (134)
[2017.07.11-15.37.31:461][480]LogModuleManager: Shutting down and abandoning module AITestSuite (133)
[2017.07.11-15.37.31:461][480]LogModuleManager: Shutting down and abandoning module AIModule (132)
[2017.07.11-15.37.31:461][480]LogModuleManager: Shutting down and abandoning module ProfilerService (131)
[2017.07.11-15.37.31:490][480]LogModuleManager: Shutting down and abandoning module TaskGraph (130)
[2017.07.11-15.37.31:490][480]LogModuleManager: Shutting down and abandoning module SlateRemote (129)
[2017.07.11-15.37.31:490][480]LogModuleManager: Shutting down and abandoning module SteamVRController (128)
[2017.07.11-15.37.31:490][480]LogModuleManager: Shutting down and abandoning module SteamVR (127)
[2017.07.11-15.37.31:490][480]LogModuleManager: Shutting down and abandoning module ProceduralMeshComponent (126)
[2017.07.11-15.37.31:490][480]LogModuleManager: Shutting down and abandoning module OculusLibrary (125)
[2017.07.11-15.37.31:490][480]LogModuleManager: Shutting down and abandoning module OculusInput (124)
[2017.07.11-15.37.31:491][480]LogModuleManager: Shutting down and abandoning module HoudiniEngineRuntime (123)
[2017.07.11-15.37.31:491][480]LogHoudiniEngine: Shutting down the Houdini Engine module.
[2017.07.11-15.37.31:491][480]LogUObjectArray:Warning: Invalid object index -572662307
[2017.07.11-15.37.31:491][480]LogUObjectArray:Warning: Invalid object index -572662307
[2017.07.11-15.37.31:491][480]LogUObjectArray:Warning: Invalid object index -572662307
[2017.07.11-15.37.31:491][480]LogUObjectArray:Warning: Invalid object index -572662307
[2017.07.11-15.37.31:493][480]LogModuleManager: Shutting down and abandoning module CustomMeshComponent (122)
[2017.07.11-15.37.31:493][480]LogModuleManager: Shutting down and abandoning module CableComponent (121)
[2017.07.11-15.37.31:493][480]LogModuleManager: Shutting down and abandoning module ArchVisCharacter (120)
[2017.07.11-15.37.31:493][480]LogModuleManager: Shutting down and abandoning module MediaPlayerEditor (119)
[2017.07.11-15.37.31:493][480]LogModuleManager: Shutting down and abandoning module HTML5Networking (118)
[2017.07.11-15.37.31:493][480]LogModuleManager: Shutting down and abandoning module SuperSearch (117)
[2017.07.11-15.37.31:493][480]LogModuleManager: Shutting down and abandoning module SuperSearchEditor (116)
[2017.07.11-15.37.31:493][480]LogModuleManager: Shutting down and abandoning module SpeedTreeImporter (115)
[2017.07.11-15.37.31:493][480]LogModuleManager: Shutting down and abandoning module PluginBrowser (114)
[2017.07.11-15.37.31:493][480]LogModuleManager: Shutting down and abandoning module EpicSurvey (113)
[2017.07.11-15.37.31:493][480]LogModuleManager: Shutting down and abandoning module DesktopPlatform (112)
[2017.07.11-15.37.31:493][480]LogModuleManager: Shutting down and abandoning module VisualStudioSourceCodeAccess (111)
[2017.07.11-15.37.31:493][480]LogModuleManager: Shutting down and abandoning module UObjectPlugin (110)
[2017.07.11-15.37.31:493][480]LogModuleManager: Shutting down and abandoning module SubversionSourceControl (109)
[2017.07.11-15.37.31:493][480]LogModuleManager: Shutting down and abandoning module PerforceSourceControl (108)
[2017.07.11-15.37.31:493][480]LogModuleManager: Shutting down and abandoning module SourceControl (107)
[2017.07.11-15.37.31:493][480]LogModuleManager: Shutting down and abandoning module GitSourceControl (106)
[2017.07.11-15.37.31:493][480]LogModuleManager: Shutting down and abandoning module LightPropagationVolumeEditor (105)
[2017.07.11-15.37.31:493][480]LogModuleManager: Shutting down and abandoning module PaperTiledImporter (104)
[2017.07.11-15.37.31:493][480]LogModuleManager: Shutting down and abandoning module PaperSpriteSheetImporter (103)
[2017.07.11-15.37.31:493][480]LogModuleManager: Shutting down and abandoning module MeshPaint (102)
[2017.07.11-15.37.31:493][480]LogModuleManager: Shutting down and abandoning module PixelInspectorModule (101)
[2017.07.11-15.37.31:493][480]LogModuleManager: Shutting down and abandoning module HotReload (100)
[2017.07.11-15.37.31:494][480]LogModuleManager: Shutting down and abandoning module MainFrame (99)
[2017.07.11-15.37.31:494][480]LogModuleManager: Shutting down and abandoning module LevelEditor (98)
[2017.07.11-15.37.31:495][480]LogModuleManager: Shutting down and abandoning module ContentBrowser (97)
[2017.07.11-15.37.31:495][480]LogModuleManager: Shutting down and abandoning module Paper2DEditor (96)
[2017.07.11-15.37.31:495][480]LogModuleManager: Shutting down and abandoning module Ava (95)
[2017.07.11-15.37.31:495][480]LogModuleManager: Shutting down and abandoning module UdpMessaging (94)
[2017.07.11-15.37.31:595][480]LogModuleManager: Shutting down and abandoning module LightPropagationVolumeRuntime (93)
[2017.07.11-15.37.31:595][480]LogModuleManager: Shutting down and abandoning module Paper2D (92)
[2017.07.11-15.37.31:595][480]LogModuleManager: Shutting down and abandoning module WindowsMoviePlayer (91)
[2017.07.11-15.37.31:595][480]LogModuleManager: Shutting down and abandoning module Media (90)
[2017.07.11-15.37.31:595][480]LogModuleManager: Shutting down and abandoning module WmfMedia (89)
[2017.07.11-15.37.31:595][480]LogModuleManager: Shutting down and abandoning module MediaAssets (88)
[2017.07.11-15.37.31:595][480]LogModuleManager: Shutting down and abandoning module GameLiveStreaming (87)
[2017.07.11-15.37.31:595][480]LogModuleManager: Shutting down and abandoning module GameplayTagsEditor (86)
[2017.07.11-15.37.31:595][480]LogModuleManager: Shutting down and abandoning module OnlineBlueprintSupport (85)
[2017.07.11-15.37.31:595][480]LogModuleManager: Shutting down and abandoning module VREditor (84)
[2017.07.11-15.37.31:595][480]LogModuleManager: Shutting down and abandoning module GameplayTasksEditor (83)
[2017.07.11-15.37.31:595][480]LogModuleManager: Shutting down and abandoning module PropertyEditor (82)
[2017.07.11-15.37.31:595][480]LogModuleManager: Shutting down and abandoning module BehaviorTreeEditor (81)
[2017.07.11-15.37.31:595][480]LogModuleManager: Shutting down and abandoning module FunctionalTesting (80)
[2017.07.11-15.37.31:595][480]LogModuleManager: Shutting down and abandoning module CollisionAnalyzer (79)
[2017.07.11-15.37.31:595][480]LogModuleManager: Shutting down and abandoning module Sequencer (78)
[2017.07.11-15.37.31:595][480]LogModuleManager: Shutting down and abandoning module WorkspaceMenuStructure (77)
[2017.07.11-15.37.31:595][480]LogModuleManager: Shutting down and abandoning module MessageLog (76)
[2017.07.11-15.37.31:595][480]LogModuleManager: Shutting down and abandoning module AssetTools (75)
[2017.07.11-15.37.31:595][480]LogModuleManager: Shutting down and abandoning module UMGEditor (74)
[2017.07.11-15.37.31:595][480]LogModuleManager: Shutting down and abandoning module UMG (73)
[2017.07.11-15.37.31:595][480]LogModuleManager: Shutting down and abandoning module SlateReflector (72)
[2017.07.11-15.37.31:595][480]LogModuleManager: Shutting down and abandoning module Slate (71)
[2017.07.11-15.37.31:595][480]LogModuleManager: Shutting down and abandoning module EditorStyle (70)
[2017.07.11-15.37.31:598][480]LogModuleManager: Shutting down and abandoning module SourceCodeAccess (69)
[2017.07.11-15.37.31:598][480]LogModuleManager: Shutting down and abandoning module HeadMountedDisplay (68)
[2017.07.11-15.37.31:598][480]LogModuleManager: Shutting down and abandoning module XAudio2 (67)
[2017.07.11-15.37.31:598][480]LogModuleManager: Shutting down and abandoning module Networking (65)
[2017.07.11-15.37.31:598][480]LogModuleManager: Shutting down and abandoning module Core (64)
[2017.07.11-15.37.31:598][480]LogModuleManager: Shutting down and abandoning module DirectoryWatcher (63)
[2017.07.11-15.37.31:599][480]LogModuleManager: Shutting down and abandoning module AssetRegistry (62)
[2017.07.11-15.37.31:758][480]LogModuleManager: Shutting down and abandoning module KismetCompiler (61)
[2017.07.11-15.37.31:758][480]LogModuleManager: Shutting down and abandoning module PhysXFormats (60)
[2017.07.11-15.37.31:758][480]LogModuleManager: Shutting down and abandoning module MeshUtilities (59)
[2017.07.11-15.37.31:758][480]LogModuleManager: Shutting down and abandoning module DerivedDataCache (58)
[2017.07.11-15.37.31:832][480]LogDerivedDataCache: Shutdown
[2017.07.11-15.37.31:832][480]LogModuleManager: Shutting down and abandoning module VulkanShaderFormat (57)
[2017.07.11-15.37.31:832][480]LogModuleManager: Shutting down and abandoning module ShaderFormatOpenGL (56)
[2017.07.11-15.37.31:832][480]LogModuleManager: Shutting down and abandoning module ShaderFormatD3D (55)
[2017.07.11-15.37.31:832][480]LogModuleManager: Shutting down and abandoning module MetalShaderFormat (54)
[2017.07.11-15.37.31:832][480]LogModuleManager: Shutting down and abandoning module TextureFormatUncompressed (53)
[2017.07.11-15.37.31:832][480]LogModuleManager: Shutting down and abandoning module TextureFormatPVR (52)
[2017.07.11-15.37.31:832][480]LogModuleManager: Shutting down and abandoning module TextureFormatIntelISPCTexComp (51)
[2017.07.11-15.37.31:832][480]LogModuleManager: Shutting down and abandoning module TextureFormatDXT (50)
[2017.07.11-15.37.31:832][480]LogModuleManager: Shutting down and abandoning module ImageWrapper (49)
[2017.07.11-15.37.31:832][480]LogModuleManager: Shutting down and abandoning module TextureFormatASTC (48)
[2017.07.11-15.37.31:832][480]LogModuleManager: Shutting down and abandoning module TextureFormatAndroid (47)
[2017.07.11-15.37.31:832][480]LogModuleManager: Shutting down and abandoning module AudioFormatOpus (46)
[2017.07.11-15.37.31:832][480]LogModuleManager: Shutting down and abandoning module AudioFormatOgg (45)
[2017.07.11-15.37.31:832][480]LogModuleManager: Shutting down and abandoning module AudioFormatADPCM (44)
[2017.07.11-15.37.31:832][480]LogModuleManager: Shutting down and abandoning module LinuxTargetPlatform (43)
[2017.07.11-15.37.31:832][480]LogModuleManager: Shutting down and abandoning module LinuxServerTargetPlatform (42)
[2017.07.11-15.37.31:832][480]LogModuleManager: Shutting down and abandoning module LinuxNoEditorTargetPlatform (41)
[2017.07.11-15.37.31:832][480]LogModuleManager: Shutting down and abandoning module TVOSTargetPlatform (40)
[2017.07.11-15.37.31:833][480]LogModuleManager: Shutting down and abandoning module Messaging (39)
[2017.07.11-15.37.31:833][480]LogModuleManager: Shutting down and abandoning module IOSTargetPlatform (38)
[2017.07.11-15.37.31:833][480]LogModuleManager: Shutting down and abandoning module HTML5TargetPlatform (37)
[2017.07.11-15.37.31:833][480]LogModuleManager: Shutting down and abandoning module Android_PVRTCTargetPlatform (36)
[2017.07.11-15.37.31:833][480]LogModuleManager: Shutting down and abandoning module Android_MultiTargetPlatform (35)
[2017.07.11-15.37.31:833][480]LogModuleManager: Shutting down and abandoning module Android_ETC2TargetPlatform (34)
[2017.07.11-15.37.31:833][480]LogModuleManager: Shutting down and abandoning module Android_ETC1TargetPlatform (33)
[2017.07.11-15.37.31:833][480]LogModuleManager: Shutting down and abandoning module Android_DXTTargetPlatform (32)
[2017.07.11-15.37.31:833][480]LogModuleManager: Shutting down and abandoning module Android_ATCTargetPlatform (31)
[2017.07.11-15.37.31:833][480]LogModuleManager: Shutting down and abandoning module Android_ASTCTargetPlatform (30)
[2017.07.11-15.37.31:833][480]LogModuleManager: Shutting down and abandoning module AndroidTargetPlatform (29)
[2017.07.11-15.37.31:833][480]LogModuleManager: Shutting down and abandoning module WindowsTargetPlatform (28)
[2017.07.11-15.37.31:833][480]LogModuleManager: Shutting down and abandoning module WindowsServerTargetPlatform (27)
[2017.07.11-15.37.31:833][480]LogModuleManager: Shutting down and abandoning module WindowsNoEditorTargetPlatform (26)
[2017.07.11-15.37.31:833][480]LogModuleManager: Shutting down and abandoning module WindowsClientTargetPlatform (25)
[2017.07.11-15.37.31:833][480]LogModuleManager: Shutting down and abandoning module AllDesktopTargetPlatform (24)
[2017.07.11-15.37.31:833][480]LogModuleManager: Shutting down and abandoning module TargetPlatform (23)
[2017.07.11-15.37.31:833][480]LogModuleManager: Shutting down and abandoning module InputCore (22)
[2017.07.11-15.37.31:833][480]LogModuleManager: Shutting down and abandoning module Settings (21)
[2017.07.11-15.37.31:833][480]LogModuleManager: Shutting down and abandoning module OnlineSubsystem (19)
[2017.07.11-15.37.31:833][480]LogModuleManager: Shutting down and abandoning module HTTP (18)
[2017.07.11-15.37.33:333][480]LogModuleManager: Shutting down and abandoning module XMPP (17)
[2017.07.11-15.37.33:334][480]LogModuleManager: Shutting down and abandoning module OculusRift (16)
[2017.07.11-15.37.33:334][480]LogModuleManager: Shutting down and abandoning module ExampleDeviceProfileSelector (15)
[2017.07.11-15.37.33:334][480]LogModuleManager: Shutting down and abandoning module TextureCompressor (14)
[2017.07.11-15.37.33:334][480]LogModuleManager: Shutting down and abandoning module ShaderCore (13)
[2017.07.11-15.37.33:334][480]LogModuleManager: Shutting down and abandoning module Landscape (12)
[2017.07.11-15.37.33:334][480]LogModuleManager: Shutting down and abandoning module SlateRHIRenderer (11)
[2017.07.11-15.37.33:337][480]LogModuleManager: Shutting down and abandoning module OpenGLDrv (10)
[2017.07.11-15.37.33:337][480]LogModuleManager: Shutting down and abandoning module D3D11RHI (9)
[2017.07.11-15.37.33:337][480]LogModuleManager: Shutting down and abandoning module AnimGraphRuntime (8)
[2017.07.11-15.37.33:337][480]LogModuleManager: Shutting down and abandoning module Renderer (7)
[2017.07.11-15.37.33:337][480]LogModuleManager: Shutting down and abandoning module Engine (6)
[2017.07.11-15.37.33:337][480]LogModuleManager: Shutting down and abandoning module CoreUObject (5)
[2017.07.11-15.37.33:337][480]LogModuleManager: Shutting down and abandoning module NetworkFile (4)
[2017.07.11-15.37.33:337][480]LogModuleManager: Shutting down and abandoning module StreamingFile (3)
[2017.07.11-15.37.33:337][480]LogModuleManager: Shutting down and abandoning module SandboxFile (2)
[2017.07.11-15.37.33:337][480]LogModuleManager: Shutting down and abandoning module PakFile (1)
[2017.07.11-15.37.33:342][480]LogExit: Exiting.
[2017.07.11-15.37.33:344][480]Log file closed, 07/11/17 16:37:33
