Log file open, 06/29/17 10:38:14
LogInit:Display: Running engine for game: Ava
LogPlatformFile: Not using cached read wrapper
LogInit:Display: RandInit(-385590068) SRandInit(-385590067).
LogTaskGraph: Started task graph with 4 named threads and 9 total threads with 1 sets of task threads.
LogStats: Stats thread started at 0.147200
LogInit: Version: 4.12.5-3039270+++UE4+Release-4.12
LogInit: API Version: 2992821
LogInit: Net Version: 3039270
LogDevObjectVersion: Number of dev versions registered: 13
LogDevObjectVersion:   Dev-Blueprints (B0D832E4-1F89-4F0D-ACCF-7EB736FD4AA2): 3
LogDevObjectVersion:   Dev-Build (E1C64328-A22C-4D53-A36C-8E866417BD8C): 0
LogDevObjectVersion:   Dev-Core (375EC13C-06E4-48FB-B500-84F0262A717E): 1
LogDevObjectVersion:   Dev-Editor (E4B068ED-F494-42E9-A231-DA0B2E46BB41): 2
LogDevObjectVersion:   Dev-Framework (CFFC743F-43B0-4480-9391-14DF171D2073): 6
LogDevObjectVersion:   Dev-Mobile (B02B49B5-BB20-44E9-A304-32B752E40360): 0
LogDevObjectVersion:   Dev-Networking (A4E4105C-59A1-49B5-A7C5-40C4547EDFEE): 0
LogDevObjectVersion:   Dev-Online (39C831C9-5AE6-47DC-9A44-9C173E1C8E7C): 0
LogDevObjectVersion:   Dev-Physics (78F01B33-EBEA-4F98-B9B4-84EACCB95AA2): 0
LogDevObjectVersion:   Dev-Platform (6631380F-2D4D-43E0-8009-CF276956A95A): 0
LogDevObjectVersion:   Dev-Rendering (12F88B9F-8875-4AFC-A67C-D90C383ABD29): 2
LogDevObjectVersion:   Dev-Sequencer (7B5AE74C-D270-4C10-A958-57980B212A5A): 0
LogDevObjectVersion:   Dev-VR (D7296918-1DD6-4BDD-9DE2-64A83CC13884): 0
LogInit: Compiled (64-bit): Jul  6 2016 09:09:46
LogInit: Compiled with Visual C++: 19.00.23026.00
LogInit: Build Configuration: Development
LogInit: Branch Name: ++UE4+Release-4.12
LogInit: Command line:  
LogInit: Base directory: C:/Program Files/Epic Games/4.12/Engine/Binaries/Win64/
LogInit: Installed Engine Build: 1
LogInit: Using libcurl 7.41.0
LogInit:  - built for x86_64-pc-win32
LogInit:  - supports SSL with WinSSL
LogInit:  - other features:
LogInit:      CURL_VERSION_SSL
LogInit:      CURL_VERSION_IPV6
LogInit:      CURL_VERSION_ASYNCHDNS
LogInit:      CURL_VERSION_LARGEFILE
LogInit:      CURL_VERSION_IDN
LogInit:  CurlRequestOptions (configurable via config and command line):
LogInit:  - bVerifyPeer = true  - Libcurl will verify peer certificate
LogInit:  - bUseHttpProxy = false  - Libcurl will NOT use HTTP proxy
LogInit:  - bDontReuseConnections = false  - Libcurl will reuse connections
LogInit:  - CertBundlePath = nullptr  - Libcurl will use whatever was configured at build time.
LogInit: Presizing for max 8388607 objects, including 0 objects not considered by GC, pre-allocating 0 bytes for permanent pool.
LogInit: Object subsystem initialized
[2017.06.29-09.38.14:270][  0]LogInit: Selected Device Profile: [Windows]
[2017.06.29-09.38.14:270][  0]LogInit: Applying CVar settings loaded from the selected device profile: [Windows]
[2017.06.29-09.38.14:298][  0]LogInit: Computer: PC42640
[2017.06.29-09.38.14:298][  0]LogInit: User: i7230020
[2017.06.29-09.38.14:298][  0]LogInit: CPU Page size=65536, Cores=6
[2017.06.29-09.38.14:298][  0]LogInit: High frequency timer resolution =3.410136 MHz
[2017.06.29-09.38.14:298][  0]LogMemory: Memory total: Physical=31.9GB (32GB approx)
[2017.06.29-09.38.14:298][  0]LogMemory: Platform Memory Stats for Windows
[2017.06.29-09.38.14:299][  0]LogMemory: Process Physical Memory: 195.48 MB used, 195.48 MB peak
[2017.06.29-09.38.14:299][  0]LogMemory: Process Virtual Memory: 198.96 MB used, 198.96 MB peak
[2017.06.29-09.38.14:299][  0]LogMemory: Physical Memory: 10357.28 MB used, 32684.15 MB total
[2017.06.29-09.38.14:299][  0]LogMemory: Virtual Memory: 538.89 MB used, 8388608.00 MB total
[2017.06.29-09.38.14:575][  0]LogTextLocalizationManager: No specific translations for ('en-GB') exist, so ('en') translations will be used.
[2017.06.29-09.38.15:023][  0]LogD3D11RHI: D3D11 adapters:
[2017.06.29-09.38.15:056][  0]LogD3D11RHI:    0. 'NVIDIA Quadro M4000' (Feature Level 11_0)
[2017.06.29-09.38.15:056][  0]LogD3D11RHI:       8092/0/16086 MB DedicatedVideo/DedicatedSystem/SharedSystem, Outputs:1, VendorId:0x10de
[2017.06.29-09.38.15:056][  0]LogD3D11RHI: Chosen D3D11 Adapter: 0
[2017.06.29-09.38.15:066][  0]LogD3D11RHI: Creating new Direct3DDevice
[2017.06.29-09.38.15:066][  0]LogD3D11RHI:     GPU DeviceId: 0x13f1 (for the marketing name, search the web for "GPU Device Id")
[2017.06.29-09.38.15:066][  0]LogWindows: EnumDisplayDevices:
[2017.06.29-09.38.15:066][  0]LogWindows:    0. 'NVIDIA Quadro M4000' (P:1 D:1)
[2017.06.29-09.38.15:067][  0]LogWindows:    1. 'NVIDIA Quadro M4000' (P:0 D:0)
[2017.06.29-09.38.15:068][  0]LogWindows:    2. 'NVIDIA Quadro M4000' (P:0 D:0)
[2017.06.29-09.38.15:068][  0]LogWindows:    3. 'NVIDIA Quadro M4000' (P:0 D:0)
[2017.06.29-09.38.15:068][  0]LogWindows:    4. 'RDPDD Chained DD' (P:0 D:0)
[2017.06.29-09.38.15:069][  0]LogWindows:    5. 'RDP Encoder Mirror Driver' (P:0 D:0)
[2017.06.29-09.38.15:069][  0]LogWindows:    6. 'RDP Reflector Display Driver' (P:0 D:0)
[2017.06.29-09.38.15:069][  0]LogWindows: DebugString: GetVideoDriverDetailsInvalid PrimaryIsNotTheChoosenAdapter GetVideoDriverDetailsInvalid PrimaryIsNotTheChoosenAdapter GetVideoDriverDetailsInvalid PrimaryIsNotTheChoosenAdapter FoundDriverCount:4 
[2017.06.29-09.38.15:069][  0]LogD3D11RHI:     Adapter Name: NVIDIA Quadro M4000
[2017.06.29-09.38.15:069][  0]LogD3D11RHI:   Driver Version: 362.13 (internal:10.18.13.6213, unified:362.13)
[2017.06.29-09.38.15:069][  0]LogD3D11RHI:      Driver Date: 3-18-2016
[2017.06.29-09.38.15:069][  0]LogRHI: Texture pool is 1361 MB (70% of 1945 MB)
[2017.06.29-09.38.15:080][  0]LogD3D11RHI: Async texture creation enabled
[2017.06.29-09.38.15:094][  0]LogD3D11RHI: GPU Timing Frequency: 1000.000000 (Debug: 2 2)
[2017.06.29-09.38.15:094][  0]LogShaderCompilers: Guid format shader working directory is -28 characters bigger than the processId version (../../../../../../Users/i7230020.STUDENT.000/Documents/GitHub/MastersProject/Ava/Intermediate/Shaders/WorkingDirectory/73960/).
[2017.06.29-09.38.15:094][  0]LogShaderCompilers: Cleaned the shader compiler working directory 'C:/Users/I72300~1.000/AppData/Local/Temp/UnrealShaderWorkingDir/1AB81C5C487E8F753F48F48209E0424D/'.
[2017.06.29-09.38.15:094][  0]LogShaderCompilers:Display: Using Local Shader Compiler.
[2017.06.29-09.38.17:772][  0]LogTemp:Display: Loaded TP AllDesktopTargetPlatform
[2017.06.29-09.38.17:781][  0]LogTemp:Display: Loaded TP WindowsClientTargetPlatform
[2017.06.29-09.38.17:791][  0]LogTemp:Display: Loaded TP WindowsNoEditorTargetPlatform
[2017.06.29-09.38.17:800][  0]LogTemp:Display: Loaded TP WindowsServerTargetPlatform
[2017.06.29-09.38.17:809][  0]LogTemp:Display: Loaded TP WindowsTargetPlatform
[2017.06.29-09.38.17:822][  0]LogTemp:Display: Loaded TP AndroidTargetPlatform
[2017.06.29-09.38.17:830][  0]LogTemp:Display: Loaded TP Android_ASTCTargetPlatform
[2017.06.29-09.38.17:838][  0]LogTemp:Display: Loaded TP Android_ATCTargetPlatform
[2017.06.29-09.38.17:851][  0]LogTemp:Display: Loaded TP Android_DXTTargetPlatform
[2017.06.29-09.38.17:861][  0]LogTemp:Display: Loaded TP Android_ETC1TargetPlatform
[2017.06.29-09.38.17:869][  0]LogTemp:Display: Loaded TP Android_ETC2TargetPlatform
[2017.06.29-09.38.17:886][  0]LogTemp:Display: Loaded TP Android_MultiTargetPlatform
[2017.06.29-09.38.17:886][  0]LogTemp:Display: Loaded TP Android_PVRTCTargetPlatform
[2017.06.29-09.38.17:887][  0]LogTemp:Display: Loaded TP HTML5TargetPlatform
[2017.06.29-09.38.17:947][  0]LogTemp:Display: Loaded TP IOSTargetPlatform
[2017.06.29-09.38.17:957][  0]LogTemp:Display: Loaded TP TVOSTargetPlatform
[2017.06.29-09.38.17:965][  0]LogTemp:Display: Loaded TP LinuxNoEditorTargetPlatform
[2017.06.29-09.38.17:973][  0]LogTemp:Display: Loaded TP LinuxServerTargetPlatform
[2017.06.29-09.38.17:985][  0]LogTemp:Display: Loaded TP LinuxTargetPlatform
[2017.06.29-09.38.17:985][  0]LogTargetPlatformManager:Display: Building Assets For Windows
[2017.06.29-09.38.18:400][  0]LogDerivedDataCache:Display: Max Cache Size: 512 MB
[2017.06.29-09.38.18:452][  0]LogDerivedDataCache: Loaded boot cache 0.05s 49MB C:/Users/i7230020.STUDENT.000/AppData/Local/UnrealEngine/4.12/DerivedDataCache/Boot.ddc.
[2017.06.29-09.38.18:452][  0]LogDerivedDataCache:Display: Loaded Boot cache: C:/Users/i7230020.STUDENT.000/AppData/Local/UnrealEngine/4.12/DerivedDataCache/Boot.ddc
[2017.06.29-09.38.18:452][  0]LogDerivedDataCache: FDerivedDataBackendGraph:  Pak pak cache file ../../../../../../Users/i7230020.STUDENT.000/Documents/GitHub/MastersProject/Ava/DerivedDataCache/DDC.ddp not found, will not use a pak cache.
[2017.06.29-09.38.18:452][  0]LogDerivedDataCache: Unable to find inner node Pak for hierarchical cache Hierarchy.
[2017.06.29-09.38.18:452][  0]LogDerivedDataCache: FDerivedDataBackendGraph:  CompressedPak pak cache file ../../../../../../Users/i7230020.STUDENT.000/Documents/GitHub/MastersProject/Ava/DerivedDataCache/Compressed.ddp not found, will not use a pak cache.
[2017.06.29-09.38.18:452][  0]LogDerivedDataCache: Unable to find inner node CompressedPak for hierarchical cache Hierarchy.
[2017.06.29-09.38.18:470][  0]LogDerivedDataCache:Display: Pak cache opened for reading ../../../Engine/DerivedDataCache/Compressed.ddp.
[2017.06.29-09.38.18:482][  0]LogDerivedDataCache: Using Local data cache path C:/Users/i7230020.STUDENT.000/AppData/Local/UnrealEngine/Common/DerivedDataCache: Writable
[2017.06.29-09.38.21:291][  0]LogInit: Selected Device Profile: [Windows]
[2017.06.29-09.38.21:292][  0]LogContentStreaming: Texture pool size is 0.00 MB
[2017.06.29-09.38.21:546][  0]LogMeshUtilities: No automatic mesh reduction module available
[2017.06.29-09.38.21:546][  0]LogMeshUtilities: No automatic mesh merging module available
[2017.06.29-09.38.21:546][  0]LogMeshUtilities: No distributed automatic mesh merging module available
[2017.06.29-09.38.22:053][  0]LogAssetRegistry: FAssetRegistry took 0.0205 seconds to start up
[2017.06.29-09.38.22:157][  0]LogPackageLocalizationCache: Processed 4 localized package path(s) for 2 prioritized culture(s) in 0.100023 seconds
[2017.06.29-09.38.22:161][  0]LogUObjectArray: 28739 objects as part of root set at end of initial load.
[2017.06.29-09.38.22:161][  0]LogUObjectAllocator: 5855624 out of 0 bytes used by permanent object pool.
[2017.06.29-09.38.22:161][  0]LogUObjectArray: CloseDisregardForGC: 0/0 objects in disregard for GC pool
[2017.06.29-09.38.22:167][  0]LogInit: WinSock: version 1.1 (2.2), MaxSocks=32767, MaxUdp=65467
[2017.06.29-09.38.22:520][  0]LogSlate: SlateFontCache - WITH_FREETYPE: 1, WITH_HARFBUZZ: 1
[2017.06.29-09.38.22:520][  0]LogSlate: SlateFontCache - WITH_FREETYPE: 1, WITH_HARFBUZZ: 1
[2017.06.29-09.38.24:414][  0]LogUdpMessaging: Initializing bridge on interface 0.0.0.0:0 to multicast group 230.0.0.1:6666.
[2017.06.29-09.38.24:747][  0]SourceControl: Info Source control is disabled
[2017.06.29-09.38.24:750][  0]SourceControl: Info Source control is disabled
[2017.06.29-09.38.24:763][  0]SourceControl: Info Source control is disabled
[2017.06.29-09.38.24:777][  0]SourceControl: Info Source control is disabled
[2017.06.29-09.38.24:861][  0]LogLinker:Warning: Can't find file '/Game/FirstPersonCPP/FirstPersonOverview'
[2017.06.29-09.38.24:861][  0]LogLinker:Warning: Can't find file '/Game/FirstPersonCPP/FirstPersonOverview'
[2017.06.29-09.38.24:861][  0]LogUObjectGlobals:Warning: Failed to find object 'Class /Game/FirstPersonCPP/FirstPersonOverview.FirstPersonOverview_C'
[2017.06.29-09.38.24:945][  0]LogHoudiniEngine: Starting the Houdini Engine module.
[2017.06.29-09.38.24:957][  0]LogHoudiniEngine: Loaded libHAPIL.dll from Registry path C:\Program Files\Side Effects Software\Houdini 15.5.632/bin
[2017.06.29-09.38.24:960][  0]LogLinker:Warning: Asset '../../../Engine/Plugins/Runtime/HoudiniEngine/Content/houdini_logo.uasset' has been saved with empty engine version. The asset will be loaded but may be incompatible.
[2017.06.29-09.38.24:964][  0]LogLinker:Warning: Asset '../../../Engine/Plugins/Runtime/HoudiniEngine/Content/houdini_default_material.uasset' has been saved with empty engine version. The asset will be loaded but may be incompatible.
[2017.06.29-09.38.24:970][  0]LogLinker:Warning: Asset '../../../Engine/Plugins/Runtime/HoudiniEngine/Content/houdini_bgeo_import.uasset' has been saved with empty engine version. The asset will be loaded but may be incompatible.
[2017.06.29-09.38.29:175][  0]LogHoudiniEngine: Successfully initialized the Houdini Engine API module.
[2017.06.29-09.38.29:330][  0]LogEngine: Initializing Engine...
[2017.06.29-09.38.29:343][  0]LogHMD: SteamVR failed to initialize.  Err: 110
[2017.06.29-09.38.29:344][  0]LogHMD: SteamVR failed to initialize.  Err: 110
[2017.06.29-09.38.29:545][  0]LogAIModule: Creating AISystem for world NewWorld
[2017.06.29-09.38.29:564][  0]LogInit: XAudio2 using 'Speakers (Realtek High Definition Audio)' : 2 channels at 48 kHz using 32 bits per sample (channel mask 0x3)
[2017.06.29-09.38.29:587][  0]LogInit: FAudioDevice initialized.
[2017.06.29-09.38.29:611][  0]LogDerivedDataCache: Saved boot cache 0.02s 49MB C:/Users/i7230020.STUDENT.000/AppData/Local/UnrealEngine/4.12/DerivedDataCache/Boot.ddc.
[2017.06.29-09.38.29:616][  0]LogInit: Texture streaming: Enabled
[2017.06.29-09.38.29:640][  0]LogInit: Transaction tracking system initialized
[2017.06.29-09.38.29:660][  0]BlueprintLog: New page: Editor Load
[2017.06.29-09.38.29:733][  0]LocalizationService: Info Localization service is disabled
[2017.06.29-09.38.29:807][  0]LogConsoleResponse:Display: 
[2017.06.29-09.38.30:073][  0]LogCook:Display: Max memory allowance for cook 8192mb
[2017.06.29-09.38.30:073][  0]LogCook:Display: Mobile HDR setting 1
[2017.06.29-09.38.30:176][  0]LogFileCache: Scanning file cache for directory 'C:/Users/i7230020.STUDENT.000/Documents/GitHub/MastersProject/Ava/Content/' took 0.02s
[2017.06.29-09.38.30:176][  0]LogHoudiniEngineEditor: Starting the Houdini Engine Editor module.
[2017.06.29-09.38.30:245][  0]SourceControl: Info Source control is disabled
[2017.06.29-09.38.30:245][  0]Cmd: MAP LOAD FILE="../../../../../../Users/i7230020.STUDENT.000/Documents/GitHub/MastersProject/Ava/Content/Ava/Maps/MainMenu.umap" TEMPLATE=0 SHOWPROGRESS=1 FEATURELEVEL=3
[2017.06.29-09.38.30:249][  0]LightingResults: New page: Lighting Build
[2017.06.29-09.38.30:253][  0]MapCheck: New page: Map Check
[2017.06.29-09.38.30:253][  0]LightingResults: New page: Lighting Build
[2017.06.29-09.38.30:386][  0]LogAIModule: Creating AISystem for world MainMenu
[2017.06.29-09.38.30:387][  0]LogEditorServer: Finished looking for orphan Actors (0.000 secs)
[2017.06.29-09.38.30:388][  0]Cmd: MAP CHECKDEP NOCLEARLOG
[2017.06.29-09.38.30:456][  0]MapCheck: Info Map check complete: 0 Error(s), 0 Warning(s), took 67.959ms to complete.
[2017.06.29-09.38.30:456][  0]LogFileHelpers: Loading map 'MainMenu' took 0.211
[2017.06.29-09.38.30:591][  0]LogCollectionManager: Loaded 0 collections in 0.001761 seconds
[2017.06.29-09.38.30:631][  0]LogFileCache: Scanning file cache for directory 'C:/Users/i7230020.STUDENT.000/Documents/GitHub/MastersProject/Ava/Saved/Collections/' took 0.01s
[2017.06.29-09.38.30:631][  0]LogFileCache: Scanning file cache for directory 'C:/Users/i7230020.STUDENT.000/Documents/GitHub/MastersProject/Ava/Content/Developers/i7230020/Collections/' took 0.01s
[2017.06.29-09.38.30:631][  0]LogFileCache: Scanning file cache for directory 'C:/Users/i7230020.STUDENT.000/Documents/GitHub/MastersProject/Ava/Content/Collections/' took 0.01s
[2017.06.29-09.38.30:631][  0]LogCollectionManager: Rebuilt the GUID cache for 0 collections in 0.000002 seconds
[2017.06.29-09.38.30:641][  0]LogContentBrowser: Native class hierarchy populated in 0.0093 seconds. Added 2092 classes and 376 folders.
[2017.06.29-09.38.30:644][  0]LogStats: UGameplayTagsManager::ConstructGameplayTagTree: Construct from data asset -  0.000 s
[2017.06.29-09.38.30:644][  0]LogStats: UGameplayTagsManager::ConstructGameplayTagTree: GameplayTagTreeChangedEvent.Broadcast -  0.000 s
[2017.06.29-09.38.30:647][  0]LogContentBrowser: Native class hierarchy updated for 'GameplayTags' in 0.0025 seconds. Added 12 classes and 0 folders.
[2017.06.29-09.38.30:654][  0]LogContentBrowser: Native class hierarchy updated for 'WidgetCarousel' in 0.0025 seconds. Added 0 classes and 0 folders.
[2017.06.29-09.38.30:843][  0]LogContentBrowser: Native class hierarchy updated for 'AddContentDialog' in 0.0025 seconds. Added 0 classes and 0 folders.
[2017.06.29-09.38.30:849][  0]LogContentBrowser: Native class hierarchy updated for 'SceneOutliner' in 0.0025 seconds. Added 1 classes and 2 folders.
[2017.06.29-09.38.30:865][  0]LogCrashTracker: Crashtracker disabled due to settings.
[2017.06.29-09.38.30:869][  0]LogUObjectGlobals:Warning: Failed to find object 'Class None.'
[2017.06.29-09.38.30:894][  0]LogContentBrowser: Native class hierarchy updated for 'HierarchicalLODOutliner' in 0.0025 seconds. Added 1 classes and 2 folders.
[2017.06.29-09.38.30:894][  0]LogLoad: Full Startup: 20.47 seconds (BP compile: 0.04 seconds)
[2017.06.29-09.38.30:894][  0]LogExternalProfiler: Found external profiler: VSPerf
[2017.06.29-09.38.30:894][  0]LogExternalProfiler: Using external profiler: VSPerf
[2017.06.29-09.38.30:907][  0]LogOcInput: OculusInput pre-init called
[2017.06.29-09.38.30:926][  0]LogContentStreaming: Texture pool size now 1000 MB
[2017.06.29-09.38.31:104][  1]LogRenderer: Reallocating scene render targets to support 1128x588 (Frame:2).
[2017.06.29-09.38.31:226][  1]LogAssetRegistry: Asset discovery search completed in 9.1934 seconds
[2017.06.29-09.38.31:226][  1]LogCollectionManager: Rebuilt the object cache for 0 collections in 0.000001 seconds (found 0 objects)
[2017.06.29-09.38.31:226][  1]LogCollectionManager: Fixed up redirectors for 0 collections in 0.000022 seconds (updated 0 objects)
[2017.06.29-09.41.22:992][794]LogRenderer: Reallocating scene render targets to support 1128x592 (Frame:292).
[2017.06.29-09.41.28:307][314]LogBlueprint:Warning: Compiler Warning InputAction Event references unknown Action 'Crouch' for  InputAction Crouch 
[2017.06.29-09.41.28:310][314]LogBlueprint:Warning: Compiler Warning [0197.87] Compile of Ue4ASP_Character successful, but with 1 Warning(s) [in 8 ms] (/Game/AnimStarterPack/Ue4ASP_Character.Ue4ASP_Character)
[2017.06.29-09.41.28:310][314]LogBlueprint:Warning: Compiler Warning [0197.87] Compile of Ue4ASP_Character successful, but with 2 Warning(s) [in 0 ms] (/Game/AnimStarterPack/Ue4ASP_Character.Ue4ASP_Character)
[2017.06.29-09.41.28:310][314]LogBlueprint:Warning: Compiler Warning [0197.87] Compile of Ue4ASP_Character successful, but with 3 Warning(s) [in 0 ms] (/Game/AnimStarterPack/Ue4ASP_Character.Ue4ASP_Character)
[2017.06.29-09.41.28:438][314]LogBlueprint:Warning: Compiler Warning InputAction Event references unknown Action 'Crouch' for  InputAction Crouch 
[2017.06.29-09.41.28:444][314]LogBlueprint:Warning: Compiler Warning [0198.01] Compile of Ue4ASP_Character successful, but with 1 Warning(s) [in 19 ms] (/Game/AnimStarterPack/Ue4ASP_Character.Ue4ASP_Character)
[2017.06.29-09.41.28:444][314]LogBlueprint:Warning: Compiler Warning [0198.01] Compile of Ue4ASP_Character successful, but with 2 Warning(s) [in 0 ms] (/Game/AnimStarterPack/Ue4ASP_Character.Ue4ASP_Character)
[2017.06.29-09.41.28:444][314]LogBlueprint:Warning: Compiler Warning [0198.01] Compile of Ue4ASP_Character successful, but with 3 Warning(s) [in 0 ms] (/Game/AnimStarterPack/Ue4ASP_Character.Ue4ASP_Character)
[2017.06.29-09.41.29:974][314]LogMaterial: Missing cached shader map for material M_Basic_Wall, compiling. 
[2017.06.29-09.41.29:975][314]LogMaterial:Warning: Failed to compile Material /Game/StarterContent/Materials/M_Basic_Wall.M_Basic_Wall for platform PCD3D_SM5, Default Material will be used in game.
[2017.06.29-09.41.29:975][314]LogMaterial:Warning: 	(Node TextureSample) TextureSample> Missing input texture
[2017.06.29-09.41.30:196][314]LogAIModule: Creating AISystem for world PalaceLevel
[2017.06.29-09.41.30:286][314]Cmd: MAP LOAD FILE="../../../../../../Users/i7230020.STUDENT.000/Documents/GitHub/MastersProject/Ava/Content/Ava/Maps/PalaceLevel.umap" TEMPLATE=0 SHOWPROGRESS=1 FEATURELEVEL=3
[2017.06.29-09.41.30:286][314]LightingResults: New page: Lighting Build
[2017.06.29-09.41.30:286][314]LoadErrors: New page: Loading map: PalaceLevel.umap
[2017.06.29-09.41.30:287][314]MapCheck: New page: Map Check
[2017.06.29-09.41.30:287][314]LightingResults: New page: Lighting Build
[2017.06.29-09.41.30:320][314]LogEditorServer: Finished looking for orphan Actors (0.000 secs)
[2017.06.29-09.41.30:349][314]Cmd: MAP CHECKDEP NOCLEARLOG
[2017.06.29-09.41.30:473][314]MapCheck: Info Map check complete: 0 Error(s), 0 Warning(s), took 123.859ms to complete.
[2017.06.29-09.41.30:474][314]LogFileHelpers: Loading map 'PalaceLevel' took 0.189
[2017.06.29-09.41.34:336][665]LogEditorViewport: Clicking on Actor (LMB): StaticMeshActor (light13)
[2017.06.29-09.41.34:756][685]LogEditorViewport: Clicking on Actor (LMB): StaticMeshActor (light13)
[2017.06.29-09.41.35:822][761]LogEditorViewport: Clicking on Actor (LMB): StaticMeshActor (light13)
[2017.06.29-09.41.43:023][278]LogAIModule: Creating AISystem for world ExternalEnvironment
[2017.06.29-09.41.43:039][278]Cmd: MAP LOAD FILE="../../../../../../Users/i7230020.STUDENT.000/Documents/GitHub/MastersProject/Ava/Content/Ava/Maps/ExternalEnvironment.umap" TEMPLATE=0 SHOWPROGRESS=1 FEATURELEVEL=3
[2017.06.29-09.41.43:039][278]LightingResults: New page: Lighting Build
[2017.06.29-09.41.43:039][278]LoadErrors: New page: Loading map: ExternalEnvironment.umap
[2017.06.29-09.41.43:043][278]MapCheck: New page: Map Check
[2017.06.29-09.41.43:043][278]LightingResults: New page: Lighting Build
[2017.06.29-09.41.43:602][278]LogEditorServer: Finished looking for orphan Actors (0.000 secs)
[2017.06.29-09.41.43:688][278]Cmd: MAP CHECKDEP NOCLEARLOG
[2017.06.29-09.41.43:826][278]MapCheck: Info Map check complete: 0 Error(s), 0 Warning(s), took 137.783ms to complete.
[2017.06.29-09.41.43:826][278]LogFileHelpers: Loading map 'ExternalEnvironment' took 0.789
[2017.06.29-09.41.43:871][279]Cmd: UpdateLandscapeEditorData -warnings
[2017.06.29-09.41.43:875][279]Cmd: UpdateLandscapeEditorData
[2017.06.29-09.42.23:399][562]LogPlayLevel: PlayLevel: No blueprints needed recompiling
[2017.06.29-09.42.23:400][562]PIE: New page: PIE session: ExternalEnvironment (29 Jun 2017 10:42:23)
[2017.06.29-09.42.23:400][562]LogPlayLevel: Creating play world package: /Game/Ava/Maps/UEDPIE_0_ExternalEnvironment
[2017.06.29-09.42.23:416][562]LogPlayLevel: PIE: StaticDuplicateObject took: (0.016125s)
[2017.06.29-09.42.23:417][562]LogAIModule: Creating AISystem for world ExternalEnvironment
[2017.06.29-09.42.23:417][562]LogPlayLevel: PIE: World Init took: (0.001013s)
[2017.06.29-09.42.23:417][562]LogPlayLevel: PIE: Created PIE world by copying editor world from /Game/Ava/Maps/ExternalEnvironment.ExternalEnvironment to /Game/Ava/Maps/UEDPIE_0_ExternalEnvironment.ExternalEnvironment (0.017364s)
[2017.06.29-09.42.23:427][562]LogInit: XAudio2 using 'Speakers (Realtek High Definition Audio)' : 2 channels at 48 kHz using 32 bits per sample (channel mask 0x3)
[2017.06.29-09.42.23:435][562]LogInit: FAudioDevice initialized.
[2017.06.29-09.42.23:495][562]LogWorld: Game class is 'AvaGameMode'
[2017.06.29-09.42.23:527][562]LogWorld: Bringing World /Game/Ava/Maps/UEDPIE_0_ExternalEnvironment.ExternalEnvironment up for play (max tick rate 0) at 2017.06.29-10.42.23
[2017.06.29-09.42.23:529][562]LogWorld: Bringing up level for play took: 0.032486
[2017.06.29-09.42.23:535][562]LogContentBrowser: Native class hierarchy updated for 'MovieSceneCapture' in 0.0027 seconds. Added 11 classes and 0 folders.
[2017.06.29-09.42.23:536][562]PIE: Info Play in editor start time for /Game/Ava/Maps/UEDPIE_0_ExternalEnvironment 0.234
[2017.06.29-09.43.36:782][225]LogHotReload: New module detected: UE4Editor-Ava-4793.dll
[2017.06.29-09.43.39:475][234]LogHotReload: Starting Hot-Reload from IDE
[2017.06.29-09.43.39:562][234]LogClass: ItemDataVariables HotReload.
[2017.06.29-09.43.39:562][234]LogClass: Item HotReload.
[2017.06.29-09.43.39:564][234]LogHotReload: Re-instancing Antelope after hot-reload.
[2017.06.29-09.43.39:727][234]LogHotReload: Re-instancing MainCharacter after hot-reload.
[2017.06.29-09.43.39:828][234]LogHotReload: Re-instancing StatueObject after hot-reload.
[2017.06.29-09.43.39:887][234]LogContentBrowser: Native class hierarchy updated for 'Ava' in 0.0028 seconds. Added 14 classes and 2 folders.
[2017.06.29-09.43.39:888][234]Warning: HotReload successful (3 functions remapped  0 scriptstructs remapped)
[2017.06.29-09.43.39:994][234]LogContentBrowser: Native class hierarchy populated in 0.0111 seconds. Added 2094 classes and 380 folders.
[2017.06.29-09.43.39:997][234]Warning: HotReload took  0.5s.
[2017.06.29-09.46.52:133][813]LogPlayLevel: PlayLevel: No blueprints needed recompiling
[2017.06.29-09.46.52:133][813]PIE: New page: PIE session: ExternalEnvironment (29 Jun 2017 10:46:52)
[2017.06.29-09.46.52:133][813]LogPlayLevel: Creating play world package: /Game/Ava/Maps/UEDPIE_0_ExternalEnvironment
[2017.06.29-09.46.52:154][813]LogPlayLevel: PIE: StaticDuplicateObject took: (0.020565s)
[2017.06.29-09.46.52:155][813]LogAIModule: Creating AISystem for world ExternalEnvironment
[2017.06.29-09.46.52:156][813]LogPlayLevel: PIE: World Init took: (0.001814s)
[2017.06.29-09.46.52:156][813]LogPlayLevel: PIE: Created PIE world by copying editor world from /Game/Ava/Maps/ExternalEnvironment.ExternalEnvironment to /Game/Ava/Maps/UEDPIE_0_ExternalEnvironment.ExternalEnvironment (0.022667s)
[2017.06.29-09.46.52:169][813]LogInit: XAudio2 using 'Speakers (Realtek High Definition Audio)' : 2 channels at 48 kHz using 32 bits per sample (channel mask 0x3)
[2017.06.29-09.46.52:179][813]LogInit: FAudioDevice initialized.
[2017.06.29-09.46.52:224][813]LogWorld: Game class is 'AvaGameMode'
[2017.06.29-09.46.52:252][813]LogWorld: Bringing World /Game/Ava/Maps/UEDPIE_0_ExternalEnvironment.ExternalEnvironment up for play (max tick rate 0) at 2017.06.29-10.46.52
[2017.06.29-09.46.52:254][813]LogWorld: Bringing up level for play took: 0.029306
[2017.06.29-09.46.52:256][813]PIE: Info Play in editor start time for /Game/Ava/Maps/UEDPIE_0_ExternalEnvironment 0.939
[2017.06.29-09.47.56:121][531]LogHotReload: New module detected: UE4Editor-Ava-2190.dll
[2017.06.29-09.47.58:471][539]LogHotReload: Starting Hot-Reload from IDE
[2017.06.29-09.47.58:540][539]LogClass: ItemDataVariables HotReload.
[2017.06.29-09.47.58:540][539]LogClass: Item HotReload.
[2017.06.29-09.47.58:541][539]LogHotReload: Re-instancing Antelope after hot-reload.
[2017.06.29-09.47.58:623][539]LogHotReload: Re-instancing MainCharacter after hot-reload.
[2017.06.29-09.47.58:697][539]LogHotReload: Re-instancing StatueObject after hot-reload.
[2017.06.29-09.47.58:735][539]LogContentBrowser: Native class hierarchy updated for 'Ava' in 0.0027 seconds. Added 14 classes and 2 folders.
[2017.06.29-09.47.58:736][539]Warning: HotReload successful (3 functions remapped  0 scriptstructs remapped)
[2017.06.29-09.47.58:780][539]LogContentBrowser: Native class hierarchy populated in 0.0101 seconds. Added 2094 classes and 380 folders.
[2017.06.29-09.47.58:783][539]Warning: HotReload took  0.3s.
[2017.06.29-09.48.09:159][570]LogPlayLevel: PlayLevel: No blueprints needed recompiling
[2017.06.29-09.48.09:159][570]PIE: New page: PIE session: ExternalEnvironment (29 Jun 2017 10:48:09)
[2017.06.29-09.48.09:159][570]LogPlayLevel: Creating play world package: /Game/Ava/Maps/UEDPIE_0_ExternalEnvironment
[2017.06.29-09.48.09:183][570]LogPlayLevel: PIE: StaticDuplicateObject took: (0.023585s)
[2017.06.29-09.48.09:184][570]LogAIModule: Creating AISystem for world ExternalEnvironment
[2017.06.29-09.48.09:184][570]LogPlayLevel: PIE: World Init took: (0.000793s)
[2017.06.29-09.48.09:184][570]LogPlayLevel: PIE: Created PIE world by copying editor world from /Game/Ava/Maps/ExternalEnvironment.ExternalEnvironment to /Game/Ava/Maps/UEDPIE_0_ExternalEnvironment.ExternalEnvironment (0.024677s)
[2017.06.29-09.48.09:200][570]LogInit: XAudio2 using 'Speakers (Realtek High Definition Audio)' : 2 channels at 48 kHz using 32 bits per sample (channel mask 0x3)
[2017.06.29-09.48.09:208][570]LogInit: FAudioDevice initialized.
[2017.06.29-09.48.09:248][570]LogWorld: Game class is 'AvaGameMode'
[2017.06.29-09.48.09:275][570]LogWorld: Bringing World /Game/Ava/Maps/UEDPIE_0_ExternalEnvironment.ExternalEnvironment up for play (max tick rate 0) at 2017.06.29-10.48.09
[2017.06.29-09.48.09:278][570]LogWorld: Bringing up level for play took: 0.028801
[2017.06.29-09.48.09:279][570]PIE: Info Play in editor start time for /Game/Ava/Maps/UEDPIE_0_ExternalEnvironment -0.043
[2017.06.29-09.49.50:363][793]LogHotReload: New module detected: UE4Editor-Ava-1387.dll
[2017.06.29-09.49.53:043][802]LogHotReload: Starting Hot-Reload from IDE
[2017.06.29-09.49.53:108][802]LogClass: ItemDataVariables HotReload.
[2017.06.29-09.49.53:108][802]LogClass: Item HotReload.
[2017.06.29-09.49.53:109][802]LogHotReload: Re-instancing Antelope after hot-reload.
[2017.06.29-09.49.53:198][802]LogHotReload: Re-instancing MainCharacter after hot-reload.
[2017.06.29-09.49.53:279][802]LogHotReload: Re-instancing StatueObject after hot-reload.
[2017.06.29-09.49.53:323][802]LogContentBrowser: Native class hierarchy updated for 'Ava' in 0.0026 seconds. Added 14 classes and 2 folders.
[2017.06.29-09.49.53:324][802]Warning: HotReload successful (3 functions remapped  0 scriptstructs remapped)
[2017.06.29-09.49.53:364][802]LogContentBrowser: Native class hierarchy populated in 0.0097 seconds. Added 2094 classes and 380 folders.
[2017.06.29-09.49.53:368][802]Warning: HotReload took  0.3s.
[2017.06.29-09.52.02:063][263]LogPlayLevel: PlayLevel: No blueprints needed recompiling
[2017.06.29-09.52.02:063][263]PIE: New page: PIE session: ExternalEnvironment (29 Jun 2017 10:52:02)
[2017.06.29-09.52.02:063][263]LogPlayLevel: Creating play world package: /Game/Ava/Maps/UEDPIE_0_ExternalEnvironment
[2017.06.29-09.52.02:083][263]LogPlayLevel: PIE: StaticDuplicateObject took: (0.020015s)
[2017.06.29-09.52.02:084][263]LogAIModule: Creating AISystem for world ExternalEnvironment
[2017.06.29-09.52.02:084][263]LogPlayLevel: PIE: World Init took: (0.001417s)
[2017.06.29-09.52.02:085][263]LogPlayLevel: PIE: Created PIE world by copying editor world from /Game/Ava/Maps/ExternalEnvironment.ExternalEnvironment to /Game/Ava/Maps/UEDPIE_0_ExternalEnvironment.ExternalEnvironment (0.021875s)
[2017.06.29-09.52.02:104][263]LogInit: XAudio2 using 'Speakers (Realtek High Definition Audio)' : 2 channels at 48 kHz using 32 bits per sample (channel mask 0x3)
[2017.06.29-09.52.02:111][263]LogInit: FAudioDevice initialized.
[2017.06.29-09.52.02:153][263]LogWorld: Game class is 'AvaGameMode'
[2017.06.29-09.52.02:180][263]LogWorld: Bringing World /Game/Ava/Maps/UEDPIE_0_ExternalEnvironment.ExternalEnvironment up for play (max tick rate 0) at 2017.06.29-10.52.02
[2017.06.29-09.52.02:182][263]LogWorld: Bringing up level for play took: 0.028143
[2017.06.29-09.52.02:183][263]PIE: Info Play in editor start time for /Game/Ava/Maps/UEDPIE_0_ExternalEnvironment 0.847
[2017.06.29-09.52.26:995][ 29]LogPlayLevel: PlayLevel: No blueprints needed recompiling
[2017.06.29-09.52.26:995][ 29]PIE: New page: PIE session: ExternalEnvironment (29 Jun 2017 10:52:26)
[2017.06.29-09.52.26:995][ 29]LogPlayLevel: Creating play world package: /Game/Ava/Maps/UEDPIE_0_ExternalEnvironment
[2017.06.29-09.52.27:008][ 29]LogPlayLevel: PIE: StaticDuplicateObject took: (0.012435s)
[2017.06.29-09.52.27:008][ 29]LogAIModule: Creating AISystem for world ExternalEnvironment
[2017.06.29-09.52.27:008][ 29]LogPlayLevel: PIE: World Init took: (0.000600s)
[2017.06.29-09.52.27:008][ 29]LogPlayLevel: PIE: Created PIE world by copying editor world from /Game/Ava/Maps/ExternalEnvironment.ExternalEnvironment to /Game/Ava/Maps/UEDPIE_0_ExternalEnvironment.ExternalEnvironment (0.013270s)
[2017.06.29-09.52.27:019][ 29]LogInit: XAudio2 using 'Speakers (Realtek High Definition Audio)' : 2 channels at 48 kHz using 32 bits per sample (channel mask 0x3)
[2017.06.29-09.52.27:032][ 29]LogInit: FAudioDevice initialized.
[2017.06.29-09.52.27:082][ 29]LogWorld: Game class is 'AvaGameMode'
[2017.06.29-09.52.27:113][ 29]LogWorld: Bringing World /Game/Ava/Maps/UEDPIE_0_ExternalEnvironment.ExternalEnvironment up for play (max tick rate 0) at 2017.06.29-10.52.27
[2017.06.29-09.52.27:116][ 29]LogWorld: Bringing up level for play took: 0.031924
[2017.06.29-09.52.27:117][ 29]PIE: Info Play in editor start time for /Game/Ava/Maps/UEDPIE_0_ExternalEnvironment -0.221
[2017.06.29-09.53.39:226][942]LogHotReload: New module detected: UE4Editor-Ava-2839.dll
[2017.06.29-09.53.41:922][951]LogHotReload: Starting Hot-Reload from IDE
[2017.06.29-09.53.42:010][951]LogClass: ItemDataVariables HotReload.
[2017.06.29-09.53.42:010][951]LogClass: Item HotReload.
[2017.06.29-09.53.42:012][951]LogHotReload: Re-instancing Antelope after hot-reload.
[2017.06.29-09.53.42:088][951]LogHotReload: Re-instancing MainCharacter after hot-reload.
[2017.06.29-09.53.42:162][951]LogHotReload: Re-instancing StatueObject after hot-reload.
[2017.06.29-09.53.42:198][951]LogContentBrowser: Native class hierarchy updated for 'Ava' in 0.0027 seconds. Added 14 classes and 2 folders.
[2017.06.29-09.53.42:199][951]Warning: HotReload successful (3 functions remapped  0 scriptstructs remapped)
[2017.06.29-09.53.42:239][951]LogContentBrowser: Native class hierarchy populated in 0.0098 seconds. Added 2094 classes and 380 folders.
[2017.06.29-09.53.42:243][951]Warning: HotReload took  0.3s.
[2017.06.29-09.54.37:937][240]LogHotReload: New module detected: UE4Editor-Ava-2747.dll
[2017.06.29-09.54.40:628][249]LogHotReload: Starting Hot-Reload from IDE
[2017.06.29-09.54.40:697][249]LogClass: ItemDataVariables HotReload.
[2017.06.29-09.54.40:697][249]LogClass: Item HotReload.
[2017.06.29-09.54.40:698][249]LogHotReload: Re-instancing Antelope after hot-reload.
[2017.06.29-09.54.40:778][249]LogHotReload: Re-instancing MainCharacter after hot-reload.
[2017.06.29-09.54.40:856][249]LogHotReload: Re-instancing StatueObject after hot-reload.
[2017.06.29-09.54.40:901][249]LogContentBrowser: Native class hierarchy updated for 'Ava' in 0.0041 seconds. Added 14 classes and 2 folders.
[2017.06.29-09.54.40:902][249]Warning: HotReload successful (3 functions remapped  0 scriptstructs remapped)
[2017.06.29-09.54.40:950][249]LogContentBrowser: Native class hierarchy populated in 0.0101 seconds. Added 2094 classes and 380 folders.
[2017.06.29-09.54.40:954][249]Warning: HotReload took  0.3s.
[2017.06.29-09.54.52:855][359]LogPlayLevel: PlayLevel: No blueprints needed recompiling
[2017.06.29-09.54.52:855][359]PIE: New page: PIE session: ExternalEnvironment (29 Jun 2017 10:54:52)
[2017.06.29-09.54.52:855][359]LogPlayLevel: Creating play world package: /Game/Ava/Maps/UEDPIE_0_ExternalEnvironment
[2017.06.29-09.54.52:872][359]LogPlayLevel: PIE: StaticDuplicateObject took: (0.017186s)
[2017.06.29-09.54.52:873][359]LogAIModule: Creating AISystem for world ExternalEnvironment
[2017.06.29-09.54.52:873][359]LogPlayLevel: PIE: World Init took: (0.000725s)
[2017.06.29-09.54.52:873][359]LogPlayLevel: PIE: Created PIE world by copying editor world from /Game/Ava/Maps/ExternalEnvironment.ExternalEnvironment to /Game/Ava/Maps/UEDPIE_0_ExternalEnvironment.ExternalEnvironment (0.018124s)
[2017.06.29-09.54.52:890][359]LogInit: XAudio2 using 'Speakers (Realtek High Definition Audio)' : 2 channels at 48 kHz using 32 bits per sample (channel mask 0x3)
[2017.06.29-09.54.52:902][359]LogInit: FAudioDevice initialized.
[2017.06.29-09.54.52:962][359]LogWorld: Game class is 'AvaGameMode'
[2017.06.29-09.54.52:997][359]LogWorld: Bringing World /Game/Ava/Maps/UEDPIE_0_ExternalEnvironment.ExternalEnvironment up for play (max tick rate 0) at 2017.06.29-10.54.52
[2017.06.29-09.54.52:999][359]LogWorld: Bringing up level for play took: 0.035448
[2017.06.29-09.54.53:001][359]PIE: Info Play in editor start time for /Game/Ava/Maps/UEDPIE_0_ExternalEnvironment -0.347
[2017.06.29-09.55.53:571][936]LogHotReload: New module detected: UE4Editor-Ava-6661.dll
[2017.06.29-09.55.56:265][945]LogHotReload: Starting Hot-Reload from IDE
[2017.06.29-09.55.56:354][945]LogClass: ItemDataVariables HotReload.
[2017.06.29-09.55.56:354][945]LogClass: Item HotReload.
[2017.06.29-09.55.56:355][945]LogHotReload: Re-instancing Antelope after hot-reload.
[2017.06.29-09.55.56:429][945]LogHotReload: Re-instancing MainCharacter after hot-reload.
[2017.06.29-09.55.56:503][945]LogHotReload: Re-instancing StatueObject after hot-reload.
[2017.06.29-09.55.56:540][945]LogContentBrowser: Native class hierarchy updated for 'Ava' in 0.0027 seconds. Added 14 classes and 2 folders.
[2017.06.29-09.55.56:541][945]Warning: HotReload successful (3 functions remapped  0 scriptstructs remapped)
[2017.06.29-09.55.56:595][945]LogContentBrowser: Native class hierarchy populated in 0.0159 seconds. Added 2094 classes and 380 folders.
[2017.06.29-09.55.56:602][945]Warning: HotReload took  0.3s.
[2017.06.29-09.55.59:709][ 39]LogPlayLevel: PlayLevel: No blueprints needed recompiling
[2017.06.29-09.55.59:709][ 39]PIE: New page: PIE session: ExternalEnvironment (29 Jun 2017 10:55:59)
[2017.06.29-09.55.59:709][ 39]LogPlayLevel: Creating play world package: /Game/Ava/Maps/UEDPIE_0_ExternalEnvironment
[2017.06.29-09.55.59:725][ 39]LogPlayLevel: PIE: StaticDuplicateObject took: (0.015566s)
[2017.06.29-09.55.59:725][ 39]LogAIModule: Creating AISystem for world ExternalEnvironment
[2017.06.29-09.55.59:726][ 39]LogPlayLevel: PIE: World Init took: (0.000801s)
[2017.06.29-09.55.59:726][ 39]LogPlayLevel: PIE: Created PIE world by copying editor world from /Game/Ava/Maps/ExternalEnvironment.ExternalEnvironment to /Game/Ava/Maps/UEDPIE_0_ExternalEnvironment.ExternalEnvironment (0.016739s)
[2017.06.29-09.55.59:742][ 39]LogInit: XAudio2 using 'Speakers (Realtek High Definition Audio)' : 2 channels at 48 kHz using 32 bits per sample (channel mask 0x3)
[2017.06.29-09.55.59:749][ 39]LogInit: FAudioDevice initialized.
[2017.06.29-09.55.59:794][ 39]LogWorld: Game class is 'AvaGameMode'
[2017.06.29-09.55.59:822][ 39]LogWorld: Bringing World /Game/Ava/Maps/UEDPIE_0_ExternalEnvironment.ExternalEnvironment up for play (max tick rate 0) at 2017.06.29-10.55.59
[2017.06.29-09.55.59:824][ 39]LogWorld: Bringing up level for play took: 0.029146
[2017.06.29-09.55.59:826][ 39]PIE: Info Play in editor start time for /Game/Ava/Maps/UEDPIE_0_ExternalEnvironment 0.475
[2017.06.29-09.56.01:108][ 39]LogCrashTracker: 


[2017.06.29-09.56.01:108][ 39]LogCrashTracker: 


[2017.06.29-09.56.01:108][ 39]LogWindows:Error: === Critical error: ===
Fatal error!



[2017.06.29-09.56.01:142][ 39]LogExit: Executing StaticShutdownAfterError
[2017.06.29-09.56.01:146][ 39]LogWindows: FPlatformMisc::RequestExit(1)
[2017.06.29-09.56.01:146][ 39]Log file closed, 06/29/17 10:56:01
