Log file open, 07/03/17 10:45:02
LogInit:Display: Running engine for game: Ava
LogPlatformFile: Not using cached read wrapper
LogInit:Display: RandInit(-1656859249) SRandInit(-1656859247).
LogTaskGraph: Started task graph with 4 named threads and 9 total threads with 1 sets of task threads.
LogStats: Stats thread started at 0.105425
LogInit: Version: 4.12.5-3039270+++UE4+Release-4.12
LogInit: API Version: 2992821
LogInit: Net Version: 3039270
LogDevObjectVersion: Number of dev versions registered: 13
LogDevObjectVersion:   Dev-Blueprints (B0D832E4-1F89-4F0D-ACCF-7EB736FD4AA2): 3
LogDevObjectVersion:   Dev-Build (E1C64328-A22C-4D53-A36C-8E866417BD8C): 0
LogDevObjectVersion:   Dev-Core (375EC13C-06E4-48FB-B500-84F0262A717E): 1
LogDevObjectVersion:   Dev-Editor (E4B068ED-F494-42E9-A231-DA0B2E46BB41): 2
LogDevObjectVersion:   Dev-Framework (CFFC743F-43B0-4480-9391-14DF171D2073): 6
LogDevObjectVersion:   Dev-Mobile (B02B49B5-BB20-44E9-A304-32B752E40360): 0
LogDevObjectVersion:   Dev-Networking (A4E4105C-59A1-49B5-A7C5-40C4547EDFEE): 0
LogDevObjectVersion:   Dev-Online (39C831C9-5AE6-47DC-9A44-9C173E1C8E7C): 0
LogDevObjectVersion:   Dev-Physics (78F01B33-EBEA-4F98-B9B4-84EACCB95AA2): 0
LogDevObjectVersion:   Dev-Platform (6631380F-2D4D-43E0-8009-CF276956A95A): 0
LogDevObjectVersion:   Dev-Rendering (12F88B9F-8875-4AFC-A67C-D90C383ABD29): 2
LogDevObjectVersion:   Dev-Sequencer (7B5AE74C-D270-4C10-A958-57980B212A5A): 0
LogDevObjectVersion:   Dev-VR (D7296918-1DD6-4BDD-9DE2-64A83CC13884): 0
LogInit: Compiled (64-bit): Jul  6 2016 09:09:46
LogInit: Compiled with Visual C++: 19.00.23026.00
LogInit: Build Configuration: Development
LogInit: Branch Name: ++UE4+Release-4.12
LogInit: Command line:  
LogInit: Base directory: C:/Program Files/Epic Games/4.12/Engine/Binaries/Win64/
LogInit: Installed Engine Build: 1
LogInit: Using libcurl 7.41.0
LogInit:  - built for x86_64-pc-win32
LogInit:  - supports SSL with WinSSL
LogInit:  - other features:
LogInit:      CURL_VERSION_SSL
LogInit:      CURL_VERSION_IPV6
LogInit:      CURL_VERSION_ASYNCHDNS
LogInit:      CURL_VERSION_LARGEFILE
LogInit:      CURL_VERSION_IDN
LogInit:  CurlRequestOptions (configurable via config and command line):
LogInit:  - bVerifyPeer = true  - Libcurl will verify peer certificate
LogInit:  - bUseHttpProxy = false  - Libcurl will NOT use HTTP proxy
LogInit:  - bDontReuseConnections = false  - Libcurl will reuse connections
LogInit:  - CertBundlePath = nullptr  - Libcurl will use whatever was configured at build time.
LogInit: Presizing for max 8388607 objects, including 0 objects not considered by GC, pre-allocating 0 bytes for permanent pool.
LogInit: Object subsystem initialized
[2017.07.03-09.45.02:208][  0]LogInit: Selected Device Profile: [Windows]
[2017.07.03-09.45.02:208][  0]LogInit: Applying CVar settings loaded from the selected device profile: [Windows]
[2017.07.03-09.45.02:237][  0]LogInit: Computer: PC42640
[2017.07.03-09.45.02:237][  0]LogInit: User: i7230020
[2017.07.03-09.45.02:237][  0]LogInit: CPU Page size=65536, Cores=6
[2017.07.03-09.45.02:237][  0]LogInit: High frequency timer resolution =3.410136 MHz
[2017.07.03-09.45.02:237][  0]LogMemory: Memory total: Physical=31.9GB (32GB approx)
[2017.07.03-09.45.02:237][  0]LogMemory: Platform Memory Stats for Windows
[2017.07.03-09.45.02:237][  0]LogMemory: Process Physical Memory: 196.57 MB used, 196.57 MB peak
[2017.07.03-09.45.02:237][  0]LogMemory: Process Virtual Memory: 198.91 MB used, 198.91 MB peak
[2017.07.03-09.45.02:237][  0]LogMemory: Physical Memory: 13728.45 MB used, 32684.15 MB total
[2017.07.03-09.45.02:237][  0]LogMemory: Virtual Memory: 538.89 MB used, 8388608.00 MB total
[2017.07.03-09.45.02:314][  0]LogTextLocalizationManager: No specific translations for ('en-GB') exist, so ('en') translations will be used.
[2017.07.03-09.45.02:696][  0]LogD3D11RHI: D3D11 adapters:
[2017.07.03-09.45.02:719][  0]LogD3D11RHI:    0. 'NVIDIA Quadro M4000' (Feature Level 11_0)
[2017.07.03-09.45.02:719][  0]LogD3D11RHI:       8092/0/16086 MB DedicatedVideo/DedicatedSystem/SharedSystem, Outputs:1, VendorId:0x10de
[2017.07.03-09.45.02:719][  0]LogD3D11RHI: Chosen D3D11 Adapter: 0
[2017.07.03-09.45.02:732][  0]LogD3D11RHI: Creating new Direct3DDevice
[2017.07.03-09.45.02:732][  0]LogD3D11RHI:     GPU DeviceId: 0x13f1 (for the marketing name, search the web for "GPU Device Id")
[2017.07.03-09.45.02:732][  0]LogWindows: EnumDisplayDevices:
[2017.07.03-09.45.02:732][  0]LogWindows:    0. 'NVIDIA Quadro M4000' (P:1 D:1)
[2017.07.03-09.45.02:733][  0]LogWindows:    1. 'NVIDIA Quadro M4000' (P:0 D:0)
[2017.07.03-09.45.02:733][  0]LogWindows:    2. 'NVIDIA Quadro M4000' (P:0 D:0)
[2017.07.03-09.45.02:733][  0]LogWindows:    3. 'NVIDIA Quadro M4000' (P:0 D:0)
[2017.07.03-09.45.02:734][  0]LogWindows:    4. 'RDPDD Chained DD' (P:0 D:0)
[2017.07.03-09.45.02:734][  0]LogWindows:    5. 'RDP Encoder Mirror Driver' (P:0 D:0)
[2017.07.03-09.45.02:734][  0]LogWindows:    6. 'RDP Reflector Display Driver' (P:0 D:0)
[2017.07.03-09.45.02:735][  0]LogWindows: DebugString: GetVideoDriverDetailsInvalid PrimaryIsNotTheChoosenAdapter GetVideoDriverDetailsInvalid PrimaryIsNotTheChoosenAdapter GetVideoDriverDetailsInvalid PrimaryIsNotTheChoosenAdapter FoundDriverCount:4 
[2017.07.03-09.45.02:735][  0]LogD3D11RHI:     Adapter Name: NVIDIA Quadro M4000
[2017.07.03-09.45.02:735][  0]LogD3D11RHI:   Driver Version: 362.13 (internal:10.18.13.6213, unified:362.13)
[2017.07.03-09.45.02:735][  0]LogD3D11RHI:      Driver Date: 3-18-2016
[2017.07.03-09.45.02:735][  0]LogRHI: Texture pool is 1361 MB (70% of 1945 MB)
[2017.07.03-09.45.02:745][  0]LogD3D11RHI: Async texture creation enabled
[2017.07.03-09.45.02:759][  0]LogD3D11RHI: GPU Timing Frequency: 1000.000000 (Debug: 2 2)
[2017.07.03-09.45.02:759][  0]LogShaderCompilers: Guid format shader working directory is -29 characters bigger than the processId version (../../../../../../Users/i7230020.STUDENT.000/Documents/GitHub/MastersProject/Ava/Intermediate/Shaders/WorkingDirectory/105420/).
[2017.07.03-09.45.02:760][  0]LogShaderCompilers: Cleaned the shader compiler working directory 'C:/Users/I72300~1.000/AppData/Local/Temp/UnrealShaderWorkingDir/EC1C2798414CC265BC12DFAAAE90CD5C/'.
[2017.07.03-09.45.02:760][  0]LogShaderCompilers:Display: Using Local Shader Compiler.
[2017.07.03-09.45.03:875][  0]LogTemp:Display: Loaded TP AllDesktopTargetPlatform
[2017.07.03-09.45.03:886][  0]LogTemp:Display: Loaded TP WindowsClientTargetPlatform
[2017.07.03-09.45.03:895][  0]LogTemp:Display: Loaded TP WindowsNoEditorTargetPlatform
[2017.07.03-09.45.03:904][  0]LogTemp:Display: Loaded TP WindowsServerTargetPlatform
[2017.07.03-09.45.03:916][  0]LogTemp:Display: Loaded TP WindowsTargetPlatform
[2017.07.03-09.45.03:925][  0]LogTemp:Display: Loaded TP AndroidTargetPlatform
[2017.07.03-09.45.03:932][  0]LogTemp:Display: Loaded TP Android_ASTCTargetPlatform
[2017.07.03-09.45.03:940][  0]LogTemp:Display: Loaded TP Android_ATCTargetPlatform
[2017.07.03-09.45.03:948][  0]LogTemp:Display: Loaded TP Android_DXTTargetPlatform
[2017.07.03-09.45.03:957][  0]LogTemp:Display: Loaded TP Android_ETC1TargetPlatform
[2017.07.03-09.45.03:977][  0]LogTemp:Display: Loaded TP Android_ETC2TargetPlatform
[2017.07.03-09.45.03:999][  0]LogTemp:Display: Loaded TP Android_MultiTargetPlatform
[2017.07.03-09.45.03:999][  0]LogTemp:Display: Loaded TP Android_PVRTCTargetPlatform
[2017.07.03-09.45.04:000][  0]LogTemp:Display: Loaded TP HTML5TargetPlatform
[2017.07.03-09.45.04:031][  0]LogTemp:Display: Loaded TP IOSTargetPlatform
[2017.07.03-09.45.04:045][  0]LogTemp:Display: Loaded TP TVOSTargetPlatform
[2017.07.03-09.45.04:057][  0]LogTemp:Display: Loaded TP LinuxNoEditorTargetPlatform
[2017.07.03-09.45.04:075][  0]LogTemp:Display: Loaded TP LinuxServerTargetPlatform
[2017.07.03-09.45.04:091][  0]LogTemp:Display: Loaded TP LinuxTargetPlatform
[2017.07.03-09.45.04:091][  0]LogTargetPlatformManager:Display: Building Assets For Windows
[2017.07.03-09.45.04:177][  0]LogDerivedDataCache:Display: Max Cache Size: 512 MB
[2017.07.03-09.45.04:224][  0]LogDerivedDataCache: Loaded boot cache 0.05s 49MB C:/Users/i7230020.STUDENT.000/AppData/Local/UnrealEngine/4.12/DerivedDataCache/Boot.ddc.
[2017.07.03-09.45.04:225][  0]LogDerivedDataCache:Display: Loaded Boot cache: C:/Users/i7230020.STUDENT.000/AppData/Local/UnrealEngine/4.12/DerivedDataCache/Boot.ddc
[2017.07.03-09.45.04:225][  0]LogDerivedDataCache: FDerivedDataBackendGraph:  Pak pak cache file ../../../../../../Users/i7230020.STUDENT.000/Documents/GitHub/MastersProject/Ava/DerivedDataCache/DDC.ddp not found, will not use a pak cache.
[2017.07.03-09.45.04:225][  0]LogDerivedDataCache: Unable to find inner node Pak for hierarchical cache Hierarchy.
[2017.07.03-09.45.04:225][  0]LogDerivedDataCache: FDerivedDataBackendGraph:  CompressedPak pak cache file ../../../../../../Users/i7230020.STUDENT.000/Documents/GitHub/MastersProject/Ava/DerivedDataCache/Compressed.ddp not found, will not use a pak cache.
[2017.07.03-09.45.04:225][  0]LogDerivedDataCache: Unable to find inner node CompressedPak for hierarchical cache Hierarchy.
[2017.07.03-09.45.04:239][  0]LogDerivedDataCache:Display: Pak cache opened for reading ../../../Engine/DerivedDataCache/Compressed.ddp.
[2017.07.03-09.45.04:251][  0]LogDerivedDataCache: Using Local data cache path C:/Users/i7230020.STUDENT.000/AppData/Local/UnrealEngine/Common/DerivedDataCache: Writable
[2017.07.03-09.45.04:491][  0]LogInit: Selected Device Profile: [Windows]
[2017.07.03-09.45.04:493][  0]LogContentStreaming: Texture pool size is 0.00 MB
[2017.07.03-09.45.04:665][  0]LogMeshUtilities: No automatic mesh reduction module available
[2017.07.03-09.45.04:665][  0]LogMeshUtilities: No automatic mesh merging module available
[2017.07.03-09.45.04:665][  0]LogMeshUtilities: No distributed automatic mesh merging module available
[2017.07.03-09.45.04:934][  0]LogAssetRegistry: FAssetRegistry took 0.0199 seconds to start up
[2017.07.03-09.45.05:040][  0]LogPackageLocalizationCache: Processed 4 localized package path(s) for 2 prioritized culture(s) in 0.102574 seconds
[2017.07.03-09.45.05:048][  0]LogUObjectArray: 28739 objects as part of root set at end of initial load.
[2017.07.03-09.45.05:048][  0]LogUObjectAllocator: 5855624 out of 0 bytes used by permanent object pool.
[2017.07.03-09.45.05:048][  0]LogUObjectArray: CloseDisregardForGC: 0/0 objects in disregard for GC pool
[2017.07.03-09.45.05:060][  0]LogInit: WinSock: version 1.1 (2.2), MaxSocks=32767, MaxUdp=65467
[2017.07.03-09.45.05:291][  0]LogSlate: SlateFontCache - WITH_FREETYPE: 1, WITH_HARFBUZZ: 1
[2017.07.03-09.45.05:291][  0]LogSlate: SlateFontCache - WITH_FREETYPE: 1, WITH_HARFBUZZ: 1
[2017.07.03-09.45.06:053][  0]LogUdpMessaging: Initializing bridge on interface 0.0.0.0:0 to multicast group 230.0.0.1:6666.
[2017.07.03-09.45.06:151][  0]LogStats: FPlatformStackWalk::StackWalkAndDump -  0.013 s
[2017.07.03-09.45.06:151][  0]LogOutputDevice:Warning: === Handled error: ===

Ensure condition failed: !AttachmentRules.bWeldSimulatedBodies [File:D:\Build\++UE4+Release-4.12+Compile\Sync\Engine\Source\Runtime\Engine\Private\Components\SceneComponent.cpp] [Line: 1481]
AttachToComponent when called from a constructor cannot weld simulated bodies. Consider calling SetupAttachment directly instead.
Stack: 
UE4Editor-Core.dll
UE4Editor-Core.dll
UE4Editor-Core.dll
UE4Editor-Engine.dll
UE4Editor-Ava.dll
UE4Editor-CoreUObject.dll
UE4Editor-CoreUObject.dll
UE4Editor-CoreUObject.dll
UE4Editor-CoreUObject.dll
UE4Editor-Core.dll
UE4Editor-Core.dll
UE4Editor-Projects.dll
UE4Editor-Projects.dll
UE4Editor.exe
UE4Editor.exe
UE4Editor.exe
UE4Editor.exe
UE4Editor.exe
UE4Editor.exe
kernel32.dll
ntdll.dll
ntdll.dll

[2017.07.03-09.45.06:151][  0]LogStats:                SubmitErrorReport -  0.000 s
[2017.07.03-09.45.06:544][  0]LogStats:                    SendNewReport -  0.393 s
[2017.07.03-09.45.06:544][  0]LogStats:             FDebug::EnsureFailed -  0.406 s
[2017.07.03-09.45.06:761][  0]SourceControl: Info Source control is disabled
[2017.07.03-09.45.06:768][  0]SourceControl: Info Source control is disabled
[2017.07.03-09.45.06:789][  0]SourceControl: Info Source control is disabled
[2017.07.03-09.45.06:804][  0]SourceControl: Info Source control is disabled
[2017.07.03-09.45.06:890][  0]LogLinker:Warning: Can't find file '/Game/FirstPersonCPP/FirstPersonOverview'
[2017.07.03-09.45.06:890][  0]LogLinker:Warning: Can't find file '/Game/FirstPersonCPP/FirstPersonOverview'
[2017.07.03-09.45.06:890][  0]LogUObjectGlobals:Warning: Failed to find object 'Class /Game/FirstPersonCPP/FirstPersonOverview.FirstPersonOverview_C'
[2017.07.03-09.45.06:965][  0]LogHoudiniEngine: Starting the Houdini Engine module.
[2017.07.03-09.45.06:966][  0]LogHoudiniEngine: Loaded libHAPIL.dll from Registry path C:\Program Files\Side Effects Software\Houdini 15.5.632/bin
[2017.07.03-09.45.06:967][  0]LogLinker:Warning: Asset '../../../Engine/Plugins/Runtime/HoudiniEngine/Content/houdini_logo.uasset' has been saved with empty engine version. The asset will be loaded but may be incompatible.
[2017.07.03-09.45.06:969][  0]LogLinker:Warning: Asset '../../../Engine/Plugins/Runtime/HoudiniEngine/Content/houdini_default_material.uasset' has been saved with empty engine version. The asset will be loaded but may be incompatible.
[2017.07.03-09.45.06:973][  0]LogLinker:Warning: Asset '../../../Engine/Plugins/Runtime/HoudiniEngine/Content/houdini_bgeo_import.uasset' has been saved with empty engine version. The asset will be loaded but may be incompatible.
[2017.07.03-09.45.08:331][  0]LogHoudiniEngine: Successfully initialized the Houdini Engine API module.
[2017.07.03-09.45.08:507][  0]LogEngine: Initializing Engine...
[2017.07.03-09.45.08:508][  0]LogHMD: SteamVR failed to initialize.  Err: 110
[2017.07.03-09.45.08:509][  0]LogHMD: SteamVR failed to initialize.  Err: 110
[2017.07.03-09.45.08:649][  0]LogAIModule: Creating AISystem for world NewWorld
[2017.07.03-09.45.08:656][  0]LogInit: XAudio2 using 'Speakers (Realtek High Definition Audio)' : 2 channels at 48 kHz using 32 bits per sample (channel mask 0x3)
[2017.07.03-09.45.08:683][  0]LogInit: FAudioDevice initialized.
[2017.07.03-09.45.08:722][  0]LogDerivedDataCache: Saved boot cache 0.04s 49MB C:/Users/i7230020.STUDENT.000/AppData/Local/UnrealEngine/4.12/DerivedDataCache/Boot.ddc.
[2017.07.03-09.45.08:728][  0]LogInit: Texture streaming: Enabled
[2017.07.03-09.45.08:756][  0]LogInit: Transaction tracking system initialized
[2017.07.03-09.45.08:777][  0]BlueprintLog: New page: Editor Load
[2017.07.03-09.45.08:878][  0]LocalizationService: Info Localization service is disabled
[2017.07.03-09.45.08:946][  0]LogConsoleResponse:Display: 
[2017.07.03-09.45.09:062][  0]LogCook:Display: Max memory allowance for cook 8192mb
[2017.07.03-09.45.09:062][  0]LogCook:Display: Mobile HDR setting 1
[2017.07.03-09.45.09:154][  0]LogFileCache: Scanning file cache for directory 'C:/Users/i7230020.STUDENT.000/Documents/GitHub/MastersProject/Ava/Content/' took 0.02s
[2017.07.03-09.45.09:154][  0]LogHoudiniEngineEditor: Starting the Houdini Engine Editor module.
[2017.07.03-09.45.09:198][  0]SourceControl: Info Source control is disabled
[2017.07.03-09.45.09:198][  0]Cmd: MAP LOAD FILE="../../../../../../Users/i7230020.STUDENT.000/Documents/GitHub/MastersProject/Ava/Content/Ava/Maps/MainMenu.umap" TEMPLATE=0 SHOWPROGRESS=1 FEATURELEVEL=3
[2017.07.03-09.45.09:199][  0]LightingResults: New page: Lighting Build
[2017.07.03-09.45.09:201][  0]MapCheck: New page: Map Check
[2017.07.03-09.45.09:201][  0]LightingResults: New page: Lighting Build
[2017.07.03-09.45.09:365][  0]LogAIModule: Creating AISystem for world MainMenu
[2017.07.03-09.45.09:366][  0]LogEditorServer: Finished looking for orphan Actors (0.000 secs)
[2017.07.03-09.45.09:366][  0]Cmd: MAP CHECKDEP NOCLEARLOG
[2017.07.03-09.45.09:501][  0]MapCheck: Info Map check complete: 0 Error(s), 0 Warning(s), took 134.685ms to complete.
[2017.07.03-09.45.09:501][  0]LogFileHelpers: Loading map 'MainMenu' took 0.303
[2017.07.03-09.45.09:606][  0]LogCollectionManager: Loaded 0 collections in 0.001561 seconds
[2017.07.03-09.45.09:652][  0]LogFileCache: Scanning file cache for directory 'C:/Users/i7230020.STUDENT.000/Documents/GitHub/MastersProject/Ava/Saved/Collections/' took 0.01s
[2017.07.03-09.45.09:652][  0]LogFileCache: Scanning file cache for directory 'C:/Users/i7230020.STUDENT.000/Documents/GitHub/MastersProject/Ava/Content/Developers/i7230020/Collections/' took 0.01s
[2017.07.03-09.45.09:652][  0]LogFileCache: Scanning file cache for directory 'C:/Users/i7230020.STUDENT.000/Documents/GitHub/MastersProject/Ava/Content/Collections/' took 0.01s
[2017.07.03-09.45.09:652][  0]LogCollectionManager: Rebuilt the GUID cache for 0 collections in 0.000002 seconds
[2017.07.03-09.45.09:662][  0]LogContentBrowser: Native class hierarchy populated in 0.0098 seconds. Added 2095 classes and 376 folders.
[2017.07.03-09.45.09:665][  0]LogStats: UGameplayTagsManager::ConstructGameplayTagTree: Construct from data asset -  0.000 s
[2017.07.03-09.45.09:665][  0]LogStats: UGameplayTagsManager::ConstructGameplayTagTree: GameplayTagTreeChangedEvent.Broadcast -  0.000 s
[2017.07.03-09.45.09:668][  0]LogContentBrowser: Native class hierarchy updated for 'GameplayTags' in 0.0028 seconds. Added 12 classes and 0 folders.
[2017.07.03-09.45.09:675][  0]LogContentBrowser: Native class hierarchy updated for 'WidgetCarousel' in 0.0027 seconds. Added 0 classes and 0 folders.
[2017.07.03-09.45.09:798][  0]LogContentBrowser: Native class hierarchy updated for 'AddContentDialog' in 0.0072 seconds. Added 0 classes and 0 folders.
[2017.07.03-09.45.09:806][  0]LogContentBrowser: Native class hierarchy updated for 'SceneOutliner' in 0.0028 seconds. Added 1 classes and 2 folders.
[2017.07.03-09.45.09:818][  0]LogCrashTracker: Crashtracker disabled due to settings.
[2017.07.03-09.45.09:822][  0]LogUObjectGlobals:Warning: Failed to find object 'Class None.'
[2017.07.03-09.45.09:850][  0]LogContentBrowser: Native class hierarchy updated for 'HierarchicalLODOutliner' in 0.0028 seconds. Added 1 classes and 2 folders.
[2017.07.03-09.45.09:850][  0]LogLoad: Full Startup: 32.10 seconds (BP compile: 0.03 seconds)
[2017.07.03-09.45.09:850][  0]LogExternalProfiler: Found external profiler: VSPerf
[2017.07.03-09.45.09:850][  0]LogExternalProfiler: Using external profiler: VSPerf
[2017.07.03-09.45.09:862][  0]LogOcInput: OculusInput pre-init called
[2017.07.03-09.45.09:883][  0]LogContentStreaming: Texture pool size now 1000 MB
[2017.07.03-09.45.10:042][  0]LogRenderer: Reallocating scene render targets to support 1616x592 (Frame:2).
[2017.07.03-09.45.10:107][  1]LogAssetRegistry: Asset discovery search completed in 5.1926 seconds
[2017.07.03-09.45.10:107][  1]LogCollectionManager: Rebuilt the object cache for 0 collections in 0.000001 seconds (found 0 objects)
[2017.07.03-09.45.10:107][  1]LogCollectionManager: Fixed up redirectors for 0 collections in 0.000020 seconds (updated 0 objects)
[2017.07.03-09.45.13:844][303]LogBlueprint:Warning: Compiler Warning InputAction Event references unknown Action 'Crouch' for  InputAction Crouch 
[2017.07.03-09.45.13:847][303]LogBlueprint:Warning: Compiler Warning [0036.10] Compile of Ue4ASP_Character successful, but with 1 Warning(s) [in 8 ms] (/Game/AnimStarterPack/Ue4ASP_Character.Ue4ASP_Character)
[2017.07.03-09.45.13:847][303]LogBlueprint:Warning: Compiler Warning [0036.10] Compile of Ue4ASP_Character successful, but with 2 Warning(s) [in 0 ms] (/Game/AnimStarterPack/Ue4ASP_Character.Ue4ASP_Character)
[2017.07.03-09.45.13:847][303]LogBlueprint:Warning: Compiler Warning [0036.10] Compile of Ue4ASP_Character successful, but with 3 Warning(s) [in 0 ms] (/Game/AnimStarterPack/Ue4ASP_Character.Ue4ASP_Character)
[2017.07.03-09.45.13:920][303]LogBlueprint:Warning: Compiler Warning InputAction Event references unknown Action 'Crouch' for  InputAction Crouch 
[2017.07.03-09.45.13:922][303]LogBlueprint:Warning: Compiler Warning [0036.17] Compile of Ue4ASP_Character successful, but with 1 Warning(s) [in 7 ms] (/Game/AnimStarterPack/Ue4ASP_Character.Ue4ASP_Character)
[2017.07.03-09.45.13:922][303]LogBlueprint:Warning: Compiler Warning [0036.17] Compile of Ue4ASP_Character successful, but with 2 Warning(s) [in 0 ms] (/Game/AnimStarterPack/Ue4ASP_Character.Ue4ASP_Character)
[2017.07.03-09.45.13:923][303]LogBlueprint:Warning: Compiler Warning [0036.17] Compile of Ue4ASP_Character successful, but with 3 Warning(s) [in 0 ms] (/Game/AnimStarterPack/Ue4ASP_Character.Ue4ASP_Character)
[2017.07.03-09.45.14:592][303]LogMaterial: Missing cached shader map for material M_Basic_Wall, compiling. 
[2017.07.03-09.45.14:592][303]LogMaterial:Warning: Failed to compile Material /Game/StarterContent/Materials/M_Basic_Wall.M_Basic_Wall for platform PCD3D_SM5, Default Material will be used in game.
[2017.07.03-09.45.14:592][303]LogMaterial:Warning: 	(Node TextureSample) TextureSample> Missing input texture
[2017.07.03-09.45.14:606][303]LogAIModule: Creating AISystem for world PalaceLevel
[2017.07.03-09.45.14:688][303]Cmd: MAP LOAD FILE="../../../../../../Users/i7230020.STUDENT.000/Documents/GitHub/MastersProject/Ava/Content/Ava/Maps/PalaceLevel.umap" TEMPLATE=0 SHOWPROGRESS=1 FEATURELEVEL=3
[2017.07.03-09.45.14:688][303]LightingResults: New page: Lighting Build
[2017.07.03-09.45.14:689][303]LoadErrors: New page: Loading map: PalaceLevel.umap
[2017.07.03-09.45.14:690][303]MapCheck: New page: Map Check
[2017.07.03-09.45.14:690][303]LightingResults: New page: Lighting Build
[2017.07.03-09.45.14:722][303]LogEditorServer: Finished looking for orphan Actors (0.000 secs)
[2017.07.03-09.45.14:770][303]Cmd: MAP CHECKDEP NOCLEARLOG
[2017.07.03-09.45.14:907][303]MapCheck: Info Map check complete: 0 Error(s), 0 Warning(s), took 136.277ms to complete.
[2017.07.03-09.45.14:908][303]LogFileHelpers: Loading map 'PalaceLevel' took 0.220
[2017.07.03-09.45.24:289][556]LogBlueprintUserMessages: Early PlayInEditor Detection: Level '/Game/Ava/Maps/PalaceLevel.PalaceLevel:PersistentLevel' has LevelScriptBlueprint '/Game/Ava/Maps/PalaceLevel.PalaceLevel:PersistentLevel.PalaceLevel' with GeneratedClass '/Game/Ava/Maps/PalaceLevel.PalaceLevel_C' with ClassGeneratedBy '/Game/Ava/Maps/PalaceLevel.PalaceLevel:PersistentLevel.PalaceLevel'
[2017.07.03-09.45.24:289][556]LogPlayLevel: PlayLevel: No blueprints needed recompiling
[2017.07.03-09.45.24:290][556]PIE: New page: SIE session: PalaceLevel (3 Jul 2017 10:45:24)
[2017.07.03-09.45.24:290][556]LogPlayLevel: Creating play world package: /Game/Ava/Maps/UEDPIE_0_PalaceLevel
[2017.07.03-09.45.24:370][556]LogPlayLevel: PIE: StaticDuplicateObject took: (0.080365s)
[2017.07.03-09.45.24:371][556]LogAIModule: Creating AISystem for world PalaceLevel
[2017.07.03-09.45.24:372][556]LogPlayLevel: PIE: World Init took: (0.001345s)
[2017.07.03-09.45.24:372][556]LogPlayLevel: PIE: Created PIE world by copying editor world from /Game/Ava/Maps/PalaceLevel.PalaceLevel to /Game/Ava/Maps/UEDPIE_0_PalaceLevel.PalaceLevel (0.082423s)
[2017.07.03-09.45.24:385][556]LogInit: XAudio2 using 'Speakers (Realtek High Definition Audio)' : 2 channels at 48 kHz using 32 bits per sample (channel mask 0x3)
[2017.07.03-09.45.24:393][556]LogInit: FAudioDevice initialized.
[2017.07.03-09.45.24:458][556]LogWorld: Game class is 'AvaGameMode'
[2017.07.03-09.45.24:557][556]LogWorld: Bringing World /Game/Ava/Maps/UEDPIE_0_PalaceLevel.PalaceLevel up for play (max tick rate 0) at 2017.07.03-10.45.24
[2017.07.03-09.45.24:560][556]LogWorld: Bringing up level for play took: 0.100180
[2017.07.03-09.45.24:567][556]LogContentBrowser: Native class hierarchy updated for 'MovieSceneCapture' in 0.0029 seconds. Added 11 classes and 0 folders.
[2017.07.03-09.45.24:568][556]PIE: Info Play in editor start time for /Game/Ava/Maps/UEDPIE_0_PalaceLevel -0.276
[2017.07.03-09.45.24:584][556]LogBlueprintUserMessages: Late PlayInEditor Detection: Level '/Game/Ava/Maps/PalaceLevel.PalaceLevel:PersistentLevel' has LevelScriptBlueprint '/Game/Ava/Maps/PalaceLevel.PalaceLevel:PersistentLevel.PalaceLevel' with GeneratedClass '/Game/Ava/Maps/PalaceLevel.PalaceLevel_C' with ClassGeneratedBy '/Game/Ava/Maps/PalaceLevel.PalaceLevel:PersistentLevel.PalaceLevel'
[2017.07.03-09.45.45:553][423]LogBlueprintUserMessages: Early EndPlayMap Detection: Level '/Game/Ava/Maps/PalaceLevel.PalaceLevel:PersistentLevel' has LevelScriptBlueprint '/Game/Ava/Maps/PalaceLevel.PalaceLevel:PersistentLevel.PalaceLevel' with GeneratedClass '/Game/Ava/Maps/PalaceLevel.PalaceLevel_C' with ClassGeneratedBy '/Game/Ava/Maps/PalaceLevel.PalaceLevel:PersistentLevel.PalaceLevel'
[2017.07.03-09.45.45:643][423]LogBlueprintUserMessages: Late EndPlayMap Detection: Level '/Game/Ava/Maps/PalaceLevel.PalaceLevel:PersistentLevel' has LevelScriptBlueprint '/Game/Ava/Maps/PalaceLevel.PalaceLevel:PersistentLevel.PalaceLevel' with GeneratedClass '/Game/Ava/Maps/PalaceLevel.PalaceLevel_C' with ClassGeneratedBy '/Game/Ava/Maps/PalaceLevel.PalaceLevel:PersistentLevel.PalaceLevel'
[2017.07.03-09.45.50:517][523]LogSavePackage: Save=873.47ms
[2017.07.03-09.45.50:517][523]LogSavePackage: Moving '../../../../../../Users/i7230020.STUDENT.000/Documents/GitHub/MastersProject/Ava/Saved/PalaceLevel9A106B0647AA529E418165BA92484A63.tmp' to '../../../../../../Users/i7230020.STUDENT.000/Documents/GitHub/MastersProject/Ava/Content/Ava/Maps/PalaceLevel.umap'
[2017.07.03-09.45.50:528][523]LogSavePackage:Display: Finished SavePackage ../../../../../../Users/i7230020.STUDENT.000/Documents/GitHub/MastersProject/Ava/Content/Ava/Maps/PalaceLevel.umap
[2017.07.03-09.48.20:192][ 43]LogHotReload: New module detected: UE4Editor-Ava-2200.dll
[2017.07.03-09.48.22:883][ 52]LogHotReload: Starting Hot-Reload from IDE
[2017.07.03-09.48.22:977][ 52]LogClass: ItemDataVariables HotReload.
[2017.07.03-09.48.22:977][ 52]LogClass: Item HotReload.
[2017.07.03-09.48.22:978][ 52]LogHotReload: Re-instancing Antelope after hot-reload.
[2017.07.03-09.48.23:017][ 52]LogHotReload: Re-instancing Door after hot-reload.
[2017.07.03-09.48.23:017][ 52]LogUObjectGlobals:Warning: Guid referenced by BoxComponent /Game/Ava/Maps/PalaceLevel.PalaceLevel:PersistentLevel.Door_1.BoxCollision is already used by BoxComponent /Game/Ava/Maps/PalaceLevel.PalaceLevel:PersistentLevel.Door_0.BoxCollision, which should never happen in the editor but could happen at runtime with duplicate level loading or PIE
[2017.07.03-09.48.23:017][ 52]LogUObjectGlobals:Warning: Guid referenced by StaticMeshComponent /Game/Ava/Maps/PalaceLevel.PalaceLevel:PersistentLevel.Door_1.DoorMesh is already used by StaticMeshComponent /Game/Ava/Maps/PalaceLevel.PalaceLevel:PersistentLevel.Door_0.DoorMesh, which should never happen in the editor but could happen at runtime with duplicate level loading or PIE
[2017.07.03-09.48.23:017][ 52]LogUObjectGlobals:Warning: Guid referenced by TimelineComponent /Game/Ava/Maps/PalaceLevel.PalaceLevel:PersistentLevel.Door_1.TimelineScore is already used by TimelineComponent /Game/Ava/Maps/PalaceLevel.PalaceLevel:PersistentLevel.Door_0.TimelineScore, which should never happen in the editor but could happen at runtime with duplicate level loading or PIE
[2017.07.03-09.48.23:118][ 52]LogHotReload: Re-instancing PushPullItem after hot-reload.
[2017.07.03-09.48.23:262][ 52]LogHotReload: Re-instancing MainCharacter after hot-reload.
[2017.07.03-09.48.23:359][ 52]LogHotReload: Re-instancing StatueObject after hot-reload.
[2017.07.03-09.48.23:360][ 52]LogUObjectGlobals:Warning: Guid referenced by StaticMeshComponent /Game/Ava/Maps/PalaceLevel.PalaceLevel:PersistentLevel.StatueObject_1.PickupMesh is already used by StaticMeshComponent /Game/Ava/Maps/PalaceLevel.PalaceLevel:PersistentLevel.StatueObject_0.PickupMesh, which should never happen in the editor but could happen at runtime with duplicate level loading or PIE
[2017.07.03-09.48.23:360][ 52]LogUObjectGlobals:Warning: Guid referenced by SphereComponent /Game/Ava/Maps/PalaceLevel.PalaceLevel:PersistentLevel.StatueObject_1.overlappingSphere is already used by SphereComponent /Game/Ava/Maps/PalaceLevel.PalaceLevel:PersistentLevel.StatueObject_0.overlappingSphere, which should never happen in the editor but could happen at runtime with duplicate level loading or PIE
[2017.07.03-09.48.23:442][ 52]LogHotReload: Re-instancing GreenPuzzle after hot-reload.
[2017.07.03-09.48.23:442][ 52]LogUObjectGlobals:Warning: Guid referenced by BoxComponent /Game/Ava/Maps/PalaceLevel.PalaceLevel:PersistentLevel.GreenPuzzle_1.BoxCollision is already used by BoxComponent /Game/Ava/Maps/PalaceLevel.PalaceLevel:PersistentLevel.GreenPuzzle_0.BoxCollision, which should never happen in the editor but could happen at runtime with duplicate level loading or PIE
[2017.07.03-09.48.23:545][ 52]LogContentBrowser: Native class hierarchy updated for 'Ava' in 0.0033 seconds. Added 17 classes and 2 folders.
[2017.07.03-09.48.23:547][ 52]Warning: HotReload successful (7 functions remapped  0 scriptstructs remapped)
[2017.07.03-09.48.23:652][ 52]LogContentBrowser: Native class hierarchy populated in 0.0105 seconds. Added 2097 classes and 380 folders.
[2017.07.03-09.48.23:656][ 52]Warning: HotReload took  0.8s.
[2017.07.03-09.48.30:943][ 92]LogBlueprintUserMessages: Early PlayInEditor Detection: Level '/Game/Ava/Maps/PalaceLevel.PalaceLevel:PersistentLevel' has LevelScriptBlueprint '/Game/Ava/Maps/PalaceLevel.PalaceLevel:PersistentLevel.PalaceLevel' with GeneratedClass '/Game/Ava/Maps/PalaceLevel.PalaceLevel_C' with ClassGeneratedBy '/Game/Ava/Maps/PalaceLevel.PalaceLevel:PersistentLevel.PalaceLevel'
[2017.07.03-09.48.30:944][ 92]LogPlayLevel: PlayLevel: No blueprints needed recompiling
[2017.07.03-09.48.30:944][ 92]PIE: New page: SIE session: PalaceLevel (3 Jul 2017 10:48:30)
[2017.07.03-09.48.30:944][ 92]LogPlayLevel: Creating play world package: /Game/Ava/Maps/UEDPIE_0_PalaceLevel
[2017.07.03-09.48.31:024][ 92]LogPlayLevel: PIE: StaticDuplicateObject took: (0.080227s)
[2017.07.03-09.48.31:025][ 92]LogAIModule: Creating AISystem for world PalaceLevel
[2017.07.03-09.48.31:025][ 92]LogPlayLevel: PIE: World Init took: (0.000733s)
[2017.07.03-09.48.31:025][ 92]LogPlayLevel: PIE: Created PIE world by copying editor world from /Game/Ava/Maps/PalaceLevel.PalaceLevel to /Game/Ava/Maps/UEDPIE_0_PalaceLevel.PalaceLevel (0.081314s)
[2017.07.03-09.48.31:039][ 92]LogInit: XAudio2 using 'Speakers (Realtek High Definition Audio)' : 2 channels at 48 kHz using 32 bits per sample (channel mask 0x3)
[2017.07.03-09.48.31:049][ 92]LogInit: FAudioDevice initialized.
[2017.07.03-09.48.31:099][ 92]LogWorld: Game class is 'AvaGameMode'
[2017.07.03-09.48.31:183][ 92]LogWorld: Bringing World /Game/Ava/Maps/UEDPIE_0_PalaceLevel.PalaceLevel up for play (max tick rate 0) at 2017.07.03-10.48.31
[2017.07.03-09.48.31:186][ 92]LogWorld: Bringing up level for play took: 0.085768
[2017.07.03-09.48.31:188][ 92]PIE: Info Play in editor start time for /Game/Ava/Maps/UEDPIE_0_PalaceLevel 0.332
[2017.07.03-09.48.31:201][ 92]LogBlueprintUserMessages: Late PlayInEditor Detection: Level '/Game/Ava/Maps/PalaceLevel.PalaceLevel:PersistentLevel' has LevelScriptBlueprint '/Game/Ava/Maps/PalaceLevel.PalaceLevel:PersistentLevel.PalaceLevel' with GeneratedClass '/Game/Ava/Maps/PalaceLevel.PalaceLevel_C' with ClassGeneratedBy '/Game/Ava/Maps/PalaceLevel.PalaceLevel:PersistentLevel.PalaceLevel'
[2017.07.03-09.48.53:971][ 69]LogBlueprintUserMessages: Early EndPlayMap Detection: Level '/Game/Ava/Maps/PalaceLevel.PalaceLevel:PersistentLevel' has LevelScriptBlueprint '/Game/Ava/Maps/PalaceLevel.PalaceLevel:PersistentLevel.PalaceLevel' with GeneratedClass '/Game/Ava/Maps/PalaceLevel.PalaceLevel_C' with ClassGeneratedBy '/Game/Ava/Maps/PalaceLevel.PalaceLevel:PersistentLevel.PalaceLevel'
[2017.07.03-09.48.54:052][ 69]LogBlueprintUserMessages: Late EndPlayMap Detection: Level '/Game/Ava/Maps/PalaceLevel.PalaceLevel:PersistentLevel' has LevelScriptBlueprint '/Game/Ava/Maps/PalaceLevel.PalaceLevel:PersistentLevel.PalaceLevel' with GeneratedClass '/Game/Ava/Maps/PalaceLevel.PalaceLevel_C' with ClassGeneratedBy '/Game/Ava/Maps/PalaceLevel.PalaceLevel:PersistentLevel.PalaceLevel'
[2017.07.03-09.49.00:922][257]LogEditorViewport: Clicking on Actor (LMB): StaticMeshActor (tara_pedestal)
[2017.07.03-11.35.44:452][901]Cmd: QUIT_EDITOR
[2017.07.03-11.35.44:548][901]LogExit: Preparing to exit.
[2017.07.03-11.35.45:867][901]LogHoudiniEngine: HAPI Synchronous Deletion of  Started. HoudiniAsset = 0x0, 
[2017.07.03-11.35.45:871][901]LogExit: Editor shut down
[2017.07.03-11.35.45:871][901]LogExit: Transaction tracking system shut down
[2017.07.03-11.35.45:980][901]LogObj: Freed 0b from 0 cluster array pools.
[2017.07.03-11.35.45:980][901]LogExit: Object subsystem successfully closed.
[2017.07.03-11.35.45:999][901]LogD3D11RHI: Shutdown
[2017.07.03-11.35.45:999][901]LogD3D11RHI: CleanupD3DDevice
[2017.07.03-11.35.46:053][901]LogD3D11RHI: ~FD3D11DynamicRHI
[2017.07.03-11.35.46:072][901]LogModuleManager: Shutting down and abandoning module MovieSceneCapture (217)
[2017.07.03-11.35.46:072][901]LogModuleManager: Shutting down and abandoning module HierarchicalLODOutliner (216)
[2017.07.03-11.35.46:072][901]LogModuleManager: Shutting down and abandoning module CrashTracker (215)
[2017.07.03-11.35.46:072][901]LogModuleManager: Shutting down and abandoning module SceneOutliner (214)
[2017.07.03-11.35.46:072][901]LogModuleManager: Shutting down and abandoning module WidgetCarousel (213)
[2017.07.03-11.35.46:072][901]LogModuleManager: Shutting down and abandoning module AddContentDialog (212)
[2017.07.03-11.35.46:076][901]LogModuleManager: Shutting down and abandoning module GameplayTags (211)
[2017.07.03-11.35.46:076][901]LogModuleManager: Shutting down and abandoning module EditorWidgets (210)
[2017.07.03-11.35.46:076][901]LogModuleManager: Shutting down and abandoning module CollectionManager (209)
[2017.07.03-11.35.46:076][901]LogModuleManager: Shutting down and abandoning module StatsViewer (208)
[2017.07.03-11.35.46:076][901]LogModuleManager: Shutting down and abandoning module FoliageEdit (207)
[2017.07.03-11.35.46:076][901]LogModuleManager: Shutting down and abandoning module LandscapeEditor (206)
[2017.07.03-11.35.46:076][901]LogModuleManager: Shutting down and abandoning module SceneDepthPickerMode (205)
[2017.07.03-11.35.46:076][901]LogModuleManager: Shutting down and abandoning module ActorPickerMode (204)
[2017.07.03-11.35.46:076][901]LogModuleManager: Shutting down and abandoning module GeometryMode (203)
[2017.07.03-11.35.46:076][901]LogModuleManager: Shutting down and abandoning module TextureAlignMode (202)
[2017.07.03-11.35.46:076][901]LogModuleManager: Shutting down and abandoning module BspMode (201)
[2017.07.03-11.35.46:076][901]LogModuleManager: Shutting down and abandoning module HardwareSurvey (200)
[2017.07.03-11.35.46:076][901]LogModuleManager: Shutting down and abandoning module SequenceRecorderSections (199)
[2017.07.03-11.35.46:076][901]LogModuleManager: Shutting down and abandoning module SequenceRecorder (198)
[2017.07.03-11.35.46:077][901]LogModuleManager: Shutting down and abandoning module AutomationWorker (197)
[2017.07.03-11.35.46:077][901]LogModuleManager: Shutting down and abandoning module HoudiniEngineEditor (196)
[2017.07.03-11.35.46:077][901]LogHoudiniEngineEditor: Shutting down the Houdini Engine Editor module.
[2017.07.03-11.35.46:077][901]LogModuleManager: Shutting down and abandoning module MatineeToLevelSequence (195)
[2017.07.03-11.35.46:077][901]LogModuleManager: Shutting down and abandoning module PlacementMode (194)
[2017.07.03-11.35.46:077][901]LogModuleManager: Shutting down and abandoning module LevelSequenceEditor (193)
[2017.07.03-11.35.46:077][901]LogModuleManager: Shutting down and abandoning module CharacterAI (192)
[2017.07.03-11.35.46:077][901]LogModuleManager: Shutting down and abandoning module SmartSnapping (191)
[2017.07.03-11.35.46:077][901]LogModuleManager: Shutting down and abandoning module SessionServices (190)
[2017.07.03-11.35.46:077][901]LogModuleManager: Shutting down and abandoning module ViewportSnapping (189)
[2017.07.03-11.35.46:077][901]LogModuleManager: Shutting down and abandoning module LogVisualizer (188)
[2017.07.03-11.35.46:077][901]LogModuleManager: Shutting down and abandoning module GameProjectGeneration (187)
[2017.07.03-11.35.46:077][901]LogModuleManager: Shutting down and abandoning module IntroTutorials (186)
[2017.07.03-11.35.46:077][901]LogModuleManager: Shutting down and abandoning module EditorLiveStreaming (185)
[2017.07.03-11.35.46:077][901]LogModuleManager: Shutting down and abandoning module IOSPlatformEditor (184)
[2017.07.03-11.35.46:077][901]LogModuleManager: Shutting down and abandoning module HTML5PlatformEditor (183)
[2017.07.03-11.35.46:077][901]LogModuleManager: Shutting down and abandoning module AndroidDeviceDetection (182)
[2017.07.03-11.35.46:587][901]LogModuleManager: Shutting down and abandoning module AndroidPlatformEditor (181)
[2017.07.03-11.35.46:587][901]LogModuleManager: Shutting down and abandoning module IOSRuntimeSettings (180)
[2017.07.03-11.35.46:587][901]LogModuleManager: Shutting down and abandoning module AndroidRuntimeSettings (179)
[2017.07.03-11.35.46:587][901]LogModuleManager: Shutting down and abandoning module MergeActors (178)
[2017.07.03-11.35.46:587][901]LogModuleManager: Shutting down and abandoning module SizeMap (177)
[2017.07.03-11.35.46:587][901]LogModuleManager: Shutting down and abandoning module TreeMap (176)
[2017.07.03-11.35.46:587][901]LogModuleManager: Shutting down and abandoning module ReferenceViewer (175)
[2017.07.03-11.35.46:587][901]LogModuleManager: Shutting down and abandoning module LocalizationService (174)
[2017.07.03-11.35.46:587][901]LogModuleManager: Shutting down and abandoning module LocalizationDashboard (173)
[2017.07.03-11.35.46:587][901]LogModuleManager: Shutting down and abandoning module HardwareTargeting (172)
[2017.07.03-11.35.46:587][901]LogModuleManager: Shutting down and abandoning module DeviceProfileEditor (171)
[2017.07.03-11.35.46:587][901]LogModuleManager: Shutting down and abandoning module UndoHistory (170)
[2017.07.03-11.35.46:587][901]LogModuleManager: Shutting down and abandoning module UserFeedback (169)
[2017.07.03-11.35.46:587][901]LogModuleManager: Shutting down and abandoning module XmlParser (168)
[2017.07.03-11.35.46:587][901]LogModuleManager: Shutting down and abandoning module Blutility (167)
[2017.07.03-11.35.46:587][901]LogModuleManager: Shutting down and abandoning module ProjectTargetPlatformEditor (166)
[2017.07.03-11.35.46:587][901]LogModuleManager: Shutting down and abandoning module ProjectSettingsViewer (165)
[2017.07.03-11.35.46:587][901]LogModuleManager: Shutting down and abandoning module InputBindingEditor (164)
[2017.07.03-11.35.46:588][901]LogModuleManager: Shutting down and abandoning module EditorSettingsViewer (163)
[2017.07.03-11.35.46:588][901]LogModuleManager: Shutting down and abandoning module SettingsEditor (162)
[2017.07.03-11.35.46:588][901]LogModuleManager: Shutting down and abandoning module ProjectLauncher (161)
[2017.07.03-11.35.46:588][901]LogModuleManager: Shutting down and abandoning module SessionFrontend (160)
[2017.07.03-11.35.46:588][901]LogModuleManager: Shutting down and abandoning module ProfilerClient (159)
[2017.07.03-11.35.46:588][901]LogModuleManager: Shutting down and abandoning module TargetDeviceServices (158)
[2017.07.03-11.35.46:588][901]LogModuleManager: Shutting down and abandoning module DeviceManager (157)
[2017.07.03-11.35.46:638][901]LogModuleManager: Shutting down and abandoning module AutomationController (156)
[2017.07.03-11.35.46:638][901]LogModuleManager: Shutting down and abandoning module AutomationWindow (155)
[2017.07.03-11.35.46:638][901]LogModuleManager: Shutting down and abandoning module Layers (154)
[2017.07.03-11.35.46:638][901]LogModuleManager: Shutting down and abandoning module ComponentVisualizers (153)
[2017.07.03-11.35.46:638][901]LogModuleManager: Shutting down and abandoning module DetailCustomizations (152)
[2017.07.03-11.35.46:638][901]LogModuleManager: Shutting down and abandoning module PackagesDialog (151)
[2017.07.03-11.35.46:638][901]LogModuleManager: Shutting down and abandoning module Persona (150)
[2017.07.03-11.35.46:638][901]LogModuleManager: Shutting down and abandoning module Kismet (149)
[2017.07.03-11.35.46:638][901]LogModuleManager: Shutting down and abandoning module GraphEditor (148)
[2017.07.03-11.35.46:638][901]LogModuleManager: Shutting down and abandoning module ClassViewer (147)
[2017.07.03-11.35.46:638][901]LogModuleManager: Shutting down and abandoning module Toolbox (146)
[2017.07.03-11.35.46:638][901]LogModuleManager: Shutting down and abandoning module ModuleUI (145)
[2017.07.03-11.35.46:639][901]LogModuleManager: Shutting down and abandoning module MovieSceneTools (144)
[2017.07.03-11.35.46:639][901]LogModuleManager: Shutting down and abandoning module OutputLog (143)
[2017.07.03-11.35.46:639][901]LogModuleManager: Shutting down and abandoning module GammaUI (142)
[2017.07.03-11.35.46:639][901]LogModuleManager: Shutting down and abandoning module Documentation (141)
[2017.07.03-11.35.46:639][901]LogModuleManager: Shutting down and abandoning module StreamingPauseRendering (140)
[2017.07.03-11.35.46:639][901]LogModuleManager: Shutting down and abandoning module AnalyticsET (139)
[2017.07.03-11.35.46:639][901]LogModuleManager: Shutting down and abandoning module Analytics (138)
[2017.07.03-11.35.46:639][901]LogModuleManager: Shutting down and abandoning module PortalServices (137)
[2017.07.03-11.35.46:639][901]LogModuleManager: Shutting down and abandoning module PortalRpc (136)
[2017.07.03-11.35.46:639][901]LogModuleManager: Shutting down and abandoning module MessagingRpc (135)
[2017.07.03-11.35.46:639][901]LogModuleManager: Shutting down and abandoning module GameplayDebugger (134)
[2017.07.03-11.35.46:639][901]LogModuleManager: Shutting down and abandoning module AITestSuite (133)
[2017.07.03-11.35.46:639][901]LogModuleManager: Shutting down and abandoning module AIModule (132)
[2017.07.03-11.35.46:639][901]LogModuleManager: Shutting down and abandoning module ProfilerService (131)
[2017.07.03-11.35.46:686][901]LogModuleManager: Shutting down and abandoning module TaskGraph (130)
[2017.07.03-11.35.46:686][901]LogModuleManager: Shutting down and abandoning module SlateRemote (129)
[2017.07.03-11.35.46:686][901]LogModuleManager: Shutting down and abandoning module SteamVRController (128)
[2017.07.03-11.35.46:686][901]LogModuleManager: Shutting down and abandoning module SteamVR (127)
[2017.07.03-11.35.46:686][901]LogModuleManager: Shutting down and abandoning module ProceduralMeshComponent (126)
[2017.07.03-11.35.46:686][901]LogModuleManager: Shutting down and abandoning module OculusLibrary (125)
[2017.07.03-11.35.46:686][901]LogModuleManager: Shutting down and abandoning module OculusInput (124)
[2017.07.03-11.35.46:686][901]LogModuleManager: Shutting down and abandoning module HoudiniEngineRuntime (123)
[2017.07.03-11.35.46:687][901]LogHoudiniEngine: Shutting down the Houdini Engine module.
[2017.07.03-11.35.46:687][901]LogUObjectArray:Warning: Invalid object index -572662307
[2017.07.03-11.35.46:687][901]LogUObjectArray:Warning: Invalid object index -572662307
[2017.07.03-11.35.46:687][901]LogUObjectArray:Warning: Invalid object index -572662307
[2017.07.03-11.35.46:687][901]LogUObjectArray:Warning: Invalid object index -572662307
[2017.07.03-11.35.46:689][901]LogModuleManager: Shutting down and abandoning module CustomMeshComponent (122)
[2017.07.03-11.35.46:689][901]LogModuleManager: Shutting down and abandoning module CableComponent (121)
[2017.07.03-11.35.46:689][901]LogModuleManager: Shutting down and abandoning module ArchVisCharacter (120)
[2017.07.03-11.35.46:689][901]LogModuleManager: Shutting down and abandoning module MediaPlayerEditor (119)
[2017.07.03-11.35.46:689][901]LogModuleManager: Shutting down and abandoning module HTML5Networking (118)
[2017.07.03-11.35.46:689][901]LogModuleManager: Shutting down and abandoning module SuperSearch (117)
[2017.07.03-11.35.46:689][901]LogModuleManager: Shutting down and abandoning module SuperSearchEditor (116)
[2017.07.03-11.35.46:689][901]LogModuleManager: Shutting down and abandoning module SpeedTreeImporter (115)
[2017.07.03-11.35.46:689][901]LogModuleManager: Shutting down and abandoning module PluginBrowser (114)
[2017.07.03-11.35.46:689][901]LogModuleManager: Shutting down and abandoning module EpicSurvey (113)
[2017.07.03-11.35.46:689][901]LogModuleManager: Shutting down and abandoning module DesktopPlatform (112)
[2017.07.03-11.35.46:689][901]LogModuleManager: Shutting down and abandoning module VisualStudioSourceCodeAccess (111)
[2017.07.03-11.35.46:689][901]LogModuleManager: Shutting down and abandoning module UObjectPlugin (110)
[2017.07.03-11.35.46:689][901]LogModuleManager: Shutting down and abandoning module SubversionSourceControl (109)
[2017.07.03-11.35.46:690][901]LogModuleManager: Shutting down and abandoning module PerforceSourceControl (108)
[2017.07.03-11.35.46:690][901]LogModuleManager: Shutting down and abandoning module SourceControl (107)
[2017.07.03-11.35.46:690][901]LogModuleManager: Shutting down and abandoning module GitSourceControl (106)
[2017.07.03-11.35.46:690][901]LogModuleManager: Shutting down and abandoning module LightPropagationVolumeEditor (105)
[2017.07.03-11.35.46:690][901]LogModuleManager: Shutting down and abandoning module PaperTiledImporter (104)
[2017.07.03-11.35.46:690][901]LogModuleManager: Shutting down and abandoning module PaperSpriteSheetImporter (103)
[2017.07.03-11.35.46:690][901]LogModuleManager: Shutting down and abandoning module MeshPaint (102)
[2017.07.03-11.35.46:690][901]LogModuleManager: Shutting down and abandoning module PixelInspectorModule (101)
[2017.07.03-11.35.46:690][901]LogModuleManager: Shutting down and abandoning module HotReload (100)
[2017.07.03-11.35.46:691][901]LogModuleManager: Shutting down and abandoning module MainFrame (99)
[2017.07.03-11.35.46:691][901]LogModuleManager: Shutting down and abandoning module LevelEditor (98)
[2017.07.03-11.35.46:693][901]LogModuleManager: Shutting down and abandoning module ContentBrowser (97)
[2017.07.03-11.35.46:694][901]LogModuleManager: Shutting down and abandoning module Paper2DEditor (96)
[2017.07.03-11.35.46:695][901]LogModuleManager: Shutting down and abandoning module Ava (95)
[2017.07.03-11.35.46:695][901]LogModuleManager: Shutting down and abandoning module UdpMessaging (94)
[2017.07.03-11.35.46:795][901]LogModuleManager: Shutting down and abandoning module LightPropagationVolumeRuntime (93)
[2017.07.03-11.35.46:795][901]LogModuleManager: Shutting down and abandoning module Paper2D (92)
[2017.07.03-11.35.46:795][901]LogModuleManager: Shutting down and abandoning module WindowsMoviePlayer (91)
[2017.07.03-11.35.46:795][901]LogModuleManager: Shutting down and abandoning module Media (90)
[2017.07.03-11.35.46:795][901]LogModuleManager: Shutting down and abandoning module WmfMedia (89)
[2017.07.03-11.35.46:796][901]LogModuleManager: Shutting down and abandoning module MediaAssets (88)
[2017.07.03-11.35.46:796][901]LogModuleManager: Shutting down and abandoning module GameLiveStreaming (87)
[2017.07.03-11.35.46:796][901]LogModuleManager: Shutting down and abandoning module GameplayTagsEditor (86)
[2017.07.03-11.35.46:796][901]LogModuleManager: Shutting down and abandoning module OnlineBlueprintSupport (85)
[2017.07.03-11.35.46:796][901]LogModuleManager: Shutting down and abandoning module VREditor (84)
[2017.07.03-11.35.46:796][901]LogModuleManager: Shutting down and abandoning module GameplayTasksEditor (83)
[2017.07.03-11.35.46:796][901]LogModuleManager: Shutting down and abandoning module PropertyEditor (82)
[2017.07.03-11.35.46:796][901]LogModuleManager: Shutting down and abandoning module BehaviorTreeEditor (81)
[2017.07.03-11.35.46:796][901]LogModuleManager: Shutting down and abandoning module FunctionalTesting (80)
[2017.07.03-11.35.46:796][901]LogModuleManager: Shutting down and abandoning module CollisionAnalyzer (79)
[2017.07.03-11.35.46:796][901]LogModuleManager: Shutting down and abandoning module Sequencer (78)
[2017.07.03-11.35.46:796][901]LogModuleManager: Shutting down and abandoning module WorkspaceMenuStructure (77)
[2017.07.03-11.35.46:796][901]LogModuleManager: Shutting down and abandoning module MessageLog (76)
[2017.07.03-11.35.46:796][901]LogModuleManager: Shutting down and abandoning module AssetTools (75)
[2017.07.03-11.35.46:796][901]LogModuleManager: Shutting down and abandoning module UMGEditor (74)
[2017.07.03-11.35.46:796][901]LogModuleManager: Shutting down and abandoning module UMG (73)
[2017.07.03-11.35.46:797][901]LogModuleManager: Shutting down and abandoning module SlateReflector (72)
[2017.07.03-11.35.46:797][901]LogModuleManager: Shutting down and abandoning module Slate (71)
[2017.07.03-11.35.46:797][901]LogModuleManager: Shutting down and abandoning module EditorStyle (70)
[2017.07.03-11.35.46:803][901]LogModuleManager: Shutting down and abandoning module SourceCodeAccess (69)
[2017.07.03-11.35.46:803][901]LogModuleManager: Shutting down and abandoning module HeadMountedDisplay (68)
[2017.07.03-11.35.46:803][901]LogModuleManager: Shutting down and abandoning module XAudio2 (67)
[2017.07.03-11.35.46:803][901]LogModuleManager: Shutting down and abandoning module Networking (65)
[2017.07.03-11.35.46:803][901]LogModuleManager: Shutting down and abandoning module Core (64)
[2017.07.03-11.35.46:803][901]LogModuleManager: Shutting down and abandoning module DirectoryWatcher (63)
[2017.07.03-11.35.46:805][901]LogModuleManager: Shutting down and abandoning module AssetRegistry (62)
[2017.07.03-11.35.47:013][901]LogModuleManager: Shutting down and abandoning module KismetCompiler (61)
[2017.07.03-11.35.47:013][901]LogModuleManager: Shutting down and abandoning module PhysXFormats (60)
[2017.07.03-11.35.47:013][901]LogModuleManager: Shutting down and abandoning module MeshUtilities (59)
[2017.07.03-11.35.47:013][901]LogModuleManager: Shutting down and abandoning module DerivedDataCache (58)
[2017.07.03-11.35.47:090][901]LogDerivedDataCache: Shutdown
[2017.07.03-11.35.47:090][901]LogModuleManager: Shutting down and abandoning module VulkanShaderFormat (57)
[2017.07.03-11.35.47:090][901]LogModuleManager: Shutting down and abandoning module ShaderFormatOpenGL (56)
[2017.07.03-11.35.47:090][901]LogModuleManager: Shutting down and abandoning module ShaderFormatD3D (55)
[2017.07.03-11.35.47:090][901]LogModuleManager: Shutting down and abandoning module MetalShaderFormat (54)
[2017.07.03-11.35.47:090][901]LogModuleManager: Shutting down and abandoning module TextureFormatUncompressed (53)
[2017.07.03-11.35.47:090][901]LogModuleManager: Shutting down and abandoning module TextureFormatPVR (52)
[2017.07.03-11.35.47:090][901]LogModuleManager: Shutting down and abandoning module TextureFormatIntelISPCTexComp (51)
[2017.07.03-11.35.47:090][901]LogModuleManager: Shutting down and abandoning module TextureFormatDXT (50)
[2017.07.03-11.35.47:090][901]LogModuleManager: Shutting down and abandoning module ImageWrapper (49)
[2017.07.03-11.35.47:090][901]LogModuleManager: Shutting down and abandoning module TextureFormatASTC (48)
[2017.07.03-11.35.47:090][901]LogModuleManager: Shutting down and abandoning module TextureFormatAndroid (47)
[2017.07.03-11.35.47:090][901]LogModuleManager: Shutting down and abandoning module AudioFormatOpus (46)
[2017.07.03-11.35.47:090][901]LogModuleManager: Shutting down and abandoning module AudioFormatOgg (45)
[2017.07.03-11.35.47:090][901]LogModuleManager: Shutting down and abandoning module AudioFormatADPCM (44)
[2017.07.03-11.35.47:090][901]LogModuleManager: Shutting down and abandoning module LinuxTargetPlatform (43)
[2017.07.03-11.35.47:090][901]LogModuleManager: Shutting down and abandoning module LinuxServerTargetPlatform (42)
[2017.07.03-11.35.47:090][901]LogModuleManager: Shutting down and abandoning module LinuxNoEditorTargetPlatform (41)
[2017.07.03-11.35.47:090][901]LogModuleManager: Shutting down and abandoning module TVOSTargetPlatform (40)
[2017.07.03-11.35.47:090][901]LogModuleManager: Shutting down and abandoning module Messaging (39)
[2017.07.03-11.35.47:090][901]LogModuleManager: Shutting down and abandoning module IOSTargetPlatform (38)
[2017.07.03-11.35.47:090][901]LogModuleManager: Shutting down and abandoning module HTML5TargetPlatform (37)
[2017.07.03-11.35.47:090][901]LogModuleManager: Shutting down and abandoning module Android_PVRTCTargetPlatform (36)
[2017.07.03-11.35.47:090][901]LogModuleManager: Shutting down and abandoning module Android_MultiTargetPlatform (35)
[2017.07.03-11.35.47:090][901]LogModuleManager: Shutting down and abandoning module Android_ETC2TargetPlatform (34)
[2017.07.03-11.35.47:090][901]LogModuleManager: Shutting down and abandoning module Android_ETC1TargetPlatform (33)
[2017.07.03-11.35.47:090][901]LogModuleManager: Shutting down and abandoning module Android_DXTTargetPlatform (32)
[2017.07.03-11.35.47:090][901]LogModuleManager: Shutting down and abandoning module Android_ATCTargetPlatform (31)
[2017.07.03-11.35.47:090][901]LogModuleManager: Shutting down and abandoning module Android_ASTCTargetPlatform (30)
[2017.07.03-11.35.47:090][901]LogModuleManager: Shutting down and abandoning module AndroidTargetPlatform (29)
[2017.07.03-11.35.47:091][901]LogModuleManager: Shutting down and abandoning module WindowsTargetPlatform (28)
[2017.07.03-11.35.47:091][901]LogModuleManager: Shutting down and abandoning module WindowsServerTargetPlatform (27)
[2017.07.03-11.35.47:091][901]LogModuleManager: Shutting down and abandoning module WindowsNoEditorTargetPlatform (26)
[2017.07.03-11.35.47:091][901]LogModuleManager: Shutting down and abandoning module WindowsClientTargetPlatform (25)
[2017.07.03-11.35.47:091][901]LogModuleManager: Shutting down and abandoning module AllDesktopTargetPlatform (24)
[2017.07.03-11.35.47:091][901]LogModuleManager: Shutting down and abandoning module TargetPlatform (23)
[2017.07.03-11.35.47:091][901]LogModuleManager: Shutting down and abandoning module InputCore (22)
[2017.07.03-11.35.47:091][901]LogModuleManager: Shutting down and abandoning module Settings (21)
[2017.07.03-11.35.47:091][901]LogModuleManager: Shutting down and abandoning module OnlineSubsystem (19)
[2017.07.03-11.35.47:091][901]LogModuleManager: Shutting down and abandoning module HTTP (18)
[2017.07.03-11.35.50:093][901]LogModuleManager: Shutting down and abandoning module XMPP (17)
[2017.07.03-11.35.50:093][901]LogModuleManager: Shutting down and abandoning module OculusRift (16)
[2017.07.03-11.35.50:093][901]LogModuleManager: Shutting down and abandoning module ExampleDeviceProfileSelector (15)
[2017.07.03-11.35.50:093][901]LogModuleManager: Shutting down and abandoning module TextureCompressor (14)
[2017.07.03-11.35.50:093][901]LogModuleManager: Shutting down and abandoning module ShaderCore (13)
[2017.07.03-11.35.50:093][901]LogModuleManager: Shutting down and abandoning module Landscape (12)
[2017.07.03-11.35.50:093][901]LogModuleManager: Shutting down and abandoning module SlateRHIRenderer (11)
[2017.07.03-11.35.50:094][901]LogModuleManager: Shutting down and abandoning module OpenGLDrv (10)
[2017.07.03-11.35.50:094][901]LogModuleManager: Shutting down and abandoning module D3D11RHI (9)
[2017.07.03-11.35.50:094][901]LogModuleManager: Shutting down and abandoning module AnimGraphRuntime (8)
[2017.07.03-11.35.50:094][901]LogModuleManager: Shutting down and abandoning module Renderer (7)
[2017.07.03-11.35.50:094][901]LogModuleManager: Shutting down and abandoning module Engine (6)
[2017.07.03-11.35.50:094][901]LogModuleManager: Shutting down and abandoning module CoreUObject (5)
[2017.07.03-11.35.50:094][901]LogModuleManager: Shutting down and abandoning module NetworkFile (4)
[2017.07.03-11.35.50:094][901]LogModuleManager: Shutting down and abandoning module StreamingFile (3)
[2017.07.03-11.35.50:094][901]LogModuleManager: Shutting down and abandoning module SandboxFile (2)
[2017.07.03-11.35.50:094][901]LogModuleManager: Shutting down and abandoning module PakFile (1)
[2017.07.03-11.35.50:098][901]LogExit: Exiting.
[2017.07.03-11.35.50:100][901]Log file closed, 07/03/17 12:35:50
