Log file open, 07/24/17 10:50:21
LogInit:Display: Running engine for game: Ava
LogPlatformFile: Not using cached read wrapper
LogInit:Display: RandInit(1846732328) SRandInit(1846732330).
LogTaskGraph: Started task graph with 4 named threads and 9 total threads with 1 sets of task threads.
LogStats: Stats thread started at 0.110993
LogInit: Version: 4.12.5-3039270+++UE4+Release-4.12
LogInit: API Version: 2992821
LogInit: Net Version: 3039270
LogDevObjectVersion: Number of dev versions registered: 13
LogDevObjectVersion:   Dev-Blueprints (B0D832E4-1F89-4F0D-ACCF-7EB736FD4AA2): 3
LogDevObjectVersion:   Dev-Build (E1C64328-A22C-4D53-A36C-8E866417BD8C): 0
LogDevObjectVersion:   Dev-Core (375EC13C-06E4-48FB-B500-84F0262A717E): 1
LogDevObjectVersion:   Dev-Editor (E4B068ED-F494-42E9-A231-DA0B2E46BB41): 2
LogDevObjectVersion:   Dev-Framework (CFFC743F-43B0-4480-9391-14DF171D2073): 6
LogDevObjectVersion:   Dev-Mobile (B02B49B5-BB20-44E9-A304-32B752E40360): 0
LogDevObjectVersion:   Dev-Networking (A4E4105C-59A1-49B5-A7C5-40C4547EDFEE): 0
LogDevObjectVersion:   Dev-Online (39C831C9-5AE6-47DC-9A44-9C173E1C8E7C): 0
LogDevObjectVersion:   Dev-Physics (78F01B33-EBEA-4F98-B9B4-84EACCB95AA2): 0
LogDevObjectVersion:   Dev-Platform (6631380F-2D4D-43E0-8009-CF276956A95A): 0
LogDevObjectVersion:   Dev-Rendering (12F88B9F-8875-4AFC-A67C-D90C383ABD29): 2
LogDevObjectVersion:   Dev-Sequencer (7B5AE74C-D270-4C10-A958-57980B212A5A): 0
LogDevObjectVersion:   Dev-VR (D7296918-1DD6-4BDD-9DE2-64A83CC13884): 0
LogInit: Compiled (64-bit): Jul  6 2016 09:09:46
LogInit: Compiled with Visual C++: 19.00.23026.00
LogInit: Build Configuration: Development
LogInit: Branch Name: ++UE4+Release-4.12
LogInit: Command line:  
LogInit: Base directory: C:/Program Files/Epic Games/4.12/Engine/Binaries/Win64/
LogInit: Installed Engine Build: 1
LogInit: Using libcurl 7.41.0
LogInit:  - built for x86_64-pc-win32
LogInit:  - supports SSL with WinSSL
LogInit:  - other features:
LogInit:      CURL_VERSION_SSL
LogInit:      CURL_VERSION_IPV6
LogInit:      CURL_VERSION_ASYNCHDNS
LogInit:      CURL_VERSION_LARGEFILE
LogInit:      CURL_VERSION_IDN
LogInit:  CurlRequestOptions (configurable via config and command line):
LogInit:  - bVerifyPeer = true  - Libcurl will verify peer certificate
LogInit:  - bUseHttpProxy = false  - Libcurl will NOT use HTTP proxy
LogInit:  - bDontReuseConnections = false  - Libcurl will reuse connections
LogInit:  - CertBundlePath = nullptr  - Libcurl will use whatever was configured at build time.
LogInit: Presizing for max 8388607 objects, including 0 objects not considered by GC, pre-allocating 0 bytes for permanent pool.
LogInit: Object subsystem initialized
[2017.07.24-09.50.21:503][  0]LogInit: Selected Device Profile: [Windows]
[2017.07.24-09.50.21:503][  0]LogInit: Applying CVar settings loaded from the selected device profile: [Windows]
[2017.07.24-09.50.21:515][  0]LogInit: Computer: PC42640
[2017.07.24-09.50.21:515][  0]LogInit: User: i7230020
[2017.07.24-09.50.21:515][  0]LogInit: CPU Page size=65536, Cores=6
[2017.07.24-09.50.21:515][  0]LogInit: High frequency timer resolution =3.410097 MHz
[2017.07.24-09.50.21:515][  0]LogMemory: Memory total: Physical=31.9GB (32GB approx)
[2017.07.24-09.50.21:515][  0]LogMemory: Platform Memory Stats for Windows
[2017.07.24-09.50.21:515][  0]LogMemory: Process Physical Memory: 196.18 MB used, 196.18 MB peak
[2017.07.24-09.50.21:515][  0]LogMemory: Process Virtual Memory: 198.96 MB used, 198.96 MB peak
[2017.07.24-09.50.21:515][  0]LogMemory: Physical Memory: 11621.40 MB used, 32684.15 MB total
[2017.07.24-09.50.21:515][  0]LogMemory: Virtual Memory: 539.58 MB used, 8388608.00 MB total
[2017.07.24-09.50.21:586][  0]LogTextLocalizationManager: No specific translations for ('en-GB') exist, so ('en') translations will be used.
[2017.07.24-09.50.21:960][  0]LogD3D11RHI: D3D11 adapters:
[2017.07.24-09.50.21:991][  0]LogD3D11RHI:    0. 'NVIDIA Quadro M4000' (Feature Level 11_0)
[2017.07.24-09.50.21:991][  0]LogD3D11RHI:       8092/0/16086 MB DedicatedVideo/DedicatedSystem/SharedSystem, Outputs:1, VendorId:0x10de
[2017.07.24-09.50.21:991][  0]LogD3D11RHI: Chosen D3D11 Adapter: 0
[2017.07.24-09.50.22:002][  0]LogD3D11RHI: Creating new Direct3DDevice
[2017.07.24-09.50.22:002][  0]LogD3D11RHI:     GPU DeviceId: 0x13f1 (for the marketing name, search the web for "GPU Device Id")
[2017.07.24-09.50.22:002][  0]LogWindows: EnumDisplayDevices:
[2017.07.24-09.50.22:003][  0]LogWindows:    0. 'NVIDIA Quadro M4000' (P:1 D:1)
[2017.07.24-09.50.22:004][  0]LogWindows:    1. 'NVIDIA Quadro M4000' (P:0 D:0)
[2017.07.24-09.50.22:005][  0]LogWindows:    2. 'NVIDIA Quadro M4000' (P:0 D:0)
[2017.07.24-09.50.22:005][  0]LogWindows:    3. 'NVIDIA Quadro M4000' (P:0 D:0)
[2017.07.24-09.50.22:006][  0]LogWindows:    4. 'RDPDD Chained DD' (P:0 D:0)
[2017.07.24-09.50.22:006][  0]LogWindows:    5. 'RDP Encoder Mirror Driver' (P:0 D:0)
[2017.07.24-09.50.22:006][  0]LogWindows:    6. 'RDP Reflector Display Driver' (P:0 D:0)
[2017.07.24-09.50.22:006][  0]LogWindows: DebugString: GetVideoDriverDetailsInvalid PrimaryIsNotTheChoosenAdapter GetVideoDriverDetailsInvalid PrimaryIsNotTheChoosenAdapter GetVideoDriverDetailsInvalid PrimaryIsNotTheChoosenAdapter FoundDriverCount:4 
[2017.07.24-09.50.22:006][  0]LogD3D11RHI:     Adapter Name: NVIDIA Quadro M4000
[2017.07.24-09.50.22:006][  0]LogD3D11RHI:   Driver Version: 362.13 (internal:10.18.13.6213, unified:362.13)
[2017.07.24-09.50.22:006][  0]LogD3D11RHI:      Driver Date: 3-18-2016
[2017.07.24-09.50.22:006][  0]LogRHI: Texture pool is 1361 MB (70% of 1945 MB)
[2017.07.24-09.50.22:021][  0]LogD3D11RHI: Async texture creation enabled
[2017.07.24-09.50.22:037][  0]LogD3D11RHI: GPU Timing Frequency: 1000.000000 (Debug: 2 2)
[2017.07.24-09.50.22:037][  0]LogShaderCompilers: Guid format shader working directory is -8 characters bigger than the processId version (W:/University Work/Masters/MastersProject/MastersProject/Ava/Intermediate/Shaders/WorkingDirectory/74956/).
[2017.07.24-09.50.22:037][  0]LogShaderCompilers: Cleaned the shader compiler working directory 'C:/Users/I72300~1.000/AppData/Local/Temp/UnrealShaderWorkingDir/4806C26B4172E40DCD57EAB9EBD9DB46/'.
[2017.07.24-09.50.22:037][  0]LogShaderCompilers:Display: Using Local Shader Compiler.
[2017.07.24-09.50.23:078][  0]LogTemp:Display: Loaded TP AllDesktopTargetPlatform
[2017.07.24-09.50.23:087][  0]LogTemp:Display: Loaded TP WindowsClientTargetPlatform
[2017.07.24-09.50.23:095][  0]LogTemp:Display: Loaded TP WindowsNoEditorTargetPlatform
[2017.07.24-09.50.23:104][  0]LogTemp:Display: Loaded TP WindowsServerTargetPlatform
[2017.07.24-09.50.23:112][  0]LogTemp:Display: Loaded TP WindowsTargetPlatform
[2017.07.24-09.50.23:120][  0]LogTemp:Display: Loaded TP AndroidTargetPlatform
[2017.07.24-09.50.23:127][  0]LogTemp:Display: Loaded TP Android_ASTCTargetPlatform
[2017.07.24-09.50.23:135][  0]LogTemp:Display: Loaded TP Android_ATCTargetPlatform
[2017.07.24-09.50.23:142][  0]LogTemp:Display: Loaded TP Android_DXTTargetPlatform
[2017.07.24-09.50.23:149][  0]LogTemp:Display: Loaded TP Android_ETC1TargetPlatform
[2017.07.24-09.50.23:156][  0]LogTemp:Display: Loaded TP Android_ETC2TargetPlatform
[2017.07.24-09.50.23:171][  0]LogTemp:Display: Loaded TP Android_MultiTargetPlatform
[2017.07.24-09.50.23:171][  0]LogTemp:Display: Loaded TP Android_PVRTCTargetPlatform
[2017.07.24-09.50.23:173][  0]LogTemp:Display: Loaded TP HTML5TargetPlatform
[2017.07.24-09.50.23:193][  0]LogTemp:Display: Loaded TP IOSTargetPlatform
[2017.07.24-09.50.23:200][  0]LogTemp:Display: Loaded TP TVOSTargetPlatform
[2017.07.24-09.50.23:207][  0]LogTemp:Display: Loaded TP LinuxNoEditorTargetPlatform
[2017.07.24-09.50.23:215][  0]LogTemp:Display: Loaded TP LinuxServerTargetPlatform
[2017.07.24-09.50.23:223][  0]LogTemp:Display: Loaded TP LinuxTargetPlatform
[2017.07.24-09.50.23:223][  0]LogTargetPlatformManager:Display: Building Assets For Windows
[2017.07.24-09.50.23:354][  0]LogDerivedDataCache:Display: Max Cache Size: 512 MB
[2017.07.24-09.50.23:401][  0]LogDerivedDataCache: Loaded boot cache 0.05s 49MB C:/Users/i7230020.STUDENT.000/AppData/Local/UnrealEngine/4.12/DerivedDataCache/Boot.ddc.
[2017.07.24-09.50.23:401][  0]LogDerivedDataCache:Display: Loaded Boot cache: C:/Users/i7230020.STUDENT.000/AppData/Local/UnrealEngine/4.12/DerivedDataCache/Boot.ddc
[2017.07.24-09.50.23:401][  0]LogDerivedDataCache: FDerivedDataBackendGraph:  Pak pak cache file W:/University Work/Masters/MastersProject/MastersProject/Ava/DerivedDataCache/DDC.ddp not found, will not use a pak cache.
[2017.07.24-09.50.23:401][  0]LogDerivedDataCache: Unable to find inner node Pak for hierarchical cache Hierarchy.
[2017.07.24-09.50.23:401][  0]LogDerivedDataCache: FDerivedDataBackendGraph:  CompressedPak pak cache file W:/University Work/Masters/MastersProject/MastersProject/Ava/DerivedDataCache/Compressed.ddp not found, will not use a pak cache.
[2017.07.24-09.50.23:401][  0]LogDerivedDataCache: Unable to find inner node CompressedPak for hierarchical cache Hierarchy.
[2017.07.24-09.50.23:417][  0]LogDerivedDataCache:Display: Pak cache opened for reading ../../../Engine/DerivedDataCache/Compressed.ddp.
[2017.07.24-09.50.23:429][  0]LogDerivedDataCache: Using Local data cache path C:/Users/i7230020.STUDENT.000/AppData/Local/UnrealEngine/Common/DerivedDataCache: Writable
[2017.07.24-09.50.23:746][  0]LogInit: Selected Device Profile: [Windows]
[2017.07.24-09.50.23:747][  0]LogContentStreaming: Texture pool size is 0.00 MB
[2017.07.24-09.50.23:931][  0]LogMeshUtilities: No automatic mesh reduction module available
[2017.07.24-09.50.23:931][  0]LogMeshUtilities: No automatic mesh merging module available
[2017.07.24-09.50.23:931][  0]LogMeshUtilities: No distributed automatic mesh merging module available
[2017.07.24-09.50.24:194][  0]LogAssetRegistry: FAssetRegistry took 0.0206 seconds to start up
[2017.07.24-09.50.24:256][  0]LogPackageLocalizationCache: Processed 4 localized package path(s) for 2 prioritized culture(s) in 0.059014 seconds
[2017.07.24-09.50.24:259][  0]LogUObjectArray: 28739 objects as part of root set at end of initial load.
[2017.07.24-09.50.24:259][  0]LogUObjectAllocator: 5855624 out of 0 bytes used by permanent object pool.
[2017.07.24-09.50.24:259][  0]LogUObjectArray: CloseDisregardForGC: 0/0 objects in disregard for GC pool
[2017.07.24-09.50.24:266][  0]LogInit: WinSock: version 1.1 (2.2), MaxSocks=32767, MaxUdp=65467
[2017.07.24-09.50.24:445][  0]LogSlate: SlateFontCache - WITH_FREETYPE: 1, WITH_HARFBUZZ: 1
[2017.07.24-09.50.24:445][  0]LogSlate: SlateFontCache - WITH_FREETYPE: 1, WITH_HARFBUZZ: 1
[2017.07.24-09.50.25:323][  0]LogUdpMessaging: Initializing bridge on interface 0.0.0.0:0 to multicast group 230.0.0.1:6666.
[2017.07.24-09.50.25:400][  0]LogStats: FPlatformStackWalk::StackWalkAndDump -  0.012 s
[2017.07.24-09.50.25:400][  0]LogOutputDevice:Warning: === Handled error: ===

Ensure condition failed: !AttachmentRules.bWeldSimulatedBodies [File:D:\Build\++UE4+Release-4.12+Compile\Sync\Engine\Source\Runtime\Engine\Private\Components\SceneComponent.cpp] [Line: 1481]
AttachToComponent when called from a constructor cannot weld simulated bodies. Consider calling SetupAttachment directly instead.
Stack: 
UE4Editor-Core.dll
UE4Editor-Core.dll
UE4Editor-Core.dll
UE4Editor-Engine.dll
UE4Editor-Ava-3990.dll
UE4Editor-CoreUObject.dll
UE4Editor-CoreUObject.dll
UE4Editor-CoreUObject.dll
UE4Editor-CoreUObject.dll
UE4Editor-Core.dll
UE4Editor-Core.dll
UE4Editor-Projects.dll
UE4Editor-Projects.dll
UE4Editor.exe
UE4Editor.exe
UE4Editor.exe
UE4Editor.exe
UE4Editor.exe
UE4Editor.exe
kernel32.dll
ntdll.dll
ntdll.dll

[2017.07.24-09.50.25:400][  0]LogStats:                SubmitErrorReport -  0.000 s
[2017.07.24-09.50.25:832][  0]LogStats:                    SendNewReport -  0.433 s
[2017.07.24-09.50.25:832][  0]LogStats:             FDebug::EnsureFailed -  0.444 s
[2017.07.24-09.50.26:051][  0]SourceControl: Info Source control is disabled
[2017.07.24-09.50.26:055][  0]SourceControl: Info Source control is disabled
[2017.07.24-09.50.26:077][  0]SourceControl: Info Source control is disabled
[2017.07.24-09.50.26:088][  0]SourceControl: Info Source control is disabled
[2017.07.24-09.50.26:245][  0]LogHoudiniEngine: Starting the Houdini Engine module.
[2017.07.24-09.50.26:246][  0]LogHoudiniEngine: Loaded libHAPIL.dll from Registry path C:\Program Files\Side Effects Software\Houdini 15.5.632/bin
[2017.07.24-09.50.26:246][  0]LogLinker:Warning: Asset '../../../Engine/Plugins/Runtime/HoudiniEngine/Content/houdini_logo.uasset' has been saved with empty engine version. The asset will be loaded but may be incompatible.
[2017.07.24-09.50.26:248][  0]LogLinker:Warning: Asset '../../../Engine/Plugins/Runtime/HoudiniEngine/Content/houdini_default_material.uasset' has been saved with empty engine version. The asset will be loaded but may be incompatible.
[2017.07.24-09.50.26:254][  0]LogLinker:Warning: Asset '../../../Engine/Plugins/Runtime/HoudiniEngine/Content/houdini_bgeo_import.uasset' has been saved with empty engine version. The asset will be loaded but may be incompatible.
[2017.07.24-09.50.27:432][  0]LogHoudiniEngine: Successfully initialized the Houdini Engine API module.
[2017.07.24-09.50.27:583][  0]LogEngine: Initializing Engine...
[2017.07.24-09.50.27:585][  0]LogHMD: SteamVR failed to initialize.  Err: 110
[2017.07.24-09.50.27:586][  0]LogHMD: SteamVR failed to initialize.  Err: 110
[2017.07.24-09.50.27:743][  0]LogAIModule: Creating AISystem for world NewWorld
[2017.07.24-09.50.27:748][  0]LogInit: XAudio2 using 'Speakers (Realtek High Definition Audio)' : 2 channels at 48 kHz using 32 bits per sample (channel mask 0x3)
[2017.07.24-09.50.27:765][  0]LogInit: FAudioDevice initialized.
[2017.07.24-09.50.27:789][  0]LogDerivedDataCache: Saved boot cache 0.02s 49MB C:/Users/i7230020.STUDENT.000/AppData/Local/UnrealEngine/4.12/DerivedDataCache/Boot.ddc.
[2017.07.24-09.50.27:794][  0]LogInit: Texture streaming: Enabled
[2017.07.24-09.50.27:820][  0]LogInit: Transaction tracking system initialized
[2017.07.24-09.50.27:840][  0]BlueprintLog: New page: Editor Load
[2017.07.24-09.50.27:906][  0]LocalizationService: Info Localization service is disabled
[2017.07.24-09.50.27:996][  0]LogConsoleResponse:Display: 
[2017.07.24-09.50.28:127][  0]LogCook:Display: Max memory allowance for cook 8192mb
[2017.07.24-09.50.28:127][  0]LogCook:Display: Mobile HDR setting 1
[2017.07.24-09.50.28:218][  0]LogFileCache: Scanning file cache for directory 'W:/University Work/Masters/MastersProject/MastersProject/Ava/Content/' took 0.02s
[2017.07.24-09.50.28:218][  0]LogHoudiniEngineEditor: Starting the Houdini Engine Editor module.
[2017.07.24-09.50.28:259][  0]SourceControl: Info Source control is disabled
[2017.07.24-09.50.28:259][  0]Cmd: MAP LOAD FILE="W:/University Work/Masters/MastersProject/MastersProject/Ava/Content/Ava/Maps/PalaceLevel.umap" TEMPLATE=0 SHOWPROGRESS=1 FEATURELEVEL=3
[2017.07.24-09.50.28:260][  0]LightingResults: New page: Lighting Build
[2017.07.24-09.50.28:262][  0]MapCheck: New page: Map Check
[2017.07.24-09.50.28:262][  0]LightingResults: New page: Lighting Build
[2017.07.24-09.50.30:431][  0]LogMaterial: Missing cached shader map for material M_Basic_Wall, compiling. 
[2017.07.24-09.50.30:432][  0]LogMaterial:Warning: Failed to compile Material /Game/StarterContent/Materials/M_Basic_Wall.M_Basic_Wall for platform PCD3D_SM5, Default Material will be used in game.
[2017.07.24-09.50.30:432][  0]LogMaterial:Warning: 	(Node TextureSample) TextureSample> Missing input texture
[2017.07.24-09.50.30:480][  0]LogAIModule: Creating AISystem for world PalaceLevel
[2017.07.24-09.50.30:519][  0]LogEditorServer: Finished looking for orphan Actors (0.000 secs)
[2017.07.24-09.50.30:520][  0]Cmd: MAP CHECKDEP NOCLEARLOG
[2017.07.24-09.50.30:636][  0]MapCheck: Info Map check complete: 0 Error(s), 0 Warning(s), took 116.342ms to complete.
[2017.07.24-09.50.30:636][  0]LogFileHelpers: Loading map 'PalaceLevel' took 2.377
[2017.07.24-09.50.30:907][  0]LogCollectionManager: Loaded 0 collections in 0.001420 seconds
[2017.07.24-09.50.30:945][  0]LogFileCache: Scanning file cache for directory 'W:/University Work/Masters/MastersProject/MastersProject/Ava/Saved/Collections/' took 0.01s
[2017.07.24-09.50.30:945][  0]LogFileCache: Scanning file cache for directory 'W:/University Work/Masters/MastersProject/MastersProject/Ava/Content/Developers/i7230020/Collections/' took 0.01s
[2017.07.24-09.50.30:945][  0]LogFileCache: Scanning file cache for directory 'W:/University Work/Masters/MastersProject/MastersProject/Ava/Content/Collections/' took 0.01s
[2017.07.24-09.50.30:945][  0]LogCollectionManager: Rebuilt the GUID cache for 0 collections in 0.000002 seconds
[2017.07.24-09.50.30:955][  0]LogContentBrowser: Native class hierarchy populated in 0.0091 seconds. Added 2101 classes and 376 folders.
[2017.07.24-09.50.30:958][  0]LogStats: UGameplayTagsManager::ConstructGameplayTagTree: Construct from data asset -  0.000 s
[2017.07.24-09.50.30:958][  0]LogStats: UGameplayTagsManager::ConstructGameplayTagTree: GameplayTagTreeChangedEvent.Broadcast -  0.000 s
[2017.07.24-09.50.30:964][  0]LogContentBrowser: Native class hierarchy updated for 'GameplayTags' in 0.0059 seconds. Added 12 classes and 0 folders.
[2017.07.24-09.50.30:970][  0]LogContentBrowser: Native class hierarchy updated for 'WidgetCarousel' in 0.0024 seconds. Added 0 classes and 0 folders.
[2017.07.24-09.50.31:035][  0]LogContentBrowser: Native class hierarchy updated for 'AddContentDialog' in 0.0024 seconds. Added 0 classes and 0 folders.
[2017.07.24-09.50.31:040][  0]LogContentBrowser: Native class hierarchy updated for 'SceneOutliner' in 0.0023 seconds. Added 1 classes and 2 folders.
[2017.07.24-09.50.31:056][  0]LogCrashTracker: Crashtracker disabled due to settings.
[2017.07.24-09.50.31:096][  0]LogContentBrowser: Native class hierarchy updated for 'HierarchicalLODOutliner' in 0.0024 seconds. Added 1 classes and 2 folders.
[2017.07.24-09.50.31:096][  0]LogLoad: Full Startup: 15.38 seconds (BP compile: 1.19 seconds)
[2017.07.24-09.50.31:096][  0]LogExternalProfiler: Found external profiler: VSPerf
[2017.07.24-09.50.31:096][  0]LogExternalProfiler: Using external profiler: VSPerf
[2017.07.24-09.50.31:108][  0]LogOcInput: OculusInput pre-init called
[2017.07.24-09.50.31:127][  0]LogContentStreaming: Texture pool size now 1000 MB
[2017.07.24-09.50.31:268][  0]LogRenderer: Reallocating scene render targets to support 1616x600 (Frame:2).
[2017.07.24-09.50.31:354][  1]LogAssetRegistry: Asset discovery search completed in 7.1811 seconds
[2017.07.24-09.50.31:354][  1]LogCollectionManager: Rebuilt the object cache for 0 collections in 0.000001 seconds (found 0 objects)
[2017.07.24-09.50.31:354][  1]LogCollectionManager: Fixed up redirectors for 0 collections in 0.000017 seconds (updated 0 objects)
[2017.07.24-09.50.36:919][630]LogBlueprintUserMessages: Early PlayInEditor Detection: Level '/Game/Ava/Maps/PalaceLevel.PalaceLevel:PersistentLevel' has LevelScriptBlueprint '/Game/Ava/Maps/PalaceLevel.PalaceLevel:PersistentLevel.PalaceLevel' with GeneratedClass '/Game/Ava/Maps/PalaceLevel.PalaceLevel_C' with ClassGeneratedBy '/Game/Ava/Maps/PalaceLevel.PalaceLevel:PersistentLevel.PalaceLevel'
[2017.07.24-09.50.36:919][630]LogPlayLevel: PlayLevel: No blueprints needed recompiling
[2017.07.24-09.50.36:920][630]PIE: New page: PIE session: PalaceLevel (24 Jul 2017 10:50:36)
[2017.07.24-09.50.36:921][630]LogPlayLevel: Creating play world package: /Game/Ava/Maps/UEDPIE_0_PalaceLevel
[2017.07.24-09.50.36:978][630]LogPlayLevel: PIE: StaticDuplicateObject took: (0.057655s)
[2017.07.24-09.50.36:979][630]LogAIModule: Creating AISystem for world PalaceLevel
[2017.07.24-09.50.36:979][630]LogPlayLevel: PIE: World Init took: (0.000521s)
[2017.07.24-09.50.36:979][630]LogPlayLevel: PIE: Created PIE world by copying editor world from /Game/Ava/Maps/PalaceLevel.PalaceLevel to /Game/Ava/Maps/UEDPIE_0_PalaceLevel.PalaceLevel (0.058532s)
[2017.07.24-09.50.37:036][630]LogInit: XAudio2 using 'Speakers (Realtek High Definition Audio)' : 2 channels at 48 kHz using 32 bits per sample (channel mask 0x3)
[2017.07.24-09.50.37:046][630]LogInit: FAudioDevice initialized.
[2017.07.24-09.50.37:112][630]LogWorld: Game class is 'AvaGameMode'
[2017.07.24-09.50.37:146][630]LogWorld: Bringing World /Game/Ava/Maps/UEDPIE_0_PalaceLevel.PalaceLevel up for play (max tick rate 0) at 2017.07.24-10.50.37
[2017.07.24-09.50.37:149][630]LogWorld: Bringing up level for play took: 0.036527
[2017.07.24-09.50.37:156][630]LogContentBrowser: Native class hierarchy updated for 'MovieSceneCapture' in 0.0027 seconds. Added 11 classes and 0 folders.
[2017.07.24-09.50.37:163][630]LogBlueprintUserMessages: [GameUIBP_C_0] SEt UI
[2017.07.24-09.50.37:163][630]PIE: Info Play in editor start time for /Game/Ava/Maps/UEDPIE_0_PalaceLevel -0.379
[2017.07.24-09.50.37:164][630]LogBlueprintUserMessages: Late PlayInEditor Detection: Level '/Game/Ava/Maps/PalaceLevel.PalaceLevel:PersistentLevel' has LevelScriptBlueprint '/Game/Ava/Maps/PalaceLevel.PalaceLevel:PersistentLevel.PalaceLevel' with GeneratedClass '/Game/Ava/Maps/PalaceLevel.PalaceLevel_C' with ClassGeneratedBy '/Game/Ava/Maps/PalaceLevel.PalaceLevel:PersistentLevel.PalaceLevel'
[2017.07.24-09.50.38:235][753]LogBlueprintUserMessages: Early EndPlayMap Detection: Level '/Game/Ava/Maps/PalaceLevel.PalaceLevel:PersistentLevel' has LevelScriptBlueprint '/Game/Ava/Maps/PalaceLevel.PalaceLevel:PersistentLevel.PalaceLevel' with GeneratedClass '/Game/Ava/Maps/PalaceLevel.PalaceLevel_C' with ClassGeneratedBy '/Game/Ava/Maps/PalaceLevel.PalaceLevel:PersistentLevel.PalaceLevel'
[2017.07.24-09.50.38:268][753]LogBlueprintUserMessages: Late EndPlayMap Detection: Level '/Game/Ava/Maps/PalaceLevel.PalaceLevel:PersistentLevel' has LevelScriptBlueprint '/Game/Ava/Maps/PalaceLevel.PalaceLevel:PersistentLevel.PalaceLevel' with GeneratedClass '/Game/Ava/Maps/PalaceLevel.PalaceLevel_C' with ClassGeneratedBy '/Game/Ava/Maps/PalaceLevel.PalaceLevel:PersistentLevel.PalaceLevel'
[2017.07.24-09.50.43:521][212]Cmd: CAMERA ALIGN ACTIVEVIEWPORTONLY
[2017.07.24-09.50.59:016][682]LogEditor: Attempting to add actor of class 'OfferingPit' to level at -940.00,3575.00,345.00
[2017.07.24-09.51.00:060][804]LogEditor: Attempting to add actor of class 'OfferingPit' to level at -70.00,3740.00,90.00
[2017.07.24-09.51.32:146][662]Cmd: CAMERA ALIGN ACTIVEVIEWPORTONLY
[2017.07.24-09.51.48:806][394]LogPhysics:Warning: Initialising Body : Scale3D is (nearly) zero: Component: OfferingPit_1.StatueMesh Shape_Cylinder 
[2017.07.24-09.51.50:579][559]Cmd: TRANSACTION UNDO
[2017.07.24-09.51.50:579][559]LogEditorTransaction: Undo Set actor scale
[2017.07.24-09.51.51:168][591]Cmd: TRANSACTION UNDO
[2017.07.24-09.51.51:168][591]LogEditorTransaction: Undo Set actor scale
[2017.07.24-09.51.51:938][627]Cmd: TRANSACTION UNDO
[2017.07.24-09.51.51:938][627]LogEditorTransaction: Undo Clicking on Component (tree view)
[2017.07.24-09.51.53:522][736]LogEditorViewport: Clicking on Actor (LMB): OfferingPit (OfferingPit1)
[2017.07.24-09.52.08:104][133]Cmd: OBJ SAVEPACKAGE PACKAGE="/Game/Ava/Maps/PalaceLevel" FILE="W:/University Work/Masters/MastersProject/MastersProject/Ava/Content/Ava/Maps/PalaceLevel.umap" SILENT=true AUTOSAVING=false KEEPDIRTY=false
[2017.07.24-09.52.08:963][133]LogSavePackage: Save=830.56ms
[2017.07.24-09.52.08:963][133]LogSavePackage: Moving 'W:/University Work/Masters/MastersProject/MastersProject/Ava/Saved/PalaceLevelF5A44CFE4DC71121F32D24936863DA4B.tmp' to 'W:/University Work/Masters/MastersProject/MastersProject/Ava/Content/Ava/Maps/PalaceLevel.umap'
[2017.07.24-09.52.08:972][133]LogSavePackage:Display: Finished SavePackage W:/University Work/Masters/MastersProject/MastersProject/Ava/Content/Ava/Maps/PalaceLevel.umap
[2017.07.24-09.52.20:046][187]Cmd: CAMERA ALIGN ACTIVEVIEWPORTONLY
[2017.07.24-09.52.22:655][400]Cmd: CAMERA ALIGN ACTIVEVIEWPORTONLY
[2017.07.24-09.52.26:096][710]Cmd: CAMERA ALIGN ACTIVEVIEWPORTONLY
[2017.07.24-09.52.34:231][579]LogEditorViewport: Clicking on Actor (LMB): StatueObject (StatueObject5)
[2017.07.24-09.52.41:671][255]LogEditor: Attempting to add actor of class 'PickUpItem' to level at -120.00,1075.00,90.00
[2017.07.24-09.52.42:468][346]LogEditor: Attempting to add actor of class 'PickUpItem' to level at -310.00,2390.00,90.00
[2017.07.24-09.52.47:789][902]Cmd: CAMERA ALIGN ACTIVEVIEWPORTONLY
[2017.07.24-09.52.51:580][289]Cmd: OBJ SAVEPACKAGE PACKAGE="/Game/Ava/Maps/PalaceLevel" FILE="W:/University Work/Masters/MastersProject/MastersProject/Ava/Content/Ava/Maps/PalaceLevel.umap" SILENT=true AUTOSAVING=false KEEPDIRTY=false
[2017.07.24-09.52.52:304][289]LogSavePackage: Save=709.32ms
[2017.07.24-09.52.52:304][289]LogSavePackage: Moving 'W:/University Work/Masters/MastersProject/MastersProject/Ava/Saved/PalaceLevel725CFCFE4166378ECAABD6A3CB975D94.tmp' to 'W:/University Work/Masters/MastersProject/MastersProject/Ava/Content/Ava/Maps/PalaceLevel.umap'
[2017.07.24-09.52.52:313][289]LogSavePackage:Display: Finished SavePackage W:/University Work/Masters/MastersProject/MastersProject/Ava/Content/Ava/Maps/PalaceLevel.umap
[2017.07.24-09.52.52:898][326]LogBlueprintUserMessages: Early PlayInEditor Detection: Level '/Game/Ava/Maps/PalaceLevel.PalaceLevel:PersistentLevel' has LevelScriptBlueprint '/Game/Ava/Maps/PalaceLevel.PalaceLevel:PersistentLevel.PalaceLevel' with GeneratedClass '/Game/Ava/Maps/PalaceLevel.PalaceLevel_C' with ClassGeneratedBy '/Game/Ava/Maps/PalaceLevel.PalaceLevel:PersistentLevel.PalaceLevel'
[2017.07.24-09.52.52:898][326]LogPlayLevel: PlayLevel: No blueprints needed recompiling
[2017.07.24-09.52.52:898][326]PIE: New page: PIE session: PalaceLevel (24 Jul 2017 10:52:52)
[2017.07.24-09.52.52:898][326]LogPlayLevel: Creating play world package: /Game/Ava/Maps/UEDPIE_0_PalaceLevel
[2017.07.24-09.52.52:961][326]LogPlayLevel: PIE: StaticDuplicateObject took: (0.063118s)
[2017.07.24-09.52.52:962][326]LogAIModule: Creating AISystem for world PalaceLevel
[2017.07.24-09.52.52:962][326]LogPlayLevel: PIE: World Init took: (0.000645s)
[2017.07.24-09.52.52:962][326]LogPlayLevel: PIE: Created PIE world by copying editor world from /Game/Ava/Maps/PalaceLevel.PalaceLevel to /Game/Ava/Maps/UEDPIE_0_PalaceLevel.PalaceLevel (0.064085s)
[2017.07.24-09.52.52:974][326]LogInit: XAudio2 using 'Speakers (Realtek High Definition Audio)' : 2 channels at 48 kHz using 32 bits per sample (channel mask 0x3)
[2017.07.24-09.52.52:981][326]LogInit: FAudioDevice initialized.
[2017.07.24-09.52.53:029][326]LogWorld: Game class is 'AvaGameMode'
[2017.07.24-09.52.53:063][326]LogWorld: Bringing World /Game/Ava/Maps/UEDPIE_0_PalaceLevel.PalaceLevel up for play (max tick rate 0) at 2017.07.24-10.52.53
[2017.07.24-09.52.53:067][326]LogWorld: Bringing up level for play took: 0.036598
[2017.07.24-09.52.53:071][326]LogBlueprintUserMessages: [GameUIBP_C_1] SEt UI
[2017.07.24-09.52.53:072][326]PIE: Info Play in editor start time for /Game/Ava/Maps/UEDPIE_0_PalaceLevel -0.463
[2017.07.24-09.52.53:072][326]LogBlueprintUserMessages: Late PlayInEditor Detection: Level '/Game/Ava/Maps/PalaceLevel.PalaceLevel:PersistentLevel' has LevelScriptBlueprint '/Game/Ava/Maps/PalaceLevel.PalaceLevel:PersistentLevel.PalaceLevel' with GeneratedClass '/Game/Ava/Maps/PalaceLevel.PalaceLevel_C' with ClassGeneratedBy '/Game/Ava/Maps/PalaceLevel.PalaceLevel:PersistentLevel.PalaceLevel'
[2017.07.24-09.53.06:159][886]LogBlueprintUserMessages: Early EndPlayMap Detection: Level '/Game/Ava/Maps/PalaceLevel.PalaceLevel:PersistentLevel' has LevelScriptBlueprint '/Game/Ava/Maps/PalaceLevel.PalaceLevel:PersistentLevel.PalaceLevel' with GeneratedClass '/Game/Ava/Maps/PalaceLevel.PalaceLevel_C' with ClassGeneratedBy '/Game/Ava/Maps/PalaceLevel.PalaceLevel:PersistentLevel.PalaceLevel'
[2017.07.24-09.53.06:211][886]LogBlueprintUserMessages: Late EndPlayMap Detection: Level '/Game/Ava/Maps/PalaceLevel.PalaceLevel:PersistentLevel' has LevelScriptBlueprint '/Game/Ava/Maps/PalaceLevel.PalaceLevel:PersistentLevel.PalaceLevel' with GeneratedClass '/Game/Ava/Maps/PalaceLevel.PalaceLevel_C' with ClassGeneratedBy '/Game/Ava/Maps/PalaceLevel.PalaceLevel:PersistentLevel.PalaceLevel'
[2017.07.24-09.53.07:674][985]LogBlueprintUserMessages: Early PlayInEditor Detection: Level '/Game/Ava/Maps/PalaceLevel.PalaceLevel:PersistentLevel' has LevelScriptBlueprint '/Game/Ava/Maps/PalaceLevel.PalaceLevel:PersistentLevel.PalaceLevel' with GeneratedClass '/Game/Ava/Maps/PalaceLevel.PalaceLevel_C' with ClassGeneratedBy '/Game/Ava/Maps/PalaceLevel.PalaceLevel:PersistentLevel.PalaceLevel'
[2017.07.24-09.53.07:674][985]LogPlayLevel: PlayLevel: No blueprints needed recompiling
[2017.07.24-09.53.07:674][985]PIE: New page: PIE session: PalaceLevel (24 Jul 2017 10:53:07)
[2017.07.24-09.53.07:674][985]LogPlayLevel: Creating play world package: /Game/Ava/Maps/UEDPIE_0_PalaceLevel
[2017.07.24-09.53.07:731][985]LogPlayLevel: PIE: StaticDuplicateObject took: (0.057223s)
[2017.07.24-09.53.07:732][985]LogAIModule: Creating AISystem for world PalaceLevel
[2017.07.24-09.53.07:732][985]LogPlayLevel: PIE: World Init took: (0.000704s)
[2017.07.24-09.53.07:732][985]LogPlayLevel: PIE: Created PIE world by copying editor world from /Game/Ava/Maps/PalaceLevel.PalaceLevel to /Game/Ava/Maps/UEDPIE_0_PalaceLevel.PalaceLevel (0.058343s)
[2017.07.24-09.53.07:746][985]LogInit: XAudio2 using 'Speakers (Realtek High Definition Audio)' : 2 channels at 48 kHz using 32 bits per sample (channel mask 0x3)
[2017.07.24-09.53.07:757][985]LogInit: FAudioDevice initialized.
[2017.07.24-09.53.07:808][985]LogWorld: Game class is 'AvaGameMode'
[2017.07.24-09.53.07:837][985]LogWorld: Bringing World /Game/Ava/Maps/UEDPIE_0_PalaceLevel.PalaceLevel up for play (max tick rate 0) at 2017.07.24-10.53.07
[2017.07.24-09.53.07:840][985]LogWorld: Bringing up level for play took: 0.031579
[2017.07.24-09.53.07:842][985]LogBlueprintUserMessages: [GameUIBP_C_2] SEt UI
[2017.07.24-09.53.07:843][985]PIE: Info Play in editor start time for /Game/Ava/Maps/UEDPIE_0_PalaceLevel 0.308
[2017.07.24-09.53.07:843][985]LogBlueprintUserMessages: Late PlayInEditor Detection: Level '/Game/Ava/Maps/PalaceLevel.PalaceLevel:PersistentLevel' has LevelScriptBlueprint '/Game/Ava/Maps/PalaceLevel.PalaceLevel:PersistentLevel.PalaceLevel' with GeneratedClass '/Game/Ava/Maps/PalaceLevel.PalaceLevel_C' with ClassGeneratedBy '/Game/Ava/Maps/PalaceLevel.PalaceLevel:PersistentLevel.PalaceLevel'
[2017.07.24-09.53.14:467][769]LogTexture:Display: Building textures: bracelet (AutoDXT)
[2017.07.24-09.53.16:064][954]LogTexture:Display: Building textures: Scroll1Hovered (AutoDXT)
[2017.07.24-09.53.49:106][888]LogBlueprintUserMessages: Early EndPlayMap Detection: Level '/Game/Ava/Maps/PalaceLevel.PalaceLevel:PersistentLevel' has LevelScriptBlueprint '/Game/Ava/Maps/PalaceLevel.PalaceLevel:PersistentLevel.PalaceLevel' with GeneratedClass '/Game/Ava/Maps/PalaceLevel.PalaceLevel_C' with ClassGeneratedBy '/Game/Ava/Maps/PalaceLevel.PalaceLevel:PersistentLevel.PalaceLevel'
[2017.07.24-09.53.49:156][888]LogBlueprintUserMessages: Late EndPlayMap Detection: Level '/Game/Ava/Maps/PalaceLevel.PalaceLevel:PersistentLevel' has LevelScriptBlueprint '/Game/Ava/Maps/PalaceLevel.PalaceLevel:PersistentLevel.PalaceLevel' with GeneratedClass '/Game/Ava/Maps/PalaceLevel.PalaceLevel_C' with ClassGeneratedBy '/Game/Ava/Maps/PalaceLevel.PalaceLevel:PersistentLevel.PalaceLevel'
[2017.07.24-09.55.54:254][342]LogHotReload: New module detected: UE4Editor-Ava-8484.dll
[2017.07.24-09.55.56:943][351]LogHotReload: Starting Hot-Reload from IDE
[2017.07.24-09.55.57:016][351]LogClass: ItemDataVariables HotReload.
[2017.07.24-09.55.57:016][351]LogClass: Item HotReload.
[2017.07.24-09.55.57:017][351]LogHotReload: Re-instancing Antelope after hot-reload.
[2017.07.24-09.55.57:066][351]LogHotReload: Re-instancing Door after hot-reload.
[2017.07.24-09.55.57:066][351]LogUObjectGlobals:Warning: Guid referenced by BoxComponent /Game/Ava/Maps/PalaceLevel.PalaceLevel:PersistentLevel.Door3.BoxCollision is already used by BoxComponent /Game/Ava/Maps/PalaceLevel.PalaceLevel:PersistentLevel.Door_2.BoxCollision, which should never happen in the editor but could happen at runtime with duplicate level loading or PIE
[2017.07.24-09.55.57:066][351]LogUObjectGlobals:Warning: Guid referenced by StaticMeshComponent /Game/Ava/Maps/PalaceLevel.PalaceLevel:PersistentLevel.Door3.DoorMesh is already used by StaticMeshComponent /Game/Ava/Maps/PalaceLevel.PalaceLevel:PersistentLevel.Door_2.DoorMesh, which should never happen in the editor but could happen at runtime with duplicate level loading or PIE
[2017.07.24-09.55.57:067][351]LogUObjectGlobals:Warning: Guid referenced by TimelineComponent /Game/Ava/Maps/PalaceLevel.PalaceLevel:PersistentLevel.Door3.TimelineScore is already used by TimelineComponent /Game/Ava/Maps/PalaceLevel.PalaceLevel:PersistentLevel.Door_2.TimelineScore, which should never happen in the editor but could happen at runtime with duplicate level loading or PIE
[2017.07.24-09.55.57:067][351]LogUObjectGlobals:Warning: Guid referenced by BoxComponent /Game/Ava/Maps/PalaceLevel.PalaceLevel:PersistentLevel.Door4.BoxCollision is already used by BoxComponent /Game/Ava/Maps/PalaceLevel.PalaceLevel:PersistentLevel.Door_3.BoxCollision, which should never happen in the editor but could happen at runtime with duplicate level loading or PIE
[2017.07.24-09.55.57:067][351]LogUObjectGlobals:Warning: Guid referenced by StaticMeshComponent /Game/Ava/Maps/PalaceLevel.PalaceLevel:PersistentLevel.Door4.DoorMesh is already used by StaticMeshComponent /Game/Ava/Maps/PalaceLevel.PalaceLevel:PersistentLevel.Door_3.DoorMesh, which should never happen in the editor but could happen at runtime with duplicate level loading or PIE
[2017.07.24-09.55.57:067][351]LogUObjectGlobals:Warning: Guid referenced by TimelineComponent /Game/Ava/Maps/PalaceLevel.PalaceLevel:PersistentLevel.Door4.TimelineScore is already used by TimelineComponent /Game/Ava/Maps/PalaceLevel.PalaceLevel:PersistentLevel.Door_3.TimelineScore, which should never happen in the editor but could happen at runtime with duplicate level loading or PIE
[2017.07.24-09.55.57:287][351]LogHotReload: Re-instancing PushPullItem after hot-reload.
[2017.07.24-09.55.57:561][351]LogHotReload: Re-instancing PickUpItem after hot-reload.
[2017.07.24-09.55.57:564][351]LogUObjectGlobals:Warning: Guid referenced by BoxComponent /Game/Ava/Maps/PalaceLevel.PalaceLevel:PersistentLevel.PickUpItem_2.BoxCollision is already used by BoxComponent /Game/Ava/Maps/PalaceLevel.PalaceLevel:PersistentLevel.PickUpItem_9.BoxCollision, which should never happen in the editor but could happen at runtime with duplicate level loading or PIE
[2017.07.24-09.55.57:564][351]LogUObjectGlobals:Warning: Guid referenced by StaticMeshComponent /Game/Ava/Maps/PalaceLevel.PalaceLevel:PersistentLevel.PickUpItem_2.DoorMesh is already used by StaticMeshComponent /Game/Ava/Maps/PalaceLevel.PalaceLevel:PersistentLevel.PickUpItem_9.DoorMesh, which should never happen in the editor but could happen at runtime with duplicate level loading or PIE
[2017.07.24-09.55.57:901][351]LogHotReload: Re-instancing MainCharacter after hot-reload.
[2017.07.24-09.55.57:963][351]LogUObjectGlobals:Warning: Guid referenced by CapsuleComponent /Game/Ava/Maps/PalaceLevel.PalaceLevel:PersistentLevel.MyMainCharacterBP_3.CollisionCylinder is already used by CapsuleComponent /Game/Ava/Maps/PalaceLevel.PalaceLevel:PersistentLevel.REINST_MyMainCharacterBP_C_0.CollisionCylinder, which should never happen in the editor but could happen at runtime with duplicate level loading or PIE
[2017.07.24-09.55.57:963][351]LogUObjectGlobals:Warning: Guid referenced by ArrowComponent /Game/Ava/Maps/PalaceLevel.PalaceLevel:PersistentLevel.MyMainCharacterBP_3.Arrow is already used by ArrowComponent /Game/Ava/Maps/PalaceLevel.PalaceLevel:PersistentLevel.REINST_MyMainCharacterBP_C_0.Arrow, which should never happen in the editor but could happen at runtime with duplicate level loading or PIE
[2017.07.24-09.55.57:963][351]LogUObjectGlobals:Warning: Guid referenced by CharacterMovementComponent /Game/Ava/Maps/PalaceLevel.PalaceLevel:PersistentLevel.MyMainCharacterBP_3.CharMoveComp is already used by CharacterMovementComponent /Game/Ava/Maps/PalaceLevel.PalaceLevel:PersistentLevel.REINST_MyMainCharacterBP_C_0.CharMoveComp, which should never happen in the editor but could happen at runtime with duplicate level loading or PIE
[2017.07.24-09.55.57:963][351]LogUObjectGlobals:Warning: Guid referenced by SkeletalMeshComponent /Game/Ava/Maps/PalaceLevel.PalaceLevel:PersistentLevel.MyMainCharacterBP_3.CharacterMesh0 is already used by SkeletalMeshComponent /Game/Ava/Maps/PalaceLevel.PalaceLevel:PersistentLevel.REINST_MyMainCharacterBP_C_0.CharacterMesh0, which should never happen in the editor but could happen at runtime with duplicate level loading or PIE
[2017.07.24-09.55.57:963][351]LogUObjectGlobals:Warning: Guid referenced by SpringArmComponent /Game/Ava/Maps/PalaceLevel.PalaceLevel:PersistentLevel.MyMainCharacterBP_3.CameraBoom is already used by SpringArmComponent /Game/Ava/Maps/PalaceLevel.PalaceLevel:PersistentLevel.REINST_MyMainCharacterBP_C_0.CameraBoom, which should never happen in the editor but could happen at runtime with duplicate level loading or PIE
[2017.07.24-09.55.57:963][351]LogUObjectGlobals:Warning: Guid referenced by CameraComponent /Game/Ava/Maps/PalaceLevel.PalaceLevel:PersistentLevel.MyMainCharacterBP_3.FollowCamera is already used by CameraComponent /Game/Ava/Maps/PalaceLevel.PalaceLevel:PersistentLevel.REINST_MyMainCharacterBP_C_0.FollowCamera, which should never happen in the editor but could happen at runtime with duplicate level loading or PIE
[2017.07.24-09.55.57:963][351]LogUObjectGlobals:Warning: Guid referenced by SphereComponent /Game/Ava/Maps/PalaceLevel.PalaceLevel:PersistentLevel.MyMainCharacterBP_3.overlappingSphere is already used by SphereComponent /Game/Ava/Maps/PalaceLevel.PalaceLevel:PersistentLevel.REINST_MyMainCharacterBP_C_0.overlappingSphere, which should never happen in the editor but could happen at runtime with duplicate level loading or PIE
[2017.07.24-09.55.57:963][351]LogUObjectGlobals:Warning: Guid referenced by TimelineComponent /Game/Ava/Maps/PalaceLevel.PalaceLevel:PersistentLevel.MyMainCharacterBP_3.TimelineRunToIdle is already used by TimelineComponent /Game/Ava/Maps/PalaceLevel.PalaceLevel:PersistentLevel.REINST_MyMainCharacterBP_C_0.TimelineRunToIdle, which should never happen in the editor but could happen at runtime with duplicate level loading or PIE
[2017.07.24-09.55.57:963][351]LogUObjectGlobals:Warning: Guid referenced by TimelineComponent /Game/Ava/Maps/PalaceLevel.PalaceLevel:PersistentLevel.MyMainCharacterBP_3.TimelineSprintToIdle is already used by TimelineComponent /Game/Ava/Maps/PalaceLevel.PalaceLevel:PersistentLevel.REINST_MyMainCharacterBP_C_0.TimelineSprintToIdle, which should never happen in the editor but could happen at runtime with duplicate level loading or PIE
[2017.07.24-09.55.58:060][351]LogHotReload: Re-instancing OfferingPit after hot-reload.
[2017.07.24-09.55.58:060][351]LogUObjectGlobals:Warning: Guid referenced by SphereComponent /Game/Ava/Maps/PalaceLevel.PalaceLevel:PersistentLevel.OfferingPit_1.overlappingSphere is already used by SphereComponent /Game/Ava/Maps/PalaceLevel.PalaceLevel:PersistentLevel.OfferingPit_2.overlappingSphere, which should never happen in the editor but could happen at runtime with duplicate level loading or PIE
[2017.07.24-09.55.58:060][351]LogUObjectGlobals:Warning: Guid referenced by StaticMeshComponent /Game/Ava/Maps/PalaceLevel.PalaceLevel:PersistentLevel.OfferingPit_1.StatueMesh is already used by StaticMeshComponent /Game/Ava/Maps/PalaceLevel.PalaceLevel:PersistentLevel.OfferingPit_2.StatueMesh, which should never happen in the editor but could happen at runtime with duplicate level loading or PIE
[2017.07.24-09.55.58:152][351]LogHotReload: Re-instancing OfferingStatue after hot-reload.
[2017.07.24-09.55.58:306][351]LogHotReload: Re-instancing StatueObject after hot-reload.
[2017.07.24-09.55.58:307][351]LogUObjectGlobals:Warning: Guid referenced by StaticMeshComponent /Game/Ava/Maps/PalaceLevel.PalaceLevel:PersistentLevel.StatueObject4.PickupMesh is already used by StaticMeshComponent /Game/Ava/Maps/PalaceLevel.PalaceLevel:PersistentLevel.StatueObject_2.PickupMesh, which should never happen in the editor but could happen at runtime with duplicate level loading or PIE
[2017.07.24-09.55.58:307][351]LogUObjectGlobals:Warning: Guid referenced by StaticMeshComponent /Game/Ava/Maps/PalaceLevel.PalaceLevel:PersistentLevel.StatueObject5.PickupMesh is already used by StaticMeshComponent /Game/Ava/Maps/PalaceLevel.PalaceLevel:PersistentLevel.StatueObject_3.PickupMesh, which should never happen in the editor but could happen at runtime with duplicate level loading or PIE
[2017.07.24-09.55.58:501][351]LogHotReload: Re-instancing BluePuzzle after hot-reload.
[2017.07.24-09.55.58:591][351]LogHotReload: Re-instancing GreenPuzzle after hot-reload.
[2017.07.24-09.55.58:667][351]LogHotReload: Re-instancing RedPuzzle after hot-reload.
[2017.07.24-09.55.58:667][351]LogUObjectGlobals:Warning: Guid referenced by BoxComponent /Game/Ava/Maps/PalaceLevel.PalaceLevel:PersistentLevel.RedPuzzle_1.BoxCollision is already used by BoxComponent /Game/Ava/Maps/PalaceLevel.PalaceLevel:PersistentLevel.RedPuzzle_0.BoxCollision, which should never happen in the editor but could happen at runtime with duplicate level loading or PIE
[2017.07.24-09.55.58:754][351]LogHotReload: Re-instancing WhitePuzzle after hot-reload.
[2017.07.24-09.55.58:847][351]LogContentBrowser: Native class hierarchy updated for 'Ava' in 0.0027 seconds. Added 23 classes and 2 folders.
[2017.07.24-09.55.58:849][351]Warning: HotReload successful (14 functions remapped  0 scriptstructs remapped)
[2017.07.24-09.55.58:954][351]LogContentBrowser: Native class hierarchy populated in 0.0096 seconds. Added 2103 classes and 380 folders.
[2017.07.24-09.55.58:959][351]Warning: HotReload took  2.0s.
[2017.07.24-09.56.02:787][417]LogBlueprintUserMessages: Early PlayInEditor Detection: Level '/Game/Ava/Maps/PalaceLevel.PalaceLevel:PersistentLevel' has LevelScriptBlueprint '/Game/Ava/Maps/PalaceLevel.PalaceLevel:PersistentLevel.PalaceLevel' with GeneratedClass '/Game/Ava/Maps/PalaceLevel.PalaceLevel_C' with ClassGeneratedBy '/Game/Ava/Maps/PalaceLevel.PalaceLevel:PersistentLevel.PalaceLevel'
[2017.07.24-09.56.02:787][417]LogPlayLevel: PlayLevel: No blueprints needed recompiling
[2017.07.24-09.56.02:787][417]PIE: New page: PIE session: PalaceLevel (24 Jul 2017 10:56:02)
[2017.07.24-09.56.02:787][417]LogPlayLevel: Creating play world package: /Game/Ava/Maps/UEDPIE_0_PalaceLevel
[2017.07.24-09.56.02:848][417]LogPlayLevel: PIE: StaticDuplicateObject took: (0.060888s)
[2017.07.24-09.56.02:849][417]LogAIModule: Creating AISystem for world PalaceLevel
[2017.07.24-09.56.02:849][417]LogPlayLevel: PIE: World Init took: (0.000657s)
[2017.07.24-09.56.02:849][417]LogPlayLevel: PIE: Created PIE world by copying editor world from /Game/Ava/Maps/PalaceLevel.PalaceLevel to /Game/Ava/Maps/UEDPIE_0_PalaceLevel.PalaceLevel (0.061868s)
[2017.07.24-09.56.02:861][417]LogInit: XAudio2 using 'Speakers (Realtek High Definition Audio)' : 2 channels at 48 kHz using 32 bits per sample (channel mask 0x3)
[2017.07.24-09.56.02:868][417]LogInit: FAudioDevice initialized.
[2017.07.24-09.56.02:918][417]LogWorld: Game class is 'AvaGameMode'
[2017.07.24-09.56.02:948][417]LogWorld: Bringing World /Game/Ava/Maps/UEDPIE_0_PalaceLevel.PalaceLevel up for play (max tick rate 0) at 2017.07.24-10.56.02
[2017.07.24-09.56.02:951][417]LogWorld: Bringing up level for play took: 0.031810
[2017.07.24-09.56.02:953][417]LogBlueprintUserMessages: [GameUIBP_C_29] SEt UI
[2017.07.24-09.56.02:953][417]PIE: Info Play in editor start time for /Game/Ava/Maps/UEDPIE_0_PalaceLevel -0.572
[2017.07.24-09.56.02:954][417]LogBlueprintUserMessages: Late PlayInEditor Detection: Level '/Game/Ava/Maps/PalaceLevel.PalaceLevel:PersistentLevel' has LevelScriptBlueprint '/Game/Ava/Maps/PalaceLevel.PalaceLevel:PersistentLevel.PalaceLevel' with GeneratedClass '/Game/Ava/Maps/PalaceLevel.PalaceLevel_C' with ClassGeneratedBy '/Game/Ava/Maps/PalaceLevel.PalaceLevel:PersistentLevel.PalaceLevel'
[2017.07.24-09.56.31:887][852]LogBlueprintUserMessages: Early EndPlayMap Detection: Level '/Game/Ava/Maps/PalaceLevel.PalaceLevel:PersistentLevel' has LevelScriptBlueprint '/Game/Ava/Maps/PalaceLevel.PalaceLevel:PersistentLevel.PalaceLevel' with GeneratedClass '/Game/Ava/Maps/PalaceLevel.PalaceLevel_C' with ClassGeneratedBy '/Game/Ava/Maps/PalaceLevel.PalaceLevel:PersistentLevel.PalaceLevel'
[2017.07.24-09.56.31:939][852]LogBlueprintUserMessages: Late EndPlayMap Detection: Level '/Game/Ava/Maps/PalaceLevel.PalaceLevel:PersistentLevel' has LevelScriptBlueprint '/Game/Ava/Maps/PalaceLevel.PalaceLevel:PersistentLevel.PalaceLevel' with GeneratedClass '/Game/Ava/Maps/PalaceLevel.PalaceLevel_C' with ClassGeneratedBy '/Game/Ava/Maps/PalaceLevel.PalaceLevel:PersistentLevel.PalaceLevel'
[2017.07.24-09.57.38:875][363]LogHotReload: New module detected: UE4Editor-Ava-7455.dll
[2017.07.24-09.57.41:895][373]LogHotReload: Starting Hot-Reload from IDE
[2017.07.24-09.57.41:935][373]LogClass: ItemDataVariables HotReload.
[2017.07.24-09.57.41:935][373]LogClass: Item HotReload.
[2017.07.24-09.57.41:936][373]LogHotReload: Re-instancing Antelope after hot-reload.
[2017.07.24-09.57.41:975][373]LogHotReload: Re-instancing Door after hot-reload.
[2017.07.24-09.57.42:164][373]LogHotReload: Re-instancing PushPullItem after hot-reload.
[2017.07.24-09.57.42:398][373]LogHotReload: Re-instancing PickUpItem after hot-reload.
[2017.07.24-09.57.42:702][373]LogHotReload: Re-instancing MainCharacter after hot-reload.
[2017.07.24-09.57.42:847][373]LogHotReload: Re-instancing OfferingPit after hot-reload.
[2017.07.24-09.57.42:926][373]LogHotReload: Re-instancing OfferingStatue after hot-reload.
[2017.07.24-09.57.43:092][373]LogHotReload: Re-instancing StatueObject after hot-reload.
[2017.07.24-09.57.43:286][373]LogHotReload: Re-instancing BluePuzzle after hot-reload.
[2017.07.24-09.57.43:357][373]LogHotReload: Re-instancing GreenPuzzle after hot-reload.
[2017.07.24-09.57.43:439][373]LogHotReload: Re-instancing RedPuzzle after hot-reload.
[2017.07.24-09.57.43:518][373]LogHotReload: Re-instancing WhitePuzzle after hot-reload.
[2017.07.24-09.57.43:590][373]LogContentBrowser: Native class hierarchy updated for 'Ava' in 0.0026 seconds. Added 23 classes and 2 folders.
[2017.07.24-09.57.43:592][373]Warning: HotReload successful (14 functions remapped  0 scriptstructs remapped)
[2017.07.24-09.57.43:657][373]LogContentBrowser: Native class hierarchy populated in 0.0096 seconds. Added 2103 classes and 380 folders.
[2017.07.24-09.57.43:660][373]Warning: HotReload took  1.8s.
[2017.07.24-09.57.45:935][404]LogBlueprintUserMessages: Early PlayInEditor Detection: Level '/Game/Ava/Maps/PalaceLevel.PalaceLevel:PersistentLevel' has LevelScriptBlueprint '/Game/Ava/Maps/PalaceLevel.PalaceLevel:PersistentLevel.PalaceLevel' with GeneratedClass '/Game/Ava/Maps/PalaceLevel.PalaceLevel_C' with ClassGeneratedBy '/Game/Ava/Maps/PalaceLevel.PalaceLevel:PersistentLevel.PalaceLevel'
[2017.07.24-09.57.45:935][404]LogPlayLevel: PlayLevel: No blueprints needed recompiling
[2017.07.24-09.57.45:935][404]PIE: New page: PIE session: PalaceLevel (24 Jul 2017 10:57:45)
[2017.07.24-09.57.45:935][404]LogPlayLevel: Creating play world package: /Game/Ava/Maps/UEDPIE_0_PalaceLevel
[2017.07.24-09.57.46:005][404]LogPlayLevel: PIE: StaticDuplicateObject took: (0.070102s)
[2017.07.24-09.57.46:006][404]LogAIModule: Creating AISystem for world PalaceLevel
[2017.07.24-09.57.46:006][404]LogPlayLevel: PIE: World Init took: (0.000947s)
[2017.07.24-09.57.46:007][404]LogPlayLevel: PIE: Created PIE world by copying editor world from /Game/Ava/Maps/PalaceLevel.PalaceLevel to /Game/Ava/Maps/UEDPIE_0_PalaceLevel.PalaceLevel (0.071537s)
[2017.07.24-09.57.46:022][404]LogInit: XAudio2 using 'Speakers (Realtek High Definition Audio)' : 2 channels at 48 kHz using 32 bits per sample (channel mask 0x3)
[2017.07.24-09.57.46:030][404]LogInit: FAudioDevice initialized.
[2017.07.24-09.57.46:083][404]LogWorld: Game class is 'AvaGameMode'
[2017.07.24-09.57.46:117][404]LogWorld: Bringing World /Game/Ava/Maps/UEDPIE_0_PalaceLevel.PalaceLevel up for play (max tick rate 0) at 2017.07.24-10.57.46
[2017.07.24-09.57.46:120][404]LogWorld: Bringing up level for play took: 0.035709
[2017.07.24-09.57.46:122][404]LogBlueprintUserMessages: [GameUIBP_C_31] SEt UI
[2017.07.24-09.57.46:123][404]PIE: Info Play in editor start time for /Game/Ava/Maps/UEDPIE_0_PalaceLevel 0.602
[2017.07.24-09.57.46:123][404]LogBlueprintUserMessages: Late PlayInEditor Detection: Level '/Game/Ava/Maps/PalaceLevel.PalaceLevel:PersistentLevel' has LevelScriptBlueprint '/Game/Ava/Maps/PalaceLevel.PalaceLevel:PersistentLevel.PalaceLevel' with GeneratedClass '/Game/Ava/Maps/PalaceLevel.PalaceLevel_C' with ClassGeneratedBy '/Game/Ava/Maps/PalaceLevel.PalaceLevel:PersistentLevel.PalaceLevel'
[2017.07.24-09.58.07:618][974]LogBlueprintUserMessages: Early EndPlayMap Detection: Level '/Game/Ava/Maps/PalaceLevel.PalaceLevel:PersistentLevel' has LevelScriptBlueprint '/Game/Ava/Maps/PalaceLevel.PalaceLevel:PersistentLevel.PalaceLevel' with GeneratedClass '/Game/Ava/Maps/PalaceLevel.PalaceLevel_C' with ClassGeneratedBy '/Game/Ava/Maps/PalaceLevel.PalaceLevel:PersistentLevel.PalaceLevel'
[2017.07.24-09.58.07:665][974]LogBlueprintUserMessages: Late EndPlayMap Detection: Level '/Game/Ava/Maps/PalaceLevel.PalaceLevel:PersistentLevel' has LevelScriptBlueprint '/Game/Ava/Maps/PalaceLevel.PalaceLevel:PersistentLevel.PalaceLevel' with GeneratedClass '/Game/Ava/Maps/PalaceLevel.PalaceLevel_C' with ClassGeneratedBy '/Game/Ava/Maps/PalaceLevel.PalaceLevel:PersistentLevel.PalaceLevel'
[2017.07.24-09.58.12:025][455]Cmd: CAMERA ALIGN ACTIVEVIEWPORTONLY
[2017.07.24-09.58.15:219][826]LogEditorViewport: Clicking on Actor (LMB): RedPuzzle (RedPuzzle1)
[2017.07.24-09.58.21:213][324]Cmd: OBJ SAVEPACKAGE PACKAGE="/Game/Ava/Maps/PalaceLevel" FILE="W:/University Work/Masters/MastersProject/MastersProject/Ava/Content/Ava/Maps/PalaceLevel.umap" SILENT=true AUTOSAVING=false KEEPDIRTY=false
[2017.07.24-09.58.21:925][324]LogSavePackage: Save=684.20ms
[2017.07.24-09.58.21:925][324]LogSavePackage: Moving 'W:/University Work/Masters/MastersProject/MastersProject/Ava/Saved/PalaceLevel5BCBD30D444B5CFC731529913C2E48E2.tmp' to 'W:/University Work/Masters/MastersProject/MastersProject/Ava/Content/Ava/Maps/PalaceLevel.umap'
[2017.07.24-09.58.21:934][324]LogSavePackage:Display: Finished SavePackage W:/University Work/Masters/MastersProject/MastersProject/Ava/Content/Ava/Maps/PalaceLevel.umap
[2017.07.24-09.58.22:586][380]LogBlueprintUserMessages: Early PlayInEditor Detection: Level '/Game/Ava/Maps/PalaceLevel.PalaceLevel:PersistentLevel' has LevelScriptBlueprint '/Game/Ava/Maps/PalaceLevel.PalaceLevel:PersistentLevel.PalaceLevel' with GeneratedClass '/Game/Ava/Maps/PalaceLevel.PalaceLevel_C' with ClassGeneratedBy '/Game/Ava/Maps/PalaceLevel.PalaceLevel:PersistentLevel.PalaceLevel'
[2017.07.24-09.58.22:586][380]LogPlayLevel: PlayLevel: No blueprints needed recompiling
[2017.07.24-09.58.22:586][380]PIE: New page: PIE session: PalaceLevel (24 Jul 2017 10:58:22)
[2017.07.24-09.58.22:586][380]LogPlayLevel: Creating play world package: /Game/Ava/Maps/UEDPIE_0_PalaceLevel
[2017.07.24-09.58.22:647][380]LogPlayLevel: PIE: StaticDuplicateObject took: (0.061475s)
[2017.07.24-09.58.22:648][380]LogAIModule: Creating AISystem for world PalaceLevel
[2017.07.24-09.58.22:648][380]LogPlayLevel: PIE: World Init took: (0.000583s)
[2017.07.24-09.58.22:648][380]LogPlayLevel: PIE: Created PIE world by copying editor world from /Game/Ava/Maps/PalaceLevel.PalaceLevel to /Game/Ava/Maps/UEDPIE_0_PalaceLevel.PalaceLevel (0.062370s)
[2017.07.24-09.58.22:660][380]LogInit: XAudio2 using 'Speakers (Realtek High Definition Audio)' : 2 channels at 48 kHz using 32 bits per sample (channel mask 0x3)
[2017.07.24-09.58.22:667][380]LogInit: FAudioDevice initialized.
[2017.07.24-09.58.22:717][380]LogWorld: Game class is 'AvaGameMode'
[2017.07.24-09.58.22:747][380]LogWorld: Bringing World /Game/Ava/Maps/UEDPIE_0_PalaceLevel.PalaceLevel up for play (max tick rate 0) at 2017.07.24-10.58.22
[2017.07.24-09.58.22:750][380]LogWorld: Bringing up level for play took: 0.032482
[2017.07.24-09.58.22:753][380]LogBlueprintUserMessages: [GameUIBP_C_32] SEt UI
[2017.07.24-09.58.22:753][380]PIE: Info Play in editor start time for /Game/Ava/Maps/UEDPIE_0_PalaceLevel -0.766
[2017.07.24-09.58.22:753][380]LogBlueprintUserMessages: Late PlayInEditor Detection: Level '/Game/Ava/Maps/PalaceLevel.PalaceLevel:PersistentLevel' has LevelScriptBlueprint '/Game/Ava/Maps/PalaceLevel.PalaceLevel:PersistentLevel.PalaceLevel' with GeneratedClass '/Game/Ava/Maps/PalaceLevel.PalaceLevel_C' with ClassGeneratedBy '/Game/Ava/Maps/PalaceLevel.PalaceLevel:PersistentLevel.PalaceLevel'
[2017.07.24-09.58.40:004][441]LogBlueprintUserMessages: Early EndPlayMap Detection: Level '/Game/Ava/Maps/PalaceLevel.PalaceLevel:PersistentLevel' has LevelScriptBlueprint '/Game/Ava/Maps/PalaceLevel.PalaceLevel:PersistentLevel.PalaceLevel' with GeneratedClass '/Game/Ava/Maps/PalaceLevel.PalaceLevel_C' with ClassGeneratedBy '/Game/Ava/Maps/PalaceLevel.PalaceLevel:PersistentLevel.PalaceLevel'
[2017.07.24-09.58.40:045][441]LogBlueprintUserMessages: Late EndPlayMap Detection: Level '/Game/Ava/Maps/PalaceLevel.PalaceLevel:PersistentLevel' has LevelScriptBlueprint '/Game/Ava/Maps/PalaceLevel.PalaceLevel:PersistentLevel.PalaceLevel' with GeneratedClass '/Game/Ava/Maps/PalaceLevel.PalaceLevel_C' with ClassGeneratedBy '/Game/Ava/Maps/PalaceLevel.PalaceLevel:PersistentLevel.PalaceLevel'
[2017.07.24-09.59.29:314][651]LogHotReload: New module detected: UE4Editor-Ava-5959.dll
[2017.07.24-09.59.32:003][660]LogHotReload: Starting Hot-Reload from IDE
[2017.07.24-09.59.32:054][660]LogClass: ItemDataVariables HotReload.
[2017.07.24-09.59.32:054][660]LogClass: Item HotReload.
[2017.07.24-09.59.32:055][660]LogHotReload: Re-instancing Antelope after hot-reload.
[2017.07.24-09.59.32:092][660]LogProperty:Warning: Serialized Class /Script/Ava.Antelope for a property of Class /Script/Engine.StaticMeshComponent. Reference will be NULLed.
    Property = ObjectProperty /Script/Ava.OfferingPit:offeringPitMesh
    Item = Antelope /Script/Ava.Default__Antelope
[2017.07.24-09.59.32:092][660]LogProperty:Warning: Serialized Class /Script/Ava.Antelope for a property of Class /Script/Engine.StaticMeshComponent. Reference will be NULLed.
    Property = ObjectProperty /Script/Ava.OfferingPit:offeringPitMesh
    Item = Antelope /Script/Ava.Default__Antelope
[2017.07.24-09.59.32:095][660]LogHotReload: Re-instancing Door after hot-reload.
[2017.07.24-09.59.32:289][660]LogHotReload: Re-instancing PushPullItem after hot-reload.
[2017.07.24-09.59.32:521][660]LogHotReload: Re-instancing PickUpItem after hot-reload.
[2017.07.24-09.59.32:579][660]LogProperty:Warning: Serialized Class /Script/Ava.PickUpItem for a property of Class /Script/Engine.BoxComponent. Reference will be NULLed.
    Property = ObjectProperty /Script/Ava.Puzzle:boxCollider
    Item = PickUpItem /Script/Ava.Default__PickUpItem
[2017.07.24-09.59.32:579][660]LogProperty:Warning: Serialized Class /Script/Ava.PickUpItem for a property of Class /Script/Engine.SceneComponent. Reference will be NULLed.
    Property = ObjectProperty /Script/Engine.Actor:RootComponent
    Item = PickUpItem /Script/Ava.Default__PickUpItem
[2017.07.24-09.59.32:579][660]LogProperty:Warning: Serialized Class /Script/Ava.PickUpItem for a property of Class /Script/Engine.BoxComponent. Reference will be NULLed.
    Property = ObjectProperty /Script/Ava.Puzzle:boxCollider
    Item = PickUpItem /Script/Ava.Default__PickUpItem
[2017.07.24-09.59.32:579][660]LogProperty:Warning: Serialized Class /Script/Ava.PickUpItem for a property of Class /Script/Engine.SceneComponent. Reference will be NULLed.
    Property = ObjectProperty /Script/Engine.Actor:RootComponent
    Item = PickUpItem /Script/Ava.Default__PickUpItem
[2017.07.24-09.59.32:579][660]LogProperty:Warning: Serialized Class /Script/Ava.PickUpItem for a property of Class /Script/Engine.BoxComponent. Reference will be NULLed.
    Property = ObjectProperty /Script/Ava.Puzzle:boxCollider
    Item = PickUpItem /Script/Ava.Default__PickUpItem
[2017.07.24-09.59.32:579][660]LogProperty:Warning: Serialized Class /Script/Ava.PickUpItem for a property of Class /Script/Engine.SceneComponent. Reference will be NULLed.
    Property = ObjectProperty /Script/Engine.Actor:RootComponent
    Item = PickUpItem /Script/Ava.Default__PickUpItem
[2017.07.24-09.59.32:840][660]LogHotReload: Re-instancing MainCharacter after hot-reload.
[2017.07.24-09.59.32:979][660]LogHotReload: Re-instancing OfferingPit after hot-reload.
[2017.07.24-09.59.33:074][660]LogHotReload: Re-instancing OfferingStatue after hot-reload.
[2017.07.24-09.59.33:245][660]LogHotReload: Re-instancing StatueObject after hot-reload.
[2017.07.24-09.59.33:441][660]LogHotReload: Re-instancing BluePuzzle after hot-reload.
[2017.07.24-09.59.33:517][660]LogHotReload: Re-instancing GreenPuzzle after hot-reload.
[2017.07.24-09.59.33:592][660]LogHotReload: Re-instancing RedPuzzle after hot-reload.
[2017.07.24-09.59.33:686][660]LogHotReload: Re-instancing WhitePuzzle after hot-reload.
[2017.07.24-09.59.33:768][660]LogContentBrowser: Native class hierarchy updated for 'Ava' in 0.0026 seconds. Added 23 classes and 2 folders.
[2017.07.24-09.59.33:769][660]Warning: HotReload successful (14 functions remapped  0 scriptstructs remapped)
[2017.07.24-09.59.33:824][660]LogContentBrowser: Native class hierarchy populated in 0.0098 seconds. Added 2103 classes and 380 folders.
[2017.07.24-09.59.33:826][660]Warning: HotReload took  1.8s.
[2017.07.24-09.59.43:880][807]LogBlueprintUserMessages: Early PlayInEditor Detection: Level '/Game/Ava/Maps/PalaceLevel.PalaceLevel:PersistentLevel' has LevelScriptBlueprint '/Game/Ava/Maps/PalaceLevel.PalaceLevel:PersistentLevel.PalaceLevel' with GeneratedClass '/Game/Ava/Maps/PalaceLevel.PalaceLevel_C' with ClassGeneratedBy '/Game/Ava/Maps/PalaceLevel.PalaceLevel:PersistentLevel.PalaceLevel'
[2017.07.24-09.59.43:880][807]LogPlayLevel: PlayLevel: No blueprints needed recompiling
[2017.07.24-09.59.43:880][807]PIE: New page: PIE session: PalaceLevel (24 Jul 2017 10:59:43)
[2017.07.24-09.59.43:880][807]LogPlayLevel: Creating play world package: /Game/Ava/Maps/UEDPIE_0_PalaceLevel
[2017.07.24-09.59.43:910][807]LogProperty:Warning: Serialized Class /Script/Ava.EscapePoint for a property of Class /Script/Engine.SphereComponent. Reference will be NULLed.
    Property = ObjectProperty /Script/Ava.OfferingPit:overlappingSphere
    Item = EscapePoint /Script/Ava.Default__EscapePoint
[2017.07.24-09.59.43:910][807]LogProperty:Warning: Serialized Class /Script/Ava.EscapePoint for a property of Class /Script/Engine.SceneComponent. Reference will be NULLed.
    Property = ObjectProperty /Script/Engine.Actor:RootComponent
    Item = EscapePoint /Script/Ava.Default__EscapePoint
[2017.07.24-09.59.43:910][807]LogProperty:Warning: Serialized Class /Script/Ava.EscapePoint for a property of Class /Script/Engine.SceneComponent. Reference will be NULLed.
    Property = ObjectProperty /Script/Engine.SceneComponent:AttachParent
    Item = EscapePoint /Script/Ava.Default__EscapePoint
[2017.07.24-09.59.43:939][807]LogPlayLevel: PIE: StaticDuplicateObject took: (0.058986s)
[2017.07.24-09.59.43:940][807]LogAIModule: Creating AISystem for world PalaceLevel
[2017.07.24-09.59.43:940][807]LogPlayLevel: PIE: World Init took: (0.000664s)
[2017.07.24-09.59.43:940][807]LogPlayLevel: PIE: Created PIE world by copying editor world from /Game/Ava/Maps/PalaceLevel.PalaceLevel to /Game/Ava/Maps/UEDPIE_0_PalaceLevel.PalaceLevel (0.059978s)
[2017.07.24-09.59.43:952][807]LogInit: XAudio2 using 'Speakers (Realtek High Definition Audio)' : 2 channels at 48 kHz using 32 bits per sample (channel mask 0x3)
[2017.07.24-09.59.43:959][807]LogInit: FAudioDevice initialized.
[2017.07.24-09.59.44:009][807]LogWorld: Game class is 'AvaGameMode'
[2017.07.24-09.59.44:039][807]LogWorld: Bringing World /Game/Ava/Maps/UEDPIE_0_PalaceLevel.PalaceLevel up for play (max tick rate 0) at 2017.07.24-10.59.44
[2017.07.24-09.59.44:042][807]LogWorld: Bringing up level for play took: 0.031651
[2017.07.24-09.59.44:044][807]LogBlueprintUserMessages: [GameUIBP_C_34] SEt UI
[2017.07.24-09.59.44:044][807]PIE: Info Play in editor start time for /Game/Ava/Maps/UEDPIE_0_PalaceLevel 0.53
[2017.07.24-09.59.44:044][807]LogBlueprintUserMessages: Late PlayInEditor Detection: Level '/Game/Ava/Maps/PalaceLevel.PalaceLevel:PersistentLevel' has LevelScriptBlueprint '/Game/Ava/Maps/PalaceLevel.PalaceLevel:PersistentLevel.PalaceLevel' with GeneratedClass '/Game/Ava/Maps/PalaceLevel.PalaceLevel_C' with ClassGeneratedBy '/Game/Ava/Maps/PalaceLevel.PalaceLevel:PersistentLevel.PalaceLevel'
[2017.07.24-09.59.44:937][807]LogCrashTracker: 


[2017.07.24-09.59.44:937][807]LogCrashTracker: 


[2017.07.24-09.59.44:937][807]LogWindows:Error: === Critical error: ===


[2017.07.24-09.59.44:956][807]LogExit: Executing StaticShutdownAfterError
[2017.07.24-09.59.44:961][807]LogWindows: FPlatformMisc::RequestExit(1)
[2017.07.24-09.59.44:961][807]Log file closed, 07/24/17 10:59:44
