Log file open, 06/23/17 09:21:01
LogInit:Display: Running engine for game: Ava
LogPlatformFile: Not using cached read wrapper
LogInit:Display: RandInit(-1551725420) SRandInit(-1551725419).
LogTaskGraph: Started task graph with 4 named threads and 9 total threads with 1 sets of task threads.
LogStats: Stats thread started at 0.102974
LogInit: Version: 4.12.5-3039270+++UE4+Release-4.12
LogInit: API Version: 2992821
LogInit: Net Version: 3039270
LogDevObjectVersion: Number of dev versions registered: 13
LogDevObjectVersion:   Dev-Blueprints (B0D832E4-1F89-4F0D-ACCF-7EB736FD4AA2): 3
LogDevObjectVersion:   Dev-Build (E1C64328-A22C-4D53-A36C-8E866417BD8C): 0
LogDevObjectVersion:   Dev-Core (375EC13C-06E4-48FB-B500-84F0262A717E): 1
LogDevObjectVersion:   Dev-Editor (E4B068ED-F494-42E9-A231-DA0B2E46BB41): 2
LogDevObjectVersion:   Dev-Framework (CFFC743F-43B0-4480-9391-14DF171D2073): 6
LogDevObjectVersion:   Dev-Mobile (B02B49B5-BB20-44E9-A304-32B752E40360): 0
LogDevObjectVersion:   Dev-Networking (A4E4105C-59A1-49B5-A7C5-40C4547EDFEE): 0
LogDevObjectVersion:   Dev-Online (39C831C9-5AE6-47DC-9A44-9C173E1C8E7C): 0
LogDevObjectVersion:   Dev-Physics (78F01B33-EBEA-4F98-B9B4-84EACCB95AA2): 0
LogDevObjectVersion:   Dev-Platform (6631380F-2D4D-43E0-8009-CF276956A95A): 0
LogDevObjectVersion:   Dev-Rendering (12F88B9F-8875-4AFC-A67C-D90C383ABD29): 2
LogDevObjectVersion:   Dev-Sequencer (7B5AE74C-D270-4C10-A958-57980B212A5A): 0
LogDevObjectVersion:   Dev-VR (D7296918-1DD6-4BDD-9DE2-64A83CC13884): 0
LogInit: Compiled (64-bit): Jul  6 2016 09:09:46
LogInit: Compiled with Visual C++: 19.00.23026.00
LogInit: Build Configuration: Development
LogInit: Branch Name: ++UE4+Release-4.12
LogInit: Command line:  
LogInit: Base directory: C:/Program Files/Epic Games/4.12/Engine/Binaries/Win64/
LogInit: Installed Engine Build: 1
LogInit: Using libcurl 7.41.0
LogInit:  - built for x86_64-pc-win32
LogInit:  - supports SSL with WinSSL
LogInit:  - other features:
LogInit:      CURL_VERSION_SSL
LogInit:      CURL_VERSION_IPV6
LogInit:      CURL_VERSION_ASYNCHDNS
LogInit:      CURL_VERSION_LARGEFILE
LogInit:      CURL_VERSION_IDN
LogInit:  CurlRequestOptions (configurable via config and command line):
LogInit:  - bVerifyPeer = true  - Libcurl will verify peer certificate
LogInit:  - bUseHttpProxy = false  - Libcurl will NOT use HTTP proxy
LogInit:  - bDontReuseConnections = false  - Libcurl will reuse connections
LogInit:  - CertBundlePath = nullptr  - Libcurl will use whatever was configured at build time.
LogInit: Presizing for max 8388607 objects, including 0 objects not considered by GC, pre-allocating 0 bytes for permanent pool.
LogInit: Object subsystem initialized
[2017.06.23-08.21.01:422][  0]LogInit: Selected Device Profile: [Windows]
[2017.06.23-08.21.01:422][  0]LogInit: Applying CVar settings loaded from the selected device profile: [Windows]
[2017.06.23-08.21.01:440][  0]LogInit: Computer: PC42640
[2017.06.23-08.21.01:440][  0]LogInit: User: i7230020
[2017.06.23-08.21.01:440][  0]LogInit: CPU Page size=65536, Cores=6
[2017.06.23-08.21.01:440][  0]LogInit: High frequency timer resolution =3.410136 MHz
[2017.06.23-08.21.01:440][  0]LogMemory: Memory total: Physical=31.9GB (32GB approx)
[2017.06.23-08.21.01:440][  0]LogMemory: Platform Memory Stats for Windows
[2017.06.23-08.21.01:440][  0]LogMemory: Process Physical Memory: 195.50 MB used, 195.50 MB peak
[2017.06.23-08.21.01:440][  0]LogMemory: Process Virtual Memory: 198.94 MB used, 198.94 MB peak
[2017.06.23-08.21.01:440][  0]LogMemory: Physical Memory: 13716.12 MB used, 32684.15 MB total
[2017.06.23-08.21.01:440][  0]LogMemory: Virtual Memory: 538.89 MB used, 8388608.00 MB total
[2017.06.23-08.21.01:501][  0]LogTextLocalizationManager: No specific translations for ('en-GB') exist, so ('en') translations will be used.
[2017.06.23-08.21.01:874][  0]LogD3D11RHI: D3D11 adapters:
[2017.06.23-08.21.01:896][  0]LogD3D11RHI:    0. 'NVIDIA Quadro M4000' (Feature Level 11_0)
[2017.06.23-08.21.01:896][  0]LogD3D11RHI:       8092/0/16086 MB DedicatedVideo/DedicatedSystem/SharedSystem, Outputs:1, VendorId:0x10de
[2017.06.23-08.21.01:896][  0]LogD3D11RHI: Chosen D3D11 Adapter: 0
[2017.06.23-08.21.01:904][  0]LogD3D11RHI: Creating new Direct3DDevice
[2017.06.23-08.21.01:904][  0]LogD3D11RHI:     GPU DeviceId: 0x13f1 (for the marketing name, search the web for "GPU Device Id")
[2017.06.23-08.21.01:904][  0]LogWindows: EnumDisplayDevices:
[2017.06.23-08.21.01:904][  0]LogWindows:    0. 'NVIDIA Quadro M4000' (P:1 D:1)
[2017.06.23-08.21.01:905][  0]LogWindows:    1. 'NVIDIA Quadro M4000' (P:0 D:0)
[2017.06.23-08.21.01:906][  0]LogWindows:    2. 'NVIDIA Quadro M4000' (P:0 D:0)
[2017.06.23-08.21.01:907][  0]LogWindows:    3. 'NVIDIA Quadro M4000' (P:0 D:0)
[2017.06.23-08.21.01:907][  0]LogWindows:    4. 'RDPDD Chained DD' (P:0 D:0)
[2017.06.23-08.21.01:908][  0]LogWindows:    5. 'RDP Encoder Mirror Driver' (P:0 D:0)
[2017.06.23-08.21.01:909][  0]LogWindows:    6. 'RDP Reflector Display Driver' (P:0 D:0)
[2017.06.23-08.21.01:909][  0]LogWindows: DebugString: GetVideoDriverDetailsInvalid PrimaryIsNotTheChoosenAdapter GetVideoDriverDetailsInvalid PrimaryIsNotTheChoosenAdapter GetVideoDriverDetailsInvalid PrimaryIsNotTheChoosenAdapter FoundDriverCount:4 
[2017.06.23-08.21.01:909][  0]LogD3D11RHI:     Adapter Name: NVIDIA Quadro M4000
[2017.06.23-08.21.01:909][  0]LogD3D11RHI:   Driver Version: 362.13 (internal:10.18.13.6213, unified:362.13)
[2017.06.23-08.21.01:909][  0]LogD3D11RHI:      Driver Date: 3-18-2016
[2017.06.23-08.21.01:909][  0]LogRHI: Texture pool is 1361 MB (70% of 1945 MB)
[2017.06.23-08.21.01:919][  0]LogD3D11RHI: Async texture creation enabled
[2017.06.23-08.21.01:933][  0]LogD3D11RHI: GPU Timing Frequency: 1000.000000 (Debug: 2 2)
[2017.06.23-08.21.01:933][  0]LogShaderCompilers: Guid format shader working directory is -28 characters bigger than the processId version (../../../../../../Users/i7230020.STUDENT.000/Documents/GitHub/MastersProject/Ava/Intermediate/Shaders/WorkingDirectory/32124/).
[2017.06.23-08.21.01:933][  0]LogShaderCompilers: Cleaned the shader compiler working directory 'C:/Users/I72300~1.000/AppData/Local/Temp/UnrealShaderWorkingDir/187D32B643138D31F63A429E6612A05C/'.
[2017.06.23-08.21.01:933][  0]LogShaderCompilers:Display: Using Local Shader Compiler.
[2017.06.23-08.21.03:044][  0]LogTemp:Display: Loaded TP AllDesktopTargetPlatform
[2017.06.23-08.21.03:058][  0]LogTemp:Display: Loaded TP WindowsClientTargetPlatform
[2017.06.23-08.21.03:068][  0]LogTemp:Display: Loaded TP WindowsNoEditorTargetPlatform
[2017.06.23-08.21.03:081][  0]LogTemp:Display: Loaded TP WindowsServerTargetPlatform
[2017.06.23-08.21.03:090][  0]LogTemp:Display: Loaded TP WindowsTargetPlatform
[2017.06.23-08.21.03:100][  0]LogTemp:Display: Loaded TP AndroidTargetPlatform
[2017.06.23-08.21.03:110][  0]LogTemp:Display: Loaded TP Android_ASTCTargetPlatform
[2017.06.23-08.21.03:122][  0]LogTemp:Display: Loaded TP Android_ATCTargetPlatform
[2017.06.23-08.21.03:134][  0]LogTemp:Display: Loaded TP Android_DXTTargetPlatform
[2017.06.23-08.21.03:142][  0]LogTemp:Display: Loaded TP Android_ETC1TargetPlatform
[2017.06.23-08.21.03:153][  0]LogTemp:Display: Loaded TP Android_ETC2TargetPlatform
[2017.06.23-08.21.03:171][  0]LogTemp:Display: Loaded TP Android_MultiTargetPlatform
[2017.06.23-08.21.03:171][  0]LogTemp:Display: Loaded TP Android_PVRTCTargetPlatform
[2017.06.23-08.21.03:173][  0]LogTemp:Display: Loaded TP HTML5TargetPlatform
[2017.06.23-08.21.03:201][  0]LogTemp:Display: Loaded TP IOSTargetPlatform
[2017.06.23-08.21.03:209][  0]LogTemp:Display: Loaded TP TVOSTargetPlatform
[2017.06.23-08.21.03:218][  0]LogTemp:Display: Loaded TP LinuxNoEditorTargetPlatform
[2017.06.23-08.21.03:230][  0]LogTemp:Display: Loaded TP LinuxServerTargetPlatform
[2017.06.23-08.21.03:243][  0]LogTemp:Display: Loaded TP LinuxTargetPlatform
[2017.06.23-08.21.03:243][  0]LogTargetPlatformManager:Display: Building Assets For Windows
[2017.06.23-08.21.03:346][  0]LogDerivedDataCache:Display: Max Cache Size: 512 MB
[2017.06.23-08.21.03:405][  0]LogDerivedDataCache: Loaded boot cache 0.06s 70MB C:/Users/i7230020.STUDENT.000/AppData/Local/UnrealEngine/4.12/DerivedDataCache/Boot.ddc.
[2017.06.23-08.21.03:405][  0]LogDerivedDataCache:Display: Loaded Boot cache: C:/Users/i7230020.STUDENT.000/AppData/Local/UnrealEngine/4.12/DerivedDataCache/Boot.ddc
[2017.06.23-08.21.03:405][  0]LogDerivedDataCache: FDerivedDataBackendGraph:  Pak pak cache file ../../../../../../Users/i7230020.STUDENT.000/Documents/GitHub/MastersProject/Ava/DerivedDataCache/DDC.ddp not found, will not use a pak cache.
[2017.06.23-08.21.03:405][  0]LogDerivedDataCache: Unable to find inner node Pak for hierarchical cache Hierarchy.
[2017.06.23-08.21.03:405][  0]LogDerivedDataCache: FDerivedDataBackendGraph:  CompressedPak pak cache file ../../../../../../Users/i7230020.STUDENT.000/Documents/GitHub/MastersProject/Ava/DerivedDataCache/Compressed.ddp not found, will not use a pak cache.
[2017.06.23-08.21.03:405][  0]LogDerivedDataCache: Unable to find inner node CompressedPak for hierarchical cache Hierarchy.
[2017.06.23-08.21.03:420][  0]LogDerivedDataCache:Display: Pak cache opened for reading ../../../Engine/DerivedDataCache/Compressed.ddp.
[2017.06.23-08.21.03:432][  0]LogDerivedDataCache: Using Local data cache path C:/Users/i7230020.STUDENT.000/AppData/Local/UnrealEngine/Common/DerivedDataCache: Writable
[2017.06.23-08.21.03:790][  0]LogInit: Selected Device Profile: [Windows]
[2017.06.23-08.21.03:791][  0]LogContentStreaming: Texture pool size is 0.00 MB
[2017.06.23-08.21.03:963][  0]LogMeshUtilities: No automatic mesh reduction module available
[2017.06.23-08.21.03:963][  0]LogMeshUtilities: No automatic mesh merging module available
[2017.06.23-08.21.03:963][  0]LogMeshUtilities: No distributed automatic mesh merging module available
[2017.06.23-08.21.04:216][  0]LogAssetRegistry: FAssetRegistry took 0.0203 seconds to start up
[2017.06.23-08.21.04:324][  0]LogPackageLocalizationCache: Processed 4 localized package path(s) for 2 prioritized culture(s) in 0.104910 seconds
[2017.06.23-08.21.04:328][  0]LogUObjectArray: 28739 objects as part of root set at end of initial load.
[2017.06.23-08.21.04:328][  0]LogUObjectAllocator: 5855632 out of 0 bytes used by permanent object pool.
[2017.06.23-08.21.04:328][  0]LogUObjectArray: CloseDisregardForGC: 0/0 objects in disregard for GC pool
[2017.06.23-08.21.04:334][  0]LogInit: WinSock: version 1.1 (2.2), MaxSocks=32767, MaxUdp=65467
[2017.06.23-08.21.04:518][  0]LogSlate: SlateFontCache - WITH_FREETYPE: 1, WITH_HARFBUZZ: 1
[2017.06.23-08.21.04:518][  0]LogSlate: SlateFontCache - WITH_FREETYPE: 1, WITH_HARFBUZZ: 1
[2017.06.23-08.21.05:385][  0]LogUdpMessaging: Initializing bridge on interface 0.0.0.0:0 to multicast group 230.0.0.1:6666.
[2017.06.23-08.21.05:656][  0]SourceControl: Info Source control is disabled
[2017.06.23-08.21.05:663][  0]SourceControl: Info Source control is disabled
[2017.06.23-08.21.05:688][  0]SourceControl: Info Source control is disabled
[2017.06.23-08.21.05:704][  0]SourceControl: Info Source control is disabled
[2017.06.23-08.21.05:877][  0]LogHoudiniEngine: Starting the Houdini Engine module.
[2017.06.23-08.21.05:878][  0]LogHoudiniEngine: Loaded libHAPIL.dll from Registry path C:\Program Files\Side Effects Software\Houdini 15.5.632/bin
[2017.06.23-08.21.05:879][  0]LogLinker:Warning: Asset '../../../Engine/Plugins/Runtime/HoudiniEngine/Content/houdini_logo.uasset' has been saved with empty engine version. The asset will be loaded but may be incompatible.
[2017.06.23-08.21.05:881][  0]LogLinker:Warning: Asset '../../../Engine/Plugins/Runtime/HoudiniEngine/Content/houdini_default_material.uasset' has been saved with empty engine version. The asset will be loaded but may be incompatible.
[2017.06.23-08.21.05:885][  0]LogLinker:Warning: Asset '../../../Engine/Plugins/Runtime/HoudiniEngine/Content/houdini_bgeo_import.uasset' has been saved with empty engine version. The asset will be loaded but may be incompatible.
[2017.06.23-08.21.06:959][  0]LogHoudiniEngine: Successfully initialized the Houdini Engine API module.
[2017.06.23-08.21.07:101][  0]LogEngine: Initializing Engine...
[2017.06.23-08.21.07:102][  0]LogHMD: SteamVR failed to initialize.  Err: 110
[2017.06.23-08.21.07:103][  0]LogHMD: SteamVR failed to initialize.  Err: 110
[2017.06.23-08.21.07:239][  0]LogAIModule: Creating AISystem for world NewWorld
[2017.06.23-08.21.07:245][  0]LogInit: XAudio2 using 'Speakers (Realtek High Definition Audio)' : 2 channels at 48 kHz using 32 bits per sample (channel mask 0x3)
[2017.06.23-08.21.07:254][  0]LogInit: FAudioDevice initialized.
[2017.06.23-08.21.07:280][  0]LogDerivedDataCache: Saved boot cache 0.03s 51MB C:/Users/i7230020.STUDENT.000/AppData/Local/UnrealEngine/4.12/DerivedDataCache/Boot.ddc.
[2017.06.23-08.21.07:286][  0]LogInit: Texture streaming: Enabled
[2017.06.23-08.21.07:307][  0]LogInit: Transaction tracking system initialized
[2017.06.23-08.21.07:327][  0]BlueprintLog: New page: Editor Load
[2017.06.23-08.21.07:397][  0]LocalizationService: Info Localization service is disabled
[2017.06.23-08.21.07:464][  0]LogConsoleResponse:Display: 
[2017.06.23-08.21.07:575][  0]LogCook:Display: Max memory allowance for cook 8192mb
[2017.06.23-08.21.07:575][  0]LogCook:Display: Mobile HDR setting 1
[2017.06.23-08.21.07:681][  0]LogFileCache: Scanning file cache for directory 'C:/Users/i7230020.STUDENT.000/Documents/GitHub/MastersProject/Ava/Content/' took 0.02s
[2017.06.23-08.21.07:681][  0]LogHoudiniEngineEditor: Starting the Houdini Engine Editor module.
[2017.06.23-08.21.07:725][  0]SourceControl: Info Source control is disabled
[2017.06.23-08.21.07:725][  0]Cmd: MAP LOAD FILE="../../../../../../Users/i7230020.STUDENT.000/Documents/GitHub/MastersProject/Ava/Content/Ava/Maps/MainMenu.umap" TEMPLATE=0 SHOWPROGRESS=1 FEATURELEVEL=3
[2017.06.23-08.21.07:729][  0]LightingResults: New page: Lighting Build
[2017.06.23-08.21.07:732][  0]MapCheck: New page: Map Check
[2017.06.23-08.21.07:732][  0]LightingResults: New page: Lighting Build
[2017.06.23-08.21.07:868][  0]LogAIModule: Creating AISystem for world MainMenu
[2017.06.23-08.21.07:869][  0]LogEditorServer: Finished looking for orphan Actors (0.000 secs)
[2017.06.23-08.21.07:869][  0]Cmd: MAP CHECKDEP NOCLEARLOG
[2017.06.23-08.21.07:949][  0]MapCheck: Info Map check complete: 0 Error(s), 0 Warning(s), took 79.352ms to complete.
[2017.06.23-08.21.07:949][  0]LogFileHelpers: Loading map 'MainMenu' took 0.224
[2017.06.23-08.21.08:072][  0]LogCollectionManager: Loaded 0 collections in 0.001800 seconds
[2017.06.23-08.21.08:114][  0]LogFileCache: Scanning file cache for directory 'C:/Users/i7230020.STUDENT.000/Documents/GitHub/MastersProject/Ava/Saved/Collections/' took 0.01s
[2017.06.23-08.21.08:114][  0]LogFileCache: Scanning file cache for directory 'C:/Users/i7230020.STUDENT.000/Documents/GitHub/MastersProject/Ava/Content/Developers/i7230020/Collections/' took 0.01s
[2017.06.23-08.21.08:114][  0]LogFileCache: Scanning file cache for directory 'C:/Users/i7230020.STUDENT.000/Documents/GitHub/MastersProject/Ava/Content/Collections/' took 0.01s
[2017.06.23-08.21.08:114][  0]LogCollectionManager: Rebuilt the GUID cache for 0 collections in 0.000002 seconds
[2017.06.23-08.21.08:124][  0]LogContentBrowser: Native class hierarchy populated in 0.0094 seconds. Added 2092 classes and 376 folders.
[2017.06.23-08.21.08:127][  0]LogStats: UGameplayTagsManager::ConstructGameplayTagTree: Construct from data asset -  0.000 s
[2017.06.23-08.21.08:127][  0]LogStats: UGameplayTagsManager::ConstructGameplayTagTree: GameplayTagTreeChangedEvent.Broadcast -  0.000 s
[2017.06.23-08.21.08:130][  0]LogContentBrowser: Native class hierarchy updated for 'GameplayTags' in 0.0027 seconds. Added 12 classes and 0 folders.
[2017.06.23-08.21.08:137][  0]LogContentBrowser: Native class hierarchy updated for 'WidgetCarousel' in 0.0026 seconds. Added 0 classes and 0 folders.
[2017.06.23-08.21.08:218][  0]LogContentBrowser: Native class hierarchy updated for 'AddContentDialog' in 0.0027 seconds. Added 0 classes and 0 folders.
[2017.06.23-08.21.08:224][  0]LogContentBrowser: Native class hierarchy updated for 'SceneOutliner' in 0.0027 seconds. Added 1 classes and 2 folders.
[2017.06.23-08.21.08:241][  0]LogCrashTracker: Crashtracker disabled due to settings.
[2017.06.23-08.21.08:281][  0]LogContentBrowser: Native class hierarchy updated for 'HierarchicalLODOutliner' in 0.0026 seconds. Added 1 classes and 2 folders.
[2017.06.23-08.21.08:281][  0]LogLoad: Full Startup: 9.59 seconds (BP compile: 0.02 seconds)
[2017.06.23-08.21.08:281][  0]LogExternalProfiler: Found external profiler: VSPerf
[2017.06.23-08.21.08:281][  0]LogExternalProfiler: Using external profiler: VSPerf
[2017.06.23-08.21.08:293][  0]LogOcInput: OculusInput pre-init called
[2017.06.23-08.21.08:312][  0]LogContentStreaming: Texture pool size now 1000 MB
[2017.06.23-08.21.08:462][  1]LogAssetRegistry: Asset discovery search completed in 4.2664 seconds
[2017.06.23-08.21.08:462][  1]LogCollectionManager: Rebuilt the object cache for 0 collections in 0.000001 seconds (found 0 objects)
[2017.06.23-08.21.08:462][  1]LogCollectionManager: Fixed up redirectors for 0 collections in 0.000019 seconds (updated 0 objects)
[2017.06.23-08.21.08:481][  2]LogRenderer: Reallocating scene render targets to support 1208x544 (Frame:2).
[2017.06.23-08.23.40:511][895]LogRenderer: Reallocating scene render targets to support 1208x588 (Frame:454).
[2017.06.23-08.28.14:201][778]LogBlueprint:Warning: Compiler Warning InputAction Event references unknown Action 'Crouch' for  InputAction Crouch 
[2017.06.23-08.28.14:204][778]LogBlueprint:Warning: Compiler Warning [0435.49] Compile of Ue4ASP_Character successful, but with 1 Warning(s) [in 8 ms] (/Game/AnimStarterPack/Ue4ASP_Character.Ue4ASP_Character)
[2017.06.23-08.28.14:204][778]LogBlueprint:Warning: Compiler Warning [0435.49] Compile of Ue4ASP_Character successful, but with 2 Warning(s) [in 0 ms] (/Game/AnimStarterPack/Ue4ASP_Character.Ue4ASP_Character)
[2017.06.23-08.28.14:204][778]LogBlueprint:Warning: Compiler Warning [0435.49] Compile of Ue4ASP_Character successful, but with 3 Warning(s) [in 0 ms] (/Game/AnimStarterPack/Ue4ASP_Character.Ue4ASP_Character)
[2017.06.23-08.28.14:278][778]LogBlueprint:Warning: Compiler Warning InputAction Event references unknown Action 'Crouch' for  InputAction Crouch 
[2017.06.23-08.28.14:281][778]LogBlueprint:Warning: Compiler Warning [0435.57] Compile of Ue4ASP_Character successful, but with 1 Warning(s) [in 8 ms] (/Game/AnimStarterPack/Ue4ASP_Character.Ue4ASP_Character)
[2017.06.23-08.28.14:281][778]LogBlueprint:Warning: Compiler Warning [0435.57] Compile of Ue4ASP_Character successful, but with 2 Warning(s) [in 0 ms] (/Game/AnimStarterPack/Ue4ASP_Character.Ue4ASP_Character)
[2017.06.23-08.28.14:281][778]LogBlueprint:Warning: Compiler Warning [0435.57] Compile of Ue4ASP_Character successful, but with 3 Warning(s) [in 0 ms] (/Game/AnimStarterPack/Ue4ASP_Character.Ue4ASP_Character)
[2017.06.23-08.28.14:771][778]LogAIModule: Creating AISystem for world ExternalEnvironment
[2017.06.23-08.28.14:815][778]Cmd: MAP LOAD FILE="../../../../../../Users/i7230020.STUDENT.000/Documents/GitHub/MastersProject/Ava/Content/Ava/Maps/ExternalEnvironment.umap" TEMPLATE=0 SHOWPROGRESS=1 FEATURELEVEL=3
[2017.06.23-08.28.14:815][778]LightingResults: New page: Lighting Build
[2017.06.23-08.28.14:816][778]LoadErrors: New page: Loading map: ExternalEnvironment.umap
[2017.06.23-08.28.14:816][778]MapCheck: New page: Map Check
[2017.06.23-08.28.14:816][778]LightingResults: New page: Lighting Build
[2017.06.23-08.28.15:378][778]LogEditorServer: Finished looking for orphan Actors (0.000 secs)
[2017.06.23-08.28.15:447][778]Cmd: MAP CHECKDEP NOCLEARLOG
[2017.06.23-08.28.15:582][778]MapCheck: Info Map check complete: 0 Error(s), 0 Warning(s), took 134.989ms to complete.
[2017.06.23-08.28.15:583][778]LogFileHelpers: Loading map 'ExternalEnvironment' took 0.769
[2017.06.23-08.28.15:620][779]Cmd: UpdateLandscapeEditorData -warnings
[2017.06.23-08.28.15:622][779]Cmd: UpdateLandscapeEditorData
[2017.06.23-08.58.08:317][172]LogHotReload: New module detected: UE4Editor-Ava-4215.dll
[2017.06.23-08.58.11:001][181]LogHotReload: Starting Hot-Reload from IDE
[2017.06.23-08.58.11:077][181]LogClass: ItemDataVariables HotReload.
[2017.06.23-08.58.11:077][181]LogClass: Item HotReload.
[2017.06.23-08.58.11:078][181]LogHotReload: Re-instancing Antelope after hot-reload.
[2017.06.23-08.58.11:200][181]LogHotReload: Re-instancing MainCharacter after hot-reload.
[2017.06.23-08.58.11:276][181]LogHotReload: Re-instancing StatueObject after hot-reload.
[2017.06.23-08.58.11:325][181]LogContentBrowser: Native class hierarchy updated for 'Ava' in 0.0037 seconds. Added 14 classes and 2 folders.
[2017.06.23-08.58.11:327][181]Warning: HotReload successful (3 functions remapped  0 scriptstructs remapped)
[2017.06.23-08.58.11:423][181]LogContentBrowser: Native class hierarchy populated in 0.0099 seconds. Added 2094 classes and 380 folders.
[2017.06.23-08.58.11:426][181]Warning: HotReload took  0.4s.
[2017.06.23-09.54.25:018][301]LogHotReload: New module detected: UE4Editor-Ava-148.dll
[2017.06.23-09.54.27:709][310]LogHotReload: Starting Hot-Reload from IDE
[2017.06.23-09.54.27:814][310]LogClass: ItemDataVariables HotReload.
[2017.06.23-09.54.27:814][310]LogClass: Item HotReload.
[2017.06.23-09.54.27:815][310]LogHotReload: Re-instancing Antelope after hot-reload.
[2017.06.23-09.54.27:895][310]LogHotReload: Re-instancing MainCharacter after hot-reload.
[2017.06.23-09.54.27:987][310]LogHotReload: Re-instancing StatueObject after hot-reload.
[2017.06.23-09.54.28:023][310]LogContentBrowser: Native class hierarchy updated for 'Ava' in 0.0032 seconds. Added 14 classes and 2 folders.
[2017.06.23-09.54.28:025][310]Warning: HotReload successful (3 functions remapped  0 scriptstructs remapped)
[2017.06.23-09.54.28:062][310]LogContentBrowser: Native class hierarchy populated in 0.0104 seconds. Added 2094 classes and 380 folders.
[2017.06.23-09.54.28:065][310]Warning: HotReload took  0.4s.
[2017.06.23-10.03.38:396][888]LogSavePackage: Save=277.91ms
[2017.06.23-10.03.38:396][888]LogSavePackage: Moving '../../../../../../Users/i7230020.STUDENT.000/Documents/GitHub/MastersProject/Ava/Saved/ExternalEnvironment4B1A6B444FEB3DD182904FAE3A00FDF3.tmp' to '../../../../../../Users/i7230020.STUDENT.000/Documents/GitHub/MastersProject/Ava/Content/Ava/Maps/ExternalEnvironment.umap'
[2017.06.23-10.03.38:403][888]LogSavePackage:Display: Finished SavePackage ../../../../../../Users/i7230020.STUDENT.000/Documents/GitHub/MastersProject/Ava/Content/Ava/Maps/ExternalEnvironment.umap
[2017.06.23-10.04.33:486][511]LogPlayLevel: PlayLevel: No blueprints needed recompiling
[2017.06.23-10.04.33:487][511]PIE: New page: PIE session: ExternalEnvironment (23 Jun 2017 11:04:33)
[2017.06.23-10.04.33:487][511]LogPlayLevel: Creating play world package: /Game/Ava/Maps/UEDPIE_0_ExternalEnvironment
[2017.06.23-10.04.33:515][511]LogPlayLevel: PIE: StaticDuplicateObject took: (0.027582s)
[2017.06.23-10.04.33:516][511]LogAIModule: Creating AISystem for world ExternalEnvironment
[2017.06.23-10.04.33:516][511]LogPlayLevel: PIE: World Init took: (0.001572s)
[2017.06.23-10.04.33:517][511]LogPlayLevel: PIE: Created PIE world by copying editor world from /Game/Ava/Maps/ExternalEnvironment.ExternalEnvironment to /Game/Ava/Maps/UEDPIE_0_ExternalEnvironment.ExternalEnvironment (0.029513s)
[2017.06.23-10.04.33:527][511]LogInit: XAudio2 using 'Speakers (Realtek High Definition Audio)' : 2 channels at 48 kHz using 32 bits per sample (channel mask 0x3)
[2017.06.23-10.04.33:536][511]LogInit: FAudioDevice initialized.
[2017.06.23-10.04.33:595][511]LogWorld: Game class is 'AvaGameMode'
[2017.06.23-10.04.33:620][511]LogWorld: Bringing World /Game/Ava/Maps/UEDPIE_0_ExternalEnvironment.ExternalEnvironment up for play (max tick rate 0) at 2017.06.23-11.04.33
[2017.06.23-10.04.33:622][511]LogWorld: Bringing up level for play took: 0.025432
[2017.06.23-10.04.33:640][511]LogContentBrowser: Native class hierarchy updated for 'MovieSceneCapture' in 0.0026 seconds. Added 11 classes and 0 folders.
[2017.06.23-10.04.33:640][511]PIE: Info Play in editor start time for /Game/Ava/Maps/UEDPIE_0_ExternalEnvironment -0.653
[2017.06.23-10.04.44:009][290]LogProperty:Warning: ObjectProperty /Script/AIModule.BTCompositeNode:Services.Services: unresolved reference to 'BTServiceSearchForPlayer'BehaviorTreeGraphNode_Service_5.BTServiceSearchForPlayer_0''
[2017.06.23-10.04.44:009][290]LogProperty:Warning: ObjectProperty /Script/AIModule.BTNode:ParentNode: unresolved reference to 'BTComposite_Selector'BehaviorTreeGraphNode_Composite_0.BTComposite_Selector_0''
[2017.06.23-10.05.12:618][387]LogSavePackage: Save=4.17ms
[2017.06.23-10.05.12:618][387]LogSavePackage: Moving '../../../../../../Users/i7230020.STUDENT.000/Documents/GitHub/MastersProject/Ava/Saved/AntelopeBrainBT74AD5E2F4166D35AD7571B8773A0B0BE.tmp' to '../../../../../../Users/i7230020.STUDENT.000/Documents/GitHub/MastersProject/Ava/Content/Ava/Antelope/AntelopeBrainBT.uasset'
[2017.06.23-10.05.12:629][387]LogSavePackage:Display: Finished SavePackage ../../../../../../Users/i7230020.STUDENT.000/Documents/GitHub/MastersProject/Ava/Content/Ava/Antelope/AntelopeBrainBT.uasset
[2017.06.23-10.05.28:071][414]Cmd: CAMERA ALIGN ACTIVEVIEWPORTONLY
[2017.06.23-10.05.37:866][ 53]LogSavePackage: Save=289.08ms
[2017.06.23-10.05.37:867][ 53]LogSavePackage: Moving '../../../../../../Users/i7230020.STUDENT.000/Documents/GitHub/MastersProject/Ava/Saved/ExternalEnvironment1788E0CF4DC0EFF84E12D698AB435FD8.tmp' to '../../../../../../Users/i7230020.STUDENT.000/Documents/GitHub/MastersProject/Ava/Content/Ava/Maps/ExternalEnvironment.umap'
[2017.06.23-10.05.37:883][ 53]LogSavePackage:Display: Finished SavePackage ../../../../../../Users/i7230020.STUDENT.000/Documents/GitHub/MastersProject/Ava/Content/Ava/Maps/ExternalEnvironment.umap
[2017.06.23-10.05.37:910][ 53]LogFileHelpers: Saving map 'ExternalEnvironment' took 0.469
[2017.06.23-10.05.40:640][241]LogPlayLevel: PlayLevel: No blueprints needed recompiling
[2017.06.23-10.05.40:641][241]PIE: New page: PIE session: ExternalEnvironment (23 Jun 2017 11:05:40)
[2017.06.23-10.05.40:641][241]LogPlayLevel: Creating play world package: /Game/Ava/Maps/UEDPIE_0_ExternalEnvironment
[2017.06.23-10.05.40:652][241]LogPlayLevel: PIE: StaticDuplicateObject took: (0.011794s)
[2017.06.23-10.05.40:653][241]LogAIModule: Creating AISystem for world ExternalEnvironment
[2017.06.23-10.05.40:653][241]LogPlayLevel: PIE: World Init took: (0.000625s)
[2017.06.23-10.05.40:653][241]LogPlayLevel: PIE: Created PIE world by copying editor world from /Game/Ava/Maps/ExternalEnvironment.ExternalEnvironment to /Game/Ava/Maps/UEDPIE_0_ExternalEnvironment.ExternalEnvironment (0.012604s)
[2017.06.23-10.05.40:663][241]LogInit: XAudio2 using 'Speakers (Realtek High Definition Audio)' : 2 channels at 48 kHz using 32 bits per sample (channel mask 0x3)
[2017.06.23-10.05.40:672][241]LogInit: FAudioDevice initialized.
[2017.06.23-10.05.40:716][241]LogWorld: Game class is 'AvaGameMode'
[2017.06.23-10.05.40:742][241]LogWorld: Bringing World /Game/Ava/Maps/UEDPIE_0_ExternalEnvironment.ExternalEnvironment up for play (max tick rate 0) at 2017.06.23-11.05.40
[2017.06.23-10.05.40:743][241]LogWorld: Bringing up level for play took: 0.026497
[2017.06.23-10.05.40:745][241]PIE: Info Play in editor start time for /Game/Ava/Maps/UEDPIE_0_ExternalEnvironment 0.448
[2017.06.23-10.06.27:958][214]LogSavePackage: Save=4.35ms
[2017.06.23-10.06.27:958][214]LogSavePackage: Moving '../../../../../../Users/i7230020.STUDENT.000/Documents/GitHub/MastersProject/Ava/Saved/AntelopeBrainBTA9C76D394573408534DF0DB899185417.tmp' to '../../../../../../Users/i7230020.STUDENT.000/Documents/GitHub/MastersProject/Ava/Content/Ava/Antelope/AntelopeBrainBT.uasset'
[2017.06.23-10.06.27:973][214]LogSavePackage:Display: Finished SavePackage ../../../../../../Users/i7230020.STUDENT.000/Documents/GitHub/MastersProject/Ava/Content/Ava/Antelope/AntelopeBrainBT.uasset
[2017.06.23-10.06.30:936][401]LogPlayLevel: PlayLevel: No blueprints needed recompiling
[2017.06.23-10.06.30:936][401]PIE: New page: PIE session: ExternalEnvironment (23 Jun 2017 11:06:30)
[2017.06.23-10.06.30:936][401]LogPlayLevel: Creating play world package: /Game/Ava/Maps/UEDPIE_0_ExternalEnvironment
[2017.06.23-10.06.30:950][401]LogPlayLevel: PIE: StaticDuplicateObject took: (0.014233s)
[2017.06.23-10.06.30:951][401]LogAIModule: Creating AISystem for world ExternalEnvironment
[2017.06.23-10.06.30:951][401]LogPlayLevel: PIE: World Init took: (0.000700s)
[2017.06.23-10.06.30:951][401]LogPlayLevel: PIE: Created PIE world by copying editor world from /Game/Ava/Maps/ExternalEnvironment.ExternalEnvironment to /Game/Ava/Maps/UEDPIE_0_ExternalEnvironment.ExternalEnvironment (0.015142s)
[2017.06.23-10.06.30:962][401]LogInit: XAudio2 using 'Speakers (Realtek High Definition Audio)' : 2 channels at 48 kHz using 32 bits per sample (channel mask 0x3)
[2017.06.23-10.06.30:972][401]LogInit: FAudioDevice initialized.
[2017.06.23-10.06.31:011][401]LogWorld: Game class is 'AvaGameMode'
[2017.06.23-10.06.31:036][401]LogWorld: Bringing World /Game/Ava/Maps/UEDPIE_0_ExternalEnvironment.ExternalEnvironment up for play (max tick rate 0) at 2017.06.23-11.06.31
[2017.06.23-10.06.31:037][401]LogWorld: Bringing up level for play took: 0.025159
[2017.06.23-10.06.31:039][401]PIE: Info Play in editor start time for /Game/Ava/Maps/UEDPIE_0_ExternalEnvironment 0.739
[2017.06.23-10.07.02:471][525]LogSavePackage: Save=6.63ms
[2017.06.23-10.07.02:471][525]LogSavePackage: Moving '../../../../../../Users/i7230020.STUDENT.000/Documents/GitHub/MastersProject/Ava/Saved/AntelopeBrainBT065974A04EDEB3F49AAEADA139CFC2C3.tmp' to '../../../../../../Users/i7230020.STUDENT.000/Documents/GitHub/MastersProject/Ava/Content/Ava/Antelope/AntelopeBrainBT.uasset'
[2017.06.23-10.07.02:497][525]LogSavePackage:Display: Finished SavePackage ../../../../../../Users/i7230020.STUDENT.000/Documents/GitHub/MastersProject/Ava/Content/Ava/Antelope/AntelopeBrainBT.uasset
[2017.06.23-10.07.05:680][733]LogPlayLevel: PlayLevel: No blueprints needed recompiling
[2017.06.23-10.07.05:680][733]PIE: New page: PIE session: ExternalEnvironment (23 Jun 2017 11:07:05)
[2017.06.23-10.07.05:680][733]LogPlayLevel: Creating play world package: /Game/Ava/Maps/UEDPIE_0_ExternalEnvironment
[2017.06.23-10.07.05:692][733]LogPlayLevel: PIE: StaticDuplicateObject took: (0.012145s)
[2017.06.23-10.07.05:692][733]LogAIModule: Creating AISystem for world ExternalEnvironment
[2017.06.23-10.07.05:692][733]LogPlayLevel: PIE: World Init took: (0.000515s)
[2017.06.23-10.07.05:693][733]LogPlayLevel: PIE: Created PIE world by copying editor world from /Game/Ava/Maps/ExternalEnvironment.ExternalEnvironment to /Game/Ava/Maps/UEDPIE_0_ExternalEnvironment.ExternalEnvironment (0.012859s)
[2017.06.23-10.07.05:705][733]LogInit: XAudio2 using 'Speakers (Realtek High Definition Audio)' : 2 channels at 48 kHz using 32 bits per sample (channel mask 0x3)
[2017.06.23-10.07.05:716][733]LogInit: FAudioDevice initialized.
[2017.06.23-10.07.05:759][733]LogWorld: Game class is 'AvaGameMode'
[2017.06.23-10.07.05:784][733]LogWorld: Bringing World /Game/Ava/Maps/UEDPIE_0_ExternalEnvironment.ExternalEnvironment up for play (max tick rate 0) at 2017.06.23-11.07.05
[2017.06.23-10.07.05:786][733]LogWorld: Bringing up level for play took: 0.025257
[2017.06.23-10.07.05:787][733]PIE: Info Play in editor start time for /Game/Ava/Maps/UEDPIE_0_ExternalEnvironment -0.516
[2017.06.23-10.07.32:811][603]LogPlayLevel: PlayLevel: No blueprints needed recompiling
[2017.06.23-10.07.32:811][603]PIE: New page: PIE session: ExternalEnvironment (23 Jun 2017 11:07:32)
[2017.06.23-10.07.32:811][603]LogPlayLevel: Creating play world package: /Game/Ava/Maps/UEDPIE_0_ExternalEnvironment
[2017.06.23-10.07.32:822][603]LogPlayLevel: PIE: StaticDuplicateObject took: (0.011557s)
[2017.06.23-10.07.32:823][603]LogAIModule: Creating AISystem for world ExternalEnvironment
[2017.06.23-10.07.32:823][603]LogPlayLevel: PIE: World Init took: (0.000562s)
[2017.06.23-10.07.32:823][603]LogPlayLevel: PIE: Created PIE world by copying editor world from /Game/Ava/Maps/ExternalEnvironment.ExternalEnvironment to /Game/Ava/Maps/UEDPIE_0_ExternalEnvironment.ExternalEnvironment (0.012308s)
[2017.06.23-10.07.32:833][603]LogInit: XAudio2 using 'Speakers (Realtek High Definition Audio)' : 2 channels at 48 kHz using 32 bits per sample (channel mask 0x3)
[2017.06.23-10.07.32:840][603]LogInit: FAudioDevice initialized.
[2017.06.23-10.07.32:880][603]LogWorld: Game class is 'AvaGameMode'
[2017.06.23-10.07.32:905][603]LogWorld: Bringing World /Game/Ava/Maps/UEDPIE_0_ExternalEnvironment.ExternalEnvironment up for play (max tick rate 0) at 2017.06.23-11.07.32
[2017.06.23-10.07.32:907][603]LogWorld: Bringing up level for play took: 0.025837
[2017.06.23-10.07.32:908][603]PIE: Info Play in editor start time for /Game/Ava/Maps/UEDPIE_0_ExternalEnvironment 0.603
[2017.06.23-10.09.52:884][191]LogSavePackage: Save=5.08ms
[2017.06.23-10.09.52:884][191]LogSavePackage: Moving '../../../../../../Users/i7230020.STUDENT.000/Documents/GitHub/MastersProject/Ava/Saved/AntelopeBrainBT7E1AB5724018CC7F8BA8C69E76EF1426.tmp' to '../../../../../../Users/i7230020.STUDENT.000/Documents/GitHub/MastersProject/Ava/Content/Ava/Antelope/AntelopeBrainBT.uasset'
[2017.06.23-10.09.52:893][191]LogSavePackage:Display: Finished SavePackage ../../../../../../Users/i7230020.STUDENT.000/Documents/GitHub/MastersProject/Ava/Content/Ava/Antelope/AntelopeBrainBT.uasset
[2017.06.23-10.09.56:481][413]LogPlayLevel: PlayLevel: No blueprints needed recompiling
[2017.06.23-10.09.56:482][413]PIE: New page: PIE session: ExternalEnvironment (23 Jun 2017 11:09:56)
[2017.06.23-10.09.56:482][413]LogPlayLevel: Creating play world package: /Game/Ava/Maps/UEDPIE_0_ExternalEnvironment
[2017.06.23-10.09.56:503][413]LogPlayLevel: PIE: StaticDuplicateObject took: (0.021542s)
[2017.06.23-10.09.56:504][413]LogAIModule: Creating AISystem for world ExternalEnvironment
[2017.06.23-10.09.56:505][413]LogPlayLevel: PIE: World Init took: (0.001445s)
[2017.06.23-10.09.56:505][413]LogPlayLevel: PIE: Created PIE world by copying editor world from /Game/Ava/Maps/ExternalEnvironment.ExternalEnvironment to /Game/Ava/Maps/UEDPIE_0_ExternalEnvironment.ExternalEnvironment (0.023704s)
[2017.06.23-10.09.56:525][413]LogInit: XAudio2 using 'Speakers (Realtek High Definition Audio)' : 2 channels at 48 kHz using 32 bits per sample (channel mask 0x3)
[2017.06.23-10.09.56:533][413]LogInit: FAudioDevice initialized.
[2017.06.23-10.09.56:579][413]LogWorld: Game class is 'AvaGameMode'
[2017.06.23-10.09.56:607][413]LogWorld: Bringing World /Game/Ava/Maps/UEDPIE_0_ExternalEnvironment.ExternalEnvironment up for play (max tick rate 0) at 2017.06.23-11.09.56
[2017.06.23-10.09.56:609][413]LogWorld: Bringing up level for play took: 0.028972
[2017.06.23-10.09.56:610][413]PIE: Info Play in editor start time for /Game/Ava/Maps/UEDPIE_0_ExternalEnvironment 0.297
[2017.06.23-10.10.21:309][ 12]LogSavePackage: Save=4.57ms
[2017.06.23-10.10.21:309][ 12]LogSavePackage: Moving '../../../../../../Users/i7230020.STUDENT.000/Documents/GitHub/MastersProject/Ava/Saved/AntelopeBrainBTC48AABE242D67E14F1553394B34255F1.tmp' to '../../../../../../Users/i7230020.STUDENT.000/Documents/GitHub/MastersProject/Ava/Content/Ava/Antelope/AntelopeBrainBT.uasset'
[2017.06.23-10.10.21:319][ 12]LogSavePackage:Display: Finished SavePackage ../../../../../../Users/i7230020.STUDENT.000/Documents/GitHub/MastersProject/Ava/Content/Ava/Antelope/AntelopeBrainBT.uasset
[2017.06.23-10.10.22:203][ 64]LogPlayLevel: PlayLevel: No blueprints needed recompiling
[2017.06.23-10.10.22:203][ 64]PIE: New page: PIE session: ExternalEnvironment (23 Jun 2017 11:10:22)
[2017.06.23-10.10.22:203][ 64]LogPlayLevel: Creating play world package: /Game/Ava/Maps/UEDPIE_0_ExternalEnvironment
[2017.06.23-10.10.22:221][ 64]LogPlayLevel: PIE: StaticDuplicateObject took: (0.017941s)
[2017.06.23-10.10.22:221][ 64]LogAIModule: Creating AISystem for world ExternalEnvironment
[2017.06.23-10.10.22:221][ 64]LogPlayLevel: PIE: World Init took: (0.000575s)
[2017.06.23-10.10.22:222][ 64]LogPlayLevel: PIE: Created PIE world by copying editor world from /Game/Ava/Maps/ExternalEnvironment.ExternalEnvironment to /Game/Ava/Maps/UEDPIE_0_ExternalEnvironment.ExternalEnvironment (0.018722s)
[2017.06.23-10.10.22:234][ 64]LogInit: XAudio2 using 'Speakers (Realtek High Definition Audio)' : 2 channels at 48 kHz using 32 bits per sample (channel mask 0x3)
[2017.06.23-10.10.22:241][ 64]LogInit: FAudioDevice initialized.
[2017.06.23-10.10.22:283][ 64]LogWorld: Game class is 'AvaGameMode'
[2017.06.23-10.10.22:308][ 64]LogWorld: Bringing World /Game/Ava/Maps/UEDPIE_0_ExternalEnvironment.ExternalEnvironment up for play (max tick rate 0) at 2017.06.23-11.10.22
[2017.06.23-10.10.22:309][ 64]LogWorld: Bringing up level for play took: 0.024858
[2017.06.23-10.10.22:311][ 64]PIE: Info Play in editor start time for /Game/Ava/Maps/UEDPIE_0_ExternalEnvironment -0.004
[2017.06.23-10.10.50:773][ 30]LogSavePackage: Save=4.91ms
[2017.06.23-10.10.50:773][ 30]LogSavePackage: Moving '../../../../../../Users/i7230020.STUDENT.000/Documents/GitHub/MastersProject/Ava/Saved/AntelopeBrainBTA77665384739C9042A17F6ACB4DB55E7.tmp' to '../../../../../../Users/i7230020.STUDENT.000/Documents/GitHub/MastersProject/Ava/Content/Ava/Antelope/AntelopeBrainBT.uasset'
[2017.06.23-10.10.50:787][ 30]LogSavePackage:Display: Finished SavePackage ../../../../../../Users/i7230020.STUDENT.000/Documents/GitHub/MastersProject/Ava/Content/Ava/Antelope/AntelopeBrainBT.uasset
[2017.06.23-10.10.52:122][109]LogPlayLevel: PlayLevel: No blueprints needed recompiling
[2017.06.23-10.10.52:122][109]PIE: New page: PIE session: ExternalEnvironment (23 Jun 2017 11:10:52)
[2017.06.23-10.10.52:122][109]LogPlayLevel: Creating play world package: /Game/Ava/Maps/UEDPIE_0_ExternalEnvironment
[2017.06.23-10.10.52:134][109]LogPlayLevel: PIE: StaticDuplicateObject took: (0.011749s)
[2017.06.23-10.10.52:134][109]LogAIModule: Creating AISystem for world ExternalEnvironment
[2017.06.23-10.10.52:134][109]LogPlayLevel: PIE: World Init took: (0.000527s)
[2017.06.23-10.10.52:134][109]LogPlayLevel: PIE: Created PIE world by copying editor world from /Game/Ava/Maps/ExternalEnvironment.ExternalEnvironment to /Game/Ava/Maps/UEDPIE_0_ExternalEnvironment.ExternalEnvironment (0.012455s)
[2017.06.23-10.10.52:148][109]LogInit: XAudio2 using 'Speakers (Realtek High Definition Audio)' : 2 channels at 48 kHz using 32 bits per sample (channel mask 0x3)
[2017.06.23-10.10.52:157][109]LogInit: FAudioDevice initialized.
[2017.06.23-10.10.52:196][109]LogWorld: Game class is 'AvaGameMode'
[2017.06.23-10.10.52:221][109]LogWorld: Bringing World /Game/Ava/Maps/UEDPIE_0_ExternalEnvironment.ExternalEnvironment up for play (max tick rate 0) at 2017.06.23-11.10.52
[2017.06.23-10.10.52:223][109]LogWorld: Bringing up level for play took: 0.025441
[2017.06.23-10.10.52:224][109]PIE: Info Play in editor start time for /Game/Ava/Maps/UEDPIE_0_ExternalEnvironment -0.093
[2017.06.23-10.14.25:767][466]LogHotReload: New module detected: UE4Editor-Ava-87.dll
[2017.06.23-10.14.29:117][477]LogHotReload: Starting Hot-Reload from IDE
[2017.06.23-10.14.29:139][477]LogClass: Could not find existing class RoutePoint in package /Script/Ava for HotReload, assuming new class
[2017.06.23-10.14.29:143][477]LogClass: ItemDataVariables HotReload.
[2017.06.23-10.14.29:143][477]LogClass: Item HotReload.
[2017.06.23-10.14.29:145][477]LogHotReload: Re-instancing Antelope after hot-reload.
[2017.06.23-10.14.29:220][477]LogHotReload: Re-instancing RoutePoint after hot-reload.
[2017.06.23-10.14.29:492][477]LogHotReload: Re-instancing MainCharacter after hot-reload.
[2017.06.23-10.14.29:580][477]LogHotReload: Re-instancing StatueObject after hot-reload.
[2017.06.23-10.14.29:621][477]LogContentBrowser: Native class hierarchy updated for 'Ava' in 0.0027 seconds. Added 14 classes and 2 folders.
[2017.06.23-10.14.29:622][477]Warning: HotReload successful (3 functions remapped  0 scriptstructs remapped)
[2017.06.23-10.14.29:663][477]LogContentBrowser: Native class hierarchy populated in 0.0097 seconds. Added 2094 classes and 380 folders.
[2017.06.23-10.14.29:667][477]Warning: HotReload took  0.6s.
[2017.06.23-10.16.24:789][822]LogFileHelpers: Editor autosave (incl. sublevels) for '/Game/Ava/Maps/ExternalEnvironment' took 0.010
[2017.06.23-10.16.24:792][822]OBJ SavePackage: Generating thumbnails for [0] asset(s) in package [/Game/Ava/Antelope/AntelopeBrainBT] ([1] browsable assets)...
[2017.06.23-10.16.24:792][822]OBJ SavePackage: Finished generating thumbnails for package [/Game/Ava/Antelope/AntelopeBrainBT]
[2017.06.23-10.16.24:806][822]LogSavePackage: Save=4.77ms
[2017.06.23-10.16.24:806][822]LogSavePackage: Moving '../../../../../../Users/i7230020.STUDENT.000/Documents/GitHub/MastersProject/Ava/Saved/AntelopeBrainBT_Auto1DCB3E775471433F0854B1CACE836B387.tmp' to '../../../../../../Users/i7230020.STUDENT.000/Documents/GitHub/MastersProject/Ava/Saved/Autosaves/Game/Ava/Antelope/AntelopeBrainBT_Auto1.uasset'
[2017.06.23-10.16.24:812][822]LogSavePackage:Display: Finished SavePackage ../../../../../../Users/i7230020.STUDENT.000/Documents/GitHub/MastersProject/Ava/Saved/Autosaves/Game/Ava/Antelope/AntelopeBrainBT_Auto1.uasset
[2017.06.23-10.16.24:812][822]LogFileHelpers: Auto-saving content packages took 0.023
[2017.06.23-10.20.39:108][356]LogSavePackage: Save=259.41ms
[2017.06.23-10.20.39:108][356]LogSavePackage: Moving '../../../../../../Users/i7230020.STUDENT.000/Documents/GitHub/MastersProject/Ava/Saved/ExternalEnvironment98E417B44EF76377F6AD1BAE7DD9E8AB.tmp' to '../../../../../../Users/i7230020.STUDENT.000/Documents/GitHub/MastersProject/Ava/Content/Ava/Maps/ExternalEnvironment.umap'
[2017.06.23-10.20.39:118][356]LogSavePackage:Display: Finished SavePackage ../../../../../../Users/i7230020.STUDENT.000/Documents/GitHub/MastersProject/Ava/Content/Ava/Maps/ExternalEnvironment.umap
[2017.06.23-10.20.39:768][396]LogSavePackage: Save=4.27ms
[2017.06.23-10.20.39:769][396]LogSavePackage: Moving '../../../../../../Users/i7230020.STUDENT.000/Documents/GitHub/MastersProject/Ava/Saved/AntelopeBrainBT51524CE44B0C5B78D408679B01E63C17.tmp' to '../../../../../../Users/i7230020.STUDENT.000/Documents/GitHub/MastersProject/Ava/Content/Ava/Antelope/AntelopeBrainBT.uasset'
[2017.06.23-10.20.39:777][396]LogSavePackage:Display: Finished SavePackage ../../../../../../Users/i7230020.STUDENT.000/Documents/GitHub/MastersProject/Ava/Content/Ava/Antelope/AntelopeBrainBT.uasset
[2017.06.23-10.21.46:168][638]LogHotReload: New module detected: UE4Editor-Ava-8130.dll
[2017.06.23-10.21.49:202][648]LogHotReload: Starting Hot-Reload from IDE
[2017.06.23-10.21.49:232][648]LogClass: ItemDataVariables HotReload.
[2017.06.23-10.21.49:232][648]LogClass: Item HotReload.
[2017.06.23-10.21.49:233][648]LogHotReload: Re-instancing Antelope after hot-reload.
[2017.06.23-10.21.49:328][648]LogHotReload: Re-instancing MainCharacter after hot-reload.
[2017.06.23-10.21.49:411][648]LogHotReload: Re-instancing StatueObject after hot-reload.
[2017.06.23-10.21.49:459][648]LogContentBrowser: Native class hierarchy updated for 'Ava' in 0.0027 seconds. Added 14 classes and 2 folders.
[2017.06.23-10.21.49:461][648]Warning: HotReload successful (3 functions remapped  0 scriptstructs remapped)
[2017.06.23-10.21.49:502][648]LogContentBrowser: Native class hierarchy populated in 0.0097 seconds. Added 2094 classes and 380 folders.
[2017.06.23-10.21.49:506][648]Warning: HotReload took  0.3s.
[2017.06.23-10.21.56:245][797]LogPlayLevel: PlayLevel: No blueprints needed recompiling
[2017.06.23-10.21.56:245][797]PIE: New page: PIE session: ExternalEnvironment (23 Jun 2017 11:21:56)
[2017.06.23-10.21.56:245][797]LogPlayLevel: Creating play world package: /Game/Ava/Maps/UEDPIE_0_ExternalEnvironment
[2017.06.23-10.21.56:259][797]LogPlayLevel: PIE: StaticDuplicateObject took: (0.013505s)
[2017.06.23-10.21.56:259][797]LogAIModule: Creating AISystem for world ExternalEnvironment
[2017.06.23-10.21.56:260][797]LogPlayLevel: PIE: World Init took: (0.000696s)
[2017.06.23-10.21.56:260][797]LogPlayLevel: PIE: Created PIE world by copying editor world from /Game/Ava/Maps/ExternalEnvironment.ExternalEnvironment to /Game/Ava/Maps/UEDPIE_0_ExternalEnvironment.ExternalEnvironment (0.014437s)
[2017.06.23-10.21.56:273][797]LogInit: XAudio2 using 'Speakers (Realtek High Definition Audio)' : 2 channels at 48 kHz using 32 bits per sample (channel mask 0x3)
[2017.06.23-10.21.56:281][797]LogInit: FAudioDevice initialized.
[2017.06.23-10.21.56:325][797]LogWorld: Game class is 'AvaGameMode'
[2017.06.23-10.21.56:352][797]LogWorld: Bringing World /Game/Ava/Maps/UEDPIE_0_ExternalEnvironment.ExternalEnvironment up for play (max tick rate 0) at 2017.06.23-11.21.56
[2017.06.23-10.21.56:354][797]LogWorld: Bringing up level for play took: 0.028430
[2017.06.23-10.21.56:356][797]PIE: Info Play in editor start time for /Game/Ava/Maps/UEDPIE_0_ExternalEnvironment -0.001
[2017.06.23-10.22.25:288][661]LogRenderer: Reallocating scene render targets to support 1208x600 (Frame:33500).
[2017.06.23-10.22.33:003][899]LogContentBrowser: Native class hierarchy updated for 'BlueprintGraph' in 0.0030 seconds. Added 111 classes and 0 folders.
[2017.06.23-10.22.33:336][899]LogSkeletalMesh: InitArticulated: Bodies already created (/Engine/Transient.DebugSkelMeshComponent_0) - call TermArticulated first.
[2017.06.23-10.22.45:884][389]LogSavePackage: Save=48.04ms
[2017.06.23-10.22.45:884][389]LogSavePackage: Moving '../../../../../../Users/i7230020.STUDENT.000/Documents/GitHub/MastersProject/Ava/Saved/Antelope_AninationBP_LP54D8EF3E4132BA99EE8EA9B04B6BCDDD.tmp' to '../../../../../../Users/i7230020.STUDENT.000/Documents/GitHub/MastersProject/Ava/Content/Ava/Antelope/Animations/Antelope_AninationBP_LP.uasset'
[2017.06.23-10.22.45:892][389]LogSavePackage:Display: Finished SavePackage ../../../../../../Users/i7230020.STUDENT.000/Documents/GitHub/MastersProject/Ava/Content/Ava/Antelope/Animations/Antelope_AninationBP_LP.uasset
[2017.06.23-10.22.49:483][528]LogContentBrowser:Verbose: The majority of assets in the view are of type: AnimSequence
[2017.06.23-10.23.21:621][829]LogHotReload: New module detected: UE4Editor-Ava-1709.dll
[2017.06.23-10.23.24:322][838]LogHotReload: Starting Hot-Reload from IDE
[2017.06.23-10.23.24:382][838]LogClass: ItemDataVariables HotReload.
[2017.06.23-10.23.24:382][838]LogClass: Item HotReload.
[2017.06.23-10.23.24:383][838]LogHotReload: Re-instancing Antelope after hot-reload.
[2017.06.23-10.23.24:499][838]LogHotReload: Re-instancing MainCharacter after hot-reload.
[2017.06.23-10.23.24:609][838]LogHotReload: Re-instancing StatueObject after hot-reload.
[2017.06.23-10.23.24:660][838]LogContentBrowser: Native class hierarchy updated for 'Ava' in 0.0026 seconds. Added 14 classes and 2 folders.
[2017.06.23-10.23.24:662][838]Warning: HotReload successful (3 functions remapped  0 scriptstructs remapped)
[2017.06.23-10.23.24:895][838]LogContentBrowser: Native class hierarchy populated in 0.0110 seconds. Added 2094 classes and 380 folders.
[2017.06.23-10.23.24:900][838]Warning: HotReload took  0.6s.
[2017.06.23-10.23.39:285][947]LogPlayLevel: PlayLevel: No blueprints needed recompiling
[2017.06.23-10.23.39:285][947]PIE: New page: PIE session: ExternalEnvironment (23 Jun 2017 11:23:39)
[2017.06.23-10.23.39:285][947]LogPlayLevel: Creating play world package: /Game/Ava/Maps/UEDPIE_0_ExternalEnvironment
[2017.06.23-10.23.39:298][947]LogPlayLevel: PIE: StaticDuplicateObject took: (0.012872s)
[2017.06.23-10.23.39:298][947]LogAIModule: Creating AISystem for world ExternalEnvironment
[2017.06.23-10.23.39:298][947]LogPlayLevel: PIE: World Init took: (0.000658s)
[2017.06.23-10.23.39:300][947]LogPlayLevel: PIE: Created PIE world by copying editor world from /Game/Ava/Maps/ExternalEnvironment.ExternalEnvironment to /Game/Ava/Maps/UEDPIE_0_ExternalEnvironment.ExternalEnvironment (0.015459s)
[2017.06.23-10.23.39:348][947]LogInit: XAudio2 using 'Speakers (Realtek High Definition Audio)' : 2 channels at 48 kHz using 32 bits per sample (channel mask 0x3)
[2017.06.23-10.23.39:356][947]LogInit: FAudioDevice initialized.
[2017.06.23-10.23.39:409][947]LogWorld: Game class is 'AvaGameMode'
[2017.06.23-10.23.39:443][947]LogWorld: Bringing World /Game/Ava/Maps/UEDPIE_0_ExternalEnvironment.ExternalEnvironment up for play (max tick rate 0) at 2017.06.23-11.23.39
[2017.06.23-10.23.39:445][947]LogWorld: Bringing up level for play took: 0.034506
[2017.06.23-10.23.39:446][947]PIE: Info Play in editor start time for /Game/Ava/Maps/UEDPIE_0_ExternalEnvironment 1.084
[2017.06.23-10.46.11:005][956]LogHotReload: New module detected: UE4Editor-Ava-2508.dll
[2017.06.23-10.46.13:680][965]LogHotReload: Starting Hot-Reload from IDE
[2017.06.23-10.46.13:799][965]LogClass: ItemDataVariables HotReload.
[2017.06.23-10.46.13:799][965]LogClass: Item HotReload.
[2017.06.23-10.46.13:800][965]LogHotReload: Re-instancing Antelope after hot-reload.
[2017.06.23-10.46.13:918][965]LogHotReload: Re-instancing MainCharacter after hot-reload.
[2017.06.23-10.46.14:080][965]LogHotReload: Re-instancing StatueObject after hot-reload.
[2017.06.23-10.46.14:150][965]LogContentBrowser: Native class hierarchy updated for 'Ava' in 0.0027 seconds. Added 14 classes and 2 folders.
[2017.06.23-10.46.14:152][965]Warning: HotReload successful (3 functions remapped  0 scriptstructs remapped)
[2017.06.23-10.46.14:435][965]LogContentBrowser: Native class hierarchy populated in 0.0145 seconds. Added 2094 classes and 380 folders.
[2017.06.23-10.46.14:439][965]Warning: HotReload took  0.8s.
[2017.06.23-10.47.21:092][413]LogFileHelpers: Editor autosave (incl. sublevels) for '/Game/Ava/Maps/ExternalEnvironment' took 0.058
[2017.06.23-10.47.21:095][413]OBJ SavePackage: Generating thumbnails for [0] asset(s) in package [/Game/Ava/Antelope/AntelopeBrainBT] ([1] browsable assets)...
[2017.06.23-10.47.21:095][413]OBJ SavePackage: Finished generating thumbnails for package [/Game/Ava/Antelope/AntelopeBrainBT]
[2017.06.23-10.47.21:112][413]LogSavePackage: Save=4.78ms
[2017.06.23-10.47.21:112][413]LogSavePackage: Moving '../../../../../../Users/i7230020.STUDENT.000/Documents/GitHub/MastersProject/Ava/Saved/AntelopeBrainBT_Auto27DDCADD742A5FF0F6086248984DB90A4.tmp' to '../../../../../../Users/i7230020.STUDENT.000/Documents/GitHub/MastersProject/Ava/Saved/Autosaves/Game/Ava/Antelope/AntelopeBrainBT_Auto2.uasset'
[2017.06.23-10.47.21:118][413]LogSavePackage:Display: Finished SavePackage ../../../../../../Users/i7230020.STUDENT.000/Documents/GitHub/MastersProject/Ava/Saved/Autosaves/Game/Ava/Antelope/AntelopeBrainBT_Auto2.uasset
[2017.06.23-10.47.21:118][413]LogFileHelpers: Auto-saving content packages took 0.026
[2017.06.23-10.47.24:078][610]LogSavePackage: Save=5.59ms
[2017.06.23-10.47.24:078][610]LogSavePackage: Moving '../../../../../../Users/i7230020.STUDENT.000/Documents/GitHub/MastersProject/Ava/Saved/AntelopeBrainBT45AEFE9C450E83106DD97B914CD4B16D.tmp' to '../../../../../../Users/i7230020.STUDENT.000/Documents/GitHub/MastersProject/Ava/Content/Ava/Antelope/AntelopeBrainBT.uasset'
[2017.06.23-10.47.24:102][610]LogSavePackage:Display: Finished SavePackage ../../../../../../Users/i7230020.STUDENT.000/Documents/GitHub/MastersProject/Ava/Content/Ava/Antelope/AntelopeBrainBT.uasset
[2017.06.23-10.47.38:144][299]LogSavePackage: Save=4.87ms
[2017.06.23-10.47.38:144][299]LogSavePackage: Moving '../../../../../../Users/i7230020.STUDENT.000/Documents/GitHub/MastersProject/Ava/Saved/AntelopeBrainBT542406FD46989728CEBE53A73F4F49B9.tmp' to '../../../../../../Users/i7230020.STUDENT.000/Documents/GitHub/MastersProject/Ava/Content/Ava/Antelope/AntelopeBrainBT.uasset'
[2017.06.23-10.47.38:155][299]LogSavePackage:Display: Finished SavePackage ../../../../../../Users/i7230020.STUDENT.000/Documents/GitHub/MastersProject/Ava/Content/Ava/Antelope/AntelopeBrainBT.uasset
[2017.06.23-10.47.45:332][642]LogSavePackage: Save=5.02ms
[2017.06.23-10.47.45:332][642]LogSavePackage: Moving '../../../../../../Users/i7230020.STUDENT.000/Documents/GitHub/MastersProject/Ava/Saved/AntelopeBrainBTA483B21440A745D158A73C8A659D4F04.tmp' to '../../../../../../Users/i7230020.STUDENT.000/Documents/GitHub/MastersProject/Ava/Content/Ava/Antelope/AntelopeBrainBT.uasset'
[2017.06.23-10.47.45:349][642]LogSavePackage:Display: Finished SavePackage ../../../../../../Users/i7230020.STUDENT.000/Documents/GitHub/MastersProject/Ava/Content/Ava/Antelope/AntelopeBrainBT.uasset
[2017.06.23-10.47.49:810][877]LogSavePackage: Save=5.23ms
[2017.06.23-10.47.49:810][877]LogSavePackage: Moving '../../../../../../Users/i7230020.STUDENT.000/Documents/GitHub/MastersProject/Ava/Saved/AntelopeBrainBTE42F68AD4B54F4DB7A36F4A89F2AC1E4.tmp' to '../../../../../../Users/i7230020.STUDENT.000/Documents/GitHub/MastersProject/Ava/Content/Ava/Antelope/AntelopeBrainBT.uasset'
[2017.06.23-10.47.49:819][877]LogSavePackage:Display: Finished SavePackage ../../../../../../Users/i7230020.STUDENT.000/Documents/GitHub/MastersProject/Ava/Content/Ava/Antelope/AntelopeBrainBT.uasset
[2017.06.23-10.47.53:999][ 77]LogPlayLevel: PlayLevel: No blueprints needed recompiling
[2017.06.23-10.47.53:999][ 77]PIE: New page: PIE session: ExternalEnvironment (23 Jun 2017 11:47:53)
[2017.06.23-10.47.53:999][ 77]LogPlayLevel: Creating play world package: /Game/Ava/Maps/UEDPIE_0_ExternalEnvironment
[2017.06.23-10.47.54:013][ 77]LogPlayLevel: PIE: StaticDuplicateObject took: (0.014094s)
[2017.06.23-10.47.54:014][ 77]LogAIModule: Creating AISystem for world ExternalEnvironment
[2017.06.23-10.47.54:014][ 77]LogPlayLevel: PIE: World Init took: (0.000592s)
[2017.06.23-10.47.54:014][ 77]LogPlayLevel: PIE: Created PIE world by copying editor world from /Game/Ava/Maps/ExternalEnvironment.ExternalEnvironment to /Game/Ava/Maps/UEDPIE_0_ExternalEnvironment.ExternalEnvironment (0.014880s)
[2017.06.23-10.47.54:042][ 77]LogInit: XAudio2 using 'Speakers (Realtek High Definition Audio)' : 2 channels at 48 kHz using 32 bits per sample (channel mask 0x3)
[2017.06.23-10.47.54:050][ 77]LogInit: FAudioDevice initialized.
[2017.06.23-10.47.54:102][ 77]LogWorld: Game class is 'AvaGameMode'
[2017.06.23-10.47.54:126][ 77]LogWorld: Bringing World /Game/Ava/Maps/UEDPIE_0_ExternalEnvironment.ExternalEnvironment up for play (max tick rate 0) at 2017.06.23-11.47.54
[2017.06.23-10.47.54:128][ 77]LogWorld: Bringing up level for play took: 0.025105
[2017.06.23-10.47.54:129][ 77]PIE: Info Play in editor start time for /Game/Ava/Maps/UEDPIE_0_ExternalEnvironment -0.323
[2017.06.23-10.47.55:032][ 77]LogCrashTracker: 


[2017.06.23-10.47.55:032][ 77]LogCrashTracker: 


[2017.06.23-10.47.55:032][ 77]LogWindows:Error: === Critical error: ===
Fatal error!



[2017.06.23-10.47.55:064][ 77]LogExit: Executing StaticShutdownAfterError
[2017.06.23-10.47.55:070][ 77]LogWindows: FPlatformMisc::RequestExit(1)
[2017.06.23-10.47.55:070][ 77]Log file closed, 06/23/17 11:47:55
