Log file open, 07/11/17 16:06:40
LogInit:Display: Running engine for game: Ava
LogPlatformFile: Not using cached read wrapper
LogInit:Display: RandInit(-884999995) SRandInit(-884999991).
LogTaskGraph: Started task graph with 4 named threads and 9 total threads with 1 sets of task threads.
LogStats: Stats thread started at 0.125492
LogInit: Version: 4.12.5-3039270+++UE4+Release-4.12
LogInit: API Version: 2992821
LogInit: Net Version: 3039270
LogDevObjectVersion: Number of dev versions registered: 13
LogDevObjectVersion:   Dev-Blueprints (B0D832E4-1F89-4F0D-ACCF-7EB736FD4AA2): 3
LogDevObjectVersion:   Dev-Build (E1C64328-A22C-4D53-A36C-8E866417BD8C): 0
LogDevObjectVersion:   Dev-Core (375EC13C-06E4-48FB-B500-84F0262A717E): 1
LogDevObjectVersion:   Dev-Editor (E4B068ED-F494-42E9-A231-DA0B2E46BB41): 2
LogDevObjectVersion:   Dev-Framework (CFFC743F-43B0-4480-9391-14DF171D2073): 6
LogDevObjectVersion:   Dev-Mobile (B02B49B5-BB20-44E9-A304-32B752E40360): 0
LogDevObjectVersion:   Dev-Networking (A4E4105C-59A1-49B5-A7C5-40C4547EDFEE): 0
LogDevObjectVersion:   Dev-Online (39C831C9-5AE6-47DC-9A44-9C173E1C8E7C): 0
LogDevObjectVersion:   Dev-Physics (78F01B33-EBEA-4F98-B9B4-84EACCB95AA2): 0
LogDevObjectVersion:   Dev-Platform (6631380F-2D4D-43E0-8009-CF276956A95A): 0
LogDevObjectVersion:   Dev-Rendering (12F88B9F-8875-4AFC-A67C-D90C383ABD29): 2
LogDevObjectVersion:   Dev-Sequencer (7B5AE74C-D270-4C10-A958-57980B212A5A): 0
LogDevObjectVersion:   Dev-VR (D7296918-1DD6-4BDD-9DE2-64A83CC13884): 0
LogInit: Compiled (64-bit): Jul  6 2016 09:09:46
LogInit: Compiled with Visual C++: 19.00.23026.00
LogInit: Build Configuration: Development
LogInit: Branch Name: ++UE4+Release-4.12
LogInit: Command line:  
LogInit: Base directory: C:/Program Files/Epic Games/4.12/Engine/Binaries/Win64/
LogInit: Installed Engine Build: 1
LogInit: Using libcurl 7.41.0
LogInit:  - built for x86_64-pc-win32
LogInit:  - supports SSL with WinSSL
LogInit:  - other features:
LogInit:      CURL_VERSION_SSL
LogInit:      CURL_VERSION_IPV6
LogInit:      CURL_VERSION_ASYNCHDNS
LogInit:      CURL_VERSION_LARGEFILE
LogInit:      CURL_VERSION_IDN
LogInit:  CurlRequestOptions (configurable via config and command line):
LogInit:  - bVerifyPeer = true  - Libcurl will verify peer certificate
LogInit:  - bUseHttpProxy = false  - Libcurl will NOT use HTTP proxy
LogInit:  - bDontReuseConnections = false  - Libcurl will reuse connections
LogInit:  - CertBundlePath = nullptr  - Libcurl will use whatever was configured at build time.
LogInit: Presizing for max 8388607 objects, including 0 objects not considered by GC, pre-allocating 0 bytes for permanent pool.
LogInit: Object subsystem initialized
[2017.07.11-15.06.40:416][  0]LogInit: Selected Device Profile: [Windows]
[2017.07.11-15.06.40:416][  0]LogInit: Applying CVar settings loaded from the selected device profile: [Windows]
[2017.07.11-15.06.40:493][  0]LogInit: Computer: PC42640
[2017.07.11-15.06.40:493][  0]LogInit: User: i7230020
[2017.07.11-15.06.40:493][  0]LogInit: CPU Page size=65536, Cores=6
[2017.07.11-15.06.40:493][  0]LogInit: High frequency timer resolution =3.410097 MHz
[2017.07.11-15.06.40:493][  0]LogMemory: Memory total: Physical=31.9GB (32GB approx)
[2017.07.11-15.06.40:493][  0]LogMemory: Platform Memory Stats for Windows
[2017.07.11-15.06.40:493][  0]LogMemory: Process Physical Memory: 196.62 MB used, 196.62 MB peak
[2017.07.11-15.06.40:493][  0]LogMemory: Process Virtual Memory: 198.91 MB used, 198.91 MB peak
[2017.07.11-15.06.40:493][  0]LogMemory: Physical Memory: 7649.37 MB used, 32684.15 MB total
[2017.07.11-15.06.40:493][  0]LogMemory: Virtual Memory: 539.58 MB used, 8388608.00 MB total
[2017.07.11-15.06.40:615][  0]LogTextLocalizationManager: No specific translations for ('en-GB') exist, so ('en') translations will be used.
[2017.07.11-15.06.41:068][  0]LogD3D11RHI: D3D11 adapters:
[2017.07.11-15.06.41:095][  0]LogD3D11RHI:    0. 'NVIDIA Quadro M4000' (Feature Level 11_0)
[2017.07.11-15.06.41:095][  0]LogD3D11RHI:       8092/0/16086 MB DedicatedVideo/DedicatedSystem/SharedSystem, Outputs:1, VendorId:0x10de
[2017.07.11-15.06.41:095][  0]LogD3D11RHI: Chosen D3D11 Adapter: 0
[2017.07.11-15.06.41:104][  0]LogD3D11RHI: Creating new Direct3DDevice
[2017.07.11-15.06.41:104][  0]LogD3D11RHI:     GPU DeviceId: 0x13f1 (for the marketing name, search the web for "GPU Device Id")
[2017.07.11-15.06.41:104][  0]LogWindows: EnumDisplayDevices:
[2017.07.11-15.06.41:105][  0]LogWindows:    0. 'NVIDIA Quadro M4000' (P:1 D:1)
[2017.07.11-15.06.41:106][  0]LogWindows:    1. 'NVIDIA Quadro M4000' (P:0 D:0)
[2017.07.11-15.06.41:107][  0]LogWindows:    2. 'NVIDIA Quadro M4000' (P:0 D:0)
[2017.07.11-15.06.41:108][  0]LogWindows:    3. 'NVIDIA Quadro M4000' (P:0 D:0)
[2017.07.11-15.06.41:108][  0]LogWindows:    4. 'RDPDD Chained DD' (P:0 D:0)
[2017.07.11-15.06.41:109][  0]LogWindows:    5. 'RDP Encoder Mirror Driver' (P:0 D:0)
[2017.07.11-15.06.41:109][  0]LogWindows:    6. 'RDP Reflector Display Driver' (P:0 D:0)
[2017.07.11-15.06.41:110][  0]LogWindows: DebugString: GetVideoDriverDetailsInvalid PrimaryIsNotTheChoosenAdapter GetVideoDriverDetailsInvalid PrimaryIsNotTheChoosenAdapter GetVideoDriverDetailsInvalid PrimaryIsNotTheChoosenAdapter FoundDriverCount:4 
[2017.07.11-15.06.41:110][  0]LogD3D11RHI:     Adapter Name: NVIDIA Quadro M4000
[2017.07.11-15.06.41:110][  0]LogD3D11RHI:   Driver Version: 362.13 (internal:10.18.13.6213, unified:362.13)
[2017.07.11-15.06.41:110][  0]LogD3D11RHI:      Driver Date: 3-18-2016
[2017.07.11-15.06.41:110][  0]LogRHI: Texture pool is 1361 MB (70% of 1945 MB)
[2017.07.11-15.06.41:126][  0]LogD3D11RHI: Async texture creation enabled
[2017.07.11-15.06.41:144][  0]LogD3D11RHI: GPU Timing Frequency: 1000.000000 (Debug: 2 2)
[2017.07.11-15.06.41:144][  0]LogShaderCompilers: Guid format shader working directory is -7 characters bigger than the processId version (W:/University Work/Masters/MastersProject/MastersProject/Ava/Intermediate/Shaders/WorkingDirectory/6600/).
[2017.07.11-15.06.41:145][  0]LogShaderCompilers: Cleaned the shader compiler working directory 'C:/Users/I72300~1.000/AppData/Local/Temp/UnrealShaderWorkingDir/60690CE74EB1244B304B6F9DC6767A1A/'.
[2017.07.11-15.06.41:145][  0]LogShaderCompilers:Display: Using Local Shader Compiler.
[2017.07.11-15.06.42:407][  0]LogTemp:Display: Loaded TP AllDesktopTargetPlatform
[2017.07.11-15.06.42:417][  0]LogTemp:Display: Loaded TP WindowsClientTargetPlatform
[2017.07.11-15.06.42:426][  0]LogTemp:Display: Loaded TP WindowsNoEditorTargetPlatform
[2017.07.11-15.06.42:435][  0]LogTemp:Display: Loaded TP WindowsServerTargetPlatform
[2017.07.11-15.06.42:443][  0]LogTemp:Display: Loaded TP WindowsTargetPlatform
[2017.07.11-15.06.42:451][  0]LogTemp:Display: Loaded TP AndroidTargetPlatform
[2017.07.11-15.06.42:459][  0]LogTemp:Display: Loaded TP Android_ASTCTargetPlatform
[2017.07.11-15.06.42:466][  0]LogTemp:Display: Loaded TP Android_ATCTargetPlatform
[2017.07.11-15.06.42:474][  0]LogTemp:Display: Loaded TP Android_DXTTargetPlatform
[2017.07.11-15.06.42:482][  0]LogTemp:Display: Loaded TP Android_ETC1TargetPlatform
[2017.07.11-15.06.42:489][  0]LogTemp:Display: Loaded TP Android_ETC2TargetPlatform
[2017.07.11-15.06.42:504][  0]LogTemp:Display: Loaded TP Android_MultiTargetPlatform
[2017.07.11-15.06.42:504][  0]LogTemp:Display: Loaded TP Android_PVRTCTargetPlatform
[2017.07.11-15.06.42:506][  0]LogTemp:Display: Loaded TP HTML5TargetPlatform
[2017.07.11-15.06.42:526][  0]LogTemp:Display: Loaded TP IOSTargetPlatform
[2017.07.11-15.06.42:533][  0]LogTemp:Display: Loaded TP TVOSTargetPlatform
[2017.07.11-15.06.42:540][  0]LogTemp:Display: Loaded TP LinuxNoEditorTargetPlatform
[2017.07.11-15.06.42:548][  0]LogTemp:Display: Loaded TP LinuxServerTargetPlatform
[2017.07.11-15.06.42:555][  0]LogTemp:Display: Loaded TP LinuxTargetPlatform
[2017.07.11-15.06.42:555][  0]LogTargetPlatformManager:Display: Building Assets For Windows
[2017.07.11-15.06.42:706][  0]LogDerivedDataCache:Display: Max Cache Size: 512 MB
[2017.07.11-15.06.42:766][  0]LogDerivedDataCache: Loaded boot cache 0.06s 62MB C:/Users/i7230020.STUDENT.000/AppData/Local/UnrealEngine/4.12/DerivedDataCache/Boot.ddc.
[2017.07.11-15.06.42:766][  0]LogDerivedDataCache:Display: Loaded Boot cache: C:/Users/i7230020.STUDENT.000/AppData/Local/UnrealEngine/4.12/DerivedDataCache/Boot.ddc
[2017.07.11-15.06.42:766][  0]LogDerivedDataCache: FDerivedDataBackendGraph:  Pak pak cache file W:/University Work/Masters/MastersProject/MastersProject/Ava/DerivedDataCache/DDC.ddp not found, will not use a pak cache.
[2017.07.11-15.06.42:766][  0]LogDerivedDataCache: Unable to find inner node Pak for hierarchical cache Hierarchy.
[2017.07.11-15.06.42:766][  0]LogDerivedDataCache: FDerivedDataBackendGraph:  CompressedPak pak cache file W:/University Work/Masters/MastersProject/MastersProject/Ava/DerivedDataCache/Compressed.ddp not found, will not use a pak cache.
[2017.07.11-15.06.42:766][  0]LogDerivedDataCache: Unable to find inner node CompressedPak for hierarchical cache Hierarchy.
[2017.07.11-15.06.42:781][  0]LogDerivedDataCache:Display: Pak cache opened for reading ../../../Engine/DerivedDataCache/Compressed.ddp.
[2017.07.11-15.06.42:793][  0]LogDerivedDataCache: Using Local data cache path C:/Users/i7230020.STUDENT.000/AppData/Local/UnrealEngine/Common/DerivedDataCache: Writable
[2017.07.11-15.06.43:233][  0]LogInit: Selected Device Profile: [Windows]
[2017.07.11-15.06.43:233][  0]LogContentStreaming: Texture pool size is 0.00 MB
[2017.07.11-15.06.43:406][  0]LogMeshUtilities: No automatic mesh reduction module available
[2017.07.11-15.06.43:406][  0]LogMeshUtilities: No automatic mesh merging module available
[2017.07.11-15.06.43:406][  0]LogMeshUtilities: No distributed automatic mesh merging module available
[2017.07.11-15.06.43:673][  0]LogAssetRegistry: FAssetRegistry took 0.0198 seconds to start up
[2017.07.11-15.06.43:813][  0]LogPackageLocalizationCache: Processed 4 localized package path(s) for 2 prioritized culture(s) in 0.137646 seconds
[2017.07.11-15.06.43:817][  0]LogUObjectArray: 28739 objects as part of root set at end of initial load.
[2017.07.11-15.06.43:817][  0]LogUObjectAllocator: 5855624 out of 0 bytes used by permanent object pool.
[2017.07.11-15.06.43:817][  0]LogUObjectArray: CloseDisregardForGC: 0/0 objects in disregard for GC pool
[2017.07.11-15.06.43:823][  0]LogInit: WinSock: version 1.1 (2.2), MaxSocks=32767, MaxUdp=65467
[2017.07.11-15.06.44:006][  0]LogSlate: SlateFontCache - WITH_FREETYPE: 1, WITH_HARFBUZZ: 1
[2017.07.11-15.06.44:006][  0]LogSlate: SlateFontCache - WITH_FREETYPE: 1, WITH_HARFBUZZ: 1
[2017.07.11-15.06.45:327][  0]LogUdpMessaging: Initializing bridge on interface 0.0.0.0:0 to multicast group 230.0.0.1:6666.
[2017.07.11-15.06.45:403][  0]LogStats: FPlatformStackWalk::StackWalkAndDump -  0.011 s
[2017.07.11-15.06.45:403][  0]LogOutputDevice:Warning: === Handled error: ===

Ensure condition failed: !AttachmentRules.bWeldSimulatedBodies [File:D:\Build\++UE4+Release-4.12+Compile\Sync\Engine\Source\Runtime\Engine\Private\Components\SceneComponent.cpp] [Line: 1481]
AttachToComponent when called from a constructor cannot weld simulated bodies. Consider calling SetupAttachment directly instead.
Stack: 
UE4Editor-Core.dll
UE4Editor-Core.dll
UE4Editor-Core.dll
UE4Editor-Engine.dll
UE4Editor-Ava.dll
UE4Editor-CoreUObject.dll
UE4Editor-CoreUObject.dll
UE4Editor-CoreUObject.dll
UE4Editor-CoreUObject.dll
UE4Editor-Core.dll
UE4Editor-Core.dll
UE4Editor-Projects.dll
UE4Editor-Projects.dll
UE4Editor.exe
UE4Editor.exe
UE4Editor.exe
UE4Editor.exe
UE4Editor.exe
UE4Editor.exe
kernel32.dll
ntdll.dll
ntdll.dll

[2017.07.11-15.06.45:403][  0]LogStats:                SubmitErrorReport -  0.000 s
[2017.07.11-15.06.46:317][  0]LogStats:                    SendNewReport -  0.914 s
[2017.07.11-15.06.46:317][  0]LogStats:             FDebug::EnsureFailed -  0.925 s
[2017.07.11-15.06.46:905][  0]SourceControl: Info Source control is disabled
[2017.07.11-15.06.46:907][  0]SourceControl: Info Source control is disabled
[2017.07.11-15.06.46:927][  0]SourceControl: Info Source control is disabled
[2017.07.11-15.06.46:946][  0]SourceControl: Info Source control is disabled
[2017.07.11-15.06.47:137][  0]LogHoudiniEngine: Starting the Houdini Engine module.
[2017.07.11-15.06.47:138][  0]LogHoudiniEngine: Loaded libHAPIL.dll from Registry path C:\Program Files\Side Effects Software\Houdini 15.5.632/bin
[2017.07.11-15.06.47:139][  0]LogLinker:Warning: Asset '../../../Engine/Plugins/Runtime/HoudiniEngine/Content/houdini_logo.uasset' has been saved with empty engine version. The asset will be loaded but may be incompatible.
[2017.07.11-15.06.47:140][  0]LogLinker:Warning: Asset '../../../Engine/Plugins/Runtime/HoudiniEngine/Content/houdini_default_material.uasset' has been saved with empty engine version. The asset will be loaded but may be incompatible.
[2017.07.11-15.06.47:145][  0]LogLinker:Warning: Asset '../../../Engine/Plugins/Runtime/HoudiniEngine/Content/houdini_bgeo_import.uasset' has been saved with empty engine version. The asset will be loaded but may be incompatible.
[2017.07.11-15.06.48:664][  0]LogHoudiniEngine: Successfully initialized the Houdini Engine API module.
[2017.07.11-15.06.48:893][  0]LogEngine: Initializing Engine...
[2017.07.11-15.06.48:895][  0]LogHMD: SteamVR failed to initialize.  Err: 110
[2017.07.11-15.06.48:897][  0]LogHMD: SteamVR failed to initialize.  Err: 110
[2017.07.11-15.06.49:036][  0]LogAIModule: Creating AISystem for world NewWorld
[2017.07.11-15.06.49:044][  0]LogInit: XAudio2 using 'Speakers (Realtek High Definition Audio)' : 2 channels at 48 kHz using 32 bits per sample (channel mask 0x3)
[2017.07.11-15.06.49:076][  0]LogInit: FAudioDevice initialized.
[2017.07.11-15.06.49:112][  0]LogDerivedDataCache: Saved boot cache 0.04s 62MB C:/Users/i7230020.STUDENT.000/AppData/Local/UnrealEngine/4.12/DerivedDataCache/Boot.ddc.
[2017.07.11-15.06.49:119][  0]LogInit: Texture streaming: Enabled
[2017.07.11-15.06.49:142][  0]LogInit: Transaction tracking system initialized
[2017.07.11-15.06.49:163][  0]BlueprintLog: New page: Editor Load
[2017.07.11-15.06.49:233][  0]LocalizationService: Info Localization service is disabled
[2017.07.11-15.06.49:319][  0]LogConsoleResponse:Display: 
[2017.07.11-15.06.49:458][  0]LogCook:Display: Max memory allowance for cook 8192mb
[2017.07.11-15.06.49:458][  0]LogCook:Display: Mobile HDR setting 1
[2017.07.11-15.06.49:557][  0]LogFileCache: Scanning file cache for directory 'W:/University Work/Masters/MastersProject/MastersProject/Ava/Content/' took 0.02s
[2017.07.11-15.06.49:557][  0]LogHoudiniEngineEditor: Starting the Houdini Engine Editor module.
[2017.07.11-15.06.49:610][  0]SourceControl: Info Source control is disabled
[2017.07.11-15.06.49:610][  0]Cmd: MAP LOAD FILE="W:/University Work/Masters/MastersProject/MastersProject/Ava/Content/Ava/Maps/MainMenu.umap" TEMPLATE=0 SHOWPROGRESS=1 FEATURELEVEL=3
[2017.07.11-15.06.49:715][  0]LightingResults: New page: Lighting Build
[2017.07.11-15.06.49:717][  0]MapCheck: New page: Map Check
[2017.07.11-15.06.49:717][  0]LightingResults: New page: Lighting Build
[2017.07.11-15.06.50:709][  0]LogAIModule: Creating AISystem for world MainMenu
[2017.07.11-15.06.50:710][  0]LogEditorServer: Finished looking for orphan Actors (0.000 secs)
[2017.07.11-15.06.50:711][  0]Cmd: MAP CHECKDEP NOCLEARLOG
[2017.07.11-15.06.50:807][  0]MapCheck: Info Map check complete: 0 Error(s), 0 Warning(s), took 96.744ms to complete.
[2017.07.11-15.06.50:807][  0]LogFileHelpers: Loading map 'MainMenu' took 1.196
[2017.07.11-15.06.51:664][  0]LogCollectionManager: Loaded 0 collections in 0.001595 seconds
[2017.07.11-15.06.51:703][  0]LogFileCache: Scanning file cache for directory 'W:/University Work/Masters/MastersProject/MastersProject/Ava/Saved/Collections/' took 0.01s
[2017.07.11-15.06.51:703][  0]LogFileCache: Scanning file cache for directory 'W:/University Work/Masters/MastersProject/MastersProject/Ava/Content/Developers/i7230020/Collections/' took 0.01s
[2017.07.11-15.06.51:703][  0]LogFileCache: Scanning file cache for directory 'W:/University Work/Masters/MastersProject/MastersProject/Ava/Content/Collections/' took 0.01s
[2017.07.11-15.06.51:703][  0]LogCollectionManager: Rebuilt the GUID cache for 0 collections in 0.000002 seconds
[2017.07.11-15.06.51:714][  0]LogContentBrowser: Native class hierarchy populated in 0.0111 seconds. Added 2095 classes and 376 folders.
[2017.07.11-15.06.51:717][  0]LogStats: UGameplayTagsManager::ConstructGameplayTagTree: Construct from data asset -  0.000 s
[2017.07.11-15.06.51:717][  0]LogStats: UGameplayTagsManager::ConstructGameplayTagTree: GameplayTagTreeChangedEvent.Broadcast -  0.000 s
[2017.07.11-15.06.51:720][  0]LogContentBrowser: Native class hierarchy updated for 'GameplayTags' in 0.0025 seconds. Added 12 classes and 0 folders.
[2017.07.11-15.06.51:727][  0]LogContentBrowser: Native class hierarchy updated for 'WidgetCarousel' in 0.0025 seconds. Added 0 classes and 0 folders.
[2017.07.11-15.06.51:828][  0]LogContentBrowser: Native class hierarchy updated for 'AddContentDialog' in 0.0027 seconds. Added 0 classes and 0 folders.
[2017.07.11-15.06.51:834][  0]LogContentBrowser: Native class hierarchy updated for 'SceneOutliner' in 0.0025 seconds. Added 1 classes and 2 folders.
[2017.07.11-15.06.51:882][  0]LogCrashTracker: Crashtracker disabled due to settings.
[2017.07.11-15.06.51:922][  0]LogContentBrowser: Native class hierarchy updated for 'HierarchicalLODOutliner' in 0.0034 seconds. Added 1 classes and 2 folders.
[2017.07.11-15.06.51:922][  0]LogLoad: Full Startup: 14.60 seconds (BP compile: 0.02 seconds)
[2017.07.11-15.06.51:922][  0]LogExternalProfiler: Found external profiler: VSPerf
[2017.07.11-15.06.51:922][  0]LogExternalProfiler: Using external profiler: VSPerf
[2017.07.11-15.06.51:935][  0]LogOcInput: OculusInput pre-init called
[2017.07.11-15.06.51:955][  0]LogContentStreaming: Texture pool size now 1000 MB
[2017.07.11-15.06.52:090][  1]LogAssetRegistry: Asset discovery search completed in 8.4369 seconds
[2017.07.11-15.06.52:090][  1]LogCollectionManager: Rebuilt the object cache for 0 collections in 0.000001 seconds (found 0 objects)
[2017.07.11-15.06.52:090][  1]LogCollectionManager: Fixed up redirectors for 0 collections in 0.000018 seconds (updated 0 objects)
[2017.07.11-15.06.52:103][  2]LogRenderer: Reallocating scene render targets to support 1292x588 (Frame:2).
[2017.07.11-15.09.54:264][804]LogRenderer: Reallocating scene render targets to support 1616x600 (Frame:1282).
[2017.07.11-15.10.06:775][655]LogContentBrowser: Native class hierarchy updated for 'BlueprintGraph' in 0.0028 seconds. Added 111 classes and 0 folders.
[2017.07.11-15.25.26:128][941]Running C:/Program Files/Epic Games/4.12/Engine/Binaries/DotNET/UnrealBuildTool.exe Ava Win64 Development -editorrecompile "W:/University Work/Masters/MastersProject/MastersProject/Ava/Ava.uproject" -invalidatemakefilesonly
[2017.07.11-15.25.26:538][941]Invalidating makefiles only in this run.
[2017.07.11-15.25.26:770][941]Recompiling Ava...
[2017.07.11-15.25.26:771][941]Launching UnrealBuildTool... [C:/Program Files/Epic Games/4.12/Engine/Binaries/DotNET/UnrealBuildTool.exe Ava -ModuleWithSuffix Ava 5144 Win64 Development -editorrecompile -canskiplink "W:/University Work/Masters/MastersProject/MastersProject/Ava/Ava.uproject"  -2015]
[2017.07.11-15.26.33:500][941]CompilerResultsLog: New page: Compilation - 11 Jul 2017 16:26:33
[2017.07.11-15.26.33:500][941]CompilerResultsLog: Info Performing full C++ include scan (hot reloading a new target)
[2017.07.11-15.26.33:500][941]CompilerResultsLog: Info Creating makefile for hot reloading Ava (no existing makefile)
[2017.07.11-15.26.33:500][941]CompilerResultsLog: Info Compiling game modules for hot reload
[2017.07.11-15.26.33:500][941]CompilerResultsLog: Info Parsing headers for AvaEditor
[2017.07.11-15.26.33:500][941]CompilerResultsLog: Info   Running UnrealHeaderTool "W:\University Work\Masters\MastersProject\MastersProject\Ava\Ava.uproject" "W:\University Work\Masters\MastersProject\MastersProject\Ava\Intermediate\Build\Win64\AvaEditor\Development\AvaEditor.uhtmanifest" -LogCmds="loginit warning, logexit warning, logdatabase error" -Unattended -WarningsAsErrors -installed
[2017.07.11-15.26.33:500][941]CompilerResultsLog: Info Reflection code generated for AvaEditor in 5.8612318 seconds
[2017.07.11-15.26.33:500][941]CompilerResultsLog: Info Performing 24 actions (9 in parallel)
[2017.07.11-15.26.33:500][941]CompilerResultsLog: Info [2/24] Resource ModuleVersionResource.rc.inl
[2017.07.11-15.26.33:500][941]CompilerResultsLog: Info [3/24] Resource PCLaunch.rc
[2017.07.11-15.26.33:500][941]CompilerResultsLog: Info PCH.Ava.h.cpp
[2017.07.11-15.26.33:500][941]CompilerResultsLog: Info Ava.generated.cpp
[2017.07.11-15.26.33:500][941]CompilerResultsLog: Info StatueObject.cpp
[2017.07.11-15.26.33:500][941]CompilerResultsLog: Info MainMenu.cpp
[2017.07.11-15.26.33:500][941]CompilerResultsLog: Info RoutePoint.cpp
[2017.07.11-15.26.33:500][941]CompilerResultsLog: Info PushPullItem.cpp
[2017.07.11-15.26.33:500][941]CompilerResultsLog: Info MainGameUI.cpp
[2017.07.11-15.26.33:500][941]CompilerResultsLog: Info pickUpItem.cpp
[2017.07.11-15.26.33:500][941]CompilerResultsLog: Info Puzzle.cpp
[2017.07.11-15.26.33:500][941]CompilerResultsLog: Info MainCharacter.cpp
[2017.07.11-15.26.33:500][941]CompilerResultsLog:Error: Error W:\University Work\Masters\MastersProject\MastersProject\Ava\Source\Ava\StatueObject.cpp(24) : warning C4996: 'USceneComponent::AttachTo': This function is deprecated, please use AttachToComponent instead. Please update your code to the new API before upgrading to the next release, otherwise your project will no longer compile.
[2017.07.11-15.26.33:500][941]CompilerResultsLog:Error: Error C:\Program Files\Epic Games\4.12\Engine\Source\Runtime\Engine\Classes\Components/SceneComponent.h(607) : note: see declaration of 'USceneComponent::AttachTo'
[2017.07.11-15.26.33:500][941]CompilerResultsLog:Error: Error W:\University Work\Masters\MastersProject\MastersProject\Ava\Source\Ava\MainCharacter.cpp(39) : warning C4996: 'USceneComponent::AttachTo': This function is deprecated, please use AttachToComponent instead. Please update your code to the new API before upgrading to the next release, otherwise your project will no longer compile.
[2017.07.11-15.26.33:500][941]CompilerResultsLog:Error: Error C:\Program Files\Epic Games\4.12\Engine\Source\Runtime\Engine\Classes\Components/SceneComponent.h(607) : note: see declaration of 'USceneComponent::AttachTo'
[2017.07.11-15.26.33:500][941]CompilerResultsLog:Error: Error W:\University Work\Masters\MastersProject\MastersProject\Ava\Source\Ava\MainCharacter.cpp(48) : warning C4996: 'USceneComponent::AttachTo': This function is deprecated, please use AttachToComponent instead. Please update your code to the new API before upgrading to the next release, otherwise your project will no longer compile.
[2017.07.11-15.26.33:501][941]CompilerResultsLog:Error: Error C:\Program Files\Epic Games\4.12\Engine\Source\Runtime\Engine\Classes\Components/SceneComponent.h(607) : note: see declaration of 'USceneComponent::AttachTo'
[2017.07.11-15.26.33:501][941]CompilerResultsLog:Error: Error W:\University Work\Masters\MastersProject\MastersProject\Ava\Source\Ava\MainCharacter.cpp(57) : warning C4996: 'USceneComponent::AttachTo': This function is deprecated, please use AttachToComponent instead. Please update your code to the new API before upgrading to the next release, otherwise your project will no longer compile.
[2017.07.11-15.26.33:501][941]CompilerResultsLog:Error: Error C:\Program Files\Epic Games\4.12\Engine\Source\Runtime\Engine\Classes\Components/SceneComponent.h(607) : note: see declaration of 'USceneComponent::AttachTo'
[2017.07.11-15.26.33:501][941]CompilerResultsLog: Info GreenPuzzle.cpp
[2017.07.11-15.26.33:501][941]CompilerResultsLog: Info BTTaskFindNextRoutePoint.cpp
[2017.07.11-15.26.33:501][941]CompilerResultsLog: Info DataFactory.cpp
[2017.07.11-15.26.33:501][941]CompilerResultsLog: Info Door.cpp
[2017.07.11-15.26.33:501][941]CompilerResultsLog: Info BTTaskFindClosestEscapePoint.cpp
[2017.07.11-15.26.33:501][941]CompilerResultsLog: Info BTServiceSearchForPlayer.cpp
[2017.07.11-15.26.33:501][941]CompilerResultsLog: Info AvaGameMode.cpp
[2017.07.11-15.26.33:501][941]CompilerResultsLog: Info Ava.cpp
[2017.07.11-15.26.33:501][941]CompilerResultsLog: Info AntelopeAIController.cpp
[2017.07.11-15.26.33:501][941]CompilerResultsLog: Info Antelope.cpp
[2017.07.11-15.26.33:501][941]CompilerResultsLog: Info EscapePoint.cpp
[2017.07.11-15.26.33:501][941]CompilerResultsLog:Error: Error w:\university work\masters\mastersproject\mastersproject\ava\source\ava\bttaskfindclosestescapepoint.cpp(33)  : warning C4701: potentially uninitialized local variable 'ShortestDistanceEscapePointIndex' used
[2017.07.11-15.26.33:501][941]CompilerResultsLog:Error: Error W:\University Work\Masters\MastersProject\MastersProject\Ava\Source\Ava\Antelope.cpp(45) : warning C4996: 'USceneComponent::AttachTo': This function is deprecated, please use AttachToComponent instead. Please update your code to the new API before upgrading to the next release, otherwise your project will no longer compile.
[2017.07.11-15.26.33:501][941]CompilerResultsLog:Error: Error C:\Program Files\Epic Games\4.12\Engine\Source\Runtime\Engine\Classes\Components/SceneComponent.h(607) : note: see declaration of 'USceneComponent::AttachTo'
[2017.07.11-15.26.33:501][941]CompilerResultsLog: Info [24/24] Link UE4Editor-Ava-5144.dll
[2017.07.11-15.26.33:501][941]CompilerResultsLog: Info    Creating library W:\University Work\Masters\MastersProject\MastersProject\Ava\Intermediate\Build\Win64\UE4Editor\Development\UE4Editor-Ava-5144.lib and object W:\University Work\Masters\MastersProject\MastersProject\Ava\Intermediate\Build\Win64\UE4Editor\Development\UE4Editor-Ava-5144.exp
[2017.07.11-15.26.33:501][941]CompilerResultsLog: Info Total build time: 66.55 seconds
[2017.07.11-15.26.33:501][941]LogMainFrame: MainFrame: Module compiling took 66.739 seconds
[2017.07.11-15.26.33:576][941]LogClass: Could not find existing class MainGameUI in package /Script/Ava for HotReload, assuming new class
[2017.07.11-15.26.33:580][941]LogClass: ItemDataVariables HotReload.
[2017.07.11-15.26.33:580][941]LogClass: Item HotReload.
[2017.07.11-15.26.33:581][941]LogHotReload: Re-instancing Antelope after hot-reload.
[2017.07.11-15.26.33:642][941]LogHotReload: Re-instancing MainCharacter after hot-reload.
[2017.07.11-15.26.33:694][941]LogHotReload: Re-instancing StatueObject after hot-reload.
[2017.07.11-15.26.33:748][941]LogContentBrowser: Native class hierarchy updated for 'Ava' in 0.0025 seconds. Added 18 classes and 2 folders.
[2017.07.11-15.26.33:750][941]Warning: HotReload successful (7 functions remapped  0 scriptstructs remapped)
[2017.07.11-15.26.34:037][941]LogContentBrowser: Native class hierarchy populated in 0.0123 seconds. Added 2098 classes and 380 folders.
[2017.07.11-15.26.34:037][941]Warning: HotReload took 67.3s.
[2017.07.11-15.26.34:038][941]Warning: HotReload operation took 67.3s.
[2017.07.11-15.26.34:201][941]LogVSAccessor:Warning: Couldn't goto line number '0' in 'W:/University Work/Masters/MastersProject/MastersProject/Ava/Source/Ava/MainGameUI.h'
[2017.07.11-15.26.34:280][941]LogVSAccessor:Warning: Couldn't goto line number '0' in 'W:/University Work/Masters/MastersProject/MastersProject/Ava/Source/Ava/MainGameUI.cpp'
[2017.07.11-15.26.34:317][941]LogHotReload: New module detected: UE4Editor-Ava-5144.dll
[2017.07.11-15.26.34:367][942]LogHotReload: Starting Hot-Reload from IDE
[2017.07.11-15.26.34:434][942]LogContentBrowser: Native class hierarchy updated for 'Ava' in 0.0026 seconds. Added 18 classes and 2 folders.
[2017.07.11-15.26.34:436][942]Warning: HotReload successful (0 functions remapped  0 scriptstructs remapped)
[2017.07.11-15.26.34:618][942]LogContentBrowser: Native class hierarchy populated in 0.0094 seconds. Added 2098 classes and 380 folders.
[2017.07.11-15.26.34:621][942]Warning: HotReload took  0.3s.
[2017.07.11-15.31.42:897][645]Cmd: OBJ SAVEPACKAGE PACKAGE="/Game/Ava/MainMenuBP" FILE="W:/University Work/Masters/MastersProject/MastersProject/Ava/Content/Ava/MainMenuBP.uasset" SILENT=true
[2017.07.11-15.31.42:924][645]LogSavePackage: Save=18.13ms
[2017.07.11-15.31.42:924][645]LogSavePackage: Moving 'W:/University Work/Masters/MastersProject/MastersProject/Ava/Saved/MainMenuBPF07603CF4CA88DE877F0C5A74087F23F.tmp' to 'W:/University Work/Masters/MastersProject/MastersProject/Ava/Content/Ava/MainMenuBP.uasset'
[2017.07.11-15.31.42:930][645]LogSavePackage:Display: Finished SavePackage W:/University Work/Masters/MastersProject/MastersProject/Ava/Content/Ava/MainMenuBP.uasset
[2017.07.11-15.31.53:391][231]LogSlate:Warning: Prevented a slow task dialog from being summoned while a context menu was open
[2017.07.11-15.32.07:153][879]LogBlueprint:Warning: Reparenting blueprint WidgetBlueprint /Game/Ava/GameUIBP.GameUIBP from UserWidget to MainGameUI...
[2017.07.11-15.32.07:178][879]BlueprintLog: New page: Compile GameUIBP
[2017.07.11-15.32.07:259][879]BlueprintEditorCompileResults: Info [1530.01] Compile of GameUIBP successful! [in 80 ms] (/Game/Ava/GameUIBP.GameUIBP)
[2017.07.11-15.32.09:035][977]BlueprintLog: New page: Compile GameUIBP
[2017.07.11-15.32.09:118][977]BlueprintEditorCompileResults: Info [1531.87] Compile of GameUIBP successful! [in 82 ms] (/Game/Ava/GameUIBP.GameUIBP)
[2017.07.11-15.32.09:534][998]Cmd: OBJ SAVEPACKAGE PACKAGE="/Game/Ava/GameUIBP" FILE="W:/University Work/Masters/MastersProject/MastersProject/Ava/Content/Ava/GameUIBP.uasset" SILENT=true
[2017.07.11-15.32.09:597][998]LogSavePackage: Save=54.98ms
[2017.07.11-15.32.09:597][998]LogSavePackage: Moving 'W:/University Work/Masters/MastersProject/MastersProject/Ava/Saved/GameUIBP7DA76700478685DD2085ECA666ED0B9C.tmp' to 'W:/University Work/Masters/MastersProject/MastersProject/Ava/Content/Ava/GameUIBP.uasset'
[2017.07.11-15.32.09:604][998]LogSavePackage:Display: Finished SavePackage W:/University Work/Masters/MastersProject/MastersProject/Ava/Content/Ava/GameUIBP.uasset
[2017.07.11-15.32.25:126][794]BlueprintLog: New page: Compile GameUIBP
[2017.07.11-15.32.25:242][794]BlueprintEditorCompileResults: Info [1547.99] Compile of GameUIBP successful! [in 116 ms] (/Game/Ava/GameUIBP.GameUIBP)
[2017.07.11-15.32.25:541][805]Cmd: OBJ SAVEPACKAGE PACKAGE="/Game/Ava/GameUIBP" FILE="W:/University Work/Masters/MastersProject/MastersProject/Ava/Content/Ava/GameUIBP.uasset" SILENT=true
[2017.07.11-15.32.25:589][805]LogSavePackage: Save=43.31ms
[2017.07.11-15.32.25:589][805]LogSavePackage: Moving 'W:/University Work/Masters/MastersProject/MastersProject/Ava/Saved/GameUIBP969A81AD40F915F5BC9FACACE396F1EE.tmp' to 'W:/University Work/Masters/MastersProject/MastersProject/Ava/Content/Ava/GameUIBP.uasset'
[2017.07.11-15.32.25:596][805]LogSavePackage:Display: Finished SavePackage W:/University Work/Masters/MastersProject/MastersProject/Ava/Content/Ava/GameUIBP.uasset
[2017.07.11-15.32.50:722][907]LogHotReload: New module detected: UE4Editor-Ava-826.dll
[2017.07.11-15.32.53:737][917]LogHotReload: Starting Hot-Reload from IDE
[2017.07.11-15.32.53:800][917]LogClass: Could not find existing class MainGameUI in package /Script/Ava for HotReload, assuming new class
[2017.07.11-15.32.53:800][917]LogClass: Function Construct is new.
[2017.07.11-15.32.53:800][917]LogClass: Function Play is new.
[2017.07.11-15.32.53:805][917]LogClass: ItemDataVariables HotReload.
[2017.07.11-15.32.53:805][917]LogClass: Item HotReload.
[2017.07.11-15.32.53:806][917]LogHotReload: Re-instancing Antelope after hot-reload.
[2017.07.11-15.32.53:866][917]LogHotReload: Re-instancing MainCharacter after hot-reload.
[2017.07.11-15.32.53:930][917]LogHotReload: Re-instancing MainGameUI after hot-reload.
[2017.07.11-15.32.53:934][917]LogBlueprint:Error: Compiler Error Overriden function is not compatible with the parent function  Event Construct . Check flags: Exec, Final, Static.
[2017.07.11-15.32.53:938][917]LogBlueprint:Warning: Compiler Warning [1576.69] Compile of GameUIBP failed. 1 Fatal Issue(s) 0 Warning(s) [in 6 ms] (/Game/Ava/GameUIBP.GameUIBP)
[2017.07.11-15.32.53:938][917]LogBlueprint:Warning: Compiler Warning [1576.69] Compile of GameUIBP failed. 1 Fatal Issue(s) 1 Warning(s) [in 0 ms] (/Game/Ava/GameUIBP.GameUIBP)
[2017.07.11-15.32.53:938][917]LogBlueprint:Warning: Compiler Warning [1576.69] Compile of GameUIBP failed. 1 Fatal Issue(s) 2 Warning(s) [in 0 ms] (/Game/Ava/GameUIBP.GameUIBP)
[2017.07.11-15.32.53:938][917]LogBlueprint:Warning: Compiler Warning [1576.69] Compile of GameUIBP failed. 1 Fatal Issue(s) 3 Warning(s) [in 0 ms] (/Game/Ava/GameUIBP.GameUIBP)
[2017.07.11-15.32.53:967][917]LogBlueprint:Warning: Compiler Warning [1576.72] Compile of GameUIBP failed. 1 Fatal Issue(s) 4 Warning(s) [in 28 ms] (/Game/Ava/GameUIBP.GameUIBP)
[2017.07.11-15.32.53:973][917]LogBlueprint:Warning: Compiler Warning [1576.73] Compile of GameUIBP failed. 1 Fatal Issue(s) 5 Warning(s) [in 5 ms] (/Game/Ava/GameUIBP.GameUIBP)
[2017.07.11-15.32.53:973][917]LogBlueprint:Warning: Compiler Warning [1576.73] Compile of GameUIBP failed. 1 Fatal Issue(s) 6 Warning(s) [in 0 ms] (/Game/Ava/GameUIBP.GameUIBP)
[2017.07.11-15.32.54:077][917]LogHotReload: Re-instancing StatueObject after hot-reload.
[2017.07.11-15.32.54:157][917]LogContentBrowser: Native class hierarchy updated for 'Ava' in 0.0028 seconds. Added 18 classes and 2 folders.
[2017.07.11-15.32.54:158][917]Warning: HotReload successful (7 functions remapped  0 scriptstructs remapped)
[2017.07.11-15.32.54:401][917]LogContentBrowser: Native class hierarchy populated in 0.0093 seconds. Added 2098 classes and 380 folders.
[2017.07.11-15.32.54:405][917]Warning: HotReload took  0.7s.
[2017.07.11-15.32.59:272][129]Cmd: OBJ SAVEPACKAGE PACKAGE="/Game/Ava/GameUIBP" FILE="W:/University Work/Masters/MastersProject/MastersProject/Ava/Content/Ava/GameUIBP.uasset" SILENT=true
[2017.07.11-15.32.59:296][129]LogSavePackage: Save=20.04ms
[2017.07.11-15.32.59:296][129]LogSavePackage: Moving 'W:/University Work/Masters/MastersProject/MastersProject/Ava/Saved/GameUIBP13B119F04FD04C6A8A56EBBA4FE848A0.tmp' to 'W:/University Work/Masters/MastersProject/MastersProject/Ava/Content/Ava/GameUIBP.uasset'
[2017.07.11-15.32.59:303][129]LogSavePackage:Display: Finished SavePackage W:/University Work/Masters/MastersProject/MastersProject/Ava/Content/Ava/GameUIBP.uasset
[2017.07.11-15.33.04:358][369]LogCrashTracker: 


[2017.07.11-15.33.04:358][369]LogCrashTracker: 


[2017.07.11-15.33.04:358][369]LogWindows:Error: === Critical error: ===


[2017.07.11-15.33.04:377][369]LogExit: Executing StaticShutdownAfterError
[2017.07.11-15.33.04:381][369]LogWindows: FPlatformMisc::RequestExit(1)
[2017.07.11-15.33.04:381][369]Log file closed, 07/11/17 16:33:04
