Log file open, 06/13/17 11:50:46
LogInit:Display: Running engine for game: Ava
LogPlatformFile: Not using cached read wrapper
LogInit:Display: RandInit(1001746878) SRandInit(1001746879).
LogTaskGraph: Started task graph with 4 named threads and 9 total threads with 1 sets of task threads.
LogStats: Stats thread started at 0.162119
LogInit: Version: 4.12.5-3039270+++UE4+Release-4.12
LogInit: API Version: 2992821
LogInit: Net Version: 3039270
LogDevObjectVersion: Number of dev versions registered: 13
LogDevObjectVersion:   Dev-Blueprints (B0D832E4-1F89-4F0D-ACCF-7EB736FD4AA2): 3
LogDevObjectVersion:   Dev-Build (E1C64328-A22C-4D53-A36C-8E866417BD8C): 0
LogDevObjectVersion:   Dev-Core (375EC13C-06E4-48FB-B500-84F0262A717E): 1
LogDevObjectVersion:   Dev-Editor (E4B068ED-F494-42E9-A231-DA0B2E46BB41): 2
LogDevObjectVersion:   Dev-Framework (CFFC743F-43B0-4480-9391-14DF171D2073): 6
LogDevObjectVersion:   Dev-Mobile (B02B49B5-BB20-44E9-A304-32B752E40360): 0
LogDevObjectVersion:   Dev-Networking (A4E4105C-59A1-49B5-A7C5-40C4547EDFEE): 0
LogDevObjectVersion:   Dev-Online (39C831C9-5AE6-47DC-9A44-9C173E1C8E7C): 0
LogDevObjectVersion:   Dev-Physics (78F01B33-EBEA-4F98-B9B4-84EACCB95AA2): 0
LogDevObjectVersion:   Dev-Platform (6631380F-2D4D-43E0-8009-CF276956A95A): 0
LogDevObjectVersion:   Dev-Rendering (12F88B9F-8875-4AFC-A67C-D90C383ABD29): 2
LogDevObjectVersion:   Dev-Sequencer (7B5AE74C-D270-4C10-A958-57980B212A5A): 0
LogDevObjectVersion:   Dev-VR (D7296918-1DD6-4BDD-9DE2-64A83CC13884): 0
LogInit: Compiled (64-bit): Jul  6 2016 09:09:46
LogInit: Compiled with Visual C++: 19.00.23026.00
LogInit: Build Configuration: Development
LogInit: Branch Name: ++UE4+Release-4.12
LogInit: Command line:  
LogInit: Base directory: C:/Program Files/Epic Games/4.12/Engine/Binaries/Win64/
LogInit: Installed Engine Build: 1
LogInit: Using libcurl 7.41.0
LogInit:  - built for x86_64-pc-win32
LogInit:  - supports SSL with WinSSL
LogInit:  - other features:
LogInit:      CURL_VERSION_SSL
LogInit:      CURL_VERSION_IPV6
LogInit:      CURL_VERSION_ASYNCHDNS
LogInit:      CURL_VERSION_LARGEFILE
LogInit:      CURL_VERSION_IDN
LogInit:  CurlRequestOptions (configurable via config and command line):
LogInit:  - bVerifyPeer = true  - Libcurl will verify peer certificate
LogInit:  - bUseHttpProxy = false  - Libcurl will NOT use HTTP proxy
LogInit:  - bDontReuseConnections = false  - Libcurl will reuse connections
LogInit:  - CertBundlePath = nullptr  - Libcurl will use whatever was configured at build time.
LogInit: Presizing for max 8388607 objects, including 0 objects not considered by GC, pre-allocating 0 bytes for permanent pool.
LogInit: Object subsystem initialized
[2017.06.13-10.50.46:683][  0]LogInit: Selected Device Profile: [Windows]
[2017.06.13-10.50.46:683][  0]LogInit: Applying CVar settings loaded from the selected device profile: [Windows]
[2017.06.13-10.50.46:707][  0]LogInit: Computer: PC42640
[2017.06.13-10.50.46:707][  0]LogInit: User: i7230020
[2017.06.13-10.50.46:707][  0]LogInit: CPU Page size=65536, Cores=6
[2017.06.13-10.50.46:707][  0]LogInit: High frequency timer resolution =3.410107 MHz
[2017.06.13-10.50.46:707][  0]LogMemory: Memory total: Physical=31.9GB (32GB approx)
[2017.06.13-10.50.46:707][  0]LogMemory: Platform Memory Stats for Windows
[2017.06.13-10.50.46:707][  0]LogMemory: Process Physical Memory: 193.75 MB used, 193.75 MB peak
[2017.06.13-10.50.46:707][  0]LogMemory: Process Virtual Memory: 198.68 MB used, 198.68 MB peak
[2017.06.13-10.50.46:707][  0]LogMemory: Physical Memory: 13516.06 MB used, 32684.15 MB total
[2017.06.13-10.50.46:707][  0]LogMemory: Virtual Memory: 524.27 MB used, 8388608.00 MB total
[2017.06.13-10.50.47:027][  0]LogTextLocalizationManager: No specific translations for ('en-GB') exist, so ('en') translations will be used.
[2017.06.13-10.50.47:445][  0]LogD3D11RHI: D3D11 adapters:
[2017.06.13-10.50.47:474][  0]LogD3D11RHI:    0. 'NVIDIA Quadro M4000' (Feature Level 11_0)
[2017.06.13-10.50.47:474][  0]LogD3D11RHI:       8092/0/16086 MB DedicatedVideo/DedicatedSystem/SharedSystem, Outputs:1, VendorId:0x10de
[2017.06.13-10.50.47:474][  0]LogD3D11RHI: Chosen D3D11 Adapter: 0
[2017.06.13-10.50.47:481][  0]LogD3D11RHI: Creating new Direct3DDevice
[2017.06.13-10.50.47:481][  0]LogD3D11RHI:     GPU DeviceId: 0x13f1 (for the marketing name, search the web for "GPU Device Id")
[2017.06.13-10.50.47:481][  0]LogWindows: EnumDisplayDevices:
[2017.06.13-10.50.47:482][  0]LogWindows:    0. 'NVIDIA Quadro M4000' (P:1 D:1)
[2017.06.13-10.50.47:482][  0]LogWindows:    1. 'NVIDIA Quadro M4000' (P:0 D:0)
[2017.06.13-10.50.47:482][  0]LogWindows:    2. 'NVIDIA Quadro M4000' (P:0 D:0)
[2017.06.13-10.50.47:482][  0]LogWindows:    3. 'NVIDIA Quadro M4000' (P:0 D:0)
[2017.06.13-10.50.47:482][  0]LogWindows:    4. 'RDPDD Chained DD' (P:0 D:0)
[2017.06.13-10.50.47:483][  0]LogWindows:    5. 'RDP Encoder Mirror Driver' (P:0 D:0)
[2017.06.13-10.50.47:483][  0]LogWindows:    6. 'RDP Reflector Display Driver' (P:0 D:0)
[2017.06.13-10.50.47:483][  0]LogWindows: DebugString: GetVideoDriverDetailsInvalid PrimaryIsNotTheChoosenAdapter GetVideoDriverDetailsInvalid PrimaryIsNotTheChoosenAdapter GetVideoDriverDetailsInvalid PrimaryIsNotTheChoosenAdapter FoundDriverCount:4 
[2017.06.13-10.50.47:483][  0]LogD3D11RHI:     Adapter Name: NVIDIA Quadro M4000
[2017.06.13-10.50.47:483][  0]LogD3D11RHI:   Driver Version: 362.13 (internal:10.18.13.6213, unified:362.13)
[2017.06.13-10.50.47:483][  0]LogD3D11RHI:      Driver Date: 3-18-2016
[2017.06.13-10.50.47:483][  0]LogRHI: Texture pool is 1361 MB (70% of 1945 MB)
[2017.06.13-10.50.47:492][  0]LogD3D11RHI: Async texture creation enabled
[2017.06.13-10.50.47:505][  0]LogD3D11RHI: GPU Timing Frequency: 1000.000000 (Debug: 2 2)
[2017.06.13-10.50.47:505][  0]LogShaderCompilers: Guid format shader working directory is -28 characters bigger than the processId version (../../../../../../Users/i7230020.STUDENT.000/Documents/GitHub/MastersProject/Ava/Intermediate/Shaders/WorkingDirectory/46852/).
[2017.06.13-10.50.47:505][  0]LogShaderCompilers: Cleaned the shader compiler working directory 'C:/Users/I72300~1.000/AppData/Local/Temp/UnrealShaderWorkingDir/E306D56A42913F849CB1C29099F9F192/'.
[2017.06.13-10.50.47:505][  0]LogShaderCompilers:Display: Using Local Shader Compiler.
[2017.06.13-10.50.49:887][  0]LogTemp:Display: Loaded TP AllDesktopTargetPlatform
[2017.06.13-10.50.49:897][  0]LogTemp:Display: Loaded TP WindowsClientTargetPlatform
[2017.06.13-10.50.49:907][  0]LogTemp:Display: Loaded TP WindowsNoEditorTargetPlatform
[2017.06.13-10.50.49:916][  0]LogTemp:Display: Loaded TP WindowsServerTargetPlatform
[2017.06.13-10.50.49:927][  0]LogTemp:Display: Loaded TP WindowsTargetPlatform
[2017.06.13-10.50.49:939][  0]LogTemp:Display: Loaded TP AndroidTargetPlatform
[2017.06.13-10.50.49:948][  0]LogTemp:Display: Loaded TP Android_ASTCTargetPlatform
[2017.06.13-10.50.49:956][  0]LogTemp:Display: Loaded TP Android_ATCTargetPlatform
[2017.06.13-10.50.49:969][  0]LogTemp:Display: Loaded TP Android_DXTTargetPlatform
[2017.06.13-10.50.49:978][  0]LogTemp:Display: Loaded TP Android_ETC1TargetPlatform
[2017.06.13-10.50.49:987][  0]LogTemp:Display: Loaded TP Android_ETC2TargetPlatform
[2017.06.13-10.50.50:003][  0]LogTemp:Display: Loaded TP Android_MultiTargetPlatform
[2017.06.13-10.50.50:003][  0]LogTemp:Display: Loaded TP Android_PVRTCTargetPlatform
[2017.06.13-10.50.50:005][  0]LogTemp:Display: Loaded TP HTML5TargetPlatform
[2017.06.13-10.50.50:061][  0]LogTemp:Display: Loaded TP IOSTargetPlatform
[2017.06.13-10.50.50:069][  0]LogTemp:Display: Loaded TP TVOSTargetPlatform
[2017.06.13-10.50.50:077][  0]LogTemp:Display: Loaded TP LinuxNoEditorTargetPlatform
[2017.06.13-10.50.50:085][  0]LogTemp:Display: Loaded TP LinuxServerTargetPlatform
[2017.06.13-10.50.50:098][  0]LogTemp:Display: Loaded TP LinuxTargetPlatform
[2017.06.13-10.50.50:098][  0]LogTargetPlatformManager:Display: Building Assets For Windows
[2017.06.13-10.50.50:494][  0]LogDerivedDataCache:Display: Max Cache Size: 512 MB
[2017.06.13-10.50.50:546][  0]LogDerivedDataCache: Loaded boot cache 0.05s 49MB C:/Users/i7230020.STUDENT.000/AppData/Local/UnrealEngine/4.12/DerivedDataCache/Boot.ddc.
[2017.06.13-10.50.50:546][  0]LogDerivedDataCache:Display: Loaded Boot cache: C:/Users/i7230020.STUDENT.000/AppData/Local/UnrealEngine/4.12/DerivedDataCache/Boot.ddc
[2017.06.13-10.50.50:546][  0]LogDerivedDataCache: FDerivedDataBackendGraph:  Pak pak cache file ../../../../../../Users/i7230020.STUDENT.000/Documents/GitHub/MastersProject/Ava/DerivedDataCache/DDC.ddp not found, will not use a pak cache.
[2017.06.13-10.50.50:546][  0]LogDerivedDataCache: Unable to find inner node Pak for hierarchical cache Hierarchy.
[2017.06.13-10.50.50:546][  0]LogDerivedDataCache: FDerivedDataBackendGraph:  CompressedPak pak cache file ../../../../../../Users/i7230020.STUDENT.000/Documents/GitHub/MastersProject/Ava/DerivedDataCache/Compressed.ddp not found, will not use a pak cache.
[2017.06.13-10.50.50:546][  0]LogDerivedDataCache: Unable to find inner node CompressedPak for hierarchical cache Hierarchy.
[2017.06.13-10.50.50:564][  0]LogDerivedDataCache:Display: Pak cache opened for reading ../../../Engine/DerivedDataCache/Compressed.ddp.
[2017.06.13-10.50.50:576][  0]LogDerivedDataCache: Using Local data cache path C:/Users/i7230020.STUDENT.000/AppData/Local/UnrealEngine/Common/DerivedDataCache: Writable
[2017.06.13-10.50.53:255][  0]LogInit: Selected Device Profile: [Windows]
[2017.06.13-10.50.53:256][  0]LogContentStreaming: Texture pool size is 0.00 MB
[2017.06.13-10.50.53:497][  0]LogMeshUtilities: No automatic mesh reduction module available
[2017.06.13-10.50.53:497][  0]LogMeshUtilities: No automatic mesh merging module available
[2017.06.13-10.50.53:497][  0]LogMeshUtilities: No distributed automatic mesh merging module available
[2017.06.13-10.50.53:966][  0]LogAssetRegistry: FAssetRegistry took 0.0204 seconds to start up
[2017.06.13-10.50.54:040][  0]LogPackageLocalizationCache: Processed 4 localized package path(s) for 2 prioritized culture(s) in 0.071444 seconds
[2017.06.13-10.50.54:044][  0]LogUObjectArray: 28739 objects as part of root set at end of initial load.
[2017.06.13-10.50.54:044][  0]LogUObjectAllocator: 5855624 out of 0 bytes used by permanent object pool.
[2017.06.13-10.50.54:044][  0]LogUObjectArray: CloseDisregardForGC: 0/0 objects in disregard for GC pool
[2017.06.13-10.50.54:050][  0]LogInit: WinSock: version 1.1 (2.2), MaxSocks=32767, MaxUdp=65467
[2017.06.13-10.50.54:382][  0]LogSlate: SlateFontCache - WITH_FREETYPE: 1, WITH_HARFBUZZ: 1
[2017.06.13-10.50.54:382][  0]LogSlate: SlateFontCache - WITH_FREETYPE: 1, WITH_HARFBUZZ: 1
[2017.06.13-10.50.56:549][  0]LogUdpMessaging: Initializing bridge on interface 0.0.0.0:0 to multicast group 230.0.0.1:6666.
[2017.06.13-10.50.56:960][  0]SourceControl: Info Source control is disabled
[2017.06.13-10.50.56:963][  0]SourceControl: Info Source control is disabled
[2017.06.13-10.50.56:977][  0]SourceControl: Info Source control is disabled
[2017.06.13-10.50.56:990][  0]SourceControl: Info Source control is disabled
[2017.06.13-10.50.57:184][  0]LogHoudiniEngine: Starting the Houdini Engine module.
[2017.06.13-10.50.57:201][  0]LogHoudiniEngine: Loaded libHAPIL.dll from Registry path C:\Program Files\Side Effects Software\Houdini 15.5.632/bin
[2017.06.13-10.50.57:204][  0]LogLinker:Warning: Asset '../../../Engine/Plugins/Runtime/HoudiniEngine/Content/houdini_logo.uasset' has been saved with empty engine version. The asset will be loaded but may be incompatible.
[2017.06.13-10.50.57:209][  0]LogLinker:Warning: Asset '../../../Engine/Plugins/Runtime/HoudiniEngine/Content/houdini_default_material.uasset' has been saved with empty engine version. The asset will be loaded but may be incompatible.
[2017.06.13-10.50.57:215][  0]LogLinker:Warning: Asset '../../../Engine/Plugins/Runtime/HoudiniEngine/Content/houdini_bgeo_import.uasset' has been saved with empty engine version. The asset will be loaded but may be incompatible.
[2017.06.13-10.51.01:738][  0]LogHoudiniEngine: Successfully initialized the Houdini Engine API module.
[2017.06.13-10.51.01:901][  0]LogEngine: Initializing Engine...
[2017.06.13-10.51.01:921][  0]LogHMD: SteamVR failed to initialize.  Err: 110
[2017.06.13-10.51.01:922][  0]LogHMD: SteamVR failed to initialize.  Err: 110
[2017.06.13-10.51.02:128][  0]LogAIModule: Creating AISystem for world NewWorld
[2017.06.13-10.51.02:146][  0]LogInit: XAudio2 using 'Speakers (Realtek High Definition Audio)' : 2 channels at 48 kHz using 32 bits per sample (channel mask 0x3)
[2017.06.13-10.51.02:159][  0]LogInit: FAudioDevice initialized.
[2017.06.13-10.51.02:182][  0]LogDerivedDataCache: Saved boot cache 0.02s 49MB C:/Users/i7230020.STUDENT.000/AppData/Local/UnrealEngine/4.12/DerivedDataCache/Boot.ddc.
[2017.06.13-10.51.02:188][  0]LogInit: Texture streaming: Enabled
[2017.06.13-10.51.02:271][  0]LogInit: Transaction tracking system initialized
[2017.06.13-10.51.02:292][  0]BlueprintLog: New page: Editor Load
[2017.06.13-10.51.02:371][  0]LocalizationService: Info Localization service is disabled
[2017.06.13-10.51.02:457][  0]LogConsoleResponse:Display: 
[2017.06.13-10.51.02:746][  0]LogCook:Display: Max memory allowance for cook 8192mb
[2017.06.13-10.51.02:746][  0]LogCook:Display: Mobile HDR setting 1
[2017.06.13-10.51.02:868][  0]LogFileCache: Scanning file cache for directory 'C:/Users/i7230020.STUDENT.000/Documents/GitHub/MastersProject/Ava/Content/' took 0.02s
[2017.06.13-10.51.02:868][  0]LogHoudiniEngineEditor: Starting the Houdini Engine Editor module.
[2017.06.13-10.51.02:946][  0]SourceControl: Info Source control is disabled
[2017.06.13-10.51.02:946][  0]Cmd: MAP LOAD FILE="../../../../../../Users/i7230020.STUDENT.000/Documents/GitHub/MastersProject/Ava/Content/StarterContent/Maps/Minimal_Default.umap" TEMPLATE=0 SHOWPROGRESS=1 FEATURELEVEL=3
[2017.06.13-10.51.02:946][  0]LogEditorServer:Warning: Can't find file '../../../../../../Users/i7230020.STUDENT.000/Documents/GitHub/MastersProject/Ava/Content/StarterContent/Maps/Minimal_Default.umap'
[2017.06.13-10.51.02:946][  0]Cmd: MAP CHECKDEP NOCLEARLOG
[2017.06.13-10.51.03:036][  0]MapCheck: Info Map check complete: 0 Error(s), 0 Warning(s), took 89.982ms to complete.
[2017.06.13-10.51.03:037][  0]LogFileHelpers: Loading map 'Minimal_Default' took 0.090
[2017.06.13-10.51.03:184][  0]LogCollectionManager: Loaded 0 collections in 0.001896 seconds
[2017.06.13-10.51.03:226][  0]LogFileCache: Scanning file cache for directory 'C:/Users/i7230020.STUDENT.000/Documents/GitHub/MastersProject/Ava/Saved/Collections/' took 0.01s
[2017.06.13-10.51.03:226][  0]LogFileCache: Scanning file cache for directory 'C:/Users/i7230020.STUDENT.000/Documents/GitHub/MastersProject/Ava/Content/Developers/i7230020/Collections/' took 0.01s
[2017.06.13-10.51.03:226][  0]LogFileCache: Scanning file cache for directory 'C:/Users/i7230020.STUDENT.000/Documents/GitHub/MastersProject/Ava/Content/Collections/' took 0.01s
[2017.06.13-10.51.03:226][  0]LogCollectionManager: Rebuilt the GUID cache for 0 collections in 0.000003 seconds
[2017.06.13-10.51.03:238][  0]LogContentBrowser: Native class hierarchy populated in 0.0118 seconds. Added 2080 classes and 376 folders.
[2017.06.13-10.51.03:242][  0]LogStats: UGameplayTagsManager::ConstructGameplayTagTree: Construct from data asset -  0.000 s
[2017.06.13-10.51.03:242][  0]LogStats: UGameplayTagsManager::ConstructGameplayTagTree: GameplayTagTreeChangedEvent.Broadcast -  0.000 s
[2017.06.13-10.51.03:245][  0]LogContentBrowser: Native class hierarchy updated for 'GameplayTags' in 0.0033 seconds. Added 12 classes and 0 folders.
[2017.06.13-10.51.03:253][  0]LogContentBrowser: Native class hierarchy updated for 'WidgetCarousel' in 0.0024 seconds. Added 0 classes and 0 folders.
[2017.06.13-10.51.03:490][  0]LogContentBrowser: Native class hierarchy updated for 'AddContentDialog' in 0.0026 seconds. Added 0 classes and 0 folders.
[2017.06.13-10.51.03:496][  0]LogContentBrowser: Native class hierarchy updated for 'SceneOutliner' in 0.0032 seconds. Added 1 classes and 2 folders.
[2017.06.13-10.51.03:511][  0]LogCrashTracker: Crashtracker disabled due to settings.
[2017.06.13-10.51.03:516][  0]LogUObjectGlobals:Warning: Failed to find object 'Class None.'
[2017.06.13-10.51.03:545][  0]LogContentBrowser: Native class hierarchy updated for 'HierarchicalLODOutliner' in 0.0033 seconds. Added 1 classes and 2 folders.
[2017.06.13-10.51.03:545][  0]LogLoad: Full Startup: 19.41 seconds (BP compile: 0.02 seconds)
[2017.06.13-10.51.03:545][  0]LogExternalProfiler: Found external profiler: VSPerf
[2017.06.13-10.51.03:545][  0]LogExternalProfiler: Using external profiler: VSPerf
[2017.06.13-10.51.03:884][  0]LogOcInput: OculusInput pre-init called
[2017.06.13-10.51.03:904][  0]LogContentStreaming: Texture pool size now 1000 MB
[2017.06.13-10.51.04:098][  0]LogRenderer: Reallocating scene render targets to support 1776x668 (Frame:2).
[2017.06.13-10.51.04:226][  1]LogAssetRegistry: Asset discovery search completed in 10.2812 seconds
[2017.06.13-10.51.04:226][  1]LogCollectionManager: Rebuilt the object cache for 0 collections in 0.000001 seconds (found 0 objects)
[2017.06.13-10.51.04:226][  1]LogCollectionManager: Fixed up redirectors for 0 collections in 0.000025 seconds (updated 0 objects)
[2017.06.13-12.11.48:805][691]LogBlueprint:Warning: Compiler Warning InputAction Event references unknown Action 'Crouch' for  InputAction Crouch 
[2017.06.13-12.11.48:808][691]LogBlueprint:Warning: Compiler Warning [4864.90] Compile of Ue4ASP_Character successful, but with 1 Warning(s) [in 8 ms] (/Game/AnimStarterPack/Ue4ASP_Character.Ue4ASP_Character)
[2017.06.13-12.11.48:808][691]LogBlueprint:Warning: Compiler Warning [4864.90] Compile of Ue4ASP_Character successful, but with 2 Warning(s) [in 0 ms] (/Game/AnimStarterPack/Ue4ASP_Character.Ue4ASP_Character)
[2017.06.13-12.11.48:808][691]LogBlueprint:Warning: Compiler Warning [4864.90] Compile of Ue4ASP_Character successful, but with 3 Warning(s) [in 0 ms] (/Game/AnimStarterPack/Ue4ASP_Character.Ue4ASP_Character)
[2017.06.13-12.11.48:883][691]LogBlueprint:Warning: Compiler Warning InputAction Event references unknown Action 'Crouch' for  InputAction Crouch 
[2017.06.13-12.11.48:886][691]LogBlueprint:Warning: Compiler Warning [4864.98] Compile of Ue4ASP_Character successful, but with 1 Warning(s) [in 7 ms] (/Game/AnimStarterPack/Ue4ASP_Character.Ue4ASP_Character)
[2017.06.13-12.11.48:886][691]LogBlueprint:Warning: Compiler Warning [4864.98] Compile of Ue4ASP_Character successful, but with 2 Warning(s) [in 0 ms] (/Game/AnimStarterPack/Ue4ASP_Character.Ue4ASP_Character)
[2017.06.13-12.11.48:886][691]LogBlueprint:Warning: Compiler Warning [4864.98] Compile of Ue4ASP_Character successful, but with 3 Warning(s) [in 0 ms] (/Game/AnimStarterPack/Ue4ASP_Character.Ue4ASP_Character)
[2017.06.13-12.11.49:749][691]LogAIModule: Creating AISystem for world Palace_Level
[2017.06.13-12.11.49:840][691]Cmd: MAP LOAD FILE="../../../../../../Users/i7230020.STUDENT.000/Documents/GitHub/MastersProject/Ava/Content/Ava/Maps/Palace_Level.umap" TEMPLATE=0 SHOWPROGRESS=1 FEATURELEVEL=3
[2017.06.13-12.11.49:840][691]LightingResults: New page: Lighting Build
[2017.06.13-12.11.49:845][691]LogContentBrowser: Native class hierarchy updated for 'StatsViewer' in 0.0025 seconds. Added 5 classes and 0 folders.
[2017.06.13-12.11.49:846][691]LoadErrors: New page: Loading map: Palace_Level.umap
[2017.06.13-12.11.49:847][691]MapCheck: New page: Map Check
[2017.06.13-12.11.49:847][691]LightingResults: New page: Lighting Build
[2017.06.13-12.11.49:893][691]LogEditorServer: Finished looking for orphan Actors (0.000 secs)
[2017.06.13-12.11.49:919][691]Cmd: MAP CHECKDEP NOCLEARLOG
[2017.06.13-12.11.50:061][691]MapCheck: Info Map check complete: 0 Error(s), 0 Warning(s), took 142.192ms to complete.
[2017.06.13-12.11.50:062][691]LogFileHelpers: Loading map 'Palace_Level' took 0.223
[2017.06.13-12.32.57:744][866]Running C:/Program Files/Epic Games/4.12/Engine/Binaries/DotNET/UnrealBuildTool.exe Ava Win64 Development -editorrecompile "C:/Users/i7230020.STUDENT.000/Documents/GitHub/MastersProject/Ava/Ava.uproject" -invalidatemakefilesonly
[2017.06.13-12.32.58:149][866]Invalidating makefiles only in this run.
[2017.06.13-12.32.58:547][866]Recompiling Ava...
[2017.06.13-12.32.58:547][866]Launching UnrealBuildTool... [C:/Program Files/Epic Games/4.12/Engine/Binaries/DotNET/UnrealBuildTool.exe Ava -ModuleWithSuffix Ava 820 Win64 Development -editorrecompile -canskiplink "C:/Users/i7230020.STUDENT.000/Documents/GitHub/MastersProject/Ava/Ava.uproject"  -2015]
[2017.06.13-12.33.16:521][866]CompilerResultsLog: New page: Compilation - 13 Jun 2017 13:33:16
[2017.06.13-12.33.16:522][866]CompilerResultsLog: Info Performing full C++ include scan (hot reloading a new target)
[2017.06.13-12.33.16:522][866]CompilerResultsLog: Info Creating makefile for hot reloading Ava (no existing makefile)
[2017.06.13-12.33.16:522][866]CompilerResultsLog: Info Compiling game modules for hot reload
[2017.06.13-12.33.16:522][866]CompilerResultsLog: Info Parsing headers for AvaEditor
[2017.06.13-12.33.16:522][866]CompilerResultsLog: Info   Running UnrealHeaderTool "C:\Users\i7230020.STUDENT.000\Documents\GitHub\MastersProject\Ava\Ava.uproject" "C:\Users\i7230020.STUDENT.000\Documents\GitHub\MastersProject\Ava\Intermediate\Build\Win64\AvaEditor\Development\AvaEditor.uhtmanifest" -LogCmds="loginit warning, logexit warning, logdatabase error" -Unattended -WarningsAsErrors -installed
[2017.06.13-12.33.16:522][866]CompilerResultsLog: Info Reflection code generated for AvaEditor in 3.1079235 seconds
[2017.06.13-12.33.16:522][866]CompilerResultsLog: Info Performing 4 actions (9 in parallel)
[2017.06.13-12.33.16:522][866]CompilerResultsLog: Info DataFactory.cpp
[2017.06.13-12.33.16:522][866]CompilerResultsLog: Info MainCharacter.cpp
[2017.06.13-12.33.16:522][866]CompilerResultsLog: Info Ava.generated.cpp
[2017.06.13-12.33.16:522][866]CompilerResultsLog:Error: Error C:\Users\i7230020.STUDENT.000\Documents\GitHub\MastersProject\Ava\Source\Ava\MainCharacter.cpp(1) : error C2017: illegal escape sequence
[2017.06.13-12.33.16:522][866]CompilerResultsLog:Error: Error C:\Users\i7230020.STUDENT.000\Documents\GitHub\MastersProject\Ava\Source\Ava\MainCharacter.cpp(34) : warning C4996: 'USceneComponent::AttachTo': This function is deprecated, please use AttachToComponent instead. Please update your code to the new API before upgrading to the next release, otherwise your project will no longer compile.
[2017.06.13-12.33.16:522][866]CompilerResultsLog:Error: Error C:\Program Files\Epic Games\4.12\Engine\Source\Runtime\Engine\Classes\Components/SceneComponent.h(607) : note: see declaration of 'USceneComponent::AttachTo'
[2017.06.13-12.33.16:522][866]CompilerResultsLog:Error: Error C:\Users\i7230020.STUDENT.000\Documents\GitHub\MastersProject\Ava\Source\Ava\MainCharacter.cpp(41) : warning C4996: 'USceneComponent::AttachTo': This function is deprecated, please use AttachToComponent instead. Please update your code to the new API before upgrading to the next release, otherwise your project will no longer compile.
[2017.06.13-12.33.16:522][866]CompilerResultsLog:Error: Error C:\Program Files\Epic Games\4.12\Engine\Source\Runtime\Engine\Classes\Components/SceneComponent.h(607) : note: see declaration of 'USceneComponent::AttachTo'
[2017.06.13-12.33.16:522][866]CompilerResultsLog: Info ERROR: UBT ERROR: Failed to produce item: C:\Users\i7230020.STUDENT.000\Documents\GitHub\MastersProject\Ava\Binaries\Win64\UE4Editor-Ava-820.dll
[2017.06.13-12.33.16:522][866]CompilerResultsLog: Info Total build time: 17.81 seconds
[2017.06.13-12.33.16:522][866]LogMainFrame: MainFrame: Module compiling took 17.981 seconds
[2017.06.13-12.33.16:523][866]Warning: HotReload failed, recompile failed
[2017.06.13-12.33.16:536][866]Warning: RebindPackages failed because the compiler could not be started.
[2017.06.13-13.40.47:798][995]LogHotReload: New module detected: UE4Editor-Ava-9480.dll
[2017.06.13-13.40.50:475][  4]LogHotReload: Starting Hot-Reload from IDE
[2017.06.13-13.40.50:572][  4]LogClass: Could not find existing class DataFactory in package /Script/Ava for HotReload, assuming new class
[2017.06.13-13.40.50:572][  4]LogClass: Could not find existing class MainCharacter in package /Script/Ava for HotReload, assuming new class
[2017.06.13-13.40.50:572][  4]LogClass: Could not find existing enum ItemDataVariables for HotReload. Assuming new
[2017.06.13-13.40.50:572][  4]LogClass: Could not find existing enum Item for HotReload. Assuming new
[2017.06.13-13.40.50:575][  4]LogHotReload: Re-instancing MainCharacter after hot-reload.
[2017.06.13-13.40.50:744][  4]LogUObjectGlobals:Warning: Guid referenced by CapsuleComponent /Game/Ava/Maps/Palace_Level.Palace_Level:PersistentLevel.MainCharacter_1.CollisionCylinder is already used by CapsuleComponent /Game/Ava/Maps/Palace_Level.Palace_Level:PersistentLevel.HOTRELOADED_MainCharacter_1.CollisionCylinder, which should never happen in the editor but could happen at runtime with duplicate level loading or PIE
[2017.06.13-13.40.50:744][  4]LogUObjectGlobals:Warning: Guid referenced by ArrowComponent /Game/Ava/Maps/Palace_Level.Palace_Level:PersistentLevel.MainCharacter_1.Arrow is already used by ArrowComponent /Game/Ava/Maps/Palace_Level.Palace_Level:PersistentLevel.HOTRELOADED_MainCharacter_1.Arrow, which should never happen in the editor but could happen at runtime with duplicate level loading or PIE
[2017.06.13-13.40.50:744][  4]LogUObjectGlobals:Warning: Guid referenced by CharacterMovementComponent /Game/Ava/Maps/Palace_Level.Palace_Level:PersistentLevel.MainCharacter_1.CharMoveComp is already used by CharacterMovementComponent /Game/Ava/Maps/Palace_Level.Palace_Level:PersistentLevel.HOTRELOADED_MainCharacter_1.CharMoveComp, which should never happen in the editor but could happen at runtime with duplicate level loading or PIE
[2017.06.13-13.40.50:744][  4]LogUObjectGlobals:Warning: Guid referenced by SkeletalMeshComponent /Game/Ava/Maps/Palace_Level.Palace_Level:PersistentLevel.MainCharacter_1.CharacterMesh0 is already used by SkeletalMeshComponent /Game/Ava/Maps/Palace_Level.Palace_Level:PersistentLevel.HOTRELOADED_MainCharacter_1.CharacterMesh0, which should never happen in the editor but could happen at runtime with duplicate level loading or PIE
[2017.06.13-13.40.50:744][  4]LogUObjectGlobals:Warning: Guid referenced by SpringArmComponent /Game/Ava/Maps/Palace_Level.Palace_Level:PersistentLevel.MainCharacter_1.CameraBoom is already used by SpringArmComponent /Game/Ava/Maps/Palace_Level.Palace_Level:PersistentLevel.HOTRELOADED_MainCharacter_1.CameraBoom, which should never happen in the editor but could happen at runtime with duplicate level loading or PIE
[2017.06.13-13.40.50:744][  4]LogUObjectGlobals:Warning: Guid referenced by CameraComponent /Game/Ava/Maps/Palace_Level.Palace_Level:PersistentLevel.MainCharacter_1.FollowCamera is already used by CameraComponent /Game/Ava/Maps/Palace_Level.Palace_Level:PersistentLevel.HOTRELOADED_MainCharacter_1.FollowCamera, which should never happen in the editor but could happen at runtime with duplicate level loading or PIE
[2017.06.13-13.40.50:826][  4]LogContentBrowser: Native class hierarchy updated for 'Ava' in 0.0032 seconds. Added 3 classes and 2 folders.
[2017.06.13-13.40.50:827][  4]Warning: HotReload successful (0 functions remapped  0 scriptstructs remapped)
[2017.06.13-13.40.50:905][  4]LogContentBrowser: Native class hierarchy populated in 0.0099 seconds. Added 2083 classes and 380 folders.
[2017.06.13-13.40.50:912][  4]Warning: HotReload took  0.4s.
[2017.06.13-14.00.28:224][536]LogHotReload: New module detected: UE4Editor-Ava-4481.dll
[2017.06.13-14.00.31:229][546]LogHotReload: Starting Hot-Reload from IDE
[2017.06.13-14.00.31:272][546]LogClass: Could not find existing enum StatueDataVariables for HotReload. Assuming new
[2017.06.13-14.00.31:272][546]LogClass: ItemDataVariables HotReload.
[2017.06.13-14.00.31:272][546]LogClass: Item HotReload.
[2017.06.13-14.00.31:274][546]LogHotReload: Re-instancing MainCharacter after hot-reload.
[2017.06.13-14.00.31:347][546]LogContentBrowser: Native class hierarchy updated for 'Ava' in 0.0023 seconds. Added 3 classes and 2 folders.
[2017.06.13-14.00.31:349][546]Warning: HotReload successful (0 functions remapped  0 scriptstructs remapped)
[2017.06.13-14.00.31:382][546]LogContentBrowser: Native class hierarchy populated in 0.0095 seconds. Added 2083 classes and 380 folders.
[2017.06.13-14.00.31:387][546]Warning: HotReload took  0.2s.
[2017.06.13-14.10.02:862][260]LogHotReload: New module detected: UE4Editor-Ava-3892.dll
[2017.06.13-14.10.05:209][268]LogHotReload: Starting Hot-Reload from IDE
[2017.06.13-14.10.05:273][268]LogClass: StatueDataVariables HotReload.
[2017.06.13-14.10.05:273][268]LogClass: Could not find existing enum Statue for HotReload. Assuming new
[2017.06.13-14.10.05:273][268]LogClass: ItemDataVariables HotReload.
[2017.06.13-14.10.05:273][268]LogClass: Item HotReload.
[2017.06.13-14.10.05:275][268]LogHotReload: Re-instancing MainCharacter after hot-reload.
[2017.06.13-14.10.05:355][268]LogContentBrowser: Native class hierarchy updated for 'Ava' in 0.0026 seconds. Added 3 classes and 2 folders.
[2017.06.13-14.10.05:356][268]Warning: HotReload successful (0 functions remapped  0 scriptstructs remapped)
[2017.06.13-14.10.05:388][268]LogContentBrowser: Native class hierarchy populated in 0.0104 seconds. Added 2083 classes and 380 folders.
[2017.06.13-14.10.05:392][268]Warning: HotReload took  0.2s.
[2017.06.13-14.35.35:750][815]LogSavePackage: Save=12.20ms
[2017.06.13-14.35.35:750][815]LogSavePackage: Moving '../../../../../../Users/i7230020.STUDENT.000/Documents/GitHub/MastersProject/Ava/Saved/character1269AA1F4C3FDB38B46A63AEB72233EA.tmp' to '../../../../../../Users/i7230020.STUDENT.000/Documents/GitHub/MastersProject/Ava/Content/TemporaryContent/character.uasset'
[2017.06.13-14.35.35:764][815]LogSavePackage:Display: Finished SavePackage ../../../../../../Users/i7230020.STUDENT.000/Documents/GitHub/MastersProject/Ava/Content/TemporaryContent/character.uasset
[2017.06.13-14.35.35:785][815]Cmd: OBJ SAVEPACKAGE PACKAGE="/Game/TemporaryContent/lambert1" FILE="../../../../../../Users/i7230020.STUDENT.000/Documents/GitHub/MastersProject/Ava/Content/TemporaryContent/lambert1.uasset" SILENT=true
[2017.06.13-14.35.35:800][815]LogSavePackage: Save=11.51ms
[2017.06.13-14.35.35:800][815]LogSavePackage: Moving '../../../../../../Users/i7230020.STUDENT.000/Documents/GitHub/MastersProject/Ava/Saved/lambert114F4E8E24F22DC07D2779BA2EC838384.tmp' to '../../../../../../Users/i7230020.STUDENT.000/Documents/GitHub/MastersProject/Ava/Content/TemporaryContent/lambert1.uasset'
[2017.06.13-14.35.35:810][815]LogSavePackage:Display: Finished SavePackage ../../../../../../Users/i7230020.STUDENT.000/Documents/GitHub/MastersProject/Ava/Content/TemporaryContent/lambert1.uasset
[2017.06.13-14.35.50:010][937]LogFactory: FactoryCreateFile: Texture with ReimportTextureFactory (0 0 C:\Users\i7230020.STUDENT.000\Downloads\ScrollSprite.png)
[2017.06.13-14.35.50:017][937]LogTexture:Display: Building textures: ScrollSprite (AutoDXT)
[2017.06.13-14.35.56:453][255]LogSavePackage: Save=11.27ms
[2017.06.13-14.35.56:453][255]LogSavePackage: Moving '../../../../../../Users/i7230020.STUDENT.000/Documents/GitHub/MastersProject/Ava/Saved/ScrollSpriteE3DA650F486CBBBD81622986586213D2.tmp' to '../../../../../../Users/i7230020.STUDENT.000/Documents/GitHub/MastersProject/Ava/Content/TemporaryContent/ScrollSprite.uasset'
[2017.06.13-14.35.56:475][255]LogSavePackage:Display: Finished SavePackage ../../../../../../Users/i7230020.STUDENT.000/Documents/GitHub/MastersProject/Ava/Content/TemporaryContent/ScrollSprite.uasset
[2017.06.13-14.53.58:251][720]LogHotReload: New module detected: UE4Editor-Ava-4488.dll
[2017.06.13-14.54.00:590][728]LogHotReload: Starting Hot-Reload from IDE
[2017.06.13-14.54.00:608][728]LogModuleManager:Warning: ModuleManager: Unable to load module 'Ava' because the file 'C:/Users/i7230020.STUDENT.000/Documents/GitHub/MastersProject/Ava/Binaries/Win64/UE4Editor-Ava-4488.dll' was not found.
[2017.06.13-14.54.00:608][728]Warning: HotReload failed, reload failed /Script/Ava.
[2017.06.13-14.54.00:621][728]LogContentBrowser: Native class hierarchy populated in 0.0110 seconds. Added 2083 classes and 380 folders.
[2017.06.13-14.54.00:625][728]Warning: HotReload took  0.0s.
[2017.06.13-15.18.48:471][967]LogEditorViewport: Clicking on Actor (LMB): StaticMeshActor (SM_MatPreviewMesh_02)
[2017.06.13-15.18.48:618][968]Cmd: CAMERA ALIGN ACTIVEVIEWPORTONLY
[2017.06.13-15.18.53:219][166]LogSavePackage: Save=704.41ms
[2017.06.13-15.18.53:220][166]LogSavePackage: Moving '../../../../../../Users/i7230020.STUDENT.000/Documents/GitHub/MastersProject/Ava/Saved/Palace_Level5110C23E435637B063C020A6037FB598.tmp' to '../../../../../../Users/i7230020.STUDENT.000/Documents/GitHub/MastersProject/Ava/Content/Ava/Maps/Palace_Level.umap'
[2017.06.13-15.18.53:232][166]LogSavePackage:Display: Finished SavePackage ../../../../../../Users/i7230020.STUDENT.000/Documents/GitHub/MastersProject/Ava/Content/Ava/Maps/Palace_Level.umap
[2017.06.13-15.18.53:259][166]LogFileHelpers: Saving map 'Palace_Level' took 0.970
[2017.06.13-15.28.45:977][634]LogEditorViewport: Clicking on Actor (LMB): BP_Sky_Sphere_C (BP_Sky_Sphere)
[2017.06.13-15.42.16:950][371]Cmd: CAMERA ALIGN ACTIVEVIEWPORTONLY
[2017.06.13-15.42.18:610][458]LogEditorViewport: Clicking on Actor (LMB): MainCharacter (MainCharacter1)
[2017.06.13-15.42.18:773][458]Cmd: CAMERA ALIGN ACTIVEVIEWPORTONLY
[2017.06.13-15.42.52:121][492]Running C:/Program Files/Epic Games/4.12/Engine/Binaries/DotNET/UnrealBuildTool.exe  -projectfiles -project="C:/Users/i7230020.STUDENT.000/Documents/GitHub/MastersProject/Ava/Ava.uproject" -game -rocket -progress
[2017.06.13-15.42.52:725][492]Discovering modules, targets and source code for project...
[2017.06.13-15.42.57:137][492]LogHotReload: Recompiling module Ava...
[2017.06.13-15.42.57:143][492]LogVSAccessor:Warning: Couldn't access Visual Studio
[2017.06.13-15.42.57:150][492]Recompiling Ava...
[2017.06.13-15.42.57:151][492]Launching UnrealBuildTool... [C:/Program Files/Epic Games/4.12/Engine/Binaries/DotNET/UnrealBuildTool.exe UE4Editor -Module Ava Win64 Development -editorrecompile -FailIfGeneratedCodeChanges -canskiplink "C:/Users/i7230020.STUDENT.000/Documents/GitHub/MastersProject/Ava/Ava.uproject"  -2015]
[2017.06.13-15.42.58:752][492]Performing full C++ include scan (hot reloading a new target)
Creating makefile for hot reloading UE4Editor (no existing makefile)
Compiling game modules for hot reload
ERROR: One or more of the modules specified using the '-module' argument could not be found.

[2017.06.13-15.42.58:752][492]CompilerResultsLog: New page: Compilation - 13 Jun 2017 16:42:58
[2017.06.13-15.42.58:752][492]CompilerResultsLog: Info Performing full C++ include scan (hot reloading a new target)
[2017.06.13-15.42.58:752][492]CompilerResultsLog: Info Creating makefile for hot reloading UE4Editor (no existing makefile)
[2017.06.13-15.42.58:752][492]CompilerResultsLog: Info Compiling game modules for hot reload
[2017.06.13-15.42.58:752][492]CompilerResultsLog: Info ERROR: One or more of the modules specified using the '-module' argument could not be found.
[2017.06.13-15.42.58:752][492]LogMainFrame: MainFrame: Module compiling took 1.610 seconds
[2017.06.13-15.44.02:276][110]Cmd: QUIT_EDITOR
[2017.06.13-15.44.02:342][110]LogExit: Preparing to exit.
[2017.06.13-15.44.02:763][110]LogHoudiniEngine: HAPI Synchronous Deletion of  Started. HoudiniAsset = 0x0, 
[2017.06.13-15.44.02:767][110]LogExit: Editor shut down
[2017.06.13-15.44.02:767][110]LogExit: Transaction tracking system shut down
[2017.06.13-15.44.02:890][110]LogObj: Freed 0b from 0 cluster array pools.
[2017.06.13-15.44.02:890][110]LogExit: Object subsystem successfully closed.
[2017.06.13-15.44.02:917][110]LogD3D11RHI: Shutdown
[2017.06.13-15.44.02:917][110]LogD3D11RHI: CleanupD3DDevice
[2017.06.13-15.44.02:980][110]LogD3D11RHI: ~FD3D11DynamicRHI
[2017.06.13-15.44.03:002][110]LogModuleManager: Shutting down and abandoning module StatsViewer (216)
[2017.06.13-15.44.03:002][110]LogModuleManager: Shutting down and abandoning module HierarchicalLODOutliner (215)
[2017.06.13-15.44.03:002][110]LogModuleManager: Shutting down and abandoning module CrashTracker (214)
[2017.06.13-15.44.03:002][110]LogModuleManager: Shutting down and abandoning module SceneOutliner (213)
[2017.06.13-15.44.03:003][110]LogModuleManager: Shutting down and abandoning module WidgetCarousel (212)
[2017.06.13-15.44.03:003][110]LogModuleManager: Shutting down and abandoning module AddContentDialog (211)
[2017.06.13-15.44.03:004][110]LogModuleManager: Shutting down and abandoning module GameplayTags (210)
[2017.06.13-15.44.03:004][110]LogModuleManager: Shutting down and abandoning module EditorWidgets (209)
[2017.06.13-15.44.03:004][110]LogModuleManager: Shutting down and abandoning module CollectionManager (208)
[2017.06.13-15.44.03:004][110]LogModuleManager: Shutting down and abandoning module FoliageEdit (207)
[2017.06.13-15.44.03:004][110]LogModuleManager: Shutting down and abandoning module LandscapeEditor (206)
[2017.06.13-15.44.03:004][110]LogModuleManager: Shutting down and abandoning module SceneDepthPickerMode (205)
[2017.06.13-15.44.03:004][110]LogModuleManager: Shutting down and abandoning module ActorPickerMode (204)
[2017.06.13-15.44.03:004][110]LogModuleManager: Shutting down and abandoning module GeometryMode (203)
[2017.06.13-15.44.03:004][110]LogModuleManager: Shutting down and abandoning module TextureAlignMode (202)
[2017.06.13-15.44.03:004][110]LogModuleManager: Shutting down and abandoning module BspMode (201)
[2017.06.13-15.44.03:004][110]LogModuleManager: Shutting down and abandoning module HardwareSurvey (200)
[2017.06.13-15.44.03:004][110]LogModuleManager: Shutting down and abandoning module SequenceRecorderSections (199)
[2017.06.13-15.44.03:004][110]LogModuleManager: Shutting down and abandoning module SequenceRecorder (198)
[2017.06.13-15.44.03:004][110]LogModuleManager: Shutting down and abandoning module AutomationWorker (197)
[2017.06.13-15.44.03:004][110]LogModuleManager: Shutting down and abandoning module HoudiniEngineEditor (196)
[2017.06.13-15.44.03:004][110]LogHoudiniEngineEditor: Shutting down the Houdini Engine Editor module.
[2017.06.13-15.44.03:004][110]LogModuleManager: Shutting down and abandoning module MatineeToLevelSequence (195)
[2017.06.13-15.44.03:004][110]LogModuleManager: Shutting down and abandoning module PlacementMode (194)
[2017.06.13-15.44.03:004][110]LogModuleManager: Shutting down and abandoning module LevelSequenceEditor (193)
[2017.06.13-15.44.03:004][110]LogModuleManager: Shutting down and abandoning module CharacterAI (192)
[2017.06.13-15.44.03:004][110]LogModuleManager: Shutting down and abandoning module SmartSnapping (191)
[2017.06.13-15.44.03:004][110]LogModuleManager: Shutting down and abandoning module SessionServices (190)
[2017.06.13-15.44.03:004][110]LogModuleManager: Shutting down and abandoning module ViewportSnapping (189)
[2017.06.13-15.44.03:004][110]LogModuleManager: Shutting down and abandoning module LogVisualizer (188)
[2017.06.13-15.44.03:004][110]LogModuleManager: Shutting down and abandoning module GameProjectGeneration (187)
[2017.06.13-15.44.03:004][110]LogModuleManager: Shutting down and abandoning module IntroTutorials (186)
[2017.06.13-15.44.03:004][110]LogModuleManager: Shutting down and abandoning module EditorLiveStreaming (185)
[2017.06.13-15.44.03:004][110]LogModuleManager: Shutting down and abandoning module IOSPlatformEditor (184)
[2017.06.13-15.44.03:005][110]LogModuleManager: Shutting down and abandoning module HTML5PlatformEditor (183)
[2017.06.13-15.44.03:005][110]LogModuleManager: Shutting down and abandoning module AndroidDeviceDetection (182)
[2017.06.13-15.44.03:521][110]LogModuleManager: Shutting down and abandoning module AndroidPlatformEditor (181)
[2017.06.13-15.44.03:522][110]LogModuleManager: Shutting down and abandoning module IOSRuntimeSettings (180)
[2017.06.13-15.44.03:522][110]LogModuleManager: Shutting down and abandoning module AndroidRuntimeSettings (179)
[2017.06.13-15.44.03:522][110]LogModuleManager: Shutting down and abandoning module MergeActors (178)
[2017.06.13-15.44.03:522][110]LogModuleManager: Shutting down and abandoning module SizeMap (177)
[2017.06.13-15.44.03:522][110]LogModuleManager: Shutting down and abandoning module TreeMap (176)
[2017.06.13-15.44.03:522][110]LogModuleManager: Shutting down and abandoning module ReferenceViewer (175)
[2017.06.13-15.44.03:522][110]LogModuleManager: Shutting down and abandoning module LocalizationService (174)
[2017.06.13-15.44.03:522][110]LogModuleManager: Shutting down and abandoning module LocalizationDashboard (173)
[2017.06.13-15.44.03:522][110]LogModuleManager: Shutting down and abandoning module HardwareTargeting (172)
[2017.06.13-15.44.03:522][110]LogModuleManager: Shutting down and abandoning module DeviceProfileEditor (171)
[2017.06.13-15.44.03:522][110]LogModuleManager: Shutting down and abandoning module UndoHistory (170)
[2017.06.13-15.44.03:522][110]LogModuleManager: Shutting down and abandoning module UserFeedback (169)
[2017.06.13-15.44.03:522][110]LogModuleManager: Shutting down and abandoning module XmlParser (168)
[2017.06.13-15.44.03:522][110]LogModuleManager: Shutting down and abandoning module Blutility (167)
[2017.06.13-15.44.03:522][110]LogModuleManager: Shutting down and abandoning module ProjectTargetPlatformEditor (166)
[2017.06.13-15.44.03:522][110]LogModuleManager: Shutting down and abandoning module ProjectSettingsViewer (165)
[2017.06.13-15.44.03:522][110]LogModuleManager: Shutting down and abandoning module InputBindingEditor (164)
[2017.06.13-15.44.03:523][110]LogModuleManager: Shutting down and abandoning module EditorSettingsViewer (163)
[2017.06.13-15.44.03:523][110]LogModuleManager: Shutting down and abandoning module SettingsEditor (162)
[2017.06.13-15.44.03:523][110]LogModuleManager: Shutting down and abandoning module ProjectLauncher (161)
[2017.06.13-15.44.03:523][110]LogModuleManager: Shutting down and abandoning module SessionFrontend (160)
[2017.06.13-15.44.03:523][110]LogModuleManager: Shutting down and abandoning module ProfilerClient (159)
[2017.06.13-15.44.03:523][110]LogModuleManager: Shutting down and abandoning module TargetDeviceServices (158)
[2017.06.13-15.44.03:523][110]LogModuleManager: Shutting down and abandoning module DeviceManager (157)
[2017.06.13-15.44.03:573][110]LogModuleManager: Shutting down and abandoning module AutomationController (156)
[2017.06.13-15.44.03:573][110]LogModuleManager: Shutting down and abandoning module AutomationWindow (155)
[2017.06.13-15.44.03:573][110]LogModuleManager: Shutting down and abandoning module Layers (154)
[2017.06.13-15.44.03:573][110]LogModuleManager: Shutting down and abandoning module ComponentVisualizers (153)
[2017.06.13-15.44.03:573][110]LogModuleManager: Shutting down and abandoning module DetailCustomizations (152)
[2017.06.13-15.44.03:573][110]LogModuleManager: Shutting down and abandoning module PackagesDialog (151)
[2017.06.13-15.44.03:573][110]LogModuleManager: Shutting down and abandoning module Persona (150)
[2017.06.13-15.44.03:573][110]LogModuleManager: Shutting down and abandoning module Kismet (149)
[2017.06.13-15.44.03:573][110]LogModuleManager: Shutting down and abandoning module GraphEditor (148)
[2017.06.13-15.44.03:573][110]LogModuleManager: Shutting down and abandoning module ClassViewer (147)
[2017.06.13-15.44.03:576][110]LogModuleManager: Shutting down and abandoning module Toolbox (146)
[2017.06.13-15.44.03:576][110]LogModuleManager: Shutting down and abandoning module ModuleUI (145)
[2017.06.13-15.44.03:576][110]LogModuleManager: Shutting down and abandoning module MovieSceneTools (144)
[2017.06.13-15.44.03:576][110]LogModuleManager: Shutting down and abandoning module OutputLog (143)
[2017.06.13-15.44.03:576][110]LogModuleManager: Shutting down and abandoning module GammaUI (142)
[2017.06.13-15.44.03:576][110]LogModuleManager: Shutting down and abandoning module Documentation (141)
[2017.06.13-15.44.03:576][110]LogModuleManager: Shutting down and abandoning module StreamingPauseRendering (140)
[2017.06.13-15.44.03:576][110]LogModuleManager: Shutting down and abandoning module AnalyticsET (139)
[2017.06.13-15.44.03:576][110]LogModuleManager: Shutting down and abandoning module Analytics (138)
[2017.06.13-15.44.03:576][110]LogModuleManager: Shutting down and abandoning module PortalServices (137)
[2017.06.13-15.44.03:576][110]LogModuleManager: Shutting down and abandoning module PortalRpc (136)
[2017.06.13-15.44.03:576][110]LogModuleManager: Shutting down and abandoning module MessagingRpc (135)
[2017.06.13-15.44.03:576][110]LogModuleManager: Shutting down and abandoning module GameplayDebugger (134)
[2017.06.13-15.44.03:576][110]LogModuleManager: Shutting down and abandoning module AITestSuite (133)
[2017.06.13-15.44.03:576][110]LogModuleManager: Shutting down and abandoning module AIModule (132)
[2017.06.13-15.44.03:576][110]LogModuleManager: Shutting down and abandoning module ProfilerService (131)
[2017.06.13-15.44.03:652][110]LogModuleManager: Shutting down and abandoning module TaskGraph (130)
[2017.06.13-15.44.03:652][110]LogModuleManager: Shutting down and abandoning module SlateRemote (129)
[2017.06.13-15.44.03:652][110]LogModuleManager: Shutting down and abandoning module SteamVRController (128)
[2017.06.13-15.44.03:652][110]LogModuleManager: Shutting down and abandoning module SteamVR (127)
[2017.06.13-15.44.03:652][110]LogModuleManager: Shutting down and abandoning module ProceduralMeshComponent (126)
[2017.06.13-15.44.03:652][110]LogModuleManager: Shutting down and abandoning module OculusLibrary (125)
[2017.06.13-15.44.03:652][110]LogModuleManager: Shutting down and abandoning module OculusInput (124)
[2017.06.13-15.44.03:652][110]LogModuleManager: Shutting down and abandoning module HoudiniEngineRuntime (123)
[2017.06.13-15.44.03:652][110]LogHoudiniEngine: Shutting down the Houdini Engine module.
[2017.06.13-15.44.03:652][110]LogUObjectArray:Warning: Invalid object index -572662307
[2017.06.13-15.44.03:652][110]LogUObjectArray:Warning: Invalid object index -572662307
[2017.06.13-15.44.03:652][110]LogUObjectArray:Warning: Invalid object index -572662307
[2017.06.13-15.44.03:652][110]LogUObjectArray:Warning: Invalid object index -572662307
[2017.06.13-15.44.03:655][110]LogModuleManager: Shutting down and abandoning module CustomMeshComponent (122)
[2017.06.13-15.44.03:655][110]LogModuleManager: Shutting down and abandoning module CableComponent (121)
[2017.06.13-15.44.03:655][110]LogModuleManager: Shutting down and abandoning module ArchVisCharacter (120)
[2017.06.13-15.44.03:656][110]LogModuleManager: Shutting down and abandoning module MediaPlayerEditor (119)
[2017.06.13-15.44.03:656][110]LogModuleManager: Shutting down and abandoning module HTML5Networking (118)
[2017.06.13-15.44.03:656][110]LogModuleManager: Shutting down and abandoning module SuperSearch (117)
[2017.06.13-15.44.03:656][110]LogModuleManager: Shutting down and abandoning module SuperSearchEditor (116)
[2017.06.13-15.44.03:656][110]LogModuleManager: Shutting down and abandoning module SpeedTreeImporter (115)
[2017.06.13-15.44.03:656][110]LogModuleManager: Shutting down and abandoning module PluginBrowser (114)
[2017.06.13-15.44.03:656][110]LogModuleManager: Shutting down and abandoning module EpicSurvey (113)
[2017.06.13-15.44.03:656][110]LogModuleManager: Shutting down and abandoning module DesktopPlatform (112)
[2017.06.13-15.44.03:656][110]LogModuleManager: Shutting down and abandoning module VisualStudioSourceCodeAccess (111)
[2017.06.13-15.44.03:656][110]LogModuleManager: Shutting down and abandoning module UObjectPlugin (110)
[2017.06.13-15.44.03:656][110]LogModuleManager: Shutting down and abandoning module SubversionSourceControl (109)
[2017.06.13-15.44.03:656][110]LogModuleManager: Shutting down and abandoning module PerforceSourceControl (108)
[2017.06.13-15.44.03:656][110]LogModuleManager: Shutting down and abandoning module SourceControl (107)
[2017.06.13-15.44.03:656][110]LogModuleManager: Shutting down and abandoning module GitSourceControl (106)
[2017.06.13-15.44.03:656][110]LogModuleManager: Shutting down and abandoning module LightPropagationVolumeEditor (105)
[2017.06.13-15.44.03:656][110]LogModuleManager: Shutting down and abandoning module PaperTiledImporter (104)
[2017.06.13-15.44.03:656][110]LogModuleManager: Shutting down and abandoning module PaperSpriteSheetImporter (103)
[2017.06.13-15.44.03:656][110]LogModuleManager: Shutting down and abandoning module MeshPaint (102)
[2017.06.13-15.44.03:656][110]LogModuleManager: Shutting down and abandoning module PixelInspectorModule (101)
[2017.06.13-15.44.03:656][110]LogModuleManager: Shutting down and abandoning module HotReload (100)
[2017.06.13-15.44.03:658][110]LogModuleManager: Shutting down and abandoning module MainFrame (99)
[2017.06.13-15.44.03:658][110]LogModuleManager: Shutting down and abandoning module LevelEditor (98)
[2017.06.13-15.44.03:659][110]LogModuleManager: Shutting down and abandoning module ContentBrowser (97)
[2017.06.13-15.44.03:661][110]LogModuleManager: Shutting down and abandoning module Paper2DEditor (96)
[2017.06.13-15.44.03:661][110]LogModuleManager: Shutting down and abandoning module UdpMessaging (94)
[2017.06.13-15.44.03:761][110]LogModuleManager: Shutting down and abandoning module LightPropagationVolumeRuntime (93)
[2017.06.13-15.44.03:761][110]LogModuleManager: Shutting down and abandoning module Paper2D (92)
[2017.06.13-15.44.03:761][110]LogModuleManager: Shutting down and abandoning module WindowsMoviePlayer (91)
[2017.06.13-15.44.03:761][110]LogModuleManager: Shutting down and abandoning module Media (90)
[2017.06.13-15.44.03:761][110]LogModuleManager: Shutting down and abandoning module WmfMedia (89)
[2017.06.13-15.44.03:762][110]LogModuleManager: Shutting down and abandoning module MediaAssets (88)
[2017.06.13-15.44.03:762][110]LogModuleManager: Shutting down and abandoning module GameLiveStreaming (87)
[2017.06.13-15.44.03:762][110]LogModuleManager: Shutting down and abandoning module GameplayTagsEditor (86)
[2017.06.13-15.44.03:762][110]LogModuleManager: Shutting down and abandoning module OnlineBlueprintSupport (85)
[2017.06.13-15.44.03:762][110]LogModuleManager: Shutting down and abandoning module VREditor (84)
[2017.06.13-15.44.03:762][110]LogModuleManager: Shutting down and abandoning module GameplayTasksEditor (83)
[2017.06.13-15.44.03:762][110]LogModuleManager: Shutting down and abandoning module PropertyEditor (82)
[2017.06.13-15.44.03:762][110]LogModuleManager: Shutting down and abandoning module BehaviorTreeEditor (81)
[2017.06.13-15.44.03:762][110]LogModuleManager: Shutting down and abandoning module FunctionalTesting (80)
[2017.06.13-15.44.03:762][110]LogModuleManager: Shutting down and abandoning module CollisionAnalyzer (79)
[2017.06.13-15.44.03:762][110]LogModuleManager: Shutting down and abandoning module Sequencer (78)
[2017.06.13-15.44.03:762][110]LogModuleManager: Shutting down and abandoning module WorkspaceMenuStructure (77)
[2017.06.13-15.44.03:762][110]LogModuleManager: Shutting down and abandoning module MessageLog (76)
[2017.06.13-15.44.03:762][110]LogModuleManager: Shutting down and abandoning module AssetTools (75)
[2017.06.13-15.44.03:763][110]LogModuleManager: Shutting down and abandoning module UMGEditor (74)
[2017.06.13-15.44.03:763][110]LogModuleManager: Shutting down and abandoning module UMG (73)
[2017.06.13-15.44.03:763][110]LogModuleManager: Shutting down and abandoning module SlateReflector (72)
[2017.06.13-15.44.03:763][110]LogModuleManager: Shutting down and abandoning module Slate (71)
[2017.06.13-15.44.03:763][110]LogModuleManager: Shutting down and abandoning module EditorStyle (70)
[2017.06.13-15.44.03:769][110]LogModuleManager: Shutting down and abandoning module SourceCodeAccess (69)
[2017.06.13-15.44.03:769][110]LogModuleManager: Shutting down and abandoning module HeadMountedDisplay (68)
[2017.06.13-15.44.03:769][110]LogModuleManager: Shutting down and abandoning module XAudio2 (67)
[2017.06.13-15.44.03:769][110]LogModuleManager: Shutting down and abandoning module Networking (65)
[2017.06.13-15.44.03:769][110]LogModuleManager: Shutting down and abandoning module Core (64)
[2017.06.13-15.44.03:769][110]LogModuleManager: Shutting down and abandoning module DirectoryWatcher (63)
[2017.06.13-15.44.03:771][110]LogModuleManager: Shutting down and abandoning module AssetRegistry (62)
[2017.06.13-15.44.03:851][110]LogModuleManager: Shutting down and abandoning module KismetCompiler (61)
[2017.06.13-15.44.03:851][110]LogModuleManager: Shutting down and abandoning module PhysXFormats (60)
[2017.06.13-15.44.03:851][110]LogModuleManager: Shutting down and abandoning module MeshUtilities (59)
[2017.06.13-15.44.03:851][110]LogModuleManager: Shutting down and abandoning module DerivedDataCache (58)
[2017.06.13-15.44.03:949][110]LogDerivedDataCache: Shutdown
[2017.06.13-15.44.03:949][110]LogModuleManager: Shutting down and abandoning module VulkanShaderFormat (57)
[2017.06.13-15.44.03:949][110]LogModuleManager: Shutting down and abandoning module ShaderFormatOpenGL (56)
[2017.06.13-15.44.03:949][110]LogModuleManager: Shutting down and abandoning module ShaderFormatD3D (55)
[2017.06.13-15.44.03:949][110]LogModuleManager: Shutting down and abandoning module MetalShaderFormat (54)
[2017.06.13-15.44.03:949][110]LogModuleManager: Shutting down and abandoning module TextureFormatUncompressed (53)
[2017.06.13-15.44.03:949][110]LogModuleManager: Shutting down and abandoning module TextureFormatPVR (52)
[2017.06.13-15.44.03:949][110]LogModuleManager: Shutting down and abandoning module TextureFormatIntelISPCTexComp (51)
[2017.06.13-15.44.03:949][110]LogModuleManager: Shutting down and abandoning module TextureFormatDXT (50)
[2017.06.13-15.44.03:949][110]LogModuleManager: Shutting down and abandoning module ImageWrapper (49)
[2017.06.13-15.44.03:949][110]LogModuleManager: Shutting down and abandoning module TextureFormatASTC (48)
[2017.06.13-15.44.03:949][110]LogModuleManager: Shutting down and abandoning module TextureFormatAndroid (47)
[2017.06.13-15.44.03:949][110]LogModuleManager: Shutting down and abandoning module AudioFormatOpus (46)
[2017.06.13-15.44.03:949][110]LogModuleManager: Shutting down and abandoning module AudioFormatOgg (45)
[2017.06.13-15.44.03:949][110]LogModuleManager: Shutting down and abandoning module AudioFormatADPCM (44)
[2017.06.13-15.44.03:949][110]LogModuleManager: Shutting down and abandoning module LinuxTargetPlatform (43)
[2017.06.13-15.44.03:949][110]LogModuleManager: Shutting down and abandoning module LinuxServerTargetPlatform (42)
[2017.06.13-15.44.03:949][110]LogModuleManager: Shutting down and abandoning module LinuxNoEditorTargetPlatform (41)
[2017.06.13-15.44.03:949][110]LogModuleManager: Shutting down and abandoning module TVOSTargetPlatform (40)
[2017.06.13-15.44.03:949][110]LogModuleManager: Shutting down and abandoning module Messaging (39)
[2017.06.13-15.44.03:949][110]LogModuleManager: Shutting down and abandoning module IOSTargetPlatform (38)
[2017.06.13-15.44.03:949][110]LogModuleManager: Shutting down and abandoning module HTML5TargetPlatform (37)
[2017.06.13-15.44.03:949][110]LogModuleManager: Shutting down and abandoning module Android_PVRTCTargetPlatform (36)
[2017.06.13-15.44.03:949][110]LogModuleManager: Shutting down and abandoning module Android_MultiTargetPlatform (35)
[2017.06.13-15.44.03:949][110]LogModuleManager: Shutting down and abandoning module Android_ETC2TargetPlatform (34)
[2017.06.13-15.44.03:949][110]LogModuleManager: Shutting down and abandoning module Android_ETC1TargetPlatform (33)
[2017.06.13-15.44.03:949][110]LogModuleManager: Shutting down and abandoning module Android_DXTTargetPlatform (32)
[2017.06.13-15.44.03:949][110]LogModuleManager: Shutting down and abandoning module Android_ATCTargetPlatform (31)
[2017.06.13-15.44.03:949][110]LogModuleManager: Shutting down and abandoning module Android_ASTCTargetPlatform (30)
[2017.06.13-15.44.03:950][110]LogModuleManager: Shutting down and abandoning module AndroidTargetPlatform (29)
[2017.06.13-15.44.03:950][110]LogModuleManager: Shutting down and abandoning module WindowsTargetPlatform (28)
[2017.06.13-15.44.03:950][110]LogModuleManager: Shutting down and abandoning module WindowsServerTargetPlatform (27)
[2017.06.13-15.44.03:950][110]LogModuleManager: Shutting down and abandoning module WindowsNoEditorTargetPlatform (26)
[2017.06.13-15.44.03:950][110]LogModuleManager: Shutting down and abandoning module WindowsClientTargetPlatform (25)
[2017.06.13-15.44.03:950][110]LogModuleManager: Shutting down and abandoning module AllDesktopTargetPlatform (24)
[2017.06.13-15.44.03:950][110]LogModuleManager: Shutting down and abandoning module TargetPlatform (23)
[2017.06.13-15.44.03:950][110]LogModuleManager: Shutting down and abandoning module InputCore (22)
[2017.06.13-15.44.03:950][110]LogModuleManager: Shutting down and abandoning module Settings (21)
[2017.06.13-15.44.03:950][110]LogModuleManager: Shutting down and abandoning module OnlineSubsystem (19)
[2017.06.13-15.44.03:950][110]LogModuleManager: Shutting down and abandoning module HTTP (18)
[2017.06.13-15.44.05:450][110]LogModuleManager: Shutting down and abandoning module XMPP (17)
[2017.06.13-15.44.05:450][110]LogModuleManager: Shutting down and abandoning module OculusRift (16)
[2017.06.13-15.44.05:451][110]LogModuleManager: Shutting down and abandoning module ExampleDeviceProfileSelector (15)
[2017.06.13-15.44.05:451][110]LogModuleManager: Shutting down and abandoning module TextureCompressor (14)
[2017.06.13-15.44.05:451][110]LogModuleManager: Shutting down and abandoning module ShaderCore (13)
[2017.06.13-15.44.05:451][110]LogModuleManager: Shutting down and abandoning module Landscape (12)
[2017.06.13-15.44.05:451][110]LogModuleManager: Shutting down and abandoning module SlateRHIRenderer (11)
[2017.06.13-15.44.05:453][110]LogModuleManager: Shutting down and abandoning module OpenGLDrv (10)
[2017.06.13-15.44.05:453][110]LogModuleManager: Shutting down and abandoning module D3D11RHI (9)
[2017.06.13-15.44.05:453][110]LogModuleManager: Shutting down and abandoning module AnimGraphRuntime (8)
[2017.06.13-15.44.05:453][110]LogModuleManager: Shutting down and abandoning module Renderer (7)
[2017.06.13-15.44.05:453][110]LogModuleManager: Shutting down and abandoning module Engine (6)
[2017.06.13-15.44.05:453][110]LogModuleManager: Shutting down and abandoning module CoreUObject (5)
[2017.06.13-15.44.05:453][110]LogModuleManager: Shutting down and abandoning module NetworkFile (4)
[2017.06.13-15.44.05:453][110]LogModuleManager: Shutting down and abandoning module StreamingFile (3)
[2017.06.13-15.44.05:453][110]LogModuleManager: Shutting down and abandoning module SandboxFile (2)
[2017.06.13-15.44.05:453][110]LogModuleManager: Shutting down and abandoning module PakFile (1)
[2017.06.13-15.44.05:457][110]LogExit: Exiting.
[2017.06.13-15.44.05:459][110]Log file closed, 06/13/17 16:44:05
