Log file open, 07/20/17 13:22:29
LogInit:Display: Running engine for game: Ava
LogPlatformFile: Not using cached read wrapper
LogInit:Display: RandInit(1217976110) SRandInit(1217976112).
LogTaskGraph: Started task graph with 4 named threads and 9 total threads with 1 sets of task threads.
LogStats: Stats thread started at 0.127032
LogInit: Version: 4.12.5-3039270+++UE4+Release-4.12
LogInit: API Version: 2992821
LogInit: Net Version: 3039270
LogDevObjectVersion: Number of dev versions registered: 13
LogDevObjectVersion:   Dev-Blueprints (B0D832E4-1F89-4F0D-ACCF-7EB736FD4AA2): 3
LogDevObjectVersion:   Dev-Build (E1C64328-A22C-4D53-A36C-8E866417BD8C): 0
LogDevObjectVersion:   Dev-Core (375EC13C-06E4-48FB-B500-84F0262A717E): 1
LogDevObjectVersion:   Dev-Editor (E4B068ED-F494-42E9-A231-DA0B2E46BB41): 2
LogDevObjectVersion:   Dev-Framework (CFFC743F-43B0-4480-9391-14DF171D2073): 6
LogDevObjectVersion:   Dev-Mobile (B02B49B5-BB20-44E9-A304-32B752E40360): 0
LogDevObjectVersion:   Dev-Networking (A4E4105C-59A1-49B5-A7C5-40C4547EDFEE): 0
LogDevObjectVersion:   Dev-Online (39C831C9-5AE6-47DC-9A44-9C173E1C8E7C): 0
LogDevObjectVersion:   Dev-Physics (78F01B33-EBEA-4F98-B9B4-84EACCB95AA2): 0
LogDevObjectVersion:   Dev-Platform (6631380F-2D4D-43E0-8009-CF276956A95A): 0
LogDevObjectVersion:   Dev-Rendering (12F88B9F-8875-4AFC-A67C-D90C383ABD29): 2
LogDevObjectVersion:   Dev-Sequencer (7B5AE74C-D270-4C10-A958-57980B212A5A): 0
LogDevObjectVersion:   Dev-VR (D7296918-1DD6-4BDD-9DE2-64A83CC13884): 0
LogInit: Compiled (64-bit): Jul  6 2016 09:09:46
LogInit: Compiled with Visual C++: 19.00.23026.00
LogInit: Build Configuration: Development
LogInit: Branch Name: ++UE4+Release-4.12
LogInit: Command line:  
LogInit: Base directory: C:/Program Files/Epic Games/4.12/Engine/Binaries/Win64/
LogInit: Installed Engine Build: 1
LogInit: Using libcurl 7.41.0
LogInit:  - built for x86_64-pc-win32
LogInit:  - supports SSL with WinSSL
LogInit:  - other features:
LogInit:      CURL_VERSION_SSL
LogInit:      CURL_VERSION_IPV6
LogInit:      CURL_VERSION_ASYNCHDNS
LogInit:      CURL_VERSION_LARGEFILE
LogInit:      CURL_VERSION_IDN
LogInit:  CurlRequestOptions (configurable via config and command line):
LogInit:  - bVerifyPeer = true  - Libcurl will verify peer certificate
LogInit:  - bUseHttpProxy = false  - Libcurl will NOT use HTTP proxy
LogInit:  - bDontReuseConnections = false  - Libcurl will reuse connections
LogInit:  - CertBundlePath = nullptr  - Libcurl will use whatever was configured at build time.
LogInit: Presizing for max 8388607 objects, including 0 objects not considered by GC, pre-allocating 0 bytes for permanent pool.
LogInit: Object subsystem initialized
[2017.07.20-12.22.29:658][  0]LogInit: Selected Device Profile: [Windows]
[2017.07.20-12.22.29:658][  0]LogInit: Applying CVar settings loaded from the selected device profile: [Windows]
[2017.07.20-12.22.29:667][  0]LogInit: Computer: PC42640
[2017.07.20-12.22.29:667][  0]LogInit: User: i7230020
[2017.07.20-12.22.29:667][  0]LogInit: CPU Page size=65536, Cores=6
[2017.07.20-12.22.29:667][  0]LogInit: High frequency timer resolution =3.410097 MHz
[2017.07.20-12.22.29:667][  0]LogMemory: Memory total: Physical=31.9GB (32GB approx)
[2017.07.20-12.22.29:668][  0]LogMemory: Platform Memory Stats for Windows
[2017.07.20-12.22.29:668][  0]LogMemory: Process Physical Memory: 195.92 MB used, 195.92 MB peak
[2017.07.20-12.22.29:668][  0]LogMemory: Process Virtual Memory: 198.94 MB used, 198.94 MB peak
[2017.07.20-12.22.29:668][  0]LogMemory: Physical Memory: 12377.64 MB used, 32684.15 MB total
[2017.07.20-12.22.29:668][  0]LogMemory: Virtual Memory: 539.58 MB used, 8388608.00 MB total
[2017.07.20-12.22.29:752][  0]LogTextLocalizationManager: No specific translations for ('en-GB') exist, so ('en') translations will be used.
[2017.07.20-12.22.30:225][  0]LogD3D11RHI: D3D11 adapters:
[2017.07.20-12.22.30:249][  0]LogD3D11RHI:    0. 'NVIDIA Quadro M4000' (Feature Level 11_0)
[2017.07.20-12.22.30:249][  0]LogD3D11RHI:       8092/0/16086 MB DedicatedVideo/DedicatedSystem/SharedSystem, Outputs:1, VendorId:0x10de
[2017.07.20-12.22.30:249][  0]LogD3D11RHI: Chosen D3D11 Adapter: 0
[2017.07.20-12.22.30:266][  0]LogD3D11RHI: Creating new Direct3DDevice
[2017.07.20-12.22.30:266][  0]LogD3D11RHI:     GPU DeviceId: 0x13f1 (for the marketing name, search the web for "GPU Device Id")
[2017.07.20-12.22.30:267][  0]LogWindows: EnumDisplayDevices:
[2017.07.20-12.22.30:267][  0]LogWindows:    0. 'NVIDIA Quadro M4000' (P:1 D:1)
[2017.07.20-12.22.30:268][  0]LogWindows:    1. 'NVIDIA Quadro M4000' (P:0 D:0)
[2017.07.20-12.22.30:269][  0]LogWindows:    2. 'NVIDIA Quadro M4000' (P:0 D:0)
[2017.07.20-12.22.30:270][  0]LogWindows:    3. 'NVIDIA Quadro M4000' (P:0 D:0)
[2017.07.20-12.22.30:270][  0]LogWindows:    4. 'RDPDD Chained DD' (P:0 D:0)
[2017.07.20-12.22.30:271][  0]LogWindows:    5. 'RDP Encoder Mirror Driver' (P:0 D:0)
[2017.07.20-12.22.30:271][  0]LogWindows:    6. 'RDP Reflector Display Driver' (P:0 D:0)
[2017.07.20-12.22.30:272][  0]LogWindows: DebugString: GetVideoDriverDetailsInvalid PrimaryIsNotTheChoosenAdapter GetVideoDriverDetailsInvalid PrimaryIsNotTheChoosenAdapter GetVideoDriverDetailsInvalid PrimaryIsNotTheChoosenAdapter FoundDriverCount:4 
[2017.07.20-12.22.30:272][  0]LogD3D11RHI:     Adapter Name: NVIDIA Quadro M4000
[2017.07.20-12.22.30:272][  0]LogD3D11RHI:   Driver Version: 362.13 (internal:10.18.13.6213, unified:362.13)
[2017.07.20-12.22.30:272][  0]LogD3D11RHI:      Driver Date: 3-18-2016
[2017.07.20-12.22.30:272][  0]LogRHI: Texture pool is 1361 MB (70% of 1945 MB)
[2017.07.20-12.22.30:289][  0]LogD3D11RHI: Async texture creation enabled
[2017.07.20-12.22.30:304][  0]LogD3D11RHI: GPU Timing Frequency: 1000.000000 (Debug: 2 2)
[2017.07.20-12.22.30:304][  0]LogShaderCompilers: Guid format shader working directory is -8 characters bigger than the processId version (W:/University Work/Masters/MastersProject/MastersProject/Ava/Intermediate/Shaders/WorkingDirectory/51108/).
[2017.07.20-12.22.30:304][  0]LogShaderCompilers: Cleaned the shader compiler working directory 'C:/Users/I72300~1.000/AppData/Local/Temp/UnrealShaderWorkingDir/9A5BF8184FCFE58AA1F6A59F58F694AF/'.
[2017.07.20-12.22.30:304][  0]LogShaderCompilers:Display: Using Local Shader Compiler.
[2017.07.20-12.22.31:461][  0]LogTemp:Display: Loaded TP AllDesktopTargetPlatform
[2017.07.20-12.22.31:481][  0]LogTemp:Display: Loaded TP WindowsClientTargetPlatform
[2017.07.20-12.22.31:491][  0]LogTemp:Display: Loaded TP WindowsNoEditorTargetPlatform
[2017.07.20-12.22.31:500][  0]LogTemp:Display: Loaded TP WindowsServerTargetPlatform
[2017.07.20-12.22.31:509][  0]LogTemp:Display: Loaded TP WindowsTargetPlatform
[2017.07.20-12.22.31:517][  0]LogTemp:Display: Loaded TP AndroidTargetPlatform
[2017.07.20-12.22.31:524][  0]LogTemp:Display: Loaded TP Android_ASTCTargetPlatform
[2017.07.20-12.22.31:532][  0]LogTemp:Display: Loaded TP Android_ATCTargetPlatform
[2017.07.20-12.22.31:540][  0]LogTemp:Display: Loaded TP Android_DXTTargetPlatform
[2017.07.20-12.22.31:547][  0]LogTemp:Display: Loaded TP Android_ETC1TargetPlatform
[2017.07.20-12.22.31:555][  0]LogTemp:Display: Loaded TP Android_ETC2TargetPlatform
[2017.07.20-12.22.31:581][  0]LogTemp:Display: Loaded TP Android_MultiTargetPlatform
[2017.07.20-12.22.31:581][  0]LogTemp:Display: Loaded TP Android_PVRTCTargetPlatform
[2017.07.20-12.22.31:585][  0]LogTemp:Display: Loaded TP HTML5TargetPlatform
[2017.07.20-12.22.31:609][  0]LogTemp:Display: Loaded TP IOSTargetPlatform
[2017.07.20-12.22.31:616][  0]LogTemp:Display: Loaded TP TVOSTargetPlatform
[2017.07.20-12.22.31:624][  0]LogTemp:Display: Loaded TP LinuxNoEditorTargetPlatform
[2017.07.20-12.22.31:631][  0]LogTemp:Display: Loaded TP LinuxServerTargetPlatform
[2017.07.20-12.22.31:639][  0]LogTemp:Display: Loaded TP LinuxTargetPlatform
[2017.07.20-12.22.31:639][  0]LogTargetPlatformManager:Display: Building Assets For Windows
[2017.07.20-12.22.31:751][  0]LogDerivedDataCache:Display: Max Cache Size: 512 MB
[2017.07.20-12.22.31:821][  0]LogDerivedDataCache: Loaded boot cache 0.07s 49MB C:/Users/i7230020.STUDENT.000/AppData/Local/UnrealEngine/4.12/DerivedDataCache/Boot.ddc.
[2017.07.20-12.22.31:822][  0]LogDerivedDataCache:Display: Loaded Boot cache: C:/Users/i7230020.STUDENT.000/AppData/Local/UnrealEngine/4.12/DerivedDataCache/Boot.ddc
[2017.07.20-12.22.31:822][  0]LogDerivedDataCache: FDerivedDataBackendGraph:  Pak pak cache file W:/University Work/Masters/MastersProject/MastersProject/Ava/DerivedDataCache/DDC.ddp not found, will not use a pak cache.
[2017.07.20-12.22.31:822][  0]LogDerivedDataCache: Unable to find inner node Pak for hierarchical cache Hierarchy.
[2017.07.20-12.22.31:822][  0]LogDerivedDataCache: FDerivedDataBackendGraph:  CompressedPak pak cache file W:/University Work/Masters/MastersProject/MastersProject/Ava/DerivedDataCache/Compressed.ddp not found, will not use a pak cache.
[2017.07.20-12.22.31:822][  0]LogDerivedDataCache: Unable to find inner node CompressedPak for hierarchical cache Hierarchy.
[2017.07.20-12.22.31:858][  0]LogDerivedDataCache:Display: Pak cache opened for reading ../../../Engine/DerivedDataCache/Compressed.ddp.
[2017.07.20-12.22.31:873][  0]LogDerivedDataCache: Using Local data cache path C:/Users/i7230020.STUDENT.000/AppData/Local/UnrealEngine/Common/DerivedDataCache: Writable
[2017.07.20-12.22.32:113][  0]LogInit: Selected Device Profile: [Windows]
[2017.07.20-12.22.32:114][  0]LogContentStreaming: Texture pool size is 0.00 MB
[2017.07.20-12.22.32:324][  0]LogMeshUtilities: No automatic mesh reduction module available
[2017.07.20-12.22.32:324][  0]LogMeshUtilities: No automatic mesh merging module available
[2017.07.20-12.22.32:324][  0]LogMeshUtilities: No distributed automatic mesh merging module available
[2017.07.20-12.22.32:654][  0]LogAssetRegistry: FAssetRegistry took 0.0203 seconds to start up
[2017.07.20-12.22.32:724][  0]LogPackageLocalizationCache: Processed 4 localized package path(s) for 2 prioritized culture(s) in 0.066780 seconds
[2017.07.20-12.22.32:728][  0]LogUObjectArray: 28739 objects as part of root set at end of initial load.
[2017.07.20-12.22.32:728][  0]LogUObjectAllocator: 5855624 out of 0 bytes used by permanent object pool.
[2017.07.20-12.22.32:728][  0]LogUObjectArray: CloseDisregardForGC: 0/0 objects in disregard for GC pool
[2017.07.20-12.22.32:735][  0]LogInit: WinSock: version 1.1 (2.2), MaxSocks=32767, MaxUdp=65467
[2017.07.20-12.22.32:947][  0]LogSlate: SlateFontCache - WITH_FREETYPE: 1, WITH_HARFBUZZ: 1
[2017.07.20-12.22.32:947][  0]LogSlate: SlateFontCache - WITH_FREETYPE: 1, WITH_HARFBUZZ: 1
[2017.07.20-12.22.33:878][  0]LogUdpMessaging: Initializing bridge on interface 0.0.0.0:0 to multicast group 230.0.0.1:6666.
[2017.07.20-12.22.33:971][  0]LogStats: FPlatformStackWalk::StackWalkAndDump -  0.013 s
[2017.07.20-12.22.33:971][  0]LogOutputDevice:Warning: === Handled error: ===

Ensure condition failed: !AttachmentRules.bWeldSimulatedBodies [File:D:\Build\++UE4+Release-4.12+Compile\Sync\Engine\Source\Runtime\Engine\Private\Components\SceneComponent.cpp] [Line: 1481]
AttachToComponent when called from a constructor cannot weld simulated bodies. Consider calling SetupAttachment directly instead.
Stack: 
UE4Editor-Core.dll
UE4Editor-Core.dll
UE4Editor-Core.dll
UE4Editor-Engine.dll
UE4Editor-Ava-9306.dll
UE4Editor-CoreUObject.dll
UE4Editor-CoreUObject.dll
UE4Editor-CoreUObject.dll
UE4Editor-CoreUObject.dll
UE4Editor-Core.dll
UE4Editor-Core.dll
UE4Editor-Projects.dll
UE4Editor-Projects.dll
UE4Editor.exe
UE4Editor.exe
UE4Editor.exe
UE4Editor.exe
UE4Editor.exe
UE4Editor.exe
kernel32.dll
ntdll.dll
ntdll.dll

[2017.07.20-12.22.33:971][  0]LogStats:                SubmitErrorReport -  0.000 s
[2017.07.20-12.22.34:403][  0]LogStats:                    SendNewReport -  0.432 s
[2017.07.20-12.22.34:403][  0]LogStats:             FDebug::EnsureFailed -  0.445 s
[2017.07.20-12.22.34:638][  0]SourceControl: Info Source control is disabled
[2017.07.20-12.22.34:641][  0]SourceControl: Info Source control is disabled
[2017.07.20-12.22.34:653][  0]SourceControl: Info Source control is disabled
[2017.07.20-12.22.34:665][  0]SourceControl: Info Source control is disabled
[2017.07.20-12.22.34:846][  0]LogHoudiniEngine: Starting the Houdini Engine module.
[2017.07.20-12.22.34:847][  0]LogHoudiniEngine: Loaded libHAPIL.dll from Registry path C:\Program Files\Side Effects Software\Houdini 15.5.632/bin
[2017.07.20-12.22.34:847][  0]LogLinker:Warning: Asset '../../../Engine/Plugins/Runtime/HoudiniEngine/Content/houdini_logo.uasset' has been saved with empty engine version. The asset will be loaded but may be incompatible.
[2017.07.20-12.22.34:849][  0]LogLinker:Warning: Asset '../../../Engine/Plugins/Runtime/HoudiniEngine/Content/houdini_default_material.uasset' has been saved with empty engine version. The asset will be loaded but may be incompatible.
[2017.07.20-12.22.34:854][  0]LogLinker:Warning: Asset '../../../Engine/Plugins/Runtime/HoudiniEngine/Content/houdini_bgeo_import.uasset' has been saved with empty engine version. The asset will be loaded but may be incompatible.
[2017.07.20-12.22.36:090][  0]LogHoudiniEngine: Successfully initialized the Houdini Engine API module.
[2017.07.20-12.22.36:257][  0]LogEngine: Initializing Engine...
[2017.07.20-12.22.36:259][  0]LogHMD: SteamVR failed to initialize.  Err: 110
[2017.07.20-12.22.36:260][  0]LogHMD: SteamVR failed to initialize.  Err: 110
[2017.07.20-12.22.36:409][  0]LogAIModule: Creating AISystem for world NewWorld
[2017.07.20-12.22.36:418][  0]LogInit: XAudio2 using 'Speakers (Realtek High Definition Audio)' : 2 channels at 48 kHz using 32 bits per sample (channel mask 0x3)
[2017.07.20-12.22.36:437][  0]LogInit: FAudioDevice initialized.
[2017.07.20-12.22.36:473][  0]LogDerivedDataCache: Saved boot cache 0.04s 49MB C:/Users/i7230020.STUDENT.000/AppData/Local/UnrealEngine/4.12/DerivedDataCache/Boot.ddc.
[2017.07.20-12.22.36:479][  0]LogInit: Texture streaming: Enabled
[2017.07.20-12.22.36:507][  0]LogInit: Transaction tracking system initialized
[2017.07.20-12.22.36:543][  0]BlueprintLog: New page: Editor Load
[2017.07.20-12.22.36:644][  0]LocalizationService: Info Localization service is disabled
[2017.07.20-12.22.36:716][  0]LogConsoleResponse:Display: 
[2017.07.20-12.22.36:847][  0]LogCook:Display: Max memory allowance for cook 8192mb
[2017.07.20-12.22.36:847][  0]LogCook:Display: Mobile HDR setting 1
[2017.07.20-12.22.36:936][  0]LogFileCache: Scanning file cache for directory 'W:/University Work/Masters/MastersProject/MastersProject/Ava/Content/' took 0.02s
[2017.07.20-12.22.36:936][  0]LogHoudiniEngineEditor: Starting the Houdini Engine Editor module.
[2017.07.20-12.22.36:984][  0]SourceControl: Info Source control is disabled
[2017.07.20-12.22.36:984][  0]Cmd: MAP LOAD FILE="W:/University Work/Masters/MastersProject/MastersProject/Ava/Content/Ava/Maps/PalaceLevel.umap" TEMPLATE=0 SHOWPROGRESS=1 FEATURELEVEL=3
[2017.07.20-12.22.36:985][  0]LightingResults: New page: Lighting Build
[2017.07.20-12.22.36:987][  0]MapCheck: New page: Map Check
[2017.07.20-12.22.36:987][  0]LightingResults: New page: Lighting Build
[2017.07.20-12.22.39:238][  0]LogMaterial: Missing cached shader map for material M_Basic_Wall, compiling. 
[2017.07.20-12.22.39:238][  0]LogMaterial:Warning: Failed to compile Material /Game/StarterContent/Materials/M_Basic_Wall.M_Basic_Wall for platform PCD3D_SM5, Default Material will be used in game.
[2017.07.20-12.22.39:238][  0]LogMaterial:Warning: 	(Node TextureSample) TextureSample> Missing input texture
[2017.07.20-12.22.39:254][  0]LogAIModule: Creating AISystem for world PalaceLevel
[2017.07.20-12.22.39:284][  0]LogEditorServer: Finished looking for orphan Actors (0.000 secs)
[2017.07.20-12.22.39:284][  0]Cmd: MAP CHECKDEP NOCLEARLOG
[2017.07.20-12.22.39:382][  0]MapCheck: Info Map check complete: 0 Error(s), 0 Warning(s), took 97.844ms to complete.
[2017.07.20-12.22.39:382][  0]LogFileHelpers: Loading map 'PalaceLevel' took 2.397
[2017.07.20-12.22.39:683][  0]LogCollectionManager: Loaded 0 collections in 0.001372 seconds
[2017.07.20-12.22.39:725][  0]LogFileCache: Scanning file cache for directory 'W:/University Work/Masters/MastersProject/MastersProject/Ava/Saved/Collections/' took 0.01s
[2017.07.20-12.22.39:725][  0]LogFileCache: Scanning file cache for directory 'W:/University Work/Masters/MastersProject/MastersProject/Ava/Content/Developers/i7230020/Collections/' took 0.01s
[2017.07.20-12.22.39:725][  0]LogFileCache: Scanning file cache for directory 'W:/University Work/Masters/MastersProject/MastersProject/Ava/Content/Collections/' took 0.01s
[2017.07.20-12.22.39:725][  0]LogCollectionManager: Rebuilt the GUID cache for 0 collections in 0.000004 seconds
[2017.07.20-12.22.39:734][  0]LogContentBrowser: Native class hierarchy populated in 0.0092 seconds. Added 2099 classes and 376 folders.
[2017.07.20-12.22.39:737][  0]LogStats: UGameplayTagsManager::ConstructGameplayTagTree: Construct from data asset -  0.000 s
[2017.07.20-12.22.39:737][  0]LogStats: UGameplayTagsManager::ConstructGameplayTagTree: GameplayTagTreeChangedEvent.Broadcast -  0.000 s
[2017.07.20-12.22.39:740][  0]LogContentBrowser: Native class hierarchy updated for 'GameplayTags' in 0.0024 seconds. Added 12 classes and 0 folders.
[2017.07.20-12.22.39:746][  0]LogContentBrowser: Native class hierarchy updated for 'WidgetCarousel' in 0.0023 seconds. Added 0 classes and 0 folders.
[2017.07.20-12.22.39:826][  0]LogContentBrowser: Native class hierarchy updated for 'AddContentDialog' in 0.0024 seconds. Added 0 classes and 0 folders.
[2017.07.20-12.22.39:832][  0]LogContentBrowser: Native class hierarchy updated for 'SceneOutliner' in 0.0023 seconds. Added 1 classes and 2 folders.
[2017.07.20-12.22.39:844][  0]LogCrashTracker: Crashtracker disabled due to settings.
[2017.07.20-12.22.39:884][  0]LogContentBrowser: Native class hierarchy updated for 'HierarchicalLODOutliner' in 0.0024 seconds. Added 1 classes and 2 folders.
[2017.07.20-12.22.39:884][  0]LogLoad: Full Startup: 12.81 seconds (BP compile: 1.22 seconds)
[2017.07.20-12.22.39:884][  0]LogExternalProfiler: Found external profiler: VSPerf
[2017.07.20-12.22.39:884][  0]LogExternalProfiler: Using external profiler: VSPerf
[2017.07.20-12.22.39:897][  0]LogOcInput: OculusInput pre-init called
[2017.07.20-12.22.39:918][  0]LogContentStreaming: Texture pool size now 1000 MB
[2017.07.20-12.22.40:058][  0]LogRenderer: Reallocating scene render targets to support 1616x600 (Frame:2).
[2017.07.20-12.22.40:171][  1]LogAssetRegistry: Asset discovery search completed in 7.5374 seconds
[2017.07.20-12.22.40:171][  1]LogCollectionManager: Rebuilt the object cache for 0 collections in 0.000001 seconds (found 0 objects)
[2017.07.20-12.22.40:171][  1]LogCollectionManager: Fixed up redirectors for 0 collections in 0.000019 seconds (updated 0 objects)
[2017.07.20-12.22.41:420][ 75]LogBlueprintUserMessages: Early PlayInEditor Detection: Level '/Game/Ava/Maps/PalaceLevel.PalaceLevel:PersistentLevel' has LevelScriptBlueprint '/Game/Ava/Maps/PalaceLevel.PalaceLevel:PersistentLevel.PalaceLevel' with GeneratedClass '/Game/Ava/Maps/PalaceLevel.PalaceLevel_C' with ClassGeneratedBy '/Game/Ava/Maps/PalaceLevel.PalaceLevel:PersistentLevel.PalaceLevel'
[2017.07.20-12.22.41:420][ 75]LogPlayLevel: PlayLevel: No blueprints needed recompiling
[2017.07.20-12.22.41:421][ 75]PIE: New page: PIE session: PalaceLevel (20 Jul 2017 13:22:41)
[2017.07.20-12.22.41:421][ 75]LogPlayLevel: Creating play world package: /Game/Ava/Maps/UEDPIE_0_PalaceLevel
[2017.07.20-12.22.41:477][ 75]LogPlayLevel: PIE: StaticDuplicateObject took: (0.056702s)
[2017.07.20-12.22.41:478][ 75]LogAIModule: Creating AISystem for world PalaceLevel
[2017.07.20-12.22.41:478][ 75]LogPlayLevel: PIE: World Init took: (0.000566s)
[2017.07.20-12.22.41:478][ 75]LogPlayLevel: PIE: Created PIE world by copying editor world from /Game/Ava/Maps/PalaceLevel.PalaceLevel to /Game/Ava/Maps/UEDPIE_0_PalaceLevel.PalaceLevel (0.057614s)
[2017.07.20-12.22.41:532][ 75]LogInit: XAudio2 using 'Speakers (Realtek High Definition Audio)' : 2 channels at 48 kHz using 32 bits per sample (channel mask 0x3)
[2017.07.20-12.22.41:539][ 75]LogInit: FAudioDevice initialized.
[2017.07.20-12.22.41:604][ 75]LogWorld: Game class is 'AvaGameMode'
[2017.07.20-12.22.41:632][ 75]LogWorld: Bringing World /Game/Ava/Maps/UEDPIE_0_PalaceLevel.PalaceLevel up for play (max tick rate 0) at 2017.07.20-13.22.41
[2017.07.20-12.22.41:635][ 75]LogWorld: Bringing up level for play took: 0.029938
[2017.07.20-12.22.41:640][ 75]LogContentBrowser: Native class hierarchy updated for 'MovieSceneCapture' in 0.0025 seconds. Added 11 classes and 0 folders.
[2017.07.20-12.22.41:645][ 75]LogBlueprintUserMessages: [GameUIBP_C_0] SEt UI
[2017.07.20-12.22.41:645][ 75]PIE: Info Play in editor start time for /Game/Ava/Maps/UEDPIE_0_PalaceLevel -0.254
[2017.07.20-12.22.41:645][ 75]LogBlueprintUserMessages: Late PlayInEditor Detection: Level '/Game/Ava/Maps/PalaceLevel.PalaceLevel:PersistentLevel' has LevelScriptBlueprint '/Game/Ava/Maps/PalaceLevel.PalaceLevel:PersistentLevel.PalaceLevel' with GeneratedClass '/Game/Ava/Maps/PalaceLevel.PalaceLevel_C' with ClassGeneratedBy '/Game/Ava/Maps/PalaceLevel.PalaceLevel:PersistentLevel.PalaceLevel'
[2017.07.20-12.22.45:192][291]LogBlueprintUserMessages: Early EndPlayMap Detection: Level '/Game/Ava/Maps/PalaceLevel.PalaceLevel:PersistentLevel' has LevelScriptBlueprint '/Game/Ava/Maps/PalaceLevel.PalaceLevel:PersistentLevel.PalaceLevel' with GeneratedClass '/Game/Ava/Maps/PalaceLevel.PalaceLevel_C' with ClassGeneratedBy '/Game/Ava/Maps/PalaceLevel.PalaceLevel:PersistentLevel.PalaceLevel'
[2017.07.20-12.22.45:233][291]LogBlueprintUserMessages: Late EndPlayMap Detection: Level '/Game/Ava/Maps/PalaceLevel.PalaceLevel:PersistentLevel' has LevelScriptBlueprint '/Game/Ava/Maps/PalaceLevel.PalaceLevel:PersistentLevel.PalaceLevel' with GeneratedClass '/Game/Ava/Maps/PalaceLevel.PalaceLevel_C' with ClassGeneratedBy '/Game/Ava/Maps/PalaceLevel.PalaceLevel:PersistentLevel.PalaceLevel'
[2017.07.20-12.23.15:892][398]LogHotReload: New module detected: UE4Editor-Ava-9825.dll
[2017.07.20-12.23.18:921][408]LogHotReload: Starting Hot-Reload from IDE
[2017.07.20-12.23.18:993][408]LogClass: ItemDataVariables HotReload.
[2017.07.20-12.23.18:993][408]LogClass: Item HotReload.
[2017.07.20-12.23.18:994][408]LogHotReload: Re-instancing Antelope after hot-reload.
[2017.07.20-12.23.19:036][408]LogHotReload: Re-instancing Door after hot-reload.
[2017.07.20-12.23.19:376][408]LogHotReload: Re-instancing PushPullItem after hot-reload.
[2017.07.20-12.23.19:654][408]LogHotReload: Re-instancing PickUpItem after hot-reload.
[2017.07.20-12.23.19:947][408]LogHotReload: Re-instancing MainCharacter after hot-reload.
[2017.07.20-12.23.20:100][408]LogHotReload: Re-instancing OfferingStatue after hot-reload.
[2017.07.20-12.23.20:262][408]LogHotReload: Re-instancing StatueObject after hot-reload.
[2017.07.20-12.23.20:411][408]LogHotReload: Re-instancing BluePuzzle after hot-reload.
[2017.07.20-12.23.20:490][408]LogHotReload: Re-instancing GreenPuzzle after hot-reload.
[2017.07.20-12.23.20:562][408]LogHotReload: Re-instancing WhitePuzzle after hot-reload.
[2017.07.20-12.23.20:639][408]LogContentBrowser: Native class hierarchy updated for 'Ava' in 0.0025 seconds. Added 21 classes and 2 folders.
[2017.07.20-12.23.20:640][408]Warning: HotReload successful (14 functions remapped  0 scriptstructs remapped)
[2017.07.20-12.23.20:749][408]LogContentBrowser: Native class hierarchy populated in 0.0099 seconds. Added 2101 classes and 380 folders.
[2017.07.20-12.23.20:754][408]Warning: HotReload took  1.8s.
[2017.07.20-12.23.24:694][465]LogBlueprintUserMessages: Early PlayInEditor Detection: Level '/Game/Ava/Maps/PalaceLevel.PalaceLevel:PersistentLevel' has LevelScriptBlueprint '/Game/Ava/Maps/PalaceLevel.PalaceLevel:PersistentLevel.PalaceLevel' with GeneratedClass '/Game/Ava/Maps/PalaceLevel.PalaceLevel_C' with ClassGeneratedBy '/Game/Ava/Maps/PalaceLevel.PalaceLevel:PersistentLevel.PalaceLevel'
[2017.07.20-12.23.24:694][465]LogPlayLevel: PlayLevel: No blueprints needed recompiling
[2017.07.20-12.23.24:694][465]PIE: New page: PIE session: PalaceLevel (20 Jul 2017 13:23:24)
[2017.07.20-12.23.24:694][465]LogPlayLevel: Creating play world package: /Game/Ava/Maps/UEDPIE_0_PalaceLevel
[2017.07.20-12.23.24:747][465]LogPlayLevel: PIE: StaticDuplicateObject took: (0.053103s)
[2017.07.20-12.23.24:748][465]LogAIModule: Creating AISystem for world PalaceLevel
[2017.07.20-12.23.24:748][465]LogPlayLevel: PIE: World Init took: (0.000698s)
[2017.07.20-12.23.24:748][465]LogPlayLevel: PIE: Created PIE world by copying editor world from /Game/Ava/Maps/PalaceLevel.PalaceLevel to /Game/Ava/Maps/UEDPIE_0_PalaceLevel.PalaceLevel (0.054115s)
[2017.07.20-12.23.24:762][465]LogInit: XAudio2 using 'Speakers (Realtek High Definition Audio)' : 2 channels at 48 kHz using 32 bits per sample (channel mask 0x3)
[2017.07.20-12.23.24:773][465]LogInit: FAudioDevice initialized.
[2017.07.20-12.23.24:829][465]LogWorld: Game class is 'AvaGameMode'
[2017.07.20-12.23.24:862][465]LogWorld: Bringing World /Game/Ava/Maps/UEDPIE_0_PalaceLevel.PalaceLevel up for play (max tick rate 0) at 2017.07.20-13.23.24
[2017.07.20-12.23.24:865][465]LogWorld: Bringing up level for play took: 0.035332
[2017.07.20-12.23.24:869][465]LogBlueprintUserMessages: [GameUIBP_C_26] SEt UI
[2017.07.20-12.23.24:869][465]PIE: Info Play in editor start time for /Game/Ava/Maps/UEDPIE_0_PalaceLevel 0.969
[2017.07.20-12.23.24:869][465]LogBlueprintUserMessages: Late PlayInEditor Detection: Level '/Game/Ava/Maps/PalaceLevel.PalaceLevel:PersistentLevel' has LevelScriptBlueprint '/Game/Ava/Maps/PalaceLevel.PalaceLevel:PersistentLevel.PalaceLevel' with GeneratedClass '/Game/Ava/Maps/PalaceLevel.PalaceLevel_C' with ClassGeneratedBy '/Game/Ava/Maps/PalaceLevel.PalaceLevel:PersistentLevel.PalaceLevel'
[2017.07.20-12.23.56:191][412]LogBlueprintUserMessages: Early EndPlayMap Detection: Level '/Game/Ava/Maps/PalaceLevel.PalaceLevel:PersistentLevel' has LevelScriptBlueprint '/Game/Ava/Maps/PalaceLevel.PalaceLevel:PersistentLevel.PalaceLevel' with GeneratedClass '/Game/Ava/Maps/PalaceLevel.PalaceLevel_C' with ClassGeneratedBy '/Game/Ava/Maps/PalaceLevel.PalaceLevel:PersistentLevel.PalaceLevel'
[2017.07.20-12.23.56:233][412]LogBlueprintUserMessages: Late EndPlayMap Detection: Level '/Game/Ava/Maps/PalaceLevel.PalaceLevel:PersistentLevel' has LevelScriptBlueprint '/Game/Ava/Maps/PalaceLevel.PalaceLevel:PersistentLevel.PalaceLevel' with GeneratedClass '/Game/Ava/Maps/PalaceLevel.PalaceLevel_C' with ClassGeneratedBy '/Game/Ava/Maps/PalaceLevel.PalaceLevel:PersistentLevel.PalaceLevel'
[2017.07.20-12.24.47:917][585]LogHotReload: New module detected: UE4Editor-Ava-2900.dll
[2017.07.20-12.24.50:594][594]LogHotReload: Starting Hot-Reload from IDE
[2017.07.20-12.24.50:631][594]LogClass: ItemDataVariables HotReload.
[2017.07.20-12.24.50:631][594]LogClass: Item HotReload.
[2017.07.20-12.24.50:633][594]LogHotReload: Re-instancing Antelope after hot-reload.
[2017.07.20-12.24.50:670][594]LogHotReload: Re-instancing Door after hot-reload.
[2017.07.20-12.24.50:830][594]LogHotReload: Re-instancing PushPullItem after hot-reload.
[2017.07.20-12.24.51:072][594]LogHotReload: Re-instancing PickUpItem after hot-reload.
[2017.07.20-12.24.51:331][594]LogHotReload: Re-instancing MainCharacter after hot-reload.
[2017.07.20-12.24.51:463][594]LogHotReload: Re-instancing OfferingStatue after hot-reload.
[2017.07.20-12.24.51:634][594]LogHotReload: Re-instancing StatueObject after hot-reload.
[2017.07.20-12.24.51:776][594]LogHotReload: Re-instancing BluePuzzle after hot-reload.
[2017.07.20-12.24.51:846][594]LogHotReload: Re-instancing GreenPuzzle after hot-reload.
[2017.07.20-12.24.51:921][594]LogHotReload: Re-instancing WhitePuzzle after hot-reload.
[2017.07.20-12.24.51:999][594]LogContentBrowser: Native class hierarchy updated for 'Ava' in 0.0025 seconds. Added 21 classes and 2 folders.
[2017.07.20-12.24.52:000][594]Warning: HotReload successful (14 functions remapped  0 scriptstructs remapped)
[2017.07.20-12.24.52:056][594]LogContentBrowser: Native class hierarchy populated in 0.0095 seconds. Added 2101 classes and 380 folders.
[2017.07.20-12.24.52:059][594]Warning: HotReload took  1.5s.
[2017.07.20-12.24.54:516][641]LogBlueprintUserMessages: Early PlayInEditor Detection: Level '/Game/Ava/Maps/PalaceLevel.PalaceLevel:PersistentLevel' has LevelScriptBlueprint '/Game/Ava/Maps/PalaceLevel.PalaceLevel:PersistentLevel.PalaceLevel' with GeneratedClass '/Game/Ava/Maps/PalaceLevel.PalaceLevel_C' with ClassGeneratedBy '/Game/Ava/Maps/PalaceLevel.PalaceLevel:PersistentLevel.PalaceLevel'
[2017.07.20-12.24.54:517][641]LogPlayLevel: PlayLevel: No blueprints needed recompiling
[2017.07.20-12.24.54:517][641]PIE: New page: PIE session: PalaceLevel (20 Jul 2017 13:24:54)
[2017.07.20-12.24.54:517][641]LogPlayLevel: Creating play world package: /Game/Ava/Maps/UEDPIE_0_PalaceLevel
[2017.07.20-12.24.54:570][641]LogPlayLevel: PIE: StaticDuplicateObject took: (0.053395s)
[2017.07.20-12.24.54:571][641]LogAIModule: Creating AISystem for world PalaceLevel
[2017.07.20-12.24.54:571][641]LogPlayLevel: PIE: World Init took: (0.000629s)
[2017.07.20-12.24.54:571][641]LogPlayLevel: PIE: Created PIE world by copying editor world from /Game/Ava/Maps/PalaceLevel.PalaceLevel to /Game/Ava/Maps/UEDPIE_0_PalaceLevel.PalaceLevel (0.054335s)
[2017.07.20-12.24.54:585][641]LogInit: XAudio2 using 'Speakers (Realtek High Definition Audio)' : 2 channels at 48 kHz using 32 bits per sample (channel mask 0x3)
[2017.07.20-12.24.54:598][641]LogInit: FAudioDevice initialized.
[2017.07.20-12.24.54:662][641]LogWorld: Game class is 'AvaGameMode'
[2017.07.20-12.24.54:690][641]LogWorld: Bringing World /Game/Ava/Maps/UEDPIE_0_PalaceLevel.PalaceLevel up for play (max tick rate 0) at 2017.07.20-13.24.54
[2017.07.20-12.24.54:692][641]LogWorld: Bringing up level for play took: 0.029478
[2017.07.20-12.24.54:694][641]LogBlueprintUserMessages: [GameUIBP_C_28] SEt UI
[2017.07.20-12.24.54:695][641]PIE: Info Play in editor start time for /Game/Ava/Maps/UEDPIE_0_PalaceLevel 0.79
[2017.07.20-12.24.54:695][641]LogBlueprintUserMessages: Late PlayInEditor Detection: Level '/Game/Ava/Maps/PalaceLevel.PalaceLevel:PersistentLevel' has LevelScriptBlueprint '/Game/Ava/Maps/PalaceLevel.PalaceLevel:PersistentLevel.PalaceLevel' with GeneratedClass '/Game/Ava/Maps/PalaceLevel.PalaceLevel_C' with ClassGeneratedBy '/Game/Ava/Maps/PalaceLevel.PalaceLevel:PersistentLevel.PalaceLevel'
[2017.07.20-12.25.29:484][670]LogBlueprintUserMessages: Early EndPlayMap Detection: Level '/Game/Ava/Maps/PalaceLevel.PalaceLevel:PersistentLevel' has LevelScriptBlueprint '/Game/Ava/Maps/PalaceLevel.PalaceLevel:PersistentLevel.PalaceLevel' with GeneratedClass '/Game/Ava/Maps/PalaceLevel.PalaceLevel_C' with ClassGeneratedBy '/Game/Ava/Maps/PalaceLevel.PalaceLevel:PersistentLevel.PalaceLevel'
[2017.07.20-12.25.29:527][670]LogBlueprintUserMessages: Late EndPlayMap Detection: Level '/Game/Ava/Maps/PalaceLevel.PalaceLevel:PersistentLevel' has LevelScriptBlueprint '/Game/Ava/Maps/PalaceLevel.PalaceLevel:PersistentLevel.PalaceLevel' with GeneratedClass '/Game/Ava/Maps/PalaceLevel.PalaceLevel_C' with ClassGeneratedBy '/Game/Ava/Maps/PalaceLevel.PalaceLevel:PersistentLevel.PalaceLevel'
[2017.07.20-12.30.25:792][616]LogHotReload: New module detected: UE4Editor-Ava-2589.dll
[2017.07.20-12.30.28:808][626]LogHotReload: Starting Hot-Reload from IDE
[2017.07.20-12.30.28:856][626]LogClass: ItemDataVariables HotReload.
[2017.07.20-12.30.28:856][626]LogClass: Item HotReload.
[2017.07.20-12.30.28:857][626]LogHotReload: Re-instancing Antelope after hot-reload.
[2017.07.20-12.30.28:903][626]LogHotReload: Re-instancing Door after hot-reload.
[2017.07.20-12.30.29:102][626]LogHotReload: Re-instancing PushPullItem after hot-reload.
[2017.07.20-12.30.29:162][626]LogProperty:Warning: Serialized Class /Script/Ava.PushPullItem for a property of Class /Script/Engine.SphereComponent. Reference will be NULLed.
    Property = ObjectProperty /Script/Ava.OfferingStatue:overlappingSphere
    Item = PushPullItem /Script/Ava.Default__PushPullItem
[2017.07.20-12.30.29:162][626]LogProperty:Warning: Serialized Class /Script/Ava.PushPullItem for a property of Class /Script/Engine.SceneComponent. Reference will be NULLed.
    Property = ObjectProperty /Script/Engine.Actor:RootComponent
    Item = PushPullItem /Script/Ava.Default__PushPullItem
[2017.07.20-12.30.29:162][626]LogProperty:Warning: Serialized Class /Script/Ava.PushPullItem for a property of Class /Script/Engine.SphereComponent. Reference will be NULLed.
    Property = ObjectProperty /Script/Ava.OfferingStatue:overlappingSphere
    Item = PushPullItem /Script/Ava.Default__PushPullItem
[2017.07.20-12.30.29:162][626]LogProperty:Warning: Serialized Class /Script/Ava.PushPullItem for a property of Class /Script/Engine.SceneComponent. Reference will be NULLed.
    Property = ObjectProperty /Script/Engine.Actor:RootComponent
    Item = PushPullItem /Script/Ava.Default__PushPullItem
[2017.07.20-12.30.29:355][626]LogHotReload: Re-instancing PickUpItem after hot-reload.
[2017.07.20-12.30.29:668][626]LogHotReload: Re-instancing MainCharacter after hot-reload.
[2017.07.20-12.30.29:831][626]LogHotReload: Re-instancing OfferingStatue after hot-reload.
[2017.07.20-12.30.29:996][626]LogHotReload: Re-instancing StatueObject after hot-reload.
[2017.07.20-12.30.30:179][626]LogHotReload: Re-instancing BluePuzzle after hot-reload.
[2017.07.20-12.30.30:282][626]LogHotReload: Re-instancing GreenPuzzle after hot-reload.
[2017.07.20-12.30.30:363][626]LogHotReload: Re-instancing WhitePuzzle after hot-reload.
[2017.07.20-12.30.30:436][626]LogContentBrowser: Native class hierarchy updated for 'Ava' in 0.0026 seconds. Added 21 classes and 2 folders.
[2017.07.20-12.30.30:438][626]Warning: HotReload successful (14 functions remapped  0 scriptstructs remapped)
[2017.07.20-12.30.30:516][626]LogContentBrowser: Native class hierarchy populated in 0.0209 seconds. Added 2101 classes and 380 folders.
[2017.07.20-12.30.30:520][626]Warning: HotReload took  1.7s.
[2017.07.20-12.34.13:076][425]LogHotReload: New module detected: UE4Editor-Ava-8228.dll
[2017.07.20-12.34.16:091][435]LogHotReload: Starting Hot-Reload from IDE
[2017.07.20-12.34.16:148][435]LogClass: ItemDataVariables HotReload.
[2017.07.20-12.34.16:148][435]LogClass: Item HotReload.
[2017.07.20-12.34.16:149][435]LogHotReload: Re-instancing Antelope after hot-reload.
[2017.07.20-12.34.16:186][435]LogHotReload: Re-instancing Door after hot-reload.
[2017.07.20-12.34.16:226][435]LogProperty:Warning: Serialized Class /Script/Ava.Door for a property of Class /Script/Engine.SphereComponent. Reference will be NULLed.
    Property = ObjectProperty /Script/Ava.StatueObject:overlappingSphere
    Item = Door /Script/Ava.Default__Door
[2017.07.20-12.34.16:226][435]LogProperty:Warning: Serialized Class /Script/Ava.Door for a property of Class /Script/Engine.SphereComponent. Reference will be NULLed.
    Property = ObjectProperty /Script/Ava.StatueObject:overlappingSphere
    Item = Door /Script/Ava.Default__Door
[2017.07.20-12.34.16:344][435]LogHotReload: Re-instancing PushPullItem after hot-reload.
[2017.07.20-12.34.16:602][435]LogHotReload: Re-instancing PickUpItem after hot-reload.
[2017.07.20-12.34.16:954][435]LogHotReload: Re-instancing MainCharacter after hot-reload.
[2017.07.20-12.34.17:112][435]LogHotReload: Re-instancing OfferingStatue after hot-reload.
[2017.07.20-12.34.17:232][435]LogStats: FPlatformStackWalk::StackWalkAndDump -  0.119 s
[2017.07.20-12.34.17:232][435]LogOutputDevice:Warning: === Handled error: ===

Ensure condition failed: NewTransform.IsValid() [File:D:\Build\++UE4+Release-4.12+Compile\Sync\Engine\Source\Runtime\Engine\Private\Components\SceneComponent.cpp] [Line: 415]

Stack: 
UE4Editor-Core.dll
UE4Editor-Core.dll
UE4Editor-Core.dll
UE4Editor-Engine.dll
UE4Editor-Engine.dll
UE4Editor-UnrealEd.dll
UE4Editor-UnrealEd.dll
UE4Editor-UnrealEd.dll
UE4Editor-UnrealEd.dll
UE4Editor-HotReload.dll
UE4Editor-HotReload.dll
UE4Editor-HotReload.dll
UE4Editor-CoreUObject.dll
UE4Editor-CoreUObject.dll
UE4Editor-CoreUObject.dll
UE4Editor-Core.dll
UE4Editor-Core.dll
UE4Editor-Core.dll
UE4Editor-HotReload.dll
UE4Editor-HotReload.dll
UE4Editor-HotReload.dll
UE4Editor-Core.dll
UE4Editor.exe
UE4Editor.exe
UE4Editor.exe
UE4Editor.exe
UE4Editor.exe
kernel32.dll
ntdll.dll
ntdll.dll

[2017.07.20-12.34.17:232][435]LogStats:                SubmitErrorReport -  0.000 s
[2017.07.20-12.34.17:956][435]LogStats:                    SendNewReport -  0.723 s
[2017.07.20-12.34.17:956][435]LogStats:             FDebug::EnsureFailed -  0.843 s
[2017.07.20-12.34.17:957][435]LogProperty:Warning: Serialized Class /Script/Ava.RoutePoint for a property of Class /Script/Engine.SphereComponent. Reference will be NULLed.
    Property = ObjectProperty /Script/Ava.OfferingStatue:overlappingSphere
    Item = RoutePoint /Engine/Transient.BPGC_ARCH_FOR_CDO_RoutePoint_9
[2017.07.20-12.34.17:957][435]LogProperty:Warning: Serialized Class /Script/Ava.RoutePoint for a property of Class /Script/Engine.SceneComponent. Reference will be NULLed.
    Property = ObjectProperty /Script/Engine.Actor:RootComponent
    Item = RoutePoint /Engine/Transient.BPGC_ARCH_FOR_CDO_RoutePoint_9
[2017.07.20-12.34.17:957][435]LogProperty:Warning: Serialized Class /Script/Ava.RoutePoint for a property of Class /Script/Engine.SceneComponent. Reference will be NULLed.
    Property = ObjectProperty /Script/Engine.SceneComponent:AttachParent
    Item = RoutePoint /Engine/Transient.BPGC_ARCH_FOR_CDO_RoutePoint_9
[2017.07.20-12.34.17:957][435]LogProperty:Warning: Serialized Class /Script/Ava.RoutePoint for a property of Class /Script/Engine.SceneComponent. Reference will be NULLed.
    Property = ObjectProperty /Script/Engine.SceneComponent:AttachParent
    Item = RoutePoint /Engine/Transient.BPGC_ARCH_FOR_CDO_RoutePoint_9
[2017.07.20-12.34.17:957][435]LogProperty:Warning: Serialized Class /Script/Ava.AvaGameMode for a property of Class /Script/Engine.SphereComponent. Reference will be NULLed.
    Property = ObjectProperty /Script/Ava.OfferingStatue:overlappingSphere
    Item = AvaGameMode /Engine/Transient.BPGC_ARCH_FOR_CDO_AvaGameMode_11
[2017.07.20-12.34.17:957][435]LogProperty:Warning: Serialized Class /Script/Ava.AvaGameMode for a property of Class /Script/Engine.SceneComponent. Reference will be NULLed.
    Property = ObjectProperty /Script/Engine.Actor:RootComponent
    Item = AvaGameMode /Engine/Transient.BPGC_ARCH_FOR_CDO_AvaGameMode_11
[2017.07.20-12.34.17:957][435]LogProperty:Warning: Serialized Class /Script/Ava.AvaGameMode for a property of Class /Script/Engine.SceneComponent. Reference will be NULLed.
    Property = ObjectProperty /Script/Engine.SceneComponent:AttachParent
    Item = AvaGameMode /Engine/Transient.BPGC_ARCH_FOR_CDO_AvaGameMode_11
[2017.07.20-12.34.18:104][435]LogHotReload: Re-instancing StatueObject after hot-reload.
[2017.07.20-12.34.18:264][435]LogHotReload: Re-instancing BluePuzzle after hot-reload.
[2017.07.20-12.34.18:348][435]LogHotReload: Re-instancing GreenPuzzle after hot-reload.
[2017.07.20-12.34.18:425][435]LogHotReload: Re-instancing WhitePuzzle after hot-reload.
[2017.07.20-12.34.18:505][435]LogContentBrowser: Native class hierarchy updated for 'Ava' in 0.0027 seconds. Added 21 classes and 2 folders.
[2017.07.20-12.34.18:506][435]Warning: HotReload successful (14 functions remapped  0 scriptstructs remapped)
[2017.07.20-12.34.18:570][435]LogContentBrowser: Native class hierarchy populated in 0.0131 seconds. Added 2101 classes and 380 folders.
[2017.07.20-12.34.18:573][435]Warning: HotReload took  2.5s.
[2017.07.20-12.34.28:360][498]LogBlueprintUserMessages: Early PlayInEditor Detection: Level '/Game/Ava/Maps/PalaceLevel.PalaceLevel:PersistentLevel' has LevelScriptBlueprint '/Game/Ava/Maps/PalaceLevel.PalaceLevel:PersistentLevel.PalaceLevel' with GeneratedClass '/Game/Ava/Maps/PalaceLevel.PalaceLevel_C' with ClassGeneratedBy '/Game/Ava/Maps/PalaceLevel.PalaceLevel:PersistentLevel.PalaceLevel'
[2017.07.20-12.34.28:360][498]LogPlayLevel: PlayLevel: No blueprints needed recompiling
[2017.07.20-12.34.28:360][498]PIE: New page: PIE session: PalaceLevel (20 Jul 2017 13:34:28)
[2017.07.20-12.34.28:360][498]LogPlayLevel: Creating play world package: /Game/Ava/Maps/UEDPIE_0_PalaceLevel
[2017.07.20-12.34.28:389][498]LogProperty:Warning: Serialized Class /Script/Ava.PushPullItem for a property of Class /Script/Ava.StatueObject. Reference will be NULLed.
    Property = ObjectProperty /Script/Ava.Puzzle:DesignatedStatue
    Item = PushPullItem /Script/Ava.Default__PushPullItem
[2017.07.20-12.34.28:423][498]LogPlayLevel: PIE: StaticDuplicateObject took: (0.062394s)
[2017.07.20-12.34.28:423][498]LogAIModule: Creating AISystem for world PalaceLevel
[2017.07.20-12.34.28:423][498]LogPlayLevel: PIE: World Init took: (0.000641s)
[2017.07.20-12.34.28:424][498]LogPlayLevel: PIE: Created PIE world by copying editor world from /Game/Ava/Maps/PalaceLevel.PalaceLevel to /Game/Ava/Maps/UEDPIE_0_PalaceLevel.PalaceLevel (0.063369s)
[2017.07.20-12.34.28:440][498]LogInit: XAudio2 using 'Speakers (Realtek High Definition Audio)' : 2 channels at 48 kHz using 32 bits per sample (channel mask 0x3)
[2017.07.20-12.34.28:449][498]LogInit: FAudioDevice initialized.
[2017.07.20-12.34.28:497][498]LogWorld: Game class is 'AvaGameMode'
[2017.07.20-12.34.28:526][498]LogWorld: Bringing World /Game/Ava/Maps/UEDPIE_0_PalaceLevel.PalaceLevel up for play (max tick rate 0) at 2017.07.20-13.34.28
[2017.07.20-12.34.28:529][498]LogWorld: Bringing up level for play took: 0.030945
[2017.07.20-12.34.28:531][498]LogBlueprintUserMessages: [GameUIBP_C_34] SEt UI
[2017.07.20-12.34.28:531][498]PIE: Info Play in editor start time for /Game/Ava/Maps/UEDPIE_0_PalaceLevel 0.598
[2017.07.20-12.34.28:532][498]LogBlueprintUserMessages: Late PlayInEditor Detection: Level '/Game/Ava/Maps/PalaceLevel.PalaceLevel:PersistentLevel' has LevelScriptBlueprint '/Game/Ava/Maps/PalaceLevel.PalaceLevel:PersistentLevel.PalaceLevel' with GeneratedClass '/Game/Ava/Maps/PalaceLevel.PalaceLevel_C' with ClassGeneratedBy '/Game/Ava/Maps/PalaceLevel.PalaceLevel:PersistentLevel.PalaceLevel'
[2017.07.20-12.34.29:174][498]LogCrashTracker: 


[2017.07.20-12.34.29:174][498]LogCrashTracker: 


[2017.07.20-12.34.29:174][498]LogWindows:Error: === Critical error: ===


[2017.07.20-12.34.29:194][498]LogExit: Executing StaticShutdownAfterError
[2017.07.20-12.34.29:198][498]LogWindows: FPlatformMisc::RequestExit(1)
[2017.07.20-12.34.29:199][498]Log file closed, 07/20/17 13:34:29
