Log file open, 06/15/17 17:31:58
LogInit:Display: Running engine for game: Ava
LogPlatformFile: Not using cached read wrapper
LogInit:Display: RandInit(-1367734379) SRandInit(-1367734377).
LogTaskGraph: Started task graph with 4 named threads and 9 total threads with 1 sets of task threads.
LogStats: Stats thread started at 0.112821
LogInit: Version: 4.12.5-3039270+++UE4+Release-4.12
LogInit: API Version: 2992821
LogInit: Net Version: 3039270
LogDevObjectVersion: Number of dev versions registered: 13
LogDevObjectVersion:   Dev-Blueprints (B0D832E4-1F89-4F0D-ACCF-7EB736FD4AA2): 3
LogDevObjectVersion:   Dev-Build (E1C64328-A22C-4D53-A36C-8E866417BD8C): 0
LogDevObjectVersion:   Dev-Core (375EC13C-06E4-48FB-B500-84F0262A717E): 1
LogDevObjectVersion:   Dev-Editor (E4B068ED-F494-42E9-A231-DA0B2E46BB41): 2
LogDevObjectVersion:   Dev-Framework (CFFC743F-43B0-4480-9391-14DF171D2073): 6
LogDevObjectVersion:   Dev-Mobile (B02B49B5-BB20-44E9-A304-32B752E40360): 0
LogDevObjectVersion:   Dev-Networking (A4E4105C-59A1-49B5-A7C5-40C4547EDFEE): 0
LogDevObjectVersion:   Dev-Online (39C831C9-5AE6-47DC-9A44-9C173E1C8E7C): 0
LogDevObjectVersion:   Dev-Physics (78F01B33-EBEA-4F98-B9B4-84EACCB95AA2): 0
LogDevObjectVersion:   Dev-Platform (6631380F-2D4D-43E0-8009-CF276956A95A): 0
LogDevObjectVersion:   Dev-Rendering (12F88B9F-8875-4AFC-A67C-D90C383ABD29): 2
LogDevObjectVersion:   Dev-Sequencer (7B5AE74C-D270-4C10-A958-57980B212A5A): 0
LogDevObjectVersion:   Dev-VR (D7296918-1DD6-4BDD-9DE2-64A83CC13884): 0
LogInit: Compiled (64-bit): Jul  6 2016 09:09:46
LogInit: Compiled with Visual C++: 19.00.23026.00
LogInit: Build Configuration: Development
LogInit: Branch Name: ++UE4+Release-4.12
LogInit: Command line:  
LogInit: Base directory: C:/Program Files/Epic Games/4.12/Engine/Binaries/Win64/
LogInit: Installed Engine Build: 1
LogInit: Using libcurl 7.41.0
LogInit:  - built for x86_64-pc-win32
LogInit:  - supports SSL with WinSSL
LogInit:  - other features:
LogInit:      CURL_VERSION_SSL
LogInit:      CURL_VERSION_IPV6
LogInit:      CURL_VERSION_ASYNCHDNS
LogInit:      CURL_VERSION_LARGEFILE
LogInit:      CURL_VERSION_IDN
LogInit:  CurlRequestOptions (configurable via config and command line):
LogInit:  - bVerifyPeer = true  - Libcurl will verify peer certificate
LogInit:  - bUseHttpProxy = false  - Libcurl will NOT use HTTP proxy
LogInit:  - bDontReuseConnections = false  - Libcurl will reuse connections
LogInit:  - CertBundlePath = nullptr  - Libcurl will use whatever was configured at build time.
LogInit: Presizing for max 8388607 objects, including 0 objects not considered by GC, pre-allocating 0 bytes for permanent pool.
LogInit: Object subsystem initialized
[2017.06.15-16.31.58:184][  0]LogInit: Selected Device Profile: [Windows]
[2017.06.15-16.31.58:184][  0]LogInit: Applying CVar settings loaded from the selected device profile: [Windows]
[2017.06.15-16.31.58:197][  0]LogInit: Computer: PC42640
[2017.06.15-16.31.58:197][  0]LogInit: User: i7230020
[2017.06.15-16.31.58:197][  0]LogInit: CPU Page size=65536, Cores=6
[2017.06.15-16.31.58:197][  0]LogInit: High frequency timer resolution =3.410107 MHz
[2017.06.15-16.31.58:197][  0]LogMemory: Memory total: Physical=31.9GB (32GB approx)
[2017.06.15-16.31.58:197][  0]LogMemory: Platform Memory Stats for Windows
[2017.06.15-16.31.58:197][  0]LogMemory: Process Physical Memory: 196.38 MB used, 196.38 MB peak
[2017.06.15-16.31.58:197][  0]LogMemory: Process Virtual Memory: 199.08 MB used, 199.08 MB peak
[2017.06.15-16.31.58:197][  0]LogMemory: Physical Memory: 15322.84 MB used, 32684.15 MB total
[2017.06.15-16.31.58:197][  0]LogMemory: Virtual Memory: 538.89 MB used, 8388608.00 MB total
[2017.06.15-16.31.58:272][  0]LogTextLocalizationManager: No specific translations for ('en-GB') exist, so ('en') translations will be used.
[2017.06.15-16.31.58:718][  0]LogD3D11RHI: D3D11 adapters:
[2017.06.15-16.31.58:740][  0]LogD3D11RHI:    0. 'NVIDIA Quadro M4000' (Feature Level 11_0)
[2017.06.15-16.31.58:740][  0]LogD3D11RHI:       8092/0/16086 MB DedicatedVideo/DedicatedSystem/SharedSystem, Outputs:1, VendorId:0x10de
[2017.06.15-16.31.58:740][  0]LogD3D11RHI: Chosen D3D11 Adapter: 0
[2017.06.15-16.31.58:750][  0]LogD3D11RHI: Creating new Direct3DDevice
[2017.06.15-16.31.58:750][  0]LogD3D11RHI:     GPU DeviceId: 0x13f1 (for the marketing name, search the web for "GPU Device Id")
[2017.06.15-16.31.58:750][  0]LogWindows: EnumDisplayDevices:
[2017.06.15-16.31.58:750][  0]LogWindows:    0. 'NVIDIA Quadro M4000' (P:1 D:1)
[2017.06.15-16.31.58:751][  0]LogWindows:    1. 'NVIDIA Quadro M4000' (P:0 D:0)
[2017.06.15-16.31.58:751][  0]LogWindows:    2. 'NVIDIA Quadro M4000' (P:0 D:0)
[2017.06.15-16.31.58:752][  0]LogWindows:    3. 'NVIDIA Quadro M4000' (P:0 D:0)
[2017.06.15-16.31.58:752][  0]LogWindows:    4. 'RDPDD Chained DD' (P:0 D:0)
[2017.06.15-16.31.58:752][  0]LogWindows:    5. 'RDP Encoder Mirror Driver' (P:0 D:0)
[2017.06.15-16.31.58:753][  0]LogWindows:    6. 'RDP Reflector Display Driver' (P:0 D:0)
[2017.06.15-16.31.58:753][  0]LogWindows: DebugString: GetVideoDriverDetailsInvalid PrimaryIsNotTheChoosenAdapter GetVideoDriverDetailsInvalid PrimaryIsNotTheChoosenAdapter GetVideoDriverDetailsInvalid PrimaryIsNotTheChoosenAdapter FoundDriverCount:4 
[2017.06.15-16.31.58:753][  0]LogD3D11RHI:     Adapter Name: NVIDIA Quadro M4000
[2017.06.15-16.31.58:753][  0]LogD3D11RHI:   Driver Version: 362.13 (internal:10.18.13.6213, unified:362.13)
[2017.06.15-16.31.58:753][  0]LogD3D11RHI:      Driver Date: 3-18-2016
[2017.06.15-16.31.58:753][  0]LogRHI: Texture pool is 1361 MB (70% of 1945 MB)
[2017.06.15-16.31.58:764][  0]LogD3D11RHI: Async texture creation enabled
[2017.06.15-16.31.58:777][  0]LogD3D11RHI: GPU Timing Frequency: 1000.000000 (Debug: 2 2)
[2017.06.15-16.31.58:777][  0]LogShaderCompilers: Guid format shader working directory is -28 characters bigger than the processId version (../../../../../../Users/i7230020.STUDENT.000/Documents/GitHub/MastersProject/Ava/Intermediate/Shaders/WorkingDirectory/71908/).
[2017.06.15-16.31.58:777][  0]LogShaderCompilers: Cleaned the shader compiler working directory 'C:/Users/I72300~1.000/AppData/Local/Temp/UnrealShaderWorkingDir/AB1C5B0B4ABD6A467CAD428E411719BE/'.
[2017.06.15-16.31.58:777][  0]LogShaderCompilers:Display: Using Local Shader Compiler.
[2017.06.15-16.31.59:897][  0]LogTemp:Display: Loaded TP AllDesktopTargetPlatform
[2017.06.15-16.31.59:908][  0]LogTemp:Display: Loaded TP WindowsClientTargetPlatform
[2017.06.15-16.31.59:921][  0]LogTemp:Display: Loaded TP WindowsNoEditorTargetPlatform
[2017.06.15-16.31.59:930][  0]LogTemp:Display: Loaded TP WindowsServerTargetPlatform
[2017.06.15-16.31.59:938][  0]LogTemp:Display: Loaded TP WindowsTargetPlatform
[2017.06.15-16.31.59:946][  0]LogTemp:Display: Loaded TP AndroidTargetPlatform
[2017.06.15-16.31.59:956][  0]LogTemp:Display: Loaded TP Android_ASTCTargetPlatform
[2017.06.15-16.31.59:969][  0]LogTemp:Display: Loaded TP Android_ATCTargetPlatform
[2017.06.15-16.31.59:977][  0]LogTemp:Display: Loaded TP Android_DXTTargetPlatform
[2017.06.15-16.31.59:991][  0]LogTemp:Display: Loaded TP Android_ETC1TargetPlatform
[2017.06.15-16.31.59:999][  0]LogTemp:Display: Loaded TP Android_ETC2TargetPlatform
[2017.06.15-16.32.00:015][  0]LogTemp:Display: Loaded TP Android_MultiTargetPlatform
[2017.06.15-16.32.00:015][  0]LogTemp:Display: Loaded TP Android_PVRTCTargetPlatform
[2017.06.15-16.32.00:016][  0]LogTemp:Display: Loaded TP HTML5TargetPlatform
[2017.06.15-16.32.00:037][  0]LogTemp:Display: Loaded TP IOSTargetPlatform
[2017.06.15-16.32.00:044][  0]LogTemp:Display: Loaded TP TVOSTargetPlatform
[2017.06.15-16.32.00:056][  0]LogTemp:Display: Loaded TP LinuxNoEditorTargetPlatform
[2017.06.15-16.32.00:065][  0]LogTemp:Display: Loaded TP LinuxServerTargetPlatform
[2017.06.15-16.32.00:073][  0]LogTemp:Display: Loaded TP LinuxTargetPlatform
[2017.06.15-16.32.00:073][  0]LogTargetPlatformManager:Display: Building Assets For Windows
[2017.06.15-16.32.00:219][  0]LogDerivedDataCache:Display: Max Cache Size: 512 MB
[2017.06.15-16.32.00:279][  0]LogDerivedDataCache: Loaded boot cache 0.06s 49MB C:/Users/i7230020.STUDENT.000/AppData/Local/UnrealEngine/4.12/DerivedDataCache/Boot.ddc.
[2017.06.15-16.32.00:280][  0]LogDerivedDataCache:Display: Loaded Boot cache: C:/Users/i7230020.STUDENT.000/AppData/Local/UnrealEngine/4.12/DerivedDataCache/Boot.ddc
[2017.06.15-16.32.00:280][  0]LogDerivedDataCache: FDerivedDataBackendGraph:  Pak pak cache file ../../../../../../Users/i7230020.STUDENT.000/Documents/GitHub/MastersProject/Ava/DerivedDataCache/DDC.ddp not found, will not use a pak cache.
[2017.06.15-16.32.00:280][  0]LogDerivedDataCache: Unable to find inner node Pak for hierarchical cache Hierarchy.
[2017.06.15-16.32.00:280][  0]LogDerivedDataCache: FDerivedDataBackendGraph:  CompressedPak pak cache file ../../../../../../Users/i7230020.STUDENT.000/Documents/GitHub/MastersProject/Ava/DerivedDataCache/Compressed.ddp not found, will not use a pak cache.
[2017.06.15-16.32.00:280][  0]LogDerivedDataCache: Unable to find inner node CompressedPak for hierarchical cache Hierarchy.
[2017.06.15-16.32.00:294][  0]LogDerivedDataCache:Display: Pak cache opened for reading ../../../Engine/DerivedDataCache/Compressed.ddp.
[2017.06.15-16.32.00:306][  0]LogDerivedDataCache: Using Local data cache path C:/Users/i7230020.STUDENT.000/AppData/Local/UnrealEngine/Common/DerivedDataCache: Writable
[2017.06.15-16.32.00:557][  0]LogInit: Selected Device Profile: [Windows]
[2017.06.15-16.32.00:558][  0]LogContentStreaming: Texture pool size is 0.00 MB
[2017.06.15-16.32.00:770][  0]LogMeshUtilities: No automatic mesh reduction module available
[2017.06.15-16.32.00:770][  0]LogMeshUtilities: No automatic mesh merging module available
[2017.06.15-16.32.00:771][  0]LogMeshUtilities: No distributed automatic mesh merging module available
[2017.06.15-16.32.01:050][  0]LogAssetRegistry: FAssetRegistry took 0.0198 seconds to start up
[2017.06.15-16.32.01:138][  0]LogPackageLocalizationCache: Processed 4 localized package path(s) for 2 prioritized culture(s) in 0.083123 seconds
[2017.06.15-16.32.01:142][  0]LogUObjectArray: 28739 objects as part of root set at end of initial load.
[2017.06.15-16.32.01:143][  0]LogUObjectAllocator: 5855632 out of 0 bytes used by permanent object pool.
[2017.06.15-16.32.01:143][  0]LogUObjectArray: CloseDisregardForGC: 0/0 objects in disregard for GC pool
[2017.06.15-16.32.01:151][  0]LogInit: WinSock: version 1.1 (2.2), MaxSocks=32767, MaxUdp=65467
[2017.06.15-16.32.01:331][  0]LogSlate: SlateFontCache - WITH_FREETYPE: 1, WITH_HARFBUZZ: 1
[2017.06.15-16.32.01:331][  0]LogSlate: SlateFontCache - WITH_FREETYPE: 1, WITH_HARFBUZZ: 1
[2017.06.15-16.32.02:425][  0]LogUdpMessaging: Initializing bridge on interface 0.0.0.0:0 to multicast group 230.0.0.1:6666.
[2017.06.15-16.32.02:791][  0]SourceControl: Info Source control is disabled
[2017.06.15-16.32.02:795][  0]SourceControl: Info Source control is disabled
[2017.06.15-16.32.02:821][  0]SourceControl: Info Source control is disabled
[2017.06.15-16.32.02:846][  0]SourceControl: Info Source control is disabled
[2017.06.15-16.32.03:152][  0]LogHoudiniEngine: Starting the Houdini Engine module.
[2017.06.15-16.32.03:153][  0]LogHoudiniEngine: Loaded libHAPIL.dll from Registry path C:\Program Files\Side Effects Software\Houdini 15.5.632/bin
[2017.06.15-16.32.03:153][  0]LogLinker:Warning: Asset '../../../Engine/Plugins/Runtime/HoudiniEngine/Content/houdini_logo.uasset' has been saved with empty engine version. The asset will be loaded but may be incompatible.
[2017.06.15-16.32.03:155][  0]LogLinker:Warning: Asset '../../../Engine/Plugins/Runtime/HoudiniEngine/Content/houdini_default_material.uasset' has been saved with empty engine version. The asset will be loaded but may be incompatible.
[2017.06.15-16.32.03:161][  0]LogLinker:Warning: Asset '../../../Engine/Plugins/Runtime/HoudiniEngine/Content/houdini_bgeo_import.uasset' has been saved with empty engine version. The asset will be loaded but may be incompatible.
[2017.06.15-16.32.04:316][  0]LogHoudiniEngine: Successfully initialized the Houdini Engine API module.
[2017.06.15-16.32.04:531][  0]LogEngine: Initializing Engine...
[2017.06.15-16.32.04:532][  0]LogHMD: SteamVR failed to initialize.  Err: 110
[2017.06.15-16.32.04:534][  0]LogHMD: SteamVR failed to initialize.  Err: 110
[2017.06.15-16.32.04:688][  0]LogAIModule: Creating AISystem for world NewWorld
[2017.06.15-16.32.04:696][  0]LogInit: XAudio2 using 'Speakers (Realtek High Definition Audio)' : 2 channels at 48 kHz using 32 bits per sample (channel mask 0x3)
[2017.06.15-16.32.04:711][  0]LogInit: FAudioDevice initialized.
[2017.06.15-16.32.04:740][  0]LogDerivedDataCache: Saved boot cache 0.03s 49MB C:/Users/i7230020.STUDENT.000/AppData/Local/UnrealEngine/4.12/DerivedDataCache/Boot.ddc.
[2017.06.15-16.32.04:747][  0]LogInit: Texture streaming: Enabled
[2017.06.15-16.32.04:775][  0]LogInit: Transaction tracking system initialized
[2017.06.15-16.32.04:800][  0]BlueprintLog: New page: Editor Load
[2017.06.15-16.32.04:886][  0]LocalizationService: Info Localization service is disabled
[2017.06.15-16.32.04:992][  0]LogConsoleResponse:Display: 
[2017.06.15-16.32.05:097][  0]LogCook:Display: Max memory allowance for cook 8192mb
[2017.06.15-16.32.05:097][  0]LogCook:Display: Mobile HDR setting 1
[2017.06.15-16.32.05:230][  0]LogFileCache: Scanning file cache for directory 'C:/Users/i7230020.STUDENT.000/Documents/GitHub/MastersProject/Ava/Content/' took 0.02s
[2017.06.15-16.32.05:230][  0]LogHoudiniEngineEditor: Starting the Houdini Engine Editor module.
[2017.06.15-16.32.05:275][  0]SourceControl: Info Source control is disabled
[2017.06.15-16.32.05:275][  0]Cmd: MAP LOAD FILE="../../../../../../Users/i7230020.STUDENT.000/Documents/GitHub/MastersProject/Ava/Content/Ava/Maps/MainMenu.umap" TEMPLATE=0 SHOWPROGRESS=1 FEATURELEVEL=3
[2017.06.15-16.32.05:276][  0]LightingResults: New page: Lighting Build
[2017.06.15-16.32.05:280][  0]MapCheck: New page: Map Check
[2017.06.15-16.32.05:280][  0]LightingResults: New page: Lighting Build
[2017.06.15-16.32.05:406][  0]LogAIModule: Creating AISystem for world MainMenu
[2017.06.15-16.32.05:406][  0]LogEditorServer: Finished looking for orphan Actors (0.000 secs)
[2017.06.15-16.32.05:407][  0]Cmd: MAP CHECKDEP NOCLEARLOG
[2017.06.15-16.32.05:481][  0]MapCheck: Info Map check complete: 0 Error(s), 0 Warning(s), took 74.02ms to complete.
[2017.06.15-16.32.05:481][  0]LogFileHelpers: Loading map 'MainMenu' took 0.206
[2017.06.15-16.32.05:591][  0]LogCollectionManager: Loaded 0 collections in 0.001669 seconds
[2017.06.15-16.32.05:633][  0]LogFileCache: Scanning file cache for directory 'C:/Users/i7230020.STUDENT.000/Documents/GitHub/MastersProject/Ava/Saved/Collections/' took 0.01s
[2017.06.15-16.32.05:633][  0]LogFileCache: Scanning file cache for directory 'C:/Users/i7230020.STUDENT.000/Documents/GitHub/MastersProject/Ava/Content/Developers/i7230020/Collections/' took 0.01s
[2017.06.15-16.32.05:633][  0]LogFileCache: Scanning file cache for directory 'C:/Users/i7230020.STUDENT.000/Documents/GitHub/MastersProject/Ava/Content/Collections/' took 0.01s
[2017.06.15-16.32.05:633][  0]LogCollectionManager: Rebuilt the GUID cache for 0 collections in 0.000002 seconds
[2017.06.15-16.32.05:642][  0]LogContentBrowser: Native class hierarchy populated in 0.0086 seconds. Added 2085 classes and 376 folders.
[2017.06.15-16.32.05:646][  0]LogStats: UGameplayTagsManager::ConstructGameplayTagTree: Construct from data asset -  0.000 s
[2017.06.15-16.32.05:646][  0]LogStats: UGameplayTagsManager::ConstructGameplayTagTree: GameplayTagTreeChangedEvent.Broadcast -  0.000 s
[2017.06.15-16.32.05:649][  0]LogContentBrowser: Native class hierarchy updated for 'GameplayTags' in 0.0026 seconds. Added 12 classes and 0 folders.
[2017.06.15-16.32.05:655][  0]LogContentBrowser: Native class hierarchy updated for 'WidgetCarousel' in 0.0023 seconds. Added 0 classes and 0 folders.
[2017.06.15-16.32.05:724][  0]LogContentBrowser: Native class hierarchy updated for 'AddContentDialog' in 0.0023 seconds. Added 0 classes and 0 folders.
[2017.06.15-16.32.05:730][  0]LogContentBrowser: Native class hierarchy updated for 'SceneOutliner' in 0.0023 seconds. Added 1 classes and 2 folders.
[2017.06.15-16.32.05:742][  0]LogCrashTracker: Crashtracker disabled due to settings.
[2017.06.15-16.32.05:746][  0]LogUObjectGlobals:Warning: Failed to find object 'Class None.'
[2017.06.15-16.32.05:771][  0]LogContentBrowser: Native class hierarchy updated for 'HierarchicalLODOutliner' in 0.0023 seconds. Added 1 classes and 2 folders.
[2017.06.15-16.32.05:771][  0]LogLoad: Full Startup: 14.14 seconds (BP compile: 0.02 seconds)
[2017.06.15-16.32.05:771][  0]LogExternalProfiler: Found external profiler: VSPerf
[2017.06.15-16.32.05:771][  0]LogExternalProfiler: Using external profiler: VSPerf
[2017.06.15-16.32.05:781][  0]LogOcInput: OculusInput pre-init called
[2017.06.15-16.32.05:811][  0]LogContentStreaming: Texture pool size now 1000 MB
[2017.06.15-16.32.05:968][  0]LogRenderer: Reallocating scene render targets to support 1776x668 (Frame:2).
[2017.06.15-16.32.06:021][  1]LogFileCache: Retrieving MD5 hashes for directory 'C:/Users/i7230020.STUDENT.000/Documents/GitHub/MastersProject/Ava/Content/' took 0.23s
[2017.06.15-16.32.06:034][  1]LogAssetRegistry: Asset discovery search completed in 5.0045 seconds
[2017.06.15-16.32.06:034][  1]LogCollectionManager: Rebuilt the object cache for 0 collections in 0.000001 seconds (found 0 objects)
[2017.06.15-16.32.06:034][  1]LogCollectionManager: Fixed up redirectors for 0 collections in 0.000018 seconds (updated 0 objects)
[2017.06.15-16.32.16:967][179]LogBlueprintUserMessages: Early PlayInEditor Detection: Level '/Game/Ava/Maps/MainMenu.MainMenu:PersistentLevel' has LevelScriptBlueprint '/Game/Ava/Maps/MainMenu.MainMenu:PersistentLevel.MainMenu' with GeneratedClass '/Game/Ava/Maps/MainMenu.MainMenu_C' with ClassGeneratedBy '/Game/Ava/Maps/MainMenu.MainMenu:PersistentLevel.MainMenu'
[2017.06.15-16.32.16:967][179]LogPlayLevel: PlayLevel: No blueprints needed recompiling
[2017.06.15-16.32.16:968][179]PIE: New page: SIE session: MainMenu (15 Jun 2017 17:32:16)
[2017.06.15-16.32.16:969][179]LogPlayLevel: Creating play world package: /Game/Ava/Maps/UEDPIE_0_MainMenu
[2017.06.15-16.32.16:970][179]LogPlayLevel: PIE: StaticDuplicateObject took: (0.000998s)
[2017.06.15-16.32.16:970][179]LogAIModule: Creating AISystem for world MainMenu
[2017.06.15-16.32.16:971][179]LogPlayLevel: PIE: World Init took: (0.001279s)
[2017.06.15-16.32.16:971][179]LogPlayLevel: PIE: Created PIE world by copying editor world from /Game/Ava/Maps/MainMenu.MainMenu to /Game/Ava/Maps/UEDPIE_0_MainMenu.MainMenu (0.002586s)
[2017.06.15-16.32.16:985][179]LogInit: XAudio2 using 'Speakers (Realtek High Definition Audio)' : 2 channels at 48 kHz using 32 bits per sample (channel mask 0x3)
[2017.06.15-16.32.16:993][179]LogInit: FAudioDevice initialized.
[2017.06.15-16.32.17:074][179]LogWorld: Game class is 'AvaGameMode'
[2017.06.15-16.32.17:076][179]LogWorld: Bringing World /Game/Ava/Maps/UEDPIE_0_MainMenu.MainMenu up for play (max tick rate 0) at 2017.06.15-17.32.17
[2017.06.15-16.32.17:077][179]LogWorld: Bringing up level for play took: 0.001139
[2017.06.15-16.32.17:078][179]LogGameMode: Warning - PATHS NOT DEFINED or NO PLAYERSTART with positive rating
[2017.06.15-16.32.17:083][179]LogContentBrowser: Native class hierarchy updated for 'MovieSceneCapture' in 0.0025 seconds. Added 11 classes and 0 folders.
[2017.06.15-16.32.17:084][179]PIE: Info Play in editor start time for /Game/Ava/Maps/UEDPIE_0_MainMenu 0.358
[2017.06.15-16.32.17:088][179]LogBlueprintUserMessages: Late PlayInEditor Detection: Level '/Game/Ava/Maps/MainMenu.MainMenu:PersistentLevel' has LevelScriptBlueprint '/Game/Ava/Maps/MainMenu.MainMenu:PersistentLevel.MainMenu' with GeneratedClass '/Game/Ava/Maps/MainMenu.MainMenu_C' with ClassGeneratedBy '/Game/Ava/Maps/MainMenu.MainMenu:PersistentLevel.MainMenu'
[2017.06.15-16.32.18:625][309]LogNet: Browse: /Game/Ava/Maps/PalaceLevel
[2017.06.15-16.32.18:625][309]LogLoad: LoadMap: /Game/Ava/Maps/PalaceLevel
[2017.06.15-16.32.18:635][309]Cmd: MEM
[2017.06.15-16.32.18:643][309]LogMemory: Platform Memory Stats for Windows
[2017.06.15-16.32.18:643][309]LogMemory: Process Physical Memory: 850.61 MB used, 891.91 MB peak
[2017.06.15-16.32.18:643][309]LogMemory: Process Virtual Memory: 1333.84 MB used, 1350.52 MB peak
[2017.06.15-16.32.18:643][309]LogMemory: Physical Memory: 16027.05 MB used, 32684.15 MB total
[2017.06.15-16.32.18:643][309]LogMemory: Virtual Memory: 2247.85 MB used, 8388608.00 MB total
[2017.06.15-16.32.18:643][309]LogMemory: 
[2017.06.15-16.32.18:643][309]Allocator Stats for TBB: (not implemented)
[2017.06.15-16.32.18:717][309]LogBlueprint:Warning: Compiler Warning InputAction Event references unknown Action 'Crouch' for  InputAction Crouch 
[2017.06.15-16.32.18:719][309]LogBlueprint:Warning: Compiler Warning [0027.09] Compile of Ue4ASP_Character successful, but with 1 Warning(s) [in 7 ms] (/Game/AnimStarterPack/Ue4ASP_Character.Ue4ASP_Character)
[2017.06.15-16.32.18:719][309]LogBlueprint:Warning: Compiler Warning [0027.09] Compile of Ue4ASP_Character successful, but with 2 Warning(s) [in 0 ms] (/Game/AnimStarterPack/Ue4ASP_Character.Ue4ASP_Character)
[2017.06.15-16.32.18:719][309]LogBlueprint:Warning: Compiler Warning [0027.09] Compile of Ue4ASP_Character successful, but with 3 Warning(s) [in 0 ms] (/Game/AnimStarterPack/Ue4ASP_Character.Ue4ASP_Character)
[2017.06.15-16.32.18:791][309]LogBlueprint:Warning: Compiler Warning InputAction Event references unknown Action 'Crouch' for  InputAction Crouch 
[2017.06.15-16.32.18:794][309]LogBlueprint:Warning: Compiler Warning [0027.16] Compile of Ue4ASP_Character successful, but with 1 Warning(s) [in 7 ms] (/Game/AnimStarterPack/Ue4ASP_Character.Ue4ASP_Character)
[2017.06.15-16.32.18:794][309]LogBlueprint:Warning: Compiler Warning [0027.16] Compile of Ue4ASP_Character successful, but with 2 Warning(s) [in 0 ms] (/Game/AnimStarterPack/Ue4ASP_Character.Ue4ASP_Character)
[2017.06.15-16.32.18:794][309]LogBlueprint:Warning: Compiler Warning [0027.16] Compile of Ue4ASP_Character successful, but with 3 Warning(s) [in 0 ms] (/Game/AnimStarterPack/Ue4ASP_Character.Ue4ASP_Character)
[2017.06.15-16.32.19:787][309]LogAIModule: Creating AISystem for world PalaceLevel
[2017.06.15-16.32.19:788][309]LogWorld: Game class is 'AvaGameMode'
[2017.06.15-16.32.19:868][309]LogWorld: Bringing World /Game/Ava/Maps/UEDPIE_0_PalaceLevel.PalaceLevel up for play (max tick rate 0) at 2017.06.15-17.32.19
[2017.06.15-16.32.19:870][309]LogWorld: Bringing up level for play took: 0.081427
[2017.06.15-16.32.19:872][309]LogLoad: Took 1.246988 seconds to LoadMap(/Game/Ava/Maps/PalaceLevel)
[2017.06.15-16.32.32:069][103]LogEditorViewport: Clicking on Actor (LMB): MainCharacter (MainCharacter1)
[2017.06.15-16.32.37:319][497]LogEditorViewport: Clicking on Actor (LMB): MainCharacter (MainCharacter1)
[2017.06.15-16.32.43:938][935]LogEditorViewport: Clicking on Actor (LMB): MainCharacter (MainCharacter1)
[2017.06.15-16.32.46:901][161]LogBlueprintUserMessages: Early EndPlayMap Detection: Level '/Game/Ava/Maps/MainMenu.MainMenu:PersistentLevel' has LevelScriptBlueprint '/Game/Ava/Maps/MainMenu.MainMenu:PersistentLevel.MainMenu' with GeneratedClass '/Game/Ava/Maps/MainMenu.MainMenu_C' with ClassGeneratedBy '/Game/Ava/Maps/MainMenu.MainMenu:PersistentLevel.MainMenu'
[2017.06.15-16.32.46:984][161]LogBlueprintUserMessages: Late EndPlayMap Detection: Level '/Game/Ava/Maps/MainMenu.MainMenu:PersistentLevel' has LevelScriptBlueprint '/Game/Ava/Maps/MainMenu.MainMenu:PersistentLevel.MainMenu' with GeneratedClass '/Game/Ava/Maps/MainMenu.MainMenu_C' with ClassGeneratedBy '/Game/Ava/Maps/MainMenu.MainMenu:PersistentLevel.MainMenu'
[2017.06.15-16.33.14:893][342]LogHotReload: New module detected: UE4Editor-Ava-9974.dll
[2017.06.15-16.33.17:238][350]LogHotReload: Starting Hot-Reload from IDE
[2017.06.15-16.33.17:337][350]LogClass: ItemDataVariables HotReload.
[2017.06.15-16.33.17:337][350]LogClass: Item HotReload.
[2017.06.15-16.33.17:339][350]LogHotReload: Re-instancing MainCharacter after hot-reload.
[2017.06.15-16.33.17:369][350]LogHotReload: Re-instancing StatueObject after hot-reload.
[2017.06.15-16.33.17:400][350]LogContentBrowser: Native class hierarchy updated for 'Ava' in 0.0024 seconds. Added 7 classes and 2 folders.
[2017.06.15-16.33.17:401][350]Warning: HotReload successful (2 functions remapped  0 scriptstructs remapped)
[2017.06.15-16.33.17:488][350]LogContentBrowser: Native class hierarchy populated in 0.0100 seconds. Added 2087 classes and 380 folders.
[2017.06.15-16.33.17:492][350]Warning: HotReload took  0.3s.
[2017.06.15-16.33.34:119][795]LogBlueprintUserMessages: Early PlayInEditor Detection: Level '/Game/Ava/Maps/MainMenu.MainMenu:PersistentLevel' has LevelScriptBlueprint '/Game/Ava/Maps/MainMenu.MainMenu:PersistentLevel.MainMenu' with GeneratedClass '/Game/Ava/Maps/MainMenu.MainMenu_C' with ClassGeneratedBy '/Game/Ava/Maps/MainMenu.MainMenu:PersistentLevel.MainMenu'
[2017.06.15-16.33.34:119][795]LogPlayLevel: PlayLevel: No blueprints needed recompiling
[2017.06.15-16.33.34:119][795]PIE: New page: SIE session: MainMenu (15 Jun 2017 17:33:34)
[2017.06.15-16.33.34:119][795]LogPlayLevel: Creating play world package: /Game/Ava/Maps/UEDPIE_0_MainMenu
[2017.06.15-16.33.34:121][795]LogPlayLevel: PIE: StaticDuplicateObject took: (0.001017s)
[2017.06.15-16.33.34:121][795]LogAIModule: Creating AISystem for world MainMenu
[2017.06.15-16.33.34:121][795]LogPlayLevel: PIE: World Init took: (0.000597s)
[2017.06.15-16.33.34:121][795]LogPlayLevel: PIE: Created PIE world by copying editor world from /Game/Ava/Maps/MainMenu.MainMenu to /Game/Ava/Maps/UEDPIE_0_MainMenu.MainMenu (0.001799s)
[2017.06.15-16.33.34:132][795]LogInit: XAudio2 using 'Speakers (Realtek High Definition Audio)' : 2 channels at 48 kHz using 32 bits per sample (channel mask 0x3)
[2017.06.15-16.33.34:139][795]LogInit: FAudioDevice initialized.
[2017.06.15-16.33.34:186][795]LogWorld: Game class is 'AvaGameMode'
[2017.06.15-16.33.34:189][795]LogWorld: Bringing World /Game/Ava/Maps/UEDPIE_0_MainMenu.MainMenu up for play (max tick rate 0) at 2017.06.15-17.33.34
[2017.06.15-16.33.34:190][795]LogWorld: Bringing up level for play took: 0.002525
[2017.06.15-16.33.34:192][795]LogGameMode: Warning - PATHS NOT DEFINED or NO PLAYERSTART with positive rating
[2017.06.15-16.33.34:195][795]PIE: Info Play in editor start time for /Game/Ava/Maps/UEDPIE_0_MainMenu -0.529
[2017.06.15-16.33.34:198][795]LogBlueprintUserMessages: Late PlayInEditor Detection: Level '/Game/Ava/Maps/MainMenu.MainMenu:PersistentLevel' has LevelScriptBlueprint '/Game/Ava/Maps/MainMenu.MainMenu:PersistentLevel.MainMenu' with GeneratedClass '/Game/Ava/Maps/MainMenu.MainMenu_C' with ClassGeneratedBy '/Game/Ava/Maps/MainMenu.MainMenu:PersistentLevel.MainMenu'
[2017.06.15-16.33.35:263][886]LogNet: Browse: /Game/Ava/Maps/PalaceLevel
[2017.06.15-16.33.35:263][886]LogLoad: LoadMap: /Game/Ava/Maps/PalaceLevel
[2017.06.15-16.33.35:272][886]Cmd: MEM
[2017.06.15-16.33.35:278][886]LogMemory: Platform Memory Stats for Windows
[2017.06.15-16.33.35:278][886]LogMemory: Process Physical Memory: 1116.39 MB used, 1191.27 MB peak
[2017.06.15-16.33.35:278][886]LogMemory: Process Virtual Memory: 1808.72 MB used, 1913.59 MB peak
[2017.06.15-16.33.35:278][886]LogMemory: Physical Memory: 16239.62 MB used, 32684.15 MB total
[2017.06.15-16.33.35:278][886]LogMemory: Virtual Memory: 2713.06 MB used, 8388608.00 MB total
[2017.06.15-16.33.35:278][886]LogMemory: 
[2017.06.15-16.33.35:278][886]Allocator Stats for TBB: (not implemented)
[2017.06.15-16.33.35:655][886]LogAIModule: Creating AISystem for world PalaceLevel
[2017.06.15-16.33.35:656][886]LogWorld: Game class is 'AvaGameMode'
[2017.06.15-16.33.35:746][886]LogWorld: Bringing World /Game/Ava/Maps/UEDPIE_0_PalaceLevel.PalaceLevel up for play (max tick rate 0) at 2017.06.15-17.33.35
[2017.06.15-16.33.35:748][886]LogWorld: Bringing up level for play took: 0.091214
[2017.06.15-16.33.35:750][886]LogLoad: Took 0.487362 seconds to LoadMap(/Game/Ava/Maps/PalaceLevel)
[2017.06.15-16.33.37:644][ 42]LogEditorViewport: Clicking on Actor (LMB): MainCharacter (MainCharacter1)
[2017.06.15-16.33.49:714][827]LogBlueprintUserMessages: Early EndPlayMap Detection: Level '/Game/Ava/Maps/MainMenu.MainMenu:PersistentLevel' has LevelScriptBlueprint '/Game/Ava/Maps/MainMenu.MainMenu:PersistentLevel.MainMenu' with GeneratedClass '/Game/Ava/Maps/MainMenu.MainMenu_C' with ClassGeneratedBy '/Game/Ava/Maps/MainMenu.MainMenu:PersistentLevel.MainMenu'
[2017.06.15-16.33.49:779][827]LogBlueprintUserMessages: Late EndPlayMap Detection: Level '/Game/Ava/Maps/MainMenu.MainMenu:PersistentLevel' has LevelScriptBlueprint '/Game/Ava/Maps/MainMenu.MainMenu:PersistentLevel.MainMenu' with GeneratedClass '/Game/Ava/Maps/MainMenu.MainMenu_C' with ClassGeneratedBy '/Game/Ava/Maps/MainMenu.MainMenu:PersistentLevel.MainMenu'
[2017.06.15-16.34.23:638][ 25]LogHotReload: New module detected: UE4Editor-Ava-5455.dll
[2017.06.15-16.34.26:317][ 34]LogHotReload: Starting Hot-Reload from IDE
[2017.06.15-16.34.26:375][ 34]LogClass: ItemDataVariables HotReload.
[2017.06.15-16.34.26:375][ 34]LogClass: Item HotReload.
[2017.06.15-16.34.26:376][ 34]LogHotReload: Re-instancing MainCharacter after hot-reload.
[2017.06.15-16.34.26:407][ 34]LogHotReload: Re-instancing StatueObject after hot-reload.
[2017.06.15-16.34.26:442][ 34]LogContentBrowser: Native class hierarchy updated for 'Ava' in 0.0025 seconds. Added 7 classes and 2 folders.
[2017.06.15-16.34.26:443][ 34]Warning: HotReload successful (2 functions remapped  0 scriptstructs remapped)
[2017.06.15-16.34.26:482][ 34]LogContentBrowser: Native class hierarchy populated in 0.0103 seconds. Added 2087 classes and 380 folders.
[2017.06.15-16.34.26:486][ 34]Warning: HotReload took  0.2s.
[2017.06.15-16.34.31:753][196]LogBlueprintUserMessages: Early PlayInEditor Detection: Level '/Game/Ava/Maps/MainMenu.MainMenu:PersistentLevel' has LevelScriptBlueprint '/Game/Ava/Maps/MainMenu.MainMenu:PersistentLevel.MainMenu' with GeneratedClass '/Game/Ava/Maps/MainMenu.MainMenu_C' with ClassGeneratedBy '/Game/Ava/Maps/MainMenu.MainMenu:PersistentLevel.MainMenu'
[2017.06.15-16.34.31:753][196]LogPlayLevel: PlayLevel: No blueprints needed recompiling
[2017.06.15-16.34.31:753][196]PIE: New page: SIE session: MainMenu (15 Jun 2017 17:34:31)
[2017.06.15-16.34.31:753][196]LogPlayLevel: Creating play world package: /Game/Ava/Maps/UEDPIE_0_MainMenu
[2017.06.15-16.34.31:754][196]LogPlayLevel: PIE: StaticDuplicateObject took: (0.001137s)
[2017.06.15-16.34.31:755][196]LogAIModule: Creating AISystem for world MainMenu
[2017.06.15-16.34.31:755][196]LogPlayLevel: PIE: World Init took: (0.000561s)
[2017.06.15-16.34.31:755][196]LogPlayLevel: PIE: Created PIE world by copying editor world from /Game/Ava/Maps/MainMenu.MainMenu to /Game/Ava/Maps/UEDPIE_0_MainMenu.MainMenu (0.001902s)
[2017.06.15-16.34.31:765][196]LogInit: XAudio2 using 'Speakers (Realtek High Definition Audio)' : 2 channels at 48 kHz using 32 bits per sample (channel mask 0x3)
[2017.06.15-16.34.31:772][196]LogInit: FAudioDevice initialized.
[2017.06.15-16.34.31:817][196]LogWorld: Game class is 'AvaGameMode'
[2017.06.15-16.34.31:820][196]LogWorld: Bringing World /Game/Ava/Maps/UEDPIE_0_MainMenu.MainMenu up for play (max tick rate 0) at 2017.06.15-17.34.31
[2017.06.15-16.34.31:821][196]LogWorld: Bringing up level for play took: 0.002630
[2017.06.15-16.34.31:823][196]LogGameMode: Warning - PATHS NOT DEFINED or NO PLAYERSTART with positive rating
[2017.06.15-16.34.31:826][196]PIE: Info Play in editor start time for /Game/Ava/Maps/UEDPIE_0_MainMenu -0.895
[2017.06.15-16.34.31:829][196]LogBlueprintUserMessages: Late PlayInEditor Detection: Level '/Game/Ava/Maps/MainMenu.MainMenu:PersistentLevel' has LevelScriptBlueprint '/Game/Ava/Maps/MainMenu.MainMenu:PersistentLevel.MainMenu' with GeneratedClass '/Game/Ava/Maps/MainMenu.MainMenu_C' with ClassGeneratedBy '/Game/Ava/Maps/MainMenu.MainMenu:PersistentLevel.MainMenu'
[2017.06.15-16.34.32:702][260]LogNet: Browse: /Game/Ava/Maps/PalaceLevel
[2017.06.15-16.34.32:702][260]LogLoad: LoadMap: /Game/Ava/Maps/PalaceLevel
[2017.06.15-16.34.32:711][260]Cmd: MEM
[2017.06.15-16.34.32:718][260]LogMemory: Platform Memory Stats for Windows
[2017.06.15-16.34.32:718][260]LogMemory: Process Physical Memory: 1194.65 MB used, 1224.31 MB peak
[2017.06.15-16.34.32:718][260]LogMemory: Process Virtual Memory: 1895.50 MB used, 1944.92 MB peak
[2017.06.15-16.34.32:718][260]LogMemory: Physical Memory: 16425.91 MB used, 32684.15 MB total
[2017.06.15-16.34.32:718][260]LogMemory: Virtual Memory: 2818.19 MB used, 8388608.00 MB total
[2017.06.15-16.34.32:718][260]LogMemory: 
[2017.06.15-16.34.32:718][260]Allocator Stats for TBB: (not implemented)
[2017.06.15-16.34.33:096][260]LogAIModule: Creating AISystem for world PalaceLevel
[2017.06.15-16.34.33:097][260]LogWorld: Game class is 'AvaGameMode'
[2017.06.15-16.34.33:183][260]LogWorld: Bringing World /Game/Ava/Maps/UEDPIE_0_PalaceLevel.PalaceLevel up for play (max tick rate 0) at 2017.06.15-17.34.33
[2017.06.15-16.34.33:185][260]LogWorld: Bringing up level for play took: 0.086656
[2017.06.15-16.34.33:189][260]LogLoad: Took 0.487341 seconds to LoadMap(/Game/Ava/Maps/PalaceLevel)
[2017.06.15-16.34.41:350][ 13]LogBlueprintUserMessages: Early EndPlayMap Detection: Level '/Game/Ava/Maps/MainMenu.MainMenu:PersistentLevel' has LevelScriptBlueprint '/Game/Ava/Maps/MainMenu.MainMenu:PersistentLevel.MainMenu' with GeneratedClass '/Game/Ava/Maps/MainMenu.MainMenu_C' with ClassGeneratedBy '/Game/Ava/Maps/MainMenu.MainMenu:PersistentLevel.MainMenu'
[2017.06.15-16.34.41:380][ 13]LogBlueprintUserMessages: Late EndPlayMap Detection: Level '/Game/Ava/Maps/MainMenu.MainMenu:PersistentLevel' has LevelScriptBlueprint '/Game/Ava/Maps/MainMenu.MainMenu:PersistentLevel.MainMenu' with GeneratedClass '/Game/Ava/Maps/MainMenu.MainMenu_C' with ClassGeneratedBy '/Game/Ava/Maps/MainMenu.MainMenu:PersistentLevel.MainMenu'
[2017.06.15-16.34.43:406][220]LogBlueprintUserMessages: Early PlayInEditor Detection: Level '/Game/Ava/Maps/MainMenu.MainMenu:PersistentLevel' has LevelScriptBlueprint '/Game/Ava/Maps/MainMenu.MainMenu:PersistentLevel.MainMenu' with GeneratedClass '/Game/Ava/Maps/MainMenu.MainMenu_C' with ClassGeneratedBy '/Game/Ava/Maps/MainMenu.MainMenu:PersistentLevel.MainMenu'
[2017.06.15-16.34.43:406][220]LogPlayLevel: PlayLevel: No blueprints needed recompiling
[2017.06.15-16.34.43:406][220]PIE: New page: SIE session: MainMenu (15 Jun 2017 17:34:43)
[2017.06.15-16.34.43:406][220]LogPlayLevel: Creating play world package: /Game/Ava/Maps/UEDPIE_0_MainMenu
[2017.06.15-16.34.43:407][220]LogPlayLevel: PIE: StaticDuplicateObject took: (0.001014s)
[2017.06.15-16.34.43:408][220]LogAIModule: Creating AISystem for world MainMenu
[2017.06.15-16.34.43:408][220]LogPlayLevel: PIE: World Init took: (0.000537s)
[2017.06.15-16.34.43:408][220]LogPlayLevel: PIE: Created PIE world by copying editor world from /Game/Ava/Maps/MainMenu.MainMenu to /Game/Ava/Maps/UEDPIE_0_MainMenu.MainMenu (0.001734s)
[2017.06.15-16.34.43:417][220]LogInit: XAudio2 using 'Speakers (Realtek High Definition Audio)' : 2 channels at 48 kHz using 32 bits per sample (channel mask 0x3)
[2017.06.15-16.34.43:424][220]LogInit: FAudioDevice initialized.
[2017.06.15-16.34.43:470][220]LogWorld: Game class is 'AvaGameMode'
[2017.06.15-16.34.43:472][220]LogWorld: Bringing World /Game/Ava/Maps/UEDPIE_0_MainMenu.MainMenu up for play (max tick rate 0) at 2017.06.15-17.34.43
[2017.06.15-16.34.43:472][220]LogWorld: Bringing up level for play took: 0.001188
[2017.06.15-16.34.43:473][220]LogGameMode: Warning - PATHS NOT DEFINED or NO PLAYERSTART with positive rating
[2017.06.15-16.34.43:474][220]PIE: Info Play in editor start time for /Game/Ava/Maps/UEDPIE_0_MainMenu 0.754
[2017.06.15-16.34.43:476][220]LogBlueprintUserMessages: Late PlayInEditor Detection: Level '/Game/Ava/Maps/MainMenu.MainMenu:PersistentLevel' has LevelScriptBlueprint '/Game/Ava/Maps/MainMenu.MainMenu:PersistentLevel.MainMenu' with GeneratedClass '/Game/Ava/Maps/MainMenu.MainMenu_C' with ClassGeneratedBy '/Game/Ava/Maps/MainMenu.MainMenu:PersistentLevel.MainMenu'
[2017.06.15-16.34.44:529][307]LogNet: Browse: /Game/Ava/Maps/PalaceLevel
[2017.06.15-16.34.44:529][307]LogLoad: LoadMap: /Game/Ava/Maps/PalaceLevel
[2017.06.15-16.34.44:538][307]Cmd: MEM
[2017.06.15-16.34.44:549][307]LogMemory: Platform Memory Stats for Windows
[2017.06.15-16.34.44:549][307]LogMemory: Process Physical Memory: 1200.96 MB used, 1244.26 MB peak
[2017.06.15-16.34.44:549][307]LogMemory: Process Virtual Memory: 1919.20 MB used, 1984.61 MB peak
[2017.06.15-16.34.44:549][307]LogMemory: Physical Memory: 16435.93 MB used, 32684.15 MB total
[2017.06.15-16.34.44:549][307]LogMemory: Virtual Memory: 2837.09 MB used, 8388608.00 MB total
[2017.06.15-16.34.44:549][307]LogMemory: 
[2017.06.15-16.34.44:549][307]Allocator Stats for TBB: (not implemented)
[2017.06.15-16.34.44:926][307]LogAIModule: Creating AISystem for world PalaceLevel
[2017.06.15-16.34.44:927][307]LogWorld: Game class is 'AvaGameMode'
[2017.06.15-16.34.45:002][307]LogWorld: Bringing World /Game/Ava/Maps/UEDPIE_0_PalaceLevel.PalaceLevel up for play (max tick rate 0) at 2017.06.15-17.34.45
[2017.06.15-16.34.45:004][307]LogWorld: Bringing up level for play took: 0.076803
[2017.06.15-16.34.45:007][307]LogLoad: Took 0.478545 seconds to LoadMap(/Game/Ava/Maps/PalaceLevel)
[2017.06.15-16.34.46:353][407]LogEditorViewport: Clicking on Actor (LMB): MainCharacter (MainCharacter1)
[2017.06.15-16.35.16:919][463]LogBlueprintUserMessages: Early EndPlayMap Detection: Level '/Game/Ava/Maps/MainMenu.MainMenu:PersistentLevel' has LevelScriptBlueprint '/Game/Ava/Maps/MainMenu.MainMenu:PersistentLevel.MainMenu' with GeneratedClass '/Game/Ava/Maps/MainMenu.MainMenu_C' with ClassGeneratedBy '/Game/Ava/Maps/MainMenu.MainMenu:PersistentLevel.MainMenu'
[2017.06.15-16.35.16:950][463]LogBlueprintUserMessages: Late EndPlayMap Detection: Level '/Game/Ava/Maps/MainMenu.MainMenu:PersistentLevel' has LevelScriptBlueprint '/Game/Ava/Maps/MainMenu.MainMenu:PersistentLevel.MainMenu' with GeneratedClass '/Game/Ava/Maps/MainMenu.MainMenu_C' with ClassGeneratedBy '/Game/Ava/Maps/MainMenu.MainMenu:PersistentLevel.MainMenu'
[2017.06.15-16.35.26:900][406]LogAIModule: Creating AISystem for world PalaceLevel
[2017.06.15-16.35.26:950][406]Cmd: MAP LOAD FILE="../../../../../../Users/i7230020.STUDENT.000/Documents/GitHub/MastersProject/Ava/Content/Ava/Maps/PalaceLevel.umap" TEMPLATE=0 SHOWPROGRESS=1 FEATURELEVEL=3
[2017.06.15-16.35.26:950][406]LightingResults: New page: Lighting Build
[2017.06.15-16.35.26:950][406]LoadErrors: New page: Loading map: PalaceLevel.umap
[2017.06.15-16.35.26:951][406]MapCheck: New page: Map Check
[2017.06.15-16.35.26:951][406]LightingResults: New page: Lighting Build
[2017.06.15-16.35.26:984][406]LogEditorServer: Finished looking for orphan Actors (0.000 secs)
[2017.06.15-16.35.27:025][406]Cmd: MAP CHECKDEP NOCLEARLOG
[2017.06.15-16.35.27:154][406]MapCheck: Info Map check complete: 0 Error(s), 0 Warning(s), took 128.848ms to complete.
[2017.06.15-16.35.27:155][406]LogFileHelpers: Loading map 'PalaceLevel' took 0.206
[2017.06.15-16.35.36:343][158]LogBlueprintUserMessages: Early PlayInEditor Detection: Level '/Game/Ava/Maps/PalaceLevel.PalaceLevel:PersistentLevel' has LevelScriptBlueprint '/Game/Ava/Maps/PalaceLevel.PalaceLevel:PersistentLevel.PalaceLevel' with GeneratedClass '/Game/Ava/Maps/PalaceLevel.PalaceLevel_C' with ClassGeneratedBy '/Game/Ava/Maps/PalaceLevel.PalaceLevel:PersistentLevel.PalaceLevel'
[2017.06.15-16.35.36:343][158]LogPlayLevel: PlayLevel: No blueprints needed recompiling
[2017.06.15-16.35.36:343][158]PIE: New page: SIE session: PalaceLevel (15 Jun 2017 17:35:36)
[2017.06.15-16.35.36:343][158]LogPlayLevel: Creating play world package: /Game/Ava/Maps/UEDPIE_0_PalaceLevel
[2017.06.15-16.35.36:390][158]LogPlayLevel: PIE: StaticDuplicateObject took: (0.046978s)
[2017.06.15-16.35.36:391][158]LogAIModule: Creating AISystem for world PalaceLevel
[2017.06.15-16.35.36:391][158]LogPlayLevel: PIE: World Init took: (0.000616s)
[2017.06.15-16.35.36:391][158]LogPlayLevel: PIE: Created PIE world by copying editor world from /Game/Ava/Maps/PalaceLevel.PalaceLevel to /Game/Ava/Maps/UEDPIE_0_PalaceLevel.PalaceLevel (0.047894s)
[2017.06.15-16.35.36:432][158]LogInit: XAudio2 using 'Speakers (Realtek High Definition Audio)' : 2 channels at 48 kHz using 32 bits per sample (channel mask 0x3)
[2017.06.15-16.35.36:439][158]LogInit: FAudioDevice initialized.
[2017.06.15-16.35.36:484][158]LogWorld: Game class is 'AvaGameMode'
[2017.06.15-16.35.36:556][158]LogWorld: Bringing World /Game/Ava/Maps/UEDPIE_0_PalaceLevel.PalaceLevel up for play (max tick rate 0) at 2017.06.15-17.35.36
[2017.06.15-16.35.36:558][158]LogWorld: Bringing up level for play took: 0.072855
[2017.06.15-16.35.36:560][158]PIE: Info Play in editor start time for /Game/Ava/Maps/UEDPIE_0_PalaceLevel -0.157
[2017.06.15-16.35.36:698][158]LogBlueprintUserMessages: Late PlayInEditor Detection: Level '/Game/Ava/Maps/PalaceLevel.PalaceLevel:PersistentLevel' has LevelScriptBlueprint '/Game/Ava/Maps/PalaceLevel.PalaceLevel:PersistentLevel.PalaceLevel' with GeneratedClass '/Game/Ava/Maps/PalaceLevel.PalaceLevel_C' with ClassGeneratedBy '/Game/Ava/Maps/PalaceLevel.PalaceLevel:PersistentLevel.PalaceLevel'
[2017.06.15-16.35.37:504][158]LogCrashTracker: 


[2017.06.15-16.35.37:504][158]LogCrashTracker: 


[2017.06.15-16.35.37:504][158]LogWindows:Error: === Critical error: ===
Fatal error!



[2017.06.15-16.35.37:526][158]LogExit: Executing StaticShutdownAfterError
[2017.06.15-16.35.37:531][158]LogWindows: FPlatformMisc::RequestExit(1)
[2017.06.15-16.35.37:531][158]Log file closed, 06/15/17 17:35:37
