Log file open, 07/10/17 09:56:09
LogInit:Display: Running engine for game: Ava
LogPlatformFile: Not using cached read wrapper
LogInit:Display: RandInit(-75509093) SRandInit(-75509091).
LogTaskGraph: Started task graph with 4 named threads and 7 total threads with 1 sets of task threads.
LogStats: Stats thread started at 0.156798
LogInit: Version: 4.12.5-3039270+++UE4+Release-4.12
LogInit: API Version: 2992821
LogInit: Net Version: 3039270
LogDevObjectVersion: Number of dev versions registered: 13
LogDevObjectVersion:   Dev-Blueprints (B0D832E4-1F89-4F0D-ACCF-7EB736FD4AA2): 3
LogDevObjectVersion:   Dev-Build (E1C64328-A22C-4D53-A36C-8E866417BD8C): 0
LogDevObjectVersion:   Dev-Core (375EC13C-06E4-48FB-B500-84F0262A717E): 1
LogDevObjectVersion:   Dev-Editor (E4B068ED-F494-42E9-A231-DA0B2E46BB41): 2
LogDevObjectVersion:   Dev-Framework (CFFC743F-43B0-4480-9391-14DF171D2073): 6
LogDevObjectVersion:   Dev-Mobile (B02B49B5-BB20-44E9-A304-32B752E40360): 0
LogDevObjectVersion:   Dev-Networking (A4E4105C-59A1-49B5-A7C5-40C4547EDFEE): 0
LogDevObjectVersion:   Dev-Online (39C831C9-5AE6-47DC-9A44-9C173E1C8E7C): 0
LogDevObjectVersion:   Dev-Physics (78F01B33-EBEA-4F98-B9B4-84EACCB95AA2): 0
LogDevObjectVersion:   Dev-Platform (6631380F-2D4D-43E0-8009-CF276956A95A): 0
LogDevObjectVersion:   Dev-Rendering (12F88B9F-8875-4AFC-A67C-D90C383ABD29): 2
LogDevObjectVersion:   Dev-Sequencer (7B5AE74C-D270-4C10-A958-57980B212A5A): 0
LogDevObjectVersion:   Dev-VR (D7296918-1DD6-4BDD-9DE2-64A83CC13884): 0
LogInit: Compiled (64-bit): Jul  6 2016 09:09:46
LogInit: Compiled with Visual C++: 19.00.23026.00
LogInit: Build Configuration: Development
LogInit: Branch Name: ++UE4+Release-4.12
LogInit: Command line:  -game
LogInit: Base directory: C:/Program Files/Epic Games/UE_4.12/Engine/Binaries/Win64/
LogInit: Installed Engine Build: 1
LogInit: Using libcurl 7.41.0
LogInit:  - built for x86_64-pc-win32
LogInit:  - supports SSL with WinSSL
LogInit:  - other features:
LogInit:      CURL_VERSION_SSL
LogInit:      CURL_VERSION_IPV6
LogInit:      CURL_VERSION_ASYNCHDNS
LogInit:      CURL_VERSION_LARGEFILE
LogInit:      CURL_VERSION_IDN
LogInit:  CurlRequestOptions (configurable via config and command line):
LogInit:  - bVerifyPeer = true  - Libcurl will verify peer certificate
LogInit:  - bUseHttpProxy = false  - Libcurl will NOT use HTTP proxy
LogInit:  - bDontReuseConnections = false  - Libcurl will reuse connections
LogInit:  - CertBundlePath = nullptr  - Libcurl will use whatever was configured at build time.
LogInit: Presizing for max 8388607 objects, including 0 objects not considered by GC, pre-allocating 0 bytes for permanent pool.
LogInit: Object subsystem initialized
[2017.07.10-08.56.09:119][  0]LogInit: Selected Device Profile: [Windows]
[2017.07.10-08.56.09:119][  0]LogInit: Applying CVar settings loaded from the selected device profile: [Windows]
[2017.07.10-08.56.09:160][  0]LogInit: Computer: TOKEPI
[2017.07.10-08.56.09:160][  0]LogInit: User: LloydPhillips
[2017.07.10-08.56.09:160][  0]LogInit: CPU Page size=65536, Cores=4
[2017.07.10-08.56.09:160][  0]LogInit: High frequency timer resolution =3.330091 MHz
[2017.07.10-08.56.09:161][  0]LogMemory: Memory total: Physical=7.9GB (8GB approx)
[2017.07.10-08.56.09:161][  0]LogMemory: Platform Memory Stats for Windows
[2017.07.10-08.56.09:161][  0]LogMemory: Process Physical Memory: 195.32 MB used, 195.32 MB peak
[2017.07.10-08.56.09:161][  0]LogMemory: Process Virtual Memory: 195.30 MB used, 195.30 MB peak
[2017.07.10-08.56.09:161][  0]LogMemory: Physical Memory: 4414.41 MB used, 8135.61 MB total
[2017.07.10-08.56.09:161][  0]LogMemory: Virtual Memory: 590.48 MB used, 134217728.00 MB total
[2017.07.10-08.56.09:409][  0]LogTextLocalizationManager: No specific translations for ('en-US') exist, so ('en') translations will be used.
[2017.07.10-08.56.09:829][  0]LogD3D11RHI: D3D11 adapters:
[2017.07.10-08.56.10:378][  0]LogD3D11RHI:    0. 'NVIDIA GeForce GTX 660' (Feature Level 11_0)
[2017.07.10-08.56.10:378][  0]LogD3D11RHI:       2016/0/4067 MB DedicatedVideo/DedicatedSystem/SharedSystem, Outputs:2, VendorId:0x10de
[2017.07.10-08.56.10:382][  0]LogD3D11RHI:    1. 'Microsoft Basic Render Driver' (Feature Level 11_0)
[2017.07.10-08.56.10:382][  0]LogD3D11RHI:       0/0/4067 MB DedicatedVideo/DedicatedSystem/SharedSystem, Outputs:0, VendorId:0x1414
[2017.07.10-08.56.10:382][  0]LogD3D11RHI: Chosen D3D11 Adapter: 0
[2017.07.10-08.56.10:391][  0]LogD3D11RHI: Creating new Direct3DDevice
[2017.07.10-08.56.10:392][  0]LogD3D11RHI:     GPU DeviceId: 0x11c0 (for the marketing name, search the web for "GPU Device Id")
[2017.07.10-08.56.10:392][  0]LogWindows: EnumDisplayDevices:
[2017.07.10-08.56.10:392][  0]LogWindows:    0. 'NVIDIA GeForce GTX 660' (P:1 D:1)
[2017.07.10-08.56.10:392][  0]LogWindows:    1. 'NVIDIA GeForce GTX 660' (P:0 D:1)
[2017.07.10-08.56.10:393][  0]LogWindows:    2. 'NVIDIA GeForce GTX 660' (P:0 D:0)
[2017.07.10-08.56.10:393][  0]LogWindows:    3. 'NVIDIA GeForce GTX 660' (P:0 D:0)
[2017.07.10-08.56.10:393][  0]LogWindows: DebugString: FoundDriverCount:4 
[2017.07.10-08.56.10:393][  0]LogD3D11RHI:     Adapter Name: NVIDIA GeForce GTX 660
[2017.07.10-08.56.10:394][  0]LogD3D11RHI:   Driver Version: 382.33 (internal:22.21.13.8233, unified:382.33)
[2017.07.10-08.56.10:394][  0]LogD3D11RHI:      Driver Date: 5-17-2017
[2017.07.10-08.56.10:394][  0]LogRHI: Texture pool is 1361 MB (70% of 1945 MB)
[2017.07.10-08.56.10:915][  0]LogD3D11RHI: Async texture creation enabled
[2017.07.10-08.56.11:086][  0]LogD3D11RHI: GPU Timing Frequency: 1000.000000 (Debug: 2 2)
[2017.07.10-08.56.11:097][  0]LogShaderCompilers: Guid format shader working directory is -12 characters bigger than the processId version (G:/University Work/Masters/MastersProject/MastersProject/Ava/Intermediate/Shaders/WorkingDirectory/14156/).
[2017.07.10-08.56.11:097][  0]LogShaderCompilers: Cleaned the shader compiler working directory 'C:/Users/LLOYDP~1/AppData/Local/Temp/UnrealShaderWorkingDir/9BD4872C49E43FC6C558348B09A3DC98/'.
[2017.07.10-08.56.11:098][  0]LogShaderCompilers:Display: Using Local Shader Compiler.
[2017.07.10-08.56.13:127][  0]LogTemp:Display: Loaded TP WindowsClientTargetPlatform
[2017.07.10-08.56.13:137][  0]LogTemp:Display: Loaded TP WindowsNoEditorTargetPlatform
[2017.07.10-08.56.13:147][  0]LogTemp:Display: Loaded TP WindowsServerTargetPlatform
[2017.07.10-08.56.13:158][  0]LogTemp:Display: Loaded TP WindowsTargetPlatform
[2017.07.10-08.56.13:158][  0]LogTargetPlatformManager:Display: Building Assets For Windows
[2017.07.10-08.56.13:372][  0]LogDerivedDataCache:Display: Max Cache Size: 512 MB
[2017.07.10-08.56.13:747][  0]LogDerivedDataCache: Loaded boot cache 0.37s 48MB C:/Users/Lloyd Phillips/AppData/Local/UnrealEngine/4.12/DerivedDataCache/Boot.ddc.
[2017.07.10-08.56.13:747][  0]LogDerivedDataCache:Display: Loaded Boot cache: C:/Users/Lloyd Phillips/AppData/Local/UnrealEngine/4.12/DerivedDataCache/Boot.ddc
[2017.07.10-08.56.13:748][  0]LogDerivedDataCache: FDerivedDataBackendGraph:  Pak pak cache file G:/University Work/Masters/MastersProject/MastersProject/Ava/DerivedDataCache/DDC.ddp not found, will not use a pak cache.
[2017.07.10-08.56.13:748][  0]LogDerivedDataCache: Unable to find inner node Pak for hierarchical cache Hierarchy.
[2017.07.10-08.56.13:748][  0]LogDerivedDataCache: FDerivedDataBackendGraph:  CompressedPak pak cache file G:/University Work/Masters/MastersProject/MastersProject/Ava/DerivedDataCache/Compressed.ddp not found, will not use a pak cache.
[2017.07.10-08.56.13:748][  0]LogDerivedDataCache: Unable to find inner node CompressedPak for hierarchical cache Hierarchy.
[2017.07.10-08.56.13:800][  0]LogDerivedDataCache:Display: Pak cache opened for reading ../../../Engine/DerivedDataCache/Compressed.ddp.
[2017.07.10-08.56.13:813][  0]LogDerivedDataCache: Using Local data cache path C:/Users/Lloyd Phillips/AppData/Local/UnrealEngine/Common/DerivedDataCache: Writable
[2017.07.10-08.56.15:411][  0]LogAssetRegistry: FAssetRegistry took 0.0021 seconds to start up
[2017.07.10-08.56.15:444][  0]LogPackageLocalizationCache: Processed 3 localized package path(s) for 2 prioritized culture(s) in 0.030376 seconds
[2017.07.10-08.56.15:472][  0]LogInit: Selected Device Profile: [Windows]
[2017.07.10-08.56.15:478][  0]LogContentStreaming: Texture pool size is 1000.00 MB
[2017.07.10-08.56.15:930][  0]LogMeshUtilities: No automatic mesh reduction module available
[2017.07.10-08.56.15:930][  0]LogMeshUtilities: No automatic mesh merging module available
[2017.07.10-08.56.15:930][  0]LogMeshUtilities: No distributed automatic mesh merging module available
[2017.07.10-08.56.16:703][  0]LogInit: WinSock: version 1.1 (2.2), MaxSocks=32767, MaxUdp=65467
[2017.07.10-08.56.17:542][  0]LogSlate: SlateFontCache - WITH_FREETYPE: 1, WITH_HARFBUZZ: 1
[2017.07.10-08.56.17:542][  0]LogSlate: SlateFontCache - WITH_FREETYPE: 1, WITH_HARFBUZZ: 1
[2017.07.10-08.56.17:923][  0]LogMoviePlayer: Initializing movie player
[2017.07.10-08.56.18:079][  0]LogWindowsMoviePlayer: Unable to load movie: G:/University Work/Masters/MastersProject/MastersProject/Ava/Content/Movies/Default_Startup.mp4
[2017.07.10-08.56.18:297][  0]SourceControl: Info Source control is disabled
[2017.07.10-08.56.18:297][  0]SourceControl: Info Source control is disabled
[2017.07.10-08.56.18:313][  0]SourceControl: Info Source control is disabled
[2017.07.10-08.56.18:487][  0]LogUObjectArray: 31011 objects as part of root set at end of initial load.
[2017.07.10-08.56.18:487][  0]LogUObjectAllocator: 6733776 out of 0 bytes used by permanent object pool.
[2017.07.10-08.56.18:487][  0]LogUObjectArray: CloseDisregardForGC: 0/0 objects in disregard for GC pool
[2017.07.10-08.56.18:684][  0]LogEngine: Initializing Engine...
[2017.07.10-08.56.18:734][  0]LogHMD: SteamVR failed to initialize.  Err: 110
[2017.07.10-08.56.18:736][  0]LogHMD: SteamVR failed to initialize.  Err: 110
[2017.07.10-08.56.18:993][  0]LogInit: XAudio2 using 'BenQ GL2450H-4 (NVIDIA High Definition Audio)' : 2 channels at 48 kHz using 16 bits per sample (channel mask 0x3)
[2017.07.10-08.56.19:069][  0]LogInit: FAudioDevice initialized.
[2017.07.10-08.56.19:097][  0]LogDerivedDataCache: Saved boot cache 0.03s 48MB C:/Users/Lloyd Phillips/AppData/Local/UnrealEngine/4.12/DerivedDataCache/Boot.ddc.
[2017.07.10-08.56.19:103][  0]LogInit: Texture streaming: Enabled
[2017.07.10-08.56.19:650][  0]LogNet: Browse: /Game/Ava/Maps/MainMenu?Name=Player
[2017.07.10-08.56.19:653][  0]LogLoad: LoadMap: /Game/Ava/Maps/MainMenu?Name=Player
[2017.07.10-08.56.19:733][  0]LogMemory: Platform Memory Stats for Windows
[2017.07.10-08.56.19:733][  0]LogMemory: Process Physical Memory: 570.88 MB used, 600.62 MB peak
[2017.07.10-08.56.19:733][  0]LogMemory: Process Virtual Memory: 617.12 MB used, 648.92 MB peak
[2017.07.10-08.56.19:733][  0]LogMemory: Physical Memory: 4808.70 MB used, 8135.61 MB total
[2017.07.10-08.56.19:733][  0]LogMemory: Virtual Memory: 1267.54 MB used, 134217728.00 MB total
[2017.07.10-08.56.19:733][  0]LogMemory: 
[2017.07.10-08.56.19:733][  0]Allocator Stats for TBB: (not implemented)
[2017.07.10-08.56.19:734][  0]LogLinker:Warning: CreateExport: Failed to load Parent for WidgetBlueprintGeneratedClass /Game/Ava/MainMenuBP.MainMenuBP_C
[2017.07.10-08.56.19:734][  0]LogLinker:Warning: CreateExport: Failed to load Parent for WidgetBlueprintGeneratedClass /Game/Ava/MainMenuBP.MainMenuBP_C
[2017.07.10-08.56.19:734][  0]LogLinker:Warning: CreateExport: Failed to load Parent for WidgetBlueprintGeneratedClass /Game/Ava/MainMenuBP.MainMenuBP_C
[2017.07.10-08.56.19:734][  0]LogLinker:Warning: CreateExport: Failed to load Parent for WidgetBlueprintGeneratedClass /Game/Ava/MainMenuBP.MainMenuBP_C
[2017.07.10-08.56.19:735][  0]LogLinker:Warning: CreateExport: Failed to load Parent for WidgetBlueprintGeneratedClass /Game/Ava/MainMenuBP.MainMenuBP_C
[2017.07.10-08.56.19:735][  0]LogLinker:Warning: CreateExport: Failed to load Parent for WidgetBlueprintGeneratedClass /Game/Ava/MainMenuBP.MainMenuBP_C
[2017.07.10-08.56.19:735][  0]LogLinker:Warning: CreateExport: Failed to load Parent for WidgetBlueprintGeneratedClass /Game/Ava/MainMenuBP.MainMenuBP_C
[2017.07.10-08.56.19:735][  0]LogLinker:Warning: CreateExport: Failed to load Parent for WidgetBlueprintGeneratedClass /Game/Ava/MainMenuBP.MainMenuBP_C
[2017.07.10-08.56.19:735][  0]LogLinker:Warning: CreateExport: Failed to load Parent for WidgetBlueprintGeneratedClass /Game/Ava/MainMenuBP.MainMenuBP_C
[2017.07.10-08.56.19:735][  0]LogLinker:Warning: CreateExport: Failed to load Parent for WidgetBlueprintGeneratedClass /Game/Ava/MainMenuBP.MainMenuBP_C
[2017.07.10-08.56.19:735][  0]LogLinker:Warning: CreateExport: Failed to load Parent for WidgetBlueprintGeneratedClass /Game/Ava/MainMenuBP.MainMenuBP_C
[2017.07.10-08.56.19:735][  0]LogLinker:Warning: CreateExport: Failed to load Parent for WidgetBlueprintGeneratedClass /Game/Ava/MainMenuBP.MainMenuBP_C
[2017.07.10-08.56.19:735][  0]LogLinker:Warning: CreateExport: Failed to load Parent for WidgetBlueprintGeneratedClass /Game/Ava/MainMenuBP.MainMenuBP_C
[2017.07.10-08.56.19:736][  0]LogLinker:Warning: CreateExport: Failed to load Parent for WidgetBlueprintGeneratedClass /Game/Ava/MainMenuBP.MainMenuBP_C
[2017.07.10-08.56.19:736][  0]LogLinker:Warning: CreateExport: Failed to load Parent for WidgetBlueprintGeneratedClass /Game/Ava/MainMenuBP.MainMenuBP_C
[2017.07.10-08.56.19:738][  0]LogLinker:Warning: CreateExport: Failed to load Parent for WidgetBlueprintGeneratedClass /Game/Ava/MainMenuBP.MainMenuBP_C
[2017.07.10-08.56.19:738][  0]LogLinker:Warning: CreateExport: Failed to load Parent for WidgetBlueprintGeneratedClass /Game/Ava/MainMenuBP.MainMenuBP_C
[2017.07.10-08.56.19:740][  0]LogLinker:Warning: CreateExport: Failed to load Parent for WidgetBlueprintGeneratedClass /Game/Ava/MainMenuBP.MainMenuBP_C
[2017.07.10-08.56.19:740][  0]LogLinker:Warning: CreateExport: Failed to load Parent for WidgetBlueprintGeneratedClass /Game/Ava/MainMenuBP.MainMenuBP_C
[2017.07.10-08.56.19:772][  0]LogBlueprint:Error: Compiler Error Spawn node  Create Widget  must have a class specified.
[2017.07.10-08.56.19:776][  0]LogBlueprint:Warning: Compiler Warning [0013.87] Compile of PersistentLevel.MainMenu failed. 1 Fatal Issue(s) 0 Warning(s) [in 6 ms] (/Game/Ava/Maps/MainMenu.MainMenu:PersistentLevel.MainMenu)
[2017.07.10-08.56.19:777][  0]LogBlueprint:Warning: Compiler Warning [0013.87] Compile of PersistentLevel.MainMenu failed. 1 Fatal Issue(s) 1 Warning(s) [in 0 ms] (/Game/Ava/Maps/MainMenu.MainMenu:PersistentLevel.MainMenu)
[2017.07.10-08.56.19:777][  0]LogBlueprint:Warning: Compiler Warning [0013.87] Compile of PersistentLevel.MainMenu failed. 1 Fatal Issue(s) 2 Warning(s) [in 0 ms] (/Game/Ava/Maps/MainMenu.MainMenu:PersistentLevel.MainMenu)
[2017.07.10-08.56.19:780][  0]LogLinker:Warning: CreateExport: Failed to load Parent for WidgetBlueprintGeneratedClass /Game/Ava/MainMenuBP.MainMenuBP_C
[2017.07.10-08.56.19:780][  0]LogLinker:Warning: CreateExport: Failed to load Parent for WidgetBlueprintGeneratedClass /Game/Ava/MainMenuBP.MainMenuBP_C
[2017.07.10-08.56.19:780][  0]LogLinker:Warning: CreateExport: Failed to load Parent for WidgetBlueprintGeneratedClass /Game/Ava/MainMenuBP.MainMenuBP_C
[2017.07.10-08.56.19:838][  0]LogLinker:Warning: CreateExport: Failed to load Parent for WidgetBlueprintGeneratedClass /Game/Ava/MainMenuBP.MainMenuBP_C
[2017.07.10-08.56.19:838][  0]LogLinker:Warning: CreateExport: Failed to load Parent for WidgetBlueprintGeneratedClass /Game/Ava/MainMenuBP.MainMenuBP_C
[2017.07.10-08.56.19:889][  0]LogTexture:Display: Building textures: Menu_Blank (AutoDXT)
[2017.07.10-08.56.20:352][  0]LogTexture:Display: Building textures: Controls (AutoDXT)
[2017.07.10-08.56.20:637][  0]LogAIModule: Creating AISystem for world MainMenu
[2017.07.10-08.56.20:637][  0]LogWorld: Game class is 'AvaGameMode'
[2017.07.10-08.56.20:644][  0]LogTexture:Display: Building textures: BadBlueprintSprite (BGRA8)
[2017.07.10-08.56.20:647][  0]LogWorld: Bringing World /Game/Ava/Maps/MainMenu.MainMenu up for play (max tick rate 0) at 2017.07.10-09.56.20
[2017.07.10-08.56.20:650][  0]LogWorld: Bringing up level for play took: 0.012337
[2017.07.10-08.56.20:657][  0]LogGameMode: Warning - PATHS NOT DEFINED or NO PLAYERSTART with positive rating
[2017.07.10-08.56.20:679][  0]LogLoad: Took 1.026094 seconds to LoadMap(/Game/Ava/Maps/MainMenu)
[2017.07.10-08.56.20:679][  0]LogInit:Display: Game Engine Initialized.
[2017.07.10-08.56.20:997][  0]LogLoad: Full Startup: 15.09 seconds (BP compile: 0.11 seconds)
[2017.07.10-08.56.20:998][  0]LogExternalProfiler: Found external profiler: VSPerf
[2017.07.10-08.56.20:998][  0]LogExternalProfiler: Using external profiler: VSPerf
[2017.07.10-08.56.21:019][  0]LogWindowsTextInputMethodSystem:Display: IME system now deactivated.
[2017.07.10-08.56.21:019][  0]LogOcInput: OculusInput pre-init called
[2017.07.10-08.56.21:020][  0]LoadErrors:Warning: Warning CreateExport: Failed to load Outer for resource 'Quit': WidgetBlueprintGeneratedClass /Game/Ava/MainMenuBP.MainMenuBP_C
[2017.07.10-08.56.21:021][  0]LoadErrors:Warning: Warning CreateExport: Failed to load Outer for resource 'Play': WidgetBlueprintGeneratedClass /Game/Ava/MainMenuBP.MainMenuBP_C
[2017.07.10-08.56.21:021][  0]LoadErrors:Warning: Warning CreateExport: Failed to load Outer for resource 'MainMenu': WidgetBlueprintGeneratedClass /Game/Ava/MainMenuBP.MainMenuBP_C
[2017.07.10-08.56.21:021][  0]LoadErrors:Warning: Warning CreateExport: Failed to load Outer for resource 'ControlsI': WidgetBlueprintGeneratedClass /Game/Ava/MainMenuBP.MainMenuBP_C
[2017.07.10-08.56.21:021][  0]LoadErrors:Warning: Warning CreateExport: Failed to load Outer for resource 'Controls': WidgetBlueprintGeneratedClass /Game/Ava/MainMenuBP.MainMenuBP_C
[2017.07.10-08.56.21:021][  0]LoadErrors:Warning: Warning CreateExport: Failed to load Outer for resource 'Background': WidgetBlueprintGeneratedClass /Game/Ava/MainMenuBP.MainMenuBP_C
[2017.07.10-08.56.21:021][  0]LoadErrors:Warning: Warning CreateExport: Failed to load Outer for resource 'ExecuteUbergraph_MainMenuBP': WidgetBlueprintGeneratedClass /Game/Ava/MainMenuBP.MainMenuBP_C
[2017.07.10-08.56.21:021][  0]LoadErrors:Warning: Warning CreateExport: Failed to load Outer for resource 'K2Node_Event_InDeltaTime': Function /Game/Ava/MainMenuBP.MainMenuBP_C:ExecuteUbergraph_MainMenuBP
[2017.07.10-08.56.21:021][  0]LoadErrors:Warning: Warning CreateExport: Failed to load Outer for resource 'K2Node_Event_MyGeometry': Function /Game/Ava/MainMenuBP.MainMenuBP_C:ExecuteUbergraph_MainMenuBP
[2017.07.10-08.56.21:021][  0]LoadErrors:Warning: Warning CreateExport: Failed to load Outer for resource 'CallFunc_Not_PreBool_ReturnValue': Function /Game/Ava/MainMenuBP.MainMenuBP_C:ExecuteUbergraph_MainMenuBP
[2017.07.10-08.56.21:021][  0]LoadErrors:Warning: Warning CreateExport: Failed to load Outer for resource 'Temp_bool_Variable': Function /Game/Ava/MainMenuBP.MainMenuBP_C:ExecuteUbergraph_MainMenuBP
[2017.07.10-08.56.21:021][  0]LoadErrors:Warning: Warning CreateExport: Failed to load Outer for resource 'EntryPoint': Function /Game/Ava/MainMenuBP.MainMenuBP_C:ExecuteUbergraph_MainMenuBP
[2017.07.10-08.56.21:021][  0]LoadErrors:Warning: Warning CreateExport: Failed to load Outer for resource 'BndEvt__Controls_K2Node_ComponentBoundEvent_5_OnButtonClickedEvent__DelegateSignature': WidgetBlueprintGeneratedClass /Game/Ava/MainMenuBP.MainMenuBP_C
[2017.07.10-08.56.21:021][  0]LoadErrors:Warning: Warning CreateExport: Failed to load Outer for resource 'BndEvt__Play_K2Node_ComponentBoundEvent_0_OnButtonClickedEvent__DelegateSignature': WidgetBlueprintGeneratedClass /Game/Ava/MainMenuBP.MainMenuBP_C
[2017.07.10-08.56.21:021][  0]LoadErrors:Warning: Warning CreateExport: Failed to load Outer for resource 'Tick': WidgetBlueprintGeneratedClass /Game/Ava/MainMenuBP.MainMenuBP_C
[2017.07.10-08.56.21:021][  0]LoadErrors:Warning: Warning CreateExport: Failed to load Outer for resource 'InDeltaTime': Function /Game/Ava/MainMenuBP.MainMenuBP_C:Tick
[2017.07.10-08.56.21:021][  0]LoadErrors:Warning: Warning CreateExport: Failed to load Outer for resource 'MyGeometry': Function /Game/Ava/MainMenuBP.MainMenuBP_C:Tick
[2017.07.10-08.56.21:021][  0]LoadErrors:Warning: Warning CreateExport: Failed to load Outer for resource 'UberGraphFrame': WidgetBlueprintGeneratedClass /Game/Ava/MainMenuBP.MainMenuBP_C
[2017.07.10-08.56.21:021][  0]LoadErrors:Warning: Warning CreateExport: Failed to load Outer for resource 'WidgetTree': WidgetBlueprintGeneratedClass /Game/Ava/MainMenuBP.MainMenuBP_C
[2017.07.10-08.56.21:021][  0]LoadErrors:Warning: Warning CreateExport: Failed to load Outer for resource 'Controls': WidgetTree /Game/Ava/MainMenuBP.MainMenuBP_C:WidgetTree
[2017.07.10-08.56.21:021][  0]LoadErrors:Warning: Warning CreateExport: Failed to load Outer for resource 'Play': WidgetTree /Game/Ava/MainMenuBP.MainMenuBP_C:WidgetTree
[2017.07.10-08.56.21:021][  0]LoadErrors:Warning: Warning CreateExport: Failed to load Outer for resource 'Quit': WidgetTree /Game/Ava/MainMenuBP.MainMenuBP_C:WidgetTree
[2017.07.10-08.56.21:021][  0]LoadErrors:Warning: Warning CreateExport: Failed to load Outer for resource 'ButtonSlot_0': Button /Game/Ava/MainMenuBP.MainMenuBP_C:WidgetTree.Controls
[2017.07.10-08.56.21:021][  0]LoadErrors:Warning: Warning CreateExport: Failed to load Outer for resource 'ButtonSlot_0': Button /Game/Ava/MainMenuBP.MainMenuBP_C:WidgetTree.Play
[2017.07.10-08.56.21:021][  0]LoadErrors:Warning: Warning CreateExport: Failed to load Outer for resource 'ButtonSlot_0': Button /Game/Ava/MainMenuBP.MainMenuBP_C:WidgetTree.Quit
[2017.07.10-08.56.21:021][  0]LoadErrors:Warning: Warning CreateExport: Failed to load Outer for resource 'CanvasPanel_0': WidgetTree /Game/Ava/MainMenuBP.MainMenuBP_C:WidgetTree
[2017.07.10-08.56.21:021][  0]LoadErrors:Warning: Warning CreateExport: Failed to load Outer for resource 'CanvasPanelSlot_0': CanvasPanel /Game/Ava/MainMenuBP.MainMenuBP_C:WidgetTree.CanvasPanel_0
[2017.07.10-08.56.21:021][  0]LoadErrors:Warning: Warning CreateExport: Failed to load Outer for resource 'CanvasPanelSlot_1': CanvasPanel /Game/Ava/MainMenuBP.MainMenuBP_C:WidgetTree.CanvasPanel_0
[2017.07.10-08.56.21:021][  0]LoadErrors:Warning: Warning CreateExport: Failed to load Outer for resource 'CanvasPanelSlot_3': CanvasPanel /Game/Ava/MainMenuBP.MainMenuBP_C:WidgetTree.CanvasPanel_0
[2017.07.10-08.56.21:021][  0]LoadErrors:Warning: Warning CreateExport: Failed to load Outer for resource 'ComponentDelegateBinding_6': WidgetBlueprintGeneratedClass /Game/Ava/MainMenuBP.MainMenuBP_C
[2017.07.10-08.56.21:021][  0]LoadErrors:Warning: Warning CreateExport: Failed to load Outer for resource 'Background': WidgetTree /Game/Ava/MainMenuBP.MainMenuBP_C:WidgetTree
[2017.07.10-08.56.21:021][  0]LoadErrors:Warning: Warning CreateExport: Failed to load Outer for resource 'ControlsI': WidgetTree /Game/Ava/MainMenuBP.MainMenuBP_C:WidgetTree
[2017.07.10-08.56.21:021][  0]LoadErrors:Warning: Warning CreateExport: Failed to load Outer for resource 'TextBlock_0': WidgetTree /Game/Ava/MainMenuBP.MainMenuBP_C:WidgetTree
[2017.07.10-08.56.21:021][  0]LoadErrors:Warning: Warning CreateExport: Failed to load Outer for resource 'TextBlock_1': WidgetTree /Game/Ava/MainMenuBP.MainMenuBP_C:WidgetTree
[2017.07.10-08.56.21:021][  0]LoadErrors:Warning: Warning CreateExport: Failed to load Outer for resource 'TextBlock_2': WidgetTree /Game/Ava/MainMenuBP.MainMenuBP_C:WidgetTree
[2017.07.10-08.56.21:021][  0]LoadErrors:Warning: Warning CreateExport: Failed to load Outer for resource 'MainMenu': WidgetTree /Game/Ava/MainMenuBP.MainMenuBP_C:WidgetTree
[2017.07.10-08.56.21:021][  0]LoadErrors:Warning: Warning CreateExport: Failed to load Outer for resource 'VerticalBoxSlot_0': VerticalBox /Game/Ava/MainMenuBP.MainMenuBP_C:WidgetTree.MainMenu
[2017.07.10-08.56.21:021][  0]LoadErrors:Warning: Warning CreateExport: Failed to load Outer for resource 'VerticalBoxSlot_1': VerticalBox /Game/Ava/MainMenuBP.MainMenuBP_C:WidgetTree.MainMenu
[2017.07.10-08.56.21:021][  0]LoadErrors:Warning: Warning CreateExport: Failed to load Outer for resource 'VerticalBoxSlot_2': VerticalBox /Game/Ava/MainMenuBP.MainMenuBP_C:WidgetTree.MainMenu
[2017.07.10-08.56.21:155][  2]LogRenderer: Reallocating scene render targets to support 1920x1080 (Frame:2).
[2017.07.10-08.58.15:758][ 88]LogWindowsTextInputMethodSystem:Display: IME system now deactivated.
[2017.07.10-08.58.15:769][ 88]LogEngine: All Windows Closed
[2017.07.10-08.58.15:769][ 88]LogWindows: FPlatformMisc::RequestExit(0)
[2017.07.10-08.58.15:771][ 89]LogMoviePlayer: Shutting down movie player
[2017.07.10-08.58.16:823][ 89]LogExit: Preparing to exit.
[2017.07.10-08.58.16:941][ 89]LogExit: Game engine shut down
[2017.07.10-08.58.17:153][ 89]LogObj: Freed 0b from 0 cluster array pools.
[2017.07.10-08.58.17:154][ 89]LogExit: Object subsystem successfully closed.
[2017.07.10-08.58.17:191][ 89]LogD3D11RHI: Shutdown
[2017.07.10-08.58.17:191][ 89]LogD3D11RHI: CleanupD3DDevice
[2017.07.10-08.58.17:263][ 89]LogD3D11RHI: ~FD3D11DynamicRHI
[2017.07.10-08.58.17:310][ 89]LogModuleManager: Shutting down and abandoning module SequenceRecorderSections (113)
[2017.07.10-08.58.17:310][ 89]LogModuleManager: Shutting down and abandoning module SequenceRecorder (112)
[2017.07.10-08.58.17:312][ 89]LogModuleManager: Shutting down and abandoning module AutomationController (111)
[2017.07.10-08.58.17:313][ 89]LogModuleManager: Shutting down and abandoning module AutomationWorker (110)
[2017.07.10-08.58.17:313][ 89]LogModuleManager: Shutting down and abandoning module CharacterAI (109)
[2017.07.10-08.58.17:313][ 89]LogModuleManager: Shutting down and abandoning module SessionServices (108)
[2017.07.10-08.58.17:313][ 89]LogModuleManager: Shutting down and abandoning module GameplayDebugger (107)
[2017.07.10-08.58.17:314][ 89]LogModuleManager: Shutting down and abandoning module AITestSuite (106)
[2017.07.10-08.58.17:314][ 89]LogModuleManager: Shutting down and abandoning module AIModule (105)
[2017.07.10-08.58.17:314][ 89]LogModuleManager: Shutting down and abandoning module MovieSceneCapture (104)
[2017.07.10-08.58.17:314][ 89]LogModuleManager: Shutting down and abandoning module StreamingPauseRendering (103)
[2017.07.10-08.58.17:314][ 89]LogModuleManager: Shutting down and abandoning module PortalServices (102)
[2017.07.10-08.58.17:314][ 89]LogModuleManager: Shutting down and abandoning module PortalRpc (101)
[2017.07.10-08.58.17:314][ 89]LogModuleManager: Shutting down and abandoning module MessagingRpc (100)
[2017.07.10-08.58.17:314][ 89]LogModuleManager: Shutting down and abandoning module ProfilerService (99)
[2017.07.10-08.58.17:422][ 89]LogModuleManager: Shutting down and abandoning module TaskGraph (98)
[2017.07.10-08.58.17:425][ 89]LogModuleManager: Shutting down and abandoning module SlateRemote (97)
[2017.07.10-08.58.17:426][ 89]LogModuleManager: Shutting down and abandoning module SteamVRController (96)
[2017.07.10-08.58.17:426][ 89]LogModuleManager: Shutting down and abandoning module SteamVR (95)
[2017.07.10-08.58.17:426][ 89]LogModuleManager: Shutting down and abandoning module ProceduralMeshComponent (94)
[2017.07.10-08.58.17:426][ 89]LogModuleManager: Shutting down and abandoning module OculusLibrary (93)
[2017.07.10-08.58.17:426][ 89]LogModuleManager: Shutting down and abandoning module OculusInput (92)
[2017.07.10-08.58.17:426][ 89]LogModuleManager: Shutting down and abandoning module CustomMeshComponent (91)
[2017.07.10-08.58.17:426][ 89]LogModuleManager: Shutting down and abandoning module CableComponent (90)
[2017.07.10-08.58.17:426][ 89]LogModuleManager: Shutting down and abandoning module ArchVisCharacter (89)
[2017.07.10-08.58.17:426][ 89]LogModuleManager: Shutting down and abandoning module HTML5Networking (88)
[2017.07.10-08.58.17:426][ 89]LogModuleManager: Shutting down and abandoning module DesktopPlatform (87)
[2017.07.10-08.58.17:426][ 89]LogModuleManager: Shutting down and abandoning module DirectoryWatcher (86)
[2017.07.10-08.58.17:428][ 89]LogModuleManager: Shutting down and abandoning module HotReload (85)
[2017.07.10-08.58.17:428][ 89]LogModuleManager: Shutting down and abandoning module VisualStudioSourceCodeAccess (84)
[2017.07.10-08.58.17:428][ 89]LogModuleManager: Shutting down and abandoning module UObjectPlugin (83)
[2017.07.10-08.58.17:429][ 89]LogModuleManager: Shutting down and abandoning module SubversionSourceControl (82)
[2017.07.10-08.58.17:430][ 89]LogModuleManager: Shutting down and abandoning module SourceControl (81)
[2017.07.10-08.58.17:432][ 89]LogModuleManager: Shutting down and abandoning module PerforceSourceControl (80)
[2017.07.10-08.58.17:433][ 89]LogModuleManager: Shutting down and abandoning module Ava (79)
[2017.07.10-08.58.17:433][ 89]LogModuleManager: Shutting down and abandoning module UdpMessaging (78)
[2017.07.10-08.58.17:434][ 89]LogModuleManager: Shutting down and abandoning module LightPropagationVolumeRuntime (77)
[2017.07.10-08.58.17:434][ 89]LogModuleManager: Shutting down and abandoning module Paper2D (76)
[2017.07.10-08.58.17:434][ 89]LogModuleManager: Shutting down and abandoning module WindowsMoviePlayer (75)
[2017.07.10-08.58.17:434][ 89]LogModuleManager: Shutting down and abandoning module Media (74)
[2017.07.10-08.58.17:434][ 89]LogModuleManager: Shutting down and abandoning module WmfMedia (73)
[2017.07.10-08.58.17:435][ 89]LogModuleManager: Shutting down and abandoning module MediaAssets (72)
[2017.07.10-08.58.17:435][ 89]LogModuleManager: Shutting down and abandoning module GameLiveStreaming (71)
[2017.07.10-08.58.17:435][ 89]LogModuleManager: Shutting down and abandoning module GameplayTagsEditor (70)
[2017.07.10-08.58.17:435][ 89]LogModuleManager: Shutting down and abandoning module OnlineBlueprintSupport (69)
[2017.07.10-08.58.17:435][ 89]LogModuleManager: Shutting down and abandoning module VREditor (68)
[2017.07.10-08.58.17:438][ 89]LogModuleManager: Shutting down and abandoning module GameplayTasksEditor (67)
[2017.07.10-08.58.17:438][ 89]LogModuleManager: Shutting down and abandoning module PropertyEditor (66)
[2017.07.10-08.58.17:441][ 89]LogModuleManager: Shutting down and abandoning module BehaviorTreeEditor (65)
[2017.07.10-08.58.17:443][ 89]LogModuleManager: Shutting down and abandoning module FunctionalTesting (64)
[2017.07.10-08.58.17:443][ 89]LogModuleManager: Shutting down and abandoning module CollisionAnalyzer (63)
[2017.07.10-08.58.17:445][ 89]LogModuleManager: Shutting down and abandoning module Sequencer (62)
[2017.07.10-08.58.17:448][ 89]LogModuleManager: Shutting down and abandoning module WorkspaceMenuStructure (61)
[2017.07.10-08.58.17:448][ 89]LogModuleManager: Shutting down and abandoning module MessageLog (60)
[2017.07.10-08.58.17:449][ 89]LogModuleManager: Shutting down and abandoning module AssetTools (59)
[2017.07.10-08.58.17:453][ 89]LogModuleManager: Shutting down and abandoning module UMGEditor (58)
[2017.07.10-08.58.17:455][ 89]LogModuleManager: Shutting down and abandoning module UMG (57)
[2017.07.10-08.58.17:456][ 89]LogModuleManager: Shutting down and abandoning module SlateReflector (56)
[2017.07.10-08.58.17:459][ 89]LogModuleManager: Shutting down and abandoning module Slate (55)
[2017.07.10-08.58.17:460][ 89]LogModuleManager: Shutting down and abandoning module EditorStyle (54)
[2017.07.10-08.58.17:465][ 89]LogModuleManager: Shutting down and abandoning module Messaging (53)
[2017.07.10-08.58.17:465][ 89]LogModuleManager: Shutting down and abandoning module SourceCodeAccess (52)
[2017.07.10-08.58.17:465][ 89]LogModuleManager: Shutting down and abandoning module HeadMountedDisplay (51)
[2017.07.10-08.58.17:465][ 89]LogModuleManager: Shutting down and abandoning module XAudio2 (50)
[2017.07.10-08.58.17:465][ 89]LogModuleManager: Shutting down and abandoning module Networking (48)
[2017.07.10-08.58.17:465][ 89]LogModuleManager: Shutting down and abandoning module Core (47)
[2017.07.10-08.58.17:465][ 89]LogModuleManager: Shutting down and abandoning module KismetCompiler (46)
[2017.07.10-08.58.17:465][ 89]LogModuleManager: Shutting down and abandoning module PhysXFormats (45)
[2017.07.10-08.58.17:465][ 89]LogModuleManager: Shutting down and abandoning module MeshUtilities (44)
[2017.07.10-08.58.17:466][ 89]LogModuleManager: Shutting down and abandoning module AssetRegistry (43)
[2017.07.10-08.58.17:468][ 89]LogModuleManager: Shutting down and abandoning module DerivedDataCache (42)
[2017.07.10-08.58.17:507][ 89]LogDerivedDataCache: Shutdown
[2017.07.10-08.58.17:507][ 89]LogModuleManager: Shutting down and abandoning module VulkanShaderFormat (41)
[2017.07.10-08.58.17:508][ 89]LogModuleManager: Shutting down and abandoning module ShaderFormatOpenGL (40)
[2017.07.10-08.58.17:509][ 89]LogModuleManager: Shutting down and abandoning module ShaderFormatD3D (39)
[2017.07.10-08.58.17:509][ 89]LogModuleManager: Shutting down and abandoning module MetalShaderFormat (38)
[2017.07.10-08.58.17:510][ 89]LogModuleManager: Shutting down and abandoning module TextureFormatUncompressed (37)
[2017.07.10-08.58.17:510][ 89]LogModuleManager: Shutting down and abandoning module TextureFormatPVR (36)
[2017.07.10-08.58.17:510][ 89]LogModuleManager: Shutting down and abandoning module TextureFormatIntelISPCTexComp (35)
[2017.07.10-08.58.17:510][ 89]LogModuleManager: Shutting down and abandoning module TextureFormatDXT (34)
[2017.07.10-08.58.17:510][ 89]LogModuleManager: Shutting down and abandoning module ImageWrapper (33)
[2017.07.10-08.58.17:510][ 89]LogModuleManager: Shutting down and abandoning module TextureFormatASTC (32)
[2017.07.10-08.58.17:510][ 89]LogModuleManager: Shutting down and abandoning module TextureFormatAndroid (31)
[2017.07.10-08.58.17:510][ 89]LogModuleManager: Shutting down and abandoning module AudioFormatOpus (30)
[2017.07.10-08.58.17:510][ 89]LogModuleManager: Shutting down and abandoning module AudioFormatOgg (29)
[2017.07.10-08.58.17:510][ 89]LogModuleManager: Shutting down and abandoning module AudioFormatADPCM (28)
[2017.07.10-08.58.17:510][ 89]LogModuleManager: Shutting down and abandoning module WindowsTargetPlatform (27)
[2017.07.10-08.58.17:510][ 89]LogModuleManager: Shutting down and abandoning module WindowsServerTargetPlatform (26)
[2017.07.10-08.58.17:510][ 89]LogModuleManager: Shutting down and abandoning module WindowsNoEditorTargetPlatform (25)
[2017.07.10-08.58.17:510][ 89]LogModuleManager: Shutting down and abandoning module WindowsClientTargetPlatform (24)
[2017.07.10-08.58.17:510][ 89]LogModuleManager: Shutting down and abandoning module TargetPlatform (23)
[2017.07.10-08.58.17:511][ 89]LogModuleManager: Shutting down and abandoning module InputCore (22)
[2017.07.10-08.58.17:511][ 89]LogModuleManager: Shutting down and abandoning module Settings (21)
[2017.07.10-08.58.17:511][ 89]LogModuleManager: Shutting down and abandoning module OnlineSubsystem (19)
[2017.07.10-08.58.17:511][ 89]LogModuleManager: Shutting down and abandoning module HTTP (18)
[2017.07.10-08.58.17:514][ 89]LogModuleManager: Shutting down and abandoning module XMPP (17)
[2017.07.10-08.58.17:516][ 89]LogModuleManager: Shutting down and abandoning module OculusRift (16)
[2017.07.10-08.58.17:517][ 89]LogModuleManager: Shutting down and abandoning module ExampleDeviceProfileSelector (15)
[2017.07.10-08.58.17:517][ 89]LogModuleManager: Shutting down and abandoning module TextureCompressor (14)
[2017.07.10-08.58.17:517][ 89]LogModuleManager: Shutting down and abandoning module ShaderCore (13)
[2017.07.10-08.58.17:517][ 89]LogModuleManager: Shutting down and abandoning module Landscape (12)
[2017.07.10-08.58.17:517][ 89]LogModuleManager: Shutting down and abandoning module SlateRHIRenderer (11)
[2017.07.10-08.58.17:521][ 89]LogModuleManager: Shutting down and abandoning module OpenGLDrv (10)
[2017.07.10-08.58.17:521][ 89]LogModuleManager: Shutting down and abandoning module D3D11RHI (9)
[2017.07.10-08.58.17:521][ 89]LogModuleManager: Shutting down and abandoning module AnimGraphRuntime (8)
[2017.07.10-08.58.17:523][ 89]LogModuleManager: Shutting down and abandoning module Renderer (7)
[2017.07.10-08.58.17:523][ 89]LogModuleManager: Shutting down and abandoning module Engine (6)
[2017.07.10-08.58.17:523][ 89]LogModuleManager: Shutting down and abandoning module CoreUObject (5)
[2017.07.10-08.58.17:523][ 89]LogModuleManager: Shutting down and abandoning module NetworkFile (4)
[2017.07.10-08.58.17:523][ 89]LogModuleManager: Shutting down and abandoning module StreamingFile (3)
[2017.07.10-08.58.17:523][ 89]LogModuleManager: Shutting down and abandoning module SandboxFile (2)
[2017.07.10-08.58.17:523][ 89]LogModuleManager: Shutting down and abandoning module PakFile (1)
[2017.07.10-08.58.17:528][ 89]LogExit: Exiting.
[2017.07.10-08.58.17:531][ 89]Log file closed, 07/10/17 09:58:17
