Log file open, 07/20/17 17:41:18
LogInit:Display: Running engine for game: Ava
LogPlatformFile: Not using cached read wrapper
LogInit:Display: RandInit(-1657390133) SRandInit(-1657390131).
LogTaskGraph: Started task graph with 4 named threads and 9 total threads with 1 sets of task threads.
LogStats: Stats thread started at 0.105813
LogInit: Version: 4.12.5-3039270+++UE4+Release-4.12
LogInit: API Version: 2992821
LogInit: Net Version: 3039270
LogDevObjectVersion: Number of dev versions registered: 13
LogDevObjectVersion:   Dev-Blueprints (B0D832E4-1F89-4F0D-ACCF-7EB736FD4AA2): 3
LogDevObjectVersion:   Dev-Build (E1C64328-A22C-4D53-A36C-8E866417BD8C): 0
LogDevObjectVersion:   Dev-Core (375EC13C-06E4-48FB-B500-84F0262A717E): 1
LogDevObjectVersion:   Dev-Editor (E4B068ED-F494-42E9-A231-DA0B2E46BB41): 2
LogDevObjectVersion:   Dev-Framework (CFFC743F-43B0-4480-9391-14DF171D2073): 6
LogDevObjectVersion:   Dev-Mobile (B02B49B5-BB20-44E9-A304-32B752E40360): 0
LogDevObjectVersion:   Dev-Networking (A4E4105C-59A1-49B5-A7C5-40C4547EDFEE): 0
LogDevObjectVersion:   Dev-Online (39C831C9-5AE6-47DC-9A44-9C173E1C8E7C): 0
LogDevObjectVersion:   Dev-Physics (78F01B33-EBEA-4F98-B9B4-84EACCB95AA2): 0
LogDevObjectVersion:   Dev-Platform (6631380F-2D4D-43E0-8009-CF276956A95A): 0
LogDevObjectVersion:   Dev-Rendering (12F88B9F-8875-4AFC-A67C-D90C383ABD29): 2
LogDevObjectVersion:   Dev-Sequencer (7B5AE74C-D270-4C10-A958-57980B212A5A): 0
LogDevObjectVersion:   Dev-VR (D7296918-1DD6-4BDD-9DE2-64A83CC13884): 0
LogInit: Compiled (64-bit): Jul  6 2016 09:09:46
LogInit: Compiled with Visual C++: 19.00.23026.00
LogInit: Build Configuration: Development
LogInit: Branch Name: ++UE4+Release-4.12
LogInit: Command line:  
LogInit: Base directory: C:/Program Files/Epic Games/4.12/Engine/Binaries/Win64/
LogInit: Installed Engine Build: 1
LogInit: Using libcurl 7.41.0
LogInit:  - built for x86_64-pc-win32
LogInit:  - supports SSL with WinSSL
LogInit:  - other features:
LogInit:      CURL_VERSION_SSL
LogInit:      CURL_VERSION_IPV6
LogInit:      CURL_VERSION_ASYNCHDNS
LogInit:      CURL_VERSION_LARGEFILE
LogInit:      CURL_VERSION_IDN
LogInit:  CurlRequestOptions (configurable via config and command line):
LogInit:  - bVerifyPeer = true  - Libcurl will verify peer certificate
LogInit:  - bUseHttpProxy = false  - Libcurl will NOT use HTTP proxy
LogInit:  - bDontReuseConnections = false  - Libcurl will reuse connections
LogInit:  - CertBundlePath = nullptr  - Libcurl will use whatever was configured at build time.
LogInit: Presizing for max 8388607 objects, including 0 objects not considered by GC, pre-allocating 0 bytes for permanent pool.
LogInit: Object subsystem initialized
[2017.07.20-16.41.18:781][  0]LogInit: Selected Device Profile: [Windows]
[2017.07.20-16.41.18:781][  0]LogInit: Applying CVar settings loaded from the selected device profile: [Windows]
[2017.07.20-16.41.18:791][  0]LogInit: Computer: PC42640
[2017.07.20-16.41.18:791][  0]LogInit: User: i7230020
[2017.07.20-16.41.18:791][  0]LogInit: CPU Page size=65536, Cores=6
[2017.07.20-16.41.18:791][  0]LogInit: High frequency timer resolution =3.410097 MHz
[2017.07.20-16.41.18:791][  0]LogMemory: Memory total: Physical=31.9GB (32GB approx)
[2017.07.20-16.41.18:791][  0]LogMemory: Platform Memory Stats for Windows
[2017.07.20-16.41.18:791][  0]LogMemory: Process Physical Memory: 196.09 MB used, 196.09 MB peak
[2017.07.20-16.41.18:791][  0]LogMemory: Process Virtual Memory: 198.86 MB used, 198.86 MB peak
[2017.07.20-16.41.18:791][  0]LogMemory: Physical Memory: 11714.55 MB used, 32684.15 MB total
[2017.07.20-16.41.18:791][  0]LogMemory: Virtual Memory: 539.58 MB used, 8388608.00 MB total
[2017.07.20-16.41.18:891][  0]LogTextLocalizationManager: No specific translations for ('en-GB') exist, so ('en') translations will be used.
[2017.07.20-16.41.19:315][  0]LogD3D11RHI: D3D11 adapters:
[2017.07.20-16.41.19:338][  0]LogD3D11RHI:    0. 'NVIDIA Quadro M4000' (Feature Level 11_0)
[2017.07.20-16.41.19:338][  0]LogD3D11RHI:       8092/0/16086 MB DedicatedVideo/DedicatedSystem/SharedSystem, Outputs:1, VendorId:0x10de
[2017.07.20-16.41.19:338][  0]LogD3D11RHI: Chosen D3D11 Adapter: 0
[2017.07.20-16.41.19:349][  0]LogD3D11RHI: Creating new Direct3DDevice
[2017.07.20-16.41.19:350][  0]LogD3D11RHI:     GPU DeviceId: 0x13f1 (for the marketing name, search the web for "GPU Device Id")
[2017.07.20-16.41.19:350][  0]LogWindows: EnumDisplayDevices:
[2017.07.20-16.41.19:350][  0]LogWindows:    0. 'NVIDIA Quadro M4000' (P:1 D:1)
[2017.07.20-16.41.19:351][  0]LogWindows:    1. 'NVIDIA Quadro M4000' (P:0 D:0)
[2017.07.20-16.41.19:351][  0]LogWindows:    2. 'NVIDIA Quadro M4000' (P:0 D:0)
[2017.07.20-16.41.19:352][  0]LogWindows:    3. 'NVIDIA Quadro M4000' (P:0 D:0)
[2017.07.20-16.41.19:353][  0]LogWindows:    4. 'RDPDD Chained DD' (P:0 D:0)
[2017.07.20-16.41.19:353][  0]LogWindows:    5. 'RDP Encoder Mirror Driver' (P:0 D:0)
[2017.07.20-16.41.19:353][  0]LogWindows:    6. 'RDP Reflector Display Driver' (P:0 D:0)
[2017.07.20-16.41.19:354][  0]LogWindows: DebugString: GetVideoDriverDetailsInvalid PrimaryIsNotTheChoosenAdapter GetVideoDriverDetailsInvalid PrimaryIsNotTheChoosenAdapter GetVideoDriverDetailsInvalid PrimaryIsNotTheChoosenAdapter FoundDriverCount:4 
[2017.07.20-16.41.19:354][  0]LogD3D11RHI:     Adapter Name: NVIDIA Quadro M4000
[2017.07.20-16.41.19:354][  0]LogD3D11RHI:   Driver Version: 362.13 (internal:10.18.13.6213, unified:362.13)
[2017.07.20-16.41.19:354][  0]LogD3D11RHI:      Driver Date: 3-18-2016
[2017.07.20-16.41.19:354][  0]LogRHI: Texture pool is 1361 MB (70% of 1945 MB)
[2017.07.20-16.41.19:365][  0]LogD3D11RHI: Async texture creation enabled
[2017.07.20-16.41.19:380][  0]LogD3D11RHI: GPU Timing Frequency: 1000.000000 (Debug: 2 2)
[2017.07.20-16.41.19:380][  0]LogShaderCompilers: Guid format shader working directory is -8 characters bigger than the processId version (W:/University Work/Masters/MastersProject/MastersProject/Ava/Intermediate/Shaders/WorkingDirectory/42620/).
[2017.07.20-16.41.19:381][  0]LogShaderCompilers: Cleaned the shader compiler working directory 'C:/Users/I72300~1.000/AppData/Local/Temp/UnrealShaderWorkingDir/6039A9434BB77B32B70D3287DD4231D0/'.
[2017.07.20-16.41.19:381][  0]LogShaderCompilers:Display: Using Local Shader Compiler.
[2017.07.20-16.41.20:574][  0]LogTemp:Display: Loaded TP AllDesktopTargetPlatform
[2017.07.20-16.41.20:583][  0]LogTemp:Display: Loaded TP WindowsClientTargetPlatform
[2017.07.20-16.41.20:591][  0]LogTemp:Display: Loaded TP WindowsNoEditorTargetPlatform
[2017.07.20-16.41.20:600][  0]LogTemp:Display: Loaded TP WindowsServerTargetPlatform
[2017.07.20-16.41.20:609][  0]LogTemp:Display: Loaded TP WindowsTargetPlatform
[2017.07.20-16.41.20:622][  0]LogTemp:Display: Loaded TP AndroidTargetPlatform
[2017.07.20-16.41.20:640][  0]LogTemp:Display: Loaded TP Android_ASTCTargetPlatform
[2017.07.20-16.41.20:654][  0]LogTemp:Display: Loaded TP Android_ATCTargetPlatform
[2017.07.20-16.41.20:662][  0]LogTemp:Display: Loaded TP Android_DXTTargetPlatform
[2017.07.20-16.41.20:670][  0]LogTemp:Display: Loaded TP Android_ETC1TargetPlatform
[2017.07.20-16.41.20:678][  0]LogTemp:Display: Loaded TP Android_ETC2TargetPlatform
[2017.07.20-16.41.20:694][  0]LogTemp:Display: Loaded TP Android_MultiTargetPlatform
[2017.07.20-16.41.20:694][  0]LogTemp:Display: Loaded TP Android_PVRTCTargetPlatform
[2017.07.20-16.41.20:696][  0]LogTemp:Display: Loaded TP HTML5TargetPlatform
[2017.07.20-16.41.20:718][  0]LogTemp:Display: Loaded TP IOSTargetPlatform
[2017.07.20-16.41.20:725][  0]LogTemp:Display: Loaded TP TVOSTargetPlatform
[2017.07.20-16.41.20:733][  0]LogTemp:Display: Loaded TP LinuxNoEditorTargetPlatform
[2017.07.20-16.41.20:742][  0]LogTemp:Display: Loaded TP LinuxServerTargetPlatform
[2017.07.20-16.41.20:750][  0]LogTemp:Display: Loaded TP LinuxTargetPlatform
[2017.07.20-16.41.20:750][  0]LogTargetPlatformManager:Display: Building Assets For Windows
[2017.07.20-16.41.20:844][  0]LogDerivedDataCache:Display: Max Cache Size: 512 MB
[2017.07.20-16.41.20:920][  0]LogDerivedDataCache: Loaded boot cache 0.08s 86MB C:/Users/i7230020.STUDENT.000/AppData/Local/UnrealEngine/4.12/DerivedDataCache/Boot.ddc.
[2017.07.20-16.41.20:920][  0]LogDerivedDataCache:Display: Loaded Boot cache: C:/Users/i7230020.STUDENT.000/AppData/Local/UnrealEngine/4.12/DerivedDataCache/Boot.ddc
[2017.07.20-16.41.20:920][  0]LogDerivedDataCache: FDerivedDataBackendGraph:  Pak pak cache file W:/University Work/Masters/MastersProject/MastersProject/Ava/DerivedDataCache/DDC.ddp not found, will not use a pak cache.
[2017.07.20-16.41.20:920][  0]LogDerivedDataCache: Unable to find inner node Pak for hierarchical cache Hierarchy.
[2017.07.20-16.41.20:920][  0]LogDerivedDataCache: FDerivedDataBackendGraph:  CompressedPak pak cache file W:/University Work/Masters/MastersProject/MastersProject/Ava/DerivedDataCache/Compressed.ddp not found, will not use a pak cache.
[2017.07.20-16.41.20:920][  0]LogDerivedDataCache: Unable to find inner node CompressedPak for hierarchical cache Hierarchy.
[2017.07.20-16.41.20:936][  0]LogDerivedDataCache:Display: Pak cache opened for reading ../../../Engine/DerivedDataCache/Compressed.ddp.
[2017.07.20-16.41.20:949][  0]LogDerivedDataCache: Using Local data cache path C:/Users/i7230020.STUDENT.000/AppData/Local/UnrealEngine/Common/DerivedDataCache: Writable
[2017.07.20-16.41.21:193][  0]LogInit: Selected Device Profile: [Windows]
[2017.07.20-16.41.21:194][  0]LogContentStreaming: Texture pool size is 0.00 MB
[2017.07.20-16.41.21:418][  0]LogMeshUtilities: No automatic mesh reduction module available
[2017.07.20-16.41.21:418][  0]LogMeshUtilities: No automatic mesh merging module available
[2017.07.20-16.41.21:418][  0]LogMeshUtilities: No distributed automatic mesh merging module available
[2017.07.20-16.41.21:726][  0]LogAssetRegistry: FAssetRegistry took 0.0198 seconds to start up
[2017.07.20-16.41.21:786][  0]LogPackageLocalizationCache: Processed 4 localized package path(s) for 2 prioritized culture(s) in 0.056888 seconds
[2017.07.20-16.41.21:790][  0]LogUObjectArray: 28739 objects as part of root set at end of initial load.
[2017.07.20-16.41.21:790][  0]LogUObjectAllocator: 5855624 out of 0 bytes used by permanent object pool.
[2017.07.20-16.41.21:790][  0]LogUObjectArray: CloseDisregardForGC: 0/0 objects in disregard for GC pool
[2017.07.20-16.41.21:796][  0]LogInit: WinSock: version 1.1 (2.2), MaxSocks=32767, MaxUdp=65467
[2017.07.20-16.41.21:997][  0]LogSlate: SlateFontCache - WITH_FREETYPE: 1, WITH_HARFBUZZ: 1
[2017.07.20-16.41.21:997][  0]LogSlate: SlateFontCache - WITH_FREETYPE: 1, WITH_HARFBUZZ: 1
[2017.07.20-16.41.23:071][  0]LogUdpMessaging: Initializing bridge on interface 0.0.0.0:0 to multicast group 230.0.0.1:6666.
[2017.07.20-16.41.23:183][  0]LogStats: FPlatformStackWalk::StackWalkAndDump -  0.023 s
[2017.07.20-16.41.23:183][  0]LogOutputDevice:Warning: === Handled error: ===

Ensure condition failed: !AttachmentRules.bWeldSimulatedBodies [File:D:\Build\++UE4+Release-4.12+Compile\Sync\Engine\Source\Runtime\Engine\Private\Components\SceneComponent.cpp] [Line: 1481]
AttachToComponent when called from a constructor cannot weld simulated bodies. Consider calling SetupAttachment directly instead.
Stack: 
UE4Editor-Core.dll
UE4Editor-Core.dll
UE4Editor-Core.dll
UE4Editor-Engine.dll
UE4Editor-Ava-8424.dll
UE4Editor-CoreUObject.dll
UE4Editor-CoreUObject.dll
UE4Editor-CoreUObject.dll
UE4Editor-CoreUObject.dll
UE4Editor-Core.dll
UE4Editor-Core.dll
UE4Editor-Projects.dll
UE4Editor-Projects.dll
UE4Editor.exe
UE4Editor.exe
UE4Editor.exe
UE4Editor.exe
UE4Editor.exe
UE4Editor.exe
kernel32.dll
ntdll.dll
ntdll.dll

[2017.07.20-16.41.23:184][  0]LogStats:                SubmitErrorReport -  0.000 s
[2017.07.20-16.41.23:693][  0]LogStats:                    SendNewReport -  0.510 s
[2017.07.20-16.41.23:693][  0]LogStats:             FDebug::EnsureFailed -  0.533 s
[2017.07.20-16.41.23:911][  0]SourceControl: Info Source control is disabled
[2017.07.20-16.41.23:934][  0]SourceControl: Info Source control is disabled
[2017.07.20-16.41.23:955][  0]SourceControl: Info Source control is disabled
[2017.07.20-16.41.23:981][  0]SourceControl: Info Source control is disabled
[2017.07.20-16.41.24:166][  0]LogHoudiniEngine: Starting the Houdini Engine module.
[2017.07.20-16.41.24:167][  0]LogHoudiniEngine: Loaded libHAPIL.dll from Registry path C:\Program Files\Side Effects Software\Houdini 15.5.632/bin
[2017.07.20-16.41.24:167][  0]LogLinker:Warning: Asset '../../../Engine/Plugins/Runtime/HoudiniEngine/Content/houdini_logo.uasset' has been saved with empty engine version. The asset will be loaded but may be incompatible.
[2017.07.20-16.41.24:169][  0]LogLinker:Warning: Asset '../../../Engine/Plugins/Runtime/HoudiniEngine/Content/houdini_default_material.uasset' has been saved with empty engine version. The asset will be loaded but may be incompatible.
[2017.07.20-16.41.24:173][  0]LogLinker:Warning: Asset '../../../Engine/Plugins/Runtime/HoudiniEngine/Content/houdini_bgeo_import.uasset' has been saved with empty engine version. The asset will be loaded but may be incompatible.
[2017.07.20-16.41.25:306][  0]LogHoudiniEngine: Successfully initialized the Houdini Engine API module.
[2017.07.20-16.41.25:452][  0]LogEngine: Initializing Engine...
[2017.07.20-16.41.25:453][  0]LogHMD: SteamVR failed to initialize.  Err: 110
[2017.07.20-16.41.25:454][  0]LogHMD: SteamVR failed to initialize.  Err: 110
[2017.07.20-16.41.25:597][  0]LogAIModule: Creating AISystem for world NewWorld
[2017.07.20-16.41.25:603][  0]LogInit: XAudio2 using 'Speakers (Realtek High Definition Audio)' : 2 channels at 48 kHz using 32 bits per sample (channel mask 0x3)
[2017.07.20-16.41.25:616][  0]LogInit: FAudioDevice initialized.
[2017.07.20-16.41.25:644][  0]LogDerivedDataCache: Saved boot cache 0.03s 49MB C:/Users/i7230020.STUDENT.000/AppData/Local/UnrealEngine/4.12/DerivedDataCache/Boot.ddc.
[2017.07.20-16.41.25:649][  0]LogInit: Texture streaming: Enabled
[2017.07.20-16.41.25:675][  0]LogInit: Transaction tracking system initialized
[2017.07.20-16.41.25:694][  0]BlueprintLog: New page: Editor Load
[2017.07.20-16.41.25:777][  0]LocalizationService: Info Localization service is disabled
[2017.07.20-16.41.25:852][  0]LogConsoleResponse:Display: 
[2017.07.20-16.41.25:964][  0]LogCook:Display: Max memory allowance for cook 8192mb
[2017.07.20-16.41.25:964][  0]LogCook:Display: Mobile HDR setting 1
[2017.07.20-16.41.26:050][  0]LogFileCache: Scanning file cache for directory 'W:/University Work/Masters/MastersProject/MastersProject/Ava/Content/' took 0.02s
[2017.07.20-16.41.26:050][  0]LogHoudiniEngineEditor: Starting the Houdini Engine Editor module.
[2017.07.20-16.41.26:089][  0]SourceControl: Info Source control is disabled
[2017.07.20-16.41.26:089][  0]Cmd: MAP LOAD FILE="W:/University Work/Masters/MastersProject/MastersProject/Ava/Content/Ava/Maps/PalaceLevel.umap" TEMPLATE=0 SHOWPROGRESS=1 FEATURELEVEL=3
[2017.07.20-16.41.26:089][  0]LightingResults: New page: Lighting Build
[2017.07.20-16.41.26:092][  0]MapCheck: New page: Map Check
[2017.07.20-16.41.26:092][  0]LightingResults: New page: Lighting Build
[2017.07.20-16.41.28:267][  0]LogMaterial: Missing cached shader map for material M_Basic_Wall, compiling. 
[2017.07.20-16.41.28:267][  0]LogMaterial:Warning: Failed to compile Material /Game/StarterContent/Materials/M_Basic_Wall.M_Basic_Wall for platform PCD3D_SM5, Default Material will be used in game.
[2017.07.20-16.41.28:267][  0]LogMaterial:Warning: 	(Node TextureSample) TextureSample> Missing input texture
[2017.07.20-16.41.28:320][  0]LogAIModule: Creating AISystem for world PalaceLevel
[2017.07.20-16.41.28:358][  0]LogEditorServer: Finished looking for orphan Actors (0.000 secs)
[2017.07.20-16.41.28:358][  0]Cmd: MAP CHECKDEP NOCLEARLOG
[2017.07.20-16.41.28:457][  0]MapCheck: Info Map check complete: 0 Error(s), 0 Warning(s), took 98.571ms to complete.
[2017.07.20-16.41.28:457][  0]LogFileHelpers: Loading map 'PalaceLevel' took 2.368
[2017.07.20-16.41.28:771][  0]LogCollectionManager: Loaded 0 collections in 0.001384 seconds
[2017.07.20-16.41.28:811][  0]LogFileCache: Scanning file cache for directory 'W:/University Work/Masters/MastersProject/MastersProject/Ava/Saved/Collections/' took 0.01s
[2017.07.20-16.41.28:811][  0]LogFileCache: Scanning file cache for directory 'W:/University Work/Masters/MastersProject/MastersProject/Ava/Content/Developers/i7230020/Collections/' took 0.01s
[2017.07.20-16.41.28:811][  0]LogFileCache: Scanning file cache for directory 'W:/University Work/Masters/MastersProject/MastersProject/Ava/Content/Collections/' took 0.01s
[2017.07.20-16.41.28:811][  0]LogCollectionManager: Rebuilt the GUID cache for 0 collections in 0.000002 seconds
[2017.07.20-16.41.28:820][  0]LogContentBrowser: Native class hierarchy populated in 0.0093 seconds. Added 2099 classes and 376 folders.
[2017.07.20-16.41.28:824][  0]LogStats: UGameplayTagsManager::ConstructGameplayTagTree: Construct from data asset -  0.000 s
[2017.07.20-16.41.28:824][  0]LogStats: UGameplayTagsManager::ConstructGameplayTagTree: GameplayTagTreeChangedEvent.Broadcast -  0.000 s
[2017.07.20-16.41.28:826][  0]LogContentBrowser: Native class hierarchy updated for 'GameplayTags' in 0.0024 seconds. Added 12 classes and 0 folders.
[2017.07.20-16.41.28:832][  0]LogContentBrowser: Native class hierarchy updated for 'WidgetCarousel' in 0.0024 seconds. Added 0 classes and 0 folders.
[2017.07.20-16.41.28:911][  0]LogContentBrowser: Native class hierarchy updated for 'AddContentDialog' in 0.0024 seconds. Added 0 classes and 0 folders.
[2017.07.20-16.41.28:916][  0]LogContentBrowser: Native class hierarchy updated for 'SceneOutliner' in 0.0023 seconds. Added 1 classes and 2 folders.
[2017.07.20-16.41.28:929][  0]LogCrashTracker: Crashtracker disabled due to settings.
[2017.07.20-16.41.28:971][  0]LogContentBrowser: Native class hierarchy updated for 'HierarchicalLODOutliner' in 0.0027 seconds. Added 1 classes and 2 folders.
[2017.07.20-16.41.28:972][  0]LogLoad: Full Startup: 12.63 seconds (BP compile: 1.19 seconds)
[2017.07.20-16.41.28:972][  0]LogExternalProfiler: Found external profiler: VSPerf
[2017.07.20-16.41.28:972][  0]LogExternalProfiler: Using external profiler: VSPerf
[2017.07.20-16.41.28:985][  0]LogOcInput: OculusInput pre-init called
[2017.07.20-16.41.29:005][  0]LogContentStreaming: Texture pool size now 1000 MB
[2017.07.20-16.41.29:154][  0]LogRenderer: Reallocating scene render targets to support 1616x600 (Frame:2).
[2017.07.20-16.41.29:350][  1]LogAssetRegistry: Asset discovery search completed in 7.6444 seconds
[2017.07.20-16.41.29:350][  1]LogCollectionManager: Rebuilt the object cache for 0 collections in 0.000001 seconds (found 0 objects)
[2017.07.20-16.41.29:350][  1]LogCollectionManager: Fixed up redirectors for 0 collections in 0.000018 seconds (updated 0 objects)
[2017.07.20-16.41.30:865][135]LogBlueprintUserMessages: Early PlayInEditor Detection: Level '/Game/Ava/Maps/PalaceLevel.PalaceLevel:PersistentLevel' has LevelScriptBlueprint '/Game/Ava/Maps/PalaceLevel.PalaceLevel:PersistentLevel.PalaceLevel' with GeneratedClass '/Game/Ava/Maps/PalaceLevel.PalaceLevel_C' with ClassGeneratedBy '/Game/Ava/Maps/PalaceLevel.PalaceLevel:PersistentLevel.PalaceLevel'
[2017.07.20-16.41.30:865][135]LogPlayLevel: PlayLevel: No blueprints needed recompiling
[2017.07.20-16.41.30:866][135]PIE: New page: PIE session: PalaceLevel (20 Jul 2017 17:41:30)
[2017.07.20-16.41.30:867][135]LogPlayLevel: Creating play world package: /Game/Ava/Maps/UEDPIE_0_PalaceLevel
[2017.07.20-16.41.30:921][135]LogPlayLevel: PIE: StaticDuplicateObject took: (0.054113s)
[2017.07.20-16.41.30:921][135]LogAIModule: Creating AISystem for world PalaceLevel
[2017.07.20-16.41.30:921][135]LogPlayLevel: PIE: World Init took: (0.000572s)
[2017.07.20-16.41.30:922][135]LogPlayLevel: PIE: Created PIE world by copying editor world from /Game/Ava/Maps/PalaceLevel.PalaceLevel to /Game/Ava/Maps/UEDPIE_0_PalaceLevel.PalaceLevel (0.055049s)
[2017.07.20-16.41.30:980][135]LogInit: XAudio2 using 'Speakers (Realtek High Definition Audio)' : 2 channels at 48 kHz using 32 bits per sample (channel mask 0x3)
[2017.07.20-16.41.30:988][135]LogInit: FAudioDevice initialized.
[2017.07.20-16.41.31:053][135]LogWorld: Game class is 'AvaGameMode'
[2017.07.20-16.41.31:082][135]LogWorld: Bringing World /Game/Ava/Maps/UEDPIE_0_PalaceLevel.PalaceLevel up for play (max tick rate 0) at 2017.07.20-17.41.31
[2017.07.20-16.41.31:085][135]LogWorld: Bringing up level for play took: 0.031490
[2017.07.20-16.41.31:091][135]LogContentBrowser: Native class hierarchy updated for 'MovieSceneCapture' in 0.0025 seconds. Added 11 classes and 0 folders.
[2017.07.20-16.41.31:095][135]LogBlueprintUserMessages: [GameUIBP_C_0] SEt UI
[2017.07.20-16.41.31:095][135]PIE: Info Play in editor start time for /Game/Ava/Maps/UEDPIE_0_PalaceLevel 0.073
[2017.07.20-16.41.31:095][135]LogBlueprintUserMessages: Late PlayInEditor Detection: Level '/Game/Ava/Maps/PalaceLevel.PalaceLevel:PersistentLevel' has LevelScriptBlueprint '/Game/Ava/Maps/PalaceLevel.PalaceLevel:PersistentLevel.PalaceLevel' with GeneratedClass '/Game/Ava/Maps/PalaceLevel.PalaceLevel_C' with ClassGeneratedBy '/Game/Ava/Maps/PalaceLevel.PalaceLevel:PersistentLevel.PalaceLevel'
[2017.07.20-16.41.34:956][592]LogBlueprintUserMessages: Early EndPlayMap Detection: Level '/Game/Ava/Maps/PalaceLevel.PalaceLevel:PersistentLevel' has LevelScriptBlueprint '/Game/Ava/Maps/PalaceLevel.PalaceLevel:PersistentLevel.PalaceLevel' with GeneratedClass '/Game/Ava/Maps/PalaceLevel.PalaceLevel_C' with ClassGeneratedBy '/Game/Ava/Maps/PalaceLevel.PalaceLevel:PersistentLevel.PalaceLevel'
[2017.07.20-16.41.34:990][592]LogBlueprintUserMessages: Late EndPlayMap Detection: Level '/Game/Ava/Maps/PalaceLevel.PalaceLevel:PersistentLevel' has LevelScriptBlueprint '/Game/Ava/Maps/PalaceLevel.PalaceLevel:PersistentLevel.PalaceLevel' with GeneratedClass '/Game/Ava/Maps/PalaceLevel.PalaceLevel_C' with ClassGeneratedBy '/Game/Ava/Maps/PalaceLevel.PalaceLevel:PersistentLevel.PalaceLevel'
[2017.07.20-16.41.36:014][668]Recompiling Ava...
[2017.07.20-16.41.36:014][668]Launching UnrealBuildTool... [C:/Program Files/Epic Games/4.12/Engine/Binaries/DotNET/UnrealBuildTool.exe Ava -ModuleWithSuffix Ava 2970 Win64 Development -editorrecompile -canskiplink "W:/University Work/Masters/MastersProject/MastersProject/Ava/Ava.uproject"  -2015]
[2017.07.20-16.41.36:021][668]Warning: Starting HotReload took  0.1s.
[2017.07.20-16.41.42:868][ 37]CompilerResultsLog: New page: Compilation - 20 Jul 2017 17:41:42
[2017.07.20-16.41.42:868][ 37]CompilerResultsLog: Info Creating makefile for hot reloading Ava (modules to compile have changed)
[2017.07.20-16.41.42:868][ 37]CompilerResultsLog: Info Compiling game modules for hot reload
[2017.07.20-16.41.42:868][ 37]CompilerResultsLog: Info Target is up to date
[2017.07.20-16.41.42:868][ 37]LogMainFrame: MainFrame: Module compiling took 6.862 seconds
[2017.07.20-16.41.42:896][ 37]LogContentBrowser: Native class hierarchy populated in 0.0156 seconds. Added 2101 classes and 380 folders.
[2017.07.20-16.41.42:898][ 37]Warning: HotReload took  6.9s.
[2017.07.20-16.41.43:927][ 92]LogBlueprintUserMessages: Early PlayInEditor Detection: Level '/Game/Ava/Maps/PalaceLevel.PalaceLevel:PersistentLevel' has LevelScriptBlueprint '/Game/Ava/Maps/PalaceLevel.PalaceLevel:PersistentLevel.PalaceLevel' with GeneratedClass '/Game/Ava/Maps/PalaceLevel.PalaceLevel_C' with ClassGeneratedBy '/Game/Ava/Maps/PalaceLevel.PalaceLevel:PersistentLevel.PalaceLevel'
[2017.07.20-16.41.43:927][ 92]LogPlayLevel: PlayLevel: No blueprints needed recompiling
[2017.07.20-16.41.43:927][ 92]PIE: New page: PIE session: PalaceLevel (20 Jul 2017 17:41:43)
[2017.07.20-16.41.43:927][ 92]LogPlayLevel: Creating play world package: /Game/Ava/Maps/UEDPIE_0_PalaceLevel
[2017.07.20-16.41.43:984][ 92]LogPlayLevel: PIE: StaticDuplicateObject took: (0.056794s)
[2017.07.20-16.41.43:984][ 92]LogAIModule: Creating AISystem for world PalaceLevel
[2017.07.20-16.41.43:984][ 92]LogPlayLevel: PIE: World Init took: (0.000693s)
[2017.07.20-16.41.43:985][ 92]LogPlayLevel: PIE: Created PIE world by copying editor world from /Game/Ava/Maps/PalaceLevel.PalaceLevel to /Game/Ava/Maps/UEDPIE_0_PalaceLevel.PalaceLevel (0.057914s)
[2017.07.20-16.41.43:996][ 92]LogInit: XAudio2 using 'Speakers (Realtek High Definition Audio)' : 2 channels at 48 kHz using 32 bits per sample (channel mask 0x3)
[2017.07.20-16.41.44:002][ 92]LogInit: FAudioDevice initialized.
[2017.07.20-16.41.44:053][ 92]LogWorld: Game class is 'AvaGameMode'
[2017.07.20-16.41.44:083][ 92]LogWorld: Bringing World /Game/Ava/Maps/UEDPIE_0_PalaceLevel.PalaceLevel up for play (max tick rate 0) at 2017.07.20-17.41.44
[2017.07.20-16.41.44:086][ 92]LogWorld: Bringing up level for play took: 0.031376
[2017.07.20-16.41.44:088][ 92]LogBlueprintUserMessages: [GameUIBP_C_1] SEt UI
[2017.07.20-16.41.44:088][ 92]PIE: Info Play in editor start time for /Game/Ava/Maps/UEDPIE_0_PalaceLevel 1.066
[2017.07.20-16.41.44:088][ 92]LogBlueprintUserMessages: Late PlayInEditor Detection: Level '/Game/Ava/Maps/PalaceLevel.PalaceLevel:PersistentLevel' has LevelScriptBlueprint '/Game/Ava/Maps/PalaceLevel.PalaceLevel:PersistentLevel.PalaceLevel' with GeneratedClass '/Game/Ava/Maps/PalaceLevel.PalaceLevel_C' with ClassGeneratedBy '/Game/Ava/Maps/PalaceLevel.PalaceLevel:PersistentLevel.PalaceLevel'
[2017.07.20-16.41.45:507][178]LogBlueprintUserMessages: Early EndPlayMap Detection: Level '/Game/Ava/Maps/PalaceLevel.PalaceLevel:PersistentLevel' has LevelScriptBlueprint '/Game/Ava/Maps/PalaceLevel.PalaceLevel:PersistentLevel.PalaceLevel' with GeneratedClass '/Game/Ava/Maps/PalaceLevel.PalaceLevel_C' with ClassGeneratedBy '/Game/Ava/Maps/PalaceLevel.PalaceLevel:PersistentLevel.PalaceLevel'
[2017.07.20-16.41.45:545][178]LogBlueprintUserMessages: Late EndPlayMap Detection: Level '/Game/Ava/Maps/PalaceLevel.PalaceLevel:PersistentLevel' has LevelScriptBlueprint '/Game/Ava/Maps/PalaceLevel.PalaceLevel:PersistentLevel.PalaceLevel' with GeneratedClass '/Game/Ava/Maps/PalaceLevel.PalaceLevel_C' with ClassGeneratedBy '/Game/Ava/Maps/PalaceLevel.PalaceLevel:PersistentLevel.PalaceLevel'
[2017.07.20-16.43.49:483][562]LogHotReload: New module detected: UE4Editor-Ava-6641.dll
[2017.07.20-16.43.52:835][573]LogHotReload: Starting Hot-Reload from IDE
[2017.07.20-16.43.52:897][573]LogClass: ItemDataVariables HotReload.
[2017.07.20-16.43.52:897][573]LogClass: Item HotReload.
[2017.07.20-16.43.52:898][573]LogHotReload: Re-instancing Antelope after hot-reload.
[2017.07.20-16.43.52:938][573]LogHotReload: Re-instancing Door after hot-reload.
[2017.07.20-16.43.53:264][573]LogHotReload: Re-instancing PushPullItem after hot-reload.
[2017.07.20-16.43.53:497][573]LogHotReload: Re-instancing PickUpItem after hot-reload.
[2017.07.20-16.43.53:792][573]LogHotReload: Re-instancing MainCharacter after hot-reload.
[2017.07.20-16.43.53:930][573]LogHotReload: Re-instancing OfferingStatue after hot-reload.
[2017.07.20-16.43.54:101][573]LogHotReload: Re-instancing StatueObject after hot-reload.
[2017.07.20-16.43.54:259][573]LogHotReload: Re-instancing BluePuzzle after hot-reload.
[2017.07.20-16.43.54:333][573]LogHotReload: Re-instancing GreenPuzzle after hot-reload.
[2017.07.20-16.43.54:407][573]LogHotReload: Re-instancing WhitePuzzle after hot-reload.
[2017.07.20-16.43.54:485][573]LogContentBrowser: Native class hierarchy updated for 'Ava' in 0.0029 seconds. Added 21 classes and 2 folders.
[2017.07.20-16.43.54:487][573]Warning: HotReload successful (14 functions remapped  0 scriptstructs remapped)
[2017.07.20-16.43.54:603][573]LogContentBrowser: Native class hierarchy populated in 0.0115 seconds. Added 2101 classes and 380 folders.
[2017.07.20-16.43.54:606][573]Warning: HotReload took  1.8s.
[2017.07.20-16.43.59:350][635]LogBlueprintUserMessages: Early PlayInEditor Detection: Level '/Game/Ava/Maps/PalaceLevel.PalaceLevel:PersistentLevel' has LevelScriptBlueprint '/Game/Ava/Maps/PalaceLevel.PalaceLevel:PersistentLevel.PalaceLevel' with GeneratedClass '/Game/Ava/Maps/PalaceLevel.PalaceLevel_C' with ClassGeneratedBy '/Game/Ava/Maps/PalaceLevel.PalaceLevel:PersistentLevel.PalaceLevel'
[2017.07.20-16.43.59:350][635]LogPlayLevel: PlayLevel: No blueprints needed recompiling
[2017.07.20-16.43.59:351][635]PIE: New page: PIE session: PalaceLevel (20 Jul 2017 17:43:59)
[2017.07.20-16.43.59:351][635]LogPlayLevel: Creating play world package: /Game/Ava/Maps/UEDPIE_0_PalaceLevel
[2017.07.20-16.43.59:410][635]LogPlayLevel: PIE: StaticDuplicateObject took: (0.059513s)
[2017.07.20-16.43.59:411][635]LogAIModule: Creating AISystem for world PalaceLevel
[2017.07.20-16.43.59:411][635]LogPlayLevel: PIE: World Init took: (0.000683s)
[2017.07.20-16.43.59:411][635]LogPlayLevel: PIE: Created PIE world by copying editor world from /Game/Ava/Maps/PalaceLevel.PalaceLevel to /Game/Ava/Maps/UEDPIE_0_PalaceLevel.PalaceLevel (0.060514s)
[2017.07.20-16.43.59:424][635]LogInit: XAudio2 using 'Speakers (Realtek High Definition Audio)' : 2 channels at 48 kHz using 32 bits per sample (channel mask 0x3)
[2017.07.20-16.43.59:434][635]LogInit: FAudioDevice initialized.
[2017.07.20-16.43.59:485][635]LogWorld: Game class is 'AvaGameMode'
[2017.07.20-16.43.59:520][635]LogWorld: Bringing World /Game/Ava/Maps/UEDPIE_0_PalaceLevel.PalaceLevel up for play (max tick rate 0) at 2017.07.20-17.43.59
[2017.07.20-16.43.59:522][635]LogWorld: Bringing up level for play took: 0.036405
[2017.07.20-16.43.59:525][635]LogBlueprintUserMessages: [GameUIBP_C_26] SEt UI
[2017.07.20-16.43.59:525][635]PIE: Info Play in editor start time for /Game/Ava/Maps/UEDPIE_0_PalaceLevel 0.51
[2017.07.20-16.43.59:525][635]LogBlueprintUserMessages: Late PlayInEditor Detection: Level '/Game/Ava/Maps/PalaceLevel.PalaceLevel:PersistentLevel' has LevelScriptBlueprint '/Game/Ava/Maps/PalaceLevel.PalaceLevel:PersistentLevel.PalaceLevel' with GeneratedClass '/Game/Ava/Maps/PalaceLevel.PalaceLevel_C' with ClassGeneratedBy '/Game/Ava/Maps/PalaceLevel.PalaceLevel:PersistentLevel.PalaceLevel'
[2017.07.20-16.44.21:509][262]LogBlueprintUserMessages: Early EndPlayMap Detection: Level '/Game/Ava/Maps/PalaceLevel.PalaceLevel:PersistentLevel' has LevelScriptBlueprint '/Game/Ava/Maps/PalaceLevel.PalaceLevel:PersistentLevel.PalaceLevel' with GeneratedClass '/Game/Ava/Maps/PalaceLevel.PalaceLevel_C' with ClassGeneratedBy '/Game/Ava/Maps/PalaceLevel.PalaceLevel:PersistentLevel.PalaceLevel'
[2017.07.20-16.44.21:543][262]LogBlueprintUserMessages: Late EndPlayMap Detection: Level '/Game/Ava/Maps/PalaceLevel.PalaceLevel:PersistentLevel' has LevelScriptBlueprint '/Game/Ava/Maps/PalaceLevel.PalaceLevel:PersistentLevel.PalaceLevel' with GeneratedClass '/Game/Ava/Maps/PalaceLevel.PalaceLevel_C' with ClassGeneratedBy '/Game/Ava/Maps/PalaceLevel.PalaceLevel:PersistentLevel.PalaceLevel'
[2017.07.20-16.45.03:826][455]LogHotReload: New module detected: UE4Editor-Ava-9791.dll
[2017.07.20-16.45.06:516][464]LogHotReload: Starting Hot-Reload from IDE
[2017.07.20-16.45.06:573][464]LogClass: ItemDataVariables HotReload.
[2017.07.20-16.45.06:573][464]LogClass: Item HotReload.
[2017.07.20-16.45.06:574][464]LogHotReload: Re-instancing Antelope after hot-reload.
[2017.07.20-16.45.06:611][464]LogHotReload: Re-instancing Door after hot-reload.
[2017.07.20-16.45.06:758][464]LogHotReload: Re-instancing PushPullItem after hot-reload.
[2017.07.20-16.45.07:003][464]LogHotReload: Re-instancing PickUpItem after hot-reload.
[2017.07.20-16.45.07:304][464]LogHotReload: Re-instancing MainCharacter after hot-reload.
[2017.07.20-16.45.07:460][464]LogHotReload: Re-instancing OfferingStatue after hot-reload.
[2017.07.20-16.45.07:644][464]LogHotReload: Re-instancing StatueObject after hot-reload.
[2017.07.20-16.45.07:806][464]LogHotReload: Re-instancing BluePuzzle after hot-reload.
[2017.07.20-16.45.07:897][464]LogHotReload: Re-instancing GreenPuzzle after hot-reload.
[2017.07.20-16.45.07:999][464]LogHotReload: Re-instancing WhitePuzzle after hot-reload.
[2017.07.20-16.45.08:094][464]LogContentBrowser: Native class hierarchy updated for 'Ava' in 0.0025 seconds. Added 21 classes and 2 folders.
[2017.07.20-16.45.08:096][464]Warning: HotReload successful (14 functions remapped  0 scriptstructs remapped)
[2017.07.20-16.45.08:154][464]LogContentBrowser: Native class hierarchy populated in 0.0095 seconds. Added 2101 classes and 380 folders.
[2017.07.20-16.45.08:157][464]Warning: HotReload took  1.6s.
[2017.07.20-16.45.11:644][548]LogBlueprintUserMessages: Early PlayInEditor Detection: Level '/Game/Ava/Maps/PalaceLevel.PalaceLevel:PersistentLevel' has LevelScriptBlueprint '/Game/Ava/Maps/PalaceLevel.PalaceLevel:PersistentLevel.PalaceLevel' with GeneratedClass '/Game/Ava/Maps/PalaceLevel.PalaceLevel_C' with ClassGeneratedBy '/Game/Ava/Maps/PalaceLevel.PalaceLevel:PersistentLevel.PalaceLevel'
[2017.07.20-16.45.11:644][548]LogPlayLevel: PlayLevel: No blueprints needed recompiling
[2017.07.20-16.45.11:644][548]PIE: New page: PIE session: PalaceLevel (20 Jul 2017 17:45:11)
[2017.07.20-16.45.11:644][548]LogPlayLevel: Creating play world package: /Game/Ava/Maps/UEDPIE_0_PalaceLevel
[2017.07.20-16.45.11:675][548]LogProperty:Warning: Serialized Class /Script/Ava.PushPullItem for a property of Class /Script/Ava.StatueObject. Reference will be NULLed.
    Property = ObjectProperty /Script/Ava.Puzzle:DesignatedStatue
    Item = PushPullItem /Script/Ava.Default__PushPullItem
[2017.07.20-16.45.11:675][548]LogProperty:Warning: Serialized Class /Script/Ava.Antelope for a property of Class /Script/Engine.StaticMeshComponent. Reference will be NULLed.
    Property = ObjectProperty /Script/Ava.OfferingStatue:BuddaStatue
    Item = Antelope /Script/Ava.Default__Antelope
[2017.07.20-16.45.11:704][548]LogPlayLevel: PIE: StaticDuplicateObject took: (0.060326s)
[2017.07.20-16.45.11:705][548]LogAIModule: Creating AISystem for world PalaceLevel
[2017.07.20-16.45.11:705][548]LogPlayLevel: PIE: World Init took: (0.000898s)
[2017.07.20-16.45.11:706][548]LogPlayLevel: PIE: Created PIE world by copying editor world from /Game/Ava/Maps/PalaceLevel.PalaceLevel to /Game/Ava/Maps/UEDPIE_0_PalaceLevel.PalaceLevel (0.061699s)
[2017.07.20-16.45.11:720][548]LogInit: XAudio2 using 'Speakers (Realtek High Definition Audio)' : 2 channels at 48 kHz using 32 bits per sample (channel mask 0x3)
[2017.07.20-16.45.11:728][548]LogInit: FAudioDevice initialized.
[2017.07.20-16.45.11:780][548]LogWorld: Game class is 'AvaGameMode'
[2017.07.20-16.45.11:813][548]LogWorld: Bringing World /Game/Ava/Maps/UEDPIE_0_PalaceLevel.PalaceLevel up for play (max tick rate 0) at 2017.07.20-17.45.11
[2017.07.20-16.45.11:815][548]LogWorld: Bringing up level for play took: 0.034766
[2017.07.20-16.45.11:818][548]LogBlueprintUserMessages: [GameUIBP_C_28] SEt UI
[2017.07.20-16.45.11:818][548]PIE: Info Play in editor start time for /Game/Ava/Maps/UEDPIE_0_PalaceLevel 0.807
[2017.07.20-16.45.11:818][548]LogBlueprintUserMessages: Late PlayInEditor Detection: Level '/Game/Ava/Maps/PalaceLevel.PalaceLevel:PersistentLevel' has LevelScriptBlueprint '/Game/Ava/Maps/PalaceLevel.PalaceLevel:PersistentLevel.PalaceLevel' with GeneratedClass '/Game/Ava/Maps/PalaceLevel.PalaceLevel_C' with ClassGeneratedBy '/Game/Ava/Maps/PalaceLevel.PalaceLevel:PersistentLevel.PalaceLevel'
[2017.07.20-16.45.25:642][196]LogBlueprintUserMessages: Early EndPlayMap Detection: Level '/Game/Ava/Maps/PalaceLevel.PalaceLevel:PersistentLevel' has LevelScriptBlueprint '/Game/Ava/Maps/PalaceLevel.PalaceLevel:PersistentLevel.PalaceLevel' with GeneratedClass '/Game/Ava/Maps/PalaceLevel.PalaceLevel_C' with ClassGeneratedBy '/Game/Ava/Maps/PalaceLevel.PalaceLevel:PersistentLevel.PalaceLevel'
[2017.07.20-16.45.25:677][196]LogBlueprintUserMessages: Late EndPlayMap Detection: Level '/Game/Ava/Maps/PalaceLevel.PalaceLevel:PersistentLevel' has LevelScriptBlueprint '/Game/Ava/Maps/PalaceLevel.PalaceLevel:PersistentLevel.PalaceLevel' with GeneratedClass '/Game/Ava/Maps/PalaceLevel.PalaceLevel_C' with ClassGeneratedBy '/Game/Ava/Maps/PalaceLevel.PalaceLevel:PersistentLevel.PalaceLevel'
[2017.07.20-16.45.46:279][282]LogHotReload: New module detected: UE4Editor-Ava-3192.dll
[2017.07.20-16.45.48:963][291]LogHotReload: Starting Hot-Reload from IDE
[2017.07.20-16.45.49:015][291]LogClass: ItemDataVariables HotReload.
[2017.07.20-16.45.49:015][291]LogClass: Item HotReload.
[2017.07.20-16.45.49:016][291]LogHotReload: Re-instancing Antelope after hot-reload.
[2017.07.20-16.45.49:054][291]LogProperty:Warning: Serialized Class /Script/Ava.Antelope for a property of Class /Script/Engine.StaticMeshComponent. Reference will be NULLed.
    Property = ObjectProperty /Script/Ava.OfferingStatue:BuddaStatue
    Item = Antelope /Script/Ava.Default__Antelope
[2017.07.20-16.45.49:056][291]LogHotReload: Re-instancing Door after hot-reload.
[2017.07.20-16.45.49:229][291]LogHotReload: Re-instancing PushPullItem after hot-reload.
[2017.07.20-16.45.49:275][291]LogProperty:Warning: Serialized Class /Script/Ava.PushPullItem for a property of Class /Script/Ava.StatueObject. Reference will be NULLed.
    Property = ObjectProperty /Script/Ava.Puzzle:DesignatedStatue
    Item = PushPullItem /Script/Ava.Default__PushPullItem
[2017.07.20-16.45.49:467][291]LogHotReload: Re-instancing PickUpItem after hot-reload.
[2017.07.20-16.45.49:728][291]LogHotReload: Re-instancing MainCharacter after hot-reload.
[2017.07.20-16.45.49:870][291]LogHotReload: Re-instancing OfferingStatue after hot-reload.
[2017.07.20-16.45.50:040][291]LogHotReload: Re-instancing StatueObject after hot-reload.
[2017.07.20-16.45.50:190][291]LogHotReload: Re-instancing BluePuzzle after hot-reload.
[2017.07.20-16.45.50:261][291]LogHotReload: Re-instancing GreenPuzzle after hot-reload.
[2017.07.20-16.45.50:334][291]LogHotReload: Re-instancing WhitePuzzle after hot-reload.
[2017.07.20-16.45.50:407][291]LogContentBrowser: Native class hierarchy updated for 'Ava' in 0.0026 seconds. Added 21 classes and 2 folders.
[2017.07.20-16.45.50:408][291]Warning: HotReload successful (14 functions remapped  0 scriptstructs remapped)
[2017.07.20-16.45.50:464][291]LogContentBrowser: Native class hierarchy populated in 0.0096 seconds. Added 2101 classes and 380 folders.
[2017.07.20-16.45.50:467][291]Warning: HotReload took  1.5s.
[2017.07.20-16.45.52:799][328]LogBlueprintUserMessages: Early PlayInEditor Detection: Level '/Game/Ava/Maps/PalaceLevel.PalaceLevel:PersistentLevel' has LevelScriptBlueprint '/Game/Ava/Maps/PalaceLevel.PalaceLevel:PersistentLevel.PalaceLevel' with GeneratedClass '/Game/Ava/Maps/PalaceLevel.PalaceLevel_C' with ClassGeneratedBy '/Game/Ava/Maps/PalaceLevel.PalaceLevel:PersistentLevel.PalaceLevel'
[2017.07.20-16.45.52:799][328]LogPlayLevel: PlayLevel: No blueprints needed recompiling
[2017.07.20-16.45.52:799][328]PIE: New page: PIE session: PalaceLevel (20 Jul 2017 17:45:52)
[2017.07.20-16.45.52:800][328]LogPlayLevel: Creating play world package: /Game/Ava/Maps/UEDPIE_0_PalaceLevel
[2017.07.20-16.45.52:830][328]LogProperty:Warning: Serialized Class /Script/Ava.Door for a property of Class /Script/Engine.SphereComponent. Reference will be NULLed.
    Property = ObjectProperty /Script/Ava.OfferingStatue:overlappingSphere
    Item = Door /Script/Ava.Default__Door
[2017.07.20-16.45.52:830][328]LogProperty:Warning: Serialized Class /Script/Ava.Door for a property of Class /Script/Engine.SceneComponent. Reference will be NULLed.
    Property = ObjectProperty /Script/Engine.Actor:RootComponent
    Item = Door /Script/Ava.Default__Door
[2017.07.20-16.45.52:830][328]LogProperty:Warning: Serialized Class /Script/Ava.Door for a property of Class /Script/Engine.SceneComponent. Reference will be NULLed.
    Property = ObjectProperty /Script/Engine.SceneComponent:AttachParent
    Item = Door /Script/Ava.Default__Door
[2017.07.20-16.45.52:830][328]LogProperty:Warning: Serialized Class /Script/Ava.Door for a property of Class /Script/Engine.SceneComponent. Reference will be NULLed.
    Property = ObjectProperty /Script/Engine.SceneComponent:AttachParent
    Item = Door /Script/Ava.Default__Door
[2017.07.20-16.45.52:830][328]LogProperty:Warning: Serialized Class /Script/Ava.AvaGameMode for a property of Class /Script/Engine.SphereComponent. Reference will be NULLed.
    Property = ObjectProperty /Script/Ava.OfferingStatue:overlappingSphere
    Item = AvaGameMode /Script/Ava.Default__AvaGameMode
[2017.07.20-16.45.52:830][328]LogProperty:Warning: Serialized Class /Script/Ava.AvaGameMode for a property of Class /Script/Engine.SceneComponent. Reference will be NULLed.
    Property = ObjectProperty /Script/Engine.Actor:RootComponent
    Item = AvaGameMode /Script/Ava.Default__AvaGameMode
[2017.07.20-16.45.52:830][328]LogProperty:Warning: Serialized Class /Script/Ava.AvaGameMode for a property of Class /Script/Engine.SceneComponent. Reference will be NULLed.
    Property = ObjectProperty /Script/Engine.SceneComponent:AttachParent
    Item = AvaGameMode /Script/Ava.Default__AvaGameMode
[2017.07.20-16.45.52:830][328]LogProperty:Warning: Serialized Class /Script/Ava.AvaGameMode for a property of Class /Script/Engine.SceneComponent. Reference will be NULLed.
    Property = ObjectProperty /Script/Engine.SceneComponent:AttachParent
    Item = AvaGameMode /Script/Ava.Default__AvaGameMode
[2017.07.20-16.45.52:859][328]LogPlayLevel: PIE: StaticDuplicateObject took: (0.058977s)
[2017.07.20-16.45.52:859][328]LogAIModule: Creating AISystem for world PalaceLevel
[2017.07.20-16.45.52:859][328]LogPlayLevel: PIE: World Init took: (0.000713s)
[2017.07.20-16.45.52:860][328]LogPlayLevel: PIE: Created PIE world by copying editor world from /Game/Ava/Maps/PalaceLevel.PalaceLevel to /Game/Ava/Maps/UEDPIE_0_PalaceLevel.PalaceLevel (0.060051s)
[2017.07.20-16.45.52:873][328]LogInit: XAudio2 using 'Speakers (Realtek High Definition Audio)' : 2 channels at 48 kHz using 32 bits per sample (channel mask 0x3)
[2017.07.20-16.45.52:880][328]LogInit: FAudioDevice initialized.
[2017.07.20-16.45.52:930][328]LogWorld: Game class is 'AvaGameMode'
[2017.07.20-16.45.52:969][328]LogWorld: Bringing World /Game/Ava/Maps/UEDPIE_0_PalaceLevel.PalaceLevel up for play (max tick rate 0) at 2017.07.20-17.45.52
[2017.07.20-16.45.52:972][328]LogWorld: Bringing up level for play took: 0.041329
[2017.07.20-16.45.52:975][328]LogBlueprintUserMessages: [GameUIBP_C_31] SEt UI
[2017.07.20-16.45.52:975][328]PIE: Info Play in editor start time for /Game/Ava/Maps/UEDPIE_0_PalaceLevel -0.035
[2017.07.20-16.45.52:975][328]LogBlueprintUserMessages: Late PlayInEditor Detection: Level '/Game/Ava/Maps/PalaceLevel.PalaceLevel:PersistentLevel' has LevelScriptBlueprint '/Game/Ava/Maps/PalaceLevel.PalaceLevel:PersistentLevel.PalaceLevel' with GeneratedClass '/Game/Ava/Maps/PalaceLevel.PalaceLevel_C' with ClassGeneratedBy '/Game/Ava/Maps/PalaceLevel.PalaceLevel:PersistentLevel.PalaceLevel'
[2017.07.20-16.45.53:818][328]LogCrashTracker: 


[2017.07.20-16.45.53:818][328]LogCrashTracker: 


[2017.07.20-16.45.53:818][328]LogWindows:Error: === Critical error: ===


[2017.07.20-16.45.53:843][328]LogExit: Executing StaticShutdownAfterError
[2017.07.20-16.45.53:848][328]LogWindows: FPlatformMisc::RequestExit(1)
[2017.07.20-16.45.53:848][328]Log file closed, 07/20/17 17:45:53
