Log file open, 07/10/17 12:14:14
LogInit:Display: Running engine for game: Ava
LogPlatformFile: Not using cached read wrapper
LogInit:Display: RandInit(1744957571) SRandInit(1744957572).
LogTaskGraph: Started task graph with 4 named threads and 7 total threads with 1 sets of task threads.
LogStats: Stats thread started at 0.072906
LogInit: Version: 4.12.5-3039270+++UE4+Release-4.12
LogInit: API Version: 2992821
LogInit: Net Version: 3039270
LogDevObjectVersion: Number of dev versions registered: 13
LogDevObjectVersion:   Dev-Blueprints (B0D832E4-1F89-4F0D-ACCF-7EB736FD4AA2): 3
LogDevObjectVersion:   Dev-Build (E1C64328-A22C-4D53-A36C-8E866417BD8C): 0
LogDevObjectVersion:   Dev-Core (375EC13C-06E4-48FB-B500-84F0262A717E): 1
LogDevObjectVersion:   Dev-Editor (E4B068ED-F494-42E9-A231-DA0B2E46BB41): 2
LogDevObjectVersion:   Dev-Framework (CFFC743F-43B0-4480-9391-14DF171D2073): 6
LogDevObjectVersion:   Dev-Mobile (B02B49B5-BB20-44E9-A304-32B752E40360): 0
LogDevObjectVersion:   Dev-Networking (A4E4105C-59A1-49B5-A7C5-40C4547EDFEE): 0
LogDevObjectVersion:   Dev-Online (39C831C9-5AE6-47DC-9A44-9C173E1C8E7C): 0
LogDevObjectVersion:   Dev-Physics (78F01B33-EBEA-4F98-B9B4-84EACCB95AA2): 0
LogDevObjectVersion:   Dev-Platform (6631380F-2D4D-43E0-8009-CF276956A95A): 0
LogDevObjectVersion:   Dev-Rendering (12F88B9F-8875-4AFC-A67C-D90C383ABD29): 2
LogDevObjectVersion:   Dev-Sequencer (7B5AE74C-D270-4C10-A958-57980B212A5A): 0
LogDevObjectVersion:   Dev-VR (D7296918-1DD6-4BDD-9DE2-64A83CC13884): 0
LogInit: Compiled (64-bit): Jul  6 2016 09:09:46
LogInit: Compiled with Visual C++: 19.00.23026.00
LogInit: Build Configuration: Development
LogInit: Branch Name: ++UE4+Release-4.12
LogInit: Command line:  
LogInit: Base directory: C:/Program Files/Epic Games/UE_4.12/Engine/Binaries/Win64/
LogInit: Installed Engine Build: 1
LogInit: Using libcurl 7.41.0
LogInit:  - built for x86_64-pc-win32
LogInit:  - supports SSL with WinSSL
LogInit:  - other features:
LogInit:      CURL_VERSION_SSL
LogInit:      CURL_VERSION_IPV6
LogInit:      CURL_VERSION_ASYNCHDNS
LogInit:      CURL_VERSION_LARGEFILE
LogInit:      CURL_VERSION_IDN
LogInit:  CurlRequestOptions (configurable via config and command line):
LogInit:  - bVerifyPeer = true  - Libcurl will verify peer certificate
LogInit:  - bUseHttpProxy = false  - Libcurl will NOT use HTTP proxy
LogInit:  - bDontReuseConnections = false  - Libcurl will reuse connections
LogInit:  - CertBundlePath = nullptr  - Libcurl will use whatever was configured at build time.
LogInit: Presizing for max 8388607 objects, including 0 objects not considered by GC, pre-allocating 0 bytes for permanent pool.
LogInit: Object subsystem initialized
[2017.07.10-11.14.14:909][  0]LogInit: Selected Device Profile: [Windows]
[2017.07.10-11.14.14:909][  0]LogInit: Applying CVar settings loaded from the selected device profile: [Windows]
[2017.07.10-11.14.14:992][  0]LogInit: Computer: TOKEPI
[2017.07.10-11.14.14:992][  0]LogInit: User: LloydPhillips
[2017.07.10-11.14.14:992][  0]LogInit: CPU Page size=65536, Cores=4
[2017.07.10-11.14.14:992][  0]LogInit: High frequency timer resolution =3.330091 MHz
[2017.07.10-11.14.14:993][  0]LogMemory: Memory total: Physical=7.9GB (8GB approx)
[2017.07.10-11.14.14:994][  0]LogMemory: Platform Memory Stats for Windows
[2017.07.10-11.14.14:994][  0]LogMemory: Process Physical Memory: 195.29 MB used, 195.29 MB peak
[2017.07.10-11.14.14:994][  0]LogMemory: Process Virtual Memory: 195.37 MB used, 195.37 MB peak
[2017.07.10-11.14.14:994][  0]LogMemory: Physical Memory: 6143.66 MB used, 8135.61 MB total
[2017.07.10-11.14.14:994][  0]LogMemory: Virtual Memory: 606.30 MB used, 134217728.00 MB total
[2017.07.10-11.14.15:454][  0]LogTextLocalizationManager: No specific translations for ('en-US') exist, so ('en') translations will be used.
[2017.07.10-11.14.15:960][  0]LogD3D11RHI: D3D11 adapters:
[2017.07.10-11.14.16:503][  0]LogD3D11RHI:    0. 'NVIDIA GeForce GTX 660' (Feature Level 11_0)
[2017.07.10-11.14.16:504][  0]LogD3D11RHI:       2016/0/4067 MB DedicatedVideo/DedicatedSystem/SharedSystem, Outputs:2, VendorId:0x10de
[2017.07.10-11.14.16:507][  0]LogD3D11RHI:    1. 'Microsoft Basic Render Driver' (Feature Level 11_0)
[2017.07.10-11.14.16:507][  0]LogD3D11RHI:       0/0/4067 MB DedicatedVideo/DedicatedSystem/SharedSystem, Outputs:0, VendorId:0x1414
[2017.07.10-11.14.16:507][  0]LogD3D11RHI: Chosen D3D11 Adapter: 0
[2017.07.10-11.14.16:516][  0]LogD3D11RHI: Creating new Direct3DDevice
[2017.07.10-11.14.16:516][  0]LogD3D11RHI:     GPU DeviceId: 0x11c0 (for the marketing name, search the web for "GPU Device Id")
[2017.07.10-11.14.16:516][  0]LogWindows: EnumDisplayDevices:
[2017.07.10-11.14.16:516][  0]LogWindows:    0. 'NVIDIA GeForce GTX 660' (P:1 D:1)
[2017.07.10-11.14.16:516][  0]LogWindows:    1. 'NVIDIA GeForce GTX 660' (P:0 D:1)
[2017.07.10-11.14.16:517][  0]LogWindows:    2. 'NVIDIA GeForce GTX 660' (P:0 D:0)
[2017.07.10-11.14.16:517][  0]LogWindows:    3. 'NVIDIA GeForce GTX 660' (P:0 D:0)
[2017.07.10-11.14.16:517][  0]LogWindows: DebugString: FoundDriverCount:4 
[2017.07.10-11.14.16:517][  0]LogD3D11RHI:     Adapter Name: NVIDIA GeForce GTX 660
[2017.07.10-11.14.16:518][  0]LogD3D11RHI:   Driver Version: 382.33 (internal:22.21.13.8233, unified:382.33)
[2017.07.10-11.14.16:518][  0]LogD3D11RHI:      Driver Date: 5-17-2017
[2017.07.10-11.14.16:518][  0]LogRHI: Texture pool is 1361 MB (70% of 1945 MB)
[2017.07.10-11.14.17:006][  0]LogD3D11RHI: Async texture creation enabled
[2017.07.10-11.14.17:118][  0]LogD3D11RHI: GPU Timing Frequency: 1000.000000 (Debug: 2 1)
[2017.07.10-11.14.17:131][  0]LogShaderCompilers: Guid format shader working directory is -12 characters bigger than the processId version (G:/University Work/Masters/MastersProject/MastersProject/Ava/Intermediate/Shaders/WorkingDirectory/13252/).
[2017.07.10-11.14.17:131][  0]LogShaderCompilers: Cleaned the shader compiler working directory 'C:/Users/LLOYDP~1/AppData/Local/Temp/UnrealShaderWorkingDir/33CC22FA415E70679173F0A979300630/'.
[2017.07.10-11.14.17:131][  0]LogShaderCompilers:Display: Using Local Shader Compiler.
[2017.07.10-11.14.19:138][  0]LogTemp:Display: Loaded TP AllDesktopTargetPlatform
[2017.07.10-11.14.19:147][  0]LogTemp:Display: Loaded TP WindowsClientTargetPlatform
[2017.07.10-11.14.19:157][  0]LogTemp:Display: Loaded TP WindowsNoEditorTargetPlatform
[2017.07.10-11.14.19:167][  0]LogTemp:Display: Loaded TP WindowsServerTargetPlatform
[2017.07.10-11.14.19:177][  0]LogTemp:Display: Loaded TP WindowsTargetPlatform
[2017.07.10-11.14.19:190][  0]LogTemp:Display: Loaded TP AndroidTargetPlatform
[2017.07.10-11.14.19:201][  0]LogTemp:Display: Loaded TP Android_ASTCTargetPlatform
[2017.07.10-11.14.19:210][  0]LogTemp:Display: Loaded TP Android_ATCTargetPlatform
[2017.07.10-11.14.19:219][  0]LogTemp:Display: Loaded TP Android_DXTTargetPlatform
[2017.07.10-11.14.19:228][  0]LogTemp:Display: Loaded TP Android_ETC1TargetPlatform
[2017.07.10-11.14.19:236][  0]LogTemp:Display: Loaded TP Android_ETC2TargetPlatform
[2017.07.10-11.14.19:254][  0]LogTemp:Display: Loaded TP Android_MultiTargetPlatform
[2017.07.10-11.14.19:254][  0]LogTemp:Display: Loaded TP Android_PVRTCTargetPlatform
[2017.07.10-11.14.19:256][  0]LogTemp:Display: Loaded TP HTML5TargetPlatform
[2017.07.10-11.14.19:287][  0]LogTemp:Display: Loaded TP IOSTargetPlatform
[2017.07.10-11.14.19:294][  0]LogTemp:Display: Loaded TP TVOSTargetPlatform
[2017.07.10-11.14.19:303][  0]LogTemp:Display: Loaded TP LinuxNoEditorTargetPlatform
[2017.07.10-11.14.19:311][  0]LogTemp:Display: Loaded TP LinuxServerTargetPlatform
[2017.07.10-11.14.19:324][  0]LogTemp:Display: Loaded TP LinuxTargetPlatform
[2017.07.10-11.14.19:324][  0]LogTargetPlatformManager:Display: Building Assets For Windows
[2017.07.10-11.14.19:583][  0]LogDerivedDataCache:Display: Max Cache Size: 512 MB
[2017.07.10-11.14.19:924][  0]LogDerivedDataCache: Loaded boot cache 0.34s 48MB C:/Users/Lloyd Phillips/AppData/Local/UnrealEngine/4.12/DerivedDataCache/Boot.ddc.
[2017.07.10-11.14.19:925][  0]LogDerivedDataCache:Display: Loaded Boot cache: C:/Users/Lloyd Phillips/AppData/Local/UnrealEngine/4.12/DerivedDataCache/Boot.ddc
[2017.07.10-11.14.19:925][  0]LogDerivedDataCache: FDerivedDataBackendGraph:  Pak pak cache file G:/University Work/Masters/MastersProject/MastersProject/Ava/DerivedDataCache/DDC.ddp not found, will not use a pak cache.
[2017.07.10-11.14.19:925][  0]LogDerivedDataCache: Unable to find inner node Pak for hierarchical cache Hierarchy.
[2017.07.10-11.14.19:925][  0]LogDerivedDataCache: FDerivedDataBackendGraph:  CompressedPak pak cache file G:/University Work/Masters/MastersProject/MastersProject/Ava/DerivedDataCache/Compressed.ddp not found, will not use a pak cache.
[2017.07.10-11.14.19:925][  0]LogDerivedDataCache: Unable to find inner node CompressedPak for hierarchical cache Hierarchy.
[2017.07.10-11.14.19:957][  0]LogDerivedDataCache:Display: Pak cache opened for reading ../../../Engine/DerivedDataCache/Compressed.ddp.
[2017.07.10-11.14.19:970][  0]LogDerivedDataCache: Using Local data cache path C:/Users/Lloyd Phillips/AppData/Local/UnrealEngine/Common/DerivedDataCache: Writable
[2017.07.10-11.14.20:738][  0]LogInit: Selected Device Profile: [Windows]
[2017.07.10-11.14.20:744][  0]LogContentStreaming: Texture pool size is 0.00 MB
[2017.07.10-11.14.21:414][  0]LogMeshUtilities: No automatic mesh reduction module available
[2017.07.10-11.14.21:414][  0]LogMeshUtilities: No automatic mesh merging module available
[2017.07.10-11.14.21:414][  0]LogMeshUtilities: No distributed automatic mesh merging module available
[2017.07.10-11.14.22:267][  0]LogAssetRegistry: FAssetRegistry took 0.0238 seconds to start up
[2017.07.10-11.14.22:334][  0]LogPackageLocalizationCache: Processed 3 localized package path(s) for 2 prioritized culture(s) in 0.061188 seconds
[2017.07.10-11.14.22:341][  0]LogUObjectArray: 28739 objects as part of root set at end of initial load.
[2017.07.10-11.14.22:341][  0]LogUObjectAllocator: 5855632 out of 0 bytes used by permanent object pool.
[2017.07.10-11.14.22:341][  0]LogUObjectArray: CloseDisregardForGC: 0/0 objects in disregard for GC pool
[2017.07.10-11.14.22:349][  0]LogInit: WinSock: version 1.1 (2.2), MaxSocks=32767, MaxUdp=65467
[2017.07.10-11.14.23:017][  0]LogSlate: SlateFontCache - WITH_FREETYPE: 1, WITH_HARFBUZZ: 1
[2017.07.10-11.14.23:017][  0]LogSlate: SlateFontCache - WITH_FREETYPE: 1, WITH_HARFBUZZ: 1
[2017.07.10-11.14.25:186][  0]LogUdpMessaging: Initializing bridge on interface 0.0.0.0:0 to multicast group 230.0.0.1:6666.
[2017.07.10-11.14.25:307][  0]LogStats: FPlatformStackWalk::StackWalkAndDump -  0.039 s
[2017.07.10-11.14.25:307][  0]LogOutputDevice:Warning: === Handled error: ===

Ensure condition failed: !AttachmentRules.bWeldSimulatedBodies [File:D:\Build\++UE4+Release-4.12+Compile\Sync\Engine\Source\Runtime\Engine\Private\Components\SceneComponent.cpp] [Line: 1481]
AttachToComponent when called from a constructor cannot weld simulated bodies. Consider calling SetupAttachment directly instead.
Stack: 
UE4Editor-Core.dll
UE4Editor-Core.dll
UE4Editor-Core.dll
UE4Editor-Engine.dll
UE4Editor-Ava.dll
UE4Editor-CoreUObject.dll
UE4Editor-CoreUObject.dll
UE4Editor-CoreUObject.dll
UE4Editor-CoreUObject.dll
UE4Editor-Core.dll
UE4Editor-Core.dll
UE4Editor-Projects.dll
UE4Editor-Projects.dll
UE4Editor.exe
UE4Editor.exe
UE4Editor.exe
UE4Editor.exe
UE4Editor.exe
UE4Editor.exe
KERNEL32.DLL
ntdll.dll
ntdll.dll

[2017.07.10-11.14.25:308][  0]LogStats:                SubmitErrorReport -  0.000 s
[2017.07.10-11.14.30:897][  0]LogStats:                    SendNewReport -  5.589 s
[2017.07.10-11.14.30:897][  0]LogStats:             FDebug::EnsureFailed -  5.629 s
[2017.07.10-11.14.31:439][  0]SourceControl: Info Source control is disabled
[2017.07.10-11.14.31:708][  0]SourceControl: Info Source control is disabled
[2017.07.10-11.14.31:725][  0]SourceControl: Info Source control is disabled
[2017.07.10-11.14.31:740][  0]SourceControl: Info Source control is disabled
[2017.07.10-11.14.31:880][  0]LogLinker:Warning: Can't find file '/Game/ThirdPersonBP/ThirdPersonOverview'
[2017.07.10-11.14.31:880][  0]LogLinker:Warning: Can't find file '/Game/ThirdPersonBP/ThirdPersonOverview'
[2017.07.10-11.14.31:880][  0]LogUObjectGlobals:Warning: Failed to find object 'Class /Game/ThirdPersonBP/ThirdPersonOverview.ThirdPersonOverview_C'
[2017.07.10-11.14.32:175][  0]LogEngine: Initializing Engine...
[2017.07.10-11.14.32:221][  0]LogHMD: SteamVR failed to initialize.  Err: 110
[2017.07.10-11.14.32:222][  0]LogHMD: SteamVR failed to initialize.  Err: 110
[2017.07.10-11.14.32:570][  0]LogAIModule: Creating AISystem for world NewWorld
[2017.07.10-11.14.32:614][  0]LogInit: XAudio2 using 'BenQ GL2450H-4 (NVIDIA High Definition Audio)' : 2 channels at 48 kHz using 16 bits per sample (channel mask 0x3)
[2017.07.10-11.14.32:629][  0]LogInit: FAudioDevice initialized.
[2017.07.10-11.14.32:660][  0]LogDerivedDataCache: Saved boot cache 0.03s 48MB C:/Users/Lloyd Phillips/AppData/Local/UnrealEngine/4.12/DerivedDataCache/Boot.ddc.
[2017.07.10-11.14.32:669][  0]LogInit: Texture streaming: Enabled
[2017.07.10-11.14.32:722][  0]LogInit: Transaction tracking system initialized
[2017.07.10-11.14.32:794][  0]BlueprintLog: New page: Editor Load
[2017.07.10-11.14.33:043][  0]LocalizationService: Info Localization service is disabled
[2017.07.10-11.14.33:187][  0]LogConsoleResponse:Display: 
[2017.07.10-11.14.33:674][  0]LogCook:Display: Max memory allowance for cook 8192mb
[2017.07.10-11.14.33:674][  0]LogCook:Display: Mobile HDR setting 1
[2017.07.10-11.14.33:975][  0]LogFileCache: Scanning file cache for directory 'G:/University Work/Masters/MastersProject/MastersProject/Ava/Content/' took 0.02s
[2017.07.10-11.14.33:975][  0]SourceControl: Info Source control is disabled
[2017.07.10-11.14.33:979][  0]Cmd: MAP LOAD FILE="G:/University Work/Masters/MastersProject/MastersProject/Ava/Content/Ava/Maps/MainMenu.umap" TEMPLATE=0 SHOWPROGRESS=1 FEATURELEVEL=3
[2017.07.10-11.14.34:014][  0]LightingResults: New page: Lighting Build
[2017.07.10-11.14.34:031][  0]MapCheck: New page: Map Check
[2017.07.10-11.14.34:031][  0]LightingResults: New page: Lighting Build
[2017.07.10-11.14.34:378][  0]LogAIModule: Creating AISystem for world MainMenu
[2017.07.10-11.14.34:387][  0]LogEditorServer: Finished looking for orphan Actors (0.000 secs)
[2017.07.10-11.14.34:393][  0]Cmd: MAP CHECKDEP NOCLEARLOG
[2017.07.10-11.14.34:435][  0]MapCheck: Info Map check complete: 0 Error(s), 0 Warning(s), took 42.72ms to complete.
[2017.07.10-11.14.34:435][  0]LogFileHelpers: Loading map 'MainMenu' took 0.458
[2017.07.10-11.14.34:714][  0]LogCollectionManager: Loaded 0 collections in 0.001874 seconds
[2017.07.10-11.14.34:785][  0]LogFileCache: Scanning file cache for directory 'G:/University Work/Masters/MastersProject/MastersProject/Ava/Saved/Collections/' took 0.01s
[2017.07.10-11.14.34:785][  0]LogFileCache: Scanning file cache for directory 'G:/University Work/Masters/MastersProject/MastersProject/Ava/Content/Developers/LloydPhillips/Collections/' took 0.01s
[2017.07.10-11.14.34:785][  0]LogFileCache: Scanning file cache for directory 'G:/University Work/Masters/MastersProject/MastersProject/Ava/Content/Collections/' took 0.01s
[2017.07.10-11.14.34:785][  0]LogCollectionManager: Rebuilt the GUID cache for 0 collections in 0.000003 seconds
[2017.07.10-11.14.34:800][  0]LogContentBrowser: Native class hierarchy populated in 0.0132 seconds. Added 2064 classes and 371 folders.
[2017.07.10-11.14.34:810][  0]LogStats: UGameplayTagsManager::ConstructGameplayTagTree: Construct from data asset -  0.000 s
[2017.07.10-11.14.34:811][  0]LogStats: UGameplayTagsManager::ConstructGameplayTagTree: GameplayTagTreeChangedEvent.Broadcast -  0.000 s
[2017.07.10-11.14.34:813][  0]LogContentBrowser: Native class hierarchy updated for 'GameplayTags' in 0.0019 seconds. Added 12 classes and 0 folders.
[2017.07.10-11.14.34:822][  0]LogContentBrowser: Native class hierarchy updated for 'WidgetCarousel' in 0.0016 seconds. Added 0 classes and 0 folders.
[2017.07.10-11.14.35:164][  0]LogContentBrowser: Native class hierarchy updated for 'AddContentDialog' in 0.0016 seconds. Added 0 classes and 0 folders.
[2017.07.10-11.14.35:182][  0]LogContentBrowser: Native class hierarchy updated for 'SceneOutliner' in 0.0016 seconds. Added 1 classes and 2 folders.
[2017.07.10-11.14.35:444][  0]LogCrashTracker: Crashtracker disabled due to settings.
[2017.07.10-11.14.35:480][  0]LogUObjectGlobals:Warning: Failed to find object 'Class None.'
[2017.07.10-11.14.35:528][  0]LogContentBrowser: Native class hierarchy updated for 'HierarchicalLODOutliner' in 0.0016 seconds. Added 1 classes and 2 folders.
[2017.07.10-11.14.35:528][  0]LogLoad: Full Startup: 24.40 seconds (BP compile: 0.12 seconds)
[2017.07.10-11.14.35:528][  0]LogExternalProfiler: Found external profiler: VSPerf
[2017.07.10-11.14.35:528][  0]LogExternalProfiler: Using external profiler: VSPerf
[2017.07.10-11.14.35:540][  0]LogOcInput: OculusInput pre-init called
[2017.07.10-11.14.35:590][  0]LogContentStreaming: Texture pool size now 400 MB
[2017.07.10-11.14.35:859][  0]LogRenderer: Reallocating scene render targets to support 1456x520 (Frame:2).
[2017.07.10-11.14.35:991][  1]LogAssetRegistry: Asset discovery search completed in 13.7464 seconds
[2017.07.10-11.14.35:991][  1]LogCollectionManager: Rebuilt the object cache for 0 collections in 0.000001 seconds (found 0 objects)
[2017.07.10-11.14.35:992][  1]LogCollectionManager: Fixed up redirectors for 0 collections in 0.000353 seconds (updated 0 objects)
[2017.07.10-11.14.43:560][783]LogBlueprint:Warning: Compiler Warning InputAction Event references unknown Action 'Crouch' for  InputAction Crouch 
[2017.07.10-11.14.43:565][783]LogBlueprint:Warning: Compiler Warning [0032.43] Compile of Ue4ASP_Character successful, but with 1 Warning(s) [in 11 ms] (/Game/AnimStarterPack/Ue4ASP_Character.Ue4ASP_Character)
[2017.07.10-11.14.43:565][783]LogBlueprint:Warning: Compiler Warning [0032.43] Compile of Ue4ASP_Character successful, but with 2 Warning(s) [in 0 ms] (/Game/AnimStarterPack/Ue4ASP_Character.Ue4ASP_Character)
[2017.07.10-11.14.43:565][783]LogBlueprint:Warning: Compiler Warning [0032.43] Compile of Ue4ASP_Character successful, but with 3 Warning(s) [in 0 ms] (/Game/AnimStarterPack/Ue4ASP_Character.Ue4ASP_Character)
[2017.07.10-11.14.43:676][783]LogBlueprint:Warning: Compiler Warning InputAction Event references unknown Action 'Crouch' for  InputAction Crouch 
[2017.07.10-11.14.43:679][783]LogBlueprint:Warning: Compiler Warning [0032.55] Compile of Ue4ASP_Character successful, but with 1 Warning(s) [in 8 ms] (/Game/AnimStarterPack/Ue4ASP_Character.Ue4ASP_Character)
[2017.07.10-11.14.43:679][783]LogBlueprint:Warning: Compiler Warning [0032.55] Compile of Ue4ASP_Character successful, but with 2 Warning(s) [in 0 ms] (/Game/AnimStarterPack/Ue4ASP_Character.Ue4ASP_Character)
[2017.07.10-11.14.43:682][783]LogBlueprint:Warning: Compiler Warning [0032.55] Compile of Ue4ASP_Character successful, but with 3 Warning(s) [in 2 ms] (/Game/AnimStarterPack/Ue4ASP_Character.Ue4ASP_Character)
[2017.07.10-11.14.47:814][783]LogMaterial: Missing cached shader map for material M_Basic_Wall, compiling. 
[2017.07.10-11.14.47:819][783]LogMaterial:Warning: Failed to compile Material /Game/StarterContent/Materials/M_Basic_Wall.M_Basic_Wall for platform PCD3D_SM5, Default Material will be used in game.
[2017.07.10-11.14.47:819][783]LogMaterial:Warning: 	(Node TextureSample) TextureSample> Missing input texture
[2017.07.10-11.14.48:123][783]LogAIModule: Creating AISystem for world PalaceLevel
[2017.07.10-11.14.48:369][783]Cmd: MAP LOAD FILE="G:/University Work/Masters/MastersProject/MastersProject/Ava/Content/Ava/Maps/PalaceLevel.umap" TEMPLATE=0 SHOWPROGRESS=1 FEATURELEVEL=3
[2017.07.10-11.14.48:369][783]LightingResults: New page: Lighting Build
[2017.07.10-11.14.48:370][783]LoadErrors: New page: Loading map: PalaceLevel.umap
[2017.07.10-11.14.48:371][783]MapCheck: New page: Map Check
[2017.07.10-11.14.48:371][783]LightingResults: New page: Lighting Build
[2017.07.10-11.14.48:505][783]LogEditorServer: Finished looking for orphan Actors (0.000 secs)
[2017.07.10-11.14.48:571][783]Cmd: MAP CHECKDEP NOCLEARLOG
[2017.07.10-11.14.48:639][783]MapCheck: Info Map check complete: 0 Error(s), 0 Warning(s), took 68.116ms to complete.
[2017.07.10-11.14.48:639][783]LogFileHelpers: Loading map 'PalaceLevel' took 0.274
[2017.07.10-11.15.10:017][255]LogEditorViewport: Clicking on Actor (LMB): PushPullItem (PushPullItem1)
[2017.07.10-11.15.10:136][255]Cmd: CAMERA ALIGN ACTIVEVIEWPORTONLY
[2017.07.10-11.15.15:013][778]LogBlueprintUserMessages: Early PlayInEditor Detection: Level '/Game/Ava/Maps/PalaceLevel.PalaceLevel:PersistentLevel' has LevelScriptBlueprint '/Game/Ava/Maps/PalaceLevel.PalaceLevel:PersistentLevel.PalaceLevel' with GeneratedClass '/Game/Ava/Maps/PalaceLevel.PalaceLevel_C' with ClassGeneratedBy '/Game/Ava/Maps/PalaceLevel.PalaceLevel:PersistentLevel.PalaceLevel'
[2017.07.10-11.15.15:013][778]LogPlayLevel: PlayLevel: No blueprints needed recompiling
[2017.07.10-11.15.15:018][778]PIE: New page: PIE session: PalaceLevel (Jul 10, 2017, 12:15:15 PM)
[2017.07.10-11.15.15:018][778]LogPlayLevel: Creating play world package: /Game/Ava/Maps/UEDPIE_0_PalaceLevel
[2017.07.10-11.15.15:086][778]LogPlayLevel: PIE: StaticDuplicateObject took: (0.068427s)
[2017.07.10-11.15.15:087][778]LogAIModule: Creating AISystem for world PalaceLevel
[2017.07.10-11.15.15:087][778]LogPlayLevel: PIE: World Init took: (0.000630s)
[2017.07.10-11.15.15:088][778]LogPlayLevel: PIE: Created PIE world by copying editor world from /Game/Ava/Maps/PalaceLevel.PalaceLevel to /Game/Ava/Maps/UEDPIE_0_PalaceLevel.PalaceLevel (0.070716s)
[2017.07.10-11.15.15:104][778]LogInit: XAudio2 using 'BenQ GL2450H-4 (NVIDIA High Definition Audio)' : 2 channels at 48 kHz using 16 bits per sample (channel mask 0x3)
[2017.07.10-11.15.15:111][778]LogInit: FAudioDevice initialized.
[2017.07.10-11.15.15:199][778]LogWorld: Game class is 'AvaGameMode'
[2017.07.10-11.15.15:251][778]LogWorld: Bringing World /Game/Ava/Maps/UEDPIE_0_PalaceLevel.PalaceLevel up for play (max tick rate 0) at 2017.07.10-12.15.15
[2017.07.10-11.15.15:265][778]LogWorld: Bringing up level for play took: 0.054927
[2017.07.10-11.15.15:287][778]LogContentBrowser: Native class hierarchy updated for 'MovieSceneCapture' in 0.0016 seconds. Added 11 classes and 0 folders.
[2017.07.10-11.15.15:343][778]PIE: Info Play in editor start time for /Game/Ava/Maps/UEDPIE_0_PalaceLevel 1.16
[2017.07.10-11.15.15:344][778]LogBlueprintUserMessages: Late PlayInEditor Detection: Level '/Game/Ava/Maps/PalaceLevel.PalaceLevel:PersistentLevel' has LevelScriptBlueprint '/Game/Ava/Maps/PalaceLevel.PalaceLevel:PersistentLevel.PalaceLevel' with GeneratedClass '/Game/Ava/Maps/PalaceLevel.PalaceLevel_C' with ClassGeneratedBy '/Game/Ava/Maps/PalaceLevel.PalaceLevel:PersistentLevel.PalaceLevel'
[2017.07.10-11.15.28:321][322]LogCharacterMovement: MyMainCharacterBP_2 is stuck and failed to move! Velocity: X=-5.918 Y=16.008 Z=0.000 Location: X=306.853 Y=-2349.520 Z=170.206 Normal: X=0.950 Y=-0.000 Z=0.312 PenetrationDepth:11.965 Actor:PushPullItem_1 Component:PickupMesh BoneName:None
[2017.07.10-11.15.28:329][323]LogCharacterMovement: MyMainCharacterBP_2 is stuck and failed to move! Velocity: X=-11.888 Y=31.997 Z=0.000 Location: X=306.854 Y=-2349.520 Z=170.207 Normal: X=0.950 Y=-0.000 Z=0.312 PenetrationDepth:11.964 Actor:PushPullItem_1 Component:PickupMesh BoneName:None
[2017.07.10-11.15.28:337][324]LogCharacterMovement: MyMainCharacterBP_2 is stuck and failed to move! Velocity: X=-17.857 Y=47.985 Z=0.000 Location: X=306.854 Y=-2349.520 Z=170.207 Normal: X=0.950 Y=-0.000 Z=0.312 PenetrationDepth:11.963 Actor:PushPullItem_1 Component:PickupMesh BoneName:None
[2017.07.10-11.15.28:345][325]LogCharacterMovement: MyMainCharacterBP_2 is stuck and failed to move! Velocity: X=-23.826 Y=63.974 Z=0.000 Location: X=306.855 Y=-2349.520 Z=170.207 Normal: X=0.950 Y=-0.000 Z=0.312 PenetrationDepth:11.963 Actor:PushPullItem_1 Component:PickupMesh BoneName:None
[2017.07.10-11.15.28:354][326]LogCharacterMovement: MyMainCharacterBP_2 is stuck and failed to move! Velocity: X=-29.795 Y=79.963 Z=0.000 Location: X=306.855 Y=-2349.520 Z=170.207 Normal: X=0.950 Y=-0.000 Z=0.312 PenetrationDepth:11.963 Actor:PushPullItem_1 Component:PickupMesh BoneName:None
[2017.07.10-11.15.28:362][327]LogCharacterMovement: MyMainCharacterBP_2 is stuck and failed to move! Velocity: X=-35.764 Y=95.952 Z=0.000 Location: X=306.856 Y=-2349.520 Z=170.207 Normal: X=0.950 Y=-0.000 Z=0.312 PenetrationDepth:11.962 Actor:PushPullItem_1 Component:PickupMesh BoneName:None
[2017.07.10-11.15.28:370][328]LogCharacterMovement: MyMainCharacterBP_2 is stuck and failed to move! Velocity: X=-41.733 Y=111.942 Z=0.000 Location: X=306.857 Y=-2349.520 Z=170.208 Normal: X=0.950 Y=-0.000 Z=0.312 PenetrationDepth:11.961 Actor:PushPullItem_1 Component:PickupMesh BoneName:None
[2017.07.10-11.15.28:379][329]LogCharacterMovement: MyMainCharacterBP_2 is stuck and failed to move! Velocity: X=-47.701 Y=127.931 Z=0.000 Location: X=306.857 Y=-2349.520 Z=170.208 Normal: X=0.950 Y=-0.000 Z=0.312 PenetrationDepth:11.960 Actor:PushPullItem_1 Component:PickupMesh BoneName:None
[2017.07.10-11.15.28:387][330]LogCharacterMovement: MyMainCharacterBP_2 is stuck and failed to move! Velocity: X=-52.411 Y=140.546 Z=0.000 Location: X=306.858 Y=-2349.520 Z=170.208 Normal: X=0.950 Y=-0.000 Z=0.312 PenetrationDepth:11.959 Actor:PushPullItem_1 Component:PickupMesh BoneName:None
[2017.07.10-11.15.28:395][331]LogCharacterMovement: MyMainCharacterBP_2 is stuck and failed to move! Velocity: X=-52.415 Y=140.544 Z=0.000 Location: X=306.858 Y=-2349.520 Z=170.208 Normal: X=0.950 Y=-0.000 Z=0.312 PenetrationDepth:11.959 Actor:PushPullItem_1 Component:PickupMesh BoneName:None
[2017.07.10-11.15.28:404][332]LogCharacterMovement: MyMainCharacterBP_2 is stuck and failed to move! Velocity: X=-52.419 Y=140.543 Z=0.000 Location: X=306.858 Y=-2349.520 Z=170.208 Normal: X=0.950 Y=-0.000 Z=0.312 PenetrationDepth:11.959 Actor:PushPullItem_1 Component:PickupMesh BoneName:None
[2017.07.10-11.15.28:412][333]LogCharacterMovement: MyMainCharacterBP_2 is stuck and failed to move! Velocity: X=-52.422 Y=140.542 Z=0.000 Location: X=306.858 Y=-2349.520 Z=170.208 Normal: X=0.950 Y=-0.000 Z=0.312 PenetrationDepth:11.959 Actor:PushPullItem_1 Component:PickupMesh BoneName:None
[2017.07.10-11.15.28:420][334]LogCharacterMovement: MyMainCharacterBP_2 is stuck and failed to move! Velocity: X=-52.425 Y=140.541 Z=0.000 Location: X=306.858 Y=-2349.520 Z=170.208 Normal: X=0.950 Y=-0.000 Z=0.312 PenetrationDepth:11.959 Actor:PushPullItem_1 Component:PickupMesh BoneName:None
[2017.07.10-11.15.28:429][335]LogCharacterMovement: MyMainCharacterBP_2 is stuck and failed to move! Velocity: X=-52.427 Y=140.540 Z=0.000 Location: X=306.858 Y=-2349.520 Z=170.208 Normal: X=0.950 Y=-0.000 Z=0.312 PenetrationDepth:11.959 Actor:PushPullItem_1 Component:PickupMesh BoneName:None
[2017.07.10-11.15.28:437][336]LogCharacterMovement: MyMainCharacterBP_2 is stuck and failed to move! Velocity: X=-52.429 Y=140.539 Z=0.000 Location: X=306.858 Y=-2349.520 Z=170.208 Normal: X=0.950 Y=-0.000 Z=0.312 PenetrationDepth:11.959 Actor:PushPullItem_1 Component:PickupMesh BoneName:None
[2017.07.10-11.15.28:445][337]LogCharacterMovement: MyMainCharacterBP_2 is stuck and failed to move! Velocity: X=-52.430 Y=140.539 Z=0.000 Location: X=306.858 Y=-2349.520 Z=170.208 Normal: X=0.950 Y=-0.000 Z=0.312 PenetrationDepth:11.959 Actor:PushPullItem_1 Component:PickupMesh BoneName:None
[2017.07.10-11.15.28:454][338]LogCharacterMovement: MyMainCharacterBP_2 is stuck and failed to move! Velocity: X=-52.431 Y=140.538 Z=0.000 Location: X=306.858 Y=-2349.520 Z=170.208 Normal: X=0.950 Y=-0.000 Z=0.312 PenetrationDepth:11.959 Actor:PushPullItem_1 Component:PickupMesh BoneName:None
[2017.07.10-11.15.28:462][339]LogCharacterMovement: MyMainCharacterBP_2 is stuck and failed to move! Velocity: X=-52.433 Y=140.538 Z=0.000 Location: X=306.858 Y=-2349.520 Z=170.208 Normal: X=0.950 Y=-0.000 Z=0.312 PenetrationDepth:11.959 Actor:PushPullItem_1 Component:PickupMesh BoneName:None
[2017.07.10-11.15.28:470][340]LogCharacterMovement: MyMainCharacterBP_2 is stuck and failed to move! Velocity: X=-52.433 Y=140.537 Z=0.000 Location: X=306.858 Y=-2349.520 Z=170.208 Normal: X=0.950 Y=-0.000 Z=0.312 PenetrationDepth:11.959 Actor:PushPullItem_1 Component:PickupMesh BoneName:None
[2017.07.10-11.15.28:479][341]LogCharacterMovement: MyMainCharacterBP_2 is stuck and failed to move! Velocity: X=-52.434 Y=140.537 Z=0.000 Location: X=306.858 Y=-2349.520 Z=170.208 Normal: X=0.950 Y=-0.000 Z=0.312 PenetrationDepth:11.959 Actor:PushPullItem_1 Component:PickupMesh BoneName:None
[2017.07.10-11.15.28:487][342]LogCharacterMovement: MyMainCharacterBP_2 is stuck and failed to move! Velocity: X=-52.435 Y=140.537 Z=0.000 Location: X=306.858 Y=-2349.520 Z=170.208 Normal: X=0.950 Y=-0.000 Z=0.312 PenetrationDepth:11.959 Actor:PushPullItem_1 Component:PickupMesh BoneName:None
[2017.07.10-11.15.28:495][343]LogCharacterMovement: MyMainCharacterBP_2 is stuck and failed to move! Velocity: X=-52.435 Y=140.537 Z=0.000 Location: X=306.858 Y=-2349.520 Z=170.208 Normal: X=0.950 Y=-0.000 Z=0.312 PenetrationDepth:11.959 Actor:PushPullItem_1 Component:PickupMesh BoneName:None
[2017.07.10-11.15.28:504][344]LogCharacterMovement: MyMainCharacterBP_2 is stuck and failed to move! Velocity: X=-52.436 Y=140.536 Z=0.000 Location: X=306.858 Y=-2349.520 Z=170.208 Normal: X=0.950 Y=-0.000 Z=0.312 PenetrationDepth:11.959 Actor:PushPullItem_1 Component:PickupMesh BoneName:None
[2017.07.10-11.15.28:512][345]LogCharacterMovement: MyMainCharacterBP_2 is stuck and failed to move! Velocity: X=-52.436 Y=140.536 Z=0.000 Location: X=306.858 Y=-2349.520 Z=170.208 Normal: X=0.950 Y=-0.000 Z=0.312 PenetrationDepth:11.959 Actor:PushPullItem_1 Component:PickupMesh BoneName:None
[2017.07.10-11.15.28:520][346]LogCharacterMovement: MyMainCharacterBP_2 is stuck and failed to move! Velocity: X=-52.436 Y=140.536 Z=0.000 Location: X=306.858 Y=-2349.520 Z=170.208 Normal: X=0.950 Y=-0.000 Z=0.312 PenetrationDepth:11.959 Actor:PushPullItem_1 Component:PickupMesh BoneName:None
[2017.07.10-11.15.28:532][347]LogCharacterMovement: MyMainCharacterBP_2 is stuck and failed to move! Velocity: X=-52.437 Y=140.536 Z=0.000 Location: X=306.859 Y=-2349.520 Z=170.208 Normal: X=0.950 Y=-0.000 Z=0.312 PenetrationDepth:11.959 Actor:PushPullItem_1 Component:PickupMesh BoneName:None
[2017.07.10-11.15.28:538][348]LogCharacterMovement: MyMainCharacterBP_2 is stuck and failed to move! Velocity: X=-52.437 Y=140.536 Z=0.000 Location: X=306.859 Y=-2349.520 Z=170.208 Normal: X=0.950 Y=-0.000 Z=0.312 PenetrationDepth:11.959 Actor:PushPullItem_1 Component:PickupMesh BoneName:None
[2017.07.10-11.15.28:546][349]LogCharacterMovement: MyMainCharacterBP_2 is stuck and failed to move! Velocity: X=-52.437 Y=140.536 Z=0.000 Location: X=306.859 Y=-2349.520 Z=170.208 Normal: X=0.950 Y=-0.000 Z=0.312 PenetrationDepth:11.959 Actor:PushPullItem_1 Component:PickupMesh BoneName:None
[2017.07.10-11.15.28:555][350]LogCharacterMovement: MyMainCharacterBP_2 is stuck and failed to move! Velocity: X=-52.437 Y=140.536 Z=0.000 Location: X=306.859 Y=-2349.520 Z=170.208 Normal: X=0.950 Y=-0.000 Z=0.312 PenetrationDepth:11.959 Actor:PushPullItem_1 Component:PickupMesh BoneName:None
[2017.07.10-11.15.28:563][351]LogCharacterMovement: MyMainCharacterBP_2 is stuck and failed to move! Velocity: X=-52.437 Y=140.536 Z=0.000 Location: X=306.859 Y=-2349.520 Z=170.208 Normal: X=0.950 Y=-0.000 Z=0.312 PenetrationDepth:11.959 Actor:PushPullItem_1 Component:PickupMesh BoneName:None
[2017.07.10-11.15.28:571][352]LogCharacterMovement: MyMainCharacterBP_2 is stuck and failed to move! Velocity: X=-52.464 Y=140.526 Z=0.000 Location: X=306.859 Y=-2349.520 Z=170.208 Normal: X=0.950 Y=-0.000 Z=0.312 PenetrationDepth:11.959 Actor:PushPullItem_1 Component:PickupMesh BoneName:None
[2017.07.10-11.15.28:580][353]LogCharacterMovement: MyMainCharacterBP_2 is stuck and failed to move! Velocity: X=-52.513 Y=140.508 Z=0.000 Location: X=306.859 Y=-2349.520 Z=170.208 Normal: X=0.950 Y=-0.000 Z=0.312 PenetrationDepth:11.959 Actor:PushPullItem_1 Component:PickupMesh BoneName:None
[2017.07.10-11.15.28:588][354]LogCharacterMovement: MyMainCharacterBP_2 is stuck and failed to move! Velocity: X=-52.608 Y=140.472 Z=0.000 Location: X=306.859 Y=-2349.520 Z=170.208 Normal: X=0.950 Y=-0.000 Z=0.312 PenetrationDepth:11.959 Actor:PushPullItem_1 Component:PickupMesh BoneName:None
[2017.07.10-11.15.28:596][355]LogCharacterMovement: MyMainCharacterBP_2 is stuck and failed to move! Velocity: X=-52.689 Y=140.442 Z=0.000 Location: X=306.859 Y=-2349.520 Z=170.208 Normal: X=0.950 Y=-0.000 Z=0.312 PenetrationDepth:11.959 Actor:PushPullItem_1 Component:PickupMesh BoneName:None
[2017.07.10-11.15.28:605][356]LogCharacterMovement: MyMainCharacterBP_2 is stuck and failed to move! Velocity: X=-52.756 Y=140.417 Z=0.000 Location: X=306.859 Y=-2349.520 Z=170.208 Normal: X=0.950 Y=-0.000 Z=0.312 PenetrationDepth:11.959 Actor:PushPullItem_1 Component:PickupMesh BoneName:None
[2017.07.10-11.15.28:613][357]LogCharacterMovement: MyMainCharacterBP_2 is stuck and failed to move! Velocity: X=-52.812 Y=140.395 Z=0.000 Location: X=306.859 Y=-2349.520 Z=170.208 Normal: X=0.950 Y=-0.000 Z=0.312 PenetrationDepth:11.959 Actor:PushPullItem_1 Component:PickupMesh BoneName:None
[2017.07.10-11.15.28:621][358]LogCharacterMovement: MyMainCharacterBP_2 is stuck and failed to move! Velocity: X=-52.807 Y=140.397 Z=0.000 Location: X=306.859 Y=-2349.520 Z=170.208 Normal: X=0.950 Y=-0.000 Z=0.312 PenetrationDepth:11.959 Actor:PushPullItem_1 Component:PickupMesh BoneName:None
[2017.07.10-11.15.28:630][359]LogCharacterMovement: MyMainCharacterBP_2 is stuck and failed to move! Velocity: X=-52.803 Y=140.399 Z=0.000 Location: X=306.859 Y=-2349.520 Z=170.208 Normal: X=0.950 Y=-0.000 Z=0.312 PenetrationDepth:11.959 Actor:PushPullItem_1 Component:PickupMesh BoneName:None
[2017.07.10-11.15.28:638][360]LogCharacterMovement: MyMainCharacterBP_2 is stuck and failed to move! Velocity: X=-52.800 Y=140.400 Z=0.000 Location: X=306.859 Y=-2349.520 Z=170.208 Normal: X=0.950 Y=-0.000 Z=0.312 PenetrationDepth:11.959 Actor:PushPullItem_1 Component:PickupMesh BoneName:None
[2017.07.10-11.15.28:646][361]LogCharacterMovement: MyMainCharacterBP_2 is stuck and failed to move! Velocity: X=-52.797 Y=140.401 Z=0.000 Location: X=306.859 Y=-2349.520 Z=170.208 Normal: X=0.950 Y=-0.000 Z=0.312 PenetrationDepth:11.959 Actor:PushPullItem_1 Component:PickupMesh BoneName:None
[2017.07.10-11.15.28:655][362]LogCharacterMovement: MyMainCharacterBP_2 is stuck and failed to move! Velocity: X=-52.794 Y=140.402 Z=0.000 Location: X=306.859 Y=-2349.520 Z=170.208 Normal: X=0.950 Y=-0.000 Z=0.312 PenetrationDepth:11.959 Actor:PushPullItem_1 Component:PickupMesh BoneName:None
[2017.07.10-11.15.28:663][363]LogCharacterMovement: MyMainCharacterBP_2 is stuck and failed to move! Velocity: X=-52.792 Y=140.403 Z=0.000 Location: X=306.859 Y=-2349.520 Z=170.208 Normal: X=0.950 Y=-0.000 Z=0.312 PenetrationDepth:11.959 Actor:PushPullItem_1 Component:PickupMesh BoneName:None
[2017.07.10-11.15.28:671][364]LogCharacterMovement: MyMainCharacterBP_2 is stuck and failed to move! Velocity: X=-52.790 Y=140.404 Z=0.000 Location: X=306.859 Y=-2349.520 Z=170.208 Normal: X=0.950 Y=-0.000 Z=0.312 PenetrationDepth:11.959 Actor:PushPullItem_1 Component:PickupMesh BoneName:None
[2017.07.10-11.15.28:680][365]LogCharacterMovement: MyMainCharacterBP_2 is stuck and failed to move! Velocity: X=-52.789 Y=140.404 Z=0.000 Location: X=306.859 Y=-2349.520 Z=170.208 Normal: X=0.950 Y=-0.000 Z=0.312 PenetrationDepth:11.959 Actor:PushPullItem_1 Component:PickupMesh BoneName:None
[2017.07.10-11.15.28:688][366]LogCharacterMovement: MyMainCharacterBP_2 is stuck and failed to move! Velocity: X=-52.788 Y=140.405 Z=0.000 Location: X=306.859 Y=-2349.520 Z=170.208 Normal: X=0.950 Y=-0.000 Z=0.312 PenetrationDepth:11.959 Actor:PushPullItem_1 Component:PickupMesh BoneName:None
[2017.07.10-11.15.28:696][367]LogCharacterMovement: MyMainCharacterBP_2 is stuck and failed to move! Velocity: X=-52.787 Y=140.405 Z=0.000 Location: X=306.859 Y=-2349.520 Z=170.208 Normal: X=0.950 Y=-0.000 Z=0.312 PenetrationDepth:11.959 Actor:PushPullItem_1 Component:PickupMesh BoneName:None
[2017.07.10-11.15.28:705][368]LogCharacterMovement: MyMainCharacterBP_2 is stuck and failed to move! Velocity: X=-52.786 Y=140.405 Z=0.000 Location: X=306.859 Y=-2349.520 Z=170.208 Normal: X=0.950 Y=-0.000 Z=0.312 PenetrationDepth:11.959 Actor:PushPullItem_1 Component:PickupMesh BoneName:None
[2017.07.10-11.15.28:713][369]LogCharacterMovement: MyMainCharacterBP_2 is stuck and failed to move! Velocity: X=-52.759 Y=140.415 Z=0.000 Location: X=306.859 Y=-2349.520 Z=170.208 Normal: X=0.950 Y=-0.000 Z=0.312 PenetrationDepth:11.959 Actor:PushPullItem_1 Component:PickupMesh BoneName:None
[2017.07.10-11.15.28:721][370]LogCharacterMovement: MyMainCharacterBP_2 is stuck and failed to move! Velocity: X=-52.655 Y=140.454 Z=0.000 Location: X=306.859 Y=-2349.520 Z=170.208 Normal: X=0.950 Y=-0.000 Z=0.312 PenetrationDepth:11.959 Actor:PushPullItem_1 Component:PickupMesh BoneName:None
[2017.07.10-11.15.28:730][371]LogCharacterMovement: MyMainCharacterBP_2 is stuck and failed to move! Velocity: X=-52.486 Y=140.518 Z=0.000 Location: X=306.859 Y=-2349.520 Z=170.208 Normal: X=0.950 Y=-0.000 Z=0.312 PenetrationDepth:11.959 Actor:PushPullItem_1 Component:PickupMesh BoneName:None
[2017.07.10-11.15.28:738][372]LogCharacterMovement: MyMainCharacterBP_2 is stuck and failed to move! Velocity: X=-52.263 Y=140.601 Z=0.000 Location: X=306.859 Y=-2349.520 Z=170.208 Normal: X=0.950 Y=-0.000 Z=0.312 PenetrationDepth:11.959 Actor:PushPullItem_1 Component:PickupMesh BoneName:None
[2017.07.10-11.15.28:746][373]LogCharacterMovement: MyMainCharacterBP_2 is stuck and failed to move! Velocity: X=-51.967 Y=140.711 Z=0.000 Location: X=306.859 Y=-2349.520 Z=170.208 Normal: X=0.950 Y=-0.000 Z=0.312 PenetrationDepth:11.959 Actor:PushPullItem_1 Component:PickupMesh BoneName:None
[2017.07.10-11.15.28:755][374]LogCharacterMovement: MyMainCharacterBP_2 is stuck and failed to move! Velocity: X=-51.635 Y=140.833 Z=0.000 Location: X=306.859 Y=-2349.520 Z=170.208 Normal: X=0.950 Y=-0.000 Z=0.312 PenetrationDepth:11.959 Actor:PushPullItem_1 Component:PickupMesh BoneName:None
[2017.07.10-11.15.28:763][375]LogCharacterMovement: MyMainCharacterBP_2 is stuck and failed to move! Velocity: X=-51.248 Y=140.974 Z=0.000 Location: X=306.859 Y=-2349.520 Z=170.208 Normal: X=0.950 Y=-0.000 Z=0.312 PenetrationDepth:11.959 Actor:PushPullItem_1 Component:PickupMesh BoneName:None
[2017.07.10-11.15.28:771][376]LogCharacterMovement: MyMainCharacterBP_2 is stuck and failed to move! Velocity: X=-50.787 Y=141.141 Z=0.000 Location: X=306.859 Y=-2349.520 Z=170.208 Normal: X=0.950 Y=-0.000 Z=0.312 PenetrationDepth:11.959 Actor:PushPullItem_1 Component:PickupMesh BoneName:None
[2017.07.10-11.15.28:780][377]LogCharacterMovement: MyMainCharacterBP_2 is stuck and failed to move! Velocity: X=-50.291 Y=141.318 Z=0.000 Location: X=306.859 Y=-2349.520 Z=170.208 Normal: X=0.950 Y=-0.000 Z=0.312 PenetrationDepth:11.959 Actor:PushPullItem_1 Component:PickupMesh BoneName:None
[2017.07.10-11.15.28:788][378]LogCharacterMovement: MyMainCharacterBP_2 is stuck and failed to move! Velocity: X=-49.765 Y=141.504 Z=0.000 Location: X=306.859 Y=-2349.520 Z=170.208 Normal: X=0.950 Y=-0.000 Z=0.312 PenetrationDepth:11.959 Actor:PushPullItem_1 Component:PickupMesh BoneName:None
[2017.07.10-11.15.28:797][379]LogCharacterMovement: MyMainCharacterBP_2 is stuck and failed to move! Velocity: X=-49.227 Y=141.692 Z=0.000 Location: X=306.859 Y=-2349.520 Z=170.208 Normal: X=0.950 Y=-0.000 Z=0.312 PenetrationDepth:11.959 Actor:PushPullItem_1 Component:PickupMesh BoneName:None
[2017.07.10-11.15.28:805][380]LogCharacterMovement: MyMainCharacterBP_2 is stuck and failed to move! Velocity: X=-48.706 Y=141.872 Z=0.000 Location: X=306.859 Y=-2349.520 Z=170.208 Normal: X=0.950 Y=-0.000 Z=0.312 PenetrationDepth:11.959 Actor:PushPullItem_1 Component:PickupMesh BoneName:None
[2017.07.10-11.15.28:813][381]LogCharacterMovement: MyMainCharacterBP_2 is stuck and failed to move! Velocity: X=-48.212 Y=142.041 Z=0.000 Location: X=306.859 Y=-2349.520 Z=170.208 Normal: X=0.950 Y=-0.000 Z=0.312 PenetrationDepth:11.959 Actor:PushPullItem_1 Component:PickupMesh BoneName:None
[2017.07.10-11.15.28:822][382]LogCharacterMovement: MyMainCharacterBP_2 is stuck and failed to move! Velocity: X=-47.743 Y=142.199 Z=0.000 Location: X=306.859 Y=-2349.520 Z=170.208 Normal: X=0.950 Y=-0.000 Z=0.312 PenetrationDepth:11.959 Actor:PushPullItem_1 Component:PickupMesh BoneName:None
[2017.07.10-11.15.28:830][383]LogCharacterMovement: MyMainCharacterBP_2 is stuck and failed to move! Velocity: X=-47.321 Y=142.340 Z=0.000 Location: X=306.859 Y=-2349.520 Z=170.208 Normal: X=0.950 Y=-0.000 Z=0.312 PenetrationDepth:11.959 Actor:PushPullItem_1 Component:PickupMesh BoneName:None
[2017.07.10-11.15.28:838][384]LogCharacterMovement: MyMainCharacterBP_2 is stuck and failed to move! Velocity: X=-46.968 Y=142.457 Z=0.000 Location: X=306.859 Y=-2349.520 Z=170.208 Normal: X=0.950 Y=-0.000 Z=0.312 PenetrationDepth:11.959 Actor:PushPullItem_1 Component:PickupMesh BoneName:None
[2017.07.10-11.15.28:847][385]LogCharacterMovement: MyMainCharacterBP_2 is stuck and failed to move! Velocity: X=-46.672 Y=142.554 Z=0.000 Location: X=306.859 Y=-2349.520 Z=170.208 Normal: X=0.950 Y=-0.000 Z=0.312 PenetrationDepth:11.959 Actor:PushPullItem_1 Component:PickupMesh BoneName:None
[2017.07.10-11.15.28:855][386]LogCharacterMovement: MyMainCharacterBP_2 is stuck and failed to move! Velocity: X=-46.397 Y=142.644 Z=0.000 Location: X=306.859 Y=-2349.520 Z=170.208 Normal: X=0.950 Y=-0.000 Z=0.312 PenetrationDepth:11.959 Actor:PushPullItem_1 Component:PickupMesh BoneName:None
[2017.07.10-11.15.28:863][387]LogCharacterMovement: MyMainCharacterBP_2 is stuck and failed to move! Velocity: X=-46.166 Y=142.719 Z=0.000 Location: X=306.859 Y=-2349.520 Z=170.208 Normal: X=0.950 Y=-0.000 Z=0.312 PenetrationDepth:11.959 Actor:PushPullItem_1 Component:PickupMesh BoneName:None
[2017.07.10-11.15.28:872][388]LogCharacterMovement: MyMainCharacterBP_2 is stuck and failed to move! Velocity: X=-45.947 Y=142.790 Z=0.000 Location: X=306.859 Y=-2349.520 Z=170.208 Normal: X=0.950 Y=-0.000 Z=0.312 PenetrationDepth:11.959 Actor:PushPullItem_1 Component:PickupMesh BoneName:None
[2017.07.10-11.15.28:880][389]LogCharacterMovement: MyMainCharacterBP_2 is stuck and failed to move! Velocity: X=-45.707 Y=142.866 Z=0.000 Location: X=306.859 Y=-2349.520 Z=170.208 Normal: X=0.950 Y=-0.000 Z=0.312 PenetrationDepth:11.959 Actor:PushPullItem_1 Component:PickupMesh BoneName:None
[2017.07.10-11.15.28:888][390]LogCharacterMovement: MyMainCharacterBP_2 is stuck and failed to move! Velocity: X=-45.424 Y=142.957 Z=0.000 Location: X=306.859 Y=-2349.520 Z=170.208 Normal: X=0.950 Y=-0.000 Z=0.312 PenetrationDepth:11.959 Actor:PushPullItem_1 Component:PickupMesh BoneName:None
[2017.07.10-11.15.28:897][391]LogCharacterMovement: MyMainCharacterBP_2 is stuck and failed to move! Velocity: X=-45.075 Y=143.067 Z=0.000 Location: X=306.859 Y=-2349.520 Z=170.208 Normal: X=0.950 Y=-0.000 Z=0.312 PenetrationDepth:11.959 Actor:PushPullItem_1 Component:PickupMesh BoneName:None
[2017.07.10-11.15.28:905][392]LogCharacterMovement: MyMainCharacterBP_2 is stuck and failed to move! Velocity: X=-44.672 Y=143.194 Z=0.000 Location: X=306.859 Y=-2349.520 Z=170.208 Normal: X=0.950 Y=-0.000 Z=0.312 PenetrationDepth:11.959 Actor:PushPullItem_1 Component:PickupMesh BoneName:None
[2017.07.10-11.15.28:913][393]LogCharacterMovement: MyMainCharacterBP_2 is stuck and failed to move! Velocity: X=-44.194 Y=143.342 Z=0.000 Location: X=306.859 Y=-2349.520 Z=170.208 Normal: X=0.950 Y=-0.000 Z=0.312 PenetrationDepth:11.959 Actor:PushPullItem_1 Component:PickupMesh BoneName:None
[2017.07.10-11.15.28:922][394]LogCharacterMovement: MyMainCharacterBP_2 is stuck and failed to move! Velocity: X=-43.654 Y=143.507 Z=0.000 Location: X=306.859 Y=-2349.520 Z=170.208 Normal: X=0.950 Y=-0.000 Z=0.312 PenetrationDepth:11.959 Actor:PushPullItem_1 Component:PickupMesh BoneName:None
[2017.07.10-11.15.28:930][395]LogCharacterMovement: MyMainCharacterBP_2 is stuck and failed to move! Velocity: X=-43.090 Y=143.678 Z=0.000 Location: X=306.859 Y=-2349.520 Z=170.208 Normal: X=0.950 Y=-0.000 Z=0.312 PenetrationDepth:11.959 Actor:PushPullItem_1 Component:PickupMesh BoneName:None
[2017.07.10-11.15.28:938][396]LogCharacterMovement: MyMainCharacterBP_2 is stuck and failed to move! Velocity: X=-42.505 Y=143.852 Z=0.000 Location: X=306.859 Y=-2349.520 Z=170.208 Normal: X=0.950 Y=-0.000 Z=0.312 PenetrationDepth:11.959 Actor:PushPullItem_1 Component:PickupMesh BoneName:None
[2017.07.10-11.15.28:946][397]LogCharacterMovement: MyMainCharacterBP_2 is stuck and failed to move! Velocity: X=-41.931 Y=144.020 Z=0.000 Location: X=306.859 Y=-2349.520 Z=170.208 Normal: X=0.950 Y=-0.000 Z=0.312 PenetrationDepth:11.959 Actor:PushPullItem_1 Component:PickupMesh BoneName:None
[2017.07.10-11.15.28:955][398]LogCharacterMovement: MyMainCharacterBP_2 is stuck and failed to move! Velocity: X=-41.393 Y=144.176 Z=0.000 Location: X=306.859 Y=-2349.520 Z=170.208 Normal: X=0.950 Y=-0.000 Z=0.312 PenetrationDepth:11.959 Actor:PushPullItem_1 Component:PickupMesh BoneName:None
[2017.07.10-11.15.28:963][399]LogCharacterMovement: MyMainCharacterBP_2 is stuck and failed to move! Velocity: X=-40.858 Y=144.328 Z=0.000 Location: X=306.859 Y=-2349.520 Z=170.208 Normal: X=0.950 Y=-0.000 Z=0.312 PenetrationDepth:11.959 Actor:PushPullItem_1 Component:PickupMesh BoneName:None
[2017.07.10-11.15.28:971][400]LogCharacterMovement: MyMainCharacterBP_2 is stuck and failed to move! Velocity: X=-40.409 Y=144.454 Z=0.000 Location: X=306.859 Y=-2349.520 Z=170.208 Normal: X=0.950 Y=-0.000 Z=0.312 PenetrationDepth:11.959 Actor:PushPullItem_1 Component:PickupMesh BoneName:None
[2017.07.10-11.15.28:980][401]LogCharacterMovement: MyMainCharacterBP_2 is stuck and failed to move! Velocity: X=-30.424 Y=108.758 Z=0.000 Location: X=306.859 Y=-2349.520 Z=170.208 Normal: X=0.950 Y=-0.000 Z=0.312 PenetrationDepth:11.959 Actor:PushPullItem_1 Component:PickupMesh BoneName:None
[2017.07.10-11.15.28:988][402]LogCharacterMovement: MyMainCharacterBP_2 is stuck and failed to move! Velocity: X=-21.769 Y=77.821 Z=0.000 Location: X=306.859 Y=-2349.520 Z=170.208 Normal: X=0.950 Y=-0.000 Z=0.312 PenetrationDepth:11.959 Actor:PushPullItem_1 Component:PickupMesh BoneName:None
[2017.07.10-11.15.28:996][403]LogCharacterMovement: MyMainCharacterBP_2 is stuck and failed to move! Velocity: X=-14.269 Y=51.009 Z=0.000 Location: X=306.859 Y=-2349.520 Z=170.208 Normal: X=0.950 Y=-0.000 Z=0.312 PenetrationDepth:11.959 Actor:PushPullItem_1 Component:PickupMesh BoneName:None
[2017.07.10-11.15.29:005][404]LogCharacterMovement: MyMainCharacterBP_2 is stuck and failed to move! Velocity: X=-7.769 Y=27.772 Z=0.000 Location: X=306.859 Y=-2349.520 Z=170.208 Normal: X=0.950 Y=-0.000 Z=0.312 PenetrationDepth:11.959 Actor:PushPullItem_1 Component:PickupMesh BoneName:None
[2017.07.10-11.15.31:321][680]LogBlueprintUserMessages: Early EndPlayMap Detection: Level '/Game/Ava/Maps/PalaceLevel.PalaceLevel:PersistentLevel' has LevelScriptBlueprint '/Game/Ava/Maps/PalaceLevel.PalaceLevel:PersistentLevel.PalaceLevel' with GeneratedClass '/Game/Ava/Maps/PalaceLevel.PalaceLevel_C' with ClassGeneratedBy '/Game/Ava/Maps/PalaceLevel.PalaceLevel:PersistentLevel.PalaceLevel'
[2017.07.10-11.15.31:395][680]LogBlueprintUserMessages: Late EndPlayMap Detection: Level '/Game/Ava/Maps/PalaceLevel.PalaceLevel:PersistentLevel' has LevelScriptBlueprint '/Game/Ava/Maps/PalaceLevel.PalaceLevel:PersistentLevel.PalaceLevel' with GeneratedClass '/Game/Ava/Maps/PalaceLevel.PalaceLevel_C' with ClassGeneratedBy '/Game/Ava/Maps/PalaceLevel.PalaceLevel:PersistentLevel.PalaceLevel'
[2017.07.10-11.34.02:585][848]LogHotReload: New module detected: UE4Editor-Ava-279.dll
[2017.07.10-11.34.06:612][861]LogHotReload: Starting Hot-Reload from IDE
[2017.07.10-11.34.06:731][861]LogClass: ItemDataVariables HotReload.
[2017.07.10-11.34.06:731][861]LogClass: Item HotReload.
[2017.07.10-11.34.06:737][861]LogHotReload: Re-instancing Antelope after hot-reload.
[2017.07.10-11.34.06:795][861]LogHotReload: Re-instancing Door after hot-reload.
[2017.07.10-11.34.08:191][861]LogUObjectGlobals:Warning: Guid referenced by BoxComponent /Game/Ava/Maps/PalaceLevel.PalaceLevel:PersistentLevel.Door_1.BoxCollision is already used by BoxComponent /Game/Ava/Maps/PalaceLevel.PalaceLevel:PersistentLevel.Door_0.BoxCollision, which should never happen in the editor but could happen at runtime with duplicate level loading or PIE
[2017.07.10-11.34.08:191][861]LogUObjectGlobals:Warning: Guid referenced by StaticMeshComponent /Game/Ava/Maps/PalaceLevel.PalaceLevel:PersistentLevel.Door_1.DoorMesh is already used by StaticMeshComponent /Game/Ava/Maps/PalaceLevel.PalaceLevel:PersistentLevel.Door_0.DoorMesh, which should never happen in the editor but could happen at runtime with duplicate level loading or PIE
[2017.07.10-11.34.08:191][861]LogUObjectGlobals:Warning: Guid referenced by TimelineComponent /Game/Ava/Maps/PalaceLevel.PalaceLevel:PersistentLevel.Door_1.TimelineScore is already used by TimelineComponent /Game/Ava/Maps/PalaceLevel.PalaceLevel:PersistentLevel.Door_0.TimelineScore, which should never happen in the editor but could happen at runtime with duplicate level loading or PIE
[2017.07.10-11.34.08:271][861]LogHotReload: Re-instancing PushPullItem after hot-reload.
[2017.07.10-11.34.08:272][861]LogUObjectGlobals:Warning: Guid referenced by StaticMeshComponent /Game/Ava/Maps/PalaceLevel.PalaceLevel:PersistentLevel.PushPullItem_1.PickupMesh is already used by StaticMeshComponent /Game/Ava/Maps/PalaceLevel.PalaceLevel:PersistentLevel.PushPullItem_0.PickupMesh, which should never happen in the editor but could happen at runtime with duplicate level loading or PIE
[2017.07.10-11.34.08:272][861]LogUObjectGlobals:Warning: Guid referenced by BoxComponent /Game/Ava/Maps/PalaceLevel.PalaceLevel:PersistentLevel.PushPullItem_1.BoxCollision is already used by BoxComponent /Game/Ava/Maps/PalaceLevel.PalaceLevel:PersistentLevel.PushPullItem_0.BoxCollision, which should never happen in the editor but could happen at runtime with duplicate level loading or PIE
[2017.07.10-11.34.08:376][861]LogHotReload: Re-instancing MainCharacter after hot-reload.
[2017.07.10-11.34.08:438][861]LogUObjectGlobals:Warning: Guid referenced by MyMainCharacterBP_C /Game/Ava/Maps/PalaceLevel.PalaceLevel:PersistentLevel.MyMainCharacterBP_2 is already used by REINST_MyMainCharacterBP_C_52 /Game/Ava/Maps/PalaceLevel.PalaceLevel:PersistentLevel.REINST_MyMainCharacterBP_C_0, which should never happen in the editor but could happen at runtime with duplicate level loading or PIE
[2017.07.10-11.34.08:438][861]LogUObjectGlobals:Warning: Guid referenced by CapsuleComponent /Game/Ava/Maps/PalaceLevel.PalaceLevel:PersistentLevel.MyMainCharacterBP_2.CollisionCylinder is already used by CapsuleComponent /Game/Ava/Maps/PalaceLevel.PalaceLevel:PersistentLevel.REINST_MyMainCharacterBP_C_0.CollisionCylinder, which should never happen in the editor but could happen at runtime with duplicate level loading or PIE
[2017.07.10-11.34.08:438][861]LogUObjectGlobals:Warning: Guid referenced by ArrowComponent /Game/Ava/Maps/PalaceLevel.PalaceLevel:PersistentLevel.MyMainCharacterBP_2.Arrow is already used by ArrowComponent /Game/Ava/Maps/PalaceLevel.PalaceLevel:PersistentLevel.REINST_MyMainCharacterBP_C_0.Arrow, which should never happen in the editor but could happen at runtime with duplicate level loading or PIE
[2017.07.10-11.34.08:438][861]LogUObjectGlobals:Warning: Guid referenced by CharacterMovementComponent /Game/Ava/Maps/PalaceLevel.PalaceLevel:PersistentLevel.MyMainCharacterBP_2.CharMoveComp is already used by CharacterMovementComponent /Game/Ava/Maps/PalaceLevel.PalaceLevel:PersistentLevel.REINST_MyMainCharacterBP_C_0.CharMoveComp, which should never happen in the editor but could happen at runtime with duplicate level loading or PIE
[2017.07.10-11.34.08:438][861]LogUObjectGlobals:Warning: Guid referenced by SkeletalMeshComponent /Game/Ava/Maps/PalaceLevel.PalaceLevel:PersistentLevel.MyMainCharacterBP_2.CharacterMesh0 is already used by SkeletalMeshComponent /Game/Ava/Maps/PalaceLevel.PalaceLevel:PersistentLevel.REINST_MyMainCharacterBP_C_0.CharacterMesh0, which should never happen in the editor but could happen at runtime with duplicate level loading or PIE
[2017.07.10-11.34.08:439][861]LogUObjectGlobals:Warning: Guid referenced by SpringArmComponent /Game/Ava/Maps/PalaceLevel.PalaceLevel:PersistentLevel.MyMainCharacterBP_2.CameraBoom is already used by SpringArmComponent /Game/Ava/Maps/PalaceLevel.PalaceLevel:PersistentLevel.REINST_MyMainCharacterBP_C_0.CameraBoom, which should never happen in the editor but could happen at runtime with duplicate level loading or PIE
[2017.07.10-11.34.08:439][861]LogUObjectGlobals:Warning: Guid referenced by CameraComponent /Game/Ava/Maps/PalaceLevel.PalaceLevel:PersistentLevel.MyMainCharacterBP_2.FollowCamera is already used by CameraComponent /Game/Ava/Maps/PalaceLevel.PalaceLevel:PersistentLevel.REINST_MyMainCharacterBP_C_0.FollowCamera, which should never happen in the editor but could happen at runtime with duplicate level loading or PIE
[2017.07.10-11.34.08:439][861]LogUObjectGlobals:Warning: Guid referenced by SphereComponent /Game/Ava/Maps/PalaceLevel.PalaceLevel:PersistentLevel.MyMainCharacterBP_2.overlappingSphere is already used by SphereComponent /Game/Ava/Maps/PalaceLevel.PalaceLevel:PersistentLevel.REINST_MyMainCharacterBP_C_0.overlappingSphere, which should never happen in the editor but could happen at runtime with duplicate level loading or PIE
[2017.07.10-11.34.08:522][861]LogHotReload: Re-instancing StatueObject after hot-reload.
[2017.07.10-11.34.08:523][861]LogUObjectGlobals:Warning: Guid referenced by StaticMeshComponent /Game/Ava/Maps/PalaceLevel.PalaceLevel:PersistentLevel.StatueObject_1.PickupMesh is already used by StaticMeshComponent /Game/Ava/Maps/PalaceLevel.PalaceLevel:PersistentLevel.StatueObject_0.PickupMesh, which should never happen in the editor but could happen at runtime with duplicate level loading or PIE
[2017.07.10-11.34.08:523][861]LogUObjectGlobals:Warning: Guid referenced by SphereComponent /Game/Ava/Maps/PalaceLevel.PalaceLevel:PersistentLevel.StatueObject_1.overlappingSphere is already used by SphereComponent /Game/Ava/Maps/PalaceLevel.PalaceLevel:PersistentLevel.StatueObject_0.overlappingSphere, which should never happen in the editor but could happen at runtime with duplicate level loading or PIE
[2017.07.10-11.34.08:603][861]LogHotReload: Re-instancing GreenPuzzle after hot-reload.
[2017.07.10-11.34.08:603][861]LogUObjectGlobals:Warning: Guid referenced by BoxComponent /Game/Ava/Maps/PalaceLevel.PalaceLevel:PersistentLevel.GreenPuzzle_1.BoxCollision is already used by BoxComponent /Game/Ava/Maps/PalaceLevel.PalaceLevel:PersistentLevel.GreenPuzzle_0.BoxCollision, which should never happen in the editor but could happen at runtime with duplicate level loading or PIE
[2017.07.10-11.34.08:681][861]LogContentBrowser: Native class hierarchy updated for 'Ava' in 0.0016 seconds. Added 17 classes and 2 folders.
[2017.07.10-11.34.08:683][861]Warning: HotReload successful (7 functions remapped  0 scriptstructs remapped)
[2017.07.10-11.34.08:770][861]LogContentBrowser: Native class hierarchy populated in 0.0095 seconds. Added 2066 classes and 375 folders.
[2017.07.10-11.34.08:785][861]Warning: HotReload took  2.2s.
[2017.07.10-12.06.18:117][731]LogWindowsTextInputMethodSystem:Display: IME system now deactivated.
[2017.07.10-12.06.18:468][732]Cmd: QUIT_EDITOR
[2017.07.10-12.06.19:479][732]LogExit: Preparing to exit.
[2017.07.10-12.06.20:720][732]LogExit: Editor shut down
[2017.07.10-12.06.20:722][732]LogExit: Transaction tracking system shut down
[2017.07.10-12.06.21:899][732]LogObj: Freed 0b from 0 cluster array pools.
[2017.07.10-12.06.21:899][732]LogExit: Object subsystem successfully closed.
[2017.07.10-12.06.22:146][732]LogD3D11RHI: Shutdown
[2017.07.10-12.06.22:146][732]LogD3D11RHI: CleanupD3DDevice
[2017.07.10-12.06.22:398][732]LogD3D11RHI: ~FD3D11DynamicRHI
[2017.07.10-12.06.22:454][732]LogModuleManager: Shutting down and abandoning module MovieSceneCapture (215)
[2017.07.10-12.06.22:455][732]LogModuleManager: Shutting down and abandoning module HierarchicalLODOutliner (214)
[2017.07.10-12.06.22:455][732]LogModuleManager: Shutting down and abandoning module CrashTracker (213)
[2017.07.10-12.06.22:455][732]LogModuleManager: Shutting down and abandoning module SceneOutliner (212)
[2017.07.10-12.06.22:455][732]LogModuleManager: Shutting down and abandoning module WidgetCarousel (211)
[2017.07.10-12.06.22:456][732]LogModuleManager: Shutting down and abandoning module AddContentDialog (210)
[2017.07.10-12.06.22:508][732]LogModuleManager: Shutting down and abandoning module GameplayTags (209)
[2017.07.10-12.06.22:508][732]LogModuleManager: Shutting down and abandoning module EditorWidgets (208)
[2017.07.10-12.06.22:508][732]LogModuleManager: Shutting down and abandoning module CollectionManager (207)
[2017.07.10-12.06.22:509][732]LogModuleManager: Shutting down and abandoning module StatsViewer (206)
[2017.07.10-12.06.22:510][732]LogModuleManager: Shutting down and abandoning module FoliageEdit (205)
[2017.07.10-12.06.22:515][732]LogModuleManager: Shutting down and abandoning module LandscapeEditor (204)
[2017.07.10-12.06.22:524][732]LogModuleManager: Shutting down and abandoning module SceneDepthPickerMode (203)
[2017.07.10-12.06.22:524][732]LogModuleManager: Shutting down and abandoning module ActorPickerMode (202)
[2017.07.10-12.06.22:524][732]LogModuleManager: Shutting down and abandoning module GeometryMode (201)
[2017.07.10-12.06.22:524][732]LogModuleManager: Shutting down and abandoning module TextureAlignMode (200)
[2017.07.10-12.06.22:524][732]LogModuleManager: Shutting down and abandoning module BspMode (199)
[2017.07.10-12.06.22:525][732]LogModuleManager: Shutting down and abandoning module HardwareSurvey (198)
[2017.07.10-12.06.22:525][732]LogModuleManager: Shutting down and abandoning module SequenceRecorderSections (197)
[2017.07.10-12.06.22:525][732]LogModuleManager: Shutting down and abandoning module SequenceRecorder (196)
[2017.07.10-12.06.22:526][732]LogModuleManager: Shutting down and abandoning module AutomationWorker (195)
[2017.07.10-12.06.22:526][732]LogModuleManager: Shutting down and abandoning module MatineeToLevelSequence (194)
[2017.07.10-12.06.22:527][732]LogModuleManager: Shutting down and abandoning module PlacementMode (193)
[2017.07.10-12.06.22:527][732]LogModuleManager: Shutting down and abandoning module LevelSequenceEditor (192)
[2017.07.10-12.06.22:542][732]LogModuleManager: Shutting down and abandoning module CharacterAI (191)
[2017.07.10-12.06.22:542][732]LogModuleManager: Shutting down and abandoning module SmartSnapping (190)
[2017.07.10-12.06.22:542][732]LogModuleManager: Shutting down and abandoning module SessionServices (189)
[2017.07.10-12.06.22:542][732]LogModuleManager: Shutting down and abandoning module ViewportSnapping (188)
[2017.07.10-12.06.22:542][732]LogModuleManager: Shutting down and abandoning module LogVisualizer (187)
[2017.07.10-12.06.22:546][732]LogModuleManager: Shutting down and abandoning module GameProjectGeneration (186)
[2017.07.10-12.06.22:548][732]LogModuleManager: Shutting down and abandoning module IntroTutorials (185)
[2017.07.10-12.06.22:549][732]LogModuleManager: Shutting down and abandoning module EditorLiveStreaming (184)
[2017.07.10-12.06.22:549][732]LogModuleManager: Shutting down and abandoning module IOSPlatformEditor (183)
[2017.07.10-12.06.22:549][732]LogModuleManager: Shutting down and abandoning module HTML5PlatformEditor (182)
[2017.07.10-12.06.22:549][732]LogModuleManager: Shutting down and abandoning module AndroidDeviceDetection (181)
[2017.07.10-12.06.23:112][732]LogModuleManager: Shutting down and abandoning module AndroidPlatformEditor (180)
[2017.07.10-12.06.23:113][732]LogModuleManager: Shutting down and abandoning module IOSRuntimeSettings (179)
[2017.07.10-12.06.23:113][732]LogModuleManager: Shutting down and abandoning module AndroidRuntimeSettings (178)
[2017.07.10-12.06.23:113][732]LogModuleManager: Shutting down and abandoning module MergeActors (177)
[2017.07.10-12.06.23:114][732]LogModuleManager: Shutting down and abandoning module SizeMap (176)
[2017.07.10-12.06.23:114][732]LogModuleManager: Shutting down and abandoning module TreeMap (175)
[2017.07.10-12.06.23:115][732]LogModuleManager: Shutting down and abandoning module ReferenceViewer (174)
[2017.07.10-12.06.23:115][732]LogModuleManager: Shutting down and abandoning module LocalizationService (173)
[2017.07.10-12.06.23:116][732]LogModuleManager: Shutting down and abandoning module LocalizationDashboard (172)
[2017.07.10-12.06.23:117][732]LogModuleManager: Shutting down and abandoning module HardwareTargeting (171)
[2017.07.10-12.06.23:117][732]LogModuleManager: Shutting down and abandoning module DeviceProfileEditor (170)
[2017.07.10-12.06.23:132][732]LogModuleManager: Shutting down and abandoning module UndoHistory (169)
[2017.07.10-12.06.23:133][732]LogModuleManager: Shutting down and abandoning module UserFeedback (168)
[2017.07.10-12.06.23:133][732]LogModuleManager: Shutting down and abandoning module XmlParser (167)
[2017.07.10-12.06.23:133][732]LogModuleManager: Shutting down and abandoning module Blutility (166)
[2017.07.10-12.06.23:134][732]LogModuleManager: Shutting down and abandoning module ProjectTargetPlatformEditor (165)
[2017.07.10-12.06.23:134][732]LogModuleManager: Shutting down and abandoning module ProjectSettingsViewer (164)
[2017.07.10-12.06.23:134][732]LogModuleManager: Shutting down and abandoning module InputBindingEditor (163)
[2017.07.10-12.06.23:135][732]LogModuleManager: Shutting down and abandoning module EditorSettingsViewer (162)
[2017.07.10-12.06.23:135][732]LogModuleManager: Shutting down and abandoning module SettingsEditor (161)
[2017.07.10-12.06.23:137][732]LogModuleManager: Shutting down and abandoning module ProjectLauncher (160)
[2017.07.10-12.06.23:139][732]LogModuleManager: Shutting down and abandoning module SessionFrontend (159)
[2017.07.10-12.06.23:140][732]LogModuleManager: Shutting down and abandoning module ProfilerClient (158)
[2017.07.10-12.06.23:141][732]LogModuleManager: Shutting down and abandoning module TargetDeviceServices (157)
[2017.07.10-12.06.23:141][732]LogModuleManager: Shutting down and abandoning module DeviceManager (156)
[2017.07.10-12.06.23:189][732]LogModuleManager: Shutting down and abandoning module AutomationController (155)
[2017.07.10-12.06.23:191][732]LogModuleManager: Shutting down and abandoning module AutomationWindow (154)
[2017.07.10-12.06.23:192][732]LogModuleManager: Shutting down and abandoning module Layers (153)
[2017.07.10-12.06.23:195][732]LogModuleManager: Shutting down and abandoning module ComponentVisualizers (152)
[2017.07.10-12.06.23:195][732]LogModuleManager: Shutting down and abandoning module DetailCustomizations (151)
[2017.07.10-12.06.23:196][732]LogModuleManager: Shutting down and abandoning module PackagesDialog (150)
[2017.07.10-12.06.23:197][732]LogModuleManager: Shutting down and abandoning module Persona (149)
[2017.07.10-12.06.23:200][732]LogModuleManager: Shutting down and abandoning module Kismet (148)
[2017.07.10-12.06.23:201][732]LogModuleManager: Shutting down and abandoning module GraphEditor (147)
[2017.07.10-12.06.23:203][732]LogModuleManager: Shutting down and abandoning module ClassViewer (146)
[2017.07.10-12.06.23:204][732]LogModuleManager: Shutting down and abandoning module Toolbox (145)
[2017.07.10-12.06.23:205][732]LogModuleManager: Shutting down and abandoning module ModuleUI (144)
[2017.07.10-12.06.23:205][732]LogModuleManager: Shutting down and abandoning module MovieSceneTools (143)
[2017.07.10-12.06.23:207][732]LogModuleManager: Shutting down and abandoning module OutputLog (142)
[2017.07.10-12.06.23:207][732]LogModuleManager: Shutting down and abandoning module GammaUI (141)
[2017.07.10-12.06.23:208][732]LogModuleManager: Shutting down and abandoning module Documentation (140)
[2017.07.10-12.06.23:208][732]LogModuleManager: Shutting down and abandoning module StreamingPauseRendering (139)
[2017.07.10-12.06.23:208][732]LogModuleManager: Shutting down and abandoning module AnalyticsET (138)
[2017.07.10-12.06.23:208][732]LogModuleManager: Shutting down and abandoning module Analytics (137)
[2017.07.10-12.06.23:208][732]LogModuleManager: Shutting down and abandoning module PortalServices (136)
[2017.07.10-12.06.23:208][732]LogModuleManager: Shutting down and abandoning module PortalRpc (135)
[2017.07.10-12.06.23:208][732]LogModuleManager: Shutting down and abandoning module MessagingRpc (134)
[2017.07.10-12.06.23:208][732]LogModuleManager: Shutting down and abandoning module GameplayDebugger (133)
[2017.07.10-12.06.23:209][732]LogModuleManager: Shutting down and abandoning module AITestSuite (132)
[2017.07.10-12.06.23:209][732]LogModuleManager: Shutting down and abandoning module AIModule (131)
[2017.07.10-12.06.23:209][732]LogModuleManager: Shutting down and abandoning module ProfilerService (130)
[2017.07.10-12.06.23:398][732]LogModuleManager: Shutting down and abandoning module TaskGraph (129)
[2017.07.10-12.06.23:399][732]LogModuleManager: Shutting down and abandoning module SlateRemote (128)
[2017.07.10-12.06.23:400][732]LogModuleManager: Shutting down and abandoning module SteamVRController (127)
[2017.07.10-12.06.23:400][732]LogModuleManager: Shutting down and abandoning module SteamVR (126)
[2017.07.10-12.06.23:400][732]LogModuleManager: Shutting down and abandoning module ProceduralMeshComponent (125)
[2017.07.10-12.06.23:400][732]LogModuleManager: Shutting down and abandoning module OculusLibrary (124)
[2017.07.10-12.06.23:400][732]LogModuleManager: Shutting down and abandoning module OculusInput (123)
[2017.07.10-12.06.23:400][732]LogModuleManager: Shutting down and abandoning module CustomMeshComponent (122)
[2017.07.10-12.06.23:400][732]LogModuleManager: Shutting down and abandoning module CableComponent (121)
[2017.07.10-12.06.23:400][732]LogModuleManager: Shutting down and abandoning module ArchVisCharacter (120)
[2017.07.10-12.06.23:400][732]LogModuleManager: Shutting down and abandoning module MediaPlayerEditor (119)
[2017.07.10-12.06.23:401][732]LogModuleManager: Shutting down and abandoning module HTML5Networking (118)
[2017.07.10-12.06.23:401][732]LogModuleManager: Shutting down and abandoning module SuperSearch (117)
[2017.07.10-12.06.23:401][732]LogModuleManager: Shutting down and abandoning module SuperSearchEditor (116)
[2017.07.10-12.06.23:401][732]LogModuleManager: Shutting down and abandoning module SpeedTreeImporter (115)
[2017.07.10-12.06.23:401][732]LogModuleManager: Shutting down and abandoning module PluginBrowser (114)
[2017.07.10-12.06.23:403][732]LogModuleManager: Shutting down and abandoning module EpicSurvey (113)
[2017.07.10-12.06.23:404][732]LogModuleManager: Shutting down and abandoning module DesktopPlatform (112)
[2017.07.10-12.06.23:405][732]LogModuleManager: Shutting down and abandoning module VisualStudioSourceCodeAccess (111)
[2017.07.10-12.06.23:405][732]LogModuleManager: Shutting down and abandoning module UObjectPlugin (110)
[2017.07.10-12.06.23:405][732]LogModuleManager: Shutting down and abandoning module SubversionSourceControl (109)
[2017.07.10-12.06.23:406][732]LogModuleManager: Shutting down and abandoning module PerforceSourceControl (108)
[2017.07.10-12.06.23:407][732]LogModuleManager: Shutting down and abandoning module SourceControl (107)
[2017.07.10-12.06.23:408][732]LogModuleManager: Shutting down and abandoning module GitSourceControl (106)
[2017.07.10-12.06.23:409][732]LogModuleManager: Shutting down and abandoning module LightPropagationVolumeEditor (105)
[2017.07.10-12.06.23:409][732]LogModuleManager: Shutting down and abandoning module PaperTiledImporter (104)
[2017.07.10-12.06.23:409][732]LogModuleManager: Shutting down and abandoning module PaperSpriteSheetImporter (103)
[2017.07.10-12.06.23:409][732]LogModuleManager: Shutting down and abandoning module MeshPaint (102)
[2017.07.10-12.06.23:410][732]LogModuleManager: Shutting down and abandoning module PixelInspectorModule (101)
[2017.07.10-12.06.23:411][732]LogModuleManager: Shutting down and abandoning module HotReload (100)
[2017.07.10-12.06.23:412][732]LogModuleManager: Shutting down and abandoning module MainFrame (99)
[2017.07.10-12.06.23:412][732]LogModuleManager: Shutting down and abandoning module LevelEditor (98)
[2017.07.10-12.06.23:423][732]LogModuleManager: Shutting down and abandoning module ContentBrowser (97)
[2017.07.10-12.06.23:425][732]LogModuleManager: Shutting down and abandoning module Paper2DEditor (96)
[2017.07.10-12.06.23:426][732]LogModuleManager: Shutting down and abandoning module Ava (95)
[2017.07.10-12.06.23:426][732]LogModuleManager: Shutting down and abandoning module UdpMessaging (94)
[2017.07.10-12.06.23:527][732]LogModuleManager: Shutting down and abandoning module LightPropagationVolumeRuntime (93)
[2017.07.10-12.06.23:527][732]LogModuleManager: Shutting down and abandoning module Paper2D (92)
[2017.07.10-12.06.23:529][732]LogModuleManager: Shutting down and abandoning module WindowsMoviePlayer (91)
[2017.07.10-12.06.23:529][732]LogModuleManager: Shutting down and abandoning module Media (90)
[2017.07.10-12.06.23:529][732]LogModuleManager: Shutting down and abandoning module WmfMedia (89)
[2017.07.10-12.06.23:530][732]LogModuleManager: Shutting down and abandoning module MediaAssets (88)
[2017.07.10-12.06.23:530][732]LogModuleManager: Shutting down and abandoning module GameLiveStreaming (87)
[2017.07.10-12.06.23:530][732]LogModuleManager: Shutting down and abandoning module GameplayTagsEditor (86)
[2017.07.10-12.06.23:530][732]LogModuleManager: Shutting down and abandoning module OnlineBlueprintSupport (85)
[2017.07.10-12.06.23:530][732]LogModuleManager: Shutting down and abandoning module VREditor (84)
[2017.07.10-12.06.23:531][732]LogModuleManager: Shutting down and abandoning module GameplayTasksEditor (83)
[2017.07.10-12.06.23:531][732]LogModuleManager: Shutting down and abandoning module PropertyEditor (82)
[2017.07.10-12.06.23:531][732]LogModuleManager: Shutting down and abandoning module BehaviorTreeEditor (81)
[2017.07.10-12.06.23:533][732]LogModuleManager: Shutting down and abandoning module FunctionalTesting (80)
[2017.07.10-12.06.23:534][732]LogModuleManager: Shutting down and abandoning module CollisionAnalyzer (79)
[2017.07.10-12.06.23:536][732]LogModuleManager: Shutting down and abandoning module Sequencer (78)
[2017.07.10-12.06.23:542][732]LogModuleManager: Shutting down and abandoning module WorkspaceMenuStructure (77)
[2017.07.10-12.06.23:542][732]LogModuleManager: Shutting down and abandoning module MessageLog (76)
[2017.07.10-12.06.23:542][732]LogModuleManager: Shutting down and abandoning module AssetTools (75)
[2017.07.10-12.06.23:545][732]LogModuleManager: Shutting down and abandoning module UMGEditor (74)
[2017.07.10-12.06.23:547][732]LogModuleManager: Shutting down and abandoning module UMG (73)
[2017.07.10-12.06.23:547][732]LogModuleManager: Shutting down and abandoning module SlateReflector (72)
[2017.07.10-12.06.23:550][732]LogModuleManager: Shutting down and abandoning module Slate (71)
[2017.07.10-12.06.23:550][732]LogModuleManager: Shutting down and abandoning module EditorStyle (70)
[2017.07.10-12.06.23:554][732]LogModuleManager: Shutting down and abandoning module SourceCodeAccess (69)
[2017.07.10-12.06.23:554][732]LogModuleManager: Shutting down and abandoning module HeadMountedDisplay (68)
[2017.07.10-12.06.23:554][732]LogModuleManager: Shutting down and abandoning module XAudio2 (67)
[2017.07.10-12.06.23:554][732]LogModuleManager: Shutting down and abandoning module Networking (65)
[2017.07.10-12.06.23:554][732]LogModuleManager: Shutting down and abandoning module Core (64)
[2017.07.10-12.06.23:554][732]LogModuleManager: Shutting down and abandoning module DirectoryWatcher (63)
[2017.07.10-12.06.23:559][732]LogModuleManager: Shutting down and abandoning module AssetRegistry (62)
[2017.07.10-12.06.24:343][732]LogModuleManager: Shutting down and abandoning module KismetCompiler (61)
[2017.07.10-12.06.24:343][732]LogModuleManager: Shutting down and abandoning module PhysXFormats (60)
[2017.07.10-12.06.24:344][732]LogModuleManager: Shutting down and abandoning module MeshUtilities (59)
[2017.07.10-12.06.24:345][732]LogModuleManager: Shutting down and abandoning module DerivedDataCache (58)
[2017.07.10-12.06.24:371][732]LogDerivedDataCache: Shutdown
[2017.07.10-12.06.24:371][732]LogModuleManager: Shutting down and abandoning module VulkanShaderFormat (57)
[2017.07.10-12.06.24:372][732]LogModuleManager: Shutting down and abandoning module ShaderFormatOpenGL (56)
[2017.07.10-12.06.24:380][732]LogModuleManager: Shutting down and abandoning module ShaderFormatD3D (55)
[2017.07.10-12.06.24:381][732]LogModuleManager: Shutting down and abandoning module MetalShaderFormat (54)
[2017.07.10-12.06.24:382][732]LogModuleManager: Shutting down and abandoning module TextureFormatUncompressed (53)
[2017.07.10-12.06.24:382][732]LogModuleManager: Shutting down and abandoning module TextureFormatPVR (52)
[2017.07.10-12.06.24:382][732]LogModuleManager: Shutting down and abandoning module TextureFormatIntelISPCTexComp (51)
[2017.07.10-12.06.24:383][732]LogModuleManager: Shutting down and abandoning module TextureFormatDXT (50)
[2017.07.10-12.06.24:384][732]LogModuleManager: Shutting down and abandoning module ImageWrapper (49)
[2017.07.10-12.06.24:384][732]LogModuleManager: Shutting down and abandoning module TextureFormatASTC (48)
[2017.07.10-12.06.24:384][732]LogModuleManager: Shutting down and abandoning module TextureFormatAndroid (47)
[2017.07.10-12.06.24:384][732]LogModuleManager: Shutting down and abandoning module AudioFormatOpus (46)
[2017.07.10-12.06.24:384][732]LogModuleManager: Shutting down and abandoning module AudioFormatOgg (45)
[2017.07.10-12.06.24:385][732]LogModuleManager: Shutting down and abandoning module AudioFormatADPCM (44)
[2017.07.10-12.06.24:385][732]LogModuleManager: Shutting down and abandoning module LinuxTargetPlatform (43)
[2017.07.10-12.06.24:385][732]LogModuleManager: Shutting down and abandoning module LinuxServerTargetPlatform (42)
[2017.07.10-12.06.24:386][732]LogModuleManager: Shutting down and abandoning module LinuxNoEditorTargetPlatform (41)
[2017.07.10-12.06.24:386][732]LogModuleManager: Shutting down and abandoning module TVOSTargetPlatform (40)
[2017.07.10-12.06.24:386][732]LogModuleManager: Shutting down and abandoning module Messaging (39)
[2017.07.10-12.06.24:386][732]LogModuleManager: Shutting down and abandoning module IOSTargetPlatform (38)
[2017.07.10-12.06.24:386][732]LogModuleManager: Shutting down and abandoning module HTML5TargetPlatform (37)
[2017.07.10-12.06.24:390][732]LogModuleManager: Shutting down and abandoning module Android_PVRTCTargetPlatform (36)
[2017.07.10-12.06.24:390][732]LogModuleManager: Shutting down and abandoning module Android_MultiTargetPlatform (35)
[2017.07.10-12.06.24:391][732]LogModuleManager: Shutting down and abandoning module Android_ETC2TargetPlatform (34)
[2017.07.10-12.06.24:391][732]LogModuleManager: Shutting down and abandoning module Android_ETC1TargetPlatform (33)
[2017.07.10-12.06.24:391][732]LogModuleManager: Shutting down and abandoning module Android_DXTTargetPlatform (32)
[2017.07.10-12.06.24:391][732]LogModuleManager: Shutting down and abandoning module Android_ATCTargetPlatform (31)
[2017.07.10-12.06.24:391][732]LogModuleManager: Shutting down and abandoning module Android_ASTCTargetPlatform (30)
[2017.07.10-12.06.24:391][732]LogModuleManager: Shutting down and abandoning module AndroidTargetPlatform (29)
[2017.07.10-12.06.24:391][732]LogModuleManager: Shutting down and abandoning module WindowsTargetPlatform (28)
[2017.07.10-12.06.24:402][732]LogModuleManager: Shutting down and abandoning module WindowsServerTargetPlatform (27)
[2017.07.10-12.06.24:402][732]LogModuleManager: Shutting down and abandoning module WindowsNoEditorTargetPlatform (26)
[2017.07.10-12.06.24:402][732]LogModuleManager: Shutting down and abandoning module WindowsClientTargetPlatform (25)
[2017.07.10-12.06.24:407][732]LogModuleManager: Shutting down and abandoning module AllDesktopTargetPlatform (24)
[2017.07.10-12.06.24:407][732]LogModuleManager: Shutting down and abandoning module TargetPlatform (23)
[2017.07.10-12.06.24:415][732]LogModuleManager: Shutting down and abandoning module InputCore (22)
[2017.07.10-12.06.24:415][732]LogModuleManager: Shutting down and abandoning module Settings (21)
[2017.07.10-12.06.24:415][732]LogModuleManager: Shutting down and abandoning module OnlineSubsystem (19)
[2017.07.10-12.06.24:416][732]LogModuleManager: Shutting down and abandoning module HTTP (18)
[2017.07.10-12.06.25:926][732]LogModuleManager: Shutting down and abandoning module XMPP (17)
[2017.07.10-12.06.25:928][732]LogModuleManager: Shutting down and abandoning module OculusRift (16)
[2017.07.10-12.06.25:929][732]LogModuleManager: Shutting down and abandoning module ExampleDeviceProfileSelector (15)
[2017.07.10-12.06.25:929][732]LogModuleManager: Shutting down and abandoning module TextureCompressor (14)
[2017.07.10-12.06.25:930][732]LogModuleManager: Shutting down and abandoning module ShaderCore (13)
[2017.07.10-12.06.25:930][732]LogModuleManager: Shutting down and abandoning module Landscape (12)
[2017.07.10-12.06.25:930][732]LogModuleManager: Shutting down and abandoning module SlateRHIRenderer (11)
[2017.07.10-12.06.25:937][732]LogModuleManager: Shutting down and abandoning module OpenGLDrv (10)
[2017.07.10-12.06.25:938][732]LogModuleManager: Shutting down and abandoning module D3D11RHI (9)
[2017.07.10-12.06.25:938][732]LogModuleManager: Shutting down and abandoning module AnimGraphRuntime (8)
[2017.07.10-12.06.25:938][732]LogModuleManager: Shutting down and abandoning module Renderer (7)
[2017.07.10-12.06.25:938][732]LogModuleManager: Shutting down and abandoning module Engine (6)
[2017.07.10-12.06.25:938][732]LogModuleManager: Shutting down and abandoning module CoreUObject (5)
[2017.07.10-12.06.25:938][732]LogModuleManager: Shutting down and abandoning module NetworkFile (4)
[2017.07.10-12.06.25:939][732]LogModuleManager: Shutting down and abandoning module StreamingFile (3)
[2017.07.10-12.06.25:939][732]LogModuleManager: Shutting down and abandoning module SandboxFile (2)
[2017.07.10-12.06.25:940][732]LogModuleManager: Shutting down and abandoning module PakFile (1)
[2017.07.10-12.06.25:944][732]LogExit: Exiting.
[2017.07.10-12.06.26:011][732]Log file closed, 07/10/17 13:06:26
