Log file open, 07/12/17 17:12:38
LogInit:Display: Running engine for game: Ava
LogPlatformFile: Not using cached read wrapper
LogInit:Display: RandInit(-1994901114) SRandInit(-1994901112).
LogTaskGraph: Started task graph with 4 named threads and 9 total threads with 1 sets of task threads.
LogStats: Stats thread started at 0.099702
LogInit: Version: 4.12.5-3039270+++UE4+Release-4.12
LogInit: API Version: 2992821
LogInit: Net Version: 3039270
LogDevObjectVersion: Number of dev versions registered: 13
LogDevObjectVersion:   Dev-Blueprints (B0D832E4-1F89-4F0D-ACCF-7EB736FD4AA2): 3
LogDevObjectVersion:   Dev-Build (E1C64328-A22C-4D53-A36C-8E866417BD8C): 0
LogDevObjectVersion:   Dev-Core (375EC13C-06E4-48FB-B500-84F0262A717E): 1
LogDevObjectVersion:   Dev-Editor (E4B068ED-F494-42E9-A231-DA0B2E46BB41): 2
LogDevObjectVersion:   Dev-Framework (CFFC743F-43B0-4480-9391-14DF171D2073): 6
LogDevObjectVersion:   Dev-Mobile (B02B49B5-BB20-44E9-A304-32B752E40360): 0
LogDevObjectVersion:   Dev-Networking (A4E4105C-59A1-49B5-A7C5-40C4547EDFEE): 0
LogDevObjectVersion:   Dev-Online (39C831C9-5AE6-47DC-9A44-9C173E1C8E7C): 0
LogDevObjectVersion:   Dev-Physics (78F01B33-EBEA-4F98-B9B4-84EACCB95AA2): 0
LogDevObjectVersion:   Dev-Platform (6631380F-2D4D-43E0-8009-CF276956A95A): 0
LogDevObjectVersion:   Dev-Rendering (12F88B9F-8875-4AFC-A67C-D90C383ABD29): 2
LogDevObjectVersion:   Dev-Sequencer (7B5AE74C-D270-4C10-A958-57980B212A5A): 0
LogDevObjectVersion:   Dev-VR (D7296918-1DD6-4BDD-9DE2-64A83CC13884): 0
LogInit: Compiled (64-bit): Jul  6 2016 09:09:46
LogInit: Compiled with Visual C++: 19.00.23026.00
LogInit: Build Configuration: Development
LogInit: Branch Name: ++UE4+Release-4.12
LogInit: Command line:  
LogInit: Base directory: C:/Program Files/Epic Games/4.12/Engine/Binaries/Win64/
LogInit: Installed Engine Build: 1
LogInit: Using libcurl 7.41.0
LogInit:  - built for x86_64-pc-win32
LogInit:  - supports SSL with WinSSL
LogInit:  - other features:
LogInit:      CURL_VERSION_SSL
LogInit:      CURL_VERSION_IPV6
LogInit:      CURL_VERSION_ASYNCHDNS
LogInit:      CURL_VERSION_LARGEFILE
LogInit:      CURL_VERSION_IDN
LogInit:  CurlRequestOptions (configurable via config and command line):
LogInit:  - bVerifyPeer = true  - Libcurl will verify peer certificate
LogInit:  - bUseHttpProxy = false  - Libcurl will NOT use HTTP proxy
LogInit:  - bDontReuseConnections = false  - Libcurl will reuse connections
LogInit:  - CertBundlePath = nullptr  - Libcurl will use whatever was configured at build time.
LogInit: Presizing for max 8388607 objects, including 0 objects not considered by GC, pre-allocating 0 bytes for permanent pool.
LogInit: Object subsystem initialized
[2017.07.12-16.12.38:540][  0]LogInit: Selected Device Profile: [Windows]
[2017.07.12-16.12.38:540][  0]LogInit: Applying CVar settings loaded from the selected device profile: [Windows]
[2017.07.12-16.12.38:548][  0]LogInit: Computer: PC42640
[2017.07.12-16.12.38:548][  0]LogInit: User: i7230020
[2017.07.12-16.12.38:548][  0]LogInit: CPU Page size=65536, Cores=6
[2017.07.12-16.12.38:548][  0]LogInit: High frequency timer resolution =3.410097 MHz
[2017.07.12-16.12.38:549][  0]LogMemory: Memory total: Physical=31.9GB (32GB approx)
[2017.07.12-16.12.38:549][  0]LogMemory: Platform Memory Stats for Windows
[2017.07.12-16.12.38:549][  0]LogMemory: Process Physical Memory: 196.43 MB used, 196.43 MB peak
[2017.07.12-16.12.38:549][  0]LogMemory: Process Virtual Memory: 199.07 MB used, 199.07 MB peak
[2017.07.12-16.12.38:549][  0]LogMemory: Physical Memory: 11807.00 MB used, 32684.15 MB total
[2017.07.12-16.12.38:549][  0]LogMemory: Virtual Memory: 539.58 MB used, 8388608.00 MB total
[2017.07.12-16.12.38:651][  0]LogTextLocalizationManager: No specific translations for ('en-GB') exist, so ('en') translations will be used.
[2017.07.12-16.12.39:114][  0]LogD3D11RHI: D3D11 adapters:
[2017.07.12-16.12.39:129][  0]LogD3D11RHI:    0. 'NVIDIA Quadro M4000' (Feature Level 11_0)
[2017.07.12-16.12.39:129][  0]LogD3D11RHI:       8092/0/16086 MB DedicatedVideo/DedicatedSystem/SharedSystem, Outputs:1, VendorId:0x10de
[2017.07.12-16.12.39:129][  0]LogD3D11RHI: Chosen D3D11 Adapter: 0
[2017.07.12-16.12.39:136][  0]LogD3D11RHI: Creating new Direct3DDevice
[2017.07.12-16.12.39:136][  0]LogD3D11RHI:     GPU DeviceId: 0x13f1 (for the marketing name, search the web for "GPU Device Id")
[2017.07.12-16.12.39:136][  0]LogWindows: EnumDisplayDevices:
[2017.07.12-16.12.39:136][  0]LogWindows:    0. 'NVIDIA Quadro M4000' (P:1 D:1)
[2017.07.12-16.12.39:137][  0]LogWindows:    1. 'NVIDIA Quadro M4000' (P:0 D:0)
[2017.07.12-16.12.39:137][  0]LogWindows:    2. 'NVIDIA Quadro M4000' (P:0 D:0)
[2017.07.12-16.12.39:138][  0]LogWindows:    3. 'NVIDIA Quadro M4000' (P:0 D:0)
[2017.07.12-16.12.39:138][  0]LogWindows:    4. 'RDPDD Chained DD' (P:0 D:0)
[2017.07.12-16.12.39:138][  0]LogWindows:    5. 'RDP Encoder Mirror Driver' (P:0 D:0)
[2017.07.12-16.12.39:139][  0]LogWindows:    6. 'RDP Reflector Display Driver' (P:0 D:0)
[2017.07.12-16.12.39:139][  0]LogWindows: DebugString: GetVideoDriverDetailsInvalid PrimaryIsNotTheChoosenAdapter GetVideoDriverDetailsInvalid PrimaryIsNotTheChoosenAdapter GetVideoDriverDetailsInvalid PrimaryIsNotTheChoosenAdapter FoundDriverCount:4 
[2017.07.12-16.12.39:139][  0]LogD3D11RHI:     Adapter Name: NVIDIA Quadro M4000
[2017.07.12-16.12.39:139][  0]LogD3D11RHI:   Driver Version: 362.13 (internal:10.18.13.6213, unified:362.13)
[2017.07.12-16.12.39:139][  0]LogD3D11RHI:      Driver Date: 3-18-2016
[2017.07.12-16.12.39:139][  0]LogRHI: Texture pool is 1361 MB (70% of 1945 MB)
[2017.07.12-16.12.39:148][  0]LogD3D11RHI: Async texture creation enabled
[2017.07.12-16.12.39:162][  0]LogD3D11RHI: GPU Timing Frequency: 1000.000000 (Debug: 2 2)
[2017.07.12-16.12.39:162][  0]LogShaderCompilers: Guid format shader working directory is -8 characters bigger than the processId version (W:/University Work/Masters/MastersProject/MastersProject/Ava/Intermediate/Shaders/WorkingDirectory/15916/).
[2017.07.12-16.12.39:162][  0]LogShaderCompilers: Cleaned the shader compiler working directory 'C:/Users/I72300~1.000/AppData/Local/Temp/UnrealShaderWorkingDir/47102FEA43123E062ADC408425777ECA/'.
[2017.07.12-16.12.39:162][  0]LogShaderCompilers:Display: Using Local Shader Compiler.
[2017.07.12-16.12.40:300][  0]LogTemp:Display: Loaded TP AllDesktopTargetPlatform
[2017.07.12-16.12.40:309][  0]LogTemp:Display: Loaded TP WindowsClientTargetPlatform
[2017.07.12-16.12.40:318][  0]LogTemp:Display: Loaded TP WindowsNoEditorTargetPlatform
[2017.07.12-16.12.40:327][  0]LogTemp:Display: Loaded TP WindowsServerTargetPlatform
[2017.07.12-16.12.40:336][  0]LogTemp:Display: Loaded TP WindowsTargetPlatform
[2017.07.12-16.12.40:344][  0]LogTemp:Display: Loaded TP AndroidTargetPlatform
[2017.07.12-16.12.40:352][  0]LogTemp:Display: Loaded TP Android_ASTCTargetPlatform
[2017.07.12-16.12.40:360][  0]LogTemp:Display: Loaded TP Android_ATCTargetPlatform
[2017.07.12-16.12.40:368][  0]LogTemp:Display: Loaded TP Android_DXTTargetPlatform
[2017.07.12-16.12.40:375][  0]LogTemp:Display: Loaded TP Android_ETC1TargetPlatform
[2017.07.12-16.12.40:383][  0]LogTemp:Display: Loaded TP Android_ETC2TargetPlatform
[2017.07.12-16.12.40:398][  0]LogTemp:Display: Loaded TP Android_MultiTargetPlatform
[2017.07.12-16.12.40:398][  0]LogTemp:Display: Loaded TP Android_PVRTCTargetPlatform
[2017.07.12-16.12.40:400][  0]LogTemp:Display: Loaded TP HTML5TargetPlatform
[2017.07.12-16.12.40:434][  0]LogTemp:Display: Loaded TP IOSTargetPlatform
[2017.07.12-16.12.40:454][  0]LogTemp:Display: Loaded TP TVOSTargetPlatform
[2017.07.12-16.12.40:475][  0]LogTemp:Display: Loaded TP LinuxNoEditorTargetPlatform
[2017.07.12-16.12.40:490][  0]LogTemp:Display: Loaded TP LinuxServerTargetPlatform
[2017.07.12-16.12.40:500][  0]LogTemp:Display: Loaded TP LinuxTargetPlatform
[2017.07.12-16.12.40:500][  0]LogTargetPlatformManager:Display: Building Assets For Windows
[2017.07.12-16.12.40:591][  0]LogDerivedDataCache:Display: Max Cache Size: 512 MB
[2017.07.12-16.12.40:643][  0]LogDerivedDataCache: Loaded boot cache 0.05s 49MB C:/Users/i7230020.STUDENT.000/AppData/Local/UnrealEngine/4.12/DerivedDataCache/Boot.ddc.
[2017.07.12-16.12.40:643][  0]LogDerivedDataCache:Display: Loaded Boot cache: C:/Users/i7230020.STUDENT.000/AppData/Local/UnrealEngine/4.12/DerivedDataCache/Boot.ddc
[2017.07.12-16.12.40:644][  0]LogDerivedDataCache: FDerivedDataBackendGraph:  Pak pak cache file W:/University Work/Masters/MastersProject/MastersProject/Ava/DerivedDataCache/DDC.ddp not found, will not use a pak cache.
[2017.07.12-16.12.40:644][  0]LogDerivedDataCache: Unable to find inner node Pak for hierarchical cache Hierarchy.
[2017.07.12-16.12.40:644][  0]LogDerivedDataCache: FDerivedDataBackendGraph:  CompressedPak pak cache file W:/University Work/Masters/MastersProject/MastersProject/Ava/DerivedDataCache/Compressed.ddp not found, will not use a pak cache.
[2017.07.12-16.12.40:644][  0]LogDerivedDataCache: Unable to find inner node CompressedPak for hierarchical cache Hierarchy.
[2017.07.12-16.12.40:659][  0]LogDerivedDataCache:Display: Pak cache opened for reading ../../../Engine/DerivedDataCache/Compressed.ddp.
[2017.07.12-16.12.40:671][  0]LogDerivedDataCache: Using Local data cache path C:/Users/i7230020.STUDENT.000/AppData/Local/UnrealEngine/Common/DerivedDataCache: Writable
[2017.07.12-16.12.40:928][  0]LogInit: Selected Device Profile: [Windows]
[2017.07.12-16.12.40:929][  0]LogContentStreaming: Texture pool size is 0.00 MB
[2017.07.12-16.12.41:136][  0]LogMeshUtilities: No automatic mesh reduction module available
[2017.07.12-16.12.41:136][  0]LogMeshUtilities: No automatic mesh merging module available
[2017.07.12-16.12.41:136][  0]LogMeshUtilities: No distributed automatic mesh merging module available
[2017.07.12-16.12.41:455][  0]LogAssetRegistry: FAssetRegistry took 0.0198 seconds to start up
[2017.07.12-16.12.41:510][  0]LogPackageLocalizationCache: Processed 4 localized package path(s) for 2 prioritized culture(s) in 0.048570 seconds
[2017.07.12-16.12.41:514][  0]LogUObjectArray: 28739 objects as part of root set at end of initial load.
[2017.07.12-16.12.41:514][  0]LogUObjectAllocator: 5855624 out of 0 bytes used by permanent object pool.
[2017.07.12-16.12.41:514][  0]LogUObjectArray: CloseDisregardForGC: 0/0 objects in disregard for GC pool
[2017.07.12-16.12.41:521][  0]LogInit: WinSock: version 1.1 (2.2), MaxSocks=32767, MaxUdp=65467
[2017.07.12-16.12.41:777][  0]LogSlate: SlateFontCache - WITH_FREETYPE: 1, WITH_HARFBUZZ: 1
[2017.07.12-16.12.41:777][  0]LogSlate: SlateFontCache - WITH_FREETYPE: 1, WITH_HARFBUZZ: 1
[2017.07.12-16.12.42:630][  0]LogUdpMessaging: Initializing bridge on interface 0.0.0.0:0 to multicast group 230.0.0.1:6666.
[2017.07.12-16.12.42:742][  0]LogStats: FPlatformStackWalk::StackWalkAndDump -  0.030 s
[2017.07.12-16.12.42:742][  0]LogOutputDevice:Warning: === Handled error: ===

Ensure condition failed: !AttachmentRules.bWeldSimulatedBodies [File:D:\Build\++UE4+Release-4.12+Compile\Sync\Engine\Source\Runtime\Engine\Private\Components\SceneComponent.cpp] [Line: 1481]
AttachToComponent when called from a constructor cannot weld simulated bodies. Consider calling SetupAttachment directly instead.
Stack: 
UE4Editor-Core.dll
UE4Editor-Core.dll
UE4Editor-Core.dll
UE4Editor-Engine.dll
UE4Editor-Ava.dll
UE4Editor-CoreUObject.dll
UE4Editor-CoreUObject.dll
UE4Editor-CoreUObject.dll
UE4Editor-CoreUObject.dll
UE4Editor-Core.dll
UE4Editor-Core.dll
UE4Editor-Projects.dll
UE4Editor-Projects.dll
UE4Editor.exe
UE4Editor.exe
UE4Editor.exe
UE4Editor.exe
UE4Editor.exe
UE4Editor.exe
kernel32.dll
ntdll.dll
ntdll.dll

[2017.07.12-16.12.42:743][  0]LogStats:                SubmitErrorReport -  0.000 s
[2017.07.12-16.12.43:162][  0]LogStats:                    SendNewReport -  0.419 s
[2017.07.12-16.12.43:162][  0]LogStats:             FDebug::EnsureFailed -  0.450 s
[2017.07.12-16.12.43:331][  0]SourceControl: Info Source control is disabled
[2017.07.12-16.12.43:334][  0]SourceControl: Info Source control is disabled
[2017.07.12-16.12.43:346][  0]SourceControl: Info Source control is disabled
[2017.07.12-16.12.43:358][  0]SourceControl: Info Source control is disabled
[2017.07.12-16.12.43:540][  0]LogHoudiniEngine: Starting the Houdini Engine module.
[2017.07.12-16.12.43:541][  0]LogHoudiniEngine: Loaded libHAPIL.dll from Registry path C:\Program Files\Side Effects Software\Houdini 15.5.632/bin
[2017.07.12-16.12.43:541][  0]LogLinker:Warning: Asset '../../../Engine/Plugins/Runtime/HoudiniEngine/Content/houdini_logo.uasset' has been saved with empty engine version. The asset will be loaded but may be incompatible.
[2017.07.12-16.12.43:543][  0]LogLinker:Warning: Asset '../../../Engine/Plugins/Runtime/HoudiniEngine/Content/houdini_default_material.uasset' has been saved with empty engine version. The asset will be loaded but may be incompatible.
[2017.07.12-16.12.43:546][  0]LogLinker:Warning: Asset '../../../Engine/Plugins/Runtime/HoudiniEngine/Content/houdini_bgeo_import.uasset' has been saved with empty engine version. The asset will be loaded but may be incompatible.
[2017.07.12-16.12.44:563][  0]LogHoudiniEngine: Successfully initialized the Houdini Engine API module.
[2017.07.12-16.12.44:725][  0]LogEngine: Initializing Engine...
[2017.07.12-16.12.44:726][  0]LogHMD: SteamVR failed to initialize.  Err: 110
[2017.07.12-16.12.44:727][  0]LogHMD: SteamVR failed to initialize.  Err: 110
[2017.07.12-16.12.44:849][  0]LogAIModule: Creating AISystem for world NewWorld
[2017.07.12-16.12.44:856][  0]LogInit: XAudio2 using 'Speakers (Realtek High Definition Audio)' : 2 channels at 48 kHz using 32 bits per sample (channel mask 0x3)
[2017.07.12-16.12.44:900][  0]LogInit: FAudioDevice initialized.
[2017.07.12-16.12.44:936][  0]LogDerivedDataCache: Saved boot cache 0.04s 49MB C:/Users/i7230020.STUDENT.000/AppData/Local/UnrealEngine/4.12/DerivedDataCache/Boot.ddc.
[2017.07.12-16.12.44:941][  0]LogInit: Texture streaming: Enabled
[2017.07.12-16.12.44:963][  0]LogInit: Transaction tracking system initialized
[2017.07.12-16.12.44:982][  0]BlueprintLog: New page: Editor Load
[2017.07.12-16.12.45:045][  0]LocalizationService: Info Localization service is disabled
[2017.07.12-16.12.45:141][  0]LogConsoleResponse:Display: 
[2017.07.12-16.12.45:251][  0]LogCook:Display: Max memory allowance for cook 8192mb
[2017.07.12-16.12.45:251][  0]LogCook:Display: Mobile HDR setting 1
[2017.07.12-16.12.45:332][  0]LogFileCache: Scanning file cache for directory 'W:/University Work/Masters/MastersProject/MastersProject/Ava/Content/' took 0.02s
[2017.07.12-16.12.45:332][  0]LogHoudiniEngineEditor: Starting the Houdini Engine Editor module.
[2017.07.12-16.12.45:372][  0]SourceControl: Info Source control is disabled
[2017.07.12-16.12.45:372][  0]Cmd: MAP LOAD FILE="W:/University Work/Masters/MastersProject/MastersProject/Ava/Content/Ava/Maps/PalaceLevel.umap" TEMPLATE=0 SHOWPROGRESS=1 FEATURELEVEL=3
[2017.07.12-16.12.45:373][  0]LightingResults: New page: Lighting Build
[2017.07.12-16.12.45:375][  0]MapCheck: New page: Map Check
[2017.07.12-16.12.45:375][  0]LightingResults: New page: Lighting Build
[2017.07.12-16.12.45:453][  0]LogBlueprint:Warning: Compiler Warning InputAction Event references unknown Action 'Crouch' for  InputAction Crouch 
[2017.07.12-16.12.45:455][  0]LogBlueprint:Warning: Compiler Warning [0009.73] Compile of Ue4ASP_Character successful, but with 1 Warning(s) [in 7 ms] (/Game/AnimStarterPack/Ue4ASP_Character.Ue4ASP_Character)
[2017.07.12-16.12.45:455][  0]LogBlueprint:Warning: Compiler Warning [0009.73] Compile of Ue4ASP_Character successful, but with 2 Warning(s) [in 0 ms] (/Game/AnimStarterPack/Ue4ASP_Character.Ue4ASP_Character)
[2017.07.12-16.12.45:455][  0]LogBlueprint:Warning: Compiler Warning [0009.73] Compile of Ue4ASP_Character successful, but with 3 Warning(s) [in 0 ms] (/Game/AnimStarterPack/Ue4ASP_Character.Ue4ASP_Character)
[2017.07.12-16.12.45:535][  0]LogBlueprint:Warning: Compiler Warning InputAction Event references unknown Action 'Crouch' for  InputAction Crouch 
[2017.07.12-16.12.45:537][  0]LogBlueprint:Warning: Compiler Warning [0009.81] Compile of Ue4ASP_Character successful, but with 1 Warning(s) [in 7 ms] (/Game/AnimStarterPack/Ue4ASP_Character.Ue4ASP_Character)
[2017.07.12-16.12.45:537][  0]LogBlueprint:Warning: Compiler Warning [0009.81] Compile of Ue4ASP_Character successful, but with 2 Warning(s) [in 0 ms] (/Game/AnimStarterPack/Ue4ASP_Character.Ue4ASP_Character)
[2017.07.12-16.12.45:538][  0]LogBlueprint:Warning: Compiler Warning [0009.81] Compile of Ue4ASP_Character successful, but with 3 Warning(s) [in 0 ms] (/Game/AnimStarterPack/Ue4ASP_Character.Ue4ASP_Character)
[2017.07.12-16.12.46:368][  0]LogMaterial: Missing cached shader map for material M_Basic_Wall, compiling. 
[2017.07.12-16.12.46:368][  0]LogMaterial:Warning: Failed to compile Material /Game/StarterContent/Materials/M_Basic_Wall.M_Basic_Wall for platform PCD3D_SM5, Default Material will be used in game.
[2017.07.12-16.12.46:368][  0]LogMaterial:Warning: 	(Node TextureSample) TextureSample> Missing input texture
[2017.07.12-16.12.46:419][  0]LogAIModule: Creating AISystem for world PalaceLevel
[2017.07.12-16.12.46:451][  0]LogEditorServer: Finished looking for orphan Actors (0.000 secs)
[2017.07.12-16.12.46:451][  0]Cmd: MAP CHECKDEP NOCLEARLOG
[2017.07.12-16.12.46:554][  0]MapCheck: Info Map check complete: 0 Error(s), 0 Warning(s), took 102.36ms to complete.
[2017.07.12-16.12.46:554][  0]LogFileHelpers: Loading map 'PalaceLevel' took 1.182
[2017.07.12-16.12.46:844][  0]LogCollectionManager: Loaded 0 collections in 0.001271 seconds
[2017.07.12-16.12.46:893][  0]LogFileCache: Scanning file cache for directory 'W:/University Work/Masters/MastersProject/MastersProject/Ava/Saved/Collections/' took 0.01s
[2017.07.12-16.12.46:894][  0]LogFileCache: Scanning file cache for directory 'W:/University Work/Masters/MastersProject/MastersProject/Ava/Content/Developers/i7230020/Collections/' took 0.01s
[2017.07.12-16.12.46:894][  0]LogFileCache: Scanning file cache for directory 'W:/University Work/Masters/MastersProject/MastersProject/Ava/Content/Collections/' took 0.01s
[2017.07.12-16.12.46:894][  0]LogCollectionManager: Rebuilt the GUID cache for 0 collections in 0.000005 seconds
[2017.07.12-16.12.46:911][  0]LogContentBrowser: Native class hierarchy populated in 0.0173 seconds. Added 2096 classes and 376 folders.
[2017.07.12-16.12.46:916][  0]LogStats: UGameplayTagsManager::ConstructGameplayTagTree: Construct from data asset -  0.000 s
[2017.07.12-16.12.46:916][  0]LogStats: UGameplayTagsManager::ConstructGameplayTagTree: GameplayTagTreeChangedEvent.Broadcast -  0.000 s
[2017.07.12-16.12.46:920][  0]LogContentBrowser: Native class hierarchy updated for 'GameplayTags' in 0.0037 seconds. Added 12 classes and 0 folders.
[2017.07.12-16.12.46:929][  0]LogContentBrowser: Native class hierarchy updated for 'WidgetCarousel' in 0.0036 seconds. Added 0 classes and 0 folders.
[2017.07.12-16.12.47:001][  0]LogContentBrowser: Native class hierarchy updated for 'AddContentDialog' in 0.0024 seconds. Added 0 classes and 0 folders.
[2017.07.12-16.12.47:007][  0]LogContentBrowser: Native class hierarchy updated for 'SceneOutliner' in 0.0023 seconds. Added 1 classes and 2 folders.
[2017.07.12-16.12.47:019][  0]LogCrashTracker: Crashtracker disabled due to settings.
[2017.07.12-16.12.47:023][  0]LogUObjectGlobals:Warning: Failed to find object 'Class None.'
[2017.07.12-16.12.47:056][  0]LogContentBrowser: Native class hierarchy updated for 'HierarchicalLODOutliner' in 0.0056 seconds. Added 1 classes and 2 folders.
[2017.07.12-16.12.47:056][  0]LogLoad: Full Startup: 11.33 seconds (BP compile: 0.25 seconds)
[2017.07.12-16.12.47:056][  0]LogExternalProfiler: Found external profiler: VSPerf
[2017.07.12-16.12.47:056][  0]LogExternalProfiler: Using external profiler: VSPerf
[2017.07.12-16.12.47:068][  0]LogOcInput: OculusInput pre-init called
[2017.07.12-16.12.47:087][  0]LogContentStreaming: Texture pool size now 1000 MB
[2017.07.12-16.12.47:219][  0]LogRenderer: Reallocating scene render targets to support 1616x600 (Frame:2).
[2017.07.12-16.12.47:429][  2]LogAssetRegistry: Asset discovery search completed in 5.9948 seconds
[2017.07.12-16.12.47:430][  2]LogCollectionManager: Rebuilt the object cache for 0 collections in 0.000001 seconds (found 0 objects)
[2017.07.12-16.12.47:430][  2]LogCollectionManager: Fixed up redirectors for 0 collections in 0.000046 seconds (updated 0 objects)
[2017.07.12-16.13.06:317][914]LogContentBrowser: Native class hierarchy updated for 'BlueprintGraph' in 0.0029 seconds. Added 111 classes and 0 folders.
[2017.07.12-16.13.26:405][ 41]BlueprintLog: New page: Compile GameUIBP
[2017.07.12-16.13.26:648][ 41]BlueprintEditorCompileResults: Info The execution path doesn't end with a return node.  False 
[2017.07.12-16.13.26:648][ 41]BlueprintEditorCompileResults: Info The execution path doesn't end with a return node.  Completed 
[2017.07.12-16.13.26:648][ 41]BlueprintEditorCompileResults: Info The path is never executed.  Then 1 
[2017.07.12-16.13.26:648][ 41]BlueprintEditorCompileResults: Info The execution path doesn't end with a return node.  False 
[2017.07.12-16.13.26:648][ 41]BlueprintEditorCompileResults: Info The execution path doesn't end with a return node.  Completed 
[2017.07.12-16.13.26:648][ 41]BlueprintEditorCompileResults: Info The path is never executed.  Then 1 
[2017.07.12-16.13.26:648][ 41]BlueprintEditorCompileResults: Info [0050.92] Compile of GameUIBP successful! [in 243 ms] (/Game/Ava/GameUIBP.GameUIBP)
[2017.07.12-16.13.27:151][ 66]Cmd: OBJ SAVEPACKAGE PACKAGE="/Game/Ava/GameUIBP" FILE="W:/University Work/Masters/MastersProject/MastersProject/Ava/Content/Ava/GameUIBP.uasset" SILENT=true
[2017.07.12-16.13.27:253][ 66]LogSavePackage: Save=92.52ms
[2017.07.12-16.13.27:253][ 66]LogSavePackage: Moving 'W:/University Work/Masters/MastersProject/MastersProject/Ava/Saved/GameUIBPB433F26E48C30AC1A47DADA1B4E78886.tmp' to 'W:/University Work/Masters/MastersProject/MastersProject/Ava/Content/Ava/GameUIBP.uasset'
[2017.07.12-16.13.27:261][ 66]LogSavePackage:Display: Finished SavePackage W:/University Work/Masters/MastersProject/MastersProject/Ava/Content/Ava/GameUIBP.uasset
[2017.07.12-16.13.28:984][143]LogBlueprintUserMessages: Early PlayInEditor Detection: Level '/Game/Ava/Maps/PalaceLevel.PalaceLevel:PersistentLevel' has LevelScriptBlueprint '/Game/Ava/Maps/PalaceLevel.PalaceLevel:PersistentLevel.PalaceLevel' with GeneratedClass '/Game/Ava/Maps/PalaceLevel.PalaceLevel_C' with ClassGeneratedBy '/Game/Ava/Maps/PalaceLevel.PalaceLevel:PersistentLevel.PalaceLevel'
[2017.07.12-16.13.28:984][143]LogPlayLevel: PlayLevel: No blueprints needed recompiling
[2017.07.12-16.13.28:986][143]PIE: New page: PIE session: PalaceLevel (12 Jul 2017 17:13:28)
[2017.07.12-16.13.28:986][143]LogPlayLevel: Creating play world package: /Game/Ava/Maps/UEDPIE_0_PalaceLevel
[2017.07.12-16.13.29:055][143]LogPlayLevel: PIE: StaticDuplicateObject took: (0.069641s)
[2017.07.12-16.13.29:056][143]LogAIModule: Creating AISystem for world PalaceLevel
[2017.07.12-16.13.29:056][143]LogPlayLevel: PIE: World Init took: (0.000623s)
[2017.07.12-16.13.29:056][143]LogPlayLevel: PIE: Created PIE world by copying editor world from /Game/Ava/Maps/PalaceLevel.PalaceLevel to /Game/Ava/Maps/UEDPIE_0_PalaceLevel.PalaceLevel (0.070686s)
[2017.07.12-16.13.29:080][143]LogInit: XAudio2 using 'Speakers (Realtek High Definition Audio)' : 2 channels at 48 kHz using 32 bits per sample (channel mask 0x3)
[2017.07.12-16.13.29:089][143]LogInit: FAudioDevice initialized.
[2017.07.12-16.13.29:165][143]LogWorld: Game class is 'AvaGameMode'
[2017.07.12-16.13.29:196][143]LogWorld: Bringing World /Game/Ava/Maps/UEDPIE_0_PalaceLevel.PalaceLevel up for play (max tick rate 0) at 2017.07.12-17.13.29
[2017.07.12-16.13.29:199][143]LogWorld: Bringing up level for play took: 0.033649
[2017.07.12-16.13.29:208][143]LogContentBrowser: Native class hierarchy updated for 'MovieSceneCapture' in 0.0025 seconds. Added 11 classes and 0 folders.
[2017.07.12-16.13.29:213][143]LogBlueprintUserMessages: [GameUIBP_C_1] SEt UI
[2017.07.12-16.13.29:213][143]PIE: Info Play in editor start time for /Game/Ava/Maps/UEDPIE_0_PalaceLevel 0.878
[2017.07.12-16.13.29:214][143]LogBlueprintUserMessages: Late PlayInEditor Detection: Level '/Game/Ava/Maps/PalaceLevel.PalaceLevel:PersistentLevel' has LevelScriptBlueprint '/Game/Ava/Maps/PalaceLevel.PalaceLevel:PersistentLevel.PalaceLevel' with GeneratedClass '/Game/Ava/Maps/PalaceLevel.PalaceLevel_C' with ClassGeneratedBy '/Game/Ava/Maps/PalaceLevel.PalaceLevel:PersistentLevel.PalaceLevel'
[2017.07.12-16.13.51:573][322]LogBlueprintUserMessages: Early EndPlayMap Detection: Level '/Game/Ava/Maps/PalaceLevel.PalaceLevel:PersistentLevel' has LevelScriptBlueprint '/Game/Ava/Maps/PalaceLevel.PalaceLevel:PersistentLevel.PalaceLevel' with GeneratedClass '/Game/Ava/Maps/PalaceLevel.PalaceLevel_C' with ClassGeneratedBy '/Game/Ava/Maps/PalaceLevel.PalaceLevel:PersistentLevel.PalaceLevel'
[2017.07.12-16.13.51:618][322]LogBlueprintUserMessages: Late EndPlayMap Detection: Level '/Game/Ava/Maps/PalaceLevel.PalaceLevel:PersistentLevel' has LevelScriptBlueprint '/Game/Ava/Maps/PalaceLevel.PalaceLevel:PersistentLevel.PalaceLevel' with GeneratedClass '/Game/Ava/Maps/PalaceLevel.PalaceLevel_C' with ClassGeneratedBy '/Game/Ava/Maps/PalaceLevel.PalaceLevel:PersistentLevel.PalaceLevel'
[2017.07.12-16.14.20:999][ 38]Cmd: OBJ SAVEPACKAGE PACKAGE="/Game/Ava/GameUIBP" FILE="W:/University Work/Masters/MastersProject/MastersProject/Ava/Content/Ava/GameUIBP.uasset" SILENT=true
[2017.07.12-16.14.21:121][ 38]LogSavePackage: Save=116.86ms
[2017.07.12-16.14.21:121][ 38]LogSavePackage: Moving 'W:/University Work/Masters/MastersProject/MastersProject/Ava/Saved/GameUIBPE2F02F9C484F349265290CAF5E9D6711.tmp' to 'W:/University Work/Masters/MastersProject/MastersProject/Ava/Content/Ava/GameUIBP.uasset'
[2017.07.12-16.14.21:128][ 38]LogSavePackage:Display: Finished SavePackage W:/University Work/Masters/MastersProject/MastersProject/Ava/Content/Ava/GameUIBP.uasset
[2017.07.12-16.14.29:183][501]Cmd: OBJ SAVEPACKAGE PACKAGE="/Game/Ava/GameUIBP" FILE="W:/University Work/Masters/MastersProject/MastersProject/Ava/Content/Ava/GameUIBP.uasset" SILENT=true
[2017.07.12-16.14.29:307][501]LogSavePackage: Save=117.51ms
[2017.07.12-16.14.29:307][501]LogSavePackage: Moving 'W:/University Work/Masters/MastersProject/MastersProject/Ava/Saved/GameUIBP495DCBDB44DBA1786E43A3BAEB2B0C79.tmp' to 'W:/University Work/Masters/MastersProject/MastersProject/Ava/Content/Ava/GameUIBP.uasset'
[2017.07.12-16.14.29:316][501]LogSavePackage:Display: Finished SavePackage W:/University Work/Masters/MastersProject/MastersProject/Ava/Content/Ava/GameUIBP.uasset
[2017.07.12-16.14.38:871][ 61]BlueprintLog: New page: Compile GameUIBP
[2017.07.12-16.14.39:020][ 61]BlueprintEditorCompileResults: Info [0123.29] Compile of GameUIBP successful! [in 149 ms] (/Game/Ava/GameUIBP.GameUIBP)
[2017.07.12-16.14.39:623][ 94]Cmd: OBJ SAVEPACKAGE PACKAGE="/Game/Ava/GameUIBP" FILE="W:/University Work/Masters/MastersProject/MastersProject/Ava/Content/Ava/GameUIBP.uasset" SILENT=true
[2017.07.12-16.14.39:723][ 94]LogSavePackage: Save=95.20ms
[2017.07.12-16.14.39:723][ 94]LogSavePackage: Moving 'W:/University Work/Masters/MastersProject/MastersProject/Ava/Saved/GameUIBP5E1D85C94B45BA1F238A43B79E9B6328.tmp' to 'W:/University Work/Masters/MastersProject/MastersProject/Ava/Content/Ava/GameUIBP.uasset'
[2017.07.12-16.14.39:732][ 94]LogSavePackage:Display: Finished SavePackage W:/University Work/Masters/MastersProject/MastersProject/Ava/Content/Ava/GameUIBP.uasset
[2017.07.12-16.14.52:683][914]Cmd: OBJ SAVEPACKAGE PACKAGE="/Game/Ava/GameUIBP" FILE="W:/University Work/Masters/MastersProject/MastersProject/Ava/Content/Ava/GameUIBP.uasset" SILENT=true
[2017.07.12-16.14.52:811][914]LogSavePackage: Save=117.93ms
[2017.07.12-16.14.52:811][914]LogSavePackage: Moving 'W:/University Work/Masters/MastersProject/MastersProject/Ava/Saved/GameUIBPF7ACA98D4AE0436445241CB14255243E.tmp' to 'W:/University Work/Masters/MastersProject/MastersProject/Ava/Content/Ava/GameUIBP.uasset'
[2017.07.12-16.14.52:815][914]LogSavePackage:Display: Finished SavePackage W:/University Work/Masters/MastersProject/MastersProject/Ava/Content/Ava/GameUIBP.uasset
[2017.07.12-16.14.52:985][922]Cmd: OBJ SAVEPACKAGE PACKAGE="/Game/Ava/GameUIBP" FILE="W:/University Work/Masters/MastersProject/MastersProject/Ava/Content/Ava/GameUIBP.uasset" SILENT=true
[2017.07.12-16.14.53:107][922]LogSavePackage: Save=110.62ms
[2017.07.12-16.14.53:107][922]LogSavePackage: Moving 'W:/University Work/Masters/MastersProject/MastersProject/Ava/Saved/GameUIBP1996BF8646DC34F237B8ACB34BB74BE6.tmp' to 'W:/University Work/Masters/MastersProject/MastersProject/Ava/Content/Ava/GameUIBP.uasset'
[2017.07.12-16.14.53:108][922]LogSavePackage:Display: Finished SavePackage W:/University Work/Masters/MastersProject/MastersProject/Ava/Content/Ava/GameUIBP.uasset
[2017.07.12-16.14.54:387][969]LogBlueprintUserMessages: Early PlayInEditor Detection: Level '/Game/Ava/Maps/PalaceLevel.PalaceLevel:PersistentLevel' has LevelScriptBlueprint '/Game/Ava/Maps/PalaceLevel.PalaceLevel:PersistentLevel.PalaceLevel' with GeneratedClass '/Game/Ava/Maps/PalaceLevel.PalaceLevel_C' with ClassGeneratedBy '/Game/Ava/Maps/PalaceLevel.PalaceLevel:PersistentLevel.PalaceLevel'
[2017.07.12-16.14.54:387][969]LogPlayLevel: PlayLevel: No blueprints needed recompiling
[2017.07.12-16.14.54:387][969]PIE: New page: PIE session: PalaceLevel (12 Jul 2017 17:14:54)
[2017.07.12-16.14.54:387][969]LogPlayLevel: Creating play world package: /Game/Ava/Maps/UEDPIE_0_PalaceLevel
[2017.07.12-16.14.54:442][969]LogPlayLevel: PIE: StaticDuplicateObject took: (0.054996s)
[2017.07.12-16.14.54:443][969]LogAIModule: Creating AISystem for world PalaceLevel
[2017.07.12-16.14.54:443][969]LogPlayLevel: PIE: World Init took: (0.000668s)
[2017.07.12-16.14.54:443][969]LogPlayLevel: PIE: Created PIE world by copying editor world from /Game/Ava/Maps/PalaceLevel.PalaceLevel to /Game/Ava/Maps/UEDPIE_0_PalaceLevel.PalaceLevel (0.055980s)
[2017.07.12-16.14.54:462][969]LogInit: XAudio2 using 'Speakers (Realtek High Definition Audio)' : 2 channels at 48 kHz using 32 bits per sample (channel mask 0x3)
[2017.07.12-16.14.54:471][969]LogInit: FAudioDevice initialized.
[2017.07.12-16.14.54:545][969]LogWorld: Game class is 'AvaGameMode'
[2017.07.12-16.14.54:588][969]LogWorld: Bringing World /Game/Ava/Maps/UEDPIE_0_PalaceLevel.PalaceLevel up for play (max tick rate 0) at 2017.07.12-17.14.54
[2017.07.12-16.14.54:592][969]LogWorld: Bringing up level for play took: 0.044885
[2017.07.12-16.14.54:596][969]LogBlueprintUserMessages: [GameUIBP_C_1] SEt UI
[2017.07.12-16.14.54:596][969]PIE: Info Play in editor start time for /Game/Ava/Maps/UEDPIE_0_PalaceLevel 0.257
[2017.07.12-16.14.54:596][969]LogBlueprintUserMessages: Late PlayInEditor Detection: Level '/Game/Ava/Maps/PalaceLevel.PalaceLevel:PersistentLevel' has LevelScriptBlueprint '/Game/Ava/Maps/PalaceLevel.PalaceLevel:PersistentLevel.PalaceLevel' with GeneratedClass '/Game/Ava/Maps/PalaceLevel.PalaceLevel_C' with ClassGeneratedBy '/Game/Ava/Maps/PalaceLevel.PalaceLevel:PersistentLevel.PalaceLevel'
[2017.07.12-16.15.02:421][391]LogOutputDevice:Warning: 

Script Stack:
GameUIBP_C.On_Slot2_MouseButtonDown_0

[2017.07.12-16.15.02:421][391]LogWindows: Windows GetLastError: The operation completed successfully. (0)
[2017.07.12-16.15.03:056][391]LogCrashTracker: 


[2017.07.12-16.15.03:056][391]LogCrashTracker: 


[2017.07.12-16.15.03:056][391]LogWindows:Error: === Critical error: ===
Assertion failed: Pair != nullptr [File:C:\Program Files\Epic Games\4.12\Engine\Source\Runtime\Core\Public\Containers\Map.h] [Line: 520] 





[2017.07.12-16.15.03:075][391]LogExit: Executing StaticShutdownAfterError
[2017.07.12-16.15.03:081][391]LogWindows: FPlatformMisc::RequestExit(1)
[2017.07.12-16.15.03:081][391]Log file closed, 07/12/17 17:15:03
