Log file open, 06/14/17 12:08:14
LogInit:Display: Running engine for game: Ava
LogPlatformFile: Not using cached read wrapper
LogInit:Display: RandInit(-1444134137) SRandInit(-1444134136).
LogTaskGraph: Started task graph with 4 named threads and 9 total threads with 1 sets of task threads.
LogStats: Stats thread started at 0.103843
LogInit: Version: 4.12.5-3039270+++UE4+Release-4.12
LogInit: API Version: 2992821
LogInit: Net Version: 3039270
LogDevObjectVersion: Number of dev versions registered: 13
LogDevObjectVersion:   Dev-Blueprints (B0D832E4-1F89-4F0D-ACCF-7EB736FD4AA2): 3
LogDevObjectVersion:   Dev-Build (E1C64328-A22C-4D53-A36C-8E866417BD8C): 0
LogDevObjectVersion:   Dev-Core (375EC13C-06E4-48FB-B500-84F0262A717E): 1
LogDevObjectVersion:   Dev-Editor (E4B068ED-F494-42E9-A231-DA0B2E46BB41): 2
LogDevObjectVersion:   Dev-Framework (CFFC743F-43B0-4480-9391-14DF171D2073): 6
LogDevObjectVersion:   Dev-Mobile (B02B49B5-BB20-44E9-A304-32B752E40360): 0
LogDevObjectVersion:   Dev-Networking (A4E4105C-59A1-49B5-A7C5-40C4547EDFEE): 0
LogDevObjectVersion:   Dev-Online (39C831C9-5AE6-47DC-9A44-9C173E1C8E7C): 0
LogDevObjectVersion:   Dev-Physics (78F01B33-EBEA-4F98-B9B4-84EACCB95AA2): 0
LogDevObjectVersion:   Dev-Platform (6631380F-2D4D-43E0-8009-CF276956A95A): 0
LogDevObjectVersion:   Dev-Rendering (12F88B9F-8875-4AFC-A67C-D90C383ABD29): 2
LogDevObjectVersion:   Dev-Sequencer (7B5AE74C-D270-4C10-A958-57980B212A5A): 0
LogDevObjectVersion:   Dev-VR (D7296918-1DD6-4BDD-9DE2-64A83CC13884): 0
LogInit: Compiled (64-bit): Jul  6 2016 09:09:46
LogInit: Compiled with Visual C++: 19.00.23026.00
LogInit: Build Configuration: Development
LogInit: Branch Name: ++UE4+Release-4.12
LogInit: Command line:  
LogInit: Base directory: C:/Program Files/Epic Games/4.12/Engine/Binaries/Win64/
LogInit: Installed Engine Build: 1
LogInit: Using libcurl 7.41.0
LogInit:  - built for x86_64-pc-win32
LogInit:  - supports SSL with WinSSL
LogInit:  - other features:
LogInit:      CURL_VERSION_SSL
LogInit:      CURL_VERSION_IPV6
LogInit:      CURL_VERSION_ASYNCHDNS
LogInit:      CURL_VERSION_LARGEFILE
LogInit:      CURL_VERSION_IDN
LogInit:  CurlRequestOptions (configurable via config and command line):
LogInit:  - bVerifyPeer = true  - Libcurl will verify peer certificate
LogInit:  - bUseHttpProxy = false  - Libcurl will NOT use HTTP proxy
LogInit:  - bDontReuseConnections = false  - Libcurl will reuse connections
LogInit:  - CertBundlePath = nullptr  - Libcurl will use whatever was configured at build time.
LogInit: Presizing for max 8388607 objects, including 0 objects not considered by GC, pre-allocating 0 bytes for permanent pool.
LogInit: Object subsystem initialized
[2017.06.14-11.08.14:235][  0]LogInit: Selected Device Profile: [Windows]
[2017.06.14-11.08.14:235][  0]LogInit: Applying CVar settings loaded from the selected device profile: [Windows]
[2017.06.14-11.08.14:247][  0]LogInit: Computer: PC42640
[2017.06.14-11.08.14:247][  0]LogInit: User: i7230020
[2017.06.14-11.08.14:247][  0]LogInit: CPU Page size=65536, Cores=6
[2017.06.14-11.08.14:247][  0]LogInit: High frequency timer resolution =3.410107 MHz
[2017.06.14-11.08.14:247][  0]LogMemory: Memory total: Physical=31.9GB (32GB approx)
[2017.06.14-11.08.14:247][  0]LogMemory: Platform Memory Stats for Windows
[2017.06.14-11.08.14:247][  0]LogMemory: Process Physical Memory: 193.86 MB used, 193.86 MB peak
[2017.06.14-11.08.14:247][  0]LogMemory: Process Virtual Memory: 198.71 MB used, 198.71 MB peak
[2017.06.14-11.08.14:247][  0]LogMemory: Physical Memory: 15070.20 MB used, 32684.15 MB total
[2017.06.14-11.08.14:247][  0]LogMemory: Virtual Memory: 524.27 MB used, 8388608.00 MB total
[2017.06.14-11.08.14:309][  0]LogTextLocalizationManager: No specific translations for ('en-GB') exist, so ('en') translations will be used.
[2017.06.14-11.08.14:686][  0]LogD3D11RHI: D3D11 adapters:
[2017.06.14-11.08.14:707][  0]LogD3D11RHI:    0. 'NVIDIA Quadro M4000' (Feature Level 11_0)
[2017.06.14-11.08.14:707][  0]LogD3D11RHI:       8092/0/16086 MB DedicatedVideo/DedicatedSystem/SharedSystem, Outputs:1, VendorId:0x10de
[2017.06.14-11.08.14:707][  0]LogD3D11RHI: Chosen D3D11 Adapter: 0
[2017.06.14-11.08.14:716][  0]LogD3D11RHI: Creating new Direct3DDevice
[2017.06.14-11.08.14:716][  0]LogD3D11RHI:     GPU DeviceId: 0x13f1 (for the marketing name, search the web for "GPU Device Id")
[2017.06.14-11.08.14:716][  0]LogWindows: EnumDisplayDevices:
[2017.06.14-11.08.14:717][  0]LogWindows:    0. 'NVIDIA Quadro M4000' (P:1 D:1)
[2017.06.14-11.08.14:717][  0]LogWindows:    1. 'NVIDIA Quadro M4000' (P:0 D:0)
[2017.06.14-11.08.14:718][  0]LogWindows:    2. 'NVIDIA Quadro M4000' (P:0 D:0)
[2017.06.14-11.08.14:718][  0]LogWindows:    3. 'NVIDIA Quadro M4000' (P:0 D:0)
[2017.06.14-11.08.14:719][  0]LogWindows:    4. 'RDPDD Chained DD' (P:0 D:0)
[2017.06.14-11.08.14:720][  0]LogWindows:    5. 'RDP Encoder Mirror Driver' (P:0 D:0)
[2017.06.14-11.08.14:720][  0]LogWindows:    6. 'RDP Reflector Display Driver' (P:0 D:0)
[2017.06.14-11.08.14:720][  0]LogWindows: DebugString: GetVideoDriverDetailsInvalid PrimaryIsNotTheChoosenAdapter GetVideoDriverDetailsInvalid PrimaryIsNotTheChoosenAdapter GetVideoDriverDetailsInvalid PrimaryIsNotTheChoosenAdapter FoundDriverCount:4 
[2017.06.14-11.08.14:720][  0]LogD3D11RHI:     Adapter Name: NVIDIA Quadro M4000
[2017.06.14-11.08.14:720][  0]LogD3D11RHI:   Driver Version: 362.13 (internal:10.18.13.6213, unified:362.13)
[2017.06.14-11.08.14:720][  0]LogD3D11RHI:      Driver Date: 3-18-2016
[2017.06.14-11.08.14:720][  0]LogRHI: Texture pool is 1361 MB (70% of 1945 MB)
[2017.06.14-11.08.14:729][  0]LogD3D11RHI: Async texture creation enabled
[2017.06.14-11.08.14:743][  0]LogD3D11RHI: GPU Timing Frequency: 1000.000000 (Debug: 2 2)
[2017.06.14-11.08.14:743][  0]LogShaderCompilers: Guid format shader working directory is -28 characters bigger than the processId version (../../../../../../Users/i7230020.STUDENT.000/Documents/GitHub/MastersProject/Ava/Intermediate/Shaders/WorkingDirectory/66200/).
[2017.06.14-11.08.14:743][  0]LogShaderCompilers: Cleaned the shader compiler working directory 'C:/Users/I72300~1.000/AppData/Local/Temp/UnrealShaderWorkingDir/55EAF147423015B39212789C33847B78/'.
[2017.06.14-11.08.14:743][  0]LogShaderCompilers:Display: Using Local Shader Compiler.
[2017.06.14-11.08.16:041][  0]LogTemp:Display: Loaded TP AllDesktopTargetPlatform
[2017.06.14-11.08.16:050][  0]LogTemp:Display: Loaded TP WindowsClientTargetPlatform
[2017.06.14-11.08.16:059][  0]LogTemp:Display: Loaded TP WindowsNoEditorTargetPlatform
[2017.06.14-11.08.16:067][  0]LogTemp:Display: Loaded TP WindowsServerTargetPlatform
[2017.06.14-11.08.16:076][  0]LogTemp:Display: Loaded TP WindowsTargetPlatform
[2017.06.14-11.08.16:084][  0]LogTemp:Display: Loaded TP AndroidTargetPlatform
[2017.06.14-11.08.16:092][  0]LogTemp:Display: Loaded TP Android_ASTCTargetPlatform
[2017.06.14-11.08.16:100][  0]LogTemp:Display: Loaded TP Android_ATCTargetPlatform
[2017.06.14-11.08.16:108][  0]LogTemp:Display: Loaded TP Android_DXTTargetPlatform
[2017.06.14-11.08.16:116][  0]LogTemp:Display: Loaded TP Android_ETC1TargetPlatform
[2017.06.14-11.08.16:125][  0]LogTemp:Display: Loaded TP Android_ETC2TargetPlatform
[2017.06.14-11.08.16:142][  0]LogTemp:Display: Loaded TP Android_MultiTargetPlatform
[2017.06.14-11.08.16:142][  0]LogTemp:Display: Loaded TP Android_PVRTCTargetPlatform
[2017.06.14-11.08.16:143][  0]LogTemp:Display: Loaded TP HTML5TargetPlatform
[2017.06.14-11.08.16:164][  0]LogTemp:Display: Loaded TP IOSTargetPlatform
[2017.06.14-11.08.16:172][  0]LogTemp:Display: Loaded TP TVOSTargetPlatform
[2017.06.14-11.08.16:180][  0]LogTemp:Display: Loaded TP LinuxNoEditorTargetPlatform
[2017.06.14-11.08.16:188][  0]LogTemp:Display: Loaded TP LinuxServerTargetPlatform
[2017.06.14-11.08.16:196][  0]LogTemp:Display: Loaded TP LinuxTargetPlatform
[2017.06.14-11.08.16:196][  0]LogTargetPlatformManager:Display: Building Assets For Windows
[2017.06.14-11.08.16:286][  0]LogDerivedDataCache:Display: Max Cache Size: 512 MB
[2017.06.14-11.08.16:335][  0]LogDerivedDataCache: Loaded boot cache 0.05s 49MB C:/Users/i7230020.STUDENT.000/AppData/Local/UnrealEngine/4.12/DerivedDataCache/Boot.ddc.
[2017.06.14-11.08.16:336][  0]LogDerivedDataCache:Display: Loaded Boot cache: C:/Users/i7230020.STUDENT.000/AppData/Local/UnrealEngine/4.12/DerivedDataCache/Boot.ddc
[2017.06.14-11.08.16:336][  0]LogDerivedDataCache: FDerivedDataBackendGraph:  Pak pak cache file ../../../../../../Users/i7230020.STUDENT.000/Documents/GitHub/MastersProject/Ava/DerivedDataCache/DDC.ddp not found, will not use a pak cache.
[2017.06.14-11.08.16:336][  0]LogDerivedDataCache: Unable to find inner node Pak for hierarchical cache Hierarchy.
[2017.06.14-11.08.16:336][  0]LogDerivedDataCache: FDerivedDataBackendGraph:  CompressedPak pak cache file ../../../../../../Users/i7230020.STUDENT.000/Documents/GitHub/MastersProject/Ava/DerivedDataCache/Compressed.ddp not found, will not use a pak cache.
[2017.06.14-11.08.16:336][  0]LogDerivedDataCache: Unable to find inner node CompressedPak for hierarchical cache Hierarchy.
[2017.06.14-11.08.16:351][  0]LogDerivedDataCache:Display: Pak cache opened for reading ../../../Engine/DerivedDataCache/Compressed.ddp.
[2017.06.14-11.08.16:363][  0]LogDerivedDataCache: Using Local data cache path C:/Users/i7230020.STUDENT.000/AppData/Local/UnrealEngine/Common/DerivedDataCache: Writable
[2017.06.14-11.08.16:591][  0]LogInit: Selected Device Profile: [Windows]
[2017.06.14-11.08.16:592][  0]LogContentStreaming: Texture pool size is 0.00 MB
[2017.06.14-11.08.16:755][  0]LogMeshUtilities: No automatic mesh reduction module available
[2017.06.14-11.08.16:755][  0]LogMeshUtilities: No automatic mesh merging module available
[2017.06.14-11.08.16:755][  0]LogMeshUtilities: No distributed automatic mesh merging module available
[2017.06.14-11.08.16:989][  0]LogAssetRegistry: FAssetRegistry took 0.0194 seconds to start up
[2017.06.14-11.08.17:069][  0]LogPackageLocalizationCache: Processed 4 localized package path(s) for 2 prioritized culture(s) in 0.076848 seconds
[2017.06.14-11.08.17:072][  0]LogUObjectArray: 28739 objects as part of root set at end of initial load.
[2017.06.14-11.08.17:072][  0]LogUObjectAllocator: 5855624 out of 0 bytes used by permanent object pool.
[2017.06.14-11.08.17:072][  0]LogUObjectArray: CloseDisregardForGC: 0/0 objects in disregard for GC pool
[2017.06.14-11.08.17:078][  0]LogInit: WinSock: version 1.1 (2.2), MaxSocks=32767, MaxUdp=65467
[2017.06.14-11.08.17:253][  0]LogSlate: SlateFontCache - WITH_FREETYPE: 1, WITH_HARFBUZZ: 1
[2017.06.14-11.08.17:253][  0]LogSlate: SlateFontCache - WITH_FREETYPE: 1, WITH_HARFBUZZ: 1
[2017.06.14-11.08.18:347][  0]LogUdpMessaging: Initializing bridge on interface 0.0.0.0:0 to multicast group 230.0.0.1:6666.
[2017.06.14-11.08.18:650][  0]SourceControl: Info Source control is disabled
[2017.06.14-11.08.18:653][  0]SourceControl: Info Source control is disabled
[2017.06.14-11.08.18:668][  0]SourceControl: Info Source control is disabled
[2017.06.14-11.08.18:681][  0]SourceControl: Info Source control is disabled
[2017.06.14-11.08.18:849][  0]LogHoudiniEngine: Starting the Houdini Engine module.
[2017.06.14-11.08.18:850][  0]LogHoudiniEngine: Loaded libHAPIL.dll from Registry path C:\Program Files\Side Effects Software\Houdini 15.5.632/bin
[2017.06.14-11.08.18:850][  0]LogLinker:Warning: Asset '../../../Engine/Plugins/Runtime/HoudiniEngine/Content/houdini_logo.uasset' has been saved with empty engine version. The asset will be loaded but may be incompatible.
[2017.06.14-11.08.18:852][  0]LogLinker:Warning: Asset '../../../Engine/Plugins/Runtime/HoudiniEngine/Content/houdini_default_material.uasset' has been saved with empty engine version. The asset will be loaded but may be incompatible.
[2017.06.14-11.08.18:856][  0]LogLinker:Warning: Asset '../../../Engine/Plugins/Runtime/HoudiniEngine/Content/houdini_bgeo_import.uasset' has been saved with empty engine version. The asset will be loaded but may be incompatible.
[2017.06.14-11.08.19:991][  0]LogHoudiniEngine: Successfully initialized the Houdini Engine API module.
[2017.06.14-11.08.20:135][  0]LogEngine: Initializing Engine...
[2017.06.14-11.08.20:136][  0]LogHMD: SteamVR failed to initialize.  Err: 110
[2017.06.14-11.08.20:138][  0]LogHMD: SteamVR failed to initialize.  Err: 110
[2017.06.14-11.08.20:268][  0]LogAIModule: Creating AISystem for world NewWorld
[2017.06.14-11.08.20:273][  0]LogInit: XAudio2 using 'Speakers (Realtek High Definition Audio)' : 2 channels at 48 kHz using 32 bits per sample (channel mask 0x3)
[2017.06.14-11.08.20:285][  0]LogInit: FAudioDevice initialized.
[2017.06.14-11.08.20:309][  0]LogDerivedDataCache: Saved boot cache 0.02s 49MB C:/Users/i7230020.STUDENT.000/AppData/Local/UnrealEngine/4.12/DerivedDataCache/Boot.ddc.
[2017.06.14-11.08.20:314][  0]LogInit: Texture streaming: Enabled
[2017.06.14-11.08.20:339][  0]LogInit: Transaction tracking system initialized
[2017.06.14-11.08.20:359][  0]BlueprintLog: New page: Editor Load
[2017.06.14-11.08.20:429][  0]LocalizationService: Info Localization service is disabled
[2017.06.14-11.08.20:503][  0]LogConsoleResponse:Display: 
[2017.06.14-11.08.20:612][  0]LogCook:Display: Max memory allowance for cook 8192mb
[2017.06.14-11.08.20:612][  0]LogCook:Display: Mobile HDR setting 1
[2017.06.14-11.08.20:700][  0]LogFileCache: Scanning file cache for directory 'C:/Users/i7230020.STUDENT.000/Documents/GitHub/MastersProject/Ava/Content/' took 0.02s
[2017.06.14-11.08.20:700][  0]LogHoudiniEngineEditor: Starting the Houdini Engine Editor module.
[2017.06.14-11.08.20:745][  0]SourceControl: Info Source control is disabled
[2017.06.14-11.08.20:745][  0]Cmd: MAP LOAD FILE="../../../../../../Users/i7230020.STUDENT.000/Documents/GitHub/MastersProject/Ava/Content/StarterContent/Maps/Minimal_Default.umap" TEMPLATE=0 SHOWPROGRESS=1 FEATURELEVEL=3
[2017.06.14-11.08.20:745][  0]LogEditorServer:Warning: Can't find file '../../../../../../Users/i7230020.STUDENT.000/Documents/GitHub/MastersProject/Ava/Content/StarterContent/Maps/Minimal_Default.umap'
[2017.06.14-11.08.20:745][  0]Cmd: MAP CHECKDEP NOCLEARLOG
[2017.06.14-11.08.20:816][  0]MapCheck: Info Map check complete: 0 Error(s), 0 Warning(s), took 70.517ms to complete.
[2017.06.14-11.08.20:816][  0]LogFileHelpers: Loading map 'Minimal_Default' took 0.071
[2017.06.14-11.08.20:922][  0]LogCollectionManager: Loaded 0 collections in 0.001589 seconds
[2017.06.14-11.08.20:963][  0]LogFileCache: Scanning file cache for directory 'C:/Users/i7230020.STUDENT.000/Documents/GitHub/MastersProject/Ava/Saved/Collections/' took 0.01s
[2017.06.14-11.08.20:963][  0]LogFileCache: Scanning file cache for directory 'C:/Users/i7230020.STUDENT.000/Documents/GitHub/MastersProject/Ava/Content/Developers/i7230020/Collections/' took 0.01s
[2017.06.14-11.08.20:963][  0]LogFileCache: Scanning file cache for directory 'C:/Users/i7230020.STUDENT.000/Documents/GitHub/MastersProject/Ava/Content/Collections/' took 0.01s
[2017.06.14-11.08.20:963][  0]LogCollectionManager: Rebuilt the GUID cache for 0 collections in 0.000003 seconds
[2017.06.14-11.08.20:972][  0]LogContentBrowser: Native class hierarchy populated in 0.0094 seconds. Added 2082 classes and 376 folders.
[2017.06.14-11.08.20:976][  0]LogStats: UGameplayTagsManager::ConstructGameplayTagTree: Construct from data asset -  0.000 s
[2017.06.14-11.08.20:976][  0]LogStats: UGameplayTagsManager::ConstructGameplayTagTree: GameplayTagTreeChangedEvent.Broadcast -  0.000 s
[2017.06.14-11.08.20:978][  0]LogContentBrowser: Native class hierarchy updated for 'GameplayTags' in 0.0023 seconds. Added 12 classes and 0 folders.
[2017.06.14-11.08.20:984][  0]LogContentBrowser: Native class hierarchy updated for 'WidgetCarousel' in 0.0023 seconds. Added 0 classes and 0 folders.
[2017.06.14-11.08.21:067][  0]LogContentBrowser: Native class hierarchy updated for 'AddContentDialog' in 0.0024 seconds. Added 0 classes and 0 folders.
[2017.06.14-11.08.21:073][  0]LogContentBrowser: Native class hierarchy updated for 'SceneOutliner' in 0.0023 seconds. Added 1 classes and 2 folders.
[2017.06.14-11.08.21:085][  0]LogCrashTracker: Crashtracker disabled due to settings.
[2017.06.14-11.08.21:089][  0]LogUObjectGlobals:Warning: Failed to find object 'Class None.'
[2017.06.14-11.08.21:114][  0]LogContentBrowser: Native class hierarchy updated for 'HierarchicalLODOutliner' in 0.0024 seconds. Added 1 classes and 2 folders.
[2017.06.14-11.08.21:114][  0]LogLoad: Full Startup: 8.10 seconds (BP compile: 0.00 seconds)
[2017.06.14-11.08.21:114][  0]LogExternalProfiler: Found external profiler: VSPerf
[2017.06.14-11.08.21:114][  0]LogExternalProfiler: Using external profiler: VSPerf
[2017.06.14-11.08.21:127][  0]LogOcInput: OculusInput pre-init called
[2017.06.14-11.08.21:145][  0]LogContentStreaming: Texture pool size now 1000 MB
[2017.06.14-11.08.21:276][  0]LogRenderer: Reallocating scene render targets to support 1776x668 (Frame:2).
[2017.06.14-11.08.21:407][  1]LogAssetRegistry: Asset discovery search completed in 4.4368 seconds
[2017.06.14-11.08.21:407][  1]LogCollectionManager: Rebuilt the object cache for 0 collections in 0.000001 seconds (found 0 objects)
[2017.06.14-11.08.21:407][  1]LogCollectionManager: Fixed up redirectors for 0 collections in 0.000017 seconds (updated 0 objects)
[2017.06.14-11.08.28:332][548]LogContentBrowser: Native class hierarchy updated for 'BlueprintGraph' in 0.0026 seconds. Added 111 classes and 0 folders.
[2017.06.14-11.08.35:543][939]BlueprintLog: New page: Compile MainMenu
[2017.06.14-11.08.35:627][939]BlueprintEditorCompileResults: Info [0022.61] Compile of MainMenu successful! [in 84 ms] (/Game/TemporaryContent/MainMenu.MainMenu)
[2017.06.14-11.08.35:979][961]Cmd: OBJ SAVEPACKAGE PACKAGE="/Game/TemporaryContent/MainMenu" FILE="../../../../../../Users/i7230020.STUDENT.000/Documents/GitHub/MastersProject/Ava/Content/TemporaryContent/MainMenu.uasset" SILENT=true
[2017.06.14-11.08.36:001][961]LogSavePackage: Save=12.53ms
[2017.06.14-11.08.36:001][961]LogSavePackage: Moving '../../../../../../Users/i7230020.STUDENT.000/Documents/GitHub/MastersProject/Ava/Saved/MainMenu98C64C1548026EB1A5884B8786E1248F.tmp' to '../../../../../../Users/i7230020.STUDENT.000/Documents/GitHub/MastersProject/Ava/Content/TemporaryContent/MainMenu.uasset'
[2017.06.14-11.08.36:010][961]LogSavePackage:Display: Finished SavePackage ../../../../../../Users/i7230020.STUDENT.000/Documents/GitHub/MastersProject/Ava/Content/TemporaryContent/MainMenu.uasset
[2017.06.14-11.08.47:618][864]Cmd: OBJ SAVEPACKAGE PACKAGE="/Game/TemporaryContent/MainMenu" FILE="../../../../../../Users/i7230020.STUDENT.000/Documents/GitHub/MastersProject/Ava/Content/TemporaryContent/MainMenu.uasset" SILENT=true
[2017.06.14-11.08.47:639][864]LogSavePackage: Save=13.46ms
[2017.06.14-11.08.47:639][864]LogSavePackage: Moving '../../../../../../Users/i7230020.STUDENT.000/Documents/GitHub/MastersProject/Ava/Saved/MainMenuB7188D424340131ACECEC2AA06500D9D.tmp' to '../../../../../../Users/i7230020.STUDENT.000/Documents/GitHub/MastersProject/Ava/Content/TemporaryContent/MainMenu.uasset'
[2017.06.14-11.08.47:648][864]LogSavePackage:Display: Finished SavePackage ../../../../../../Users/i7230020.STUDENT.000/Documents/GitHub/MastersProject/Ava/Content/TemporaryContent/MainMenu.uasset
[2017.06.14-11.08.49:427][985]BlueprintLog: New page: Compile MainMenu
[2017.06.14-11.08.49:505][985]BlueprintEditorCompileResults: Info [0036.49] Compile of MainMenu successful! [in 77 ms] (/Game/TemporaryContent/MainMenu.MainMenu)
[2017.06.14-11.08.49:748][  0]Cmd: OBJ SAVEPACKAGE PACKAGE="/Game/TemporaryContent/MainMenu" FILE="../../../../../../Users/i7230020.STUDENT.000/Documents/GitHub/MastersProject/Ava/Content/TemporaryContent/MainMenu.uasset" SILENT=true
[2017.06.14-11.08.49:768][  0]LogSavePackage: Save=12.64ms
[2017.06.14-11.08.49:768][  0]LogSavePackage: Moving '../../../../../../Users/i7230020.STUDENT.000/Documents/GitHub/MastersProject/Ava/Saved/MainMenuAAE990A24291D90F132B7F80C1DDDCEC.tmp' to '../../../../../../Users/i7230020.STUDENT.000/Documents/GitHub/MastersProject/Ava/Content/TemporaryContent/MainMenu.uasset'
[2017.06.14-11.08.49:773][  0]LogSavePackage:Display: Finished SavePackage ../../../../../../Users/i7230020.STUDENT.000/Documents/GitHub/MastersProject/Ava/Content/TemporaryContent/MainMenu.uasset
[2017.06.14-11.09.38:960][782]Recompiling Ava...
[2017.06.14-11.09.38:960][782]Launching UnrealBuildTool... [C:/Program Files/Epic Games/4.12/Engine/Binaries/DotNET/UnrealBuildTool.exe Ava -ModuleWithSuffix Ava 7514 Win64 Development -editorrecompile -canskiplink "C:/Users/i7230020.STUDENT.000/Documents/GitHub/MastersProject/Ava/Ava.uproject"  -2015]
[2017.06.14-11.09.38:963][782]Warning: Starting HotReload took  0.0s.
[2017.06.14-11.09.58:696][807]CompilerResultsLog: New page: Compilation - 14 Jun 2017 12:09:58
[2017.06.14-11.09.58:696][807]CompilerResultsLog: Info Creating makefile for hot reloading Ava (working set of source files changed)
[2017.06.14-11.09.58:696][807]CompilerResultsLog: Info Compiling game modules for hot reload
[2017.06.14-11.09.58:696][807]CompilerResultsLog: Info Parsing headers for AvaEditor
[2017.06.14-11.09.58:696][807]CompilerResultsLog: Info   Running UnrealHeaderTool "C:\Users\i7230020.STUDENT.000\Documents\GitHub\MastersProject\Ava\Ava.uproject" "C:\Users\i7230020.STUDENT.000\Documents\GitHub\MastersProject\Ava\Intermediate\Build\Win64\AvaEditor\Development\AvaEditor.uhtmanifest" -LogCmds="loginit warning, logexit warning, logdatabase error" -Unattended -WarningsAsErrors -installed
[2017.06.14-11.09.58:696][807]CompilerResultsLog: Info Reflection code generated for AvaEditor in 5.4833226 seconds
[2017.06.14-11.09.58:696][807]CompilerResultsLog: Info Performing 2 actions (9 in parallel)
[2017.06.14-11.09.58:696][807]CompilerResultsLog: Info MainMenu.cpp
[2017.06.14-11.09.58:696][807]CompilerResultsLog: Info [2/2] Link UE4Editor-Ava-7514.dll
[2017.06.14-11.09.58:696][807]CompilerResultsLog: Info    Creating library C:\Users\i7230020.STUDENT.000\Documents\GitHub\MastersProject\Ava\Intermediate\Build\Win64\UE4Editor\Development\UE4Editor-Ava-7514.lib and object C:\Users\i7230020.STUDENT.000\Documents\GitHub\MastersProject\Ava\Intermediate\Build\Win64\UE4Editor\Development\UE4Editor-Ava-7514.exp
[2017.06.14-11.09.58:696][807]CompilerResultsLog: Info Total build time: 19.52 seconds
[2017.06.14-11.09.58:696][807]LogMainFrame: MainFrame: Module compiling took 19.741 seconds
[2017.06.14-11.09.58:762][807]LogClass: StatueDataVariables HotReload.
[2017.06.14-11.09.58:762][807]LogClass: Statue HotReload.
[2017.06.14-11.09.58:762][807]LogClass: ItemDataVariables HotReload.
[2017.06.14-11.09.58:762][807]LogClass: Item HotReload.
[2017.06.14-11.09.58:766][807]LogContentBrowser: Native class hierarchy updated for 'Ava' in 0.0024 seconds. Added 4 classes and 2 folders.
[2017.06.14-11.09.58:768][807]Warning: HotReload successful (2 functions remapped  0 scriptstructs remapped)
[2017.06.14-11.09.59:056][807]LogContentBrowser: Native class hierarchy populated in 0.0138 seconds. Added 2084 classes and 380 folders.
[2017.06.14-11.09.59:056][807]Warning: HotReload took 20.1s.
[2017.06.14-11.11.34:934][614]LogText:Warning: Failed to parse argument "GameModeName" as a number (using "0" as a fallback). Please check your format string for errors: "GameMode: {GameModeName}".
[2017.06.14-11.12.19:307][966]LogMetaData: Removing '/Game/TemporaryContent/MainMenuBP.MainMenuBP_C' ref from Metadata '/Game/TemporaryContent/MainMenu.PackageMetaData'
[2017.06.14-11.12.19:307][966]LogMetaData: Removing '/Game/TemporaryContent/MainMenuBP.MainMenuBP:EventGraph.K2Node_Event_0' ref from Metadata '/Game/TemporaryContent/MainMenu.PackageMetaData'
[2017.06.14-11.12.19:307][966]LogMetaData: Removing '/Game/TemporaryContent/MainMenuBP.MainMenuBP:EventGraph.K2Node_Event_1' ref from Metadata '/Game/TemporaryContent/MainMenu.PackageMetaData'
[2017.06.14-11.12.19:307][966]LogMetaData: Removing '/Game/TemporaryContent/MainMenuBP.SKEL_MainMenuBP_C' ref from Metadata '/Game/TemporaryContent/MainMenu.PackageMetaData'
[2017.06.14-11.12.19:341][966]LogSavePackage: Save=20.27ms
[2017.06.14-11.12.19:341][966]LogSavePackage: Moving '../../../../../../Users/i7230020.STUDENT.000/Documents/GitHub/MastersProject/Ava/Saved/MainMenuBP1EFE1A3349A3A0EF25BDF3AA507C5CC2.tmp' to '../../../../../../Users/i7230020.STUDENT.000/Documents/GitHub/MastersProject/Ava/Content/TemporaryContent/MainMenuBP.uasset'
[2017.06.14-11.12.19:364][966]LogSavePackage:Display: Finished SavePackage ../../../../../../Users/i7230020.STUDENT.000/Documents/GitHub/MastersProject/Ava/Content/TemporaryContent/MainMenuBP.uasset
[2017.06.14-11.12.21:288][109]LogSlate:Warning: Prevented a slow task dialog from being summoned while a context menu was open
[2017.06.14-11.12.31:047][635]BlueprintLog: New page: Compile Untitled
[2017.06.14-11.12.31:115][635]BlueprintEditorCompileResults: Info [0258.09] Compile of PersistentLevel.Untitled successful! [in 67 ms] (/Temp/Untitled_0.NewWorld:PersistentLevel.Untitled)
[2017.06.14-11.12.48:429][952]LogAIModule: Creating AISystem for world MainMenu
[2017.06.14-11.12.49:847][952]Cmd: MAP LOAD FILE="../../../../../../Users/i7230020.STUDENT.000/Documents/GitHub/MastersProject/Ava/Content/Ava/Maps/MainMenu.umap" TEMPLATE=0 SHOWPROGRESS=1 FEATURELEVEL=3
[2017.06.14-11.12.49:848][952]LightingResults: New page: Lighting Build
[2017.06.14-11.12.49:865][952]LogContentBrowser: Native class hierarchy updated for 'StatsViewer' in 0.0023 seconds. Added 5 classes and 0 folders.
[2017.06.14-11.12.49:866][952]LoadErrors: New page: Loading map: MainMenu.umap
[2017.06.14-11.12.49:866][952]MapCheck: New page: Map Check
[2017.06.14-11.12.49:866][952]LightingResults: New page: Lighting Build
[2017.06.14-11.12.49:884][952]LogEditorServer: Finished looking for orphan Actors (0.000 secs)
[2017.06.14-11.12.49:905][952]Cmd: MAP CHECKDEP NOCLEARLOG
[2017.06.14-11.12.49:985][952]MapCheck: Info Map check complete: 0 Error(s), 0 Warning(s), took 79.199ms to complete.
[2017.06.14-11.12.49:985][952]LogFileHelpers: Loading map 'MainMenu' took 0.138
[2017.06.14-11.12.52:779][202]LogText:Warning: Failed to parse argument "GameModeName" as a number (using "0" as a fallback). Please check your format string for errors: "GameMode: {GameModeName}".
[2017.06.14-11.13.07:202][317]LogSlate:Warning: Prevented a slow task dialog from being summoned while a context menu was open
[2017.06.14-11.13.59:257][991]BlueprintLog: New page: Compile MainMenu
[2017.06.14-11.13.59:326][991]BlueprintEditorCompileResults: Info [0346.29] Compile of PersistentLevel.MainMenu successful! [in 69 ms] (/Game/Ava/Maps/MainMenu.MainMenu:PersistentLevel.MainMenu)
[2017.06.14-11.14.01:920][154]LogSavePackage: Save=64.13ms
[2017.06.14-11.14.01:920][154]LogSavePackage: Moving '../../../../../../Users/i7230020.STUDENT.000/Documents/GitHub/MastersProject/Ava/Saved/MainMenuBA099BD640A5C23FCFDA6A8EBF2D0486.tmp' to '../../../../../../Users/i7230020.STUDENT.000/Documents/GitHub/MastersProject/Ava/Content/Ava/Maps/MainMenu.umap'
[2017.06.14-11.14.01:930][154]LogSavePackage:Display: Finished SavePackage ../../../../../../Users/i7230020.STUDENT.000/Documents/GitHub/MastersProject/Ava/Content/Ava/Maps/MainMenu.umap
[2017.06.14-11.14.01:951][154]LogFileHelpers: Saving map 'MainMenu' took 0.192
[2017.06.14-11.14.11:785][824]LogSlate:Warning: Prevented a slow task dialog from being summoned while a context menu was open
[2017.06.14-11.14.13:417][994]Cmd: UpdateLandscapeSetup
[2017.06.14-11.14.33:012][436]LogSavePackage: Save=64.01ms
[2017.06.14-11.14.33:012][436]LogSavePackage: Moving '../../../../../../Users/i7230020.STUDENT.000/Documents/GitHub/MastersProject/Ava/Saved/MainMenu3826B8A74A04BB26ABB1749C717582D3.tmp' to '../../../../../../Users/i7230020.STUDENT.000/Documents/GitHub/MastersProject/Ava/Content/Ava/Maps/MainMenu.umap'
[2017.06.14-11.14.33:021][436]LogSavePackage:Display: Finished SavePackage ../../../../../../Users/i7230020.STUDENT.000/Documents/GitHub/MastersProject/Ava/Content/Ava/Maps/MainMenu.umap
[2017.06.14-11.14.35:249][629]LogSlate:Warning: Prevented a slow task dialog from being summoned while a context menu was open
[2017.06.14-11.14.36:376][742]Cmd: UpdateLandscapeSetup
[2017.06.14-11.14.37:785][873]Cmd: UpdateLandscapeSetup
[2017.06.14-11.14.41:250][195]LogUObjectGlobals:Warning: Failed to find object 'Class None.None'
[2017.06.14-11.14.41:266][196]Cmd: UpdateLandscapeSetup
[2017.06.14-11.14.42:906][348]Cmd: UpdateLandscapeSetup
[2017.06.14-11.14.46:725][681]LogSavePackage: Save=62.34ms
[2017.06.14-11.14.46:725][681]LogSavePackage: Moving '../../../../../../Users/i7230020.STUDENT.000/Documents/GitHub/MastersProject/Ava/Saved/MainMenuCDED9DA84A64EE043FEB1290AB82D932.tmp' to '../../../../../../Users/i7230020.STUDENT.000/Documents/GitHub/MastersProject/Ava/Content/Ava/Maps/MainMenu.umap'
[2017.06.14-11.14.46:734][681]LogSavePackage:Display: Finished SavePackage ../../../../../../Users/i7230020.STUDENT.000/Documents/GitHub/MastersProject/Ava/Content/Ava/Maps/MainMenu.umap
[2017.06.14-11.14.51:315][848]LogBlueprintUserMessages: Early PlayInEditor Detection: Level '/Game/Ava/Maps/MainMenu.MainMenu:PersistentLevel' has LevelScriptBlueprint '/Game/Ava/Maps/MainMenu.MainMenu:PersistentLevel.MainMenu' with GeneratedClass '/Game/Ava/Maps/MainMenu.MainMenu_C' with ClassGeneratedBy '/Game/Ava/Maps/MainMenu.MainMenu:PersistentLevel.MainMenu'
[2017.06.14-11.14.51:315][848]LogPlayLevel: PlayLevel: No blueprints needed recompiling
[2017.06.14-11.14.51:315][848]PIE: New page: SIE session: MainMenu (14 Jun 2017 12:14:51)
[2017.06.14-11.14.51:315][848]LogPlayLevel: Creating play world package: /Game/Ava/Maps/UEDPIE_0_MainMenu
[2017.06.14-11.14.51:316][848]LogPlayLevel: PIE: StaticDuplicateObject took: (0.001022s)
[2017.06.14-11.14.51:317][848]LogAIModule: Creating AISystem for world MainMenu
[2017.06.14-11.14.51:317][848]LogPlayLevel: PIE: World Init took: (0.000666s)
[2017.06.14-11.14.51:318][848]LogPlayLevel: PIE: Created PIE world by copying editor world from /Game/Ava/Maps/MainMenu.MainMenu to /Game/Ava/Maps/UEDPIE_0_MainMenu.MainMenu (0.002337s)
[2017.06.14-11.14.51:336][848]LogInit: XAudio2 using 'Speakers (Realtek High Definition Audio)' : 2 channels at 48 kHz using 32 bits per sample (channel mask 0x3)
[2017.06.14-11.14.51:344][848]LogInit: FAudioDevice initialized.
[2017.06.14-11.14.51:410][848]LogWorld: Game class is 'AvaGameMode'
[2017.06.14-11.14.51:411][848]LogWorld: Bringing World /Game/Ava/Maps/UEDPIE_0_MainMenu.MainMenu up for play (max tick rate 0) at 2017.06.14-12.14.51
[2017.06.14-11.14.51:412][848]LogWorld: Bringing up level for play took: 0.001090
[2017.06.14-11.14.51:413][848]LogGameMode: Warning - PATHS NOT DEFINED or NO PLAYERSTART with positive rating
[2017.06.14-11.14.51:419][848]LogContentBrowser: Native class hierarchy updated for 'MovieSceneCapture' in 0.0024 seconds. Added 11 classes and 0 folders.
[2017.06.14-11.14.51:420][848]PIE: Info Play in editor start time for /Game/Ava/Maps/UEDPIE_0_MainMenu 0.435
[2017.06.14-11.14.51:431][848]LogBlueprintUserMessages: Late PlayInEditor Detection: Level '/Game/Ava/Maps/MainMenu.MainMenu:PersistentLevel' has LevelScriptBlueprint '/Game/Ava/Maps/MainMenu.MainMenu:PersistentLevel.MainMenu' with GeneratedClass '/Game/Ava/Maps/MainMenu.MainMenu_C' with ClassGeneratedBy '/Game/Ava/Maps/MainMenu.MainMenu:PersistentLevel.MainMenu'
[2017.06.14-11.14.52:066][882]LogEditorViewport: Clicking Background
[2017.06.14-11.14.53:819][943]LogCrashTracker: 


[2017.06.14-11.14.53:819][943]LogCrashTracker: 


[2017.06.14-11.14.53:819][943]LogWindows:Error: === Critical error: ===
Fatal error!



[2017.06.14-11.14.53:842][943]LogExit: Executing StaticShutdownAfterError
[2017.06.14-11.14.53:845][943]LogWindows: FPlatformMisc::RequestExit(1)
[2017.06.14-11.14.53:845][943]Log file closed, 06/14/17 12:14:53
