Log file open, 06/14/17 10:35:07
LogInit:Display: Running engine for game: Ava
LogPlatformFile: Not using cached read wrapper
LogInit:Display: RandInit(980719798) SRandInit(980719799).
LogTaskGraph: Started task graph with 4 named threads and 9 total threads with 1 sets of task threads.
LogStats: Stats thread started at 0.103338
LogInit: Version: 4.12.5-3039270+++UE4+Release-4.12
LogInit: API Version: 2992821
LogInit: Net Version: 3039270
LogDevObjectVersion: Number of dev versions registered: 13
LogDevObjectVersion:   Dev-Blueprints (B0D832E4-1F89-4F0D-ACCF-7EB736FD4AA2): 3
LogDevObjectVersion:   Dev-Build (E1C64328-A22C-4D53-A36C-8E866417BD8C): 0
LogDevObjectVersion:   Dev-Core (375EC13C-06E4-48FB-B500-84F0262A717E): 1
LogDevObjectVersion:   Dev-Editor (E4B068ED-F494-42E9-A231-DA0B2E46BB41): 2
LogDevObjectVersion:   Dev-Framework (CFFC743F-43B0-4480-9391-14DF171D2073): 6
LogDevObjectVersion:   Dev-Mobile (B02B49B5-BB20-44E9-A304-32B752E40360): 0
LogDevObjectVersion:   Dev-Networking (A4E4105C-59A1-49B5-A7C5-40C4547EDFEE): 0
LogDevObjectVersion:   Dev-Online (39C831C9-5AE6-47DC-9A44-9C173E1C8E7C): 0
LogDevObjectVersion:   Dev-Physics (78F01B33-EBEA-4F98-B9B4-84EACCB95AA2): 0
LogDevObjectVersion:   Dev-Platform (6631380F-2D4D-43E0-8009-CF276956A95A): 0
LogDevObjectVersion:   Dev-Rendering (12F88B9F-8875-4AFC-A67C-D90C383ABD29): 2
LogDevObjectVersion:   Dev-Sequencer (7B5AE74C-D270-4C10-A958-57980B212A5A): 0
LogDevObjectVersion:   Dev-VR (D7296918-1DD6-4BDD-9DE2-64A83CC13884): 0
LogInit: Compiled (64-bit): Jul  6 2016 09:09:46
LogInit: Compiled with Visual C++: 19.00.23026.00
LogInit: Build Configuration: Development
LogInit: Branch Name: ++UE4+Release-4.12
LogInit: Command line:  
LogInit: Base directory: C:/Program Files/Epic Games/4.12/Engine/Binaries/Win64/
LogInit: Installed Engine Build: 1
LogInit: Using libcurl 7.41.0
LogInit:  - built for x86_64-pc-win32
LogInit:  - supports SSL with WinSSL
LogInit:  - other features:
LogInit:      CURL_VERSION_SSL
LogInit:      CURL_VERSION_IPV6
LogInit:      CURL_VERSION_ASYNCHDNS
LogInit:      CURL_VERSION_LARGEFILE
LogInit:      CURL_VERSION_IDN
LogInit:  CurlRequestOptions (configurable via config and command line):
LogInit:  - bVerifyPeer = true  - Libcurl will verify peer certificate
LogInit:  - bUseHttpProxy = false  - Libcurl will NOT use HTTP proxy
LogInit:  - bDontReuseConnections = false  - Libcurl will reuse connections
LogInit:  - CertBundlePath = nullptr  - Libcurl will use whatever was configured at build time.
LogInit: Presizing for max 8388607 objects, including 0 objects not considered by GC, pre-allocating 0 bytes for permanent pool.
LogInit: Object subsystem initialized
[2017.06.14-09.35.07:566][  0]LogInit: Selected Device Profile: [Windows]
[2017.06.14-09.35.07:566][  0]LogInit: Applying CVar settings loaded from the selected device profile: [Windows]
[2017.06.14-09.35.07:578][  0]LogInit: Computer: PC42640
[2017.06.14-09.35.07:578][  0]LogInit: User: i7230020
[2017.06.14-09.35.07:578][  0]LogInit: CPU Page size=65536, Cores=6
[2017.06.14-09.35.07:578][  0]LogInit: High frequency timer resolution =3.410107 MHz
[2017.06.14-09.35.07:578][  0]LogMemory: Memory total: Physical=31.9GB (32GB approx)
[2017.06.14-09.35.07:578][  0]LogMemory: Platform Memory Stats for Windows
[2017.06.14-09.35.07:578][  0]LogMemory: Process Physical Memory: 193.82 MB used, 193.82 MB peak
[2017.06.14-09.35.07:578][  0]LogMemory: Process Virtual Memory: 198.69 MB used, 198.69 MB peak
[2017.06.14-09.35.07:578][  0]LogMemory: Physical Memory: 13592.24 MB used, 32684.15 MB total
[2017.06.14-09.35.07:578][  0]LogMemory: Virtual Memory: 524.27 MB used, 8388608.00 MB total
[2017.06.14-09.35.07:708][  0]LogTextLocalizationManager: No specific translations for ('en-GB') exist, so ('en') translations will be used.
[2017.06.14-09.35.08:120][  0]LogD3D11RHI: D3D11 adapters:
[2017.06.14-09.35.08:145][  0]LogD3D11RHI:    0. 'NVIDIA Quadro M4000' (Feature Level 11_0)
[2017.06.14-09.35.08:145][  0]LogD3D11RHI:       8092/0/16086 MB DedicatedVideo/DedicatedSystem/SharedSystem, Outputs:1, VendorId:0x10de
[2017.06.14-09.35.08:145][  0]LogD3D11RHI: Chosen D3D11 Adapter: 0
[2017.06.14-09.35.08:155][  0]LogD3D11RHI: Creating new Direct3DDevice
[2017.06.14-09.35.08:156][  0]LogD3D11RHI:     GPU DeviceId: 0x13f1 (for the marketing name, search the web for "GPU Device Id")
[2017.06.14-09.35.08:156][  0]LogWindows: EnumDisplayDevices:
[2017.06.14-09.35.08:156][  0]LogWindows:    0. 'NVIDIA Quadro M4000' (P:1 D:1)
[2017.06.14-09.35.08:157][  0]LogWindows:    1. 'NVIDIA Quadro M4000' (P:0 D:0)
[2017.06.14-09.35.08:158][  0]LogWindows:    2. 'NVIDIA Quadro M4000' (P:0 D:0)
[2017.06.14-09.35.08:158][  0]LogWindows:    3. 'NVIDIA Quadro M4000' (P:0 D:0)
[2017.06.14-09.35.08:158][  0]LogWindows:    4. 'RDPDD Chained DD' (P:0 D:0)
[2017.06.14-09.35.08:159][  0]LogWindows:    5. 'RDP Encoder Mirror Driver' (P:0 D:0)
[2017.06.14-09.35.08:159][  0]LogWindows:    6. 'RDP Reflector Display Driver' (P:0 D:0)
[2017.06.14-09.35.08:159][  0]LogWindows: DebugString: GetVideoDriverDetailsInvalid PrimaryIsNotTheChoosenAdapter GetVideoDriverDetailsInvalid PrimaryIsNotTheChoosenAdapter GetVideoDriverDetailsInvalid PrimaryIsNotTheChoosenAdapter FoundDriverCount:4 
[2017.06.14-09.35.08:159][  0]LogD3D11RHI:     Adapter Name: NVIDIA Quadro M4000
[2017.06.14-09.35.08:159][  0]LogD3D11RHI:   Driver Version: 362.13 (internal:10.18.13.6213, unified:362.13)
[2017.06.14-09.35.08:159][  0]LogD3D11RHI:      Driver Date: 3-18-2016
[2017.06.14-09.35.08:159][  0]LogRHI: Texture pool is 1361 MB (70% of 1945 MB)
[2017.06.14-09.35.08:169][  0]LogD3D11RHI: Async texture creation enabled
[2017.06.14-09.35.08:183][  0]LogD3D11RHI: GPU Timing Frequency: 1000.000000 (Debug: 2 2)
[2017.06.14-09.35.08:183][  0]LogShaderCompilers: Guid format shader working directory is -28 characters bigger than the processId version (../../../../../../Users/i7230020.STUDENT.000/Documents/GitHub/MastersProject/Ava/Intermediate/Shaders/WorkingDirectory/62812/).
[2017.06.14-09.35.08:183][  0]LogShaderCompilers: Cleaned the shader compiler working directory 'C:/Users/I72300~1.000/AppData/Local/Temp/UnrealShaderWorkingDir/6688E0934F40407BE5BD51ABE3C9A518/'.
[2017.06.14-09.35.08:183][  0]LogShaderCompilers:Display: Using Local Shader Compiler.
[2017.06.14-09.35.09:413][  0]LogTemp:Display: Loaded TP AllDesktopTargetPlatform
[2017.06.14-09.35.09:424][  0]LogTemp:Display: Loaded TP WindowsClientTargetPlatform
[2017.06.14-09.35.09:434][  0]LogTemp:Display: Loaded TP WindowsNoEditorTargetPlatform
[2017.06.14-09.35.09:443][  0]LogTemp:Display: Loaded TP WindowsServerTargetPlatform
[2017.06.14-09.35.09:452][  0]LogTemp:Display: Loaded TP WindowsTargetPlatform
[2017.06.14-09.35.09:462][  0]LogTemp:Display: Loaded TP AndroidTargetPlatform
[2017.06.14-09.35.09:474][  0]LogTemp:Display: Loaded TP Android_ASTCTargetPlatform
[2017.06.14-09.35.09:483][  0]LogTemp:Display: Loaded TP Android_ATCTargetPlatform
[2017.06.14-09.35.09:491][  0]LogTemp:Display: Loaded TP Android_DXTTargetPlatform
[2017.06.14-09.35.09:499][  0]LogTemp:Display: Loaded TP Android_ETC1TargetPlatform
[2017.06.14-09.35.09:507][  0]LogTemp:Display: Loaded TP Android_ETC2TargetPlatform
[2017.06.14-09.35.09:524][  0]LogTemp:Display: Loaded TP Android_MultiTargetPlatform
[2017.06.14-09.35.09:524][  0]LogTemp:Display: Loaded TP Android_PVRTCTargetPlatform
[2017.06.14-09.35.09:526][  0]LogTemp:Display: Loaded TP HTML5TargetPlatform
[2017.06.14-09.35.09:547][  0]LogTemp:Display: Loaded TP IOSTargetPlatform
[2017.06.14-09.35.09:560][  0]LogTemp:Display: Loaded TP TVOSTargetPlatform
[2017.06.14-09.35.09:582][  0]LogTemp:Display: Loaded TP LinuxNoEditorTargetPlatform
[2017.06.14-09.35.09:596][  0]LogTemp:Display: Loaded TP LinuxServerTargetPlatform
[2017.06.14-09.35.09:605][  0]LogTemp:Display: Loaded TP LinuxTargetPlatform
[2017.06.14-09.35.09:605][  0]LogTargetPlatformManager:Display: Building Assets For Windows
[2017.06.14-09.35.09:725][  0]LogDerivedDataCache:Display: Max Cache Size: 512 MB
[2017.06.14-09.35.09:783][  0]LogDerivedDataCache: Loaded boot cache 0.06s 49MB C:/Users/i7230020.STUDENT.000/AppData/Local/UnrealEngine/4.12/DerivedDataCache/Boot.ddc.
[2017.06.14-09.35.09:783][  0]LogDerivedDataCache:Display: Loaded Boot cache: C:/Users/i7230020.STUDENT.000/AppData/Local/UnrealEngine/4.12/DerivedDataCache/Boot.ddc
[2017.06.14-09.35.09:783][  0]LogDerivedDataCache: FDerivedDataBackendGraph:  Pak pak cache file ../../../../../../Users/i7230020.STUDENT.000/Documents/GitHub/MastersProject/Ava/DerivedDataCache/DDC.ddp not found, will not use a pak cache.
[2017.06.14-09.35.09:783][  0]LogDerivedDataCache: Unable to find inner node Pak for hierarchical cache Hierarchy.
[2017.06.14-09.35.09:783][  0]LogDerivedDataCache: FDerivedDataBackendGraph:  CompressedPak pak cache file ../../../../../../Users/i7230020.STUDENT.000/Documents/GitHub/MastersProject/Ava/DerivedDataCache/Compressed.ddp not found, will not use a pak cache.
[2017.06.14-09.35.09:783][  0]LogDerivedDataCache: Unable to find inner node CompressedPak for hierarchical cache Hierarchy.
[2017.06.14-09.35.09:798][  0]LogDerivedDataCache:Display: Pak cache opened for reading ../../../Engine/DerivedDataCache/Compressed.ddp.
[2017.06.14-09.35.09:811][  0]LogDerivedDataCache: Using Local data cache path C:/Users/i7230020.STUDENT.000/AppData/Local/UnrealEngine/Common/DerivedDataCache: Writable
[2017.06.14-09.35.10:091][  0]LogInit: Selected Device Profile: [Windows]
[2017.06.14-09.35.10:092][  0]LogContentStreaming: Texture pool size is 0.00 MB
[2017.06.14-09.35.10:327][  0]LogMeshUtilities: No automatic mesh reduction module available
[2017.06.14-09.35.10:327][  0]LogMeshUtilities: No automatic mesh merging module available
[2017.06.14-09.35.10:327][  0]LogMeshUtilities: No distributed automatic mesh merging module available
[2017.06.14-09.35.10:697][  0]LogAssetRegistry: FAssetRegistry took 0.0205 seconds to start up
[2017.06.14-09.35.10:802][  0]LogPackageLocalizationCache: Processed 4 localized package path(s) for 2 prioritized culture(s) in 0.099451 seconds
[2017.06.14-09.35.10:806][  0]LogUObjectArray: 28739 objects as part of root set at end of initial load.
[2017.06.14-09.35.10:806][  0]LogUObjectAllocator: 5855624 out of 0 bytes used by permanent object pool.
[2017.06.14-09.35.10:806][  0]LogUObjectArray: CloseDisregardForGC: 0/0 objects in disregard for GC pool
[2017.06.14-09.35.10:813][  0]LogInit: WinSock: version 1.1 (2.2), MaxSocks=32767, MaxUdp=65467
[2017.06.14-09.35.11:039][  0]LogSlate: SlateFontCache - WITH_FREETYPE: 1, WITH_HARFBUZZ: 1
[2017.06.14-09.35.11:039][  0]LogSlate: SlateFontCache - WITH_FREETYPE: 1, WITH_HARFBUZZ: 1
[2017.06.14-09.35.12:465][  0]LogUdpMessaging: Initializing bridge on interface 0.0.0.0:0 to multicast group 230.0.0.1:6666.
[2017.06.14-09.35.12:823][  0]SourceControl: Info Source control is disabled
[2017.06.14-09.35.12:826][  0]SourceControl: Info Source control is disabled
[2017.06.14-09.35.12:838][  0]SourceControl: Info Source control is disabled
[2017.06.14-09.35.12:851][  0]SourceControl: Info Source control is disabled
[2017.06.14-09.35.13:058][  0]LogHoudiniEngine: Starting the Houdini Engine module.
[2017.06.14-09.35.13:060][  0]LogHoudiniEngine: Loaded libHAPIL.dll from Registry path C:\Program Files\Side Effects Software\Houdini 15.5.632/bin
[2017.06.14-09.35.13:062][  0]LogLinker:Warning: Asset '../../../Engine/Plugins/Runtime/HoudiniEngine/Content/houdini_logo.uasset' has been saved with empty engine version. The asset will be loaded but may be incompatible.
[2017.06.14-09.35.13:064][  0]LogLinker:Warning: Asset '../../../Engine/Plugins/Runtime/HoudiniEngine/Content/houdini_default_material.uasset' has been saved with empty engine version. The asset will be loaded but may be incompatible.
[2017.06.14-09.35.13:068][  0]LogLinker:Warning: Asset '../../../Engine/Plugins/Runtime/HoudiniEngine/Content/houdini_bgeo_import.uasset' has been saved with empty engine version. The asset will be loaded but may be incompatible.
[2017.06.14-09.35.14:450][  0]LogHoudiniEngine: Successfully initialized the Houdini Engine API module.
[2017.06.14-09.35.14:597][  0]LogEngine: Initializing Engine...
[2017.06.14-09.35.14:599][  0]LogHMD: SteamVR failed to initialize.  Err: 110
[2017.06.14-09.35.14:600][  0]LogHMD: SteamVR failed to initialize.  Err: 110
[2017.06.14-09.35.14:748][  0]LogAIModule: Creating AISystem for world NewWorld
[2017.06.14-09.35.14:756][  0]LogInit: XAudio2 using 'Speakers (Realtek High Definition Audio)' : 2 channels at 48 kHz using 32 bits per sample (channel mask 0x3)
[2017.06.14-09.35.14:771][  0]LogInit: FAudioDevice initialized.
[2017.06.14-09.35.14:803][  0]LogDerivedDataCache: Saved boot cache 0.03s 49MB C:/Users/i7230020.STUDENT.000/AppData/Local/UnrealEngine/4.12/DerivedDataCache/Boot.ddc.
[2017.06.14-09.35.14:809][  0]LogInit: Texture streaming: Enabled
[2017.06.14-09.35.14:835][  0]LogInit: Transaction tracking system initialized
[2017.06.14-09.35.14:856][  0]BlueprintLog: New page: Editor Load
[2017.06.14-09.35.14:936][  0]LocalizationService: Info Localization service is disabled
[2017.06.14-09.35.15:026][  0]LogConsoleResponse:Display: 
[2017.06.14-09.35.15:169][  0]LogCook:Display: Max memory allowance for cook 8192mb
[2017.06.14-09.35.15:169][  0]LogCook:Display: Mobile HDR setting 1
[2017.06.14-09.35.15:251][  0]LogFileCache: Scanning file cache for directory 'C:/Users/i7230020.STUDENT.000/Documents/GitHub/MastersProject/Ava/Content/' took 0.02s
[2017.06.14-09.35.15:251][  0]LogHoudiniEngineEditor: Starting the Houdini Engine Editor module.
[2017.06.14-09.35.15:295][  0]SourceControl: Info Source control is disabled
[2017.06.14-09.35.15:296][  0]Cmd: MAP LOAD FILE="../../../../../../Users/i7230020.STUDENT.000/Documents/GitHub/MastersProject/Ava/Content/StarterContent/Maps/Minimal_Default.umap" TEMPLATE=0 SHOWPROGRESS=1 FEATURELEVEL=3
[2017.06.14-09.35.15:296][  0]LogEditorServer:Warning: Can't find file '../../../../../../Users/i7230020.STUDENT.000/Documents/GitHub/MastersProject/Ava/Content/StarterContent/Maps/Minimal_Default.umap'
[2017.06.14-09.35.15:296][  0]Cmd: MAP CHECKDEP NOCLEARLOG
[2017.06.14-09.35.15:367][  0]MapCheck: Info Map check complete: 0 Error(s), 0 Warning(s), took 71.61ms to complete.
[2017.06.14-09.35.15:367][  0]LogFileHelpers: Loading map 'Minimal_Default' took 0.072
[2017.06.14-09.35.15:483][  0]LogCollectionManager: Loaded 0 collections in 0.001943 seconds
[2017.06.14-09.35.15:525][  0]LogFileCache: Scanning file cache for directory 'C:/Users/i7230020.STUDENT.000/Documents/GitHub/MastersProject/Ava/Saved/Collections/' took 0.01s
[2017.06.14-09.35.15:525][  0]LogFileCache: Scanning file cache for directory 'C:/Users/i7230020.STUDENT.000/Documents/GitHub/MastersProject/Ava/Content/Developers/i7230020/Collections/' took 0.01s
[2017.06.14-09.35.15:525][  0]LogFileCache: Scanning file cache for directory 'C:/Users/i7230020.STUDENT.000/Documents/GitHub/MastersProject/Ava/Content/Collections/' took 0.01s
[2017.06.14-09.35.15:525][  0]LogCollectionManager: Rebuilt the GUID cache for 0 collections in 0.000002 seconds
[2017.06.14-09.35.15:535][  0]LogContentBrowser: Native class hierarchy populated in 0.0102 seconds. Added 2081 classes and 376 folders.
[2017.06.14-09.35.15:539][  0]LogStats: UGameplayTagsManager::ConstructGameplayTagTree: Construct from data asset -  0.000 s
[2017.06.14-09.35.15:539][  0]LogStats: UGameplayTagsManager::ConstructGameplayTagTree: GameplayTagTreeChangedEvent.Broadcast -  0.000 s
[2017.06.14-09.35.15:542][  0]LogContentBrowser: Native class hierarchy updated for 'GameplayTags' in 0.0027 seconds. Added 12 classes and 0 folders.
[2017.06.14-09.35.15:548][  0]LogContentBrowser: Native class hierarchy updated for 'WidgetCarousel' in 0.0023 seconds. Added 0 classes and 0 folders.
[2017.06.14-09.35.15:625][  0]LogContentBrowser: Native class hierarchy updated for 'AddContentDialog' in 0.0022 seconds. Added 0 classes and 0 folders.
[2017.06.14-09.35.15:630][  0]LogContentBrowser: Native class hierarchy updated for 'SceneOutliner' in 0.0021 seconds. Added 1 classes and 2 folders.
[2017.06.14-09.35.15:641][  0]LogCrashTracker: Crashtracker disabled due to settings.
[2017.06.14-09.35.15:644][  0]LogUObjectGlobals:Warning: Failed to find object 'Class None.'
[2017.06.14-09.35.15:676][  0]LogContentBrowser: Native class hierarchy updated for 'HierarchicalLODOutliner' in 0.0031 seconds. Added 1 classes and 2 folders.
[2017.06.14-09.35.15:676][  0]LogLoad: Full Startup: 9.29 seconds (BP compile: 0.00 seconds)
[2017.06.14-09.35.15:676][  0]LogExternalProfiler: Found external profiler: VSPerf
[2017.06.14-09.35.15:676][  0]LogExternalProfiler: Using external profiler: VSPerf
[2017.06.14-09.35.15:689][  0]LogOcInput: OculusInput pre-init called
[2017.06.14-09.35.15:706][  0]LogAssetRegistry: Asset discovery search completed in 5.0301 seconds
[2017.06.14-09.35.15:706][  0]LogCollectionManager: Rebuilt the object cache for 0 collections in 0.000001 seconds (found 0 objects)
[2017.06.14-09.35.15:706][  0]LogCollectionManager: Fixed up redirectors for 0 collections in 0.000017 seconds (updated 0 objects)
[2017.06.14-09.35.15:708][  0]LogContentStreaming: Texture pool size now 1000 MB
[2017.06.14-09.35.15:873][  0]LogRenderer: Reallocating scene render targets to support 1776x668 (Frame:2).
[2017.06.14-09.36.15:982][972]Running C:/Program Files/Epic Games/4.12/Engine/Binaries/DotNET/UnrealBuildTool.exe Ava Win64 Development -editorrecompile "C:/Users/i7230020.STUDENT.000/Documents/GitHub/MastersProject/Ava/Ava.uproject" -invalidatemakefilesonly
[2017.06.14-09.36.16:385][972]Invalidating makefiles only in this run.
[2017.06.14-09.36.16:793][972]Recompiling Ava...
[2017.06.14-09.36.16:794][972]Launching UnrealBuildTool... [C:/Program Files/Epic Games/4.12/Engine/Binaries/DotNET/UnrealBuildTool.exe Ava -ModuleWithSuffix Ava 1483 Win64 Development -editorrecompile -canskiplink "C:/Users/i7230020.STUDENT.000/Documents/GitHub/MastersProject/Ava/Ava.uproject"  -2015]
[2017.06.14-09.36.33:275][972]CompilerResultsLog: New page: Compilation - 14 Jun 2017 10:36:33
[2017.06.14-09.36.33:275][972]CompilerResultsLog: Info Creating makefile for hot reloading Ava (no existing makefile)
[2017.06.14-09.36.33:275][972]CompilerResultsLog: Info Compiling game modules for hot reload
[2017.06.14-09.36.33:275][972]CompilerResultsLog: Info Parsing headers for AvaEditor
[2017.06.14-09.36.33:275][972]CompilerResultsLog: Info   Running UnrealHeaderTool "C:\Users\i7230020.STUDENT.000\Documents\GitHub\MastersProject\Ava\Ava.uproject" "C:\Users\i7230020.STUDENT.000\Documents\GitHub\MastersProject\Ava\Intermediate\Build\Win64\AvaEditor\Development\AvaEditor.uhtmanifest" -LogCmds="loginit warning, logexit warning, logdatabase error" -Unattended -WarningsAsErrors -installed
[2017.06.14-09.36.33:275][972]CompilerResultsLog: Info Reflection code generated for AvaEditor in 5.2411367 seconds
[2017.06.14-09.36.33:275][972]CompilerResultsLog: Info Performing 3 actions (9 in parallel)
[2017.06.14-09.36.33:275][972]CompilerResultsLog: Info MainMenu.cpp
[2017.06.14-09.36.33:275][972]CompilerResultsLog: Info Ava.generated.cpp
[2017.06.14-09.36.33:275][972]CompilerResultsLog: Info [3/3] Link UE4Editor-Ava-1483.dll
[2017.06.14-09.36.33:275][972]CompilerResultsLog: Info    Creating library C:\Users\i7230020.STUDENT.000\Documents\GitHub\MastersProject\Ava\Intermediate\Build\Win64\UE4Editor\Development\UE4Editor-Ava-1483.lib and object C:\Users\i7230020.STUDENT.000\Documents\GitHub\MastersProject\Ava\Intermediate\Build\Win64\UE4Editor\Development\UE4Editor-Ava-1483.exp
[2017.06.14-09.36.33:275][972]CompilerResultsLog: Info Total build time: 16.31 seconds
[2017.06.14-09.36.33:275][972]LogMainFrame: MainFrame: Module compiling took 16.488 seconds
[2017.06.14-09.36.33:333][972]LogClass: Could not find existing class MainMenu in package /Script/Ava for HotReload, assuming new class
[2017.06.14-09.36.33:333][972]LogClass: StatueDataVariables HotReload.
[2017.06.14-09.36.33:333][972]LogClass: Statue HotReload.
[2017.06.14-09.36.33:333][972]LogClass: ItemDataVariables HotReload.
[2017.06.14-09.36.33:333][972]LogClass: Item HotReload.
[2017.06.14-09.36.33:337][972]LogContentBrowser: Native class hierarchy updated for 'Ava' in 0.0025 seconds. Added 4 classes and 2 folders.
[2017.06.14-09.36.33:337][972]Warning: HotReload successful (0 functions remapped  0 scriptstructs remapped)
[2017.06.14-09.36.33:416][972]LogContentBrowser: Native class hierarchy populated in 0.0102 seconds. Added 2084 classes and 380 folders.
[2017.06.14-09.36.33:416][972]Warning: HotReload took 16.8s.
[2017.06.14-09.36.33:418][972]Warning: HotReload operation took 16.8s.
[2017.06.14-09.36.33:547][972]LogVSAccessor:Warning: Couldn't goto line number '0' in 'C:/Users/i7230020.STUDENT.000/Documents/GitHub/MastersProject/Ava/Source/Ava/MainMenu.h'
[2017.06.14-09.36.33:657][972]LogVSAccessor:Warning: Couldn't goto line number '0' in 'C:/Users/i7230020.STUDENT.000/Documents/GitHub/MastersProject/Ava/Source/Ava/MainMenu.cpp'
[2017.06.14-09.36.33:667][972]LogHotReload: New module detected: UE4Editor-Ava-1483.dll
[2017.06.14-09.36.33:699][973]LogHotReload: Starting Hot-Reload from IDE
[2017.06.14-09.36.33:752][973]LogContentBrowser: Native class hierarchy updated for 'Ava' in 0.0023 seconds. Added 4 classes and 2 folders.
[2017.06.14-09.36.33:753][973]Warning: HotReload successful (0 functions remapped  0 scriptstructs remapped)
[2017.06.14-09.36.33:765][973]LogContentBrowser: Native class hierarchy populated in 0.0097 seconds. Added 2084 classes and 380 folders.
[2017.06.14-09.36.33:769][973]Warning: HotReload took  0.1s.
[2017.06.14-09.36.53:613][602]LogContentBrowser: Native class hierarchy updated for 'BlueprintGraph' in 0.0028 seconds. Added 111 classes and 0 folders.
[2017.06.14-09.36.56:928][758]LogSlate:Warning: Prevented a slow task dialog from being summoned while a context menu was open
[2017.06.14-09.37.00:407][993]LogBlueprint:Warning: Reparenting blueprint WidgetBlueprint /Game/TemporaryContent/MainMenu.MainMenu from UserWidget to MainMenu...
[2017.06.14-09.37.00:414][993]BlueprintLog: New page: Compile MainMenu
[2017.06.14-09.37.00:483][993]BlueprintEditorCompileResults: Info [0114.09] Compile of MainMenu successful! [in 69 ms] (/Game/TemporaryContent/MainMenu.MainMenu)
[2017.06.14-09.37.02:529][117]BlueprintLog: New page: Compile MainMenu
[2017.06.14-09.37.02:600][117]BlueprintEditorCompileResults: Info [0116.21] Compile of MainMenu successful! [in 70 ms] (/Game/TemporaryContent/MainMenu.MainMenu)
[2017.06.14-09.37.03:140][148]Cmd: OBJ SAVEPACKAGE PACKAGE="/Game/TemporaryContent/MainMenu" FILE="../../../../../../Users/i7230020.STUDENT.000/Documents/GitHub/MastersProject/Ava/Content/TemporaryContent/MainMenu.uasset" SILENT=true
[2017.06.14-09.37.03:154][148]LogSavePackage: Save=4.87ms
[2017.06.14-09.37.03:154][148]LogSavePackage: Moving '../../../../../../Users/i7230020.STUDENT.000/Documents/GitHub/MastersProject/Ava/Saved/MainMenu8628371D4F28787C6914B3A280599591.tmp' to '../../../../../../Users/i7230020.STUDENT.000/Documents/GitHub/MastersProject/Ava/Content/TemporaryContent/MainMenu.uasset'
[2017.06.14-09.37.03:163][148]LogSavePackage:Display: Finished SavePackage ../../../../../../Users/i7230020.STUDENT.000/Documents/GitHub/MastersProject/Ava/Content/TemporaryContent/MainMenu.uasset
[2017.06.14-09.38.07:703][687]LogHotReload: New module detected: UE4Editor-Ava-7125.dll
[2017.06.14-09.38.10:396][696]LogHotReload: Starting Hot-Reload from IDE
[2017.06.14-09.38.10:482][696]LogClass: StatueDataVariables HotReload.
[2017.06.14-09.38.10:482][696]LogClass: Statue HotReload.
[2017.06.14-09.38.10:482][696]LogClass: ItemDataVariables HotReload.
[2017.06.14-09.38.10:482][696]LogClass: Item HotReload.
[2017.06.14-09.38.10:486][696]LogContentBrowser: Native class hierarchy updated for 'Ava' in 0.0024 seconds. Added 4 classes and 2 folders.
[2017.06.14-09.38.10:488][696]Warning: HotReload successful (0 functions remapped  0 scriptstructs remapped)
[2017.06.14-09.38.10:758][696]LogContentBrowser: Native class hierarchy populated in 0.0108 seconds. Added 2084 classes and 380 folders.
[2017.06.14-09.38.10:762][696]Warning: HotReload took  0.4s.
[2017.06.14-09.38.57:438][836]LogHotReload: New module detected: UE4Editor-Ava-131.dll
[2017.06.14-09.39.00:138][845]LogHotReload: Starting Hot-Reload from IDE
[2017.06.14-09.39.00:251][845]LogClass: Could not find existing class MainMenu in package /Script/Ava for HotReload, assuming new class
[2017.06.14-09.39.00:251][845]LogClass: Function testFunction is new.
[2017.06.14-09.39.00:251][845]LogClass: StatueDataVariables HotReload.
[2017.06.14-09.39.00:251][845]LogClass: Statue HotReload.
[2017.06.14-09.39.00:251][845]LogClass: ItemDataVariables HotReload.
[2017.06.14-09.39.00:251][845]LogClass: Item HotReload.
[2017.06.14-09.39.00:255][845]LogHotReload: Re-instancing MainMenu after hot-reload.
[2017.06.14-09.39.00:434][845]LogContentBrowser: Native class hierarchy updated for 'Ava' in 0.0024 seconds. Added 4 classes and 2 folders.
[2017.06.14-09.39.00:436][845]Warning: HotReload successful (0 functions remapped  0 scriptstructs remapped)
[2017.06.14-09.39.00:657][845]LogContentBrowser: Native class hierarchy populated in 0.0105 seconds. Added 2084 classes and 380 folders.
[2017.06.14-09.39.00:661][845]Warning: HotReload took  0.5s.
[2017.06.14-09.39.34:786][778]BlueprintLog: New page: Compile MainMenu
[2017.06.14-09.39.34:939][778]BlueprintEditorCompileResults: Info [0268.54] Compile of MainMenu successful! [in 153 ms] (/Game/TemporaryContent/MainMenu.MainMenu)
[2017.06.14-09.39.35:201][790]Cmd: OBJ SAVEPACKAGE PACKAGE="/Game/TemporaryContent/MainMenu" FILE="../../../../../../Users/i7230020.STUDENT.000/Documents/GitHub/MastersProject/Ava/Content/TemporaryContent/MainMenu.uasset" SILENT=true
[2017.06.14-09.39.35:220][790]LogSavePackage: Save=10.62ms
[2017.06.14-09.39.35:220][790]LogSavePackage: Moving '../../../../../../Users/i7230020.STUDENT.000/Documents/GitHub/MastersProject/Ava/Saved/MainMenuE9F9CCDB425E81DF1879339F52CBCE40.tmp' to '../../../../../../Users/i7230020.STUDENT.000/Documents/GitHub/MastersProject/Ava/Content/TemporaryContent/MainMenu.uasset'
[2017.06.14-09.39.35:235][790]LogSavePackage:Display: Finished SavePackage ../../../../../../Users/i7230020.STUDENT.000/Documents/GitHub/MastersProject/Ava/Content/TemporaryContent/MainMenu.uasset
[2017.06.14-09.42.02:922][713]LogFactory: FactoryCreateFile: Texture with ReimportTextureFactory (0 0 C:\Users\i7230020.STUDENT.000\Downloads\Menu Blank.jpg)
[2017.06.14-09.42.02:988][713]LogTexture:Display: Building textures: Menu_Blank (AutoDXT)
[2017.06.14-09.44.17:070][297]BlueprintLog: New page: Compile MainMenu
[2017.06.14-09.44.17:205][297]BlueprintEditorCompileResults: Info [0550.79] Compile of MainMenu successful! [in 134 ms] (/Game/TemporaryContent/MainMenu.MainMenu)
[2017.06.14-09.44.17:727][318]Cmd: OBJ SAVEPACKAGE PACKAGE="/Game/TemporaryContent/MainMenu" FILE="../../../../../../Users/i7230020.STUDENT.000/Documents/GitHub/MastersProject/Ava/Content/TemporaryContent/MainMenu.uasset" SILENT=true
[2017.06.14-09.44.17:761][318]LogSavePackage: Save=11.45ms
[2017.06.14-09.44.17:761][318]LogSavePackage: Moving '../../../../../../Users/i7230020.STUDENT.000/Documents/GitHub/MastersProject/Ava/Saved/MainMenu4A195FB14C6DA7C179D63DBFCBF16F09.tmp' to '../../../../../../Users/i7230020.STUDENT.000/Documents/GitHub/MastersProject/Ava/Content/TemporaryContent/MainMenu.uasset'
[2017.06.14-09.44.17:773][318]LogSavePackage:Display: Finished SavePackage ../../../../../../Users/i7230020.STUDENT.000/Documents/GitHub/MastersProject/Ava/Content/TemporaryContent/MainMenu.uasset
[2017.06.14-09.45.35:219][796]LogFileHelpers: Editor autosave (incl. sublevels) for '/Temp/Untitled_0' took 0.030
[2017.06.14-09.45.35:222][796]OBJ SavePackage: Generating thumbnails for [1] asset(s) in package [/Game/TemporaryContent/Menu_Blank] ([1] browsable assets)...
[2017.06.14-09.45.35:227][796]OBJ SavePackage:     Rendered thumbnail for [Texture2D /Game/TemporaryContent/Menu_Blank.Menu_Blank]
[2017.06.14-09.45.35:227][796]OBJ SavePackage: Finished generating thumbnails for package [/Game/TemporaryContent/Menu_Blank]
[2017.06.14-09.45.35:241][796]LogSavePackage: Save=10.81ms
[2017.06.14-09.45.35:241][796]LogSavePackage: Moving '../../../../../../Users/i7230020.STUDENT.000/Documents/GitHub/MastersProject/Ava/Saved/Menu_Blank_Auto1F9D3B02640FE1B81D6FAEA805DB660D3.tmp' to '../../../../../../Users/i7230020.STUDENT.000/Documents/GitHub/MastersProject/Ava/Saved/Autosaves/Game/TemporaryContent/Menu_Blank_Auto1.uasset'
[2017.06.14-09.45.35:247][796]LogSavePackage:Display: Finished SavePackage ../../../../../../Users/i7230020.STUDENT.000/Documents/GitHub/MastersProject/Ava/Saved/Autosaves/Game/TemporaryContent/Menu_Blank_Auto1.uasset
[2017.06.14-09.45.35:247][796]LogFileHelpers: Auto-saving content packages took 0.028
[2017.06.14-09.46.14:531][254]LogUObjectHash:Warning: Ambiguous search, could be VerticalBox /Game/TemporaryContent/MainMenu.MainMenu:WidgetTree.VerticalBox_0 or VerticalBox /Game/TemporaryContent/MainMenu.MainMenu_C:WidgetTree_10.VerticalBox_0
[2017.06.14-09.46.14:531][254]LogUObjectHash:Warning: Ambiguous search, could be VerticalBox /Game/TemporaryContent/MainMenu.MainMenu:WidgetTree.VerticalBox_0 or VerticalBox /Engine/Transient.World_3:MainMenu_C_2.WidgetTree_10.VerticalBox_0
[2017.06.14-09.46.14:531][254]LogUObjectHash:Warning: Ambiguous search, could be VerticalBox /Game/TemporaryContent/MainMenu.MainMenu:WidgetTree.VerticalBox_0 or VerticalBox /Game/TemporaryContent/MainMenu.MainMenu_C:WidgetTree_11.VerticalBox_0
[2017.06.14-09.46.14:531][254]LogUObjectHash:Warning: Ambiguous search, could be VerticalBox /Game/TemporaryContent/MainMenu.MainMenu:WidgetTree.VerticalBox_0 or VerticalBox /Engine/Transient.World_3:MainMenu_C_3.WidgetTree_11.VerticalBox_0
[2017.06.14-09.46.14:531][254]LogUObjectHash:Warning: Ambiguous search, could be VerticalBox /Game/TemporaryContent/MainMenu.MainMenu:WidgetTree.VerticalBox_0 or VerticalBox /Game/TemporaryContent/MainMenu.MainMenu_C:WidgetTree_12.VerticalBox_0
[2017.06.14-09.46.14:531][254]LogUObjectHash:Warning: Ambiguous search, could be VerticalBox /Game/TemporaryContent/MainMenu.MainMenu:WidgetTree.VerticalBox_0 or VerticalBox /Engine/Transient.World_3:MainMenu_C_4.WidgetTree_12.VerticalBox_0
[2017.06.14-09.46.14:531][254]LogProperty:Warning: Illegal TEXT reference to a private object in external package (VerticalBoxSlot /Game/TemporaryContent/MainMenu.MainMenu:WidgetTree.VerticalBox_0.VerticalBoxSlot_0) from referencer (Button /Engine/UMG/Editor/Transient.Button_4).  Import failed...
[2017.06.14-09.46.14:531][254]LogProperty:Warning: ObjectProperty /Script/UMG.Widget:Slot: unresolved reference to 'VerticalBoxSlot'VerticalBox_0.VerticalBoxSlot_0''
[2017.06.14-09.46.16:118][329]LogUObjectHash:Warning: Ambiguous search, could be VerticalBox /Game/TemporaryContent/MainMenu.MainMenu:WidgetTree.VerticalBox_0 or VerticalBox /Game/TemporaryContent/MainMenu.MainMenu_C:WidgetTree_10.VerticalBox_0
[2017.06.14-09.46.16:118][329]LogUObjectHash:Warning: Ambiguous search, could be VerticalBox /Game/TemporaryContent/MainMenu.MainMenu:WidgetTree.VerticalBox_0 or VerticalBox /Engine/Transient.World_3:MainMenu_C_2.WidgetTree_10.VerticalBox_0
[2017.06.14-09.46.16:118][329]LogUObjectHash:Warning: Ambiguous search, could be VerticalBox /Game/TemporaryContent/MainMenu.MainMenu:WidgetTree.VerticalBox_0 or VerticalBox /Game/TemporaryContent/MainMenu.MainMenu_C:WidgetTree_11.VerticalBox_0
[2017.06.14-09.46.16:118][329]LogUObjectHash:Warning: Ambiguous search, could be VerticalBox /Game/TemporaryContent/MainMenu.MainMenu:WidgetTree.VerticalBox_0 or VerticalBox /Engine/Transient.World_3:MainMenu_C_3.WidgetTree_11.VerticalBox_0
[2017.06.14-09.46.16:118][329]LogUObjectHash:Warning: Ambiguous search, could be VerticalBox /Game/TemporaryContent/MainMenu.MainMenu:WidgetTree.VerticalBox_0 or VerticalBox /Game/TemporaryContent/MainMenu.MainMenu_C:WidgetTree_12.VerticalBox_0
[2017.06.14-09.46.16:118][329]LogUObjectHash:Warning: Ambiguous search, could be VerticalBox /Game/TemporaryContent/MainMenu.MainMenu:WidgetTree.VerticalBox_0 or VerticalBox /Engine/Transient.World_3:MainMenu_C_4.WidgetTree_12.VerticalBox_0
[2017.06.14-09.46.16:119][329]LogUObjectHash:Warning: Ambiguous search, could be VerticalBox /Game/TemporaryContent/MainMenu.MainMenu:WidgetTree.VerticalBox_0 or VerticalBox /Game/TemporaryContent/MainMenu.MainMenu_C:WidgetTree_13.VerticalBox_0
[2017.06.14-09.46.16:119][329]LogUObjectHash:Warning: Ambiguous search, could be VerticalBox /Game/TemporaryContent/MainMenu.MainMenu:WidgetTree.VerticalBox_0 or VerticalBox /Engine/Transient.World_3:MainMenu_C_5.WidgetTree_13.VerticalBox_0
[2017.06.14-09.46.16:119][329]LogProperty:Warning: Illegal TEXT reference to a private object in external package (VerticalBoxSlot /Game/TemporaryContent/MainMenu.MainMenu:WidgetTree.VerticalBox_0.VerticalBoxSlot_0) from referencer (Button /Engine/UMG/Editor/Transient.Button_4).  Import failed...
[2017.06.14-09.46.16:119][329]LogProperty:Warning: ObjectProperty /Script/UMG.Widget:Slot: unresolved reference to 'VerticalBoxSlot'VerticalBox_0.VerticalBoxSlot_0''
[2017.06.14-09.55.35:439][382]LogFileHelpers: Editor autosave (incl. sublevels) for '/Temp/Untitled_0' took 0.039
[2017.06.14-09.55.35:442][382]OBJ SavePackage: Generating thumbnails for [0] asset(s) in package [/Game/TemporaryContent/MainMenu] ([1] browsable assets)...
[2017.06.14-09.55.35:443][382]OBJ SavePackage: Finished generating thumbnails for package [/Game/TemporaryContent/MainMenu]
[2017.06.14-09.55.35:478][382]LogSavePackage: Save=23.93ms
[2017.06.14-09.55.35:478][382]LogSavePackage: Moving '../../../../../../Users/i7230020.STUDENT.000/Documents/GitHub/MastersProject/Ava/Saved/MainMenu_Auto237971C0B4490E5A7FE944C808A6268C7.tmp' to '../../../../../../Users/i7230020.STUDENT.000/Documents/GitHub/MastersProject/Ava/Saved/Autosaves/Game/TemporaryContent/MainMenu_Auto2.uasset'
[2017.06.14-09.55.35:484][382]LogSavePackage:Display: Finished SavePackage ../../../../../../Users/i7230020.STUDENT.000/Documents/GitHub/MastersProject/Ava/Saved/Autosaves/Game/TemporaryContent/MainMenu_Auto2.uasset
[2017.06.14-09.55.35:484][382]LogFileHelpers: Auto-saving content packages took 0.044
[2017.06.14-10.01.52:223][859]Cmd: OBJ SAVEPACKAGE PACKAGE="/Game/TemporaryContent/MainMenu" FILE="../../../../../../Users/i7230020.STUDENT.000/Documents/GitHub/MastersProject/Ava/Content/TemporaryContent/MainMenu.uasset" SILENT=true
[2017.06.14-10.01.52:261][859]LogSavePackage: Save=24.91ms
[2017.06.14-10.01.52:261][859]LogSavePackage: Moving '../../../../../../Users/i7230020.STUDENT.000/Documents/GitHub/MastersProject/Ava/Saved/MainMenu50BB752F49A7092C391C9D9CD8C3B6D2.tmp' to '../../../../../../Users/i7230020.STUDENT.000/Documents/GitHub/MastersProject/Ava/Content/TemporaryContent/MainMenu.uasset'
[2017.06.14-10.01.52:271][859]LogSavePackage:Display: Finished SavePackage ../../../../../../Users/i7230020.STUDENT.000/Documents/GitHub/MastersProject/Ava/Content/TemporaryContent/MainMenu.uasset
[2017.06.14-10.01.52:432][859]LogSavePackage: Save=146.14ms
[2017.06.14-10.01.52:432][859]LogSavePackage: Moving '../../../../../../Users/i7230020.STUDENT.000/Documents/GitHub/MastersProject/Ava/Saved/Menu_Blank4C0865BB4A28C182490866A6610C177F.tmp' to '../../../../../../Users/i7230020.STUDENT.000/Documents/GitHub/MastersProject/Ava/Content/TemporaryContent/Menu_Blank.uasset'
[2017.06.14-10.01.52:453][859]LogSavePackage:Display: Finished SavePackage ../../../../../../Users/i7230020.STUDENT.000/Documents/GitHub/MastersProject/Ava/Content/TemporaryContent/Menu_Blank.uasset
[2017.06.14-10.02.55:381][455]Cmd: OBJ SAVEPACKAGE PACKAGE="/Game/TemporaryContent/MainMenu" FILE="../../../../../../Users/i7230020.STUDENT.000/Documents/GitHub/MastersProject/Ava/Content/TemporaryContent/MainMenu.uasset" SILENT=true
[2017.06.14-10.02.55:418][455]LogSavePackage: Save=28.03ms
[2017.06.14-10.02.55:418][455]LogSavePackage: Moving '../../../../../../Users/i7230020.STUDENT.000/Documents/GitHub/MastersProject/Ava/Saved/MainMenuD49F69364C545D6BCF7784AB89C6EE31.tmp' to '../../../../../../Users/i7230020.STUDENT.000/Documents/GitHub/MastersProject/Ava/Content/TemporaryContent/MainMenu.uasset'
[2017.06.14-10.02.55:428][455]LogSavePackage:Display: Finished SavePackage ../../../../../../Users/i7230020.STUDENT.000/Documents/GitHub/MastersProject/Ava/Content/TemporaryContent/MainMenu.uasset
[2017.06.14-10.02.56:192][499]BlueprintLog: New page: Compile MainMenu
[2017.06.14-10.02.56:303][499]BlueprintEditorCompileResults: Info [1669.83] Compile of MainMenu successful! [in 110 ms] (/Game/TemporaryContent/MainMenu.MainMenu)
[2017.06.14-10.02.56:841][532]Cmd: OBJ SAVEPACKAGE PACKAGE="/Game/TemporaryContent/MainMenu" FILE="../../../../../../Users/i7230020.STUDENT.000/Documents/GitHub/MastersProject/Ava/Content/TemporaryContent/MainMenu.uasset" SILENT=true
[2017.06.14-10.02.56:860][532]LogSavePackage: Save=11.64ms
[2017.06.14-10.02.56:860][532]LogSavePackage: Moving '../../../../../../Users/i7230020.STUDENT.000/Documents/GitHub/MastersProject/Ava/Saved/MainMenu53B2D3C5450306A3419C4E895B72614A.tmp' to '../../../../../../Users/i7230020.STUDENT.000/Documents/GitHub/MastersProject/Ava/Content/TemporaryContent/MainMenu.uasset'
[2017.06.14-10.02.56:868][532]LogSavePackage:Display: Finished SavePackage ../../../../../../Users/i7230020.STUDENT.000/Documents/GitHub/MastersProject/Ava/Content/TemporaryContent/MainMenu.uasset
[2017.06.14-10.04.48:693][ 47]LogFactory: FactoryCreateFile: Texture with ReimportTextureFactory (0 0 C:\Users\i7230020.STUDENT.000\Downloads\Controls.png)
[2017.06.14-10.04.48:747][ 47]LogTexture:Display: Building textures: Controls (AutoDXT)
[2017.06.14-10.04.50:528][149]Cmd: OBJ SAVEPACKAGE PACKAGE="/Game/TemporaryContent/Controls" FILE="../../../../../../Users/i7230020.STUDENT.000/Documents/GitHub/MastersProject/Ava/Content/TemporaryContent/Controls.uasset" SILENT=true
[2017.06.14-10.04.50:600][149]LogSavePackage: Save=69.23ms
[2017.06.14-10.04.50:600][149]LogSavePackage: Moving '../../../../../../Users/i7230020.STUDENT.000/Documents/GitHub/MastersProject/Ava/Saved/Controls7B550A0D4F7FB3C48F6CE9AA8D3F0584.tmp' to '../../../../../../Users/i7230020.STUDENT.000/Documents/GitHub/MastersProject/Ava/Content/TemporaryContent/Controls.uasset'
[2017.06.14-10.04.50:611][149]LogSavePackage:Display: Finished SavePackage ../../../../../../Users/i7230020.STUDENT.000/Documents/GitHub/MastersProject/Ava/Content/TemporaryContent/Controls.uasset
[2017.06.14-10.05.04:710][911]BlueprintLog: New page: Compile MainMenu
[2017.06.14-10.05.04:829][911]BlueprintEditorCompileResults: Info [1798.35] Compile of MainMenu successful! [in 118 ms] (/Game/TemporaryContent/MainMenu.MainMenu)
[2017.06.14-10.05.05:178][927]Cmd: OBJ SAVEPACKAGE PACKAGE="/Game/TemporaryContent/MainMenu" FILE="../../../../../../Users/i7230020.STUDENT.000/Documents/GitHub/MastersProject/Ava/Content/TemporaryContent/MainMenu.uasset" SILENT=true
[2017.06.14-10.05.05:197][927]LogSavePackage: Save=10.76ms
[2017.06.14-10.05.05:197][927]LogSavePackage: Moving '../../../../../../Users/i7230020.STUDENT.000/Documents/GitHub/MastersProject/Ava/Saved/MainMenuEA5A79904C5F2AB024861EB6456238C8.tmp' to '../../../../../../Users/i7230020.STUDENT.000/Documents/GitHub/MastersProject/Ava/Content/TemporaryContent/MainMenu.uasset'
[2017.06.14-10.05.05:206][927]LogSavePackage:Display: Finished SavePackage ../../../../../../Users/i7230020.STUDENT.000/Documents/GitHub/MastersProject/Ava/Content/TemporaryContent/MainMenu.uasset
[2017.06.14-10.05.12:019][282]LogUObjectHash:Warning: Ambiguous search, could be CanvasPanel /Game/TemporaryContent/MainMenu.MainMenu:WidgetTree.CanvasPanel_0 or CanvasPanel /Engine/Transient.World_3:MainMenu_C_3.WidgetTree_11.CanvasPanel_0
[2017.06.14-10.05.12:019][282]LogUObjectHash:Warning: Ambiguous search, could be CanvasPanel /Game/TemporaryContent/MainMenu.MainMenu:WidgetTree.CanvasPanel_0 or CanvasPanel /Engine/Transient.REINST_MainMenu_C_11:WidgetTree.CanvasPanel_0
[2017.06.14-10.05.12:019][282]LogUObjectHash:Warning: Ambiguous search, could be CanvasPanel /Game/TemporaryContent/MainMenu.MainMenu:WidgetTree.CanvasPanel_0 or CanvasPanel /Engine/Transient.World_3:REINST_MainMenu_C_0.WidgetTree_8.CanvasPanel_0
[2017.06.14-10.05.12:019][282]LogUObjectHash:Warning: Ambiguous search, could be CanvasPanel /Game/TemporaryContent/MainMenu.MainMenu:WidgetTree.CanvasPanel_0 or CanvasPanel /Engine/Transient.REINST_MainMenu_C_37:WidgetTree.CanvasPanel_0
[2017.06.14-10.05.12:019][282]LogUObjectHash:Warning: Ambiguous search, could be CanvasPanel /Game/TemporaryContent/MainMenu.MainMenu:WidgetTree.CanvasPanel_0 or CanvasPanel /Engine/Transient.World_3:MainMenu_C_2.WidgetTree_10.CanvasPanel_0
[2017.06.14-10.05.12:019][282]LogUObjectHash:Warning: Ambiguous search, could be CanvasPanel /Game/TemporaryContent/MainMenu.MainMenu:WidgetTree.CanvasPanel_0 or CanvasPanel /Engine/Transient.World_3:MainMenu_C_4.WidgetTree_12.CanvasPanel_0
[2017.06.14-10.05.12:019][282]LogUObjectHash:Warning: Ambiguous search, could be CanvasPanel /Game/TemporaryContent/MainMenu.MainMenu:WidgetTree.CanvasPanel_0 or CanvasPanel /Engine/Transient.World_3:MainMenu_C_5.WidgetTree_13.CanvasPanel_0
[2017.06.14-10.05.12:019][282]LogUObjectHash:Warning: Ambiguous search, could be CanvasPanel /Game/TemporaryContent/MainMenu.MainMenu:WidgetTree.CanvasPanel_0 or CanvasPanel /Engine/Transient.World_3:MainMenu_C_6.WidgetTree_14.CanvasPanel_0
[2017.06.14-10.05.12:019][282]LogUObjectHash:Warning: Ambiguous search, could be CanvasPanel /Game/TemporaryContent/MainMenu.MainMenu:WidgetTree.CanvasPanel_0 or CanvasPanel /Engine/Transient.World_3:MainMenu_C_7.WidgetTree_15.CanvasPanel_0
[2017.06.14-10.05.12:019][282]LogUObjectHash:Warning: Ambiguous search, could be CanvasPanel /Game/TemporaryContent/MainMenu.MainMenu:WidgetTree.CanvasPanel_0 or CanvasPanel /Engine/Transient.World_3:MainMenu_C_8.WidgetTree_16.CanvasPanel_0
[2017.06.14-10.05.12:019][282]LogUObjectHash:Warning: Ambiguous search, could be CanvasPanel /Game/TemporaryContent/MainMenu.MainMenu:WidgetTree.CanvasPanel_0 or CanvasPanel /Engine/Transient.World_3:MainMenu_C_9.WidgetTree_17.CanvasPanel_0
[2017.06.14-10.05.12:019][282]LogUObjectHash:Warning: Ambiguous search, could be CanvasPanel /Game/TemporaryContent/MainMenu.MainMenu:WidgetTree.CanvasPanel_0 or CanvasPanel /Engine/Transient.World_3:MainMenu_C_10.WidgetTree_18.CanvasPanel_0
[2017.06.14-10.05.12:019][282]LogUObjectHash:Warning: Ambiguous search, could be CanvasPanel /Game/TemporaryContent/MainMenu.MainMenu:WidgetTree.CanvasPanel_0 or CanvasPanel /Engine/Transient.World_3:MainMenu_C_11.WidgetTree_19.CanvasPanel_0
[2017.06.14-10.05.12:019][282]LogUObjectHash:Warning: Ambiguous search, could be CanvasPanel /Game/TemporaryContent/MainMenu.MainMenu:WidgetTree.CanvasPanel_0 or CanvasPanel /Engine/Transient.World_3:MainMenu_C_12.WidgetTree_20.CanvasPanel_0
[2017.06.14-10.05.12:019][282]LogUObjectHash:Warning: Ambiguous search, could be CanvasPanel /Game/TemporaryContent/MainMenu.MainMenu:WidgetTree.CanvasPanel_0 or CanvasPanel /Engine/Transient.World_3:MainMenu_C_13.WidgetTree_21.CanvasPanel_0
[2017.06.14-10.05.12:019][282]LogUObjectHash:Warning: Ambiguous search, could be CanvasPanel /Game/TemporaryContent/MainMenu.MainMenu:WidgetTree.CanvasPanel_0 or CanvasPanel /Engine/Transient.World_3:MainMenu_C_14.WidgetTree_22.CanvasPanel_0
[2017.06.14-10.05.12:019][282]LogUObjectHash:Warning: Ambiguous search, could be CanvasPanel /Game/TemporaryContent/MainMenu.MainMenu:WidgetTree.CanvasPanel_0 or CanvasPanel /Engine/Transient.World_3:MainMenu_C_15.WidgetTree_23.CanvasPanel_0
[2017.06.14-10.05.12:019][282]LogUObjectHash:Warning: Ambiguous search, could be CanvasPanel /Game/TemporaryContent/MainMenu.MainMenu:WidgetTree.CanvasPanel_0 or CanvasPanel /Engine/Transient.World_3:MainMenu_C_16.WidgetTree_24.CanvasPanel_0
[2017.06.14-10.05.12:019][282]LogUObjectHash:Warning: Ambiguous search, could be CanvasPanel /Game/TemporaryContent/MainMenu.MainMenu:WidgetTree.CanvasPanel_0 or CanvasPanel /Engine/Transient.World_3:MainMenu_C_17.WidgetTree_25.CanvasPanel_0
[2017.06.14-10.05.12:019][282]LogUObjectHash:Warning: Ambiguous search, could be CanvasPanel /Game/TemporaryContent/MainMenu.MainMenu:WidgetTree.CanvasPanel_0 or CanvasPanel /Engine/Transient.World_3:MainMenu_C_18.WidgetTree_26.CanvasPanel_0
[2017.06.14-10.05.12:019][282]LogUObjectHash:Warning: Ambiguous search, could be CanvasPanel /Game/TemporaryContent/MainMenu.MainMenu:WidgetTree.CanvasPanel_0 or CanvasPanel /Engine/Transient.World_3:MainMenu_C_19.WidgetTree_27.CanvasPanel_0
[2017.06.14-10.05.12:019][282]LogUObjectHash:Warning: Ambiguous search, could be CanvasPanel /Game/TemporaryContent/MainMenu.MainMenu:WidgetTree.CanvasPanel_0 or CanvasPanel /Engine/Transient.REINST_MainMenu_C_40:WidgetTree.CanvasPanel_0
[2017.06.14-10.05.12:019][282]LogUObjectHash:Warning: Ambiguous search, could be CanvasPanel /Game/TemporaryContent/MainMenu.MainMenu:WidgetTree.CanvasPanel_0 or CanvasPanel /Engine/Transient.World_3:MainMenu_C_20.WidgetTree_28.CanvasPanel_0
[2017.06.14-10.05.12:019][282]LogUObjectHash:Warning: Ambiguous search, could be CanvasPanel /Game/TemporaryContent/MainMenu.MainMenu:WidgetTree.CanvasPanel_0 or CanvasPanel /Engine/Transient.World_3:REINST_MainMenu_C_4.WidgetTree_36.CanvasPanel_0
[2017.06.14-10.05.12:019][282]LogUObjectHash:Warning: Ambiguous search, could be CanvasPanel /Game/TemporaryContent/MainMenu.MainMenu:WidgetTree.CanvasPanel_0 or CanvasPanel /Engine/Transient.World_3:MainMenu_C_21.WidgetTree_29.CanvasPanel_0
[2017.06.14-10.05.12:019][282]LogUObjectHash:Warning: Ambiguous search, could be CanvasPanel /Game/TemporaryContent/MainMenu.MainMenu:WidgetTree.CanvasPanel_0 or CanvasPanel /Game/TemporaryContent/MainMenu.MainMenu_C:WidgetTree.CanvasPanel_0
[2017.06.14-10.05.12:019][282]LogUObjectHash:Warning: Ambiguous search, could be CanvasPanel /Game/TemporaryContent/MainMenu.MainMenu:WidgetTree.CanvasPanel_0 or CanvasPanel /Engine/Transient.World_3:MainMenu_C_22.WidgetTree_30.CanvasPanel_0
[2017.06.14-10.05.12:019][282]LogUObjectHash:Warning: Ambiguous search, could be CanvasPanel /Game/TemporaryContent/MainMenu.MainMenu:WidgetTree.CanvasPanel_0 or CanvasPanel /Engine/Transient.World_3:MainMenu_C_26.WidgetTree_35.CanvasPanel_0
[2017.06.14-10.05.12:019][282]LogUObjectHash:Warning: Ambiguous search, could be CanvasPanel /Game/TemporaryContent/MainMenu.MainMenu:WidgetTree.CanvasPanel_0 or CanvasPanel /Engine/Transient.World_3:MainMenu_C_23.WidgetTree_31.CanvasPanel_0
[2017.06.14-10.05.12:019][282]LogUObjectHash:Warning: Ambiguous search, could be CanvasPanel /Game/TemporaryContent/MainMenu.MainMenu:WidgetTree.CanvasPanel_0 or CanvasPanel /Engine/Transient.World_3:MainMenu_C_0.WidgetTree_37.CanvasPanel_0
[2017.06.14-10.05.12:019][282]LogUObjectHash:Warning: Ambiguous search, could be CanvasPanel /Game/TemporaryContent/MainMenu.MainMenu:WidgetTree.CanvasPanel_0 or CanvasPanel /Engine/Transient.World_3:MainMenu_C_24.WidgetTree_32.CanvasPanel_0
[2017.06.14-10.05.12:019][282]LogUObjectHash:Warning: Ambiguous search, could be CanvasPanel /Game/TemporaryContent/MainMenu.MainMenu:WidgetTree.CanvasPanel_0 or CanvasPanel /Game/TemporaryContent/MainMenu.MainMenu_C:WidgetTree_37.CanvasPanel_0
[2017.06.14-10.05.12:019][282]LogUObjectHash:Warning: Ambiguous search, could be CanvasPanel /Game/TemporaryContent/MainMenu.MainMenu:WidgetTree.CanvasPanel_0 or CanvasPanel /Engine/Transient.World_3:REINST_MainMenu_C_2.WidgetTree_33.CanvasPanel_0
[2017.06.14-10.05.12:020][282]LogProperty:Warning: Illegal TEXT reference to a private object in external package (CanvasPanelSlot /Game/TemporaryContent/MainMenu.MainMenu:WidgetTree.CanvasPanel_0.CanvasPanelSlot_0) from referencer (Image /Engine/UMG/Editor/Transient.Background).  Import failed...
[2017.06.14-10.05.12:020][282]LogProperty:Warning: ObjectProperty /Script/UMG.Widget:Slot: unresolved reference to 'CanvasPanelSlot'CanvasPanel_0.CanvasPanelSlot_0''
[2017.06.14-10.05.30:418][214]LogWindows: LaunchURL http://docs.unrealengine.com/latest/INT/Engine/Blueprints/index.html?utm_source=editor&utm_medium=docs&utm_campaign=help_menu_asset
[2017.06.14-10.05.47:916][ 34]BlueprintLog: New page: Compile MainMenu
[2017.06.14-10.05.48:040][ 34]BlueprintEditorCompileResults: Info [1841.55] Compile of MainMenu successful! [in 124 ms] (/Game/TemporaryContent/MainMenu.MainMenu)
[2017.06.14-10.05.48:831][ 73]Cmd: OBJ SAVEPACKAGE PACKAGE="/Game/TemporaryContent/MainMenu" FILE="../../../../../../Users/i7230020.STUDENT.000/Documents/GitHub/MastersProject/Ava/Content/TemporaryContent/MainMenu.uasset" SILENT=true
[2017.06.14-10.05.48:850][ 73]LogSavePackage: Save=11.73ms
[2017.06.14-10.05.48:850][ 73]LogSavePackage: Moving '../../../../../../Users/i7230020.STUDENT.000/Documents/GitHub/MastersProject/Ava/Saved/MainMenu9FBD314A4849B186002E8CBE0F5B19D9.tmp' to '../../../../../../Users/i7230020.STUDENT.000/Documents/GitHub/MastersProject/Ava/Content/TemporaryContent/MainMenu.uasset'
[2017.06.14-10.05.48:860][ 73]LogSavePackage:Display: Finished SavePackage ../../../../../../Users/i7230020.STUDENT.000/Documents/GitHub/MastersProject/Ava/Content/TemporaryContent/MainMenu.uasset
[2017.06.14-10.06.00:301][666]BlueprintLog: New page: Compile MainMenu
[2017.06.14-10.06.00:414][666]BlueprintEditorCompileResults: Info [1853.93] Compile of MainMenu successful! [in 112 ms] (/Game/TemporaryContent/MainMenu.MainMenu)
[2017.06.14-10.06.00:673][678]Cmd: OBJ SAVEPACKAGE PACKAGE="/Game/TemporaryContent/MainMenu" FILE="../../../../../../Users/i7230020.STUDENT.000/Documents/GitHub/MastersProject/Ava/Content/TemporaryContent/MainMenu.uasset" SILENT=true
[2017.06.14-10.06.00:691][678]LogSavePackage: Save=11.00ms
[2017.06.14-10.06.00:691][678]LogSavePackage: Moving '../../../../../../Users/i7230020.STUDENT.000/Documents/GitHub/MastersProject/Ava/Saved/MainMenu58532D6744B1343190784185872E24B9.tmp' to '../../../../../../Users/i7230020.STUDENT.000/Documents/GitHub/MastersProject/Ava/Content/TemporaryContent/MainMenu.uasset'
[2017.06.14-10.06.00:697][678]LogSavePackage:Display: Finished SavePackage ../../../../../../Users/i7230020.STUDENT.000/Documents/GitHub/MastersProject/Ava/Content/TemporaryContent/MainMenu.uasset
[2017.06.14-10.09.39:587][288]LogBlueprint:Warning: Compiler Warning InputAction Event references unknown Action 'Crouch' for  InputAction Crouch 
[2017.06.14-10.09.39:590][288]LogBlueprint:Warning: Compiler Warning [2073.09] Compile of Ue4ASP_Character successful, but with 1 Warning(s) [in 8 ms] (/Game/AnimStarterPack/Ue4ASP_Character.Ue4ASP_Character)
[2017.06.14-10.09.39:590][288]LogBlueprint:Warning: Compiler Warning [2073.09] Compile of Ue4ASP_Character successful, but with 2 Warning(s) [in 0 ms] (/Game/AnimStarterPack/Ue4ASP_Character.Ue4ASP_Character)
[2017.06.14-10.09.39:590][288]LogBlueprint:Warning: Compiler Warning [2073.09] Compile of Ue4ASP_Character successful, but with 3 Warning(s) [in 0 ms] (/Game/AnimStarterPack/Ue4ASP_Character.Ue4ASP_Character)
[2017.06.14-10.09.39:669][288]LogBlueprint:Warning: Compiler Warning InputAction Event references unknown Action 'Crouch' for  InputAction Crouch 
[2017.06.14-10.09.39:671][288]LogBlueprint:Warning: Compiler Warning [2073.17] Compile of Ue4ASP_Character successful, but with 1 Warning(s) [in 9 ms] (/Game/AnimStarterPack/Ue4ASP_Character.Ue4ASP_Character)
[2017.06.14-10.09.39:671][288]LogBlueprint:Warning: Compiler Warning [2073.17] Compile of Ue4ASP_Character successful, but with 2 Warning(s) [in 0 ms] (/Game/AnimStarterPack/Ue4ASP_Character.Ue4ASP_Character)
[2017.06.14-10.09.39:672][288]LogBlueprint:Warning: Compiler Warning [2073.17] Compile of Ue4ASP_Character successful, but with 3 Warning(s) [in 0 ms] (/Game/AnimStarterPack/Ue4ASP_Character.Ue4ASP_Character)
[2017.06.14-10.09.40:139][288]LogAIModule: Creating AISystem for world Palace_Level
[2017.06.14-10.09.40:534][288]LogMetaData: Removing '/Game/Ava/Maps/PalaceLevel.PalaceLevel_C' ref from Metadata '/Game/Ava/Maps/Palace_Level.PackageMetaData'
[2017.06.14-10.09.40:534][288]LogMetaData: Removing '/Game/Ava/Maps/PalaceLevel.SKEL_PalaceLevel_C' ref from Metadata '/Game/Ava/Maps/Palace_Level.PackageMetaData'
[2017.06.14-10.09.41:700][288]LogSavePackage: Save=973.05ms
[2017.06.14-10.09.41:700][288]LogSavePackage: Moving '../../../../../../Users/i7230020.STUDENT.000/Documents/GitHub/MastersProject/Ava/Saved/PalaceLevelA813E1B3475F2EBBCF01109597EF0E34.tmp' to '../../../../../../Users/i7230020.STUDENT.000/Documents/GitHub/MastersProject/Ava/Content/Ava/Maps/PalaceLevel.umap'
[2017.06.14-10.09.41:709][288]LogSavePackage:Display: Finished SavePackage ../../../../../../Users/i7230020.STUDENT.000/Documents/GitHub/MastersProject/Ava/Content/Ava/Maps/PalaceLevel.umap
[2017.06.14-10.09.41:714][288]LogFileHelpers: Saving map 'PalaceLevel' took 1.167
[2017.06.14-10.16.05:069][573]LogHotReload: New module detected: UE4Editor-Ava-7306.dll
[2017.06.14-10.16.07:442][581]LogHotReload: Starting Hot-Reload from IDE
[2017.06.14-10.16.07:526][581]LogClass: Could not find existing class MainMenu in package /Script/Ava for HotReload, assuming new class
[2017.06.14-10.16.07:526][581]LogClass: Function Play is new.
[2017.06.14-10.16.07:526][581]LogClass: StatueDataVariables HotReload.
[2017.06.14-10.16.07:526][581]LogClass: Statue HotReload.
[2017.06.14-10.16.07:526][581]LogClass: ItemDataVariables HotReload.
[2017.06.14-10.16.07:526][581]LogClass: Item HotReload.
[2017.06.14-10.16.07:529][581]LogHotReload: Re-instancing MainCharacter after hot-reload.
[2017.06.14-10.16.07:682][581]LogHotReload: Re-instancing MainMenu after hot-reload.
[2017.06.14-10.16.07:909][581]LogContentBrowser: Native class hierarchy updated for 'Ava' in 0.0025 seconds. Added 4 classes and 2 folders.
[2017.06.14-10.16.07:911][581]Warning: HotReload successful (0 functions remapped  0 scriptstructs remapped)
[2017.06.14-10.16.08:146][581]LogContentBrowser: Native class hierarchy populated in 0.0107 seconds. Added 2084 classes and 380 folders.
[2017.06.14-10.16.08:150][581]Warning: HotReload took  0.7s.
[2017.06.14-10.16.38:594][885]Cmd: MAP LOAD FILE="../../../../../../Users/i7230020.STUDENT.000/Documents/GitHub/MastersProject/Ava/Content/Ava/Maps/PalaceLevel.umap" TEMPLATE=0 SHOWPROGRESS=1 FEATURELEVEL=3
[2017.06.14-10.16.38:594][885]LightingResults: New page: Lighting Build
[2017.06.14-10.16.38:611][885]LogContentBrowser: Native class hierarchy updated for 'StatsViewer' in 0.0024 seconds. Added 5 classes and 0 folders.
[2017.06.14-10.16.38:612][885]LoadErrors: New page: Loading map: PalaceLevel.umap
[2017.06.14-10.16.38:613][885]MapCheck: New page: Map Check
[2017.06.14-10.16.38:613][885]LightingResults: New page: Lighting Build
[2017.06.14-10.16.38:715][885]LogEditorServer: Finished looking for orphan Actors (0.000 secs)
[2017.06.14-10.16.38:736][885]Cmd: MAP CHECKDEP NOCLEARLOG
[2017.06.14-10.16.38:868][885]MapCheck: Info Map check complete: 0 Error(s), 0 Warning(s), took 131.407ms to complete.
[2017.06.14-10.16.38:868][885]LogFileHelpers: Loading map 'PalaceLevel' took 0.276
[2017.06.14-10.41.42:956][145]LogHotReload: New module detected: UE4Editor-Ava-5800.dll
[2017.06.14-10.41.45:963][155]LogHotReload: Starting Hot-Reload from IDE
[2017.06.14-10.41.46:005][155]LogClass: StatueDataVariables HotReload.
[2017.06.14-10.41.46:005][155]LogClass: Statue HotReload.
[2017.06.14-10.41.46:005][155]LogClass: ItemDataVariables HotReload.
[2017.06.14-10.41.46:005][155]LogClass: Item HotReload.
[2017.06.14-10.41.46:009][155]LogHotReload: Re-instancing MainCharacter after hot-reload.
[2017.06.14-10.41.46:144][155]LogContentBrowser: Native class hierarchy updated for 'Ava' in 0.0026 seconds. Added 4 classes and 2 folders.
[2017.06.14-10.41.46:146][155]Warning: HotReload successful (1 functions remapped  0 scriptstructs remapped)
[2017.06.14-10.41.46:364][155]LogContentBrowser: Native class hierarchy populated in 0.0099 seconds. Added 2084 classes and 380 folders.
[2017.06.14-10.41.46:368][155]Warning: HotReload took  0.4s.
[2017.06.14-10.52.06:046][861]LogHotReload: New module detected: UE4Editor-Ava-949.dll
[2017.06.14-10.52.08:400][869]LogHotReload: Starting Hot-Reload from IDE
[2017.06.14-10.52.08:516][869]LogClass: StatueDataVariables HotReload.
[2017.06.14-10.52.08:516][869]LogClass: Statue HotReload.
[2017.06.14-10.52.08:516][869]LogClass: ItemDataVariables HotReload.
[2017.06.14-10.52.08:516][869]LogClass: Item HotReload.
[2017.06.14-10.52.08:517][869]LogHotReload: Re-instancing MainCharacter after hot-reload.
[2017.06.14-10.52.08:664][869]LogContentBrowser: Native class hierarchy updated for 'Ava' in 0.0025 seconds. Added 4 classes and 2 folders.
[2017.06.14-10.52.08:667][869]Warning: HotReload successful (1 functions remapped  0 scriptstructs remapped)
[2017.06.14-10.52.08:897][869]LogContentBrowser: Native class hierarchy populated in 0.0096 seconds. Added 2084 classes and 380 folders.
[2017.06.14-10.52.08:901][869]Warning: HotReload took  0.5s.
[2017.06.14-10.52.33:586][943]LogHotReload: New module detected: UE4Editor-Ava-4448.dll
[2017.06.14-10.52.36:275][952]LogHotReload: Starting Hot-Reload from IDE
[2017.06.14-10.52.36:364][952]LogClass: Could not find existing class MainMenu in package /Script/Ava for HotReload, assuming new class
[2017.06.14-10.52.36:364][952]LogClass: Function Play is new.
[2017.06.14-10.52.36:364][952]LogClass: StatueDataVariables HotReload.
[2017.06.14-10.52.36:364][952]LogClass: Statue HotReload.
[2017.06.14-10.52.36:364][952]LogClass: ItemDataVariables HotReload.
[2017.06.14-10.52.36:364][952]LogClass: Item HotReload.
[2017.06.14-10.52.36:366][952]LogHotReload: Re-instancing MainCharacter after hot-reload.
[2017.06.14-10.52.36:497][952]LogHotReload: Re-instancing MainMenu after hot-reload.
[2017.06.14-10.52.36:641][952]LogContentBrowser: Native class hierarchy updated for 'Ava' in 0.0024 seconds. Added 4 classes and 2 folders.
[2017.06.14-10.52.36:643][952]Warning: HotReload successful (0 functions remapped  0 scriptstructs remapped)
[2017.06.14-10.52.36:890][952]LogContentBrowser: Native class hierarchy populated in 0.0117 seconds. Added 2084 classes and 380 folders.
[2017.06.14-10.52.36:894][952]Warning: HotReload took  0.6s.
[2017.06.14-10.54.02:285][208]LogHotReload: New module detected: UE4Editor-Ava-3686.dll
[2017.06.14-10.54.04:975][217]LogHotReload: Starting Hot-Reload from IDE
[2017.06.14-10.54.05:045][217]LogClass: StatueDataVariables HotReload.
[2017.06.14-10.54.05:045][217]LogClass: Statue HotReload.
[2017.06.14-10.54.05:045][217]LogClass: ItemDataVariables HotReload.
[2017.06.14-10.54.05:045][217]LogClass: Item HotReload.
[2017.06.14-10.54.05:047][217]LogHotReload: Re-instancing MainCharacter after hot-reload.
[2017.06.14-10.54.05:176][217]LogContentBrowser: Native class hierarchy updated for 'Ava' in 0.0024 seconds. Added 4 classes and 2 folders.
[2017.06.14-10.54.05:178][217]Warning: HotReload successful (1 functions remapped  0 scriptstructs remapped)
[2017.06.14-10.54.05:412][217]LogContentBrowser: Native class hierarchy populated in 0.0132 seconds. Added 2084 classes and 380 folders.
[2017.06.14-10.54.05:416][217]Warning: HotReload took  0.4s.
[2017.06.14-11.04.18:191][ 55]LogHotReload: New module detected: UE4Editor-Ava-415.dll
[2017.06.14-11.04.20:537][ 63]LogHotReload: Starting Hot-Reload from IDE
[2017.06.14-11.04.20:665][ 63]LogClass: Could not find existing class MainMenu in package /Script/Ava for HotReload, assuming new class
[2017.06.14-11.04.20:665][ 63]LogClass: Function Construct is new.
[2017.06.14-11.04.20:665][ 63]LogClass: Function Play is new.
[2017.06.14-11.04.20:665][ 63]LogClass: StatueDataVariables HotReload.
[2017.06.14-11.04.20:665][ 63]LogClass: Statue HotReload.
[2017.06.14-11.04.20:665][ 63]LogClass: ItemDataVariables HotReload.
[2017.06.14-11.04.20:665][ 63]LogClass: Item HotReload.
[2017.06.14-11.04.20:667][ 63]LogHotReload: Re-instancing MainCharacter after hot-reload.
[2017.06.14-11.04.20:818][ 63]LogHotReload: Re-instancing MainMenu after hot-reload.
[2017.06.14-11.04.20:980][ 63]LogContentBrowser: Native class hierarchy updated for 'Ava' in 0.0026 seconds. Added 4 classes and 2 folders.
[2017.06.14-11.04.20:983][ 63]Warning: HotReload successful (0 functions remapped  0 scriptstructs remapped)
[2017.06.14-11.04.21:196][ 63]LogContentBrowser: Native class hierarchy populated in 0.0094 seconds. Added 2084 classes and 380 folders.
[2017.06.14-11.04.21:200][ 63]Warning: HotReload took  0.7s.
[2017.06.14-11.05.09:545][208]LogHotReload: New module detected: UE4Editor-Ava-7376.dll
[2017.06.14-11.05.11:899][216]LogHotReload: Starting Hot-Reload from IDE
[2017.06.14-11.05.12:014][216]LogClass: StatueDataVariables HotReload.
[2017.06.14-11.05.12:014][216]LogClass: Statue HotReload.
[2017.06.14-11.05.12:014][216]LogClass: ItemDataVariables HotReload.
[2017.06.14-11.05.12:014][216]LogClass: Item HotReload.
[2017.06.14-11.05.12:015][216]LogHotReload: Re-instancing MainCharacter after hot-reload.
[2017.06.14-11.05.12:156][216]LogContentBrowser: Native class hierarchy updated for 'Ava' in 0.0027 seconds. Added 4 classes and 2 folders.
[2017.06.14-11.05.12:159][216]Warning: HotReload successful (2 functions remapped  0 scriptstructs remapped)
[2017.06.14-11.05.12:372][216]LogContentBrowser: Native class hierarchy populated in 0.0095 seconds. Added 2084 classes and 380 folders.
[2017.06.14-11.05.12:376][216]Warning: HotReload took  0.5s.
[2017.06.14-11.07.41:771][429]LogCrashTracker: 


[2017.06.14-11.07.41:771][429]LogCrashTracker: 


[2017.06.14-11.07.41:771][429]LogWindows:Error: === Critical error: ===
Fatal error!



[2017.06.14-11.07.41:793][429]LogExit: Executing StaticShutdownAfterError
[2017.06.14-11.07.41:802][429]LogWindows: FPlatformMisc::RequestExit(1)
[2017.06.14-11.07.41:802][429]Log file closed, 06/14/17 12:07:41
