Log file open, 06/15/17 17:23:00
LogInit:Display: Running engine for game: Ava
LogPlatformFile: Not using cached read wrapper
LogInit:Display: RandInit(1103532504) SRandInit(1103532507).
LogTaskGraph: Started task graph with 4 named threads and 9 total threads with 1 sets of task threads.
LogStats: Stats thread started at 0.192099
LogInit: Version: 4.12.5-3039270+++UE4+Release-4.12
LogInit: API Version: 2992821
LogInit: Net Version: 3039270
LogDevObjectVersion: Number of dev versions registered: 13
LogDevObjectVersion:   Dev-Blueprints (B0D832E4-1F89-4F0D-ACCF-7EB736FD4AA2): 3
LogDevObjectVersion:   Dev-Build (E1C64328-A22C-4D53-A36C-8E866417BD8C): 0
LogDevObjectVersion:   Dev-Core (375EC13C-06E4-48FB-B500-84F0262A717E): 1
LogDevObjectVersion:   Dev-Editor (E4B068ED-F494-42E9-A231-DA0B2E46BB41): 2
LogDevObjectVersion:   Dev-Framework (CFFC743F-43B0-4480-9391-14DF171D2073): 6
LogDevObjectVersion:   Dev-Mobile (B02B49B5-BB20-44E9-A304-32B752E40360): 0
LogDevObjectVersion:   Dev-Networking (A4E4105C-59A1-49B5-A7C5-40C4547EDFEE): 0
LogDevObjectVersion:   Dev-Online (39C831C9-5AE6-47DC-9A44-9C173E1C8E7C): 0
LogDevObjectVersion:   Dev-Physics (78F01B33-EBEA-4F98-B9B4-84EACCB95AA2): 0
LogDevObjectVersion:   Dev-Platform (6631380F-2D4D-43E0-8009-CF276956A95A): 0
LogDevObjectVersion:   Dev-Rendering (12F88B9F-8875-4AFC-A67C-D90C383ABD29): 2
LogDevObjectVersion:   Dev-Sequencer (7B5AE74C-D270-4C10-A958-57980B212A5A): 0
LogDevObjectVersion:   Dev-VR (D7296918-1DD6-4BDD-9DE2-64A83CC13884): 0
LogInit: Compiled (64-bit): Jul  6 2016 09:09:46
LogInit: Compiled with Visual C++: 19.00.23026.00
LogInit: Build Configuration: Development
LogInit: Branch Name: ++UE4+Release-4.12
LogInit: Command line: 
LogInit: Base directory: C:/Program Files/Epic Games/4.12/Engine/Binaries/Win64/
LogInit: Installed Engine Build: 1
LogInit: Using libcurl 7.41.0
LogInit:  - built for x86_64-pc-win32
LogInit:  - supports SSL with WinSSL
LogInit:  - other features:
LogInit:      CURL_VERSION_SSL
LogInit:      CURL_VERSION_IPV6
LogInit:      CURL_VERSION_ASYNCHDNS
LogInit:      CURL_VERSION_LARGEFILE
LogInit:      CURL_VERSION_IDN
LogInit:  CurlRequestOptions (configurable via config and command line):
LogInit:  - bVerifyPeer = true  - Libcurl will verify peer certificate
LogInit:  - bUseHttpProxy = false  - Libcurl will NOT use HTTP proxy
LogInit:  - bDontReuseConnections = false  - Libcurl will reuse connections
LogInit:  - CertBundlePath = nullptr  - Libcurl will use whatever was configured at build time.
LogInit: Presizing for max 8388607 objects, including 0 objects not considered by GC, pre-allocating 0 bytes for permanent pool.
LogInit: Object subsystem initialized
[2017.06.15-16.23.00:960][  0]LogInit: Selected Device Profile: [Windows]
[2017.06.15-16.23.00:960][  0]LogInit: Applying CVar settings loaded from the selected device profile: [Windows]
[2017.06.15-16.23.00:975][  0]LogInit: Computer: PC42640
[2017.06.15-16.23.00:975][  0]LogInit: User: i7230020
[2017.06.15-16.23.00:975][  0]LogInit: CPU Page size=65536, Cores=6
[2017.06.15-16.23.00:975][  0]LogInit: High frequency timer resolution =3.410107 MHz
[2017.06.15-16.23.00:976][  0]LogMemory: Memory total: Physical=31.9GB (32GB approx)
[2017.06.15-16.23.00:976][  0]LogMemory: Platform Memory Stats for Windows
[2017.06.15-16.23.00:976][  0]LogMemory: Process Physical Memory: 196.84 MB used, 196.84 MB peak
[2017.06.15-16.23.00:976][  0]LogMemory: Process Virtual Memory: 199.04 MB used, 199.04 MB peak
[2017.06.15-16.23.00:976][  0]LogMemory: Physical Memory: 17057.95 MB used, 32684.15 MB total
[2017.06.15-16.23.00:976][  0]LogMemory: Virtual Memory: 538.89 MB used, 8388608.00 MB total
[2017.06.15-16.23.01:103][  0]LogTextLocalizationManager: No specific translations for ('en-GB') exist, so ('en') translations will be used.
[2017.06.15-16.23.01:476][  0]LogD3D11RHI: D3D11 adapters:
[2017.06.15-16.23.01:502][  0]LogD3D11RHI:    0. 'NVIDIA Quadro M4000' (Feature Level 11_0)
[2017.06.15-16.23.01:502][  0]LogD3D11RHI:       8092/0/16086 MB DedicatedVideo/DedicatedSystem/SharedSystem, Outputs:1, VendorId:0x10de
[2017.06.15-16.23.01:502][  0]LogD3D11RHI: Chosen D3D11 Adapter: 0
[2017.06.15-16.23.01:511][  0]LogD3D11RHI: Creating new Direct3DDevice
[2017.06.15-16.23.01:512][  0]LogD3D11RHI:     GPU DeviceId: 0x13f1 (for the marketing name, search the web for "GPU Device Id")
[2017.06.15-16.23.01:512][  0]LogWindows: EnumDisplayDevices:
[2017.06.15-16.23.01:512][  0]LogWindows:    0. 'NVIDIA Quadro M4000' (P:1 D:1)
[2017.06.15-16.23.01:513][  0]LogWindows:    1. 'NVIDIA Quadro M4000' (P:0 D:0)
[2017.06.15-16.23.01:514][  0]LogWindows:    2. 'NVIDIA Quadro M4000' (P:0 D:0)
[2017.06.15-16.23.01:515][  0]LogWindows:    3. 'NVIDIA Quadro M4000' (P:0 D:0)
[2017.06.15-16.23.01:515][  0]LogWindows:    4. 'RDPDD Chained DD' (P:0 D:0)
[2017.06.15-16.23.01:515][  0]LogWindows:    5. 'RDP Encoder Mirror Driver' (P:0 D:0)
[2017.06.15-16.23.01:516][  0]LogWindows:    6. 'RDP Reflector Display Driver' (P:0 D:0)
[2017.06.15-16.23.01:516][  0]LogWindows: DebugString: GetVideoDriverDetailsInvalid PrimaryIsNotTheChoosenAdapter GetVideoDriverDetailsInvalid PrimaryIsNotTheChoosenAdapter GetVideoDriverDetailsInvalid PrimaryIsNotTheChoosenAdapter FoundDriverCount:4 
[2017.06.15-16.23.01:516][  0]LogD3D11RHI:     Adapter Name: NVIDIA Quadro M4000
[2017.06.15-16.23.01:516][  0]LogD3D11RHI:   Driver Version: 362.13 (internal:10.18.13.6213, unified:362.13)
[2017.06.15-16.23.01:516][  0]LogD3D11RHI:      Driver Date: 3-18-2016
[2017.06.15-16.23.01:516][  0]LogRHI: Texture pool is 1361 MB (70% of 1945 MB)
[2017.06.15-16.23.01:527][  0]LogD3D11RHI: Async texture creation enabled
[2017.06.15-16.23.01:541][  0]LogD3D11RHI: GPU Timing Frequency: 1000.000000 (Debug: 2 2)
[2017.06.15-16.23.01:541][  0]LogShaderCompilers: Guid format shader working directory is -28 characters bigger than the processId version (../../../../../../Users/i7230020.STUDENT.000/Documents/GitHub/MastersProject/Ava/Intermediate/Shaders/WorkingDirectory/43768/).
[2017.06.15-16.23.01:541][  0]LogShaderCompilers: Cleaned the shader compiler working directory 'C:/Users/I72300~1.000/AppData/Local/Temp/UnrealShaderWorkingDir/A5F05E57439614C899D4218B5F5D33EF/'.
[2017.06.15-16.23.01:541][  0]LogShaderCompilers:Display: Using Local Shader Compiler.
[2017.06.15-16.23.02:648][  0]LogTemp:Display: Loaded TP AllDesktopTargetPlatform
[2017.06.15-16.23.02:658][  0]LogTemp:Display: Loaded TP WindowsClientTargetPlatform
[2017.06.15-16.23.02:669][  0]LogTemp:Display: Loaded TP WindowsNoEditorTargetPlatform
[2017.06.15-16.23.02:680][  0]LogTemp:Display: Loaded TP WindowsServerTargetPlatform
[2017.06.15-16.23.02:693][  0]LogTemp:Display: Loaded TP WindowsTargetPlatform
[2017.06.15-16.23.02:705][  0]LogTemp:Display: Loaded TP AndroidTargetPlatform
[2017.06.15-16.23.02:715][  0]LogTemp:Display: Loaded TP Android_ASTCTargetPlatform
[2017.06.15-16.23.02:725][  0]LogTemp:Display: Loaded TP Android_ATCTargetPlatform
[2017.06.15-16.23.02:735][  0]LogTemp:Display: Loaded TP Android_DXTTargetPlatform
[2017.06.15-16.23.02:745][  0]LogTemp:Display: Loaded TP Android_ETC1TargetPlatform
[2017.06.15-16.23.02:755][  0]LogTemp:Display: Loaded TP Android_ETC2TargetPlatform
[2017.06.15-16.23.02:774][  0]LogTemp:Display: Loaded TP Android_MultiTargetPlatform
[2017.06.15-16.23.02:774][  0]LogTemp:Display: Loaded TP Android_PVRTCTargetPlatform
[2017.06.15-16.23.02:777][  0]LogTemp:Display: Loaded TP HTML5TargetPlatform
[2017.06.15-16.23.02:803][  0]LogTemp:Display: Loaded TP IOSTargetPlatform
[2017.06.15-16.23.02:812][  0]LogTemp:Display: Loaded TP TVOSTargetPlatform
[2017.06.15-16.23.02:821][  0]LogTemp:Display: Loaded TP LinuxNoEditorTargetPlatform
[2017.06.15-16.23.02:832][  0]LogTemp:Display: Loaded TP LinuxServerTargetPlatform
[2017.06.15-16.23.02:842][  0]LogTemp:Display: Loaded TP LinuxTargetPlatform
[2017.06.15-16.23.02:842][  0]LogTargetPlatformManager:Display: Building Assets For Windows
[2017.06.15-16.23.02:993][  0]LogDerivedDataCache:Display: Max Cache Size: 512 MB
[2017.06.15-16.23.03:042][  0]LogDerivedDataCache: Loaded boot cache 0.05s 49MB C:/Users/i7230020.STUDENT.000/AppData/Local/UnrealEngine/4.12/DerivedDataCache/Boot.ddc.
[2017.06.15-16.23.03:043][  0]LogDerivedDataCache:Display: Loaded Boot cache: C:/Users/i7230020.STUDENT.000/AppData/Local/UnrealEngine/4.12/DerivedDataCache/Boot.ddc
[2017.06.15-16.23.03:043][  0]LogDerivedDataCache: FDerivedDataBackendGraph:  Pak pak cache file ../../../../../../Users/i7230020.STUDENT.000/Documents/GitHub/MastersProject/Ava/DerivedDataCache/DDC.ddp not found, will not use a pak cache.
[2017.06.15-16.23.03:043][  0]LogDerivedDataCache: Unable to find inner node Pak for hierarchical cache Hierarchy.
[2017.06.15-16.23.03:043][  0]LogDerivedDataCache: FDerivedDataBackendGraph:  CompressedPak pak cache file ../../../../../../Users/i7230020.STUDENT.000/Documents/GitHub/MastersProject/Ava/DerivedDataCache/Compressed.ddp not found, will not use a pak cache.
[2017.06.15-16.23.03:043][  0]LogDerivedDataCache: Unable to find inner node CompressedPak for hierarchical cache Hierarchy.
[2017.06.15-16.23.03:057][  0]LogDerivedDataCache:Display: Pak cache opened for reading ../../../Engine/DerivedDataCache/Compressed.ddp.
[2017.06.15-16.23.03:070][  0]LogDerivedDataCache: Using Local data cache path C:/Users/i7230020.STUDENT.000/AppData/Local/UnrealEngine/Common/DerivedDataCache: Writable
[2017.06.15-16.23.03:286][  0]LogInit: Selected Device Profile: [Windows]
[2017.06.15-16.23.03:287][  0]LogContentStreaming: Texture pool size is 0.00 MB
[2017.06.15-16.23.03:464][  0]LogMeshUtilities: No automatic mesh reduction module available
[2017.06.15-16.23.03:464][  0]LogMeshUtilities: No automatic mesh merging module available
[2017.06.15-16.23.03:464][  0]LogMeshUtilities: No distributed automatic mesh merging module available
[2017.06.15-16.23.03:715][  0]LogAssetRegistry: FAssetRegistry took 0.0214 seconds to start up
[2017.06.15-16.23.03:800][  0]LogPackageLocalizationCache: Processed 4 localized package path(s) for 2 prioritized culture(s) in 0.081030 seconds
[2017.06.15-16.23.03:804][  0]LogUObjectArray: 28739 objects as part of root set at end of initial load.
[2017.06.15-16.23.03:804][  0]LogUObjectAllocator: 5855624 out of 0 bytes used by permanent object pool.
[2017.06.15-16.23.03:804][  0]LogUObjectArray: CloseDisregardForGC: 0/0 objects in disregard for GC pool
[2017.06.15-16.23.03:814][  0]LogInit: WinSock: version 1.1 (2.2), MaxSocks=32767, MaxUdp=65467
[2017.06.15-16.23.04:041][  0]LogSlate: SlateFontCache - WITH_FREETYPE: 1, WITH_HARFBUZZ: 1
[2017.06.15-16.23.04:041][  0]LogSlate: SlateFontCache - WITH_FREETYPE: 1, WITH_HARFBUZZ: 1
[2017.06.15-16.23.05:201][  0]LogUdpMessaging: Initializing bridge on interface 0.0.0.0:0 to multicast group 230.0.0.1:6666.
[2017.06.15-16.23.05:529][  0]SourceControl: Info Source control is disabled
[2017.06.15-16.23.05:532][  0]SourceControl: Info Source control is disabled
[2017.06.15-16.23.05:552][  0]SourceControl: Info Source control is disabled
[2017.06.15-16.23.05:573][  0]SourceControl: Info Source control is disabled
[2017.06.15-16.23.05:824][  0]LogHoudiniEngine: Starting the Houdini Engine module.
[2017.06.15-16.23.05:826][  0]LogHoudiniEngine: Loaded libHAPIL.dll from Registry path C:\Program Files\Side Effects Software\Houdini 15.5.632/bin
[2017.06.15-16.23.05:827][  0]LogLinker:Warning: Asset '../../../Engine/Plugins/Runtime/HoudiniEngine/Content/houdini_logo.uasset' has been saved with empty engine version. The asset will be loaded but may be incompatible.
[2017.06.15-16.23.05:828][  0]LogLinker:Warning: Asset '../../../Engine/Plugins/Runtime/HoudiniEngine/Content/houdini_default_material.uasset' has been saved with empty engine version. The asset will be loaded but may be incompatible.
[2017.06.15-16.23.05:832][  0]LogLinker:Warning: Asset '../../../Engine/Plugins/Runtime/HoudiniEngine/Content/houdini_bgeo_import.uasset' has been saved with empty engine version. The asset will be loaded but may be incompatible.
[2017.06.15-16.23.07:011][  0]LogHoudiniEngine: Successfully initialized the Houdini Engine API module.
[2017.06.15-16.23.07:222][  0]LogEngine: Initializing Engine...
[2017.06.15-16.23.07:225][  0]LogHMD: SteamVR failed to initialize.  Err: 110
[2017.06.15-16.23.07:228][  0]LogHMD: SteamVR failed to initialize.  Err: 110
[2017.06.15-16.23.07:365][  0]LogAIModule: Creating AISystem for world NewWorld
[2017.06.15-16.23.07:376][  0]LogInit: XAudio2 using 'Speakers (Realtek High Definition Audio)' : 2 channels at 48 kHz using 32 bits per sample (channel mask 0x3)
[2017.06.15-16.23.07:393][  0]LogInit: FAudioDevice initialized.
[2017.06.15-16.23.07:418][  0]LogDerivedDataCache: Saved boot cache 0.02s 49MB C:/Users/i7230020.STUDENT.000/AppData/Local/UnrealEngine/4.12/DerivedDataCache/Boot.ddc.
[2017.06.15-16.23.07:423][  0]LogInit: Texture streaming: Enabled
[2017.06.15-16.23.07:453][  0]LogInit: Transaction tracking system initialized
[2017.06.15-16.23.07:489][  0]BlueprintLog: New page: Editor Load
[2017.06.15-16.23.07:600][  0]LocalizationService: Info Localization service is disabled
[2017.06.15-16.23.07:701][  0]LogConsoleResponse:Display: 
[2017.06.15-16.23.07:814][  0]LogCook:Display: Max memory allowance for cook 8192mb
[2017.06.15-16.23.07:814][  0]LogCook:Display: Mobile HDR setting 1
[2017.06.15-16.23.07:946][  0]LogFileCache: Scanning file cache for directory 'C:/Users/i7230020.STUDENT.000/Documents/GitHub/MastersProject/Ava/Content/' took 0.02s
[2017.06.15-16.23.07:946][  0]LogHoudiniEngineEditor: Starting the Houdini Engine Editor module.
[2017.06.15-16.23.08:011][  0]SourceControl: Info Source control is disabled
[2017.06.15-16.23.11:908][  0]LogWindowsTextInputMethodSystem:Display: IME system now deactivated.
[2017.06.15-16.23.11:912][  0]Cmd: MAP LOAD FILE="../../../../../../Users/i7230020.STUDENT.000/Documents/GitHub/MastersProject/Ava/Content/Ava/Maps/MainMenu.umap" TEMPLATE=0 SHOWPROGRESS=1 FEATURELEVEL=3
[2017.06.15-16.23.11:912][  0]LightingResults: New page: Lighting Build
[2017.06.15-16.23.11:922][  0]MapCheck: New page: Map Check
[2017.06.15-16.23.11:922][  0]LightingResults: New page: Lighting Build
[2017.06.15-16.23.12:036][  0]LogAIModule: Creating AISystem for world MainMenu
[2017.06.15-16.23.12:037][  0]LogEditorServer: Finished looking for orphan Actors (0.000 secs)
[2017.06.15-16.23.12:038][  0]Cmd: MAP CHECKDEP NOCLEARLOG
[2017.06.15-16.23.12:107][  0]MapCheck: Info Map check complete: 0 Error(s), 0 Warning(s), took 69.589ms to complete.
[2017.06.15-16.23.12:108][  0]LogFileHelpers: Loading map 'MainMenu' took 0.196
[2017.06.15-16.23.12:171][  0]LogStats:Warning: MetaData mismatch. Did you assign a stat to two groups? New //STATGROUP_Threads//SplashScreenThread///Thread_114d4_0///####STATCAT_Advanced#### old //STATGROUP_Threads//SplashScreenThread///Thread_11d04_0///####STATCAT_Advanced####
[2017.06.15-16.23.12:171][  0]LogCollectionManager: Loaded 0 collections in 0.001307 seconds
[2017.06.15-16.23.12:218][  0]LogFileCache: Scanning file cache for directory 'C:/Users/i7230020.STUDENT.000/Documents/GitHub/MastersProject/Ava/Saved/Collections/' took 0.01s
[2017.06.15-16.23.12:218][  0]LogFileCache: Scanning file cache for directory 'C:/Users/i7230020.STUDENT.000/Documents/GitHub/MastersProject/Ava/Content/Developers/i7230020/Collections/' took 0.01s
[2017.06.15-16.23.12:218][  0]LogFileCache: Scanning file cache for directory 'C:/Users/i7230020.STUDENT.000/Documents/GitHub/MastersProject/Ava/Content/Collections/' took 0.01s
[2017.06.15-16.23.12:218][  0]LogCollectionManager: Rebuilt the GUID cache for 0 collections in 0.000002 seconds
[2017.06.15-16.23.12:227][  0]LogContentBrowser: Native class hierarchy populated in 0.0088 seconds. Added 2085 classes and 376 folders.
[2017.06.15-16.23.12:234][  0]LogStats: UGameplayTagsManager::ConstructGameplayTagTree: Construct from data asset -  0.000 s
[2017.06.15-16.23.12:234][  0]LogStats: UGameplayTagsManager::ConstructGameplayTagTree: GameplayTagTreeChangedEvent.Broadcast -  0.000 s
[2017.06.15-16.23.12:236][  0]LogContentBrowser: Native class hierarchy updated for 'GameplayTags' in 0.0024 seconds. Added 12 classes and 0 folders.
[2017.06.15-16.23.12:246][  0]LogContentBrowser: Native class hierarchy updated for 'WidgetCarousel' in 0.0024 seconds. Added 0 classes and 0 folders.
[2017.06.15-16.23.12:329][  0]LogContentBrowser: Native class hierarchy updated for 'AddContentDialog' in 0.0023 seconds. Added 0 classes and 0 folders.
[2017.06.15-16.23.12:336][  0]LogContentBrowser: Native class hierarchy updated for 'SceneOutliner' in 0.0023 seconds. Added 1 classes and 2 folders.
[2017.06.15-16.23.12:349][  0]LogCrashTracker: Crashtracker disabled due to settings.
[2017.06.15-16.23.12:352][  0]LogUObjectGlobals:Warning: Failed to find object 'Class None.'
[2017.06.15-16.23.12:382][  0]LogContentBrowser: Native class hierarchy updated for 'HierarchicalLODOutliner' in 0.0023 seconds. Added 1 classes and 2 folders.
[2017.06.15-16.23.12:382][  0]LogLoad: Full Startup: 15.59 seconds (BP compile: 0.02 seconds)
[2017.06.15-16.23.12:382][  0]LogExternalProfiler: Found external profiler: VSPerf
[2017.06.15-16.23.12:382][  0]LogExternalProfiler: Using external profiler: VSPerf
[2017.06.15-16.23.12:394][  0]LogOcInput: OculusInput pre-init called
[2017.06.15-16.23.12:424][  0]LogContentStreaming: Texture pool size now 1000 MB
[2017.06.15-16.23.12:579][  0]LogRenderer: Reallocating scene render targets to support 1776x668 (Frame:2).
[2017.06.15-16.23.12:686][  1]LogFileCache: Retrieving MD5 hashes for directory 'C:/Users/i7230020.STUDENT.000/Documents/GitHub/MastersProject/Ava/Content/' took 0.28s
[2017.06.15-16.23.12:700][  1]LogAssetRegistry: Asset discovery search completed in 9.0066 seconds
[2017.06.15-16.23.12:700][  1]LogCollectionManager: Rebuilt the object cache for 0 collections in 0.000001 seconds (found 0 objects)
[2017.06.15-16.23.12:700][  1]LogCollectionManager: Fixed up redirectors for 0 collections in 0.000088 seconds (updated 0 objects)
[2017.06.15-16.23.16:284][396]LogBlueprintUserMessages: Early PlayInEditor Detection: Level '/Game/Ava/Maps/MainMenu.MainMenu:PersistentLevel' has LevelScriptBlueprint '/Game/Ava/Maps/MainMenu.MainMenu:PersistentLevel.MainMenu' with GeneratedClass '/Game/Ava/Maps/MainMenu.MainMenu_C' with ClassGeneratedBy '/Game/Ava/Maps/MainMenu.MainMenu:PersistentLevel.MainMenu'
[2017.06.15-16.23.16:284][396]LogPlayLevel: PlayLevel: No blueprints needed recompiling
[2017.06.15-16.23.16:285][396]PIE: New page: SIE session: MainMenu (15 Jun 2017 17:23:16)
[2017.06.15-16.23.16:285][396]LogPlayLevel: Creating play world package: /Game/Ava/Maps/UEDPIE_0_MainMenu
[2017.06.15-16.23.16:286][396]LogPlayLevel: PIE: StaticDuplicateObject took: (0.001028s)
[2017.06.15-16.23.16:287][396]LogAIModule: Creating AISystem for world MainMenu
[2017.06.15-16.23.16:287][396]LogPlayLevel: PIE: World Init took: (0.000636s)
[2017.06.15-16.23.16:288][396]LogPlayLevel: PIE: Created PIE world by copying editor world from /Game/Ava/Maps/MainMenu.MainMenu to /Game/Ava/Maps/UEDPIE_0_MainMenu.MainMenu (0.002481s)
[2017.06.15-16.23.16:301][396]LogInit: XAudio2 using 'Speakers (Realtek High Definition Audio)' : 2 channels at 48 kHz using 32 bits per sample (channel mask 0x3)
[2017.06.15-16.23.16:308][396]LogInit: FAudioDevice initialized.
[2017.06.15-16.23.16:369][396]LogWorld: Game class is 'AvaGameMode'
[2017.06.15-16.23.16:371][396]LogWorld: Bringing World /Game/Ava/Maps/UEDPIE_0_MainMenu.MainMenu up for play (max tick rate 0) at 2017.06.15-17.23.16
[2017.06.15-16.23.16:371][396]LogWorld: Bringing up level for play took: 0.001201
[2017.06.15-16.23.16:372][396]LogGameMode: Warning - PATHS NOT DEFINED or NO PLAYERSTART with positive rating
[2017.06.15-16.23.16:379][396]LogContentBrowser: Native class hierarchy updated for 'MovieSceneCapture' in 0.0025 seconds. Added 11 classes and 0 folders.
[2017.06.15-16.23.16:380][396]PIE: Info Play in editor start time for /Game/Ava/Maps/UEDPIE_0_MainMenu -0.372
[2017.06.15-16.23.16:384][396]LogBlueprintUserMessages: Late PlayInEditor Detection: Level '/Game/Ava/Maps/MainMenu.MainMenu:PersistentLevel' has LevelScriptBlueprint '/Game/Ava/Maps/MainMenu.MainMenu:PersistentLevel.MainMenu' with GeneratedClass '/Game/Ava/Maps/MainMenu.MainMenu_C' with ClassGeneratedBy '/Game/Ava/Maps/MainMenu.MainMenu:PersistentLevel.MainMenu'
[2017.06.15-16.23.17:432][479]LogNet: Browse: /Game/Ava/Maps/PalaceLevel
[2017.06.15-16.23.17:432][479]LogLoad: LoadMap: /Game/Ava/Maps/PalaceLevel
[2017.06.15-16.23.17:440][479]Cmd: MEM
[2017.06.15-16.23.17:446][479]LogMemory: Platform Memory Stats for Windows
[2017.06.15-16.23.17:446][479]LogMemory: Process Physical Memory: 852.21 MB used, 861.22 MB peak
[2017.06.15-16.23.17:446][479]LogMemory: Process Virtual Memory: 1363.76 MB used, 1367.51 MB peak
[2017.06.15-16.23.17:446][479]LogMemory: Physical Memory: 17625.84 MB used, 32684.15 MB total
[2017.06.15-16.23.17:446][479]LogMemory: Virtual Memory: 2275.29 MB used, 8388608.00 MB total
[2017.06.15-16.23.17:446][479]LogMemory: 
[2017.06.15-16.23.17:447][479]Allocator Stats for TBB: (not implemented)
[2017.06.15-16.23.17:526][479]LogBlueprint:Warning: Compiler Warning InputAction Event references unknown Action 'Crouch' for  InputAction Crouch 
[2017.06.15-16.23.17:529][479]LogBlueprint:Warning: Compiler Warning [0020.74] Compile of Ue4ASP_Character successful, but with 1 Warning(s) [in 7 ms] (/Game/AnimStarterPack/Ue4ASP_Character.Ue4ASP_Character)
[2017.06.15-16.23.17:529][479]LogBlueprint:Warning: Compiler Warning [0020.74] Compile of Ue4ASP_Character successful, but with 2 Warning(s) [in 0 ms] (/Game/AnimStarterPack/Ue4ASP_Character.Ue4ASP_Character)
[2017.06.15-16.23.17:529][479]LogBlueprint:Warning: Compiler Warning [0020.74] Compile of Ue4ASP_Character successful, but with 3 Warning(s) [in 0 ms] (/Game/AnimStarterPack/Ue4ASP_Character.Ue4ASP_Character)
[2017.06.15-16.23.17:601][479]LogBlueprint:Warning: Compiler Warning InputAction Event references unknown Action 'Crouch' for  InputAction Crouch 
[2017.06.15-16.23.17:603][479]LogBlueprint:Warning: Compiler Warning [0020.81] Compile of Ue4ASP_Character successful, but with 1 Warning(s) [in 7 ms] (/Game/AnimStarterPack/Ue4ASP_Character.Ue4ASP_Character)
[2017.06.15-16.23.17:603][479]LogBlueprint:Warning: Compiler Warning [0020.81] Compile of Ue4ASP_Character successful, but with 2 Warning(s) [in 0 ms] (/Game/AnimStarterPack/Ue4ASP_Character.Ue4ASP_Character)
[2017.06.15-16.23.17:604][479]LogBlueprint:Warning: Compiler Warning [0020.81] Compile of Ue4ASP_Character successful, but with 3 Warning(s) [in 0 ms] (/Game/AnimStarterPack/Ue4ASP_Character.Ue4ASP_Character)
[2017.06.15-16.23.18:606][479]LogAIModule: Creating AISystem for world PalaceLevel
[2017.06.15-16.23.18:606][479]LogWorld: Game class is 'AvaGameMode'
[2017.06.15-16.23.18:686][479]LogWorld: Bringing World /Game/Ava/Maps/UEDPIE_0_PalaceLevel.PalaceLevel up for play (max tick rate 0) at 2017.06.15-17.23.18
[2017.06.15-16.23.18:689][479]LogWorld: Bringing up level for play took: 0.081642
[2017.06.15-16.23.18:691][479]LogLoad: Took 1.259097 seconds to LoadMap(/Game/Ava/Maps/PalaceLevel)
[2017.06.15-16.23.33:037][811]LogBlueprintUserMessages: Early EndPlayMap Detection: Level '/Game/Ava/Maps/MainMenu.MainMenu:PersistentLevel' has LevelScriptBlueprint '/Game/Ava/Maps/MainMenu.MainMenu:PersistentLevel.MainMenu' with GeneratedClass '/Game/Ava/Maps/MainMenu.MainMenu_C' with ClassGeneratedBy '/Game/Ava/Maps/MainMenu.MainMenu:PersistentLevel.MainMenu'
[2017.06.15-16.23.33:082][811]LogBlueprintUserMessages: Late EndPlayMap Detection: Level '/Game/Ava/Maps/MainMenu.MainMenu:PersistentLevel' has LevelScriptBlueprint '/Game/Ava/Maps/MainMenu.MainMenu:PersistentLevel.MainMenu' with GeneratedClass '/Game/Ava/Maps/MainMenu.MainMenu_C' with ClassGeneratedBy '/Game/Ava/Maps/MainMenu.MainMenu:PersistentLevel.MainMenu'
[2017.06.15-16.23.39:202][330]LogBlueprintUserMessages: Early PlayInEditor Detection: Level '/Game/Ava/Maps/MainMenu.MainMenu:PersistentLevel' has LevelScriptBlueprint '/Game/Ava/Maps/MainMenu.MainMenu:PersistentLevel.MainMenu' with GeneratedClass '/Game/Ava/Maps/MainMenu.MainMenu_C' with ClassGeneratedBy '/Game/Ava/Maps/MainMenu.MainMenu:PersistentLevel.MainMenu'
[2017.06.15-16.23.39:203][330]LogPlayLevel: PlayLevel: No blueprints needed recompiling
[2017.06.15-16.23.39:203][330]PIE: New page: SIE session: MainMenu (15 Jun 2017 17:23:39)
[2017.06.15-16.23.39:203][330]LogPlayLevel: Creating play world package: /Game/Ava/Maps/UEDPIE_0_MainMenu
[2017.06.15-16.23.39:204][330]LogPlayLevel: PIE: StaticDuplicateObject took: (0.000954s)
[2017.06.15-16.23.39:205][330]LogAIModule: Creating AISystem for world MainMenu
[2017.06.15-16.23.39:205][330]LogPlayLevel: PIE: World Init took: (0.000738s)
[2017.06.15-16.23.39:205][330]LogPlayLevel: PIE: Created PIE world by copying editor world from /Game/Ava/Maps/MainMenu.MainMenu to /Game/Ava/Maps/UEDPIE_0_MainMenu.MainMenu (0.002141s)
[2017.06.15-16.23.39:216][330]LogInit: XAudio2 using 'Speakers (Realtek High Definition Audio)' : 2 channels at 48 kHz using 32 bits per sample (channel mask 0x3)
[2017.06.15-16.23.39:224][330]LogInit: FAudioDevice initialized.
[2017.06.15-16.23.39:276][330]LogWorld: Game class is 'AvaGameMode'
[2017.06.15-16.23.39:278][330]LogWorld: Bringing World /Game/Ava/Maps/UEDPIE_0_MainMenu.MainMenu up for play (max tick rate 0) at 2017.06.15-17.23.39
[2017.06.15-16.23.39:278][330]LogWorld: Bringing up level for play took: 0.001322
[2017.06.15-16.23.39:280][330]LogGameMode: Warning - PATHS NOT DEFINED or NO PLAYERSTART with positive rating
[2017.06.15-16.23.39:281][330]PIE: Info Play in editor start time for /Game/Ava/Maps/UEDPIE_0_MainMenu 0.53
[2017.06.15-16.23.39:284][330]LogBlueprintUserMessages: Late PlayInEditor Detection: Level '/Game/Ava/Maps/MainMenu.MainMenu:PersistentLevel' has LevelScriptBlueprint '/Game/Ava/Maps/MainMenu.MainMenu:PersistentLevel.MainMenu' with GeneratedClass '/Game/Ava/Maps/MainMenu.MainMenu_C' with ClassGeneratedBy '/Game/Ava/Maps/MainMenu.MainMenu:PersistentLevel.MainMenu'
[2017.06.15-16.23.41:050][481]LogNet: Browse: /Game/Ava/Maps/PalaceLevel
[2017.06.15-16.23.41:051][481]LogLoad: LoadMap: /Game/Ava/Maps/PalaceLevel
[2017.06.15-16.23.41:059][481]Cmd: MEM
[2017.06.15-16.23.41:066][481]LogMemory: Platform Memory Stats for Windows
[2017.06.15-16.23.41:066][481]LogMemory: Process Physical Memory: 1113.55 MB used, 1196.46 MB peak
[2017.06.15-16.23.41:066][481]LogMemory: Process Virtual Memory: 1765.71 MB used, 1856.75 MB peak
[2017.06.15-16.23.41:066][481]LogMemory: Physical Memory: 17884.29 MB used, 32684.15 MB total
[2017.06.15-16.23.41:066][481]LogMemory: Virtual Memory: 2681.80 MB used, 8388608.00 MB total
[2017.06.15-16.23.41:066][481]LogMemory: 
[2017.06.15-16.23.41:066][481]Allocator Stats for TBB: (not implemented)
[2017.06.15-16.23.41:459][481]LogAIModule: Creating AISystem for world PalaceLevel
[2017.06.15-16.23.41:460][481]LogWorld: Game class is 'AvaGameMode'
[2017.06.15-16.23.41:541][481]LogWorld: Bringing World /Game/Ava/Maps/UEDPIE_0_PalaceLevel.PalaceLevel up for play (max tick rate 0) at 2017.06.15-17.23.41
[2017.06.15-16.23.41:544][481]LogWorld: Bringing up level for play took: 0.082755
[2017.06.15-16.23.41:545][481]LogLoad: Took 0.494723 seconds to LoadMap(/Game/Ava/Maps/PalaceLevel)
[2017.06.15-16.24.03:139][906]LogBlueprintUserMessages: Early EndPlayMap Detection: Level '/Game/Ava/Maps/MainMenu.MainMenu:PersistentLevel' has LevelScriptBlueprint '/Game/Ava/Maps/MainMenu.MainMenu:PersistentLevel.MainMenu' with GeneratedClass '/Game/Ava/Maps/MainMenu.MainMenu_C' with ClassGeneratedBy '/Game/Ava/Maps/MainMenu.MainMenu:PersistentLevel.MainMenu'
[2017.06.15-16.24.03:178][906]LogBlueprintUserMessages: Late EndPlayMap Detection: Level '/Game/Ava/Maps/MainMenu.MainMenu:PersistentLevel' has LevelScriptBlueprint '/Game/Ava/Maps/MainMenu.MainMenu:PersistentLevel.MainMenu' with GeneratedClass '/Game/Ava/Maps/MainMenu.MainMenu_C' with ClassGeneratedBy '/Game/Ava/Maps/MainMenu.MainMenu:PersistentLevel.MainMenu'
[2017.06.15-16.24.17:564][163]Recompiling Ava...
[2017.06.15-16.24.17:565][163]Launching UnrealBuildTool... [C:/Program Files/Epic Games/4.12/Engine/Binaries/DotNET/UnrealBuildTool.exe Ava -ModuleWithSuffix Ava 7213 Win64 Development -editorrecompile -canskiplink "C:/Users/i7230020.STUDENT.000/Documents/GitHub/MastersProject/Ava/Ava.uproject"  -2015]
[2017.06.15-16.24.17:568][163]Warning: Starting HotReload took  0.1s.
[2017.06.15-16.24.35:469][266]CompilerResultsLog: New page: Compilation - 15 Jun 2017 17:24:35
[2017.06.15-16.24.35:470][266]CompilerResultsLog: Info Creating makefile for hot reloading Ava (working set of source files changed)
[2017.06.15-16.24.35:470][266]CompilerResultsLog: Info Compiling game modules for hot reload
[2017.06.15-16.24.35:470][266]CompilerResultsLog: Info Parsing headers for AvaEditor
[2017.06.15-16.24.35:470][266]CompilerResultsLog: Info   Running UnrealHeaderTool "C:\Users\i7230020.STUDENT.000\Documents\GitHub\MastersProject\Ava\Ava.uproject" "C:\Users\i7230020.STUDENT.000\Documents\GitHub\MastersProject\Ava\Intermediate\Build\Win64\AvaEditor\Development\AvaEditor.uhtmanifest" -LogCmds="loginit warning, logexit warning, logdatabase error" -Unattended -WarningsAsErrors -installed
[2017.06.15-16.24.35:470][266]CompilerResultsLog: Info Reflection code generated for AvaEditor in 5.675872 seconds
[2017.06.15-16.24.35:470][266]CompilerResultsLog: Info Performing 2 actions (9 in parallel)
[2017.06.15-16.24.35:470][266]CompilerResultsLog: Info MainCharacter.cpp
[2017.06.15-16.24.35:470][266]CompilerResultsLog:Error: Error C:\Users\i7230020.STUDENT.000\Documents\GitHub\MastersProject\Ava\Source\Ava\MainCharacter.cpp(35) : warning C4996: 'USceneComponent::AttachTo': This function is deprecated, please use AttachToComponent instead. Please update your code to the new API before upgrading to the next release, otherwise your project will no longer compile.
[2017.06.15-16.24.35:471][266]CompilerResultsLog:Error: Error C:\Program Files\Epic Games\4.12\Engine\Source\Runtime\Engine\Classes\Components/SceneComponent.h(607) : note: see declaration of 'USceneComponent::AttachTo'
[2017.06.15-16.24.35:471][266]CompilerResultsLog:Error: Error C:\Users\i7230020.STUDENT.000\Documents\GitHub\MastersProject\Ava\Source\Ava\MainCharacter.cpp(42) : warning C4996: 'USceneComponent::AttachTo': This function is deprecated, please use AttachToComponent instead. Please update your code to the new API before upgrading to the next release, otherwise your project will no longer compile.
[2017.06.15-16.24.35:471][266]CompilerResultsLog:Error: Error C:\Program Files\Epic Games\4.12\Engine\Source\Runtime\Engine\Classes\Components/SceneComponent.h(607) : note: see declaration of 'USceneComponent::AttachTo'
[2017.06.15-16.24.35:471][266]CompilerResultsLog:Error: Error C:\Users\i7230020.STUDENT.000\Documents\GitHub\MastersProject\Ava\Source\Ava\MainCharacter.cpp(48) : warning C4996: 'USceneComponent::AttachTo': This function is deprecated, please use AttachToComponent instead. Please update your code to the new API before upgrading to the next release, otherwise your project will no longer compile.
[2017.06.15-16.24.35:471][266]CompilerResultsLog:Error: Error C:\Program Files\Epic Games\4.12\Engine\Source\Runtime\Engine\Classes\Components/SceneComponent.h(607) : note: see declaration of 'USceneComponent::AttachTo'
[2017.06.15-16.24.35:471][266]CompilerResultsLog: Info [2/2] Link UE4Editor-Ava-7213.dll
[2017.06.15-16.24.35:471][266]CompilerResultsLog: Info    Creating library C:\Users\i7230020.STUDENT.000\Documents\GitHub\MastersProject\Ava\Intermediate\Build\Win64\UE4Editor\Development\UE4Editor-Ava-7213.lib and object C:\Users\i7230020.STUDENT.000\Documents\GitHub\MastersProject\Ava\Intermediate\Build\Win64\UE4Editor\Development\UE4Editor-Ava-7213.exp
[2017.06.15-16.24.35:471][266]CompilerResultsLog: Info Total build time: 17.69 seconds
[2017.06.15-16.24.35:471][266]LogMainFrame: MainFrame: Module compiling took 17.912 seconds
[2017.06.15-16.24.35:538][266]LogClass: ItemDataVariables HotReload.
[2017.06.15-16.24.35:538][266]LogClass: Item HotReload.
[2017.06.15-16.24.35:541][266]LogHotReload: Re-instancing MainCharacter after hot-reload.
[2017.06.15-16.24.35:577][266]LogHotReload: Re-instancing StatueObject after hot-reload.
[2017.06.15-16.24.35:611][266]LogContentBrowser: Native