Log file open, 06/21/17 10:04:28
LogInit:Display: Running engine for game: Ava
LogPlatformFile: Not using cached read wrapper
LogInit:Display: RandInit(-2097913141) SRandInit(-2097913139).
LogTaskGraph: Started task graph with 4 named threads and 9 total threads with 1 sets of task threads.
LogStats: Stats thread started at 0.103521
LogInit: Version: 4.12.5-3039270+++UE4+Release-4.12
LogInit: API Version: 2992821
LogInit: Net Version: 3039270
LogDevObjectVersion: Number of dev versions registered: 13
LogDevObjectVersion:   Dev-Blueprints (B0D832E4-1F89-4F0D-ACCF-7EB736FD4AA2): 3
LogDevObjectVersion:   Dev-Build (E1C64328-A22C-4D53-A36C-8E866417BD8C): 0
LogDevObjectVersion:   Dev-Core (375EC13C-06E4-48FB-B500-84F0262A717E): 1
LogDevObjectVersion:   Dev-Editor (E4B068ED-F494-42E9-A231-DA0B2E46BB41): 2
LogDevObjectVersion:   Dev-Framework (CFFC743F-43B0-4480-9391-14DF171D2073): 6
LogDevObjectVersion:   Dev-Mobile (B02B49B5-BB20-44E9-A304-32B752E40360): 0
LogDevObjectVersion:   Dev-Networking (A4E4105C-59A1-49B5-A7C5-40C4547EDFEE): 0
LogDevObjectVersion:   Dev-Online (39C831C9-5AE6-47DC-9A44-9C173E1C8E7C): 0
LogDevObjectVersion:   Dev-Physics (78F01B33-EBEA-4F98-B9B4-84EACCB95AA2): 0
LogDevObjectVersion:   Dev-Platform (6631380F-2D4D-43E0-8009-CF276956A95A): 0
LogDevObjectVersion:   Dev-Rendering (12F88B9F-8875-4AFC-A67C-D90C383ABD29): 2
LogDevObjectVersion:   Dev-Sequencer (7B5AE74C-D270-4C10-A958-57980B212A5A): 0
LogDevObjectVersion:   Dev-VR (D7296918-1DD6-4BDD-9DE2-64A83CC13884): 0
LogInit: Compiled (64-bit): Jul  6 2016 09:09:46
LogInit: Compiled with Visual C++: 19.00.23026.00
LogInit: Build Configuration: Development
LogInit: Branch Name: ++UE4+Release-4.12
LogInit: Command line:  
LogInit: Base directory: C:/Program Files/Epic Games/4.12/Engine/Binaries/Win64/
LogInit: Installed Engine Build: 1
LogInit: Using libcurl 7.41.0
LogInit:  - built for x86_64-pc-win32
LogInit:  - supports SSL with WinSSL
LogInit:  - other features:
LogInit:      CURL_VERSION_SSL
LogInit:      CURL_VERSION_IPV6
LogInit:      CURL_VERSION_ASYNCHDNS
LogInit:      CURL_VERSION_LARGEFILE
LogInit:      CURL_VERSION_IDN
LogInit:  CurlRequestOptions (configurable via config and command line):
LogInit:  - bVerifyPeer = true  - Libcurl will verify peer certificate
LogInit:  - bUseHttpProxy = false  - Libcurl will NOT use HTTP proxy
LogInit:  - bDontReuseConnections = false  - Libcurl will reuse connections
LogInit:  - CertBundlePath = nullptr  - Libcurl will use whatever was configured at build time.
LogInit: Presizing for max 8388607 objects, including 0 objects not considered by GC, pre-allocating 0 bytes for permanent pool.
LogInit: Object subsystem initialized
[2017.06.21-09.04.28:387][  0]LogInit: Selected Device Profile: [Windows]
[2017.06.21-09.04.28:387][  0]LogInit: Applying CVar settings loaded from the selected device profile: [Windows]
[2017.06.21-09.04.28:397][  0]LogInit: Computer: PC42640
[2017.06.21-09.04.28:397][  0]LogInit: User: i7230020
[2017.06.21-09.04.28:397][  0]LogInit: CPU Page size=65536, Cores=6
[2017.06.21-09.04.28:397][  0]LogInit: High frequency timer resolution =3.410136 MHz
[2017.06.21-09.04.28:398][  0]LogMemory: Memory total: Physical=31.9GB (32GB approx)
[2017.06.21-09.04.28:398][  0]LogMemory: Platform Memory Stats for Windows
[2017.06.21-09.04.28:398][  0]LogMemory: Process Physical Memory: 195.10 MB used, 195.10 MB peak
[2017.06.21-09.04.28:398][  0]LogMemory: Process Virtual Memory: 198.88 MB used, 198.88 MB peak
[2017.06.21-09.04.28:398][  0]LogMemory: Physical Memory: 11657.63 MB used, 32684.15 MB total
[2017.06.21-09.04.28:398][  0]LogMemory: Virtual Memory: 538.89 MB used, 8388608.00 MB total
[2017.06.21-09.04.28:457][  0]LogTextLocalizationManager: No specific translations for ('en-GB') exist, so ('en') translations will be used.
[2017.06.21-09.04.28:920][  0]LogD3D11RHI: D3D11 adapters:
[2017.06.21-09.04.28:939][  0]LogD3D11RHI:    0. 'NVIDIA Quadro M4000' (Feature Level 11_0)
[2017.06.21-09.04.28:939][  0]LogD3D11RHI:       8092/0/16086 MB DedicatedVideo/DedicatedSystem/SharedSystem, Outputs:1, VendorId:0x10de
[2017.06.21-09.04.28:939][  0]LogD3D11RHI: Chosen D3D11 Adapter: 0
[2017.06.21-09.04.28:945][  0]LogD3D11RHI: Creating new Direct3DDevice
[2017.06.21-09.04.28:945][  0]LogD3D11RHI:     GPU DeviceId: 0x13f1 (for the marketing name, search the web for "GPU Device Id")
[2017.06.21-09.04.28:945][  0]LogWindows: EnumDisplayDevices:
[2017.06.21-09.04.28:945][  0]LogWindows:    0. 'NVIDIA Quadro M4000' (P:1 D:1)
[2017.06.21-09.04.28:946][  0]LogWindows:    1. 'NVIDIA Quadro M4000' (P:0 D:0)
[2017.06.21-09.04.28:946][  0]LogWindows:    2. 'NVIDIA Quadro M4000' (P:0 D:0)
[2017.06.21-09.04.28:947][  0]LogWindows:    3. 'NVIDIA Quadro M4000' (P:0 D:0)
[2017.06.21-09.04.28:948][  0]LogWindows:    4. 'RDPDD Chained DD' (P:0 D:0)
[2017.06.21-09.04.28:948][  0]LogWindows:    5. 'RDP Encoder Mirror Driver' (P:0 D:0)
[2017.06.21-09.04.28:948][  0]LogWindows:    6. 'RDP Reflector Display Driver' (P:0 D:0)
[2017.06.21-09.04.28:948][  0]LogWindows: DebugString: GetVideoDriverDetailsInvalid PrimaryIsNotTheChoosenAdapter GetVideoDriverDetailsInvalid PrimaryIsNotTheChoosenAdapter GetVideoDriverDetailsInvalid PrimaryIsNotTheChoosenAdapter FoundDriverCount:4 
[2017.06.21-09.04.28:948][  0]LogD3D11RHI:     Adapter Name: NVIDIA Quadro M4000
[2017.06.21-09.04.28:948][  0]LogD3D11RHI:   Driver Version: 362.13 (internal:10.18.13.6213, unified:362.13)
[2017.06.21-09.04.28:948][  0]LogD3D11RHI:      Driver Date: 3-18-2016
[2017.06.21-09.04.28:948][  0]LogRHI: Texture pool is 1361 MB (70% of 1945 MB)
[2017.06.21-09.04.28:957][  0]LogD3D11RHI: Async texture creation enabled
[2017.06.21-09.04.28:971][  0]LogD3D11RHI: GPU Timing Frequency: 1000.000000 (Debug: 2 2)
[2017.06.21-09.04.28:971][  0]LogShaderCompilers: Guid format shader working directory is -28 characters bigger than the processId version (../../../../../../Users/i7230020.STUDENT.000/Documents/GitHub/MastersProject/Ava/Intermediate/Shaders/WorkingDirectory/13680/).
[2017.06.21-09.04.28:971][  0]LogShaderCompilers: Cleaned the shader compiler working directory 'C:/Users/I72300~1.000/AppData/Local/Temp/UnrealShaderWorkingDir/5CFC7F524A1E7E3D33E8FBABD6B00F21/'.
[2017.06.21-09.04.28:971][  0]LogShaderCompilers:Display: Using Local Shader Compiler.
[2017.06.21-09.04.30:075][  0]LogTemp:Display: Loaded TP AllDesktopTargetPlatform
[2017.06.21-09.04.30:084][  0]LogTemp:Display: Loaded TP WindowsClientTargetPlatform
[2017.06.21-09.04.30:093][  0]LogTemp:Display: Loaded TP WindowsNoEditorTargetPlatform
[2017.06.21-09.04.30:102][  0]LogTemp:Display: Loaded TP WindowsServerTargetPlatform
[2017.06.21-09.04.30:111][  0]LogTemp:Display: Loaded TP WindowsTargetPlatform
[2017.06.21-09.04.30:119][  0]LogTemp:Display: Loaded TP AndroidTargetPlatform
[2017.06.21-09.04.30:127][  0]LogTemp:Display: Loaded TP Android_ASTCTargetPlatform
[2017.06.21-09.04.30:135][  0]LogTemp:Display: Loaded TP Android_ATCTargetPlatform
[2017.06.21-09.04.30:143][  0]LogTemp:Display: Loaded TP Android_DXTTargetPlatform
[2017.06.21-09.04.30:157][  0]LogTemp:Display: Loaded TP Android_ETC1TargetPlatform
[2017.06.21-09.04.30:165][  0]LogTemp:Display: Loaded TP Android_ETC2TargetPlatform
[2017.06.21-09.04.30:181][  0]LogTemp:Display: Loaded TP Android_MultiTargetPlatform
[2017.06.21-09.04.30:181][  0]LogTemp:Display: Loaded TP Android_PVRTCTargetPlatform
[2017.06.21-09.04.30:182][  0]LogTemp:Display: Loaded TP HTML5TargetPlatform
[2017.06.21-09.04.30:217][  0]LogTemp:Display: Loaded TP IOSTargetPlatform
[2017.06.21-09.04.30:236][  0]LogTemp:Display: Loaded TP TVOSTargetPlatform
[2017.06.21-09.04.30:255][  0]LogTemp:Display: Loaded TP LinuxNoEditorTargetPlatform
[2017.06.21-09.04.30:264][  0]LogTemp:Display: Loaded TP LinuxServerTargetPlatform
[2017.06.21-09.04.30:274][  0]LogTemp:Display: Loaded TP LinuxTargetPlatform
[2017.06.21-09.04.30:274][  0]LogTargetPlatformManager:Display: Building Assets For Windows
[2017.06.21-09.04.30:361][  0]LogDerivedDataCache:Display: Max Cache Size: 512 MB
[2017.06.21-09.04.30:409][  0]LogDerivedDataCache: Loaded boot cache 0.05s 49MB C:/Users/i7230020.STUDENT.000/AppData/Local/UnrealEngine/4.12/DerivedDataCache/Boot.ddc.
[2017.06.21-09.04.30:409][  0]LogDerivedDataCache:Display: Loaded Boot cache: C:/Users/i7230020.STUDENT.000/AppData/Local/UnrealEngine/4.12/DerivedDataCache/Boot.ddc
[2017.06.21-09.04.30:409][  0]LogDerivedDataCache: FDerivedDataBackendGraph:  Pak pak cache file ../../../../../../Users/i7230020.STUDENT.000/Documents/GitHub/MastersProject/Ava/DerivedDataCache/DDC.ddp not found, will not use a pak cache.
[2017.06.21-09.04.30:409][  0]LogDerivedDataCache: Unable to find inner node Pak for hierarchical cache Hierarchy.
[2017.06.21-09.04.30:409][  0]LogDerivedDataCache: FDerivedDataBackendGraph:  CompressedPak pak cache file ../../../../../../Users/i7230020.STUDENT.000/Documents/GitHub/MastersProject/Ava/DerivedDataCache/Compressed.ddp not found, will not use a pak cache.
[2017.06.21-09.04.30:409][  0]LogDerivedDataCache: Unable to find inner node CompressedPak for hierarchical cache Hierarchy.
[2017.06.21-09.04.30:424][  0]LogDerivedDataCache:Display: Pak cache opened for reading ../../../Engine/DerivedDataCache/Compressed.ddp.
[2017.06.21-09.04.30:436][  0]LogDerivedDataCache: Using Local data cache path C:/Users/i7230020.STUDENT.000/AppData/Local/UnrealEngine/Common/DerivedDataCache: Writable
[2017.06.21-09.04.30:633][  0]LogInit: Selected Device Profile: [Windows]
[2017.06.21-09.04.30:633][  0]LogContentStreaming: Texture pool size is 0.00 MB
[2017.06.21-09.04.30:790][  0]LogMeshUtilities: No automatic mesh reduction module available
[2017.06.21-09.04.30:790][  0]LogMeshUtilities: No automatic mesh merging module available
[2017.06.21-09.04.30:790][  0]LogMeshUtilities: No distributed automatic mesh merging module available
[2017.06.21-09.04.31:036][  0]LogAssetRegistry: FAssetRegistry took 0.0200 seconds to start up
[2017.06.21-09.04.31:120][  0]LogPackageLocalizationCache: Processed 4 localized package path(s) for 2 prioritized culture(s) in 0.080552 seconds
[2017.06.21-09.04.31:123][  0]LogUObjectArray: 28739 objects as part of root set at end of initial load.
[2017.06.21-09.04.31:123][  0]LogUObjectAllocator: 5855632 out of 0 bytes used by permanent object pool.
[2017.06.21-09.04.31:123][  0]LogUObjectArray: CloseDisregardForGC: 0/0 objects in disregard for GC pool
[2017.06.21-09.04.31:129][  0]LogInit: WinSock: version 1.1 (2.2), MaxSocks=32767, MaxUdp=65467
[2017.06.21-09.04.31:344][  0]LogSlate: SlateFontCache - WITH_FREETYPE: 1, WITH_HARFBUZZ: 1
[2017.06.21-09.04.31:344][  0]LogSlate: SlateFontCache - WITH_FREETYPE: 1, WITH_HARFBUZZ: 1
[2017.06.21-09.04.32:512][  0]LogUdpMessaging: Initializing bridge on interface 0.0.0.0:0 to multicast group 230.0.0.1:6666.
[2017.06.21-09.04.32:813][  0]SourceControl: Info Source control is disabled
[2017.06.21-09.04.32:816][  0]SourceControl: Info Source control is disabled
[2017.06.21-09.04.32:828][  0]SourceControl: Info Source control is disabled
[2017.06.21-09.04.32:840][  0]SourceControl: Info Source control is disabled
[2017.06.21-09.04.33:008][  0]LogHoudiniEngine: Starting the Houdini Engine module.
[2017.06.21-09.04.33:009][  0]LogHoudiniEngine: Loaded libHAPIL.dll from Registry path C:\Program Files\Side Effects Software\Houdini 15.5.632/bin
[2017.06.21-09.04.33:010][  0]LogLinker:Warning: Asset '../../../Engine/Plugins/Runtime/HoudiniEngine/Content/houdini_logo.uasset' has been saved with empty engine version. The asset will be loaded but may be incompatible.
[2017.06.21-09.04.33:011][  0]LogLinker:Warning: Asset '../../../Engine/Plugins/Runtime/HoudiniEngine/Content/houdini_default_material.uasset' has been saved with empty engine version. The asset will be loaded but may be incompatible.
[2017.06.21-09.04.33:015][  0]LogLinker:Warning: Asset '../../../Engine/Plugins/Runtime/HoudiniEngine/Content/houdini_bgeo_import.uasset' has been saved with empty engine version. The asset will be loaded but may be incompatible.
[2017.06.21-09.04.34:322][  0]LogHoudiniEngine: Successfully initialized the Houdini Engine API module.
[2017.06.21-09.04.34:492][  0]LogEngine: Initializing Engine...
[2017.06.21-09.04.34:494][  0]LogHMD: SteamVR failed to initialize.  Err: 110
[2017.06.21-09.04.34:495][  0]LogHMD: SteamVR failed to initialize.  Err: 110
[2017.06.21-09.04.34:657][  0]LogAIModule: Creating AISystem for world NewWorld
[2017.06.21-09.04.34:665][  0]LogInit: XAudio2 using 'Speakers (Realtek High Definition Audio)' : 2 channels at 48 kHz using 32 bits per sample (channel mask 0x3)
[2017.06.21-09.04.34:686][  0]LogInit: FAudioDevice initialized.
[2017.06.21-09.04.34:712][  0]LogDerivedDataCache: Saved boot cache 0.03s 49MB C:/Users/i7230020.STUDENT.000/AppData/Local/UnrealEngine/4.12/DerivedDataCache/Boot.ddc.
[2017.06.21-09.04.34:718][  0]LogInit: Texture streaming: Enabled
[2017.06.21-09.04.34:741][  0]LogInit: Transaction tracking system initialized
[2017.06.21-09.04.34:766][  0]BlueprintLog: New page: Editor Load
[2017.06.21-09.04.34:845][  0]LocalizationService: Info Localization service is disabled
[2017.06.21-09.04.34:926][  0]LogConsoleResponse:Display: 
[2017.06.21-09.04.35:042][  0]LogCook:Display: Max memory allowance for cook 8192mb
[2017.06.21-09.04.35:042][  0]LogCook:Display: Mobile HDR setting 1
[2017.06.21-09.04.35:132][  0]LogFileCache: Scanning file cache for directory 'C:/Users/i7230020.STUDENT.000/Documents/GitHub/MastersProject/Ava/Content/' took 0.02s
[2017.06.21-09.04.35:132][  0]LogHoudiniEngineEditor: Starting the Houdini Engine Editor module.
[2017.06.21-09.04.35:175][  0]SourceControl: Info Source control is disabled
[2017.06.21-09.04.35:175][  0]Cmd: MAP LOAD FILE="../../../../../../Users/i7230020.STUDENT.000/Documents/GitHub/MastersProject/Ava/Content/Ava/Maps/MainMenu.umap" TEMPLATE=0 SHOWPROGRESS=1 FEATURELEVEL=3
[2017.06.21-09.04.35:175][  0]LightingResults: New page: Lighting Build
[2017.06.21-09.04.35:178][  0]MapCheck: New page: Map Check
[2017.06.21-09.04.35:178][  0]LightingResults: New page: Lighting Build
[2017.06.21-09.04.35:285][  0]LogAIModule: Creating AISystem for world MainMenu
[2017.06.21-09.04.35:285][  0]LogEditorServer: Finished looking for orphan Actors (0.000 secs)
[2017.06.21-09.04.35:286][  0]Cmd: MAP CHECKDEP NOCLEARLOG
[2017.06.21-09.04.35:349][  0]MapCheck: Info Map check complete: 0 Error(s), 0 Warning(s), took 63.168ms to complete.
[2017.06.21-09.04.35:349][  0]LogFileHelpers: Loading map 'MainMenu' took 0.174
[2017.06.21-09.04.35:479][  0]LogCollectionManager: Loaded 0 collections in 0.001603 seconds
[2017.06.21-09.04.35:521][  0]LogFileCache: Scanning file cache for directory 'C:/Users/i7230020.STUDENT.000/Documents/GitHub/MastersProject/Ava/Saved/Collections/' took 0.01s
[2017.06.21-09.04.35:521][  0]LogFileCache: Scanning file cache for directory 'C:/Users/i7230020.STUDENT.000/Documents/GitHub/MastersProject/Ava/Content/Developers/i7230020/Collections/' took 0.01s
[2017.06.21-09.04.35:521][  0]LogFileCache: Scanning file cache for directory 'C:/Users/i7230020.STUDENT.000/Documents/GitHub/MastersProject/Ava/Content/Collections/' took 0.01s
[2017.06.21-09.04.35:521][  0]LogCollectionManager: Rebuilt the GUID cache for 0 collections in 0.000002 seconds
[2017.06.21-09.04.35:530][  0]LogContentBrowser: Native class hierarchy populated in 0.0091 seconds. Added 2088 classes and 376 folders.
[2017.06.21-09.04.35:534][  0]LogStats: UGameplayTagsManager::ConstructGameplayTagTree: Construct from data asset -  0.000 s
[2017.06.21-09.04.35:534][  0]LogStats: UGameplayTagsManager::ConstructGameplayTagTree: GameplayTagTreeChangedEvent.Broadcast -  0.000 s
[2017.06.21-09.04.35:536][  0]LogContentBrowser: Native class hierarchy updated for 'GameplayTags' in 0.0024 seconds. Added 12 classes and 0 folders.
[2017.06.21-09.04.35:542][  0]LogContentBrowser: Native class hierarchy updated for 'WidgetCarousel' in 0.0023 seconds. Added 0 classes and 0 folders.
[2017.06.21-09.04.35:627][  0]LogContentBrowser: Native class hierarchy updated for 'AddContentDialog' in 0.0025 seconds. Added 0 classes and 0 folders.
[2017.06.21-09.04.35:632][  0]LogContentBrowser: Native class hierarchy updated for 'SceneOutliner' in 0.0023 seconds. Added 1 classes and 2 folders.
[2017.06.21-09.04.35:644][  0]LogCrashTracker: Crashtracker disabled due to settings.
[2017.06.21-09.04.35:697][  0]LogContentBrowser: Native class hierarchy updated for 'HierarchicalLODOutliner' in 0.0047 seconds. Added 1 classes and 2 folders.
[2017.06.21-09.04.35:697][  0]LogLoad: Full Startup: 9.92 seconds (BP compile: 0.02 seconds)
[2017.06.21-09.04.35:697][  0]LogExternalProfiler: Found external profiler: VSPerf
[2017.06.21-09.04.35:697][  0]LogExternalProfiler: Using external profiler: VSPerf
[2017.06.21-09.04.35:707][  0]LogOcInput: OculusInput pre-init called
[2017.06.21-09.04.35:731][  0]LogContentStreaming: Texture pool size now 1000 MB
[2017.06.21-09.04.35:928][  0]LogRenderer: Reallocating scene render targets to support 1616x600 (Frame:2).
[2017.06.21-09.04.35:987][  1]LogAssetRegistry: Asset discovery search completed in 4.9719 seconds
[2017.06.21-09.04.35:987][  1]LogCollectionManager: Rebuilt the object cache for 0 collections in 0.000001 seconds (found 0 objects)
[2017.06.21-09.04.35:987][  1]LogCollectionManager: Fixed up redirectors for 0 collections in 0.000019 seconds (updated 0 objects)
[2017.06.21-09.04.48:693][ 31]Running C:/Program Files/Epic Games/4.12/Engine/Binaries/DotNET/UnrealBuildTool.exe Ava Win64 Development -editorrecompile "C:/Users/i7230020.STUDENT.000/Documents/GitHub/MastersProject/Ava/Ava.uproject" -invalidatemakefilesonly
[2017.06.21-09.04.49:097][ 31]Invalidating makefiles only in this run.
[2017.06.21-09.04.49:317][ 31]Recompiling Ava...
[2017.06.21-09.04.49:317][ 31]Launching UnrealBuildTool... [C:/Program Files/Epic Games/4.12/Engine/Binaries/DotNET/UnrealBuildTool.exe Ava -ModuleWithSuffix Ava 1265 Win64 Development -editorrecompile -canskiplink "C:/Users/i7230020.STUDENT.000/Documents/GitHub/MastersProject/Ava/Ava.uproject"  -2015]
[2017.06.21-09.05.08:561][ 31]CompilerResultsLog: New page: Compilation - 21 Jun 2017 10:05:08
[2017.06.21-09.05.08:561][ 31]CompilerResultsLog: Info Creating makefile for hot reloading Ava (no existing makefile)
[2017.06.21-09.05.08:561][ 31]CompilerResultsLog: Info Compiling game modules for hot reload
[2017.06.21-09.05.08:561][ 31]CompilerResultsLog: Info Parsing headers for AvaEditor
[2017.06.21-09.05.08:561][ 31]CompilerResultsLog: Info   Running UnrealHeaderTool "C:\Users\i7230020.STUDENT.000\Documents\GitHub\MastersProject\Ava\Ava.uproject" "C:\Users\i7230020.STUDENT.000\Documents\GitHub\MastersProject\Ava\Intermediate\Build\Win64\AvaEditor\Development\AvaEditor.uhtmanifest" -LogCmds="loginit warning, logexit warning, logdatabase error" -Unattended -WarningsAsErrors -installed
[2017.06.21-09.05.08:561][ 31]CompilerResultsLog: Info Reflection code generated for AvaEditor in 5.1790588 seconds
[2017.06.21-09.05.08:561][ 31]CompilerResultsLog: Info Performing 3 actions (9 in parallel)
[2017.06.21-09.05.08:561][ 31]CompilerResultsLog: Info Ava.generated.cpp
[2017.06.21-09.05.08:561][ 31]CompilerResultsLog: Info PickUpItem.cpp
[2017.06.21-09.05.08:561][ 31]CompilerResultsLog: Info [3/3] Link UE4Editor-Ava-1265.dll
[2017.06.21-09.05.08:561][ 31]CompilerResultsLog: Info    Creating library C:\Users\i7230020.STUDENT.000\Documents\GitHub\MastersProject\Ava\Intermediate\Build\Win64\UE4Editor\Development\UE4Editor-Ava-1265.lib and object C:\Users\i7230020.STUDENT.000\Documents\GitHub\MastersProject\Ava\Intermediate\Build\Win64\UE4Editor\Development\UE4Editor-Ava-1265.exp
[2017.06.21-09.05.08:561][ 31]CompilerResultsLog: Info Total build time: 19.07 seconds
[2017.06.21-09.05.08:561][ 31]LogMainFrame: MainFrame: Module compiling took 19.249 seconds
[2017.06.21-09.05.08:617][ 31]LogClass: Could not find existing class PickUpItem in package /Script/Ava for HotReload, assuming new class
[2017.06.21-09.05.08:618][ 31]LogClass: ItemDataVariables HotReload.
[2017.06.21-09.05.08:618][ 31]LogClass: Item HotReload.
[2017.06.21-09.05.08:619][ 31]LogHotReload: Re-instancing Antelope after hot-reload.
[2017.06.21-09.05.08:650][ 31]LogHotReload: Re-instancing MainCharacter after hot-reload.
[2017.06.21-09.05.08:687][ 31]LogHotReload: Re-instancing StatueObject after hot-reload.
[2017.06.21-09.05.08:721][ 31]LogContentBrowser: Native class hierarchy updated for 'Ava' in 0.0026 seconds. Added 11 classes and 2 folders.
[2017.06.21-09.05.08:722][ 31]Warning: HotReload successful (3 functions remapped  0 scriptstructs remapped)
[2017.06.21-09.05.08:814][ 31]LogContentBrowser: Native class hierarchy populated in 0.0133 seconds. Added 2091 classes and 380 folders.
[2017.06.21-09.05.08:814][ 31]Warning: HotReload took 19.5s.
[2017.06.21-09.05.08:815][ 31]Warning: HotReload operation took 19.5s.
[2017.06.21-09.05.08:932][ 31]LogVSAccessor:Warning: Couldn't goto line number '0' in 'C:/Users/i7230020.STUDENT.000/Documents/GitHub/MastersProject/Ava/Source/Ava/PickUpItem.h'
[2017.06.21-09.05.09:031][ 31]LogVSAccessor:Warning: Couldn't goto line number '0' in 'C:/Users/i7230020.STUDENT.000/Documents/GitHub/MastersProject/Ava/Source/Ava/PickUpItem.cpp'
[2017.06.21-09.05.09:048][ 31]LogHotReload: New module detected: UE4Editor-Ava-1265.dll
[2017.06.21-09.05.09:093][ 32]LogHotReload: Starting Hot-Reload from IDE
[2017.06.21-09.05.09:124][ 32]LogContentBrowser: Native class hierarchy updated for 'Ava' in 0.0027 seconds. Added 11 classes and 2 folders.
[2017.06.21-09.05.09:125][ 32]Warning: HotReload successful (0 functions remapped  0 scriptstructs remapped)
[2017.06.21-09.05.09:137][ 32]LogContentBrowser: Native class hierarchy populated in 0.0106 seconds. Added 2091 classes and 380 folders.
[2017.06.21-09.05.09:140][ 32]Warning: HotReload took  0.0s.
[2017.06.21-09.15.22:914][ 22]Cmd: QUIT_EDITOR
[2017.06.21-09.15.22:994][ 22]LogExit: Preparing to exit.
[2017.06.21-09.15.23:601][ 22]LogHoudiniEngine: HAPI Synchronous Deletion of  Started. HoudiniAsset = 0x0, 
[2017.06.21-09.15.23:605][ 22]LogExit: Editor shut down
[2017.06.21-09.15.23:605][ 22]LogExit: Transaction tracking system shut down
[2017.06.21-09.15.23:713][ 22]LogObj: Freed 0b from 0 cluster array pools.
[2017.06.21-09.15.23:714][ 22]LogExit: Object subsystem successfully closed.
[2017.06.21-09.15.23:729][ 22]LogD3D11RHI: Shutdown
[2017.06.21-09.15.23:729][ 22]LogD3D11RHI: CleanupD3DDevice
[2017.06.21-09.15.23:767][ 22]LogD3D11RHI: ~FD3D11DynamicRHI
[2017.06.21-09.15.23:787][ 22]LogModuleManager: Shutting down and abandoning module HierarchicalLODOutliner (216)
[2017.06.21-09.15.23:787][ 22]LogModuleManager: Shutting down and abandoning module CrashTracker (215)
[2017.06.21-09.15.23:787][ 22]LogModuleManager: Shutting down and abandoning module SceneOutliner (214)
[2017.06.21-09.15.23:787][ 22]LogModuleManager: Shutting down and abandoning module WidgetCarousel (213)
[2017.06.21-09.15.23:787][ 22]LogModuleManager: Shutting down and abandoning module AddContentDialog (212)
[2017.06.21-09.15.23:789][ 22]LogModuleManager: Shutting down and abandoning module GameplayTags (211)
[2017.06.21-09.15.23:789][ 22]LogModuleManager: Shutting down and abandoning module EditorWidgets (210)
[2017.06.21-09.15.23:789][ 22]LogModuleManager: Shutting down and abandoning module CollectionManager (209)
[2017.06.21-09.15.23:789][ 22]LogModuleManager: Shutting down and abandoning module StatsViewer (208)
[2017.06.21-09.15.23:789][ 22]LogModuleManager: Shutting down and abandoning module FoliageEdit (207)
[2017.06.21-09.15.23:789][ 22]LogModuleManager: Shutting down and abandoning module LandscapeEditor (206)
[2017.06.21-09.15.23:789][ 22]LogModuleManager: Shutting down and abandoning module SceneDepthPickerMode (205)
[2017.06.21-09.15.23:789][ 22]LogModuleManager: Shutting down and abandoning module ActorPickerMode (204)
[2017.06.21-09.15.23:789][ 22]LogModuleManager: Shutting down and abandoning module GeometryMode (203)
[2017.06.21-09.15.23:789][ 22]LogModuleManager: Shutting down and abandoning module TextureAlignMode (202)
[2017.06.21-09.15.23:789][ 22]LogModuleManager: Shutting down and abandoning module BspMode (201)
[2017.06.21-09.15.23:789][ 22]LogModuleManager: Shutting down and abandoning module HardwareSurvey (200)
[2017.06.21-09.15.23:789][ 22]LogModuleManager: Shutting down and abandoning module SequenceRecorderSections (199)
[2017.06.21-09.15.23:789][ 22]LogModuleManager: Shutting down and abandoning module SequenceRecorder (198)
[2017.06.21-09.15.23:789][ 22]LogModuleManager: Shutting down and abandoning module AutomationWorker (197)
[2017.06.21-09.15.23:789][ 22]LogModuleManager: Shutting down and abandoning module HoudiniEngineEditor (196)
[2017.06.21-09.15.23:789][ 22]LogHoudiniEngineEditor: Shutting down the Houdini Engine Editor module.
[2017.06.21-09.15.23:789][ 22]LogModuleManager: Shutting down and abandoning module MatineeToLevelSequence (195)
[2017.06.21-09.15.23:789][ 22]LogModuleManager: Shutting down and abandoning module PlacementMode (194)
[2017.06.21-09.15.23:789][ 22]LogModuleManager: Shutting down and abandoning module LevelSequenceEditor (193)
[2017.06.21-09.15.23:789][ 22]LogModuleManager: Shutting down and abandoning module CharacterAI (192)
[2017.06.21-09.15.23:789][ 22]LogModuleManager: Shutting down and abandoning module SmartSnapping (191)
[2017.06.21-09.15.23:789][ 22]LogModuleManager: Shutting down and abandoning module SessionServices (190)
[2017.06.21-09.15.23:789][ 22]LogModuleManager: Shutting down and abandoning module ViewportSnapping (189)
[2017.06.21-09.15.23:789][ 22]LogModuleManager: Shutting down and abandoning module LogVisualizer (188)
[2017.06.21-09.15.23:790][ 22]LogModuleManager: Shutting down and abandoning module GameProjectGeneration (187)
[2017.06.21-09.15.23:790][ 22]LogModuleManager: Shutting down and abandoning module IntroTutorials (186)
[2017.06.21-09.15.23:790][ 22]LogModuleManager: Shutting down and abandoning module EditorLiveStreaming (185)
[2017.06.21-09.15.23:790][ 22]LogModuleManager: Shutting down and abandoning module IOSPlatformEditor (184)
[2017.06.21-09.15.23:790][ 22]LogModuleManager: Shutting down and abandoning module HTML5PlatformEditor (183)
[2017.06.21-09.15.23:790][ 22]LogModuleManager: Shutting down and abandoning module AndroidDeviceDetection (182)
[2017.06.21-09.15.23:887][ 22]LogModuleManager: Shutting down and abandoning module AndroidPlatformEditor (181)
[2017.06.21-09.15.23:887][ 22]LogModuleManager: Shutting down and abandoning module IOSRuntimeSettings (180)
[2017.06.21-09.15.23:887][ 22]LogModuleManager: Shutting down and abandoning module AndroidRuntimeSettings (179)
[2017.06.21-09.15.23:887][ 22]LogModuleManager: Shutting down and abandoning module MergeActors (178)
[2017.06.21-09.15.23:887][ 22]LogModuleManager: Shutting down and abandoning module SizeMap (177)
[2017.06.21-09.15.23:887][ 22]LogModuleManager: Shutting down and abandoning module TreeMap (176)
[2017.06.21-09.15.23:887][ 22]LogModuleManager: Shutting down and abandoning module ReferenceViewer (175)
[2017.06.21-09.15.23:887][ 22]LogModuleManager: Shutting down and abandoning module LocalizationService (174)
[2017.06.21-09.15.23:887][ 22]LogModuleManager: Shutting down and abandoning module LocalizationDashboard (173)
[2017.06.21-09.15.23:887][ 22]LogModuleManager: Shutting down and abandoning module HardwareTargeting (172)
[2017.06.21-09.15.23:887][ 22]LogModuleManager: Shutting down and abandoning module DeviceProfileEditor (171)
[2017.06.21-09.15.23:887][ 22]LogModuleManager: Shutting down and abandoning module UndoHistory (170)
[2017.06.21-09.15.23:887][ 22]LogModuleManager: Shutting down and abandoning module UserFeedback (169)
[2017.06.21-09.15.23:887][ 22]LogModuleManager: Shutting down and abandoning module XmlParser (168)
[2017.06.21-09.15.23:887][ 22]LogModuleManager: Shutting down and abandoning module Blutility (167)
[2017.06.21-09.15.23:887][ 22]LogModuleManager: Shutting down and abandoning module ProjectTargetPlatformEditor (166)
[2017.06.21-09.15.23:887][ 22]LogModuleManager: Shutting down and abandoning module ProjectSettingsViewer (165)
[2017.06.21-09.15.23:887][ 22]LogModuleManager: Shutting down and abandoning module InputBindingEditor (164)
[2017.06.21-09.15.23:888][ 22]LogModuleManager: Shutting down and abandoning module EditorSettingsViewer (163)
[2017.06.21-09.15.23:888][ 22]LogModuleManager: Shutting down and abandoning module SettingsEditor (162)
[2017.06.21-09.15.23:888][ 22]LogModuleManager: Shutting down and abandoning module ProjectLauncher (161)
[2017.06.21-09.15.23:888][ 22]LogModuleManager: Shutting down and abandoning module SessionFrontend (160)
[2017.06.21-09.15.23:888][ 22]LogModuleManager: Shutting down and abandoning module ProfilerClient (159)
[2017.06.21-09.15.23:888][ 22]LogModuleManager: Shutting down and abandoning module TargetDeviceServices (158)
[2017.06.21-09.15.23:888][ 22]LogModuleManager: Shutting down and abandoning module DeviceManager (157)
[2017.06.21-09.15.23:938][ 22]LogModuleManager: Shutting down and abandoning module AutomationController (156)
[2017.06.21-09.15.23:938][ 22]LogModuleManager: Shutting down and abandoning module AutomationWindow (155)
[2017.06.21-09.15.23:938][ 22]LogModuleManager: Shutting down and abandoning module Layers (154)
[2017.06.21-09.15.23:938][ 22]LogModuleManager: Shutting down and abandoning module ComponentVisualizers (153)
[2017.06.21-09.15.23:938][ 22]LogModuleManager: Shutting down and abandoning module DetailCustomizations (152)
[2017.06.21-09.15.23:938][ 22]LogModuleManager: Shutting down and abandoning module PackagesDialog (151)
[2017.06.21-09.15.23:938][ 22]LogModuleManager: Shutting down and abandoning module Persona (150)
[2017.06.21-09.15.23:938][ 22]LogModuleManager: Shutting down and abandoning module Kismet (149)
[2017.06.21-09.15.23:938][ 22]LogModuleManager: Shutting down and abandoning module GraphEditor (148)
[2017.06.21-09.15.23:938][ 22]LogModuleManager: Shutting down and abandoning module ClassViewer (147)
[2017.06.21-09.15.23:941][ 22]LogModuleManager: Shutting down and abandoning module Toolbox (146)
[2017.06.21-09.15.23:941][ 22]LogModuleManager: Shutting down and abandoning module ModuleUI (145)
[2017.06.21-09.15.23:941][ 22]LogModuleManager: Shutting down and abandoning module MovieSceneTools (144)
[2017.06.21-09.15.23:941][ 22]LogModuleManager: Shutting down and abandoning module OutputLog (143)
[2017.06.21-09.15.23:941][ 22]LogModuleManager: Shutting down and abandoning module GammaUI (142)
[2017.06.21-09.15.23:941][ 22]LogModuleManager: Shutting down and abandoning module Documentation (141)
[2017.06.21-09.15.23:941][ 22]LogModuleManager: Shutting down and abandoning module StreamingPauseRendering (140)
[2017.06.21-09.15.23:941][ 22]LogModuleManager: Shutting down and abandoning module AnalyticsET (139)
[2017.06.21-09.15.23:941][ 22]LogModuleManager: Shutting down and abandoning module Analytics (138)
[2017.06.21-09.15.23:941][ 22]LogModuleManager: Shutting down and abandoning module PortalServices (137)
[2017.06.21-09.15.23:941][ 22]LogModuleManager: Shutting down and abandoning module PortalRpc (136)
[2017.06.21-09.15.23:941][ 22]LogModuleManager: Shutting down and abandoning module MessagingRpc (135)
[2017.06.21-09.15.23:941][ 22]LogModuleManager: Shutting down and abandoning module GameplayDebugger (134)
[2017.06.21-09.15.23:941][ 22]LogModuleManager: Shutting down and abandoning module AITestSuite (133)
[2017.06.21-09.15.23:941][ 22]LogModuleManager: Shutting down and abandoning module AIModule (132)
[2017.06.21-09.15.23:941][ 22]LogModuleManager: Shutting down and abandoning module ProfilerService (131)
[2017.06.21-09.15.23:964][ 22]LogModuleManager: Shutting down and abandoning module TaskGraph (130)
[2017.06.21-09.15.23:965][ 22]LogModuleManager: Shutting down and abandoning module SlateRemote (129)
[2017.06.21-09.15.23:965][ 22]LogModuleManager: Shutting down and abandoning module SteamVRController (128)
[2017.06.21-09.15.23:965][ 22]LogModuleManager: Shutting down and abandoning module SteamVR (127)
[2017.06.21-09.15.23:965][ 22]LogModuleManager: Shutting down and abandoning module ProceduralMeshComponent (126)
[2017.06.21-09.15.23:965][ 22]LogModuleManager: Shutting down and abandoning module OculusLibrary (125)
[2017.06.21-09.15.23:965][ 22]LogModuleManager: Shutting down and abandoning module OculusInput (124)
[2017.06.21-09.15.23:965][ 22]LogModuleManager: Shutting down and abandoning module HoudiniEngineRuntime (123)
[2017.06.21-09.15.23:965][ 22]LogHoudiniEngine: Shutting down the Houdini Engine module.
[2017.06.21-09.15.23:965][ 22]LogUObjectArray:Warning: Invalid object index -572662307
[2017.06.21-09.15.23:965][ 22]LogUObjectArray:Warning: Invalid object index -572662307
[2017.06.21-09.15.23:965][ 22]LogUObjectArray:Warning: Invalid object index -572662307
[2017.06.21-09.15.23:965][ 22]LogUObjectArray:Warning: Invalid object index -572662307
[2017.06.21-09.15.23:968][ 22]LogModuleManager: Shutting down and abandoning module CustomMeshComponent (122)
[2017.06.21-09.15.23:968][ 22]LogModuleManager: Shutting down and abandoning module CableComponent (121)
[2017.06.21-09.15.23:968][ 22]LogModuleManager: Shutting down and abandoning module ArchVisCharacter (120)
[2017.06.21-09.15.23:968][ 22]LogModuleManager: Shutting down and abandoning module MediaPlayerEditor (119)
[2017.06.21-09.15.23:968][ 22]LogModuleManager: Shutting down and abandoning module HTML5Networking (118)
[2017.06.21-09.15.23:968][ 22]LogModuleManager: Shutting down and abandoning module SuperSearch (117)
[2017.06.21-09.15.23:968][ 22]LogModuleManager: Shutting down and abandoning module SuperSearchEditor (116)
[2017.06.21-09.15.23:968][ 22]LogModuleManager: Shutting down and abandoning module SpeedTreeImporter (115)
[2017.06.21-09.15.23:968][ 22]LogModuleManager: Shutting down and abandoning module PluginBrowser (114)
[2017.06.21-09.15.23:969][ 22]LogModuleManager: Shutting down and abandoning module EpicSurvey (113)
[2017.06.21-09.15.23:969][ 22]LogModuleManager: Shutting down and abandoning module DesktopPlatform (112)
[2017.06.21-09.15.23:969][ 22]LogModuleManager: Shutting down and abandoning module VisualStudioSourceCodeAccess (111)
[2017.06.21-09.15.23:969][ 22]LogModuleManager: Shutting down and abandoning module UObjectPlugin (110)
[2017.06.21-09.15.23:969][ 22]LogModuleManager: Shutting down and abandoning module SubversionSourceControl (109)
[2017.06.21-09.15.23:969][ 22]LogModuleManager: Shutting down and abandoning module PerforceSourceControl (108)
[2017.06.21-09.15.23:969][ 22]LogModuleManager: Shutting down and abandoning module SourceControl (107)
[2017.06.21-09.15.23:969][ 22]LogModuleManager: Shutting down and abandoning module GitSourceControl (106)
[2017.06.21-09.15.23:969][ 22]LogModuleManager: Shutting down and abandoning module LightPropagationVolumeEditor (105)
[2017.06.21-09.15.23:969][ 22]LogModuleManager: Shutting down and abandoning module PaperTiledImporter (104)
[2017.06.21-09.15.23:969][ 22]LogModuleManager: Shutting down and abandoning module PaperSpriteSheetImporter (103)
[2017.06.21-09.15.23:969][ 22]LogModuleManager: Shutting down and abandoning module MeshPaint (102)
[2017.06.21-09.15.23:969][ 22]LogModuleManager: Shutting down and abandoning module PixelInspectorModule (101)
[2017.06.21-09.15.23:969][ 22]LogModuleManager: Shutting down and abandoning module HotReload (100)
[2017.06.21-09.15.23:971][ 22]LogModuleManager: Shutting down and abandoning module MainFrame (99)
[2017.06.21-09.15.23:971][ 22]LogModuleManager: Shutting down and abandoning module LevelEditor (98)
[2017.06.21-09.15.23:972][ 22]LogModuleManager: Shutting down and abandoning module ContentBrowser (97)
[2017.06.21-09.15.23:973][ 22]LogModuleManager: Shutting down and abandoning module Paper2DEditor (96)
[2017.06.21-09.15.23:973][ 22]LogModuleManager: Shutting down and abandoning module Ava (95)
[2017.06.21-09.15.23:973][ 22]LogModuleManager: Shutting down and abandoning module UdpMessaging (94)
[2017.06.21-09.15.24:073][ 22]LogModuleManager: Shutting down and abandoning module LightPropagationVolumeRuntime (93)
[2017.06.21-09.15.24:073][ 22]LogModuleManager: Shutting down and abandoning module Paper2D (92)
[2017.06.21-09.15.24:073][ 22]LogModuleManager: Shutting down and abandoning module WindowsMoviePlayer (91)
[2017.06.21-09.15.24:073][ 22]LogModuleManager: Shutting down and abandoning module Media (90)
[2017.06.21-09.15.24:073][ 22]LogModuleManager: Shutting down and abandoning module WmfMedia (89)
[2017.06.21-09.15.24:074][ 22]LogModuleManager: Shutting down and abandoning module MediaAssets (88)
[2017.06.21-09.15.24:074][ 22]LogModuleManager: Shutting down and abandoning module GameLiveStreaming (87)
[2017.06.21-09.15.24:074][ 22]LogModuleManager: Shutting down and abandoning module GameplayTagsEditor (86)
[2017.06.21-09.15.24:074][ 22]LogModuleManager: Shutting down and abandoning module OnlineBlueprintSupport (85)
[2017.06.21-09.15.24:074][ 22]LogModuleManager: Shutting down and abandoning module VREditor (84)
[2017.06.21-09.15.24:074][ 22]LogModuleManager: Shutting down and abandoning module GameplayTasksEditor (83)
[2017.06.21-09.15.24:074][ 22]LogModuleManager: Shutting down and abandoning module PropertyEditor (82)
[2017.06.21-09.15.24:074][ 22]LogModuleManager: Shutting down and abandoning module BehaviorTreeEditor (81)
[2017.06.21-09.15.24:074][ 22]LogModuleManager: Shutting down and abandoning module FunctionalTesting (80)
[2017.06.21-09.15.24:074][ 22]LogModuleManager: Shutting down and abandoning module CollisionAnalyzer (79)
[2017.06.21-09.15.24:074][ 22]LogModuleManager: Shutting down and abandoning module Sequencer (78)
[2017.06.21-09.15.24:074][ 22]LogModuleManager: Shutting down and abandoning module WorkspaceMenuStructure (77)
[2017.06.21-09.15.24:074][ 22]LogModuleManager: Shutting down and abandoning module MessageLog (76)
[2017.06.21-09.15.24:074][ 22]LogModuleManager: Shutting down and abandoning module AssetTools (75)
[2017.06.21-09.15.24:074][ 22]LogModuleManager: Shutting down and abandoning module UMGEditor (74)
[2017.06.21-09.15.24:075][ 22]LogModuleManager: Shutting down and abandoning module UMG (73)
[2017.06.21-09.15.24:075][ 22]LogModuleManager: Shutting down and abandoning module SlateReflector (72)
[2017.06.21-09.15.24:075][ 22]LogModuleManager: Shutting down and abandoning module Slate (71)
[2017.06.21-09.15.24:075][ 22]LogModuleManager: Shutting down and abandoning module EditorStyle (70)
[2017.06.21-09.15.24:081][ 22]LogModuleManager: Shutting down and abandoning module SourceCodeAccess (69)
[2017.06.21-09.15.24:081][ 22]LogModuleManager: Shutting down and abandoning module HeadMountedDisplay (68)
[2017.06.21-09.15.24:081][ 22]LogModuleManager: Shutting down and abandoning module XAudio2 (67)
[2017.06.21-09.15.24:081][ 22]LogModuleManager: Shutting down and abandoning module Networking (65)
[2017.06.21-09.15.24:081][ 22]LogModuleManager: Shutting down and abandoning module Core (64)
[2017.06.21-09.15.24:081][ 22]LogModuleManager: Shutting down and abandoning module DirectoryWatcher (63)
[2017.06.21-09.15.24:083][ 22]LogModuleManager: Shutting down and abandoning module AssetRegistry (62)
[2017.06.21-09.15.24:198][ 22]LogModuleManager: Shutting down and abandoning module KismetCompiler (61)
[2017.06.21-09.15.24:198][ 22]LogModuleManager: Shutting down and abandoning module PhysXFormats (60)
[2017.06.21-09.15.24:198][ 22]LogModuleManager: Shutting down and abandoning module MeshUtilities (59)
[2017.06.21-09.15.24:198][ 22]LogModuleManager: Shutting down and abandoning module DerivedDataCache (58)
[2017.06.21-09.15.24:230][ 22]LogDerivedDataCache: Shutdown
[2017.06.21-09.15.24:230][ 22]LogModuleManager: Shutting down and abandoning module VulkanShaderFormat (57)
[2017.06.21-09.15.24:230][ 22]LogModuleManager: Shutting down and abandoning module ShaderFormatOpenGL (56)
[2017.06.21-09.15.24:230][ 22]LogModuleManager: Shutting down and abandoning module ShaderFormatD3D (55)
[2017.06.21-09.15.24:230][ 22]LogModuleManager: Shutting down and abandoning module MetalShaderFormat (54)
[2017.06.21-09.15.24:230][ 22]LogModuleManager: Shutting down and abandoning module TextureFormatUncompressed (53)
[2017.06.21-09.15.24:230][ 22]LogModuleManager: Shutting down and abandoning module TextureFormatPVR (52)
[2017.06.21-09.15.24:230][ 22]LogModuleManager: Shutting down and abandoning module TextureFormatIntelISPCTexComp (51)
[2017.06.21-09.15.24:230][ 22]LogModuleManager: Shutting down and abandoning module TextureFormatDXT (50)
[2017.06.21-09.15.24:230][ 22]LogModuleManager: Shutting down and abandoning module ImageWrapper (49)
[2017.06.21-09.15.24:230][ 22]LogModuleManager: Shutting down and abandoning module TextureFormatASTC (48)
[2017.06.21-09.15.24:231][ 22]LogModuleManager: Shutting down and abandoning module TextureFormatAndroid (47)
[2017.06.21-09.15.24:231][ 22]LogModuleManager: Shutting down and abandoning module AudioFormatOpus (46)
[2017.06.21-09.15.24:231][ 22]LogModuleManager: Shutting down and abandoning module AudioFormatOgg (45)
[2017.06.21-09.15.24:231][ 22]LogModuleManager: Shutting down and abandoning module AudioFormatADPCM (44)
[2017.06.21-09.15.24:231][ 22]LogModuleManager: Shutting down and abandoning module LinuxTargetPlatform (43)
[2017.06.21-09.15.24:231][ 22]LogModuleManager: Shutting down and abandoning module LinuxServerTargetPlatform (42)
[2017.06.21-09.15.24:231][ 22]LogModuleManager: Shutting down and abandoning module LinuxNoEditorTargetPlatform (41)
[2017.06.21-09.15.24:231][ 22]LogModuleManager: Shutting down and abandoning module TVOSTargetPlatform (40)
[2017.06.21-09.15.24:231][ 22]LogModuleManager: Shutting down and abandoning module Messaging (39)
[2017.06.21-09.15.24:231][ 22]LogModuleManager: Shutting down and abandoning module IOSTargetPlatform (38)
[2017.06.21-09.15.24:231][ 22]LogModuleManager: Shutting down and abandoning module HTML5TargetPlatform (37)
[2017.06.21-09.15.24:231][ 22]LogModuleManager: Shutting down and abandoning module Android_PVRTCTargetPlatform (36)
[2017.06.21-09.15.24:231][ 22]LogModuleManager: Shutting down and abandoning module Android_MultiTargetPlatform (35)
[2017.06.21-09.15.24:231][ 22]LogModuleManager: Shutting down and abandoning module Android_ETC2TargetPlatform (34)
[2017.06.21-09.15.24:231][ 22]LogModuleManager: Shutting down and abandoning module Android_ETC1TargetPlatform (33)
[2017.06.21-09.15.24:231][ 22]LogModuleManager: Shutting down and abandoning module Android_DXTTargetPlatform (32)
[2017.06.21-09.15.24:231][ 22]LogModuleManager: Shutting down and abandoning module Android_ATCTargetPlatform (31)
[2017.06.21-09.15.24:231][ 22]LogModuleManager: Shutting down and abandoning module Android_ASTCTargetPlatform (30)
[2017.06.21-09.15.24:231][ 22]LogModuleManager: Shutting down and abandoning module AndroidTargetPlatform (29)
[2017.06.21-09.15.24:231][ 22]LogModuleManager: Shutting down and abandoning module WindowsTargetPlatform (28)
[2017.06.21-09.15.24:231][ 22]LogModuleManager: Shutting down and abandoning module WindowsServerTargetPlatform (27)
[2017.06.21-09.15.24:231][ 22]LogModuleManager: Shutting down and abandoning module WindowsNoEditorTargetPlatform (26)
[2017.06.21-09.15.24:231][ 22]LogModuleManager: Shutting down and abandoning module WindowsClientTargetPlatform (25)
[2017.06.21-09.15.24:231][ 22]LogModuleManager: Shutting down and abandoning module AllDesktopTargetPlatform (24)
[2017.06.21-09.15.24:231][ 22]LogModuleManager: Shutting down and abandoning module TargetPlatform (23)
[2017.06.21-09.15.24:231][ 22]LogModuleManager: Shutting down and abandoning module InputCore (22)
[2017.06.21-09.15.24:231][ 22]LogModuleManager: Shutting down and abandoning module Settings (21)
[2017.06.21-09.15.24:231][ 22]LogModuleManager: Shutting down and abandoning module OnlineSubsystem (19)
[2017.06.21-09.15.24:231][ 22]LogModuleManager: Shutting down and abandoning module HTTP (18)
[2017.06.21-09.15.28:249][ 22]LogModuleManager: Shutting down and abandoning module XMPP (17)
[2017.06.21-09.15.28:249][ 22]LogModuleManager: Shutting down and abandoning module OculusRift (16)
[2017.06.21-09.15.28:250][ 22]LogModuleManager: Shutting down and abandoning module ExampleDeviceProfileSelector (15)
[2017.06.21-09.15.28:250][ 22]LogModuleManager: Shutting down and abandoning module TextureCompressor (14)
[2017.06.21-09.15.28:250][ 22]LogModuleManager: Shutting down and abandoning module ShaderCore (13)
[2017.06.21-09.15.28:250][ 22]LogModuleManager: Shutting down and abandoning module Landscape (12)
[2017.06.21-09.15.28:250][ 22]LogModuleManager: Shutting down and abandoning module SlateRHIRenderer (11)
[2017.06.21-09.15.28:252][ 22]LogModuleManager: Shutting down and abandoning module OpenGLDrv (10)
[2017.06.21-09.15.28:252][ 22]LogModuleManager: Shutting down and abandoning module D3D11RHI (9)
[2017.06.21-09.15.28:252][ 22]LogModuleManager: Shutting down and abandoning module AnimGraphRuntime (8)
[2017.06.21-09.15.28:252][ 22]LogModuleManager: Shutting down and abandoning module Renderer (7)
[2017.06.21-09.15.28:252][ 22]LogModuleManager: Shutting down and abandoning module Engine (6)
[2017.06.21-09.15.28:252][ 22]LogModuleManager: Shutting down and abandoning module CoreUObject (5)
[2017.06.21-09.15.28:252][ 22]LogModuleManager: Shutting down and abandoning module NetworkFile (4)
[2017.06.21-09.15.28:252][ 22]LogModuleManager: Shutting down and abandoning module StreamingFile (3)
[2017.06.21-09.15.28:252][ 22]LogModuleManager: Shutting down and abandoning module SandboxFile (2)
[2017.06.21-09.15.28:252][ 22]LogModuleManager: Shutting down and abandoning module PakFile (1)
[2017.06.21-09.15.28:257][ 22]LogExit: Exiting.
[2017.06.21-09.15.28:261][ 22]Log file closed, 06/21/17 10:15:28
