Log file open, 07/14/17 16:23:30
LogInit:Display: Running engine for game: Ava
LogPlatformFile: Not using cached read wrapper
LogInit:Display: RandInit(1606353328) SRandInit(1606353329).
LogTaskGraph: Started task graph with 4 named threads and 9 total threads with 1 sets of task threads.
LogStats: Stats thread started at 0.199697
LogInit: Version: 4.12.5-3039270+++UE4+Release-4.12
LogInit: API Version: 2992821
LogInit: Net Version: 3039270
LogDevObjectVersion: Number of dev versions registered: 13
LogDevObjectVersion:   Dev-Blueprints (B0D832E4-1F89-4F0D-ACCF-7EB736FD4AA2): 3
LogDevObjectVersion:   Dev-Build (E1C64328-A22C-4D53-A36C-8E866417BD8C): 0
LogDevObjectVersion:   Dev-Core (375EC13C-06E4-48FB-B500-84F0262A717E): 1
LogDevObjectVersion:   Dev-Editor (E4B068ED-F494-42E9-A231-DA0B2E46BB41): 2
LogDevObjectVersion:   Dev-Framework (CFFC743F-43B0-4480-9391-14DF171D2073): 6
LogDevObjectVersion:   Dev-Mobile (B02B49B5-BB20-44E9-A304-32B752E40360): 0
LogDevObjectVersion:   Dev-Networking (A4E4105C-59A1-49B5-A7C5-40C4547EDFEE): 0
LogDevObjectVersion:   Dev-Online (39C831C9-5AE6-47DC-9A44-9C173E1C8E7C): 0
LogDevObjectVersion:   Dev-Physics (78F01B33-EBEA-4F98-B9B4-84EACCB95AA2): 0
LogDevObjectVersion:   Dev-Platform (6631380F-2D4D-43E0-8009-CF276956A95A): 0
LogDevObjectVersion:   Dev-Rendering (12F88B9F-8875-4AFC-A67C-D90C383ABD29): 2
LogDevObjectVersion:   Dev-Sequencer (7B5AE74C-D270-4C10-A958-57980B212A5A): 0
LogDevObjectVersion:   Dev-VR (D7296918-1DD6-4BDD-9DE2-64A83CC13884): 0
LogInit: Compiled (64-bit): Jul  6 2016 09:09:46
LogInit: Compiled with Visual C++: 19.00.23026.00
LogInit: Build Configuration: Development
LogInit: Branch Name: ++UE4+Release-4.12
LogInit: Command line: 
LogInit: Base directory: C:/Program Files/Epic Games/4.12/Engine/Binaries/Win64/
LogInit: Installed Engine Build: 1
LogInit: Using libcurl 7.41.0
LogInit:  - built for x86_64-pc-win32
LogInit:  - supports SSL with WinSSL
LogInit:  - other features:
LogInit:      CURL_VERSION_SSL
LogInit:      CURL_VERSION_IPV6
LogInit:      CURL_VERSION_ASYNCHDNS
LogInit:      CURL_VERSION_LARGEFILE
LogInit:      CURL_VERSION_IDN
LogInit:  CurlRequestOptions (configurable via config and command line):
LogInit:  - bVerifyPeer = true  - Libcurl will verify peer certificate
LogInit:  - bUseHttpProxy = false  - Libcurl will NOT use HTTP proxy
LogInit:  - bDontReuseConnections = false  - Libcurl will reuse connections
LogInit:  - CertBundlePath = nullptr  - Libcurl will use whatever was configured at build time.
LogInit: Presizing for max 8388607 objects, including 0 objects not considered by GC, pre-allocating 0 bytes for permanent pool.
LogInit: Object subsystem initialized
[2017.07.14-15.23.30:448][  0]LogInit: Selected Device Profile: [Windows]
[2017.07.14-15.23.30:448][  0]LogInit: Applying CVar settings loaded from the selected device profile: [Windows]
[2017.07.14-15.23.30:458][  0]LogInit: Computer: PC42640
[2017.07.14-15.23.30:458][  0]LogInit: User: i7230020
[2017.07.14-15.23.30:458][  0]LogInit: CPU Page size=65536, Cores=6
[2017.07.14-15.23.30:458][  0]LogInit: High frequency timer resolution =3.410097 MHz
[2017.07.14-15.23.30:458][  0]LogMemory: Memory total: Physical=31.9GB (32GB approx)
[2017.07.14-15.23.30:458][  0]LogMemory: Platform Memory Stats for Windows
[2017.07.14-15.23.30:458][  0]LogMemory: Process Physical Memory: 197.31 MB used, 197.31 MB peak
[2017.07.14-15.23.30:458][  0]LogMemory: Process Virtual Memory: 199.09 MB used, 199.09 MB peak
[2017.07.14-15.23.30:458][  0]LogMemory: Physical Memory: 12022.35 MB used, 32684.15 MB total
[2017.07.14-15.23.30:459][  0]LogMemory: Virtual Memory: 539.58 MB used, 8388608.00 MB total
[2017.07.14-15.23.30:554][  0]LogTextLocalizationManager: No specific translations for ('en-GB') exist, so ('en') translations will be used.
[2017.07.14-15.23.31:003][  0]LogD3D11RHI: D3D11 adapters:
[2017.07.14-15.23.31:041][  0]LogD3D11RHI:    0. 'NVIDIA Quadro M4000' (Feature Level 11_0)
[2017.07.14-15.23.31:041][  0]LogD3D11RHI:       8092/0/16086 MB DedicatedVideo/DedicatedSystem/SharedSystem, Outputs:1, VendorId:0x10de
[2017.07.14-15.23.31:041][  0]LogD3D11RHI: Chosen D3D11 Adapter: 0
[2017.07.14-15.23.31:051][  0]LogD3D11RHI: Creating new Direct3DDevice
[2017.07.14-15.23.31:051][  0]LogD3D11RHI:     GPU DeviceId: 0x13f1 (for the marketing name, search the web for "GPU Device Id")
[2017.07.14-15.23.31:051][  0]LogWindows: EnumDisplayDevices:
[2017.07.14-15.23.31:053][  0]LogWindows:    0. 'NVIDIA Quadro M4000' (P:1 D:1)
[2017.07.14-15.23.31:054][  0]LogWindows:    1. 'NVIDIA Quadro M4000' (P:0 D:0)
[2017.07.14-15.23.31:055][  0]LogWindows:    2. 'NVIDIA Quadro M4000' (P:0 D:0)
[2017.07.14-15.23.31:056][  0]LogWindows:    3. 'NVIDIA Quadro M4000' (P:0 D:0)
[2017.07.14-15.23.31:056][  0]LogWindows:    4. 'RDPDD Chained DD' (P:0 D:0)
[2017.07.14-15.23.31:057][  0]LogWindows:    5. 'RDP Encoder Mirror Driver' (P:0 D:0)
[2017.07.14-15.23.31:058][  0]LogWindows:    6. 'RDP Reflector Display Driver' (P:0 D:0)
[2017.07.14-15.23.31:058][  0]LogWindows: DebugString: GetVideoDriverDetailsInvalid PrimaryIsNotTheChoosenAdapter GetVideoDriverDetailsInvalid PrimaryIsNotTheChoosenAdapter GetVideoDriverDetailsInvalid PrimaryIsNotTheChoosenAdapter FoundDriverCount:4 
[2017.07.14-15.23.31:058][  0]LogD3D11RHI:     Adapter Name: NVIDIA Quadro M4000
[2017.07.14-15.23.31:058][  0]LogD3D11RHI:   Driver Version: 362.13 (internal:10.18.13.6213, unified:362.13)
[2017.07.14-15.23.31:058][  0]LogD3D11RHI:      Driver Date: 3-18-2016
[2017.07.14-15.23.31:058][  0]LogRHI: Texture pool is 1361 MB (70% of 1945 MB)
[2017.07.14-15.23.31:071][  0]LogD3D11RHI: Async texture creation enabled
[2017.07.14-15.23.31:088][  0]LogD3D11RHI: GPU Timing Frequency: 1000.000000 (Debug: 2 2)
[2017.07.14-15.23.31:088][  0]LogShaderCompilers: Guid format shader working directory is -8 characters bigger than the processId version (W:/University Work/Masters/MastersProject/MastersProject/Ava/Intermediate/Shaders/WorkingDirectory/36500/).
[2017.07.14-15.23.31:088][  0]LogShaderCompilers: Cleaned the shader compiler working directory 'C:/Users/I72300~1.000/AppData/Local/Temp/UnrealShaderWorkingDir/9A2A8A9D424D1F77E07FD29D8F95A79C/'.
[2017.07.14-15.23.31:088][  0]LogShaderCompilers:Display: Using Local Shader Compiler.
[2017.07.14-15.23.32:221][  0]LogTemp:Display: Loaded TP AllDesktopTargetPlatform
[2017.07.14-15.23.32:235][  0]LogTemp:Display: Loaded TP WindowsClientTargetPlatform
[2017.07.14-15.23.32:246][  0]LogTemp:Display: Loaded TP WindowsNoEditorTargetPlatform
[2017.07.14-15.23.32:258][  0]LogTemp:Display: Loaded TP WindowsServerTargetPlatform
[2017.07.14-15.23.32:273][  0]LogTemp:Display: Loaded TP WindowsTargetPlatform
[2017.07.14-15.23.32:284][  0]LogTemp:Display: Loaded TP AndroidTargetPlatform
[2017.07.14-15.23.32:300][  0]LogTemp:Display: Loaded TP Android_ASTCTargetPlatform
[2017.07.14-15.23.32:309][  0]LogTemp:Display: Loaded TP Android_ATCTargetPlatform
[2017.07.14-15.23.32:329][  0]LogTemp:Display: Loaded TP Android_DXTTargetPlatform
[2017.07.14-15.23.32:340][  0]LogTemp:Display: Loaded TP Android_ETC1TargetPlatform
[2017.07.14-15.23.32:352][  0]LogTemp:Display: Loaded TP Android_ETC2TargetPlatform
[2017.07.14-15.23.32:381][  0]LogTemp:Display: Loaded TP Android_MultiTargetPlatform
[2017.07.14-15.23.32:382][  0]LogTemp:Display: Loaded TP Android_PVRTCTargetPlatform
[2017.07.14-15.23.32:391][  0]LogTemp:Display: Loaded TP HTML5TargetPlatform
[2017.07.14-15.23.32:424][  0]LogTemp:Display: Loaded TP IOSTargetPlatform
[2017.07.14-15.23.32:433][  0]LogTemp:Display: Loaded TP TVOSTargetPlatform
[2017.07.14-15.23.32:442][  0]LogTemp:Display: Loaded TP LinuxNoEditorTargetPlatform
[2017.07.14-15.23.32:451][  0]LogTemp:Display: Loaded TP LinuxServerTargetPlatform
[2017.07.14-15.23.32:461][  0]LogTemp:Display: Loaded TP LinuxTargetPlatform
[2017.07.14-15.23.32:461][  0]LogTargetPlatformManager:Display: Building Assets For Windows
[2017.07.14-15.23.32:613][  0]LogDerivedDataCache:Display: Max Cache Size: 512 MB
[2017.07.14-15.23.32:661][  0]LogDerivedDataCache: Loaded boot cache 0.05s 49MB C:/Users/i7230020.STUDENT.000/AppData/Local/UnrealEngine/4.12/DerivedDataCache/Boot.ddc.
[2017.07.14-15.23.32:661][  0]LogDerivedDataCache:Display: Loaded Boot cache: C:/Users/i7230020.STUDENT.000/AppData/Local/UnrealEngine/4.12/DerivedDataCache/Boot.ddc
[2017.07.14-15.23.32:661][  0]LogDerivedDataCache: FDerivedDataBackendGraph:  Pak pak cache file W:/University Work/Masters/MastersProject/MastersProject/Ava/DerivedDataCache/DDC.ddp not found, will not use a pak cache.
[2017.07.14-15.23.32:661][  0]LogDerivedDataCache: Unable to find inner node Pak for hierarchical cache Hierarchy.
[2017.07.14-15.23.32:661][  0]LogDerivedDataCache: FDerivedDataBackendGraph:  CompressedPak pak cache file W:/University Work/Masters/MastersProject/MastersProject/Ava/DerivedDataCache/Compressed.ddp not found, will not use a pak cache.
[2017.07.14-15.23.32:662][  0]LogDerivedDataCache: Unable to find inner node CompressedPak for hierarchical cache Hierarchy.
[2017.07.14-15.23.32:681][  0]LogDerivedDataCache:Display: Pak cache opened for reading ../../../Engine/DerivedDataCache/Compressed.ddp.
[2017.07.14-15.23.32:693][  0]LogDerivedDataCache: Using Local data cache path C:/Users/i7230020.STUDENT.000/AppData/Local/UnrealEngine/Common/DerivedDataCache: Writable
[2017.07.14-15.23.32:890][  0]LogInit: Selected Device Profile: [Windows]
[2017.07.14-15.23.32:891][  0]LogContentStreaming: Texture pool size is 0.00 MB
[2017.07.14-15.23.33:069][  0]LogMeshUtilities: No automatic mesh reduction module available
[2017.07.14-15.23.33:069][  0]LogMeshUtilities: No automatic mesh merging module available
[2017.07.14-15.23.33:069][  0]LogMeshUtilities: No distributed automatic mesh merging module available
[2017.07.14-15.23.33:353][  0]LogAssetRegistry: FAssetRegistry took 0.0219 seconds to start up
[2017.07.14-15.23.33:410][  0]LogPackageLocalizationCache: Processed 4 localized package path(s) for 2 prioritized culture(s) in 0.052840 seconds
[2017.07.14-15.23.33:414][  0]LogUObjectArray: 28739 objects as part of root set at end of initial load.
[2017.07.14-15.23.33:415][  0]LogUObjectAllocator: 5855624 out of 0 bytes used by permanent object pool.
[2017.07.14-15.23.33:415][  0]LogUObjectArray: CloseDisregardForGC: 0/0 objects in disregard for GC pool
[2017.07.14-15.23.33:425][  0]LogInit: WinSock: version 1.1 (2.2), MaxSocks=32767, MaxUdp=65467
[2017.07.14-15.23.33:665][  0]LogSlate: SlateFontCache - WITH_FREETYPE: 1, WITH_HARFBUZZ: 1
[2017.07.14-15.23.33:666][  0]LogSlate: SlateFontCache - WITH_FREETYPE: 1, WITH_HARFBUZZ: 1
[2017.07.14-15.23.34:607][  0]LogUdpMessaging: Initializing bridge on interface 0.0.0.0:0 to multicast group 230.0.0.1:6666.
[2017.07.14-15.23.34:722][  0]LogStats:             FDebug::EnsureFailed -  0.000 s
[2017.07.14-15.23.36:403][  0]SourceControl: Info Source control is disabled
[2017.07.14-15.23.36:406][  0]SourceControl: Info Source control is disabled
[2017.07.14-15.23.36:420][  0]SourceControl: Info Source control is disabled
[2017.07.14-15.23.36:436][  0]SourceControl: Info Source control is disabled
[2017.07.14-15.23.36:629][  0]LogHoudiniEngine: Starting the Houdini Engine module.
[2017.07.14-15.23.36:631][  0]LogHoudiniEngine: Loaded libHAPIL.dll from Registry path C:\Program Files\Side Effects Software\Houdini 15.5.632/bin
[2017.07.14-15.23.36:632][  0]LogLinker:Warning: Asset '../../../Engine/Plugins/Runtime/HoudiniEngine/Content/houdini_logo.uasset' has been saved with empty engine version. The asset will be loaded but may be incompatible.
[2017.07.14-15.23.36:634][  0]LogLinker:Warning: Asset '../../../Engine/Plugins/Runtime/HoudiniEngine/Content/houdini_default_material.uasset' has been saved with empty engine version. The asset will be loaded but may be incompatible.
[2017.07.14-15.23.36:638][  0]LogLinker:Warning: Asset '../../../Engine/Plugins/Runtime/HoudiniEngine/Content/houdini_bgeo_import.uasset' has been saved with empty engine version. The asset will be loaded but may be incompatible.
[2017.07.14-15.23.37:868][  0]LogHoudiniEngine: Successfully initialized the Houdini Engine API module.
[2017.07.14-15.23.38:029][  0]LogEngine: Initializing Engine...
[2017.07.14-15.23.38:033][  0]LogHMD: SteamVR failed to initialize.  Err: 110
[2017.07.14-15.23.38:036][  0]LogHMD: SteamVR failed to initialize.  Err: 110
[2017.07.14-15.23.38:168][  0]LogAIModule: Creating AISystem for world NewWorld
[2017.07.14-15.23.38:179][  0]LogInit: XAudio2 using 'Speakers (Realtek High Definition Audio)' : 2 channels at 48 kHz using 32 bits per sample (channel mask 0x3)
[2017.07.14-15.23.38:194][  0]LogInit: FAudioDevice initialized.
[2017.07.14-15.23.38:220][  0]LogDerivedDataCache: Saved boot cache 0.03s 49MB C:/Users/i7230020.STUDENT.000/AppData/Local/UnrealEngine/4.12/DerivedDataCache/Boot.ddc.
[2017.07.14-15.23.38:225][  0]LogInit: Texture streaming: Enabled
[2017.07.14-15.23.38:258][  0]LogInit: Transaction tracking system initialized
[2017.07.14-15.23.38:292][  0]BlueprintLog: New page: Editor Load
[2017.07.14-15.23.38:399][  0]LocalizationService: Info Localization service is disabled
[2017.07.14-15.23.38:491][  0]LogConsoleResponse:Display: 
[2017.07.14-15.23.38:597][  0]LogCook:Display: Max memory allowance for cook 8192mb
[2017.07.14-15.23.38:597][  0]LogCook:Display: Mobile HDR setting 1
[2017.07.14-15.23.38:694][  0]LogFileCache: Scanning file cache for directory 'W:/University Work/Masters/MastersProject/MastersProject/Ava/Content/' took 0.02s
[2017.07.14-15.23.38:695][  0]LogHoudiniEngineEditor: Starting the Houdini Engine Editor module.
[2017.07.14-15.23.38:753][  0]SourceControl: Info Source control is disabled
[2017.07.14-15.23.38:753][  0]Cmd: MAP LOAD FILE="W:/University Work/Masters/MastersProject/MastersProject/Ava/Content/Ava/Maps/PalaceLevel.umap" TEMPLATE=0 SHOWPROGRESS=1 FEATURELEVEL=3
[2017.07.14-15.23.38:754][  0]LightingResults: New page: Lighting Build
[2017.07.14-15.23.38:758][  0]MapCheck: New page: Map Check
[2017.07.14-15.23.38:758][  0]LightingResults: New page: Lighting Build
[2017.07.14-15.23.38:839][  0]LogBlueprint:Warning: Compiler Warning InputAction Event references unknown Action 'Crouch' for  InputAction Crouch 
[2017.07.14-15.23.38:842][  0]LogBlueprint:Warning: Compiler Warning [0034.78] Compile of Ue4ASP_Character successful, but with 1 Warning(s) [in 8 ms] (/Game/AnimStarterPack/Ue4ASP_Character.Ue4ASP_Character)
[2017.07.14-15.23.38:842][  0]LogBlueprint:Warning: Compiler Warning [0034.78] Compile of Ue4ASP_Character successful, but with 2 Warning(s) [in 0 ms] (/Game/AnimStarterPack/Ue4ASP_Character.Ue4ASP_Character)
[2017.07.14-15.23.38:842][  0]LogBlueprint:Warning: Compiler Warning [0034.78] Compile of Ue4ASP_Character successful, but with 3 Warning(s) [in 0 ms] (/Game/AnimStarterPack/Ue4ASP_Character.Ue4ASP_Character)
[2017.07.14-15.23.38:914][  0]LogBlueprint:Warning: Compiler Warning InputAction Event references unknown Action 'Crouch' for  InputAction Crouch 
[2017.07.14-15.23.38:917][  0]LogBlueprint:Warning: Compiler Warning [0034.86] Compile of Ue4ASP_Character successful, but with 1 Warning(s) [in 9 ms] (/Game/AnimStarterPack/Ue4ASP_Character.Ue4ASP_Character)
[2017.07.14-15.23.38:917][  0]LogBlueprint:Warning: Compiler Warning [0034.86] Compile of Ue4ASP_Character successful, but with 2 Warning(s) [in 0 ms] (/Game/AnimStarterPack/Ue4ASP_Character.Ue4ASP_Character)
[2017.07.14-15.23.38:918][  0]LogBlueprint:Warning: Compiler Warning [0034.86] Compile of Ue4ASP_Character successful, but with 3 Warning(s) [in 0 ms] (/Game/AnimStarterPack/Ue4ASP_Character.Ue4ASP_Character)
[2017.07.14-15.23.40:453][  0]LogProperty:Warning: Serialized Class /Script/Ava.Antelope for a property of Class /Script/Engine.StaticMeshComponent. Reference will be NULLed.
    Property = ObjectProperty /Script/Ava.OfferingStatue:BuddaStatue
    Item = Antelope /Script/Ava.Default__Antelope
[2017.07.14-15.23.40:907][  0]LogMaterial: Missing cached shader map for material M_Basic_Wall, compiling. 
[2017.07.14-15.23.40:907][  0]LogMaterial:Warning: Failed to compile Material /Game/StarterContent/Materials/M_Basic_Wall.M_Basic_Wall for platform PCD3D_SM5, Default Material will be used in game.
[2017.07.14-15.23.40:908][  0]LogMaterial:Warning: 	(Node TextureSample) TextureSample> Missing input texture
[2017.07.14-15.23.40:949][  0]LogAIModule: Creating AISystem for world PalaceLevel
[2017.07.14-15.23.40:982][  0]LogEditorServer: Finished looking for orphan Actors (0.000 secs)
[2017.07.14-15.23.40:983][  0]Cmd: MAP CHECKDEP NOCLEARLOG
[2017.07.14-15.23.41:093][  0]MapCheck: Info Map check complete: 0 Error(s), 0 Warning(s), took 109.928ms to complete.
[2017.07.14-15.23.41:093][  0]LogFileHelpers: Loading map 'PalaceLevel' took 2.340
[2017.07.14-15.23.41:396][  0]LogCollectionManager: Loaded 0 collections in 0.002042 seconds
[2017.07.14-15.23.41:440][  0]LogFileCache: Scanning file cache for directory 'W:/University Work/Masters/MastersProject/MastersProject/Ava/Saved/Collections/' took 0.01s
[2017.07.14-15.23.41:440][  0]LogFileCache: Scanning file cache for directory 'W:/University Work/Masters/MastersProject/MastersProject/Ava/Content/Developers/i7230020/Collections/' took 0.01s
[2017.07.14-15.23.41:440][  0]LogFileCache: Scanning file cache for directory 'W:/University Work/Masters/MastersProject/MastersProject/Ava/Content/Collections/' took 0.01s
[2017.07.14-15.23.41:440][  0]LogCollectionManager: Rebuilt the GUID cache for 0 collections in 0.000002 seconds
[2017.07.14-15.23.41:450][  0]LogContentBrowser: Native class hierarchy populated in 0.0097 seconds. Added 2099 classes and 376 folders.
[2017.07.14-15.23.41:456][  0]LogStats: UGameplayTagsManager::ConstructGameplayTagTree: Construct from data asset -  0.000 s
[2017.07.14-15.23.41:456][  0]LogStats: UGameplayTagsManager::ConstructGameplayTagTree: GameplayTagTreeChangedEvent.Broadcast -  0.000 s
[2017.07.14-15.23.41:459][  0]LogContentBrowser: Native class hierarchy updated for 'GameplayTags' in 0.0026 seconds. Added 12 classes and 0 folders.
[2017.07.14-15.23.41:468][  0]LogContentBrowser: Native class hierarchy updated for 'WidgetCarousel' in 0.0024 seconds. Added 0 classes and 0 folders.
[2017.07.14-15.23.41:541][  0]LogContentBrowser: Native class hierarchy updated for 'AddContentDialog' in 0.0027 seconds. Added 0 classes and 0 folders.
[2017.07.14-15.23.41:551][  0]LogContentBrowser: Native class hierarchy updated for 'SceneOutliner' in 0.0025 seconds. Added 1 classes and 2 folders.
[2017.07.14-15.23.41:568][  0]LogCrashTracker: Crashtracker disabled due to settings.
[2017.07.14-15.23.41:572][  0]LogUObjectGlobals:Warning: Failed to find object 'Class None.'
[2017.07.14-15.23.41:602][  0]LogContentBrowser: Native class hierarchy updated for 'HierarchicalLODOutliner' in 0.0025 seconds. Added 1 classes and 2 folders.
[2017.07.14-15.23.41:602][  0]LogLoad: Full Startup: 37.54 seconds (BP compile: 1.19 seconds)
[2017.07.14-15.23.41:602][  0]LogExternalProfiler: Found external profiler: VSPerf
[2017.07.14-15.23.41:602][  0]LogExternalProfiler: Using external profiler: VSPerf
[2017.07.14-15.23.41:614][  0]LogOcInput: OculusInput pre-init called
[2017.07.14-15.23.41:633][  0]LogContentStreaming: Texture pool size now 1000 MB
[2017.07.14-15.23.41:790][  0]LogRenderer: Reallocating scene render targets to support 1616x564 (Frame:2).
[2017.07.14-15.23.41:939][  1]LogAssetRegistry: Asset discovery search completed in 8.6074 seconds
[2017.07.14-15.23.41:939][  1]LogCollectionManager: Rebuilt the object cache for 0 collections in 0.000001 seconds (found 0 objects)
[2017.07.14-15.23.41:939][  1]LogCollectionManager: Fixed up redirectors for 0 collections in 0.000126 seconds (updated 0 objects)
[2017.07.14-15.23.43:341][ 86]LogBlueprintUserMessages: Early PlayInEditor Detection: Level '/Game/Ava/Maps/PalaceLevel.PalaceLevel:PersistentLevel' has LevelScriptBlueprint '/Game/Ava/Maps/PalaceLevel.PalaceLevel:PersistentLevel.PalaceLevel' with GeneratedClass '/Game/Ava/Maps/PalaceLevel.PalaceLevel_C' with ClassGeneratedBy '/Game/Ava/Maps/PalaceLevel.PalaceLevel:PersistentLevel.PalaceLevel'
[2017.07.14-15.23.43:341][ 86]LogPlayLevel: PlayLevel: No blueprints needed recompiling
[2017.07.14-15.23.