Log file open, 07/24/17 11:20:48
LogInit:Display: Running engine for game: Ava
LogPlatformFile: Not using cached read wrapper
LogInit:Display: RandInit(-517700707) SRandInit(-517700702).
LogTaskGraph: Started task graph with 4 named threads and 9 total threads with 1 sets of task threads.
LogStats: Stats thread started at 0.129271
LogInit: Version: 4.12.5-3039270+++UE4+Release-4.12
LogInit: API Version: 2992821
LogInit: Net Version: 3039270
LogDevObjectVersion: Number of dev versions registered: 13
LogDevObjectVersion:   Dev-Blueprints (B0D832E4-1F89-4F0D-ACCF-7EB736FD4AA2): 3
LogDevObjectVersion:   Dev-Build (E1C64328-A22C-4D53-A36C-8E866417BD8C): 0
LogDevObjectVersion:   Dev-Core (375EC13C-06E4-48FB-B500-84F0262A717E): 1
LogDevObjectVersion:   Dev-Editor (E4B068ED-F494-42E9-A231-DA0B2E46BB41): 2
LogDevObjectVersion:   Dev-Framework (CFFC743F-43B0-4480-9391-14DF171D2073): 6
LogDevObjectVersion:   Dev-Mobile (B02B49B5-BB20-44E9-A304-32B752E40360): 0
LogDevObjectVersion:   Dev-Networking (A4E4105C-59A1-49B5-A7C5-40C4547EDFEE): 0
LogDevObjectVersion:   Dev-Online (39C831C9-5AE6-47DC-9A44-9C173E1C8E7C): 0
LogDevObjectVersion:   Dev-Physics (78F01B33-EBEA-4F98-B9B4-84EACCB95AA2): 0
LogDevObjectVersion:   Dev-Platform (6631380F-2D4D-43E0-8009-CF276956A95A): 0
LogDevObjectVersion:   Dev-Rendering (12F88B9F-8875-4AFC-A67C-D90C383ABD29): 2
LogDevObjectVersion:   Dev-Sequencer (7B5AE74C-D270-4C10-A958-57980B212A5A): 0
LogDevObjectVersion:   Dev-VR (D7296918-1DD6-4BDD-9DE2-64A83CC13884): 0
LogInit: Compiled (64-bit): Jul  6 2016 09:09:46
LogInit: Compiled with Visual C++: 19.00.23026.00
LogInit: Build Configuration: Development
LogInit: Branch Name: ++UE4+Release-4.12
LogInit: Command line:  
LogInit: Base directory: C:/Program Files/Epic Games/4.12/Engine/Binaries/Win64/
LogInit: Installed Engine Build: 1
LogInit: Using libcurl 7.41.0
LogInit:  - built for x86_64-pc-win32
LogInit:  - supports SSL with WinSSL
LogInit:  - other features:
LogInit:      CURL_VERSION_SSL
LogInit:      CURL_VERSION_IPV6
LogInit:      CURL_VERSION_ASYNCHDNS
LogInit:      CURL_VERSION_LARGEFILE
LogInit:      CURL_VERSION_IDN
LogInit:  CurlRequestOptions (configurable via config and command line):
LogInit:  - bVerifyPeer = true  - Libcurl will verify peer certificate
LogInit:  - bUseHttpProxy = false  - Libcurl will NOT use HTTP proxy
LogInit:  - bDontReuseConnections = false  - Libcurl will reuse connections
LogInit:  - CertBundlePath = nullptr  - Libcurl will use whatever was configured at build time.
LogInit: Presizing for max 8388607 objects, including 0 objects not considered by GC, pre-allocating 0 bytes for permanent pool.
LogInit: Object subsystem initialized
[2017.07.24-10.20.48:706][  0]LogInit: Selected Device Profile: [Windows]
[2017.07.24-10.20.48:706][  0]LogInit: Applying CVar settings loaded from the selected device profile: [Windows]
[2017.07.24-10.20.48:715][  0]LogInit: Computer: PC42640
[2017.07.24-10.20.48:715][  0]LogInit: User: i7230020
[2017.07.24-10.20.48:715][  0]LogInit: CPU Page size=65536, Cores=6
[2017.07.24-10.20.48:715][  0]LogInit: High frequency timer resolution =3.410097 MHz
[2017.07.24-10.20.48:715][  0]LogMemory: Memory total: Physical=31.9GB (32GB approx)
[2017.07.24-10.20.48:715][  0]LogMemory: Platform Memory Stats for Windows
[2017.07.24-10.20.48:715][  0]LogMemory: Process Physical Memory: 196.24 MB used, 196.24 MB peak
[2017.07.24-10.20.48:715][  0]LogMemory: Process Virtual Memory: 198.96 MB used, 198.96 MB peak
[2017.07.24-10.20.48:715][  0]LogMemory: Physical Memory: 13548.27 MB used, 32684.15 MB total
[2017.07.24-10.20.48:715][  0]LogMemory: Virtual Memory: 539.58 MB used, 8388608.00 MB total
[2017.07.24-10.20.48:788][  0]LogTextLocalizationManager: No specific translations for ('en-GB') exist, so ('en') translations will be used.
[2017.07.24-10.20.49:159][  0]LogD3D11RHI: D3D11 adapters:
[2017.07.24-10.20.49:173][  0]LogD3D11RHI:    0. 'NVIDIA Quadro M4000' (Feature Level 11_0)
[2017.07.24-10.20.49:173][  0]LogD3D11RHI:       8092/0/16086 MB DedicatedVideo/DedicatedSystem/SharedSystem, Outputs:1, VendorId:0x10de
[2017.07.24-10.20.49:173][  0]LogD3D11RHI: Chosen D3D11 Adapter: 0
[2017.07.24-10.20.49:182][  0]LogD3D11RHI: Creating new Direct3DDevice
[2017.07.24-10.20.49:183][  0]LogD3D11RHI:     GPU DeviceId: 0x13f1 (for the marketing name, search the web for "GPU Device Id")
[2017.07.24-10.20.49:183][  0]LogWindows: EnumDisplayDevices:
[2017.07.24-10.20.49:183][  0]LogWindows:    0. 'NVIDIA Quadro M4000' (P:1 D:1)
[2017.07.24-10.20.49:184][  0]LogWindows:    1. 'NVIDIA Quadro M4000' (P:0 D:0)
[2017.07.24-10.20.49:184][  0]LogWindows:    2. 'NVIDIA Quadro M4000' (P:0 D:0)
[2017.07.24-10.20.49:185][  0]LogWindows:    3. 'NVIDIA Quadro M4000' (P:0 D:0)
[2017.07.24-10.20.49:185][  0]LogWindows:    4. 'RDPDD Chained DD' (P:0 D:0)
[2017.07.24-10.20.49:186][  0]LogWindows:    5. 'RDP Encoder Mirror Driver' (P:0 D:0)
[2017.07.24-10.20.49:186][  0]LogWindows:    6. 'RDP Reflector Display Driver' (P:0 D:0)
[2017.07.24-10.20.49:186][  0]LogWindows: DebugString: GetVideoDriverDetailsInvalid PrimaryIsNotTheChoosenAdapter GetVideoDriverDetailsInvalid PrimaryIsNotTheChoosenAdapter GetVideoDriverDetailsInvalid PrimaryIsNotTheChoosenAdapter FoundDriverCount:4 
[2017.07.24-10.20.49:186][  0]LogD3D11RHI:     Adapter Name: NVIDIA Quadro M4000
[2017.07.24-10.20.49:186][  0]LogD3D11RHI:   Driver Version: 362.13 (internal:10.18.13.6213, unified:362.13)
[2017.07.24-10.20.49:186][  0]LogD3D11RHI:      Driver Date: 3-18-2016
[2017.07.24-10.20.49:186][  0]LogRHI: Texture pool is 1361 MB (70% of 1945 MB)
[2017.07.24-10.20.49:198][  0]LogD3D11RHI: Async texture creation enabled
[2017.07.24-10.20.49:213][  0]LogD3D11RHI: GPU Timing Frequency: 1000.000000 (Debug: 2 2)
[2017.07.24-10.20.49:213][  0]LogShaderCompilers: Guid format shader working directory is -8 characters bigger than the processId version (W:/University Work/Masters/MastersProject/MastersProject/Ava/Intermediate/Shaders/WorkingDirectory/74988/).
[2017.07.24-10.20.49:213][  0]LogShaderCompilers: Cleaned the shader compiler working directory 'C:/Users/I72300~1.000/AppData/Local/Temp/UnrealShaderWorkingDir/C3756FFD445BA1368C004393D3126F56/'.
[2017.07.24-10.20.49:213][  0]LogShaderCompilers:Display: Using Local Shader Compiler.
[2017.07.24-10.20.50:265][  0]LogTemp:Display: Loaded TP AllDesktopTargetPlatform
[2017.07.24-10.20.50:288][  0]LogTemp:Display: Loaded TP WindowsClientTargetPlatform
[2017.07.24-10.20.50:298][  0]LogTemp:Display: Loaded TP WindowsNoEditorTargetPlatform
[2017.07.24-10.20.50:308][  0]LogTemp:Display: Loaded TP WindowsServerTargetPlatform
[2017.07.24-10.20.50:317][  0]LogTemp:Display: Loaded TP WindowsTargetPlatform
[2017.07.24-10.20.50:325][  0]LogTemp:Display: Loaded TP AndroidTargetPlatform
[2017.07.24-10.20.50:333][  0]LogTemp:Display: Loaded TP Android_ASTCTargetPlatform
[2017.07.24-10.20.50:341][  0]LogTemp:Display: Loaded TP Android_ATCTargetPlatform
[2017.07.24-10.20.50:348][  0]LogTemp:Display: Loaded TP Android_DXTTargetPlatform
[2017.07.24-10.20.50:356][  0]LogTemp:Display: Loaded TP Android_ETC1TargetPlatform
[2017.07.24-10.20.50:363][  0]LogTemp:Display: Loaded TP Android_ETC2TargetPlatform
[2017.07.24-10.20.50:378][  0]LogTemp:Display: Loaded TP Android_MultiTargetPlatform
[2017.07.24-10.20.50:378][  0]LogTemp:Display: Loaded TP Android_PVRTCTargetPlatform
[2017.07.24-10.20.50:379][  0]LogTemp:Display: Loaded TP HTML5TargetPlatform
[2017.07.24-10.20.50:400][  0]LogTemp:Display: Loaded TP IOSTargetPlatform
[2017.07.24-10.20.50:407][  0]LogTemp:Display: Loaded TP TVOSTargetPlatform
[2017.07.24-10.20.50:414][  0]LogTemp:Display: Loaded TP LinuxNoEditorTargetPlatform
[2017.07.24-10.20.50:422][  0]LogTemp:Display: Loaded TP LinuxServerTargetPlatform
[2017.07.24-10.20.50:429][  0]LogTemp:Display: Loaded TP LinuxTargetPlatform
[2017.07.24-10.20.50:429][  0]LogTargetPlatformManager:Display: Building Assets For Windows
[2017.07.24-10.20.50:515][  0]LogDerivedDataCache:Display: Max Cache Size: 512 MB
[2017.07.24-10.20.50:566][  0]LogDerivedDataCache: Loaded boot cache 0.05s 49MB C:/Users/i7230020.STUDENT.000/AppData/Local/UnrealEngine/4.12/DerivedDataCache/Boot.ddc.
[2017.07.24-10.20.50:566][  0]LogDerivedDataCache:Display: Loaded Boot cache: C:/Users/i7230020.STUDENT.000/AppData/Local/UnrealEngine/4.12/DerivedDataCache/Boot.ddc
[2017.07.24-10.20.50:566][  0]LogDerivedDataCache: FDerivedDataBackendGraph:  Pak pak cache file W:/University Work/Masters/MastersProject/MastersProject/Ava/DerivedDataCache/DDC.ddp not found, will not use a pak cache.
[2017.07.24-10.20.50:566][  0]LogDerivedDataCache: Unable to find inner node Pak for hierarchical cache Hierarchy.
[2017.07.24-10.20.50:566][  0]LogDerivedDataCache: FDerivedDataBackendGraph:  CompressedPak pak cache file W:/University Work/Masters/MastersProject/MastersProject/Ava/DerivedDataCache/Compressed.ddp not found, will not use a pak cache.
[2017.07.24-10.20.50:566][  0]LogDerivedDataCache: Unable to find inner node CompressedPak for hierarchical cache Hierarchy.
[2017.07.24-10.20.50:582][  0]LogDerivedDataCache:Display: Pak cache opened for reading ../../../Engine/DerivedDataCache/Compressed.ddp.
[2017.07.24-10.20.50:594][  0]LogDerivedDataCache: Using Local data cache path C:/Users/i7230020.STUDENT.000/AppData/Local/UnrealEngine/Common/DerivedDataCache: Writable
[2017.07.24-10.20.50:827][  0]LogInit: Selected Device Profile: [Windows]
[2017.07.24-10.20.50:828][  0]LogContentStreaming: Texture pool size is 0.00 MB
[2017.07.24-10.20.50:988][  0]LogMeshUtilities: No automatic mesh reduction module available
[2017.07.24-10.20.50:988][  0]LogMeshUtilities: No automatic mesh merging module available
[2017.07.24-10.20.50:988][  0]LogMeshUtilities: No distributed automatic mesh merging module available
[2017.07.24-10.20.51:269][  0]LogAssetRegistry: FAssetRegistry took 0.0201 seconds to start up
[2017.07.24-10.20.51:320][  0]LogPackageLocalizationCache: Processed 4 localized package path(s) for 2 prioritized culture(s) in 0.048611 seconds
[2017.07.24-10.20.51:324][  0]LogUObjectArray: 28739 objects as part of root set at end of initial load.
[2017.07.24-10.20.51:324][  0]LogUObjectAllocator: 5855624 out of 0 bytes used by permanent object pool.
[2017.07.24-10.20.51:324][  0]LogUObjectArray: CloseDisregardForGC: 0/0 objects in disregard for GC pool
[2017.07.24-10.20.51:330][  0]LogInit: WinSock: version 1.1 (2.2), MaxSocks=32767, MaxUdp=65467
[2017.07.24-10.20.51:517][  0]LogSlate: SlateFontCache - WITH_FREETYPE: 1, WITH_HARFBUZZ: 1
[2017.07.24-10.20.51:517][  0]LogSlate: SlateFontCache - WITH_FREETYPE: 1, WITH_HARFBUZZ: 1
[2017.07.24-10.20.52:413][  0]LogUdpMessaging: Initializing bridge on interface 0.0.0.0:0 to multicast group 230.0.0.1:6666.
[2017.07.24-10.20.52:498][  0]LogStats: FPlatformStackWalk::StackWalkAndDump -  0.017 s
[2017.07.24-10.20.52:498][  0]LogOutputDevice:Warning: === Handled error: ===

Ensure condition failed: !AttachmentRules.bWeldSimulatedBodies [File:D:\Build\++UE4+Release-4.12+Compile\Sync\Engine\Source\Runtime\Engine\Private\Components\SceneComponent.cpp] [Line: 1481]
AttachToComponent when called from a constructor cannot weld simulated bodies. Consider calling SetupAttachment directly instead.
Stack: 
UE4Editor-Core.dll
UE4Editor-Core.dll
UE4Editor-Core.dll
UE4Editor-Engine.dll
UE4Editor-Ava-6937.dll
UE4Editor-CoreUObject.dll
UE4Editor-CoreUObject.dll
UE4Editor-CoreUObject.dll
UE4Editor-CoreUObject.dll
UE4Editor-Core.dll
UE4Editor-Core.dll
UE4Editor-Projects.dll
UE4Editor-Projects.dll
UE4Editor.exe
UE4Editor.exe
UE4Editor.exe
UE4Editor.exe
UE4Editor.exe
UE4Editor.exe
kernel32.dll
ntdll.dll
ntdll.dll

[2017.07.24-10.20.52:498][  0]LogStats:                SubmitErrorReport -  0.000 s
[2017.07.24-10.20.53:006][  0]LogStats:                    SendNewReport -  0.508 s
[2017.07.24-10.20.53:006][  0]LogStats:             FDebug::EnsureFailed -  0.526 s
[2017.07.24-10.20.53:205][  0]SourceControl: Info Source control is disabled
[2017.07.24-10.20.53:208][  0]SourceControl: Info Source control is disabled
[2017.07.24-10.20.53:222][  0]SourceControl: Info Source control is disabled
[2017.07.24-10.20.53:236][  0]SourceControl: Info Source control is disabled
[2017.07.24-10.20.53:416][  0]LogHoudiniEngine: Starting the Houdini Engine module.
[2017.07.24-10.20.53:417][  0]LogHoudiniEngine: Loaded libHAPIL.dll from Registry path C:\Program Files\Side Effects Software\Houdini 15.5.632/bin
[2017.07.24-10.20.53:417][  0]LogLinker:Warning: Asset '../../../Engine/Plugins/Runtime/HoudiniEngine/Content/houdini_logo.uasset' has been saved with empty engine version. The asset will be loaded but may be incompatible.
[2017.07.24-10.20.53:419][  0]LogLinker:Warning: Asset '../../../Engine/Plugins/Runtime/HoudiniEngine/Content/houdini_default_material.uasset' has been saved with empty engine version. The asset will be loaded but may be incompatible.
[2017.07.24-10.20.53:423][  0]LogLinker:Warning: Asset '../../../Engine/Plugins/Runtime/HoudiniEngine/Content/houdini_bgeo_import.uasset' has been saved with empty engine version. The asset will be loaded but may be incompatible.
[2017.07.24-10.20.54:501][  0]LogHoudiniEngine: Successfully initialized the Houdini Engine API module.
[2017.07.24-10.20.54:700][  0]LogEngine: Initializing Engine...
[2017.07.24-10.20.54:701][  0]LogHMD: SteamVR failed to initialize.  Err: 110
[2017.07.24-10.20.54:702][  0]LogHMD: SteamVR failed to initialize.  Err: 110
[2017.07.24-10.20.54:856][  0]LogAIModule: Creating AISystem for world NewWorld
[2017.07.24-10.20.54:862][  0]LogInit: XAudio2 using 'Speakers (Realtek High Definition Audio)' : 2 channels at 48 kHz using 32 bits per sample (channel mask 0x3)
[2017.07.24-10.20.54:881][  0]LogInit: FAudioDevice initialized.
[2017.07.24-10.20.54:905][  0]LogDerivedDataCache: Saved boot cache 0.02s 49MB C:/Users/i7230020.STUDENT.000/AppData/Local/UnrealEngine/4.12/DerivedDataCache/Boot.ddc.
[2017.07.24-10.20.54:910][  0]LogInit: Texture streaming: Enabled
[2017.07.24-10.20.54:943][  0]LogInit: Transaction tracking system initialized
[2017.07.24-10.20.54:963][  0]BlueprintLog: New page: Editor Load
[2017.07.24-10.20.55:044][  0]LocalizationService: Info Localization service is disabled
[2017.07.24-10.20.55:129][  0]LogConsoleResponse:Display: 
[2017.07.24-10.20.55:235][  0]LogCook:Display: Max memory allowance for cook 8192mb
[2017.07.24-10.20.55:235][  0]LogCook:Display: Mobile HDR setting 1
[2017.07.24-10.20.55:325][  0]LogFileCache: Scanning file cache for directory 'W:/University Work/Masters/MastersProject/MastersProject/Ava/Content/' took 0.02s
[2017.07.24-10.20.55:325][  0]LogHoudiniEngineEditor: Starting the Houdini Engine Editor module.
[2017.07.24-10.20.55:365][  0]SourceControl: Info Source control is disabled
[2017.07.24-10.20.55:365][  0]Cmd: MAP LOAD FILE="W:/University Work/Masters/MastersProject/MastersProject/Ava/Content/Ava/Maps/PalaceLevel.umap" TEMPLATE=0 SHOWPROGRESS=1 FEATURELEVEL=3
[2017.07.24-10.20.55:365][  0]LightingResults: New page: Lighting Build
[2017.07.24-10.20.55:367][  0]MapCheck: New page: Map Check
[2017.07.24-10.20.55:367][  0]LightingResults: New page: Lighting Build
[2017.07.24-10.20.57:622][  0]LogMaterial: Missing cached shader map for material M_Basic_Wall, compiling. 
[2017.07.24-10.20.57:622][  0]LogMaterial:Warning: Failed to compile Material /Game/StarterContent/Materials/M_Basic_Wall.M_Basic_Wall for platform PCD3D_SM5, Default Material will be used in game.
[2017.07.24-10.20.57:622][  0]LogMaterial:Warning: 	(Node TextureSample) TextureSample> Missing input texture
[2017.07.24-10.20.57:678][  0]LogAIModule: Creating AISystem for world PalaceLevel
[2017.07.24-10.20.57:712][  0]LogEditorServer: Finished looking for orphan Actors (0.000 secs)
[2017.07.24-10.20.57:713][  0]Cmd: MAP CHECKDEP NOCLEARLOG
[2017.07.24-10.20.57:831][  0]MapCheck: Info Map check complete: 0 Error(s), 0 Warning(s), took 117.504ms to complete.
[2017.07.24-10.20.57:831][  0]LogFileHelpers: Loading map 'PalaceLevel' took 2.466
[2017.07.24-10.20.58:184][  0]LogCollectionManager: Loaded 0 collections in 0.001479 seconds
[2017.07.24-10.20.58:228][  0]LogFileCache: Scanning file cache for directory 'W:/University Work/Masters/MastersProject/MastersProject/Ava/Saved/Collections/' took 0.01s
[2017.07.24-10.20.58:228][  0]LogFileCache: Scanning file cache for directory 'W:/University Work/Masters/MastersProject/MastersProject/Ava/Content/Developers/i7230020/Collections/' took 0.01s
[2017.07.24-10.20.58:228][  0]LogFileCache: Scanning file cache for directory 'W:/University Work/Masters/MastersProject/MastersProject/Ava/Content/Collections/' took 0.01s
[2017.07.24-10.20.58:228][  0]LogCollectionManager: Rebuilt the GUID cache for 0 collections in 0.000002 seconds
[2017.07.24-10.20.58:237][  0]LogContentBrowser: Native class hierarchy populated in 0.0089 seconds. Added 2101 classes and 376 folders.
[2017.07.24-10.20.58:240][  0]LogStats: UGameplayTagsManager::ConstructGameplayTagTree: Construct from data asset -  0.000 s
[2017.07.24-10.20.58:240][  0]LogStats: UGameplayTagsManager::ConstructGameplayTagTree: GameplayTagTreeChangedEvent.Broadcast -  0.000 s
[2017.07.24-10.20.58:243][  0]LogContentBrowser: Native class hierarchy updated for 'GameplayTags' in 0.0024 seconds. Added 12 classes and 0 folders.
[2017.07.24-10.20.58:252][  0]LogContentBrowser: Native class hierarchy updated for 'WidgetCarousel' in 0.0033 seconds. Added 0 classes and 0 folders.
[2017.07.24-10.20.58:339][  0]LogContentBrowser: Native class hierarchy updated for 'AddContentDialog' in 0.0067 seconds. Added 0 classes and 0 folders.
[2017.07.24-10.20.58:350][  0]LogContentBrowser: Native class hierarchy updated for 'SceneOutliner' in 0.0036 seconds. Added 1 classes and 2 folders.
[2017.07.24-10.20.58:386][  0]LogCrashTracker: Crashtracker disabled due to settings.
[2017.07.24-10.20.58:443][  0]LogContentBrowser: Native class hierarchy updated for 'HierarchicalLODOutliner' in 0.0066 seconds. Added 1 classes and 2 folders.
[2017.07.24-10.20.58:444][  0]LogLoad: Full Startup: 17.23 seconds (BP compile: 1.20 seconds)
[2017.07.24-10.20.58:444][  0]LogExternalProfiler: Found external profiler: VSPerf
[2017.07.24-10.20.58:444][  0]LogExternalProfiler: Using external profiler: VSPerf
[2017.07.24-10.20.58:454][  0]LogOcInput: OculusInput pre-init called
[2017.07.24-10.20.58:473][  0]LogContentStreaming: Texture pool size now 1000 MB
[2017.07.24-10.20.58:631][  0]LogRenderer: Reallocating scene render targets to support 1616x600 (Frame:2).
[2017.07.24-10.20.58:719][  1]LogAssetRegistry: Asset discovery search completed in 7.4713 seconds
[2017.07.24-10.20.58:720][  1]LogCollectionManager: Rebuilt the object cache for 0 collections in 0.000001 seconds (found 0 objects)
[2017.07.24-10.20.58:720][  1]LogCollectionManager: Fixed up redirectors for 0 collections in 0.000018 seconds (updated 0 objects)
[2017.07.24-10.21.00:275][136]LogBlueprintUserMessages: Early PlayInEditor Detection: Level '/Game/Ava/Maps/PalaceLevel.PalaceLevel:PersistentLevel' has LevelScriptBlueprint '/Game/Ava/Maps/PalaceLevel.PalaceLevel:PersistentLevel.PalaceLevel' with GeneratedClass '/Game/Ava/Maps/PalaceLevel.PalaceLevel_C' with ClassGeneratedBy '/Game/Ava/Maps/PalaceLevel.PalaceLevel:PersistentLevel.PalaceLevel'
[2017.07.24-10.21.00:275][136]LogPlayLevel: PlayLevel: No blueprints needed recompiling
[2017.07.24-10.21.00:276][136]PIE: New page: PIE session: PalaceLevel (24 Jul 2017 11:21:00)
[2017.07.24-10.21.00:276][136]LogPlayLevel: Creating play world package: /Game/Ava/Maps/UEDPIE_0_PalaceLevel
[2017.07.24-10.21.00:336][136]LogPlayLevel: PIE: StaticDuplicateObject took: (0.060044s)
[2017.07.24-10.21.00:337][136]LogAIModule: Creating AISystem for world PalaceLevel
[2017.07.24-10.21.00:337][136]LogPlayLevel: PIE: World Init took: (0.000520s)
[2017.07.24-10.21.00:337][136]LogPlayLevel: PIE: Created PIE world by copying editor world from /Game/Ava/Maps/PalaceLevel.PalaceLevel to /Game/Ava/Maps/UEDPIE_0_PalaceLevel.PalaceLevel (0.060931s)
[2017.07.24-10.21.00:401][136]LogInit: XAudio2 using 'Speakers (Realtek High Definition Audio)' : 2 channels at 48 kHz using 32 bits per sample (channel mask 0x3)
[2017.07.24-10.21.00:410][136]LogInit: FAudioDevice initialized.
[2017.07.24-10.21.00:487][136]LogWorld: Game class is 'AvaGameMode'
[2017.07.24-10.21.00:517][136]LogWorld: Bringing World /Game/Ava/Maps/UEDPIE_0_PalaceLevel.PalaceLevel up for play (max tick rate 0) at 2017.07.24-11.21.00
[2017.07.24-10.21.00:520][136]LogWorld: Bringing up level for play took: 0.031658
[2017.07.24-10.21.00:525][136]LogContentBrowser: Native class hierarchy updated for 'MovieSceneCapture' in 0.0026 seconds. Added 11 classes and 0 folders.
[2017.07.24-10.21.00:530][136]LogBlueprintUserMessages: [GameUIBP_C_0] SEt UI
[2017.07.24-10.21.00:530][136]PIE: Info Play in editor start time for /Game/Ava/Maps/UEDPIE_0_PalaceLevel 1.079
[2017.07.24-10.21.00:530][136]LogBlueprintUserMessages: Late PlayInEditor Detection: Level '/Game/Ava/Maps/PalaceLevel.PalaceLevel:PersistentLevel' has LevelScriptBlueprint '/Game/Ava/Maps/PalaceLevel.PalaceLevel:PersistentLevel.PalaceLevel' with GeneratedClass '/Game/Ava/Maps/PalaceLevel.PalaceLevel_C' with ClassGeneratedBy '/Game/Ava/Maps/PalaceLevel.PalaceLevel:PersistentLevel.PalaceLevel'
[2017.07.24-10.21.02:608][375]LogBlueprintUserMessages: Early EndPlayMap Detection: Level '/Game/Ava/Maps/PalaceLevel.PalaceLevel:PersistentLevel' has LevelScriptBlueprint '/Game/Ava/Maps/PalaceLevel.PalaceLevel:PersistentLevel.PalaceLevel' with GeneratedClass '/Game/Ava/Maps/PalaceLevel.PalaceLevel_C' with ClassGeneratedBy '/Game/Ava/Maps/PalaceLevel.PalaceLevel:PersistentLevel.PalaceLevel'
[2017.07.24-10.21.02:645][375]LogBlueprintUserMessages: Late EndPlayMap Detection: Level '/Game/Ava/Maps/PalaceLevel.PalaceLevel:PersistentLevel' has LevelScriptBlueprint '/Game/Ava/Maps/PalaceLevel.PalaceLevel:PersistentLevel.PalaceLevel' with GeneratedClass '/Game/Ava/Maps/PalaceLevel.PalaceLevel_C' with ClassGeneratedBy '/Game/Ava/Maps/PalaceLevel.PalaceLevel:PersistentLevel.PalaceLevel'
[2017.07.24-10.22.47:442][735]LogHotReload: New module detected: UE4Editor-Ava-2885.dll
[2017.07.24-10.22.50:121][744]LogHotReload: Starting Hot-Reload from IDE
[2017.07.24-10.22.50:186][744]LogClass: ItemDataVariables HotReload.
[2017.07.24-10.22.50:186][744]LogClass: Item HotReload.
[2017.07.24-10.22.50:188][744]LogHotReload: Re-instancing Antelope after hot-reload.
[2017.07.24-10.22.50:239][744]LogHotReload: Re-instancing Door after hot-reload.
[2017.07.24-10.22.50:635][744]LogHotReload: Re-instancing PushPullItem after hot-reload.
[2017.07.24-10.22.50:873][744]LogHotReload: Re-instancing PickUpItem after hot-reload.
[2017.07.24-10.22.51:207][744]LogHotReload: Re-instancing MainCharacter after hot-reload.
[2017.07.24-10.22.51:369][744]LogHotReload: Re-instancing OfferingPit after hot-reload.
[2017.07.24-10.22.51:467][744]LogHotReload: Re-instancing OfferingStatue after hot-reload.
[2017.07.24-10.22.51:647][744]LogHotReload: Re-instancing StatueObject after hot-reload.
[2017.07.24-10.22.51:861][744]LogHotReload: Re-instancing BluePuzzle after hot-reload.
[2017.07.24-10.22.51:942][744]LogHotReload: Re-instancing GreenPuzzle after hot-reload.
[2017.07.24-10.22.52:028][744]LogHotReload: Re-instancing RedPuzzle after hot-reload.
[2017.07.24-10.22.52:103][744]LogHotReload: Re-instancing WhitePuzzle after hot-reload.
[2017.07.24-10.22.52:195][744]LogContentBrowser: Native class hierarchy updated for 'Ava' in 0.0030 seconds. Added 23 classes and 2 folders.
[2017.07.24-10.22.52:197][744]Warning: HotReload successful (14 functions remapped  0 scriptstructs remapped)
[2017.07.24-10.22.52:302][744]LogContentBrowser: Native class hierarchy populated in 0.0096 seconds. Added 2103 classes and 380 folders.
[2017.07.24-10.22.52:307][744]Warning: HotReload took  2.2s.
[2017.07.24-10.23.12:911][915]LogBlueprintUserMessages: Early PlayInEditor Detection: Level '/Game/Ava/Maps/PalaceLevel.PalaceLevel:PersistentLevel' has LevelScriptBlueprint '/Game/Ava/Maps/PalaceLevel.PalaceLevel:PersistentLevel.PalaceLevel' with GeneratedClass '/Game/Ava/Maps/PalaceLevel.PalaceLevel_C' with ClassGeneratedBy '/Game/Ava/Maps/PalaceLevel.PalaceLevel:PersistentLevel.PalaceLevel'
[2017.07.24-10.23.12:911][915]LogPlayLevel: PlayLevel: No blueprints needed recompiling
[2017.07.24-10.23.12:911][915]PIE: New page: PIE session: PalaceLevel (24 Jul 2017 11:23:12)
[2017.07.24-10.23.12:911][915]LogPlayLevel: Creating play world package: /Game/Ava/Maps/UEDPIE_0_PalaceLevel
[2017.07.24-10.23.12:941][915]LogProperty:Warning: Serialized Class /Script/Ava.Antelope for a property of Class /Script/Engine.StaticMeshComponent. Reference will be NULLed.
    Property = ObjectProperty /Script/Ava.StatueObject:designatedMesh
    Item = Antelope /Script/Ava.Default__Antelope
[2017.07.24-10.23.12:941][915]LogProperty:Warning: Serialized Class /Script/Ava.Antelope for a property of Class /Script/Engine.SceneComponent. Reference will be NULLed.
    Property = ObjectProperty /Script/Engine.Actor:RootComponent
    Item = Antelope /Script/Ava.Default__Antelope
[2017.07.24-10.23.12:941][915]LogProperty:Warning: Serialized Class /Script/Ava.Antelope for a property of Class /Script/Engine.SceneComponent. Reference will be NULLed.
    Property = ObjectProperty /Script/Engine.SceneComponent:AttachParent
    Item = Antelope /Script/Ava.Default__Antelope
[2017.07.24-10.23.12:971][915]LogPlayLevel: PIE: StaticDuplicateObject took: (0.059753s)
[2017.07.24-10.23.12:972][915]LogAIModule: Creating AISystem for world PalaceLevel
[2017.07.24-10.23.12:972][915]LogPlayLevel: PIE: World Init took: (0.000677s)
[2017.07.24-10.23.12:972][915]LogPlayLevel: PIE: Created PIE world by copying editor world from /Game/Ava/Maps/PalaceLevel.PalaceLevel to /Game/Ava/Maps/UEDPIE_0_PalaceLevel.PalaceLevel (0.060753s)
[2017.07.24-10.23.12:984][915]LogInit: XAudio2 using 'Speakers (Realtek High Definition Audio)' : 2 channels at 48 kHz using 32 bits per sample (channel mask 0x3)
[2017.07.24-10.23.12:992][915]LogInit: FAudioDevice initialized.
[2017.07.24-10.23.13:043][915]LogWorld: Game class is 'AvaGameMode'
[2017.07.24-10.23.13:073][915]LogWorld: Bringing World /Game/Ava/Maps/UEDPIE_0_PalaceLevel.PalaceLevel up for play (max tick rate 0) at 2017.07.24-11.23.13
[2017.07.24-10.23.13:076][915]LogWorld: Bringing up level for play took: 0.032615
[2017.07.24-10.23.13:078][915]LogBlueprintUserMessages: [GameUIBP_C_29] SEt UI
[2017.07.24-10.23.13:079][915]PIE: Info Play in editor start time for /Game/Ava/Maps/UEDPIE_0_PalaceLevel -0.366
[2017.07.24-10.23.13:079][915]LogBlueprintUserMessages: Late PlayInEditor Detection: Level '/Game/Ava/Maps/PalaceLevel.PalaceLevel:PersistentLevel' has LevelScriptBlueprint '/Game/Ava/Maps/PalaceLevel.PalaceLevel:PersistentLevel.PalaceLevel' with GeneratedClass '/Game/Ava/Maps/PalaceLevel.PalaceLevel_C' with ClassGeneratedBy '/Game/Ava/Maps/PalaceLevel.PalaceLevel:PersistentLevel.PalaceLevel'
[2017.07.24-10.23.14:444][ 75]LogBlueprintUserMessages: Early EndPlayMap Detection: Level '/Game/Ava/Maps/PalaceLevel.PalaceLevel:PersistentLevel' has LevelScriptBlueprint '/Game/Ava/Maps/PalaceLevel.PalaceLevel:PersistentLevel.PalaceLevel' with GeneratedClass '/Game/Ava/Maps/PalaceLevel.PalaceLevel_C' with ClassGeneratedBy '/Game/Ava/Maps/PalaceLevel.PalaceLevel:PersistentLevel.PalaceLevel'
[2017.07.24-10.23.14:479][ 75]LogBlueprintUserMessages: Late EndPlayMap Detection: Level '/Game/Ava/Maps/PalaceLevel.PalaceLevel:PersistentLevel' has LevelScriptBlueprint '/Game/Ava/Maps/PalaceLevel.PalaceLevel:PersistentLevel.PalaceLevel' with GeneratedClass '/Game/Ava/Maps/PalaceLevel.PalaceLevel_C' with ClassGeneratedBy '/Game/Ava/Maps/PalaceLevel.PalaceLevel:PersistentLevel.PalaceLevel'
[2017.07.24-10.23.39:240][193]LogHotReload: New module detected: UE4Editor-Ava-1301.dll
[2017.07.24-10.23.42:256][203]LogHotReload: Starting Hot-Reload from IDE
[2017.07.24-10.23.42:296][203]LogClass: ItemDataVariables HotReload.
[2017.07.24-10.23.42:296][203]LogClass: Item HotReload.
[2017.07.24-10.23.42:297][203]LogHotReload: Re-instancing Antelope after hot-reload.
[2017.07.24-10.23.42:338][203]LogProperty:Warning: Serialized Class /Script/Ava.Antelope for a property of Class /Script/Engine.SceneComponent. Reference will be NULLed.
    Property = ObjectProperty /Script/Engine.SceneComponent:AttachParent
    Item = Antelope /Script/Ava.Default__Antelope
[2017.07.24-10.23.42:338][203]LogProperty:Warning: Serialized Class /Script/Ava.Antelope for a property of Class /Script/Engine.StaticMeshComponent. Reference will be NULLed.
    Property = ObjectProperty /Script/Ava.StatueObject:designatedMesh
    Item = Antelope /Script/Ava.Default__Antelope
[2017.07.24-10.23.42:338][203]LogProperty:Warning: Serialized Class /Script/Ava.Antelope for a property of Class /Script/Engine.SceneComponent. Reference will be NULLed.
    Property = ObjectProperty /Script/Engine.Actor:RootComponent
    Item = Antelope /Script/Ava.Default__Antelope
[2017.07.24-10.23.42:341][203]LogHotReload: Re-instancing Door after hot-reload.
[2017.07.24-10.23.42:565][203]LogHotReload: Re-instancing PushPullItem after hot-reload.
[2017.07.24-10.23.42:789][203]LogHotReload: Re-instancing PickUpItem after hot-reload.
[2017.07.24-10.23.42:841][203]LogProperty:Warning: Serialized Class /Script/Ava.PickUpItem for a property of Class /Script/Engine.BoxComponent. Reference will be NULLed.
    Property = ObjectProperty /Script/Ava.Puzzle:boxCollider
    Item = PickUpItem /Script/Ava.Default__PickUpItem
[2017.07.24-10.23.42:841][203]LogProperty:Warning: Serialized Class /Script/Ava.PickUpItem for a property of Class /Script/Engine.SceneComponent. Reference will be NULLed.
    Property = ObjectProperty /Script/Engine.Actor:RootComponent
    Item = PickUpItem /Script/Ava.Default__PickUpItem
[2017.07.24-10.23.42:842][203]LogProperty:Warning: Serialized Class /Script/Ava.PickUpItem for a property of Class /Script/Engine.BoxComponent. Reference will be NULLed.
    Property = ObjectProperty /Script/Ava.Puzzle:boxCollider
    Item = PickUpItem /Script/Ava.Default__PickUpItem
[2017.07.24-10.23.42:842][203]LogProperty:Warning: Serialized Class /Script/Ava.PickUpItem for a property of Class /Script/Engine.SceneComponent. Reference will be NULLed.
    Property = ObjectProperty /Script/Engine.Actor:RootComponent
    Item = PickUpItem /Script/Ava.Default__PickUpItem
[2017.07.24-10.23.42:842][203]LogProperty:Warning: Serialized Class /Script/Ava.PickUpItem for a property of Class /Script/Engine.BoxComponent. Reference will be NULLed.
    Property = ObjectProperty /Script/Ava.Puzzle:boxCollider
    Item = PickUpItem /Script/Ava.Default__PickUpItem
[2017.07.24-10.23.42:842][203]LogProperty:Warning: Serialized Class /Script/Ava.PickUpItem for a property of Class /Script/Engine.SceneComponent. Reference will be NULLed.
    Property = ObjectProperty /Script/Engine.Actor:RootComponent
    Item = PickUpItem /Script/Ava.Default__PickUpItem
[2017.07.24-10.23.43:151][203]LogHotReload: Re-instancing MainCharacter after hot-reload.
[2017.07.24-10.23.43:350][203]LogHotReload: Re-instancing OfferingPit after hot-reload.
[2017.07.24-10.23.43:449][203]LogHotReload: Re-instancing OfferingStatue after hot-reload.
[2017.07.24-10.23.43:644][203]LogHotReload: Re-instancing StatueObject after hot-reload.
[2017.07.24-10.23.43:935][203]LogHotReload: Re-instancing BluePuzzle after hot-reload.
[2017.07.24-10.23.44:048][203]LogHotReload: Re-instancing GreenPuzzle after hot-reload.
[2017.07.24-10.23.44:152][203]LogHotReload: Re-instancing RedPuzzle after hot-reload.
[2017.07.24-10.23.44:232][203]LogHotReload: Re-instancing WhitePuzzle after hot-reload.
[2017.07.24-10.23.44:326][203]LogContentBrowser: Native class hierarchy updated for 'Ava' in 0.0047 seconds. Added 23 classes and 2 folders.
[2017.07.24-10.23.44:328][203]Warning: HotReload successful (14 functions remapped  0 scriptstructs remapped)
[2017.07.24-10.23.44:390][203]LogContentBrowser: Native class hierarchy populated in 0.0094 seconds. Added 2103 classes and 380 folders.
[2017.07.24-10.23.44:393][203]Warning: HotReload took  2.1s.
[2017.07.24-10.23.49:505][266]LogBlueprintUserMessages: Early PlayInEditor Detection: Level '/Game/Ava/Maps/PalaceLevel.PalaceLevel:PersistentLevel' has LevelScriptBlueprint '/Game/Ava/Maps/PalaceLevel.PalaceLevel:PersistentLevel.PalaceLevel' with GeneratedClass '/Game/Ava/Maps/PalaceLevel.PalaceLevel_C' with ClassGeneratedBy '/Game/Ava/Maps/PalaceLevel.PalaceLevel:PersistentLevel.PalaceLevel'
[2017.07.24-10.23.49:505][266]LogPlayLevel: PlayLevel: No blueprints needed recompiling
[2017.07.24-10.23.49:505][266]PIE: New page: PIE session: PalaceLevel (24 Jul 2017 11:23:49)
[2017.07.24-10.23.49:505][266]LogPlayLevel: Creating play world package: /Game/Ava/Maps/UEDPIE_0_PalaceLevel
[2017.07.24-10.23.49:582][266]LogPlayLevel: PIE: StaticDuplicateObject took: (0.077021s)
[2017.07.24-10.23.49:583][266]LogAIModule: Creating AISystem for world PalaceLevel
[2017.07.24-10.23.49:583][266]LogPlayLevel: PIE: World Init took: (0.000620s)
[2017.07.24-10.23.49:583][266]LogPlayLevel: PIE: Created PIE world by copying editor world from /Game/Ava/Maps/PalaceLevel.PalaceLevel to /Game/Ava/Maps/UEDPIE_0_PalaceLevel.PalaceLevel (0.077977s)
[2017.07.24-10.23.49:596][266]LogInit: XAudio2 using 'Speakers (Realtek High Definition Audio)' : 2 channels at 48 kHz using 32 bits per sample (channel mask 0x3)
[2017.07.24-10.23.49:605][266]LogInit: FAudioDevice initialized.
[2017.07.24-10.23.49:660][266]LogWorld: Game class is 'AvaGameMode'
[2017.07.24-10.23.49:692][266]LogWorld: Bringing World /Game/Ava/Maps/UEDPIE_0_PalaceLevel.PalaceLevel up for play (max tick rate 0) at 2017.07.24-11.23.49
[2017.07.24-10.23.49:694][266]LogWorld: Bringing up level for play took: 0.033097
[2017.07.24-10.23.49:697][266]LogBlueprintUserMessages: [GameUIBP_C_31] SEt UI
[2017.07.24-10.23.49:697][266]PIE: Info Play in editor start time for /Game/Ava/Maps/UEDPIE_0_PalaceLevel 0.254
[2017.07.24-10.23.49:697][266]LogBlueprintUserMessages: Late PlayInEditor Detection: Level '/Game/Ava/Maps/PalaceLevel.PalaceLevel:PersistentLevel' has LevelScriptBlueprint '/Game/Ava/Maps/PalaceLevel.PalaceLevel:PersistentLevel.PalaceLevel' with GeneratedClass '/Game/Ava/Maps/PalaceLevel.PalaceLevel_C' with ClassGeneratedBy '/Game/Ava/Maps/PalaceLevel.PalaceLevel:PersistentLevel.PalaceLevel'
[2017.07.24-10.27.26:981][162]LogBlueprintUserMessages: Early EndPlayMap Detection: Level '/Game/Ava/Maps/PalaceLevel.PalaceLevel:PersistentLevel' has LevelScriptBlueprint '/Game/Ava/Maps/PalaceLevel.PalaceLevel:PersistentLevel.PalaceLevel' with GeneratedClass '/Game/Ava/Maps/PalaceLevel.PalaceLevel_C' with ClassGeneratedBy '/Game/Ava/Maps/PalaceLevel.PalaceLevel:PersistentLevel.PalaceLevel'
[2017.07.24-10.27.27:013][162]LogBlueprintUserMessages: Late EndPlayMap Detection: Level '/Game/Ava/Maps/PalaceLevel.PalaceLevel:PersistentLevel' has LevelScriptBlueprint '/Game/Ava/Maps/PalaceLevel.PalaceLevel:PersistentLevel.PalaceLevel' with GeneratedClass '/Game/Ava/Maps/PalaceLevel.PalaceLevel_C' with ClassGeneratedBy '/Game/Ava/Maps/PalaceLevel.PalaceLevel:PersistentLevel.PalaceLevel'
[2017.07.24-10.30.37:110][552]Running C:/Program Files/Epic Games/4.12/Engine/Binaries/DotNET/UnrealBuildTool.exe Ava Win64 Development -editorrecompile "W:/University Work/Masters/MastersProject/MastersProject/Ava/Ava.uproject" -invalidatemakefilesonly
[2017.07.24-10.30.37:514][552]Invalidating makefiles only in this run.
[2017.07.24-10.30.37:867][552]Recompiling Ava...
[2017.07.24-10.30.37:867][552]Launching UnrealBuildTool... [C:/Program Files/Epic Games/4.12/Engine/Binaries/DotNET/UnrealBuildTool.exe Ava -ModuleWithSuffix Ava 102 Win64 Development -editorrecompile -canskiplink "W:/University Work/Masters/MastersProject/MastersProject/Ava/Ava.uproject"  -2015]
[2017.07.24-10.30.59:949][552]CompilerResultsLog: New page: Compilation - 24 Jul 2017 11:30:59
[2017.07.24-10.30.59:949][552]CompilerResultsLog: Info Creating makefile for hot reloading Ava (no existing makefile)
[2017.07.24-10.30.59:949][552]CompilerResultsLog: Info Compiling game modules for hot reload
[2017.07.24-10.30.59:949][552]CompilerResultsLog: Info Parsing headers for AvaEditor
[2017.07.24-10.30.59:949][552]CompilerResultsLog: Info   Running UnrealHeaderTool "W:\University Work\Masters\MastersProject\MastersProject\Ava\Ava.uproject" "W:\University Work\Masters\MastersProject\MastersProject\Ava\Intermediate\Build\Win64\AvaEditor\Development\AvaEditor.uhtmanifest" -LogCmds="loginit warning, logexit warning, logdatabase error" -Unattended -WarningsAsErrors -installed
[2017.07.24-10.30.59:949][552]CompilerResultsLog: Info Reflection code generated for AvaEditor in 5.7239908 seconds
[2017.07.24-10.30.59:949][552]CompilerResultsLog: Info Performing 4 actions (9 in parallel)
[2017.07.24-10.30.59:949][552]CompilerResultsLog: Info RedPuzzle.cpp
[2017.07.24-10.30.59:949][552]CompilerResultsLog: Info BlackPuzzle.cpp
[2017.07.24-10.30.59:949][552]CompilerResultsLog: Info Ava.generated.cpp
[2017.07.24-10.30.59:949][552]CompilerResultsLog: Info [4/4] Link UE4Editor-Ava-102.dll
[2017.07.24-10.30.59:949][552]CompilerResultsLog: Info    Creating library W:\University Work\Masters\MastersProject\MastersProject\Ava\Intermediate\Build\Win64\UE4Editor\Development\UE4Editor-Ava-102.lib and object W:\University Work\Masters\MastersProject\MastersProject\Ava\Intermediate\Build\Win64\UE4Editor\Development\UE4Editor-Ava-102.exp
[2017.07.24-10.30.59:950][552]CompilerResultsLog: Info Total build time: 21.90 seconds
[2017.07.24-10.30.59:950][552]LogMainFrame: MainFrame: Module compiling took 22.087 seconds
[2017.07.24-10.31.00:001][552]LogClass: Could not find existing class BlackPuzzle in package /Script/Ava for HotReload, assuming new class
[2017.07.24-10.31.00:003][552]LogClass: ItemDataVariables HotReload.
[2017.07.24-10.31.00:003][552]LogClass: Item HotReload.
[2017.07.24-10.31.00:004][552]LogHotReload: Re-instancing Antelope after hot-reload.
[2017.07.24-10.31.00:043][552]LogProperty:Warning: Serialized Class /Script/Ava.Antelope for a property of Class /Script/Engine.StaticMeshComponent. Reference will be NULLed.
    Property = ObjectProperty /Script/Ava.OfferingPit:offeringPitMesh
    Item = Antelope /Script/Ava.Default__Antelope
[2017.07.24-10.31.00:043][552]LogProperty:Warning: Serialized Class /Script/Ava.Antelope for a property of Class /Script/Engine.StaticMeshComponent. Reference will be NULLed.
    Property = ObjectProperty /Script/Ava.OfferingPit:offeringPitMesh
    Item = Antelope /Script/Ava.Default__Antelope
[2017.07.24-10.31.00:047][552]LogHotReload: Re-instancing Door after hot-reload.
[2017.07.24-10.31.00:274][552]LogHotReload: Re-instancing PushPullItem after hot-reload.
[2017.07.24-10.31.00:521][552]LogHotReload: Re-instancing PickUpItem after hot-reload.
[2017.07.24-10.31.00:884][552]LogHotReload: Re-instancing MainCharacter after hot-reload.
[2017.07.24-10.31.01:042][552]LogHotReload: Re-instancing OfferingPit after hot-reload.
[2017.07.24-10.31.01:122][552]LogHotReload: Re-instancing OfferingStatue after hot-reload.
[2017.07.24-10.31.01:299][552]LogHotReload: Re-instancing StatueObject after hot-reload.
[2017.07.24-10.31.01:507][552]LogHotReload: Re-instancing BluePuzzle after hot-reload.
[2017.07.24-10.31.01:599][552]LogHotReload: Re-instancing GreenPuzzle after hot-reload.
[2017.07.24-10.31.01:689][552]LogHotReload: Re-instancing RedPuzzle after hot-reload.
[2017.07.24-10.31.01:780][552]LogHotReload: Re-instancing WhitePuzzle after hot-reload.
[2017.07.24-10.31.01:868][552]LogContentBrowser: Native class hierarchy updated for 'Ava' in 0.0026 seconds. Added 24 classes and 2 folders.
[2017.07.24-10.31.01:870][552]Warning: HotReload successful (14 functions remapped  0 scriptstructs remapped)
[2017.07.24-10.31.01:938][552]LogContentBrowser: Native class hierarchy populated in 0.0113 seconds. Added 2104 classes and 380 folders.
[2017.07.24-10.31.01:938][552]Warning: HotReload took 24.2s.
[2017.07.24-10.31.01:939][552]Warning: HotReload operation took 24.2s.
[2017.07.24-10.31.02:382][552]LogVSAccessor:Warning: Couldn't goto line number '0' in 'W:/University Work/Masters/MastersProject/MastersProject/Ava/Source/Ava/BlackPuzzle.h'
[2017.07.24-10.31.02:484][552]LogVSAccessor:Warning: Couldn't goto line number '0' in 'W:/University Work/Masters/MastersProject/MastersProject/Ava/Source/Ava/BlackPuzzle.cpp'
[2017.07.24-10.31.02:569][553]LogHotReload: New module detected: UE4Editor-Ava-102.dll
[2017.07.24-10.31.02:591][554]LogHotReload: Starting Hot-Reload from IDE
[2017.07.24-10.31.02:664][554]LogContentBrowser: Native class hierarchy updated for 'Ava' in 0.0036 seconds. Added 24 classes and 2 folders.
[2017.07.24-10.31.02:665][554]Warning: HotReload successful (0 functions remapped  0 scriptstructs remapped)
[2017.07.24-10.31.02:677][554]LogContentBrowser: Native class hierarchy populated in 0.0104 seconds. Added 2104 classes and 380 folders.
[2017.07.24-10.31.02:681][554]Warning: HotReload took  0.1s.
[2017.07.24-10.34.38:999][277]LogHotReload: New module detected: UE4Editor-Ava-4764.dll
[2017.07.24-10.34.41:680][286]LogHotReload: Starting Hot-Reload from IDE
[2017.07.24-10.34.41:712][286]LogProperty:Warning: Serialized Class /Script/Ava.Antelope for a property of Class /Script/Engine.SceneComponent. Reference will be NULLed.
    Property = ObjectProperty /Script/Engine.SceneComponent:AttachParent
    Item = Antelope /Script/Ava.Default__Antelope
[2017.07.24-10.34.41:723][286]LogClass: Could not find existing class BlackPuzzle in package /Script/Ava for HotReload, assuming new class
[2017.07.24-10.34.41:725][286]LogClass: ItemDataVariables HotReload.
[2017.07.24-10.34.41:725][286]LogClass: Item HotReload.
[2017.07.24-10.34.41:727][286]LogHotReload: Re-instancing Antelope after hot-reload.
[2017.07.24-10.34.41:768][286]LogProperty:Warning: Serialized Class /Script/Ava.Antelope for a property of Class /Script/Engine.SceneComponent. Reference will be NULLed.
    Property = ObjectProperty /Script/Engine.SceneComponent:AttachParent
    Item = Antelope /Script/Ava.Default__Antelope
[2017.07.24-10.34.41:768][286]LogProperty:Warning: Serialized Class /Script/Ava.Antelope for a property of Class /Script/Engine.StaticMeshComponent. Reference will be NULLed.
    Property = ObjectProperty /Script/Ava.StatueObject:designatedMesh
    Item = Antelope /Script/Ava.Default__Antelope
[2017.07.24-10.34.41:768][286]LogProperty:Warning: Serialized Class /Script/Ava.Antelope for a property of Class /Script/Engine.SceneComponent. Reference will be NULLed.
    Property = ObjectProperty /Script/Engine.Actor:RootComponent
    Item = Antelope /Script/Ava.Default__Antelope
[2017.07.24-10.34.41:768][286]LogProperty:Warning: Serialized Class /Script/Ava.Antelope for a property of Class /Script/Engine.StaticMeshComponent. Reference will be NULLed.
    Property = ObjectProperty /Script/Ava.StatueObject:designatedMesh
    Item = Antelope /Script/Ava.Default__Antelope
[2017.07.24-10.34.41:768][286]LogProperty:Warning: Serialized Class /Script/Ava.Antelope for a property of Class /Script/Engine.SceneComponent. Reference will be NULLed.
    Property = ObjectProperty /Script/Engine.Actor:RootComponent
    Item = Antelope /Script/Ava.Default__Antelope
[2017.07.24-10.34.41:770][286]LogHotReload: Re-instancing Door after hot-reload.
[2017.07.24-10.34.41:816][286]LogProperty:Warning: Serialized Class /Script/Ava.Door for a property of Class /Script/Ava.OfferingPit. Reference will be NULLed.
    Property = ObjectProperty /Script/Ava.RedPuzzle:offeringPit
    Item = Door /Script/Ava.Default__Door
[2017.07.24-10.34.41:970][286]LogHotReload: Re-instancing PushPullItem after hot-reload.
[2017.07.24-10.34.42:215][286]LogHotReload: Re-instancing PickUpItem after hot-reload.
[2017.07.24-10.34.42:537][286]LogHotReload: Re-instancing MainCharacter after hot-reload.
[2017.07.24-10.34.42:690][286]LogHotReload: Re-instancing OfferingPit after hot-reload.
[2017.07.24-10.34.42:777][286]LogHotReload: Re-instancing OfferingStatue after hot-reload.
[2017.07.24-10.34.42:941][286]LogHotReload: Re-instancing StatueObject after hot-reload.
[2017.07.24-10.34.43:142][286]LogHotReload: Re-instancing BlackPuzzle after hot-reload.
[2017.07.24-10.34.43:188][286]LogHotReload: Re-instancing BluePuzzle after hot-reload.
[2017.07.24-10.34.43:269][286]LogHotReload: Re-instancing GreenPuzzle after hot-reload.
[2017.07.24-10.34.43:350][286]LogHotReload: Re-instancing RedPuzzle after hot-reload.
[2017.07.24-10.34.43:434][286]LogHotReload: Re-instancing WhitePuzzle after hot-reload.
[2017.07.24-10.34.43:517][286]LogContentBrowser: Native class hierarchy updated for 'Ava' in 0.0027 seconds. Added 24 classes and 2 folders.
[2017.07.24-10.34.43:519][286]Warning: HotReload successful (14 functions remapped  0 scriptstructs remapped)
[2017.07.24-10.34.43:573][286]LogContentBrowser: Native class hierarchy populated in 0.0106 seconds. Added 2104 classes and 380 folders.
[2017.07.24-10.34.43:576][286]Warning: HotReload took  1.9s.
[2017.07.24-10.37.08:575][721]LogHotReload: New module detected: UE4Editor-Ava-2376.dll
[2017.07.24-10.37.11:256][730]LogHotReload: Starting Hot-Reload from IDE
[2017.07.24-10.37.11:299][730]LogClass: Could not find existing class BlackPuzzle in package /Script/Ava for HotReload, assuming new class
[2017.07.24-10.37.11:302][730]LogClass: ItemDataVariables HotReload.
[2017.07.24-10.37.11:302][730]LogClass: Item HotReload.
[2017.07.24-10.37.11:304][730]LogHotReload: Re-instancing Antelope after hot-reload.
[2017.07.24-10.37.11:352][730]LogProperty:Warning: Serialized Class /Script/Ava.Antelope for a property of Class /Script/Engine.StaticMeshComponent. Reference will be NULLed.
    Property = ObjectProperty /Script/Ava.OfferingStatue:Alter
    Item = Antelope /Script/Ava.Default__Antelope
[2017.07.24-10.37.11:354][730]LogHotReload: Re-instancing Door after hot-reload.
[2017.07.24-10.37.11:592][730]LogHotReload: Re-instancing PushPullItem after hot-reload.
[2017.07.24-10.37.11:863][730]LogHotReload: Re-instancing PickUpItem after hot-reload.
[2017.07.24-10.37.12:196][730]LogHotReload: Re-instancing MainCharacter after hot-reload.
[2017.07.24-10.37.12:358][730]LogHotReload: Re-instancing OfferingPit after hot-reload.
[2017.07.24-10.37.12:436][730]LogHotReload: Re-instancing OfferingStatue after hot-reload.
[2017.07.24-10.37.12:596][730]LogHotReload: Re-instancing StatueObject after hot-reload.
[2017.07.24-10.37.12:815][730]LogHotReload: Re-instancing BlackPuzzle after hot-reload.
[2017.07.24-10.37.12:861][730]LogHotReload: Re-instancing BluePuzzle after hot-reload.
[2017.07.24-10.37.12:938][730]LogHotReload: Re-instancing GreenPuzzle after hot-reload.
[2017.07.24-10.37.13:042][730]LogHotReload: Re-instancing RedPuzzle after hot-reload.
[2017.07.24-10.37.13:159][730]LogHotReload: Re-instancing WhitePuzzle after hot-reload.
[2017.07.24-10.37.13:247][730]LogContentBrowser: Native class hierarchy updated for 'Ava' in 0.0028 seconds. Added 24 classes and 2 folders.
[2017.07.24-10.37.13:248][730]Warning: HotReload successful (14 functions remapped  0 scriptstructs remapped)
[2017.07.24-10.37.13:307][730]LogContentBrowser: Native class hierarchy populated in 0.0115 seconds. Added 2104 classes and 380 folders.
[2017.07.24-10.37.13:309][730]Warning: HotReload took  2.1s.
[2017.07.24-10.37.44:646][824]LogHotReload: New module detected: UE4Editor-Ava-9780.dll
[2017.07.24-10.37.47:326][833]LogHotReload: Starting Hot-Reload from IDE
[2017.07.24-10.37.47:345][833]LogModuleManager:Warning: ModuleManager: Unable to load module 'Ava' because the file 'W:/University Work/Masters/MastersProject/MastersProject/Ava/Binaries/Win64/UE4Editor-Ava-9780.dll' was not found.
[2017.07.24-10.37.47:345][833]Warning: HotReload failed, reload failed /Script/Ava.
[2017.07.24-10.37.47:360][833]LogContentBrowser: Native class hierarchy populated in 0.0131 seconds. Added 2104 classes and 380 folders.
[2017.07.24-10.37.47:363][833]Warning: HotReload took  0.0s.
[2017.07.24-10.58.01:378][589]Cmd: QUIT_EDITOR
[2017.07.24-10.58.01:452][589]LogExit: Preparing to exit.
[2017.07.24-10.58.02:597][589]LogHoudiniEngine: HAPI Synchronous Deletion of  Started. HoudiniAsset = 0x0, 
[2017.07.24-10.58.02:612][589]LogExit: Editor shut down
[2017.07.24-10.58.02:612][589]LogExit: Transaction tracking system shut down
[2017.07.24-10.58.02:738][589]LogObj: Freed 0b from 0 cluster array pools.
[2017.07.24-10.58.02:739][589]LogExit: Object subsystem successfully closed.
[2017.07.24-10.58.02:758][589]LogD3D11RHI: Shutdown
[2017.07.24-10.58.02:758][589]LogD3D11RHI: CleanupD3DDevice
[2017.07.24-10.58.02:832][589]LogD3D11RHI: ~FD3D11DynamicRHI
[2017.07.24-10.58.02:854][589]LogModuleManager: Shutting down and abandoning module MovieSceneCapture (217)
[2017.07.24-10.58.02:854][589]LogModuleManager: Shutting down and abandoning module HierarchicalLODOutliner (216)
[2017.07.24-10.58.02:854][589]LogModuleManager: Shutting down and abandoning module CrashTracker (215)
[2017.07.24-10.58.02:854][589]LogModuleManager: Shutting down and abandoning module SceneOutliner (214)
[2017.07.24-10.58.02:854][589]LogModuleManager: Shutting down and abandoning module WidgetCarousel (213)
[2017.07.24-10.58.02:854][589]LogModuleManager: Shutting down and abandoning module AddContentDialog (212)
[2017.07.24-10.58.02:855][589]LogModuleManager: Shutting down and abandoning module GameplayTags (211)
[2017.07.24-10.58.02:855][589]LogModuleManager: Shutting down and abandoning module EditorWidgets (210)
[2017.07.24-10.58.02:855][589]LogModuleManager: Shutting down and abandoning module CollectionManager (209)
[2017.07.24-10.58.02:856][589]LogModuleManager: Shutting down and abandoning module StatsViewer (208)
[2017.07.24-10.58.02:856][589]LogModuleManager: Shutting down and abandoning module FoliageEdit (207)
[2017.07.24-10.58.02:856][589]LogModuleManager: Shutting down and abandoning module LandscapeEditor (206)
[2017.07.24-10.58.02:856][589]LogModuleManager: Shutting down and abandoning module SceneDepthPickerMode (205)
[2017.07.24-10.58.02:856][589]LogModuleManager: Shutting down and abandoning module ActorPickerMode (204)
[2017.07.24-10.58.02:856][589]LogModuleManager: Shutting down and abandoning module GeometryMode (203)
[2017.07.24-10.58.02:856][589]LogModuleManager: Shutting down and abandoning module TextureAlignMode (202)
[2017.07.24-10.58.02:856][589]LogModuleManager: Shutting down and abandoning module BspMode (201)
[2017.07.24-10.58.02:856][589]LogModuleManager: Shutting down and abandoning module HardwareSurvey (200)
[2017.07.24-10.58.02:856][589]LogModuleManager: Shutting down and abandoning module SequenceRecorderSections (199)
[2017.07.24-10.58.02:856][589]LogModuleManager: Shutting down and abandoning module SequenceRecorder (198)
[2017.07.24-10.58.02:856][589]LogModuleManager: Shutting down and abandoning module AutomationWorker (197)
[2017.07.24-10.58.02:856][589]LogModuleManager: Shutting down and abandoning module HoudiniEngineEditor (196)
[2017.07.24-10.58.02:856][589]LogHoudiniEngineEditor: Shutting down the Houdini Engine Editor module.
[2017.07.24-10.58.02:856][589]LogModuleManager: Shutting down and abandoning module MatineeToLevelSequence (195)
[2017.07.24-10.58.02:856][589]LogModuleManager: Shutting down and abandoning module PlacementMode (194)
[2017.07.24-10.58.02:856][589]LogModuleManager: Shutting down and abandoning module LevelSequenceEditor (193)
[2017.07.24-10.58.02:856][589]LogModuleManager: Shutting down and abandoning module CharacterAI (192)
[2017.07.24-10.58.02:856][589]LogModuleManager: Shutting down and abandoning module SmartSnapping (191)
[2017.07.24-10.58.02:856][589]LogModuleManager: Shutting down and abandoning module SessionServices (190)
[2017.07.24-10.58.02:856][589]LogModuleManager: Shutting down and abandoning module ViewportSnapping (189)
[2017.07.24-10.58.02:856][589]LogModuleManager: Shutting down and abandoning module LogVisualizer (188)
[2017.07.24-10.58.02:856][589]LogModuleManager: Shutting down and abandoning module GameProjectGeneration (187)
[2017.07.24-10.58.02:856][589]LogModuleManager: Shutting down and abandoning module IntroTutorials (186)
[2017.07.24-10.58.02:856][589]LogModuleManager: Shutting down and abandoning module EditorLiveStreaming (185)
[2017.07.24-10.58.02:856][589]LogModuleManager: Shutting down and abandoning module IOSPlatformEditor (184)
[2017.07.24-10.58.02:856][589]LogModuleManager: Shutting down and abandoning module HTML5PlatformEditor (183)
[2017.07.24-10.58.02:856][589]LogModuleManager: Shutting down and abandoning module AndroidDeviceDetection (182)
[2017.07.24-10.58.03:103][589]LogModuleManager: Shutting down and abandoning module AndroidPlatformEditor (181)
[2017.07.24-10.58.03:103][589]LogModuleManager: Shutting down and abandoning module IOSRuntimeSettings (180)
[2017.07.24-10.58.03:103][589]LogModuleManager: Shutting down and abandoning module AndroidRuntimeSettings (179)
[2017.07.24-10.58.03:103][589]LogModuleManager: Shutting down and abandoning module MergeActors (178)
[2017.07.24-10.58.03:103][589]LogModuleManager: Shutting down and abandoning module SizeMap (177)
[2017.07.24-10.58.03:103][589]LogModuleManager: Shutting down and abandoning module TreeMap (176)
[2017.07.24-10.58.03:103][589]LogModuleManager: Shutting down and abandoning module ReferenceViewer (175)
[2017.07.24-10.58.03:103][589]LogModuleManager: Shutting down and abandoning module LocalizationService (174)
[2017.07.24-10.58.03:103][589]LogModuleManager: Shutting down and abandoning module LocalizationDashboard (173)
[2017.07.24-10.58.03:103][589]LogModuleManager: Shutting down and abandoning module HardwareTargeting (172)
[2017.07.24-10.58.03:103][589]LogModuleManager: Shutting down and abandoning module DeviceProfileEditor (171)
[2017.07.24-10.58.03:103][589]LogModuleManager: Shutting down and abandoning module UndoHistory (170)
[2017.07.24-10.58.03:103][589]LogModuleManager: Shutting down and abandoning module UserFeedback (169)
[2017.07.24-10.58.03:103][589]LogModuleManager: Shutting down and abandoning module XmlParser (168)
[2017.07.24-10.58.03:103][589]LogModuleManager: Shutting down and abandoning module Blutility (167)
[2017.07.24-10.58.03:103][589]LogModuleManager: Shutting down and abandoning module ProjectTargetPlatformEditor (166)
[2017.07.24-10.58.03:103][589]LogModuleManager: Shutting down and abandoning module ProjectSettingsViewer (165)
[2017.07.24-10.58.03:103][589]LogModuleManager: Shutting down and abandoning module InputBindingEditor (164)
[2017.07.24-10.58.03:104][589]LogModuleManager: Shutting down and abandoning module EditorSettingsViewer (163)
[2017.07.24-10.58.03:104][589]LogModuleManager: Shutting down and abandoning module SettingsEditor (162)
[2017.07.24-10.58.03:104][589]LogModuleManager: Shutting down and abandoning module ProjectLauncher (161)
[2017.07.24-10.58.03:104][589]LogModuleManager: Shutting down and abandoning module SessionFrontend (160)
[2017.07.24-10.58.03:104][589]LogModuleManager: Shutting down and abandoning module ProfilerClient (159)
[2017.07.24-10.58.03:104][589]LogModuleManager: Shutting down and abandoning module TargetDeviceServices (158)
[2017.07.24-10.58.03:104][589]LogModuleManager: Shutting down and abandoning module DeviceManager (157)
[2017.07.24-10.58.03:154][589]LogModuleManager: Shutting down and abandoning module AutomationController (156)
[2017.07.24-10.58.03:154][589]LogModuleManager: Shutting down and abandoning module AutomationWindow (155)
[2017.07.24-10.58.03:154][589]LogModuleManager: Shutting down and abandoning module Layers (154)
[2017.07.24-10.58.03:154][589]LogModuleManager: Shutting down and abandoning module ComponentVisualizers (153)
[2017.07.24-10.58.03:154][589]LogModuleManager: Shutting down and abandoning module DetailCustomizations (152)
[2017.07.24-10.58.03:154][589]LogModuleManager: Shutting down and abandoning module PackagesDialog (151)
[2017.07.24-10.58.03:154][589]LogModuleManager: Shutting down and abandoning module Persona (150)
[2017.07.24-10.58.03:154][589]LogModuleManager: Shutting down and abandoning module Kismet (149)
[2017.07.24-10.58.03:154][589]LogModuleManager: Shutting down and abandoning module GraphEditor (148)
[2017.07.24-10.58.03:154][589]LogModuleManager: Shutting down and abandoning module ClassViewer (147)
[2017.07.24-10.58.03:156][589]LogModuleManager: Shutting down and abandoning module Toolbox (146)
[2017.07.24-10.58.03:156][589]LogModuleManager: Shutting down and abandoning module ModuleUI (145)
[2017.07.24-10.58.03:157][589]LogModuleManager: Shutting down and abandoning module MovieSceneTools (144)
[2017.07.24-10.58.03:157][589]LogModuleManager: Shutting down and abandoning module OutputLog (143)
[2017.07.24-10.58.03:157][589]LogModuleManager: Shutting down and abandoning module GammaUI (142)
[2017.07.24-10.58.03:157][589]LogModuleManager: Shutting down and abandoning module Documentation (141)
[2017.07.24-10.58.03:157][589]LogModuleManager: Shutting down and abandoning module StreamingPauseRendering (140)
[2017.07.24-10.58.03:157][589]LogModuleManager: Shutting down and abandoning module AnalyticsET (139)
[2017.07.24-10.58.03:157][589]LogModuleManager: Shutting down and abandoning module Analytics (138)
[2017.07.24-10.58.03:157][589]LogModuleManager: Shutting down and abandoning module PortalServices (137)
[2017.07.24-10.58.03:157][589]LogModuleManager: Shutting down and abandoning module PortalRpc (136)
[2017.07.24-10.58.03:157][589]LogModuleManager: Shutting down and abandoning module MessagingRpc (135)
[2017.07.24-10.58.03:157][589]LogModuleManager: Shutting down and abandoning module GameplayDebugger (134)
[2017.07.24-10.58.03:157][589]LogModuleManager: Shutting down and abandoning module AITestSuite (133)
[2017.07.24-10.58.03:157][589]LogModuleManager: Shutting down and abandoning module AIModule (132)
[2017.07.24-10.58.03:157][589]LogModuleManager: Shutting down and abandoning module ProfilerService (131)
[2017.07.24-10.58.03:173][589]LogModuleManager: Shutting down and abandoning module TaskGraph (130)
[2017.07.24-10.58.03:173][589]LogModuleManager: Shutting down and abandoning module SlateRemote (129)
[2017.07.24-10.58.03:174][589]LogModuleManager: Shutting down and abandoning module SteamVRController (128)
[2017.07.24-10.58.03:174][589]LogModuleManager: Shutting down and abandoning module SteamVR (127)
[2017.07.24-10.58.03:174][589]LogModuleManager: Shutting down and abandoning module ProceduralMeshComponent (126)
[2017.07.24-10.58.03:174][589]LogModuleManager: Shutting down and abandoning module OculusLibrary (125)
[2017.07.24-10.58.03:174][589]LogModuleManager: Shutting down and abandoning module OculusInput (124)
[2017.07.24-10.58.03:174][589]LogModuleManager: Shutting down and abandoning module HoudiniEngineRuntime (123)
[2017.07.24-10.58.03:174][589]LogHoudiniEngine: Shutting down the Houdini Engine module.
[2017.07.24-10.58.03:174][589]LogUObjectArray:Warning: Invalid object index -572662307
[2017.07.24-10.58.03:174][589]LogUObjectArray:Warning: Invalid object index -572662307
[2017.07.24-10.58.03:174][589]LogUObjectArray:Warning: Invalid object index -572662307
[2017.07.24-10.58.03:174][589]LogUObjectArray:Warning: Invalid object index -572662307
[2017.07.24-10.58.03:178][589]LogModuleManager: Shutting down and abandoning module CustomMeshComponent (122)
[2017.07.24-10.58.03:178][589]LogModuleManager: Shutting down and abandoning module CableComponent (121)
[2017.07.24-10.58.03:178][589]LogModuleManager: Shutting down and abandoning module ArchVisCharacter (120)
[2017.07.24-10.58.03:178][589]LogModuleManager: Shutting down and abandoning module MediaPlayerEditor (119)
[2017.07.24-10.58.03:178][589]LogModuleManager: Shutting down and abandoning module HTML5Networking (118)
[2017.07.24-10.58.03:178][589]LogModuleManager: Shutting down and abandoning module SuperSearch (117)
[2017.07.24-10.58.03:178][589]LogModuleManager: Shutting down and abandoning module SuperSearchEditor (116)
[2017.07.24-10.58.03:178][589]LogModuleManager: Shutting down and abandoning module SpeedTreeImporter (115)
[2017.07.24-10.58.03:178][589]LogModuleManager: Shutting down and abandoning module PluginBrowser (114)
[2017.07.24-10.58.03:178][589]LogModuleManager: Shutting down and abandoning module EpicSurvey (113)
[2017.07.24-10.58.03:178][589]LogModuleManager: Shutting down and abandoning module DesktopPlatform (112)
[2017.07.24-10.58.03:178][589]LogModuleManager: Shutting down and abandoning module VisualStudioSourceCodeAccess (111)
[2017.07.24-10.58.03:178][589]LogModuleManager: Shutting down and abandoning module UObjectPlugin (110)
[2017.07.24-10.58.03:178][589]LogModuleManager: Shutting down and abandoning module SubversionSourceControl (109)
[2017.07.24-10.58.03:178][589]LogModuleManager: Shutting down and abandoning module PerforceSourceControl (108)
[2017.07.24-10.58.03:178][589]LogModuleManager: Shutting down and abandoning module SourceControl (107)
[2017.07.24-10.58.03:178][589]LogModuleManager: Shutting down and abandoning module GitSourceControl (106)
[2017.07.24-10.58.03:178][589]LogModuleManager: Shutting down and abandoning module LightPropagationVolumeEditor (105)
[2017.07.24-10.58.03:178][589]LogModuleManager: Shutting down and abandoning module PaperTiledImporter (104)
[2017.07.24-10.58.03:178][589]LogModuleManager: Shutting down and abandoning module PaperSpriteSheetImporter (103)
[2017.07.24-10.58.03:178][589]LogModuleManager: Shutting down and abandoning module MeshPaint (102)
[2017.07.24-10.58.03:178][589]LogModuleManager: Shutting down and abandoning module PixelInspectorModule (101)
[2017.07.24-10.58.03:178][589]LogModuleManager: Shutting down and abandoning module HotReload (100)
[2017.07.24-10.58.03:180][589]LogModuleManager: Shutting down and abandoning module MainFrame (99)
[2017.07.24-10.58.03:180][589]LogModuleManager: Shutting down and abandoning module LevelEditor (98)
[2017.07.24-10.58.03:181][589]LogModuleManager: Shutting down and abandoning module ContentBrowser (97)
[2017.07.24-10.58.03:182][589]LogModuleManager: Shutting down and abandoning module Paper2DEditor (96)
[2017.07.24-10.58.03:182][589]LogModuleManager: Shutting down and abandoning module UdpMessaging (94)
[2017.07.24-10.58.03:282][589]LogModuleManager: Shutting down and abandoning module LightPropagationVolumeRuntime (93)
[2017.07.24-10.58.03:282][589]LogModuleManager: Shutting down and abandoning module Paper2D (92)
[2017.07.24-10.58.03:282][589]LogModuleManager: Shutting down and abandoning module WindowsMoviePlayer (91)
[2017.07.24-10.58.03:282][589]LogModuleManager: Shutting down and abandoning module Media (90)
[2017.07.24-10.58.03:282][589]LogModuleManager: Shutting down and abandoning module WmfMedia (89)
[2017.07.24-10.58.03:283][589]LogModuleManager: Shutting down and abandoning module MediaAssets (88)
[2017.07.24-10.58.03:283][589]LogModuleManager: Shutting down and abandoning module GameLiveStreaming (87)
[2017.07.24-10.58.03:283][589]LogModuleManager: Shutting down and abandoning module GameplayTagsEditor (86)
[2017.07.24-10.58.03:283][589]LogModuleManager: Shutting down and abandoning module OnlineBlueprintSupport (85)
[2017.07.24-10.58.03:283][589]LogModuleManager: Shutting down and abandoning module VREditor (84)
[2017.07.24-10.58.03:283][589]LogModuleManager: Shutting down and abandoning module GameplayTasksEditor (83)
[2017.07.24-10.58.03:283][589]LogModuleManager: Shutting down and abandoning module PropertyEditor (82)
[2017.07.24-10.58.03:283][589]LogModuleManager: Shutting down and abandoning module BehaviorTreeEditor (81)
[2017.07.24-10.58.03:283][589]LogModuleManager: Shutting down and abandoning module FunctionalTesting (80)
[2017.07.24-10.58.03:283][589]LogModuleManager: Shutting down and abandoning module CollisionAnalyzer (79)
[2017.07.24-10.58.03:283][589]LogModuleManager: Shutting down and abandoning module Sequencer (78)
[2017.07.24-10.58.03:283][589]LogModuleManager: Shutting down and abandoning module WorkspaceMenuStructure (77)
[2017.07.24-10.58.03:283][589]LogModuleManager: Shutting down and abandoning module MessageLog (76)
[2017.07.24-10.58.03:283][589]LogModuleManager: Shutting down and abandoning module AssetTools (75)
[2017.07.24-10.58.03:284][589]LogModuleManager: Shutting down and abandoning module UMGEditor (74)
[2017.07.24-10.58.03:284][589]LogModuleManager: Shutting down and abandoning module UMG (73)
[2017.07.24-10.58.03:284][589]LogModuleManager: Shutting down and abandoning module SlateReflector (72)
[2017.07.24-10.58.03:284][589]LogModuleManager: Shutting down and abandoning module Slate (71)
[2017.07.24-10.58.03:284][589]LogModuleManager: Shutting down and abandoning module EditorStyle (70)
[2017.07.24-10.58.03:290][589]LogModuleManager: Shutting down and abandoning module SourceCodeAccess (69)
[2017.07.24-10.58.03:290][589]LogModuleManager: Shutting down and abandoning module HeadMountedDisplay (68)
[2017.07.24-10.58.03:290][589]LogModuleManager: Shutting down and abandoning module XAudio2 (67)
[2017.07.24-10.58.03:290][589]LogModuleManager: Shutting down and abandoning module Networking (65)
[2017.07.24-10.58.03:290][589]LogModuleManager: Shutting down and abandoning module Core (64)
[2017.07.24-10.58.03:290][589]LogModuleManager: Shutting down and abandoning module DirectoryWatcher (63)
[2017.07.24-10.58.03:292][589]LogModuleManager: Shutting down and abandoning module AssetRegistry (62)
[2017.07.24-10.58.03:476][589]LogModuleManager: Shutting down and abandoning module KismetCompiler (61)
[2017.07.24-10.58.03:476][589]LogModuleManager: Shutting down and abandoning module PhysXFormats (60)
[2017.07.24-10.58.03:476][589]LogModuleManager: Shutting down and abandoning module MeshUtilities (59)
[2017.07.24-10.58.03:476][589]LogModuleManager: Shutting down and abandoning module DerivedDataCache (58)
[2017.07.24-10.58.03:523][589]LogDerivedDataCache: Shutdown
[2017.07.24-10.58.03:523][589]LogModuleManager: Shutting down and abandoning module VulkanShaderFormat (57)
[2017.07.24-10.58.03:523][589]LogModuleManager: Shutting down and abandoning module ShaderFormatOpenGL (56)
[2017.07.24-10.58.03:523][589]LogModuleManager: Shutting down and abandoning module ShaderFormatD3D (55)
[2017.07.24-10.58.03:523][589]LogModuleManager: Shutting down and abandoning module MetalShaderFormat (54)
[2017.07.24-10.58.03:523][589]LogModuleManager: Shutting down and abandoning module TextureFormatUncompressed (53)
[2017.07.24-10.58.03:523][589]LogModuleManager: Shutting down and abandoning module TextureFormatPVR (52)
[2017.07.24-10.58.03:523][589]LogModuleManager: Shutting down and abandoning module TextureFormatIntelISPCTexComp (51)
[2017.07.24-10.58.03:523][589]LogModuleManager: Shutting down and abandoning module TextureFormatDXT (50)
[2017.07.24-10.58.03:523][589]LogModuleManager: Shutting down and abandoning module ImageWrapper (49)
[2017.07.24-10.58.03:523][589]LogModuleManager: Shutting down and abandoning module TextureFormatASTC (48)
[2017.07.24-10.58.03:523][589]LogModuleManager: Shutting down and abandoning module TextureFormatAndroid (47)
[2017.07.24-10.58.03:523][589]LogModuleManager: Shutting down and abandoning module AudioFormatOpus (46)
[2017.07.24-10.58.03:523][589]LogModuleManager: Shutting down and abandoning module AudioFormatOgg (45)
[2017.07.24-10.58.03:523][589]LogModuleManager: Shutting down and abandoning module AudioFormatADPCM (44)
[2017.07.24-10.58.03:523][589]LogModuleManager: Shutting down and abandoning module LinuxTargetPlatform (43)
[2017.07.24-10.58.03:523][589]LogModuleManager: Shutting down and abandoning module LinuxServerTargetPlatform (42)
[2017.07.24-10.58.03:523][589]LogModuleManager: Shutting down and abandoning module LinuxNoEditorTargetPlatform (41)
[2017.07.24-10.58.03:523][589]LogModuleManager: Shutting down and abandoning module TVOSTargetPlatform (40)
[2017.07.24-10.58.03:523][589]LogModuleManager: Shutting down and abandoning module Messaging (39)
[2017.07.24-10.58.03:523][589]LogModuleManager: Shutting down and abandoning module IOSTargetPlatform (38)
[2017.07.24-10.58.03:523][589]LogModuleManager: Shutting down and abandoning module HTML5TargetPlatform (37)
[2017.07.24-10.58.03:523][589]LogModuleManager: Shutting down and abandoning module Android_PVRTCTargetPlatform (36)
[2017.07.24-10.58.03:524][589]LogModuleManager: Shutting down and abandoning module Android_MultiTargetPlatform (35)
[2017.07.24-10.58.03:524][589]LogModuleManager: Shutting down and abandoning module Android_ETC2TargetPlatform (34)
[2017.07.24-10.58.03:524][589]LogModuleManager: Shutting down and abandoning module Android_ETC1TargetPlatform (33)
[2017.07.24-10.58.03:524][589]LogModuleManager: Shutting down and abandoning module Android_DXTTargetPlatform (32)
[2017.07.24-10.58.03:524][589]LogModuleManager: Shutting down and abandoning module Android_ATCTargetPlatform (31)
[2017.07.24-10.58.03:524][589]LogModuleManager: Shutting down and abandoning module Android_ASTCTargetPlatform (30)
[2017.07.24-10.58.03:524][589]LogModuleManager: Shutting down and abandoning module AndroidTargetPlatform (29)
[2017.07.24-10.58.03:524][589]LogModuleManager: Shutting down and abandoning module WindowsTargetPlatform (28)
[2017.07.24-10.58.03:524][589]LogModuleManager: Shutting down and abandoning module WindowsServerTargetPlatform (27)
[2017.07.24-10.58.03:524][589]LogModuleManager: Shutting down and abandoning module WindowsNoEditorTargetPlatform (26)
[2017.07.24-10.58.03:524][589]LogModuleManager: Shutting down and abandoning module WindowsClientTargetPlatform (25)
[2017.07.24-10.58.03:524][589]LogModuleManager: Shutting down and abandoning module AllDesktopTargetPlatform (24)
[2017.07.24-10.58.03:524][589]LogModuleManager: Shutting down and abandoning module TargetPlatform (23)
[2017.07.24-10.58.03:524][589]LogModuleManager: Shutting down and abandoning module InputCore (22)
[2017.07.24-10.58.03:524][589]LogModuleManager: Shutting down and abandoning module Settings (21)
[2017.07.24-10.58.03:524][589]LogModuleManager: Shutting down and abandoning module OnlineSubsystem (19)
[2017.07.24-10.58.03:524][589]LogModuleManager: Shutting down and abandoning module HTTP (18)
[2017.07.24-10.58.06:526][589]LogModuleManager: Shutting down and abandoning module XMPP (17)
[2017.07.24-10.58.06:526][589]LogModuleManager: Shutting down and abandoning module OculusRift (16)
[2017.07.24-10.58.06:526][589]LogModuleManager: Shutting down and abandoning module ExampleDeviceProfileSelector (15)
[2017.07.24-10.58.06:526][589]LogModuleManager: Shutting down and abandoning module TextureCompressor (14)
[2017.07.24-10.58.06:526][589]LogModuleManager: Shutting down and abandoning module ShaderCore (13)
[2017.07.24-10.58.06:526][589]LogModuleManager: Shutting down and abandoning module Landscape (12)
[2017.07.24-10.58.06:526][589]LogModuleManager: Shutting down and abandoning module SlateRHIRenderer (11)
[2017.07.24-10.58.06:530][589]LogModuleManager: Shutting down and abandoning module OpenGLDrv (10)
[2017.07.24-10.58.06:530][589]LogModuleManager: Shutting down and abandoning module D3D11RHI (9)
[2017.07.24-10.58.06:530][589]LogModuleManager: Shutting down and abandoning module AnimGraphRuntime (8)
[2017.07.24-10.58.06:530][589]LogModuleManager: Shutting down and abandoning module Renderer (7)
[2017.07.24-10.58.06:530][589]LogModuleManager: Shutting down and abandoning module Engine (6)
[2017.07.24-10.58.06:530][589]LogModuleManager: Shutting down and abandoning module CoreUObject (5)
[2017.07.24-10.58.06:530][589]LogModuleManager: Shutting down and abandoning module NetworkFile (4)
[2017.07.24-10.58.06:530][589]LogModuleManager: Shutting down and abandoning module StreamingFile (3)
[2017.07.24-10.58.06:530][589]LogModuleManager: Shutting down and abandoning module SandboxFile (2)
[2017.07.24-10.58.06:530][589]LogModuleManager: Shutting down and abandoning module PakFile (1)
[2017.07.24-10.58.06:535][589]LogExit: Exiting.
[2017.07.24-10.58.06:539][589]Log file closed, 07/24/17 11:58:06
