Log file open, 07/10/17 11:03:24
LogInit:Display: Running engine for game: Ava
LogPlatformFile: Not using cached read wrapper
LogInit:Display: RandInit(169289900) SRandInit(169289901).
LogTaskGraph: Started task graph with 4 named threads and 7 total threads with 1 sets of task threads.
LogStats: Stats thread started at 0.072968
LogInit: Version: 4.12.5-3039270+++UE4+Release-4.12
LogInit: API Version: 2992821
LogInit: Net Version: 3039270
LogDevObjectVersion: Number of dev versions registered: 13
LogDevObjectVersion:   Dev-Blueprints (B0D832E4-1F89-4F0D-ACCF-7EB736FD4AA2): 3
LogDevObjectVersion:   Dev-Build (E1C64328-A22C-4D53-A36C-8E866417BD8C): 0
LogDevObjectVersion:   Dev-Core (375EC13C-06E4-48FB-B500-84F0262A717E): 1
LogDevObjectVersion:   Dev-Editor (E4B068ED-F494-42E9-A231-DA0B2E46BB41): 2
LogDevObjectVersion:   Dev-Framework (CFFC743F-43B0-4480-9391-14DF171D2073): 6
LogDevObjectVersion:   Dev-Mobile (B02B49B5-BB20-44E9-A304-32B752E40360): 0
LogDevObjectVersion:   Dev-Networking (A4E4105C-59A1-49B5-A7C5-40C4547EDFEE): 0
LogDevObjectVersion:   Dev-Online (39C831C9-5AE6-47DC-9A44-9C173E1C8E7C): 0
LogDevObjectVersion:   Dev-Physics (78F01B33-EBEA-4F98-B9B4-84EACCB95AA2): 0
LogDevObjectVersion:   Dev-Platform (6631380F-2D4D-43E0-8009-CF276956A95A): 0
LogDevObjectVersion:   Dev-Rendering (12F88B9F-8875-4AFC-A67C-D90C383ABD29): 2
LogDevObjectVersion:   Dev-Sequencer (7B5AE74C-D270-4C10-A958-57980B212A5A): 0
LogDevObjectVersion:   Dev-VR (D7296918-1DD6-4BDD-9DE2-64A83CC13884): 0
LogInit: Compiled (64-bit): Jul  6 2016 09:09:46
LogInit: Compiled with Visual C++: 19.00.23026.00
LogInit: Build Configuration: Development
LogInit: Branch Name: ++UE4+Release-4.12
LogInit: Command line:  
LogInit: Base directory: C:/Program Files/Epic Games/UE_4.12/Engine/Binaries/Win64/
LogInit: Installed Engine Build: 1
LogInit: Using libcurl 7.41.0
LogInit:  - built for x86_64-pc-win32
LogInit:  - supports SSL with WinSSL
LogInit:  - other features:
LogInit:      CURL_VERSION_SSL
LogInit:      CURL_VERSION_IPV6
LogInit:      CURL_VERSION_ASYNCHDNS
LogInit:      CURL_VERSION_LARGEFILE
LogInit:      CURL_VERSION_IDN
LogInit:  CurlRequestOptions (configurable via config and command line):
LogInit:  - bVerifyPeer = true  - Libcurl will verify peer certificate
LogInit:  - bUseHttpProxy = false  - Libcurl will NOT use HTTP proxy
LogInit:  - bDontReuseConnections = false  - Libcurl will reuse connections
LogInit:  - CertBundlePath = nullptr  - Libcurl will use whatever was configured at build time.
LogInit: Presizing for max 8388607 objects, including 0 objects not considered by GC, pre-allocating 0 bytes for permanent pool.
LogInit: Object subsystem initialized
[2017.07.10-10.03.24:480][  0]LogInit: Selected Device Profile: [Windows]
[2017.07.10-10.03.24:480][  0]LogInit: Applying CVar settings loaded from the selected device profile: [Windows]
[2017.07.10-10.03.24:516][  0]LogInit: Computer: TOKEPI
[2017.07.10-10.03.24:516][  0]LogInit: User: LloydPhillips
[2017.07.10-10.03.24:516][  0]LogInit: CPU Page size=65536, Cores=4
[2017.07.10-10.03.24:516][  0]LogInit: High frequency timer resolution =3.330091 MHz
[2017.07.10-10.03.24:516][  0]LogMemory: Memory total: Physical=7.9GB (8GB approx)
[2017.07.10-10.03.24:516][  0]LogMemory: Platform Memory Stats for Windows
[2017.07.10-10.03.24:516][  0]LogMemory: Process Physical Memory: 194.87 MB used, 194.87 MB peak
[2017.07.10-10.03.24:516][  0]LogMemory: Process Virtual Memory: 195.34 MB used, 195.34 MB peak
[2017.07.10-10.03.24:516][  0]LogMemory: Physical Memory: 6021.07 MB used, 8135.61 MB total
[2017.07.10-10.03.24:516][  0]LogMemory: Virtual Memory: 590.48 MB used, 134217728.00 MB total
[2017.07.10-10.03.24:679][  0]LogTextLocalizationManager: No specific translations for ('en-US') exist, so ('en') translations will be used.
[2017.07.10-10.03.25:192][  0]LogD3D11RHI: D3D11 adapters:
[2017.07.10-10.03.25:799][  0]LogD3D11RHI:    0. 'NVIDIA GeForce GTX 660' (Feature Level 11_0)
[2017.07.10-10.03.25:799][  0]LogD3D11RHI:       2016/0/4067 MB DedicatedVideo/DedicatedSystem/SharedSystem, Outputs:2, VendorId:0x10de
[2017.07.10-10.03.25:805][  0]LogD3D11RHI:    1. 'Microsoft Basic Render Driver' (Feature Level 11_0)
[2017.07.10-10.03.25:805][  0]LogD3D11RHI:       0/0/4067 MB DedicatedVideo/DedicatedSystem/SharedSystem, Outputs:0, VendorId:0x1414
[2017.07.10-10.03.25:805][  0]LogD3D11RHI: Chosen D3D11 Adapter: 0
[2017.07.10-10.03.25:810][  0]LogD3D11RHI: Creating new Direct3DDevice
[2017.07.10-10.03.25:811][  0]LogD3D11RHI:     GPU DeviceId: 0x11c0 (for the marketing name, search the web for "GPU Device Id")
[2017.07.10-10.03.25:811][  0]LogWindows: EnumDisplayDevices:
[2017.07.10-10.03.25:811][  0]LogWindows:    0. 'NVIDIA GeForce GTX 660' (P:1 D:1)
[2017.07.10-10.03.25:811][  0]LogWindows:    1. 'NVIDIA GeForce GTX 660' (P:0 D:1)
[2017.07.10-10.03.25:811][  0]LogWindows:    2. 'NVIDIA GeForce GTX 660' (P:0 D:0)
[2017.07.10-10.03.25:811][  0]LogWindows:    3. 'NVIDIA GeForce GTX 660' (P:0 D:0)
[2017.07.10-10.03.25:811][  0]LogWindows: DebugString: FoundDriverCount:4 
[2017.07.10-10.03.25:811][  0]LogD3D11RHI:     Adapter Name: NVIDIA GeForce GTX 660
[2017.07.10-10.03.25:811][  0]LogD3D11RHI:   Driver Version: 382.33 (internal:22.21.13.8233, unified:382.33)
[2017.07.10-10.03.25:811][  0]LogD3D11RHI:      Driver Date: 5-17-2017
[2017.07.10-10.03.25:811][  0]LogRHI: Texture pool is 1361 MB (70% of 1945 MB)
[2017.07.10-10.03.26:333][  0]LogD3D11RHI: Async texture creation enabled
[2017.07.10-10.03.26:604][  0]LogD3D11RHI: GPU Timing Frequency: 1000.000000 (Debug: 2 2)
[2017.07.10-10.03.26:604][  0]LogShaderCompilers: Guid format shader working directory is -12 characters bigger than the processId version (G:/University Work/Masters/MastersProject/MastersProject/Ava/Intermediate/Shaders/WorkingDirectory/11200/).
[2017.07.10-10.03.26:604][  0]LogShaderCompilers: Cleaned the shader compiler working directory 'C:/Users/LLOYDP~1/AppData/Local/Temp/UnrealShaderWorkingDir/AEEF27D94FD94628CE7B6EB6274DABA6/'.
[2017.07.10-10.03.26:604][  0]LogShaderCompilers:Display: Using Local Shader Compiler.
[2017.07.10-10.03.28:595][  0]LogTemp:Display: Loaded TP AllDesktopTargetPlatform
[2017.07.10-10.03.28:604][  0]LogTemp:Display: Loaded TP WindowsClientTargetPlatform
[2017.07.10-10.03.28:614][  0]LogTemp:Display: Loaded TP WindowsNoEditorTargetPlatform
[2017.07.10-10.03.28:624][  0]LogTemp:Display: Loaded TP WindowsServerTargetPlatform
[2017.07.10-10.03.28:633][  0]LogTemp:Display: Loaded TP WindowsTargetPlatform
[2017.07.10-10.03.28:645][  0]LogTemp:Display: Loaded TP AndroidTargetPlatform
[2017.07.10-10.03.28:653][  0]LogTemp:Display: Loaded TP Android_ASTCTargetPlatform
[2017.07.10-10.03.28:662][  0]LogTemp:Display: Loaded TP Android_ATCTargetPlatform
[2017.07.10-10.03.28:670][  0]LogTemp:Display: Loaded TP Android_DXTTargetPlatform
[2017.07.10-10.03.28:678][  0]LogTemp:Display: Loaded TP Android_ETC1TargetPlatform
[2017.07.10-10.03.28:686][  0]LogTemp:Display: Loaded TP Android_ETC2TargetPlatform
[2017.07.10-10.03.28:703][  0]LogTemp:Display: Loaded TP Android_MultiTargetPlatform
[2017.07.10-10.03.28:703][  0]LogTemp:Display: Loaded TP Android_PVRTCTargetPlatform
[2017.07.10-10.03.28:704][  0]LogTemp:Display: Loaded TP HTML5TargetPlatform
[2017.07.10-10.03.28:755][  0]LogTemp:Display: Loaded TP IOSTargetPlatform
[2017.07.10-10.03.28:763][  0]LogTemp:Display: Loaded TP TVOSTargetPlatform
[2017.07.10-10.03.28:771][  0]LogTemp:Display: Loaded TP LinuxNoEditorTargetPlatform
[2017.07.10-10.03.28:779][  0]LogTemp:Display: Loaded TP LinuxServerTargetPlatform
[2017.07.10-10.03.28:791][  0]LogTemp:Display: Loaded TP LinuxTargetPlatform
[2017.07.10-10.03.28:791][  0]LogTargetPlatformManager:Display: Building Assets For Windows
[2017.07.10-10.03.28:927][  0]LogDerivedDataCache:Display: Max Cache Size: 512 MB
[2017.07.10-10.03.29:253][  0]LogDerivedDataCache: Loaded boot cache 0.33s 48MB C:/Users/Lloyd Phillips/AppData/Local/UnrealEngine/4.12/DerivedDataCache/Boot.ddc.
[2017.07.10-10.03.29:253][  0]LogDerivedDataCache:Display: Loaded Boot cache: C:/Users/Lloyd Phillips/AppData/Local/UnrealEngine/4.12/DerivedDataCache/Boot.ddc
[2017.07.10-10.03.29:253][  0]LogDerivedDataCache: FDerivedDataBackendGraph:  Pak pak cache file G:/University Work/Masters/MastersProject/MastersProject/Ava/DerivedDataCache/DDC.ddp not found, will not use a pak cache.
[2017.07.10-10.03.29:253][  0]LogDerivedDataCache: Unable to find inner node Pak for hierarchical cache Hierarchy.
[2017.07.10-10.03.29:253][  0]LogDerivedDataCache: FDerivedDataBackendGraph:  CompressedPak pak cache file G:/University Work/Masters/MastersProject/MastersProject/Ava/DerivedDataCache/Compressed.ddp not found, will not use a pak cache.
[2017.07.10-10.03.29:253][  0]LogDerivedDataCache: Unable to find inner node CompressedPak for hierarchical cache Hierarchy.
[2017.07.10-10.03.29:267][  0]LogDerivedDataCache:Display: Pak cache opened for reading ../../../Engine/DerivedDataCache/Compressed.ddp.
[2017.07.10-10.03.29:279][  0]LogDerivedDataCache: Using Local data cache path C:/Users/Lloyd Phillips/AppData/Local/UnrealEngine/Common/DerivedDataCache: Writable
[2017.07.10-10.03.29:757][  0]LogInit: Selected Device Profile: [Windows]
[2017.07.10-10.03.29:759][  0]LogContentStreaming: Texture pool size is 0.00 MB
[2017.07.10-10.03.29:944][  0]LogMeshUtilities: No automatic mesh reduction module available
[2017.07.10-10.03.29:944][  0]LogMeshUtilities: No automatic mesh merging module available
[2017.07.10-10.03.29:944][  0]LogMeshUtilities: No distributed automatic mesh merging module available
[2017.07.10-10.03.30:299][  0]LogAssetRegistry: FAssetRegistry took 0.0216 seconds to start up
[2017.07.10-10.03.30:357][  0]LogPackageLocalizationCache: Processed 3 localized package path(s) for 2 prioritized culture(s) in 0.054776 seconds
[2017.07.10-10.03.30:362][  0]LogUObjectArray: 28739 objects as part of root set at end of initial load.
[2017.07.10-10.03.30:362][  0]LogUObjectAllocator: 5855632 out of 0 bytes used by permanent object pool.
[2017.07.10-10.03.30:362][  0]LogUObjectArray: CloseDisregardForGC: 0/0 objects in disregard for GC pool
[2017.07.10-10.03.30:376][  0]LogInit: WinSock: version 1.1 (2.2), MaxSocks=32767, MaxUdp=65467
[2017.07.10-10.03.30:721][  0]LogSlate: SlateFontCache - WITH_FREETYPE: 1, WITH_HARFBUZZ: 1
[2017.07.10-10.03.30:721][  0]LogSlate: SlateFontCache - WITH_FREETYPE: 1, WITH_HARFBUZZ: 1
[2017.07.10-10.03.33:109][  0]LogUdpMessaging: Initializing bridge on interface 0.0.0.0:0 to multicast group 230.0.0.1:6666.
[2017.07.10-10.03.33:189][  0]LogStats: FPlatformStackWalk::StackWalkAndDump -  0.013 s
[2017.07.10-10.03.33:189][  0]LogOutputDevice:Warning: === Handled error: ===

Ensure condition failed: !AttachmentRules.bWeldSimulatedBodies [File:D:\Build\++UE4+Release-4.12+Compile\Sync\Engine\Source\Runtime\Engine\Private\Components\SceneComponent.cpp] [Line: 1481]
AttachToComponent when called from a constructor cannot weld simulated bodies. Consider calling SetupAttachment directly instead.
Stack: 
UE4Editor-Core.dll
UE4Editor-Core.dll
UE4Editor-Core.dll
UE4Editor-Engine.dll
UE4Editor-Ava.dll
UE4Editor-CoreUObject.dll
UE4Editor-CoreUObject.dll
UE4Editor-CoreUObject.dll
UE4Editor-CoreUObject.dll
UE4Editor-Core.dll
UE4Editor-Core.dll
UE4Editor-Projects.dll
UE4Editor-Projects.dll
UE4Editor.exe
UE4Editor.exe
UE4Editor.exe
UE4Editor.exe
UE4Editor.exe
UE4Editor.exe
KERNEL32.DLL
ntdll.dll
ntdll.dll

[2017.07.10-10.03.33:189][  0]LogStats:                SubmitErrorReport -  0.000 s
[2017.07.10-10.03.39:785][  0]LogStats:                    SendNewReport -  6.596 s
[2017.07.10-10.03.39:785][  0]LogStats:             FDebug::EnsureFailed -  6.609 s
[2017.07.10-10.03.40:048][  0]SourceControl: Info Source control is disabled
[2017.07.10-10.03.41:052][  0]SourceControl: Info Source control is disabled
[2017.07.10-10.03.41:062][  0]SourceControl: Info Source control is disabled
[2017.07.10-10.03.41:072][  0]SourceControl: Info Source control is disabled
[2017.07.10-10.03.41:160][  0]LogLinker:Warning: Can't find file '/Game/ThirdPersonBP/ThirdPersonOverview'
[2017.07.10-10.03.41:160][  0]LogLinker:Warning: Can't find file '/Game/ThirdPersonBP/ThirdPersonOverview'
[2017.07.10-10.03.41:160][  0]LogUObjectGlobals:Warning: Failed to find object 'Class /Game/ThirdPersonBP/ThirdPersonOverview.ThirdPersonOverview_C'
[2017.07.10-10.03.41:353][  0]LogEngine: Initializing Engine...
[2017.07.10-10.03.41:445][  0]LogHMD: SteamVR failed to initialize.  Err: 110
[2017.07.10-10.03.41:446][  0]LogHMD: SteamVR failed to initialize.  Err: 110
[2017.07.10-10.03.41:634][  0]LogAIModule: Creating AISystem for world NewWorld
[2017.07.10-10.03.41:643][  0]LogInit: XAudio2 using 'BenQ GL2450H-4 (NVIDIA High Definition Audio)' : 2 channels at 48 kHz using 16 bits per sample (channel mask 0x3)
[2017.07.10-10.03.41:662][  0]LogInit: FAudioDevice initialized.
[2017.07.10-10.03.41:688][  0]LogDerivedDataCache: Saved boot cache 0.03s 48MB C:/Users/Lloyd Phillips/AppData/Local/UnrealEngine/4.12/DerivedDataCache/Boot.ddc.
[2017.07.10-10.03.41:697][  0]LogInit: Texture streaming: Enabled
[2017.07.10-10.03.41:726][  0]LogInit: Transaction tracking system initialized
[2017.07.10-10.03.41:752][  0]BlueprintLog: New page: Editor Load
[2017.07.10-10.03.41:865][  0]LocalizationService: Info Localization service is disabled
[2017.07.10-10.03.41:958][  0]LogConsoleResponse:Display: 
[2017.07.10-10.03.42:246][  0]LogCook:Display: Max memory allowance for cook 8192mb
[2017.07.10-10.03.42:246][  0]LogCook:Display: Mobile HDR setting 1
[2017.07.10-10.03.42:416][  0]LogFileCache: Scanning file cache for directory 'G:/University Work/Masters/MastersProject/MastersProject/Ava/Content/' took 0.02s
[2017.07.10-10.03.42:416][  0]SourceControl: Info Source control is disabled
[2017.07.10-10.03.42:416][  0]Cmd: MAP LOAD FILE="G:/University Work/Masters/MastersProject/MastersProject/Ava/Content/Ava/Maps/MainMenu.umap" TEMPLATE=0 SHOWPROGRESS=1 FEATURELEVEL=3
[2017.07.10-10.03.42:441][  0]LightingResults: New page: Lighting Build
[2017.07.10-10.03.42:443][  0]MapCheck: New page: Map Check
[2017.07.10-10.03.42:444][  0]LightingResults: New page: Lighting Build
[2017.07.10-10.03.42:587][  0]LogAIModule: Creating AISystem for world MainMenu
[2017.07.10-10.03.42:588][  0]LogEditorServer: Finished looking for orphan Actors (0.000 secs)
[2017.07.10-10.03.42:588][  0]Cmd: MAP CHECKDEP NOCLEARLOG
[2017.07.10-10.03.42:631][  0]MapCheck: Info Map check complete: 0 Error(s), 0 Warning(s), took 42.462ms to complete.
[2017.07.10-10.03.42:631][  0]LogFileHelpers: Loading map 'MainMenu' took 0.215
[2017.07.10-10.03.42:776][  0]LogCollectionManager: Loaded 0 collections in 0.001932 seconds
[2017.07.10-10.03.42:819][  0]LogFileCache: Scanning file cache for directory 'G:/University Work/Masters/MastersProject/MastersProject/Ava/Saved/Collections/' took 0.01s
[2017.07.10-10.03.42:819][  0]LogFileCache: Scanning file cache for directory 'G:/University Work/Masters/MastersProject/MastersProject/Ava/Content/Developers/LloydPhillips/Collections/' took 0.01s
[2017.07.10-10.03.42:819][  0]LogFileCache: Scanning file cache for directory 'G:/University Work/Masters/MastersProject/MastersProject/Ava/Content/Collections/' took 0.01s
[2017.07.10-10.03.42:819][  0]LogCollectionManager: Rebuilt the GUID cache for 0 collections in 0.000003 seconds
[2017.07.10-10.03.42:828][  0]LogContentBrowser: Native class hierarchy populated in 0.0089 seconds. Added 2064 classes and 371 folders.
[2017.07.10-10.03.42:831][  0]LogStats: UGameplayTagsManager::ConstructGameplayTagTree: Construct from data asset -  0.000 s
[2017.07.10-10.03.42:831][  0]LogStats: UGameplayTagsManager::ConstructGameplayTagTree: GameplayTagTreeChangedEvent.Broadcast -  0.000 s
[2017.07.10-10.03.42:833][  0]LogContentBrowser: Native class hierarchy updated for 'GameplayTags' in 0.0016 seconds. Added 12 classes and 0 folders.
[2017.07.10-10.03.42:839][  0]LogContentBrowser: Native class hierarchy updated for 'WidgetCarousel' in 0.0015 seconds. Added 0 classes and 0 folders.
[2017.07.10-10.03.43:182][  0]LogContentBrowser: Native class hierarchy updated for 'AddContentDialog' in 0.0015 seconds. Added 0 classes and 0 folders.
[2017.07.10-10.03.43:187][  0]LogContentBrowser: Native class hierarchy updated for 'SceneOutliner' in 0.0016 seconds. Added 1 classes and 2 folders.
[2017.07.10-10.03.43:264][  0]LogCrashTracker: Crashtracker disabled due to settings.
[2017.07.10-10.03.43:270][  0]LogUObjectGlobals:Warning: Failed to find object 'Class None.'
[2017.07.10-10.03.43:300][  0]LogContentBrowser: Native class hierarchy updated for 'HierarchicalLODOutliner' in 0.0017 seconds. Added 1 classes and 2 folders.
[2017.07.10-10.03.43:300][  0]LogLoad: Full Startup: 114.56 seconds (BP compile: 0.05 seconds)
[2017.07.10-10.03.43:300][  0]LogExternalProfiler: Found external profiler: VSPerf
[2017.07.10-10.03.43:300][  0]LogExternalProfiler: Using external profiler: VSPerf
[2017.07.10-10.03.43:309][  0]LogOcInput: OculusInput pre-init called
[2017.07.10-10.03.43:327][  0]LogContentStreaming: Texture pool size now 400 MB
[2017.07.10-10.03.43:495][  0]LogRenderer: Reallocating scene render targets to support 1456x520 (Frame:2).
[2017.07.10-10.03.43:650][  1]LogAssetRegistry: Asset discovery search completed in 13.3733 seconds
[2017.07.10-10.03.43:650][  1]LogCollectionManager: Rebuilt the object cache for 0 collections in 0.000001 seconds (found 0 objects)
[2017.07.10-10.03.43:651][  1]LogCollectionManager: Fixed up redirectors for 0 collections in 0.000048 seconds (updated 0 objects)
[2017.07.10-10.03.49:053][230]Recompiling Ava...
[2017.07.10-10.03.49:053][230]Launching UnrealBuildTool... [C:/Program Files/Epic Games/UE_4.12/Engine/Binaries/DotNET/UnrealBuildTool.exe Ava -ModuleWithSuffix Ava 9114 Win64 Development -editorrecompile -canskiplink "G:/University Work/Masters/MastersProject/MastersProject/Ava/Ava.uproject"  -2015]
[2017.07.10-10.03.49:054][230]Warning: Starting HotReload took  3.3s.
[2017.07.10-10.04.21:417][838]CompilerResultsLog: New page: Compilation - Jul 10, 2017, 11:04:21 AM
[2017.07.10-10.04.21:418][838]CompilerResultsLog: Info Creating makefile for hot reloading Ava (modules to compile have changed)
[2017.07.10-10.04.21:418][838]CompilerResultsLog: Info Compiling game modules for hot reload
[2017.07.10-10.04.21:418][838]CompilerResultsLog: Info Target is up to date
[2017.07.10-10.04.21:418][838]LogMainFrame: MainFrame: Module compiling took 32.374 seconds
[2017.07.10-10.04.21:441][838]LogContentBrowser: Native class hierarchy populated in 0.0099 seconds. Added 2066 classes and 375 folders.
[2017.07.10-10.04.21:441][838]Warning: HotReload took 35.7s.
[2017.07.10-10.04.36:053][479]LogBlueprint:Warning: Compiler Warning InputAction Event references unknown Action 'Crouch' for  InputAction Crouch 
[2017.07.10-10.04.36:056][479]LogBlueprint:Warning: Compiler Warning [0167.32] Compile of Ue4ASP_Character successful, but with 1 Warning(s) [in 7 ms] (/Game/AnimStarterPack/Ue4ASP_Character.Ue4ASP_Character)
[2017.07.10-10.04.36:056][479]LogBlueprint:Warning: Compiler Warning [0167.32] Compile of Ue4ASP_Character successful, but with 2 Warning(s) [in 0 ms] (/Game/AnimStarterPack/Ue4ASP_Character.Ue4ASP_Character)
[2017.07.10-10.04.36:056][479]LogBlueprint:Warning: Compiler Warning [0167.32] Compile of Ue4ASP_Character successful, but with 3 Warning(s) [in 0 ms] (/Game/AnimStarterPack/Ue4ASP_Character.Ue4ASP_Character)
[2017.07.10-10.04.36:136][479]LogBlueprint:Warning: Compiler Warning InputAction Event references unknown Action 'Crouch' for  InputAction Crouch 
[2017.07.10-10.04.36:139][479]LogBlueprint:Warning: Compiler Warning [0167.40] Compile of Ue4ASP_Character successful, but with 1 Warning(s) [in 8 ms] (/Game/AnimStarterPack/Ue4ASP_Character.Ue4ASP_Character)
[2017.07.10-10.04.36:139][479]LogBlueprint:Warning: Compiler Warning [0167.40] Compile of Ue4ASP_Character successful, but with 2 Warning(s) [in 0 ms] (/Game/AnimStarterPack/Ue4ASP_Character.Ue4ASP_Character)
[2017.07.10-10.04.36:140][479]LogBlueprint:Warning: Compiler Warning [0167.40] Compile of Ue4ASP_Character successful, but with 3 Warning(s) [in 0 ms] (/Game/AnimStarterPack/Ue4ASP_Character.Ue4ASP_Character)
[2017.07.10-10.04.38:057][479]LogMaterial: Missing cached shader map for material M_Basic_Wall, compiling. 
[2017.07.10-10.04.38:057][479]LogMaterial:Warning: Failed to compile Material /Game/StarterContent/Materials/M_Basic_Wall.M_Basic_Wall for platform PCD3D_SM5, Default Material will be used in game.
[2017.07.10-10.04.38:057][479]LogMaterial:Warning: 	(Node TextureSample) TextureSample> Missing input texture
[2017.07.10-10.04.38:314][479]LogAIModule: Creating AISystem for world PalaceLevel
[2017.07.10-10.04.38:526][479]Cmd: MAP LOAD FILE="G:/University Work/Masters/MastersProject/MastersProject/Ava/Content/Ava/Maps/PalaceLevel.umap" TEMPLATE=0 SHOWPROGRESS=1 FEATURELEVEL=3
[2017.07.10-10.04.38:526][479]LightingResults: New page: Lighting Build
[2017.07.10-10.04.38:527][479]LoadErrors: New page: Loading map: PalaceLevel.umap
[2017.07.10-10.04.38:527][479]MapCheck: New page: Map Check
[2017.07.10-10.04.38:527][479]LightingResults: New page: Lighting Build
[2017.07.10-10.04.38:642][479]LogEditorServer: Finished looking for orphan Actors (0.000 secs)
[2017.07.10-10.04.38:705][479]Cmd: MAP CHECKDEP NOCLEARLOG
[2017.07.10-10.04.38:771][479]MapCheck: Info Map check complete: 0 Error(s), 0 Warning(s), took 65.703ms to complete.
[2017.07.10-10.04.38:771][479]LogFileHelpers: Loading map 'PalaceLevel' took 0.245
[2017.07.10-10.04.48:809][510]LogEditorViewport: Clicking on Actor (LMB): Brush (Wall_4_20)
[2017.07.10-10.04.55:737][238]Cmd: CAMERA ALIGN ACTIVEVIEWPORTONLY
[2017.07.10-10.04.56:913][363]Cmd: CAMERA ALIGN ACTIVEVIEWPORTONLY
[2017.07.10-10.06.15:405][434]Cmd: OBJ SAVEPACKAGE PACKAGE="/Game/Ava/Maps/PalaceLevel" FILE="G:/University Work/Masters/MastersProject/MastersProject/Ava/Content/Ava/Maps/PalaceLevel.umap" SILENT=true AUTOSAVING=false KEEPDIRTY=false
[2017.07.10-10.06.17:394][434]LogSavePackage: Save=1536.58ms
[2017.07.10-10.06.17:396][434]LogSavePackage: Moving 'G:/University Work/Masters/MastersProject/MastersProject/Ava/Saved/PalaceLevel76D4875342799B86E4A81E9C814234E4.tmp' to 'G:/University Work/Masters/MastersProject/MastersProject/Ava/Content/Ava/Maps/PalaceLevel.umap'
[2017.07.10-10.06.17:405][434]LogSavePackage:Display: Finished SavePackage G:/University Work/Masters/MastersProject/MastersProject/Ava/Content/Ava/Maps/PalaceLevel.umap
[2017.07.10-10.06.17:459][434]LogFileHelpers: Saving map 'PalaceLevel' took 2.123
[2017.07.10-10.06.17:610][434]LogWindowsTextInputMethodSystem:Display: IME system now deactivated.
[2017.07.10-10.06.17:832][435]Cmd: QUIT_EDITOR
[2017.07.10-10.06.17:924][435]LogExit: Preparing to exit.
[2017.07.10-10.06.18:815][435]LogExit: Editor shut down
[2017.07.10-10.06.18:816][435]LogExit: Transaction tracking system shut down
[2017.07.10-10.06.18:980][435]LogObj: Freed 0b from 0 cluster array pools.
[2017.07.10-10.06.18:980][435]LogExit: Object subsystem successfully closed.
[2017.07.10-10.06.18:998][435]LogD3D11RHI: Shutdown
[2017.07.10-10.06.18:998][435]LogD3D11RHI: CleanupD3DDevice
[2017.07.10-10.06.19:063][435]LogD3D11RHI: ~FD3D11DynamicRHI
[2017.07.10-10.06.19:079][435]LogModuleManager: Shutting down and abandoning module HierarchicalLODOutliner (214)
[2017.07.10-10.06.19:079][435]LogModuleManager: Shutting down and abandoning module CrashTracker (213)
[2017.07.10-10.06.19:079][435]LogModuleManager: Shutting down and abandoning module SceneOutliner (212)
[2017.07.10-10.06.19:079][435]LogModuleManager: Shutting down and abandoning module WidgetCarousel (211)
[2017.07.10-10.06.19:079][435]LogModuleManager: Shutting down and abandoning module AddContentDialog (210)
[2017.07.10-10.06.19:079][435]LogModuleManager: Shutting down and abandoning module GameplayTags (209)
[2017.07.10-10.06.19:079][435]LogModuleManager: Shutting down and abandoning module EditorWidgets (208)
[2017.07.10-10.06.19:079][435]LogModuleManager: Shutting down and abandoning module CollectionManager (207)
[2017.07.10-10.06.19:080][435]LogModuleManager: Shutting down and abandoning module StatsViewer (206)
[2017.07.10-10.06.19:080][435]LogModuleManager: Shutting down and abandoning module FoliageEdit (205)
[2017.07.10-10.06.19:080][435]LogModuleManager: Shutting down and abandoning module LandscapeEditor (204)
[2017.07.10-10.06.19:080][435]LogModuleManager: Shutting down and abandoning module SceneDepthPickerMode (203)
[2017.07.10-10.06.19:080][435]LogModuleManager: Shutting down and abandoning module ActorPickerMode (202)
[2017.07.10-10.06.19:080][435]LogModuleManager: Shutting down and abandoning module GeometryMode (201)
[2017.07.10-10.06.19:080][435]LogModuleManager: Shutting down and abandoning module TextureAlignMode (200)
[2017.07.10-10.06.19:080][435]LogModuleManager: Shutting down and abandoning module BspMode (199)
[2017.07.10-10.06.19:080][435]LogModuleManager: Shutting down and abandoning module HardwareSurvey (198)
[2017.07.10-10.06.19:080][435]LogModuleManager: Shutting down and abandoning module SequenceRecorderSections (197)
[2017.07.10-10.06.19:080][435]LogModuleManager: Shutting down and abandoning module SequenceRecorder (196)
[2017.07.10-10.06.19:080][435]LogModuleManager: Shutting down and abandoning module AutomationWorker (195)
[2017.07.10-10.06.19:080][435]LogModuleManager: Shutting down and abandoning module MatineeToLevelSequence (194)
[2017.07.10-10.06.19:080][435]LogModuleManager: Shutting down and abandoning module PlacementMode (193)
[2017.07.10-10.06.19:080][435]LogModuleManager: Shutting down and abandoning module LevelSequenceEditor (192)
[2017.07.10-10.06.19:080][435]LogModuleManager: Shutting down and abandoning module CharacterAI (191)
[2017.07.10-10.06.19:080][435]LogModuleManager: Shutting down and abandoning module SmartSnapping (190)
[2017.07.10-10.06.19:080][435]LogModuleManager: Shutting down and abandoning module SessionServices (189)
[2017.07.10-10.06.19:080][435]LogModuleManager: Shutting down and abandoning module ViewportSnapping (188)
[2017.07.10-10.06.19:080][435]LogModuleManager: Shutting down and abandoning module LogVisualizer (187)
[2017.07.10-10.06.19:080][435]LogModuleManager: Shutting down and abandoning module GameProjectGeneration (186)
[2017.07.10-10.06.19:080][435]LogModuleManager: Shutting down and abandoning module IntroTutorials (185)
[2017.07.10-10.06.19:080][435]LogModuleManager: Shutting down and abandoning module EditorLiveStreaming (184)
[2017.07.10-10.06.19:080][435]LogModuleManager: Shutting down and abandoning module IOSPlatformEditor (183)
[2017.07.10-10.06.19:080][435]LogModuleManager: Shutting down and abandoning module HTML5PlatformEditor (182)
[2017.07.10-10.06.19:080][435]LogModuleManager: Shutting down and abandoning module AndroidDeviceDetection (181)
[2017.07.10-10.06.19:984][435]LogModuleManager: Shutting down and abandoning module AndroidPlatformEditor (180)
[2017.07.10-10.06.19:984][435]LogModuleManager: Shutting down and abandoning module IOSRuntimeSettings (179)
[2017.07.10-10.06.19:984][435]LogModuleManager: Shutting down and abandoning module AndroidRuntimeSettings (178)
[2017.07.10-10.06.19:984][435]LogModuleManager: Shutting down and abandoning module MergeActors (177)
[2017.07.10-10.06.19:984][435]LogModuleManager: Shutting down and abandoning module SizeMap (176)
[2017.07.10-10.06.19:984][435]LogModuleManager: Shutting down and abandoning module TreeMap (175)
[2017.07.10-10.06.19:984][435]LogModuleManager: Shutting down and abandoning module ReferenceViewer (174)
[2017.07.10-10.06.19:984][435]LogModuleManager: Shutting down and abandoning module LocalizationService (173)
[2017.07.10-10.06.19:984][435]LogModuleManager: Shutting down and abandoning module LocalizationDashboard (172)
[2017.07.10-10.06.19:984][435]LogModuleManager: Shutting down and abandoning module HardwareTargeting (171)
[2017.07.10-10.06.19:984][435]LogModuleManager: Shutting down and abandoning module DeviceProfileEditor (170)
[2017.07.10-10.06.19:984][435]LogModuleManager: Shutting down and abandoning module UndoHistory (169)
[2017.07.10-10.06.19:984][435]LogModuleManager: Shutting down and abandoning module UserFeedback (168)
[2017.07.10-10.06.19:984][435]LogModuleManager: Shutting down and abandoning module XmlParser (167)
[2017.07.10-10.06.19:984][435]LogModuleManager: Shutting down and abandoning module Blutility (166)
[2017.07.10-10.06.19:984][435]LogModuleManager: Shutting down and abandoning module ProjectTargetPlatformEditor (165)
[2017.07.10-10.06.19:984][435]LogModuleManager: Shutting down and abandoning module ProjectSettingsViewer (164)
[2017.07.10-10.06.19:984][435]LogModuleManager: Shutting down and abandoning module InputBindingEditor (163)
[2017.07.10-10.06.19:985][435]LogModuleManager: Shutting down and abandoning module EditorSettingsViewer (162)
[2017.07.10-10.06.19:985][435]LogModuleManager: Shutting down and abandoning module SettingsEditor (161)
[2017.07.10-10.06.19:985][435]LogModuleManager: Shutting down and abandoning module ProjectLauncher (160)
[2017.07.10-10.06.19:985][435]LogModuleManager: Shutting down and abandoning module SessionFrontend (159)
[2017.07.10-10.06.19:985][435]LogModuleManager: Shutting down and abandoning module ProfilerClient (158)
[2017.07.10-10.06.19:985][435]LogModuleManager: Shutting down and abandoning module TargetDeviceServices (157)
[2017.07.10-10.06.19:985][435]LogModuleManager: Shutting down and abandoning module DeviceManager (156)
[2017.07.10-10.06.20:027][435]LogModuleManager: Shutting down and abandoning module AutomationController (155)
[2017.07.10-10.06.20:027][435]LogModuleManager: Shutting down and abandoning module AutomationWindow (154)
[2017.07.10-10.06.20:027][435]LogModuleManager: Shutting down and abandoning module Layers (153)
[2017.07.10-10.06.20:027][435]LogModuleManager: Shutting down and abandoning module ComponentVisualizers (152)
[2017.07.10-10.06.20:027][435]LogModuleManager: Shutting down and abandoning module DetailCustomizations (151)
[2017.07.10-10.06.20:027][435]LogModuleManager: Shutting down and abandoning module PackagesDialog (150)
[2017.07.10-10.06.20:027][435]LogModuleManager: Shutting down and abandoning module Persona (149)
[2017.07.10-10.06.20:027][435]LogModuleManager: Shutting down and abandoning module Kismet (148)
[2017.07.10-10.06.20:027][435]LogModuleManager: Shutting down and abandoning module GraphEditor (147)
[2017.07.10-10.06.20:027][435]LogModuleManager: Shutting down and abandoning module ClassViewer (146)
[2017.07.10-10.06.20:027][435]LogModuleManager: Shutting down and abandoning module Toolbox (145)
[2017.07.10-10.06.20:027][435]LogModuleManager: Shutting down and abandoning module ModuleUI (144)
[2017.07.10-10.06.20:028][435]LogModuleManager: Shutting down and abandoning module MovieSceneTools (143)
[2017.07.10-10.06.20:028][435]LogModuleManager: Shutting down and abandoning module OutputLog (142)
[2017.07.10-10.06.20:028][435]LogModuleManager: Shutting down and abandoning module GammaUI (141)
[2017.07.10-10.06.20:028][435]LogModuleManager: Shutting down and abandoning module Documentation (140)
[2017.07.10-10.06.20:028][435]LogModuleManager: Shutting down and abandoning module StreamingPauseRendering (139)
[2017.07.10-10.06.20:028][435]LogModuleManager: Shutting down and abandoning module AnalyticsET (138)
[2017.07.10-10.06.20:028][435]LogModuleManager: Shutting down and abandoning module Analytics (137)
[2017.07.10-10.06.20:028][435]LogModuleManager: Shutting down and abandoning module PortalServices (136)
[2017.07.10-10.06.20:028][435]LogModuleManager: Shutting down and abandoning module PortalRpc (135)
[2017.07.10-10.06.20:028][435]LogModuleManager: Shutting down and abandoning module MessagingRpc (134)
[2017.07.10-10.06.20:028][435]LogModuleManager: Shutting down and abandoning module GameplayDebugger (133)
[2017.07.10-10.06.20:028][435]LogModuleManager: Shutting down and abandoning module AITestSuite (132)
[2017.07.10-10.06.20:028][435]LogModuleManager: Shutting down and abandoning module AIModule (131)
[2017.07.10-10.06.20:028][435]LogModuleManager: Shutting down and abandoning module ProfilerService (130)
[2017.07.10-10.06.20:056][435]LogModuleManager: Shutting down and abandoning module TaskGraph (129)
[2017.07.10-10.06.20:056][435]LogModuleManager: Shutting down and abandoning module SlateRemote (128)
[2017.07.10-10.06.20:056][435]LogModuleManager: Shutting down and abandoning module SteamVRController (127)
[2017.07.10-10.06.20:056][435]LogModuleManager: Shutting down and abandoning module SteamVR (126)
[2017.07.10-10.06.20:056][435]LogModuleManager: Shutting down and abandoning module ProceduralMeshComponent (125)
[2017.07.10-10.06.20:056][435]LogModuleManager: Shutting down and abandoning module OculusLibrary (124)
[2017.07.10-10.06.20:056][435]LogModuleManager: Shutting down and abandoning module OculusInput (123)
[2017.07.10-10.06.20:056][435]LogModuleManager: Shutting down and abandoning module CustomMeshComponent (122)
[2017.07.10-10.06.20:056][435]LogModuleManager: Shutting down and abandoning module CableComponent (121)
[2017.07.10-10.06.20:056][435]LogModuleManager: Shutting down and abandoning module ArchVisCharacter (120)
[2017.07.10-10.06.20:056][435]LogModuleManager: Shutting down and abandoning module MediaPlayerEditor (119)
[2017.07.10-10.06.20:056][435]LogModuleManager: Shutting down and abandoning module HTML5Networking (118)
[2017.07.10-10.06.20:056][435]LogModuleManager: Shutting down and abandoning module SuperSearch (117)
[2017.07.10-10.06.20:056][435]LogModuleManager: Shutting down and abandoning module SuperSearchEditor (116)
[2017.07.10-10.06.20:056][435]LogModuleManager: Shutting down and abandoning module SpeedTreeImporter (115)
[2017.07.10-10.06.20:056][435]LogModuleManager: Shutting down and abandoning module PluginBrowser (114)
[2017.07.10-10.06.20:056][435]LogModuleManager: Shutting down and abandoning module EpicSurvey (113)
[2017.07.10-10.06.20:056][435]LogModuleManager: Shutting down and abandoning module DesktopPlatform (112)
[2017.07.10-10.06.20:056][435]LogModuleManager: Shutting down and abandoning module VisualStudioSourceCodeAccess (111)
[2017.07.10-10.06.20:056][435]LogModuleManager: Shutting down and abandoning module UObjectPlugin (110)
[2017.07.10-10.06.20:056][435]LogModuleManager: Shutting down and abandoning module SubversionSourceControl (109)
[2017.07.10-10.06.20:056][435]LogModuleManager: Shutting down and abandoning module PerforceSourceControl (108)
[2017.07.10-10.06.20:056][435]LogModuleManager: Shutting down and abandoning module SourceControl (107)
[2017.07.10-10.06.20:057][435]LogModuleManager: Shutting down and abandoning module GitSourceControl (106)
[2017.07.10-10.06.20:057][435]LogModuleManager: Shutting down and abandoning module LightPropagationVolumeEditor (105)
[2017.07.10-10.06.20:057][435]LogModuleManager: Shutting down and abandoning module PaperTiledImporter (104)
[2017.07.10-10.06.20:057][435]LogModuleManager: Shutting down and abandoning module PaperSpriteSheetImporter (103)
[2017.07.10-10.06.20:057][435]LogModuleManager: Shutting down and abandoning module MeshPaint (102)
[2017.07.10-10.06.20:057][435]LogModuleManager: Shutting down and abandoning module PixelInspectorModule (101)
[2017.07.10-10.06.20:057][435]LogModuleManager: Shutting down and abandoning module HotReload (100)
[2017.07.10-10.06.20:057][435]LogModuleManager: Shutting down and abandoning module MainFrame (99)
[2017.07.10-10.06.20:057][435]LogModuleManager: Shutting down and abandoning module LevelEditor (98)
[2017.07.10-10.06.20:058][435]LogModuleManager: Shutting down and abandoning module ContentBrowser (97)
[2017.07.10-10.06.20:059][435]LogModuleManager: Shutting down and abandoning module Paper2DEditor (96)
[2017.07.10-10.06.20:059][435]LogModuleManager: Shutting down and abandoning module Ava (95)
[2017.07.10-10.06.20:059][435]LogModuleManager: Shutting down and abandoning module UdpMessaging (94)
[2017.07.10-10.06.20:159][435]LogModuleManager: Shutting down and abandoning module LightPropagationVolumeRuntime (93)
[2017.07.10-10.06.20:159][435]LogModuleManager: Shutting down and abandoning module Paper2D (92)
[2017.07.10-10.06.20:159][435]LogModuleManager: Shutting down and abandoning module WindowsMoviePlayer (91)
[2017.07.10-10.06.20:159][435]LogModuleManager: Shutting down and abandoning module Media (90)
[2017.07.10-10.06.20:159][435]LogModuleManager: Shutting down and abandoning module WmfMedia (89)
[2017.07.10-10.06.20:159][435]LogModuleManager: Shutting down and abandoning module MediaAssets (88)
[2017.07.10-10.06.20:159][435]LogModuleManager: Shutting down and abandoning module GameLiveStreaming (87)
[2017.07.10-10.06.20:159][435]LogModuleManager: Shutting down and abandoning module GameplayTagsEditor (86)
[2017.07.10-10.06.20:159][435]LogModuleManager: Shutting down and abandoning module OnlineBlueprintSupport (85)
[2017.07.10-10.06.20:159][435]LogModuleManager: Shutting down and abandoning module VREditor (84)
[2017.07.10-10.06.20:159][435]LogModuleManager: Shutting down and abandoning module GameplayTasksEditor (83)
[2017.07.10-10.06.20:159][435]LogModuleManager: Shutting down and abandoning module PropertyEditor (82)
[2017.07.10-10.06.20:159][435]LogModuleManager: Shutting down and abandoning module BehaviorTreeEditor (81)
[2017.07.10-10.06.20:159][435]LogModuleManager: Shutting down and abandoning module FunctionalTesting (80)
[2017.07.10-10.06.20:159][435]LogModuleManager: Shutting down and abandoning module CollisionAnalyzer (79)
[2017.07.10-10.06.20:159][435]LogModuleManager: Shutting down and abandoning module Sequencer (78)
[2017.07.10-10.06.20:160][435]LogModuleManager: Shutting down and abandoning module WorkspaceMenuStructure (77)
[2017.07.10-10.06.20:160][435]LogModuleManager: Shutting down and abandoning module MessageLog (76)
[2017.07.10-10.06.20:160][435]LogModuleManager: Shutting down and abandoning module AssetTools (75)
[2017.07.10-10.06.20:160][435]LogModuleManager: Shutting down and abandoning module UMGEditor (74)
[2017.07.10-10.06.20:160][435]LogModuleManager: Shutting down and abandoning module UMG (73)
[2017.07.10-10.06.20:160][435]LogModuleManager: Shutting down and abandoning module SlateReflector (72)
[2017.07.10-10.06.20:160][435]LogModuleManager: Shutting down and abandoning module Slate (71)
[2017.07.10-10.06.20:160][435]LogModuleManager: Shutting down and abandoning module EditorStyle (70)
[2017.07.10-10.06.20:162][435]LogModuleManager: Shutting down and abandoning module SourceCodeAccess (69)
[2017.07.10-10.06.20:162][435]LogModuleManager: Shutting down and abandoning module HeadMountedDisplay (68)
[2017.07.10-10.06.20:162][435]LogModuleManager: Shutting down and abandoning module XAudio2 (67)
[2017.07.10-10.06.20:162][435]LogModuleManager: Shutting down and abandoning module Networking (65)
[2017.07.10-10.06.20:162][435]LogModuleManager: Shutting down and abandoning module Core (64)
[2017.07.10-10.06.20:162][435]LogModuleManager: Shutting down and abandoning module DirectoryWatcher (63)
[2017.07.10-10.06.20:163][435]LogModuleManager: Shutting down and abandoning module AssetRegistry (62)
[2017.07.10-10.06.20:562][435]LogModuleManager: Shutting down and abandoning module KismetCompiler (61)
[2017.07.10-10.06.20:562][435]LogModuleManager: Shutting down and abandoning module PhysXFormats (60)
[2017.07.10-10.06.20:562][435]LogModuleManager: Shutting down and abandoning module MeshUtilities (59)
[2017.07.10-10.06.20:562][435]LogModuleManager: Shutting down and abandoning module DerivedDataCache (58)
[2017.07.10-10.06.20:649][435]LogDerivedDataCache: Shutdown
[2017.07.10-10.06.20:649][435]LogModuleManager: Shutting down and abandoning module VulkanShaderFormat (57)
[2017.07.10-10.06.20:649][435]LogModuleManager: Shutting down and abandoning module ShaderFormatOpenGL (56)
[2017.07.10-10.06.20:649][435]LogModuleManager: Shutting down and abandoning module ShaderFormatD3D (55)
[2017.07.10-10.06.20:649][435]LogModuleManager: Shutting down and abandoning module MetalShaderFormat (54)
[2017.07.10-10.06.20:649][435]LogModuleManager: Shutting down and abandoning module TextureFormatUncompressed (53)
[2017.07.10-10.06.20:649][435]LogModuleManager: Shutting down and abandoning module TextureFormatPVR (52)
[2017.07.10-10.06.20:649][435]LogModuleManager: Shutting down and abandoning module TextureFormatIntelISPCTexComp (51)
[2017.07.10-10.06.20:649][435]LogModuleManager: Shutting down and abandoning module TextureFormatDXT (50)
[2017.07.10-10.06.20:649][435]LogModuleManager: Shutting down and abandoning module ImageWrapper (49)
[2017.07.10-10.06.20:649][435]LogModuleManager: Shutting down and abandoning module TextureFormatASTC (48)
[2017.07.10-10.06.20:649][435]LogModuleManager: Shutting down and abandoning module TextureFormatAndroid (47)
[2017.07.10-10.06.20:649][435]LogModuleManager: Shutting down and abandoning module AudioFormatOpus (46)
[2017.07.10-10.06.20:649][435]LogModuleManager: Shutting down and abandoning module AudioFormatOgg (45)
[2017.07.10-10.06.20:649][435]LogModuleManager: Shutting down and abandoning module AudioFormatADPCM (44)
[2017.07.10-10.06.20:649][435]LogModuleManager: Shutting down and abandoning module LinuxTargetPlatform (43)
[2017.07.10-10.06.20:649][435]LogModuleManager: Shutting down and abandoning module LinuxServerTargetPlatform (42)
[2017.07.10-10.06.20:649][435]LogModuleManager: Shutting down and abandoning module LinuxNoEditorTargetPlatform (41)
[2017.07.10-10.06.20:649][435]LogModuleManager: Shutting down and abandoning module TVOSTargetPlatform (40)
[2017.07.10-10.06.20:649][435]LogModuleManager: Shutting down and abandoning module Messaging (39)
[2017.07.10-10.06.20:649][435]LogModuleManager: Shutting down and abandoning module IOSTargetPlatform (38)
[2017.07.10-10.06.20:649][435]LogModuleManager: Shutting down and abandoning module HTML5TargetPlatform (37)
[2017.07.10-10.06.20:649][435]LogModuleManager: Shutting down and abandoning module Android_PVRTCTargetPlatform (36)
[2017.07.10-10.06.20:650][435]LogModuleManager: Shutting down and abandoning module Android_MultiTargetPlatform (35)
[2017.07.10-10.06.20:650][435]LogModuleManager: Shutting down and abandoning module Android_ETC2TargetPlatform (34)
[2017.07.10-10.06.20:650][435]LogModuleManager: Shutting down and abandoning module Android_ETC1TargetPlatform (33)
[2017.07.10-10.06.20:650][435]LogModuleManager: Shutting down and abandoning module Android_DXTTargetPlatform (32)
[2017.07.10-10.06.20:650][435]LogModuleManager: Shutting down and abandoning module Android_ATCTargetPlatform (31)
[2017.07.10-10.06.20:650][435]LogModuleManager: Shutting down and abandoning module Android_ASTCTargetPlatform (30)
[2017.07.10-10.06.20:650][435]LogModuleManager: Shutting down and abandoning module AndroidTargetPlatform (29)
[2017.07.10-10.06.20:650][435]LogModuleManager: Shutting down and abandoning module WindowsTargetPlatform (28)
[2017.07.10-10.06.20:650][435]LogModuleManager: Shutting down and abandoning module WindowsServerTargetPlatform (27)
[2017.07.10-10.06.20:650][435]LogModuleManager: Shutting down and abandoning module WindowsNoEditorTargetPlatform (26)
[2017.07.10-10.06.20:650][435]LogModuleManager: Shutting down and abandoning module WindowsClientTargetPlatform (25)
[2017.07.10-10.06.20:650][435]LogModuleManager: Shutting down and abandoning module AllDesktopTargetPlatform (24)
[2017.07.10-10.06.20:650][435]LogModuleManager: Shutting down and abandoning module TargetPlatform (23)
[2017.07.10-10.06.20:650][435]LogModuleManager: Shutting down and abandoning module InputCore (22)
[2017.07.10-10.06.20:650][435]LogModuleManager: Shutting down and abandoning module Settings (21)
[2017.07.10-10.06.20:650][435]LogModuleManager: Shutting down and abandoning module OnlineSubsystem (19)
[2017.07.10-10.06.20:650][435]LogModuleManager: Shutting down and abandoning module HTTP (18)
[2017.07.10-10.06.24:892][435]LogModuleManager: Shutting down and abandoning module XMPP (17)
[2017.07.10-10.06.24:892][435]LogModuleManager: Shutting down and abandoning module OculusRift (16)
[2017.07.10-10.06.24:892][435]LogModuleManager: Shutting down and abandoning module ExampleDeviceProfileSelector (15)
[2017.07.10-10.06.24:892][435]LogModuleManager: Shutting down and abandoning module TextureCompressor (14)
[2017.07.10-10.06.24:893][435]LogModuleManager: Shutting down and abandoning module ShaderCore (13)
[2017.07.10-10.06.24:893][435]LogModuleManager: Shutting down and abandoning module Landscape (12)
[2017.07.10-10.06.24:893][435]LogModuleManager: Shutting down and abandoning module SlateRHIRenderer (11)
[2017.07.10-10.06.24:894][435]LogModuleManager: Shutting down and abandoning module OpenGLDrv (10)
[2017.07.10-10.06.24:894][435]LogModuleManager: Shutting down and abandoning module D3D11RHI (9)
[2017.07.10-10.06.24:894][435]LogModuleManager: Shutting down and abandoning module AnimGraphRuntime (8)
[2017.07.10-10.06.24:894][435]LogModuleManager: Shutting down and abandoning module Renderer (7)
[2017.07.10-10.06.24:894][435]LogModuleManager: Shutting down and abandoning module Engine (6)
[2017.07.10-10.06.24:894][435]LogModuleManager: Shutting down and abandoning module CoreUObject (5)
[2017.07.10-10.06.24:894][435]LogModuleManager: Shutting down and abandoning module NetworkFile (4)
[2017.07.10-10.06.24:894][435]LogModuleManager: Shutting down and abandoning module StreamingFile (3)
[2017.07.10-10.06.24:894][435]LogModuleManager: Shutting down and abandoning module SandboxFile (2)
[2017.07.10-10.06.24:894][435]LogModuleManager: Shutting down and abandoning module PakFile (1)
[2017.07.10-10.06.24:898][435]LogExit: Exiting.
[2017.07.10-10.06.24:961][435]Log file closed, 07/10/17 11:06:24
