Log file open, 06/27/17 13:02:43
LogInit:Display: Running engine for game: Ava
LogPlatformFile: Not using cached read wrapper
LogInit:Display: RandInit(-1741461174) SRandInit(-1741461172).
LogTaskGraph: Started task graph with 4 named threads and 9 total threads with 1 sets of task threads.
LogStats: Stats thread started at 0.101477
LogInit: Version: 4.12.5-3039270+++UE4+Release-4.12
LogInit: API Version: 2992821
LogInit: Net Version: 3039270
LogDevObjectVersion: Number of dev versions registered: 13
LogDevObjectVersion:   Dev-Blueprints (B0D832E4-1F89-4F0D-ACCF-7EB736FD4AA2): 3
LogDevObjectVersion:   Dev-Build (E1C64328-A22C-4D53-A36C-8E866417BD8C): 0
LogDevObjectVersion:   Dev-Core (375EC13C-06E4-48FB-B500-84F0262A717E): 1
LogDevObjectVersion:   Dev-Editor (E4B068ED-F494-42E9-A231-DA0B2E46BB41): 2
LogDevObjectVersion:   Dev-Framework (CFFC743F-43B0-4480-9391-14DF171D2073): 6
LogDevObjectVersion:   Dev-Mobile (B02B49B5-BB20-44E9-A304-32B752E40360): 0
LogDevObjectVersion:   Dev-Networking (A4E4105C-59A1-49B5-A7C5-40C4547EDFEE): 0
LogDevObjectVersion:   Dev-Online (39C831C9-5AE6-47DC-9A44-9C173E1C8E7C): 0
LogDevObjectVersion:   Dev-Physics (78F01B33-EBEA-4F98-B9B4-84EACCB95AA2): 0
LogDevObjectVersion:   Dev-Platform (6631380F-2D4D-43E0-8009-CF276956A95A): 0
LogDevObjectVersion:   Dev-Rendering (12F88B9F-8875-4AFC-A67C-D90C383ABD29): 2
LogDevObjectVersion:   Dev-Sequencer (7B5AE74C-D270-4C10-A958-57980B212A5A): 0
LogDevObjectVersion:   Dev-VR (D7296918-1DD6-4BDD-9DE2-64A83CC13884): 0
LogInit: Compiled (64-bit): Jul  6 2016 09:09:46
LogInit: Compiled with Visual C++: 19.00.23026.00
LogInit: Build Configuration: Development
LogInit: Branch Name: ++UE4+Release-4.12
LogInit: Command line:  
LogInit: Base directory: C:/Program Files/Epic Games/4.12/Engine/Binaries/Win64/
LogInit: Installed Engine Build: 1
LogInit: Using libcurl 7.41.0
LogInit:  - built for x86_64-pc-win32
LogInit:  - supports SSL with WinSSL
LogInit:  - other features:
LogInit:      CURL_VERSION_SSL
LogInit:      CURL_VERSION_IPV6
LogInit:      CURL_VERSION_ASYNCHDNS
LogInit:      CURL_VERSION_LARGEFILE
LogInit:      CURL_VERSION_IDN
LogInit:  CurlRequestOptions (configurable via config and command line):
LogInit:  - bVerifyPeer = true  - Libcurl will verify peer certificate
LogInit:  - bUseHttpProxy = false  - Libcurl will NOT use HTTP proxy
LogInit:  - bDontReuseConnections = false  - Libcurl will reuse connections
LogInit:  - CertBundlePath = nullptr  - Libcurl will use whatever was configured at build time.
LogInit: Presizing for max 8388607 objects, including 0 objects not considered by GC, pre-allocating 0 bytes for permanent pool.
LogInit: Object subsystem initialized
[2017.06.27-12.02.43:440][  0]LogInit: Selected Device Profile: [Windows]
[2017.06.27-12.02.43:440][  0]LogInit: Applying CVar settings loaded from the selected device profile: [Windows]
[2017.06.27-12.02.43:480][  0]LogInit: Computer: PC42640
[2017.06.27-12.02.43:480][  0]LogInit: User: i7230020
[2017.06.27-12.02.43:480][  0]LogInit: CPU Page size=65536, Cores=6
[2017.06.27-12.02.43:480][  0]LogInit: High frequency timer resolution =3.410136 MHz
[2017.06.27-12.02.43:480][  0]LogMemory: Memory total: Physical=31.9GB (32GB approx)
[2017.06.27-12.02.43:480][  0]LogMemory: Platform Memory Stats for Windows
[2017.06.27-12.02.43:480][  0]LogMemory: Process Physical Memory: 195.42 MB used, 195.42 MB peak
[2017.06.27-12.02.43:480][  0]LogMemory: Process Virtual Memory: 198.93 MB used, 198.93 MB peak
[2017.06.27-12.02.43:480][  0]LogMemory: Physical Memory: 14495.61 MB used, 32684.15 MB total
[2017.06.27-12.02.43:480][  0]LogMemory: Virtual Memory: 538.89 MB used, 8388608.00 MB total
[2017.06.27-12.02.43:561][  0]LogTextLocalizationManager: No specific translations for ('en-GB') exist, so ('en') translations will be used.
[2017.06.27-12.02.44:019][  0]LogD3D11RHI: D3D11 adapters:
[2017.06.27-12.02.44:052][  0]LogD3D11RHI:    0. 'NVIDIA Quadro M4000' (Feature Level 11_0)
[2017.06.27-12.02.44:052][  0]LogD3D11RHI:       8092/0/16086 MB DedicatedVideo/DedicatedSystem/SharedSystem, Outputs:1, VendorId:0x10de
[2017.06.27-12.02.44:052][  0]LogD3D11RHI: Chosen D3D11 Adapter: 0
[2017.06.27-12.02.44:067][  0]LogD3D11RHI: Creating new Direct3DDevice
[2017.06.27-12.02.44:067][  0]LogD3D11RHI:     GPU DeviceId: 0x13f1 (for the marketing name, search the web for "GPU Device Id")
[2017.06.27-12.02.44:067][  0]LogWindows: EnumDisplayDevices:
[2017.06.27-12.02.44:068][  0]LogWindows:    0. 'NVIDIA Quadro M4000' (P:1 D:1)
[2017.06.27-12.02.44:069][  0]LogWindows:    1. 'NVIDIA Quadro M4000' (P:0 D:0)
[2017.06.27-12.02.44:069][  0]LogWindows:    2. 'NVIDIA Quadro M4000' (P:0 D:0)
[2017.06.27-12.02.44:070][  0]LogWindows:    3. 'NVIDIA Quadro M4000' (P:0 D:0)
[2017.06.27-12.02.44:071][  0]LogWindows:    4. 'RDPDD Chained DD' (P:0 D:0)
[2017.06.27-12.02.44:072][  0]LogWindows:    5. 'RDP Encoder Mirror Driver' (P:0 D:0)
[2017.06.27-12.02.44:072][  0]LogWindows:    6. 'RDP Reflector Display Driver' (P:0 D:0)
[2017.06.27-12.02.44:072][  0]LogWindows: DebugString: GetVideoDriverDetailsInvalid PrimaryIsNotTheChoosenAdapter GetVideoDriverDetailsInvalid PrimaryIsNotTheChoosenAdapter GetVideoDriverDetailsInvalid PrimaryIsNotTheChoosenAdapter FoundDriverCount:4 
[2017.06.27-12.02.44:072][  0]LogD3D11RHI:     Adapter Name: NVIDIA Quadro M4000
[2017.06.27-12.02.44:072][  0]LogD3D11RHI:   Driver Version: 362.13 (internal:10.18.13.6213, unified:362.13)
[2017.06.27-12.02.44:072][  0]LogD3D11RHI:      Driver Date: 3-18-2016
[2017.06.27-12.02.44:072][  0]LogRHI: Texture pool is 1361 MB (70% of 1945 MB)
[2017.06.27-12.02.44:085][  0]LogD3D11RHI: Async texture creation enabled
[2017.06.27-12.02.44:101][  0]LogD3D11RHI: GPU Timing Frequency: 1000.000000 (Debug: 2 2)
[2017.06.27-12.02.44:101][  0]LogShaderCompilers: Guid format shader working directory is -28 characters bigger than the processId version (../../../../../../Users/i7230020.STUDENT.000/Documents/GitHub/MastersProject/Ava/Intermediate/Shaders/WorkingDirectory/64988/).
[2017.06.27-12.02.44:101][  0]LogShaderCompilers: Cleaned the shader compiler working directory 'C:/Users/I72300~1.000/AppData/Local/Temp/UnrealShaderWorkingDir/9788CDA44829473BC1C24CA9101F63F5/'.
[2017.06.27-12.02.44:101][  0]LogShaderCompilers:Display: Using Local Shader Compiler.
[2017.06.27-12.02.45:233][  0]LogTemp:Display: Loaded TP AllDesktopTargetPlatform
[2017.06.27-12.02.45:242][  0]LogTemp:Display: Loaded TP WindowsClientTargetPlatform
[2017.06.27-12.02.45:250][  0]LogTemp:Display: Loaded TP WindowsNoEditorTargetPlatform
[2017.06.27-12.02.45:259][  0]LogTemp:Display: Loaded TP WindowsServerTargetPlatform
[2017.06.27-12.02.45:268][  0]LogTemp:Display: Loaded TP WindowsTargetPlatform
[2017.06.27-12.02.45:276][  0]LogTemp:Display: Loaded TP AndroidTargetPlatform
[2017.06.27-12.02.45:284][  0]LogTemp:Display: Loaded TP Android_ASTCTargetPlatform
[2017.06.27-12.02.45:291][  0]LogTemp:Display: Loaded TP Android_ATCTargetPlatform
[2017.06.27-12.02.45:299][  0]LogTemp:Display: Loaded TP Android_DXTTargetPlatform
[2017.06.27-12.02.45:307][  0]LogTemp:Display: Loaded TP Android_ETC1TargetPlatform
[2017.06.27-12.02.45:315][  0]LogTemp:Display: Loaded TP Android_ETC2TargetPlatform
[2017.06.27-12.02.45:330][  0]LogTemp:Display: Loaded TP Android_MultiTargetPlatform
[2017.06.27-12.02.45:330][  0]LogTemp:Display: Loaded TP Android_PVRTCTargetPlatform
[2017.06.27-12.02.45:332][  0]LogTemp:Display: Loaded TP HTML5TargetPlatform
[2017.06.27-12.02.45:353][  0]LogTemp:Display: Loaded TP IOSTargetPlatform
[2017.06.27-12.02.45:374][  0]LogTemp:Display: Loaded TP TVOSTargetPlatform
[2017.06.27-12.02.45:388][  0]LogTemp:Display: Loaded TP LinuxNoEditorTargetPlatform
[2017.06.27-12.02.45:402][  0]LogTemp:Display: Loaded TP LinuxServerTargetPlatform
[2017.06.27-12.02.45:411][  0]LogTemp:Display: Loaded TP LinuxTargetPlatform
[2017.06.27-12.02.45:411][  0]LogTargetPlatformManager:Display: Building Assets For Windows
[2017.06.27-12.02.45:517][  0]LogDerivedDataCache:Display: Max Cache Size: 512 MB
[2017.06.27-12.02.45:633][  0]LogDerivedDataCache: Loaded boot cache 0.12s 95MB C:/Users/i7230020.STUDENT.000/AppData/Local/UnrealEngine/4.12/DerivedDataCache/Boot.ddc.
[2017.06.27-12.02.45:633][  0]LogDerivedDataCache:Display: Loaded Boot cache: C:/Users/i7230020.STUDENT.000/AppData/Local/UnrealEngine/4.12/DerivedDataCache/Boot.ddc
[2017.06.27-12.02.45:633][  0]LogDerivedDataCache: FDerivedDataBackendGraph:  Pak pak cache file ../../../../../../Users/i7230020.STUDENT.000/Documents/GitHub/MastersProject/Ava/DerivedDataCache/DDC.ddp not found, will not use a pak cache.
[2017.06.27-12.02.45:633][  0]LogDerivedDataCache: Unable to find inner node Pak for hierarchical cache Hierarchy.
[2017.06.27-12.02.45:633][  0]LogDerivedDataCache: FDerivedDataBackendGraph:  CompressedPak pak cache file ../../../../../../Users/i7230020.STUDENT.000/Documents/GitHub/MastersProject/Ava/DerivedDataCache/Compressed.ddp not found, will not use a pak cache.
[2017.06.27-12.02.45:633][  0]LogDerivedDataCache: Unable to find inner node CompressedPak for hierarchical cache Hierarchy.
[2017.06.27-12.02.45:648][  0]LogDerivedDataCache:Display: Pak cache opened for reading ../../../Engine/DerivedDataCache/Compressed.ddp.
[2017.06.27-12.02.45:660][  0]LogDerivedDataCache: Using Local data cache path C:/Users/i7230020.STUDENT.000/AppData/Local/UnrealEngine/Common/DerivedDataCache: Writable
[2017.06.27-12.02.46:121][  0]LogInit: Selected Device Profile: [Windows]
[2017.06.27-12.02.46:122][  0]LogContentStreaming: Texture pool size is 0.00 MB
[2017.06.27-12.02.46:337][  0]LogMeshUtilities: No automatic mesh reduction module available
[2017.06.27-12.02.46:337][  0]LogMeshUtilities: No automatic mesh merging module available
[2017.06.27-12.02.46:337][  0]LogMeshUtilities: No distributed automatic mesh merging module available
[2017.06.27-12.02.46:663][  0]LogAssetRegistry: FAssetRegistry took 0.0203 seconds to start up
[2017.06.27-12.02.46:788][  0]LogPackageLocalizationCache: Processed 4 localized package path(s) for 2 prioritized culture(s) in 0.122029 seconds
[2017.06.27-12.02.46:792][  0]LogUObjectArray: 28739 objects as part of root set at end of initial load.
[2017.06.27-12.02.46:792][  0]LogUObjectAllocator: 5855632 out of 0 bytes used by permanent object pool.
[2017.06.27-12.02.46:792][  0]LogUObjectArray: CloseDisregardForGC: 0/0 objects in disregard for GC pool
[2017.06.27-12.02.46:798][  0]LogInit: WinSock: version 1.1 (2.2), MaxSocks=32767, MaxUdp=65467
[2017.06.27-12.02.47:001][  0]LogSlate: SlateFontCache - WITH_FREETYPE: 1, WITH_HARFBUZZ: 1
[2017.06.27-12.02.47:001][  0]LogSlate: SlateFontCache - WITH_FREETYPE: 1, WITH_HARFBUZZ: 1
[2017.06.27-12.02.47:986][  0]LogUdpMessaging: Initializing bridge on interface 0.0.0.0:0 to multicast group 230.0.0.1:6666.
[2017.06.27-12.02.48:328][  0]SourceControl: Info Source control is disabled
[2017.06.27-12.02.48:336][  0]SourceControl: Info Source control is disabled
[2017.06.27-12.02.48:355][  0]SourceControl: Info Source control is disabled
[2017.06.27-12.02.48:372][  0]SourceControl: Info Source control is disabled
[2017.06.27-12.02.48:471][  0]LogLinker:Warning: Can't find file '/Game/FirstPersonCPP/FirstPersonOverview'
[2017.06.27-12.02.48:471][  0]LogLinker:Warning: Can't find file '/Game/FirstPersonCPP/FirstPersonOverview'
[2017.06.27-12.02.48:471][  0]LogUObjectGlobals:Warning: Failed to find object 'Class /Game/FirstPersonCPP/FirstPersonOverview.FirstPersonOverview_C'
[2017.06.27-12.02.48:567][  0]LogHoudiniEngine: Starting the Houdini Engine module.
[2017.06.27-12.02.48:568][  0]LogHoudiniEngine: Loaded libHAPIL.dll from Registry path C:\Program Files\Side Effects Software\Houdini 15.5.632/bin
[2017.06.27-12.02.48:568][  0]LogLinker:Warning: Asset '../../../Engine/Plugins/Runtime/HoudiniEngine/Content/houdini_logo.uasset' has been saved with empty engine version. The asset will be loaded but may be incompatible.
[2017.06.27-12.02.48:570][  0]LogLinker:Warning: Asset '../../../Engine/Plugins/Runtime/HoudiniEngine/Content/houdini_default_material.uasset' has been saved with empty engine version. The asset will be loaded but may be incompatible.
[2017.06.27-12.02.48:575][  0]LogLinker:Warning: Asset '../../../Engine/Plugins/Runtime/HoudiniEngine/Content/houdini_bgeo_import.uasset' has been saved with empty engine version. The asset will be loaded but may be incompatible.
[2017.06.27-12.02.49:721][  0]LogHoudiniEngine: Successfully initialized the Houdini Engine API module.
[2017.06.27-12.02.49:885][  0]LogEngine: Initializing Engine...
[2017.06.27-12.02.49:887][  0]LogHMD: SteamVR failed to initialize.  Err: 110
[2017.06.27-12.02.49:888][  0]LogHMD: SteamVR failed to initialize.  Err: 110
[2017.06.27-12.02.50:022][  0]LogAIModule: Creating AISystem for world NewWorld
[2017.06.27-12.02.50:030][  0]LogInit: XAudio2 using 'Speakers (Realtek High Definition Audio)' : 2 channels at 48 kHz using 32 bits per sample (channel mask 0x3)
[2017.06.27-12.02.50:049][  0]LogInit: FAudioDevice initialized.
[2017.06.27-12.02.50:113][  0]LogDerivedDataCache: Saved boot cache 0.06s 95MB C:/Users/i7230020.STUDENT.000/AppData/Local/UnrealEngine/4.12/DerivedDataCache/Boot.ddc.
[2017.06.27-12.02.50:121][  0]LogInit: Texture streaming: Enabled
[2017.06.27-12.02.50:144][  0]LogInit: Transaction tracking system initialized
[2017.06.27-12.02.50:164][  0]BlueprintLog: New page: Editor Load
[2017.06.27-12.02.50:233][  0]LocalizationService: Info Localization service is disabled
[2017.06.27-12.02.50:325][  0]LogConsoleResponse:Display: 
[2017.06.27-12.02.50:454][  0]LogCook:Display: Max memory allowance for cook 8192mb
[2017.06.27-12.02.50:454][  0]LogCook:Display: Mobile HDR setting 1
[2017.06.27-12.02.50:539][  0]LogFileCache: Scanning file cache for directory 'C:/Users/i7230020.STUDENT.000/Documents/GitHub/MastersProject/Ava/Content/' took 0.02s
[2017.06.27-12.02.50:539][  0]LogHoudiniEngineEditor: Starting the Houdini Engine Editor module.
[2017.06.27-12.02.50:577][  0]SourceControl: Info Source control is disabled
[2017.06.27-12.02.50:577][  0]Cmd: MAP LOAD FILE="../../../../../../Users/i7230020.STUDENT.000/Documents/GitHub/MastersProject/Ava/Content/Ava/Maps/MainMenu.umap" TEMPLATE=0 SHOWPROGRESS=1 FEATURELEVEL=3
[2017.06.27-12.02.50:582][  0]LightingResults: New page: Lighting Build
[2017.06.27-12.02.50:585][  0]MapCheck: New page: Map Check
[2017.06.27-12.02.50:585][  0]LightingResults: New page: Lighting Build
[2017.06.27-12.02.50:718][  0]LogAIModule: Creating AISystem for world MainMenu
[2017.06.27-12.02.50:719][  0]LogEditorServer: Finished looking for orphan Actors (0.000 secs)
[2017.06.27-12.02.50:719][  0]Cmd: MAP CHECKDEP NOCLEARLOG
[2017.06.27-12.02.50:783][  0]MapCheck: Info Map check complete: 0 Error(s), 0 Warning(s), took 63.684ms to complete.
[2017.06.27-12.02.50:783][  0]LogFileHelpers: Loading map 'MainMenu' took 0.206
[2017.06.27-12.02.50:883][  0]LogCollectionManager: Loaded 0 collections in 0.001629 seconds
[2017.06.27-12.02.50:927][  0]LogFileCache: Scanning file cache for directory 'C:/Users/i7230020.STUDENT.000/Documents/GitHub/MastersProject/Ava/Saved/Collections/' took 0.01s
[2017.06.27-12.02.50:927][  0]LogFileCache: Scanning file cache for directory 'C:/Users/i7230020.STUDENT.000/Documents/GitHub/MastersProject/Ava/Content/Developers/i7230020/Collections/' took 0.01s
[2017.06.27-12.02.50:927][  0]LogFileCache: Scanning file cache for directory 'C:/Users/i7230020.STUDENT.000/Documents/GitHub/MastersProject/Ava/Content/Collections/' took 0.01s
[2017.06.27-12.02.50:927][  0]LogCollectionManager: Rebuilt the GUID cache for 0 collections in 0.000004 seconds
[2017.06.27-12.02.50:948][  0]LogContentBrowser: Native class hierarchy populated in 0.0210 seconds. Added 2092 classes and 376 folders.
[2017.06.27-12.02.50:954][  0]LogStats: UGameplayTagsManager::ConstructGameplayTagTree: Construct from data asset -  0.000 s
[2017.06.27-12.02.50:954][  0]LogStats: UGameplayTagsManager::ConstructGameplayTagTree: GameplayTagTreeChangedEvent.Broadcast -  0.000 s
[2017.06.27-12.02.50:956][  0]LogContentBrowser: Native class hierarchy updated for 'GameplayTags' in 0.0025 seconds. Added 12 classes and 0 folders.
[2017.06.27-12.02.50:962][  0]LogContentBrowser: Native class hierarchy updated for 'WidgetCarousel' in 0.0024 seconds. Added 0 classes and 0 folders.
[2017.06.27-12.02.51:040][  0]LogContentBrowser: Native class hierarchy updated for 'AddContentDialog' in 0.0025 seconds. Added 0 classes and 0 folders.
[2017.06.27-12.02.51:045][  0]LogContentBrowser: Native class hierarchy updated for 'SceneOutliner' in 0.0025 seconds. Added 1 classes and 2 folders.
[2017.06.27-12.02.51:078][  0]LogCrashTracker: Crashtracker disabled due to settings.
[2017.06.27-12.02.51:085][  0]LogUObjectGlobals:Warning: Failed to find object 'Class None.'
[2017.06.27-12.02.51:116][  0]LogContentBrowser: Native class hierarchy updated for 'HierarchicalLODOutliner' in 0.0039 seconds. Added 1 classes and 2 folders.
[2017.06.27-12.02.51:117][  0]LogLoad: Full Startup: 14.16 seconds (BP compile: 0.02 seconds)
[2017.06.27-12.02.51:117][  0]LogExternalProfiler: Found external profiler: VSPerf
[2017.06.27-12.02.51:117][  0]LogExternalProfiler: Using external profiler: VSPerf
[2017.06.27-12.02.51:126][  0]LogOcInput: OculusInput pre-init called
[2017.06.27-12.02.51:146][  0]LogContentStreaming: Texture pool size now 1000 MB
[2017.06.27-12.02.51:255][  1]LogAssetRegistry: Asset discovery search completed in 4.6132 seconds
[2017.06.27-12.02.51:255][  1]LogCollectionManager: Rebuilt the object cache for 0 collections in 0.000000 seconds (found 0 objects)
[2017.06.27-12.02.51:255][  1]LogCollectionManager: Fixed up redirectors for 0 collections in 0.000016 seconds (updated 0 objects)
[2017.06.27-12.02.51:306][  2]LogRenderer: Reallocating scene render targets to support 1108x568 (Frame:2).
[2017.06.27-12.03.51:133][ 90]LogBlueprint:Warning: Compiler Warning InputAction Event references unknown Action 'Crouch' for  InputAction Crouch 
[2017.06.27-12.03.51:135][ 90]LogBlueprint:Warning: Compiler Warning [0074.18] Compile of Ue4ASP_Character successful, but with 1 Warning(s) [in 7 ms] (/Game/AnimStarterPack/Ue4ASP_Character.Ue4ASP_Character)
[2017.06.27-12.03.51:135][ 90]LogBlueprint:Warning: Compiler Warning [0074.18] Compile of Ue4ASP_Character successful, but with 2 Warning(s) [in 0 ms] (/Game/AnimStarterPack/Ue4ASP_Character.Ue4ASP_Character)
[2017.06.27-12.03.51:135][ 90]LogBlueprint:Warning: Compiler Warning [0074.18] Compile of Ue4ASP_Character successful, but with 3 Warning(s) [in 0 ms] (/Game/AnimStarterPack/Ue4ASP_Character.Ue4ASP_Character)
[2017.06.27-12.03.51:218][ 90]LogBlueprint:Warning: Compiler Warning InputAction Event references unknown Action 'Crouch' for  InputAction Crouch 
[2017.06.27-12.03.51:221][ 90]LogBlueprint:Warning: Compiler Warning [0074.27] Compile of Ue4ASP_Character successful, but with 1 Warning(s) [in 7 ms] (/Game/AnimStarterPack/Ue4ASP_Character.Ue4ASP_Character)
[2017.06.27-12.03.51:221][ 90]LogBlueprint:Warning: Compiler Warning [0074.27] Compile of Ue4ASP_Character successful, but with 2 Warning(s) [in 0 ms] (/Game/AnimStarterPack/Ue4ASP_Character.Ue4ASP_Character)
[2017.06.27-12.03.51:221][ 90]LogBlueprint:Warning: Compiler Warning [0074.27] Compile of Ue4ASP_Character successful, but with 3 Warning(s) [in 0 ms] (/Game/AnimStarterPack/Ue4ASP_Character.Ue4ASP_Character)
[2017.06.27-12.03.52:228][ 90]LogTexture:Display: Building textures: HQ_Lightmap0_7 (AutoDXT)
[2017.06.27-12.03.52:264][ 90]LogTexture:Display: Building textures: HQ_Lightmap1_3 (AutoDXT)
[2017.06.27-12.03.52:531][ 90]LogTexture:Display: Building textures: HQ_Lightmap1_4 (AutoDXT)
[2017.06.27-12.03.52:819][ 90]LogTexture:Display: Building textures: HQ_Lightmap1_5 (AutoDXT)
[2017.06.27-12.03.53:058][ 90]LogTexture:Display: Building textures: HQ_Lightmap1_6 (AutoDXT)
[2017.06.27-12.03.53:150][ 90]LogTexture:Display: Building textures: LQ_Lightmap_0_6 (DXT1)
[2017.06.27-12.03.53:188][ 90]LogTexture:Display: Building textures: LQ_Lightmap_0_7 (DXT1)
[2017.06.27-12.03.53:211][ 90]LogTexture:Display: Building textures: LQ_Lightmap_1_3 (DXT1)
[2017.06.27-12.03.53:334][ 90]LogTexture:Display: Building textures: LQ_Lightmap_1_4 (DXT1)
[2017.06.27-12.03.53:540][ 90]LogTexture:Display: Building textures: LQ_Lightmap_1_5 (DXT1)
[2017.06.27-12.03.53:812][ 90]LogMaterial: Missing cached shader map for material M_Basic_Wall, compiling. 
[2017.06.27-12.03.53:813][ 90]LogMaterial:Warning: Failed to compile Material /Game/StarterContent/Materials/M_Basic_Wall.M_Basic_Wall for platform PCD3D_SM5, Default Material will be used in game.
[2017.06.27-12.03.53:813][ 90]LogMaterial:Warning: 	(Node TextureSample) TextureSample> Missing input texture
[2017.06.27-12.03.54:071][ 90]LogAIModule: Creating AISystem for world PalaceLevel
[2017.06.27-12.03.54:120][ 90]Cmd: MAP LOAD FILE="../../../../../../Users/i7230020.STUDENT.000/Documents/GitHub/MastersProject/Ava/Content/Ava/Maps/PalaceLevel.umap" TEMPLATE=0 SHOWPROGRESS=1 FEATURELEVEL=3
[2017.06.27-12.03.54:120][ 90]LightingResults: New page: Lighting Build
[2017.06.27-12.03.54:121][ 90]LoadErrors: New page: Loading map: PalaceLevel.umap
[2017.06.27-12.03.54:121][ 90]MapCheck: New page: Map Check
[2017.06.27-12.03.54:121][ 90]LightingResults: New page: Lighting Build
[2017.06.27-12.03.54:150][ 90]LogEditorServer: Finished looking for orphan Actors (0.000 secs)
[2017.06.27-12.03.54:229][ 90]Cmd: MAP CHECKDEP NOCLEARLOG
[2017.06.27-12.03.54:353][ 90]MapCheck: Info Map check complete: 0 Error(s), 0 Warning(s), took 124.404ms to complete.
[2017.06.27-12.03.54:355][ 90]LogFileHelpers: Loading map 'PalaceLevel' took 0.235
[2017.06.27-12.04.09:210][824]Cmd: TRANSACTION UNDO
[2017.06.27-12.04.09:210][824]LogEditorTransaction: Undo Scale Actors
[2017.06.27-12.04.09:256][824]LogActorComponent: ~FComponentReregisterContext: (/Game/Ava/Maps/PalaceLevel.PalaceLevel:PersistentLevel.Window_10.BrushComponent0) Component already registered.
[2017.06.27-12.04.12:273][ 85]Cmd: TRANSACTION UNDO
[2017.06.27-12.04.12:273][ 85]LogEditorTransaction: Undo Scale Actors
[2017.06.27-12.04.12:321][ 85]LogActorComponent: ~FComponentReregisterContext: (/Game/Ava/Maps/PalaceLevel.PalaceLevel:PersistentLevel.Window_10.BrushComponent0) Component already registered.
[2017.06.27-12.05.29:907][ 58]LogSavePackage: Save=746.44ms
[2017.06.27-12.05.29:907][ 58]LogSavePackage: Moving '../../../../../../Users/i7230020.STUDENT.000/Documents/GitHub/MastersProject/Ava/Saved/PalaceLevel792DC4E5403775E49F74CDBB95290456.tmp' to '../../../../../../Users/i7230020.STUDENT.000/Documents/GitHub/MastersProject/Ava/Content/Ava/Maps/PalaceLevel.umap'
[2017.06.27-12.05.29:915][ 58]LogSavePackage:Display: Finished SavePackage ../../../../../../Users/i7230020.STUDENT.000/Documents/GitHub/MastersProject/Ava/Content/Ava/Maps/PalaceLevel.umap
[2017.06.27-12.05.29:951][ 58]LogFileHelpers: Saving map 'PalaceLevel' took 0.946
[2017.06.27-12.06.06:126][866]LogContentBrowser: Native class hierarchy updated for 'BlueprintGraph' in 0.0045 seconds. Added 111 classes and 0 folders.
[2017.06.27-12.06.06:786][867]LogRenderer: Reallocating scene render targets to support 1108x632 (Frame:20842).
[2017.06.27-12.06.51:288][ 73]BlueprintLog: New page: Compile Lamp
[2017.06.27-12.06.51:514][ 73]BlueprintEditorCompileResults: Info [0254.57] Compile of Lamp successful! [in 226 ms] (/Game/Ava/Maps/Lamp.Lamp)
[2017.06.27-12.06.52:230][121]Cmd: OBJ SAVEPACKAGE PACKAGE="/Game/Ava/Maps/Lamp" FILE="../../../../../../Users/i7230020.STUDENT.000/Documents/GitHub/MastersProject/Ava/Content/Ava/Maps/Lamp.uasset" SILENT=true
[2017.06.27-12.06.52:251][121]LogSavePackage: Save=18.01ms
[2017.06.27-12.06.52:251][121]LogSavePackage: Moving '../../../../../../Users/i7230020.STUDENT.000/Documents/GitHub/MastersProject/Ava/Saved/LampB9EFD8784C1EBCA8B667768FF8CFE35B.tmp' to '../../../../../../Users/i7230020.STUDENT.000/Documents/GitHub/MastersProject/Ava/Content/Ava/Maps/Lamp.uasset'
[2017.06.27-12.06.52:263][121]LogSavePackage:Display: Finished SavePackage ../../../../../../Users/i7230020.STUDENT.000/Documents/GitHub/MastersProject/Ava/Content/Ava/Maps/Lamp.uasset
[2017.06.27-12.07.27:738][706]LogEditorViewport: Clicking on Actor (LMB): StaticMeshActor (light14)
[2017.06.27-12.07.29:108][831]LogEditorViewport: Clicking on Actor (LMB): Lamp_C (Lamp2)
[2017.06.27-12.09.16:943][926]LogEditorViewport: Clicking on Actor (LMB): StaticMeshActor (light13)
[2017.06.27-12.09.29:443][875]Cmd: CAMERA ALIGN ACTIVEVIEWPORTONLY
[2017.06.27-12.09.42:238][ 65]Cmd: DELETE
[2017.06.27-12.09.42:238][ 65]Cmd: ACTOR DELETE
[2017.06.27-12.09.42:242][ 65]LogEditorActor: Deleted Actor: Brush
[2017.06.27-12.09.42:304][ 65]LogEditorActor: Deleted 1 Actors (0.066 secs)
[2017.06.27-12.11.10:779][  3]Cmd: QUIT_EDITOR
[2017.06.27-12.11.10:851][  3]LogExit: Preparing to exit.
[2017.06.27-12.11.11:104][  3]LogHoudiniEngine: HAPI Synchronous Deletion of  Started. HoudiniAsset = 0x0, 
[2017.06.27-12.11.11:114][  3]LogExit: Editor shut down
[2017.06.27-12.11.11:114][  3]LogExit: Transaction tracking system shut down
[2017.06.27-12.11.11:271][  3]LogObj: Freed 0b from 0 cluster array pools.
[2017.06.27-12.11.11:271][  3]LogExit: Object subsystem successfully closed.
[2017.06.27-12.11.11:291][  3]LogD3D11RHI: Shutdown
[2017.06.27-12.11.11:291][  3]LogD3D11RHI: CleanupD3DDevice
[2017.06.27-12.11.11:357][  3]LogD3D11RHI: ~FD3D11DynamicRHI
[2017.06.27-12.11.11:376][  3]LogModuleManager: Shutting down and abandoning module HierarchicalLODUtilities (218)
[2017.06.27-12.11.11:376][  3]LogModuleManager: Shutting down and abandoning module BlueprintGraph (217)
[2017.06.27-12.11.11:376][  3]LogModuleManager: Shutting down and abandoning module HierarchicalLODOutliner (216)
[2017.06.27-12.11.11:376][  3]LogModuleManager: Shutting down and abandoning module CrashTracker (215)
[2017.06.27-12.11.11:376][  3]LogModuleManager: Shutting down and abandoning module SceneOutliner (214)
[2017.06.27-12.11.11:376][  3]LogModuleManager: Shutting down and abandoning module WidgetCarousel (213)
[2017.06.27-12.11.11:376][  3]LogModuleManager: Shutting down and abandoning module AddContentDialog (212)
[2017.06.27-12.11.11:377][  3]LogModuleManager: Shutting down and abandoning module GameplayTags (211)
[2017.06.27-12.11.11:377][  3]LogModuleManager: Shutting down and abandoning module EditorWidgets (210)
[2017.06.27-12.11.11:377][  3]LogModuleManager: Shutting down and abandoning module CollectionManager (209)
[2017.06.27-12.11.11:377][  3]LogModuleManager: Shutting down and abandoning module StatsViewer (208)
[2017.06.27-12.11.11:377][  3]LogModuleManager: Shutting down and abandoning module FoliageEdit (207)
[2017.06.27-12.11.11:377][  3]LogModuleManager: Shutting down and abandoning module LandscapeEditor (206)
[2017.06.27-12.11.11:377][  3]LogModuleManager: Shutting down and abandoning module SceneDepthPickerMode (205)
[2017.06.27-12.11.11:377][  3]LogModuleManager: Shutting down and abandoning module ActorPickerMode (204)
[2017.06.27-12.11.11:377][  3]LogModuleManager: Shutting down and abandoning module GeometryMode (203)
[2017.06.27-12.11.11:377][  3]LogModuleManager: Shutting down and abandoning module TextureAlignMode (202)
[2017.06.27-12.11.11:377][  3]LogModuleManager: Shutting down and abandoning module BspMode (201)
[2017.06.27-12.11.11:377][  3]LogModuleManager: Shutting down and abandoning module HardwareSurvey (200)
[2017.06.27-12.11.11:377][  3]LogModuleManager: Shutting down and abandoning module SequenceRecorderSections (199)
[2017.06.27-12.11.11:377][  3]LogModuleManager: Shutting down and abandoning module SequenceRecorder (198)
[2017.06.27-12.11.11:377][  3]LogModuleManager: Shutting down and abandoning module AutomationWorker (197)
[2017.06.27-12.11.11:377][  3]LogModuleManager: Shutting down and abandoning module HoudiniEngineEditor (196)
[2017.06.27-12.11.11:377][  3]LogHoudiniEngineEditor: Shutting down the Houdini Engine Editor module.
[2017.06.27-12.11.11:378][  3]LogModuleManager: Shutting down and abandoning module MatineeToLevelSequence (195)
[2017.06.27-12.11.11:378][  3]LogModuleManager: Shutting down and abandoning module PlacementMode (194)
[2017.06.27-12.11.11:378][  3]LogModuleManager: Shutting down and abandoning module LevelSequenceEditor (193)
[2017.06.27-12.11.11:378][  3]LogModuleManager: Shutting down and abandoning module CharacterAI (192)
[2017.06.27-12.11.11:378][  3]LogModuleManager: Shutting down and abandoning module SmartSnapping (191)
[2017.06.27-12.11.11:378][  3]LogModuleManager: Shutting down and abandoning module SessionServices (190)
[2017.06.27-12.11.11:378][  3]LogModuleManager: Shutting down and abandoning module ViewportSnapping (189)
[2017.06.27-12.11.11:378][  3]LogModuleManager: Shutting down and abandoning module LogVisualizer (188)
[2017.06.27-12.11.11:378][  3]LogModuleManager: Shutting down and abandoning module GameProjectGeneration (187)
[2017.06.27-12.11.11:378][  3]LogModuleManager: Shutting down and abandoning module IntroTutorials (186)
[2017.06.27-12.11.11:378][  3]LogModuleManager: Shutting down and abandoning module EditorLiveStreaming (185)
[2017.06.27-12.11.11:378][  3]LogModuleManager: Shutting down and abandoning module IOSPlatformEditor (184)
[2017.06.27-12.11.11:378][  3]LogModuleManager: Shutting down and abandoning module HTML5PlatformEditor (183)
[2017.06.27-12.11.11:378][  3]LogModuleManager: Shutting down and abandoning module AndroidDeviceDetection (182)
[2017.06.27-12.11.12:286][  3]LogModuleManager: Shutting down and abandoning module AndroidPlatformEditor (181)
[2017.06.27-12.11.12:287][  3]LogModuleManager: Shutting down and abandoning module IOSRuntimeSettings (180)
[2017.06.27-12.11.12:287][  3]LogModuleManager: Shutting down and abandoning module AndroidRuntimeSettings (179)
[2017.06.27-12.11.12:287][  3]LogModuleManager: Shutting down and abandoning module MergeActors (178)
[2017.06.27-12.11.12:287][  3]LogModuleManager: Shutting down and abandoning module SizeMap (177)
[2017.06.27-12.11.12:287][  3]LogModuleManager: Shutting down and abandoning module TreeMap (176)
[2017.06.27-12.11.12:287][  3]LogModuleManager: Shutting down and abandoning module ReferenceViewer (175)
[2017.06.27-12.11.12:287][  3]LogModuleManager: Shutting down and abandoning module LocalizationService (174)
[2017.06.27-12.11.12:287][  3]LogModuleManager: Shutting down and abandoning module LocalizationDashboard (173)
[2017.06.27-12.11.12:287][  3]LogModuleManager: Shutting down and abandoning module HardwareTargeting (172)
[2017.06.27-12.11.12:287][  3]LogModuleManager: Shutting down and abandoning module DeviceProfileEditor (171)
[2017.06.27-12.11.12:287][  3]LogModuleManager: Shutting down and abandoning module UndoHistory (170)
[2017.06.27-12.11.12:287][  3]LogModuleManager: Shutting down and abandoning module UserFeedback (169)
[2017.06.27-12.11.12:287][  3]LogModuleManager: Shutting down and abandoning module XmlParser (168)
[2017.06.27-12.11.12:287][  3]LogModuleManager: Shutting down and abandoning module Blutility (167)
[2017.06.27-12.11.12:287][  3]LogModuleManager: Shutting down and abandoning module ProjectTargetPlatformEditor (166)
[2017.06.27-12.11.12:287][  3]LogModuleManager: Shutting down and abandoning module ProjectSettingsViewer (165)
[2017.06.27-12.11.12:287][  3]LogModuleManager: Shutting down and abandoning module InputBindingEditor (164)
[2017.06.27-12.11.12:288][  3]LogModuleManager: Shutting down and abandoning module EditorSettingsViewer (163)
[2017.06.27-12.11.12:288][  3]LogModuleManager: Shutting down and abandoning module SettingsEditor (162)
[2017.06.27-12.11.12:288][  3]LogModuleManager: Shutting down and abandoning module ProjectLauncher (161)
[2017.06.27-12.11.12:288][  3]LogModuleManager: Shutting down and abandoning module SessionFrontend (160)
[2017.06.27-12.11.12:288][  3]LogModuleManager: Shutting down and abandoning module ProfilerClient (159)
[2017.06.27-12.11.12:288][  3]LogModuleManager: Shutting down and abandoning module TargetDeviceServices (158)
[2017.06.27-12.11.12:288][  3]LogModuleManager: Shutting down and abandoning module DeviceManager (157)
[2017.06.27-12.11.12:338][  3]LogModuleManager: Shutting down and abandoning module AutomationController (156)
[2017.06.27-12.11.12:338][  3]LogModuleManager: Shutting down and abandoning module AutomationWindow (155)
[2017.06.27-12.11.12:338][  3]LogModuleManager: Shutting down and abandoning module Layers (154)
[2017.06.27-12.11.12:338][  3]LogModuleManager: Shutting down and abandoning module ComponentVisualizers (153)
[2017.06.27-12.11.12:338][  3]LogModuleManager: Shutting down and abandoning module DetailCustomizations (152)
[2017.06.27-12.11.12:338][  3]LogModuleManager: Shutting down and abandoning module PackagesDialog (151)
[2017.06.27-12.11.12:338][  3]LogModuleManager: Shutting down and abandoning module Persona (150)
[2017.06.27-12.11.12:338][  3]LogModuleManager: Shutting down and abandoning module Kismet (149)
[2017.06.27-12.11.12:338][  3]LogModuleManager: Shutting down and abandoning module GraphEditor (148)
[2017.06.27-12.11.12:338][  3]LogModuleManager: Shutting down and abandoning module ClassViewer (147)
[2017.06.27-12.11.12:341][  3]LogModuleManager: Shutting down and abandoning module Toolbox (146)
[2017.06.27-12.11.12:341][  3]LogModuleManager: Shutting down and abandoning module ModuleUI (145)
[2017.06.27-12.11.12:341][  3]LogModuleManager: Shutting down and abandoning module MovieSceneTools (144)
[2017.06.27-12.11.12:341][  3]LogModuleManager: Shutting down and abandoning module OutputLog (143)
[2017.06.27-12.11.12:341][  3]LogModuleManager: Shutting down and abandoning module GammaUI (142)
[2017.06.27-12.11.12:341][  3]LogModuleManager: Shutting down and abandoning module Documentation (141)
[2017.06.27-12.11.12:341][  3]LogModuleManager: Shutting down and abandoning module StreamingPauseRendering (140)
[2017.06.27-12.11.12:341][  3]LogModuleManager: Shutting down and abandoning module AnalyticsET (139)
[2017.06.27-12.11.12:341][  3]LogModuleManager: Shutting down and abandoning module Analytics (138)
[2017.06.27-12.11.12:341][  3]LogModuleManager: Shutting down and abandoning module PortalServices (137)
[2017.06.27-12.11.12:341][  3]LogModuleManager: Shutting down and abandoning module PortalRpc (136)
[2017.06.27-12.11.12:341][  3]LogModuleManager: Shutting down and abandoning module MessagingRpc (135)
[2017.06.27-12.11.12:341][  3]LogModuleManager: Shutting down and abandoning module GameplayDebugger (134)
[2017.06.27-12.11.12:341][  3]LogModuleManager: Shutting down and abandoning module AITestSuite (133)
[2017.06.27-12.11.12:341][  3]LogModuleManager: Shutting down and abandoning module AIModule (132)
[2017.06.27-12.11.12:341][  3]LogModuleManager: Shutting down and abandoning module ProfilerService (131)
[2017.06.27-12.11.12:371][  3]LogModuleManager: Shutting down and abandoning module TaskGraph (130)
[2017.06.27-12.11.12:371][  3]LogModuleManager: Shutting down and abandoning module SlateRemote (129)
[2017.06.27-12.11.12:371][  3]LogModuleManager: Shutting down and abandoning module SteamVRController (128)
[2017.06.27-12.11.12:371][  3]LogModuleManager: Shutting down and abandoning module SteamVR (127)
[2017.06.27-12.11.12:371][  3]LogModuleManager: Shutting down and abandoning module ProceduralMeshComponent (126)
[2017.06.27-12.11.12:371][  3]LogModuleManager: Shutting down and abandoning module OculusLibrary (125)
[2017.06.27-12.11.12:371][  3]LogModuleManager: Shutting down and abandoning module OculusInput (124)
[2017.06.27-12.11.12:371][  3]LogModuleManager: Shutting down and abandoning module HoudiniEngineRuntime (123)
[2017.06.27-12.11.12:371][  3]LogHoudiniEngine: Shutting down the Houdini Engine module.
[2017.06.27-12.11.12:371][  3]LogUObjectArray:Warning: Invalid object index -572662307
[2017.06.27-12.11.12:371][  3]LogUObjectArray:Warning: Invalid object index -572662307
[2017.06.27-12.11.12:371][  3]LogUObjectArray:Warning: Invalid object index -572662307
[2017.06.27-12.11.12:371][  3]LogUObjectArray:Warning: Invalid object index -572662307
[2017.06.27-12.11.12:373][  3]LogModuleManager: Shutting down and abandoning module CustomMeshComponent (122)
[2017.06.27-12.11.12:373][  3]LogModuleManager: Shutting down and abandoning module CableComponent (121)
[2017.06.27-12.11.12:373][  3]LogModuleManager: Shutting down and abandoning module ArchVisCharacter (120)
[2017.06.27-12.11.12:373][  3]LogModuleManager: Shutting down and abandoning module MediaPlayerEditor (119)
[2017.06.27-12.11.12:373][  3]LogModuleManager: Shutting down and abandoning module HTML5Networking (118)
[2017.06.27-12.11.12:373][  3]LogModuleManager: Shutting down and abandoning module SuperSearch (117)
[2017.06.27-12.11.12:373][  3]LogModuleManager: Shutting down and abandoning module SuperSearchEditor (116)
[2017.06.27-12.11.12:373][  3]LogModuleManager: Shutting down and abandoning module SpeedTreeImporter (115)
[2017.06.27-12.11.12:373][  3]LogModuleManager: Shutting down and abandoning module PluginBrowser (114)
[2017.06.27-12.11.12:373][  3]LogModuleManager: Shutting down and abandoning module EpicSurvey (113)
[2017.06.27-12.11.12:373][  3]LogModuleManager: Shutting down and abandoning module DesktopPlatform (112)
[2017.06.27-12.11.12:373][  3]LogModuleManager: Shutting down and abandoning module VisualStudioSourceCodeAccess (111)
[2017.06.27-12.11.12:373][  3]LogModuleManager: Shutting down and abandoning module UObjectPlugin (110)
[2017.06.27-12.11.12:373][  3]LogModuleManager: Shutting down and abandoning module SubversionSourceControl (109)
[2017.06.27-12.11.12:373][  3]LogModuleManager: Shutting down and abandoning module PerforceSourceControl (108)
[2017.06.27-12.11.12:373][  3]LogModuleManager: Shutting down and abandoning module SourceControl (107)
[2017.06.27-12.11.12:373][  3]LogModuleManager: Shutting down and abandoning module GitSourceControl (106)
[2017.06.27-12.11.12:373][  3]LogModuleManager: Shutting down and abandoning module LightPropagationVolumeEditor (105)
[2017.06.27-12.11.12:373][  3]LogModuleManager: Shutting down and abandoning module PaperTiledImporter (104)
[2017.06.27-12.11.12:373][  3]LogModuleManager: Shutting down and abandoning module PaperSpriteSheetImporter (103)
[2017.06.27-12.11.12:373][  3]LogModuleManager: Shutting down and abandoning module MeshPaint (102)
[2017.06.27-12.11.12:373][  3]LogModuleManager: Shutting down and abandoning module PixelInspectorModule (101)
[2017.06.27-12.11.12:373][  3]LogModuleManager: Shutting down and abandoning module HotReload (100)
[2017.06.27-12.11.12:374][  3]LogModuleManager: Shutting down and abandoning module MainFrame (99)
[2017.06.27-12.11.12:374][  3]LogModuleManager: Shutting down and abandoning module LevelEditor (98)
[2017.06.27-12.11.12:375][  3]LogModuleManager: Shutting down and abandoning module ContentBrowser (97)
[2017.06.27-12.11.12:375][  3]LogModuleManager: Shutting down and abandoning module Paper2DEditor (96)
[2017.06.27-12.11.12:375][  3]LogModuleManager: Shutting down and abandoning module Ava (95)
[2017.06.27-12.11.12:375][  3]LogModuleManager: Shutting down and abandoning module UdpMessaging (94)
[2017.06.27-12.11.12:475][  3]LogModuleManager: Shutting down and abandoning module LightPropagationVolumeRuntime (93)
[2017.06.27-12.11.12:475][  3]LogModuleManager: Shutting down and abandoning module Paper2D (92)
[2017.06.27-12.11.12:475][  3]LogModuleManager: Shutting down and abandoning module WindowsMoviePlayer (91)
[2017.06.27-12.11.12:475][  3]LogModuleManager: Shutting down and abandoning module Media (90)
[2017.06.27-12.11.12:475][  3]LogModuleManager: Shutting down and abandoning module WmfMedia (89)
[2017.06.27-12.11.12:476][  3]LogModuleManager: Shutting down and abandoning module MediaAssets (88)
[2017.06.27-12.11.12:476][  3]LogModuleManager: Shutting down and abandoning module GameLiveStreaming (87)
[2017.06.27-12.11.12:476][  3]LogModuleManager: Shutting down and abandoning module GameplayTagsEditor (86)
[2017.06.27-12.11.12:476][  3]LogModuleManager: Shutting down and abandoning module OnlineBlueprintSupport (85)
[2017.06.27-12.11.12:476][  3]LogModuleManager: Shutting down and abandoning module VREditor (84)
[2017.06.27-12.11.12:476][  3]LogModuleManager: Shutting down and abandoning module GameplayTasksEditor (83)
[2017.06.27-12.11.12:476][  3]LogModuleManager: Shutting down and abandoning module PropertyEditor (82)
[2017.06.27-12.11.12:476][  3]LogModuleManager: Shutting down and abandoning module BehaviorTreeEditor (81)
[2017.06.27-12.11.12:476][  3]LogModuleManager: Shutting down and abandoning module FunctionalTesting (80)
[2017.06.27-12.11.12:476][  3]LogModuleManager: Shutting down and abandoning module CollisionAnalyzer (79)
[2017.06.27-12.11.12:476][  3]LogModuleManager: Shutting down and abandoning module Sequencer (78)
[2017.06.27-12.11.12:476][  3]LogModuleManager: Shutting down and abandoning module WorkspaceMenuStructure (77)
[2017.06.27-12.11.12:476][  3]LogModuleManager: Shutting down and abandoning module MessageLog (76)
[2017.06.27-12.11.12:476][  3]LogModuleManager: Shutting down and abandoning module AssetTools (75)
[2017.06.27-12.11.12:476][  3]LogModuleManager: Shutting down and abandoning module UMGEditor (74)
[2017.06.27-12.11.12:477][  3]LogModuleManager: Shutting down and abandoning module UMG (73)
[2017.06.27-12.11.12:477][  3]LogModuleManager: Shutting down and abandoning module SlateReflector (72)
[2017.06.27-12.11.12:477][  3]LogModuleManager: Shutting down and abandoning module Slate (71)
[2017.06.27-12.11.12:477][  3]LogModuleManager: Shutting down and abandoning module EditorStyle (70)
[2017.06.27-12.11.12:483][  3]LogModuleManager: Shutting down and abandoning module SourceCodeAccess (69)
[2017.06.27-12.11.12:483][  3]LogModuleManager: Shutting down and abandoning module HeadMountedDisplay (68)
[2017.06.27-12.11.12:483][  3]LogModuleManager: Shutting down and abandoning module XAudio2 (67)
[2017.06.27-12.11.12:483][  3]LogModuleManager: Shutting down and abandoning module Networking (65)
[2017.06.27-12.11.12:483][  3]LogModuleManager: Shutting down and abandoning module Core (64)
[2017.06.27-12.11.12:483][  3]LogModuleManager: Shutting down and abandoning module DirectoryWatcher (63)
[2017.06.27-12.11.12:485][  3]LogModuleManager: Shutting down and abandoning module AssetRegistry (62)
[2017.06.27-12.11.12:690][  3]LogModuleManager: Shutting down and abandoning module KismetCompiler (61)
[2017.06.27-12.11.12:690][  3]LogModuleManager: Shutting down and abandoning module PhysXFormats (60)
[2017.06.27-12.11.12:690][  3]LogModuleManager: Shutting down and abandoning module MeshUtilities (59)
[2017.06.27-12.11.12:690][  3]LogModuleManager: Shutting down and abandoning module DerivedDataCache (58)
[2017.06.27-12.11.12:696][  3]LogDerivedDataCache: Shutdown
[2017.06.27-12.11.12:696][  3]LogModuleManager: Shutting down and abandoning module VulkanShaderFormat (57)
[2017.06.27-12.11.12:696][  3]LogModuleManager: Shutting down and abandoning module ShaderFormatOpenGL (56)
[2017.06.27-12.11.12:697][  3]LogModuleManager: Shutting down and abandoning module ShaderFormatD3D (55)
[2017.06.27-12.11.12:697][  3]LogModuleManager: Shutting down and abandoning module MetalShaderFormat (54)
[2017.06.27-12.11.12:697][  3]LogModuleManager: Shutting down and abandoning module TextureFormatUncompressed (53)
[2017.06.27-12.11.12:697][  3]LogModuleManager: Shutting down and abandoning module TextureFormatPVR (52)
[2017.06.27-12.11.12:697][  3]LogModuleManager: Shutting down and abandoning module TextureFormatIntelISPCTexComp (51)
[2017.06.27-12.11.12:697][  3]LogModuleManager: Shutting down and abandoning module TextureFormatDXT (50)
[2017.06.27-12.11.12:697][  3]LogModuleManager: Shutting down and abandoning module ImageWrapper (49)
[2017.06.27-12.11.12:697][  3]LogModuleManager: Shutting down and abandoning module TextureFormatASTC (48)
[2017.06.27-12.11.12:697][  3]LogModuleManager: Shutting down and abandoning module TextureFormatAndroid (47)
[2017.06.27-12.11.12:697][  3]LogModuleManager: Shutting down and abandoning module AudioFormatOpus (46)
[2017.06.27-12.11.12:697][  3]LogModuleManager: Shutting down and abandoning module AudioFormatOgg (45)
[2017.06.27-12.11.12:697][  3]LogModuleManager: Shutting down and abandoning module AudioFormatADPCM (44)
[2017.06.27-12.11.12:697][  3]LogModuleManager: Shutting down and abandoning module LinuxTargetPlatform (43)
[2017.06.27-12.11.12:697][  3]LogModuleManager: Shutting down and abandoning module LinuxServerTargetPlatform (42)
[2017.06.27-12.11.12:697][  3]LogModuleManager: Shutting down and abandoning module LinuxNoEditorTargetPlatform (41)
[2017.06.27-12.11.12:697][  3]LogModuleManager: Shutting down and abandoning module TVOSTargetPlatform (40)
[2017.06.27-12.11.12:697][  3]LogModuleManager: Shutting down and abandoning module Messaging (39)
[2017.06.27-12.11.12:697][  3]LogModuleManager: Shutting down and abandoning module IOSTargetPlatform (38)
[2017.06.27-12.11.12:697][  3]LogModuleManager: Shutting down and abandoning module HTML5TargetPlatform (37)
[2017.06.27-12.11.12:697][  3]LogModuleManager: Shutting down and abandoning module Android_PVRTCTargetPlatform (36)
[2017.06.27-12.11.12:697][  3]LogModuleManager: Shutting down and abandoning module Android_MultiTargetPlatform (35)
[2017.06.27-12.11.12:697][  3]LogModuleManager: Shutting down and abandoning module Android_ETC2TargetPlatform (34)
[2017.06.27-12.11.12:697][  3]LogModuleManager: Shutting down and abandoning module Android_ETC1TargetPlatform (33)
[2017.06.27-12.11.12:697][  3]LogModuleManager: Shutting down and abandoning module Android_DXTTargetPlatform (32)
[2017.06.27-12.11.12:697][  3]LogModuleManager: Shutting down and abandoning module Android_ATCTargetPlatform (31)
[2017.06.27-12.11.12:697][  3]LogModuleManager: Shutting down and abandoning module Android_ASTCTargetPlatform (30)
[2017.06.27-12.11.12:697][  3]LogModuleManager: Shutting down and abandoning module AndroidTargetPlatform (29)
[2017.06.27-12.11.12:697][  3]LogModuleManager: Shutting down and abandoning module WindowsTargetPlatform (28)
[2017.06.27-12.11.12:697][  3]LogModuleManager: Shutting down and abandoning module WindowsServerTargetPlatform (27)
[2017.06.27-12.11.12:698][  3]LogModuleManager: Shutting down and abandoning module WindowsNoEditorTargetPlatform (26)
[2017.06.27-12.11.12:698][  3]LogModuleManager: Shutting down and abandoning module WindowsClientTargetPlatform (25)
[2017.06.27-12.11.12:698][  3]LogModuleManager: Shutting down and abandoning module AllDesktopTargetPlatform (24)
[2017.06.27-12.11.12:698][  3]LogModuleManager: Shutting down and abandoning module TargetPlatform (23)
[2017.06.27-12.11.12:698][  3]LogModuleManager: Shutting down and abandoning module InputCore (22)
[2017.06.27-12.11.12:698][  3]LogModuleManager: Shutting down and abandoning module Settings (21)
[2017.06.27-12.11.12:698][  3]LogModuleManager: Shutting down and abandoning module OnlineSubsystem (19)
[2017.06.27-12.11.12:698][  3]LogModuleManager: Shutting down and abandoning module HTTP (18)
[2017.06.27-12.11.16:717][  3]LogModuleManager: Shutting down and abandoning module XMPP (17)
[2017.06.27-12.11.16:717][  3]LogModuleManager: Shutting down and abandoning module OculusRift (16)
[2017.06.27-12.11.16:717][  3]LogModuleManager: Shutting down and abandoning module ExampleDeviceProfileSelector (15)
[2017.06.27-12.11.16:717][  3]LogModuleManager: Shutting down and abandoning module TextureCompressor (14)
[2017.06.27-12.11.16:717][  3]LogModuleManager: Shutting down and abandoning module ShaderCore (13)
[2017.06.27-12.11.16:717][  3]LogModuleManager: Shutting down and abandoning module Landscape (12)
[2017.06.27-12.11.16:718][  3]LogModuleManager: Shutting down and abandoning module SlateRHIRenderer (11)
[2017.06.27-12.11.16:720][  3]LogModuleManager: Shutting down and abandoning module OpenGLDrv (10)
[2017.06.27-12.11.16:720][  3]LogModuleManager: Shutting down and abandoning module D3D11RHI (9)
[2017.06.27-12.11.16:720][  3]LogModuleManager: Shutting down and abandoning module AnimGraphRuntime (8)
[2017.06.27-12.11.16:720][  3]LogModuleManager: Shutting down and abandoning module Renderer (7)
[2017.06.27-12.11.16:720][  3]LogModuleManager: Shutting down and abandoning module Engine (6)
[2017.06.27-12.11.16:720][  3]LogModuleManager: Shutting down and abandoning module CoreUObject (5)
[2017.06.27-12.11.16:720][  3]LogModuleManager: Shutting down and abandoning module NetworkFile (4)
[2017.06.27-12.11.16:720][  3]LogModuleManager: Shutting down and abandoning module StreamingFile (3)
[2017.06.27-12.11.16:720][  3]LogModuleManager: Shutting down and abandoning module SandboxFile (2)
[2017.06.27-12.11.16:720][  3]LogModuleManager: Shutting down and abandoning module PakFile (1)
[2017.06.27-12.11.16:725][  3]LogExit: Exiting.
[2017.06.27-12.11.16:727][  3]Log file closed, 06/27/17 13:11:16
