Log file open, 06/21/17 09:43:13
LogInit:Display: Running engine for game: Ava
LogPlatformFile: Not using cached read wrapper
LogInit:Display: RandInit(2144066851) SRandInit(2144066853).
LogTaskGraph: Started task graph with 4 named threads and 9 total threads with 1 sets of task threads.
LogStats: Stats thread started at 0.099717
LogInit: Version: 4.12.5-3039270+++UE4+Release-4.12
LogInit: API Version: 2992821
LogInit: Net Version: 3039270
LogDevObjectVersion: Number of dev versions registered: 13
LogDevObjectVersion:   Dev-Blueprints (B0D832E4-1F89-4F0D-ACCF-7EB736FD4AA2): 3
LogDevObjectVersion:   Dev-Build (E1C64328-A22C-4D53-A36C-8E866417BD8C): 0
LogDevObjectVersion:   Dev-Core (375EC13C-06E4-48FB-B500-84F0262A717E): 1
LogDevObjectVersion:   Dev-Editor (E4B068ED-F494-42E9-A231-DA0B2E46BB41): 2
LogDevObjectVersion:   Dev-Framework (CFFC743F-43B0-4480-9391-14DF171D2073): 6
LogDevObjectVersion:   Dev-Mobile (B02B49B5-BB20-44E9-A304-32B752E40360): 0
LogDevObjectVersion:   Dev-Networking (A4E4105C-59A1-49B5-A7C5-40C4547EDFEE): 0
LogDevObjectVersion:   Dev-Online (39C831C9-5AE6-47DC-9A44-9C173E1C8E7C): 0
LogDevObjectVersion:   Dev-Physics (78F01B33-EBEA-4F98-B9B4-84EACCB95AA2): 0
LogDevObjectVersion:   Dev-Platform (6631380F-2D4D-43E0-8009-CF276956A95A): 0
LogDevObjectVersion:   Dev-Rendering (12F88B9F-8875-4AFC-A67C-D90C383ABD29): 2
LogDevObjectVersion:   Dev-Sequencer (7B5AE74C-D270-4C10-A958-57980B212A5A): 0
LogDevObjectVersion:   Dev-VR (D7296918-1DD6-4BDD-9DE2-64A83CC13884): 0
LogInit: Compiled (64-bit): Jul  6 2016 09:09:46
LogInit: Compiled with Visual C++: 19.00.23026.00
LogInit: Build Configuration: Development
LogInit: Branch Name: ++UE4+Release-4.12
LogInit: Command line:  
LogInit: Base directory: C:/Program Files/Epic Games/4.12/Engine/Binaries/Win64/
LogInit: Installed Engine Build: 1
LogInit: Using libcurl 7.41.0
LogInit:  - built for x86_64-pc-win32
LogInit:  - supports SSL with WinSSL
LogInit:  - other features:
LogInit:      CURL_VERSION_SSL
LogInit:      CURL_VERSION_IPV6
LogInit:      CURL_VERSION_ASYNCHDNS
LogInit:      CURL_VERSION_LARGEFILE
LogInit:      CURL_VERSION_IDN
LogInit:  CurlRequestOptions (configurable via config and command line):
LogInit:  - bVerifyPeer = true  - Libcurl will verify peer certificate
LogInit:  - bUseHttpProxy = false  - Libcurl will NOT use HTTP proxy
LogInit:  - bDontReuseConnections = false  - Libcurl will reuse connections
LogInit:  - CertBundlePath = nullptr  - Libcurl will use whatever was configured at build time.
LogInit: Presizing for max 8388607 objects, including 0 objects not considered by GC, pre-allocating 0 bytes for permanent pool.
LogInit: Object subsystem initialized
[2017.06.21-08.43.13:671][  0]LogInit: Selected Device Profile: [Windows]
[2017.06.21-08.43.13:671][  0]LogInit: Applying CVar settings loaded from the selected device profile: [Windows]
[2017.06.21-08.43.13:682][  0]LogInit: Computer: PC42640
[2017.06.21-08.43.13:682][  0]LogInit: User: i7230020
[2017.06.21-08.43.13:682][  0]LogInit: CPU Page size=65536, Cores=6
[2017.06.21-08.43.13:682][  0]LogInit: High frequency timer resolution =3.410136 MHz
[2017.06.21-08.43.13:682][  0]LogMemory: Memory total: Physical=31.9GB (32GB approx)
[2017.06.21-08.43.13:682][  0]LogMemory: Platform Memory Stats for Windows
[2017.06.21-08.43.13:682][  0]LogMemory: Process Physical Memory: 195.22 MB used, 195.22 MB peak
[2017.06.21-08.43.13:682][  0]LogMemory: Process Virtual Memory: 198.94 MB used, 198.94 MB peak
[2017.06.21-08.43.13:682][  0]LogMemory: Physical Memory: 10179.25 MB used, 32684.15 MB total
[2017.06.21-08.43.13:682][  0]LogMemory: Virtual Memory: 538.89 MB used, 8388608.00 MB total
[2017.06.21-08.43.13:800][  0]LogTextLocalizationManager: No specific translations for ('en-GB') exist, so ('en') translations will be used.
[2017.06.21-08.43.14:206][  0]LogD3D11RHI: D3D11 adapters:
[2017.06.21-08.43.14:226][  0]LogD3D11RHI:    0. 'NVIDIA Quadro M4000' (Feature Level 11_0)
[2017.06.21-08.43.14:226][  0]LogD3D11RHI:       8092/0/16086 MB DedicatedVideo/DedicatedSystem/SharedSystem, Outputs:1, VendorId:0x10de
[2017.06.21-08.43.14:226][  0]LogD3D11RHI: Chosen D3D11 Adapter: 0
[2017.06.21-08.43.14:232][  0]LogD3D11RHI: Creating new Direct3DDevice
[2017.06.21-08.43.14:233][  0]LogD3D11RHI:     GPU DeviceId: 0x13f1 (for the marketing name, search the web for "GPU Device Id")
[2017.06.21-08.43.14:233][  0]LogWindows: EnumDisplayDevices:
[2017.06.21-08.43.14:234][  0]LogWindows:    0. 'NVIDIA Quadro M4000' (P:1 D:1)
[2017.06.21-08.43.14:235][  0]LogWindows:    1. 'NVIDIA Quadro M4000' (P:0 D:0)
[2017.06.21-08.43.14:235][  0]LogWindows:    2. 'NVIDIA Quadro M4000' (P:0 D:0)
[2017.06.21-08.43.14:236][  0]LogWindows:    3. 'NVIDIA Quadro M4000' (P:0 D:0)
[2017.06.21-08.43.14:237][  0]LogWindows:    4. 'RDPDD Chained DD' (P:0 D:0)
[2017.06.21-08.43.14:237][  0]LogWindows:    5. 'RDP Encoder Mirror Driver' (P:0 D:0)
[2017.06.21-08.43.14:237][  0]LogWindows:    6. 'RDP Reflector Display Driver' (P:0 D:0)
[2017.06.21-08.43.14:237][  0]LogWindows: DebugString: GetVideoDriverDetailsInvalid PrimaryIsNotTheChoosenAdapter GetVideoDriverDetailsInvalid PrimaryIsNotTheChoosenAdapter GetVideoDriverDetailsInvalid PrimaryIsNotTheChoosenAdapter FoundDriverCount:4 
[2017.06.21-08.43.14:237][  0]LogD3D11RHI:     Adapter Name: NVIDIA Quadro M4000
[2017.06.21-08.43.14:237][  0]LogD3D11RHI:   Driver Version: 362.13 (internal:10.18.13.6213, unified:362.13)
[2017.06.21-08.43.14:237][  0]LogD3D11RHI:      Driver Date: 3-18-2016
[2017.06.21-08.43.14:237][  0]LogRHI: Texture pool is 1361 MB (70% of 1945 MB)
[2017.06.21-08.43.14:247][  0]LogD3D11RHI: Async texture creation enabled
[2017.06.21-08.43.14:262][  0]LogD3D11RHI: GPU Timing Frequency: 1000.000000 (Debug: 2 2)
[2017.06.21-08.43.14:262][  0]LogShaderCompilers: Guid format shader working directory is -28 characters bigger than the processId version (../../../../../../Users/i7230020.STUDENT.000/Documents/GitHub/MastersProject/Ava/Intermediate/Shaders/WorkingDirectory/11628/).
[2017.06.21-08.43.14:262][  0]LogShaderCompilers: Cleaned the shader compiler working directory 'C:/Users/I72300~1.000/AppData/Local/Temp/UnrealShaderWorkingDir/672A12B84C3BFBA7D40F7C92CCF6ED00/'.
[2017.06.21-08.43.14:262][  0]LogShaderCompilers:Display: Using Local Shader Compiler.
[2017.06.21-08.43.15:472][  0]LogTemp:Display: Loaded TP AllDesktopTargetPlatform
[2017.06.21-08.43.15:481][  0]LogTemp:Display: Loaded TP WindowsClientTargetPlatform
[2017.06.21-08.43.15:490][  0]LogTemp:Display: Loaded TP WindowsNoEditorTargetPlatform
[2017.06.21-08.43.15:499][  0]LogTemp:Display: Loaded TP WindowsServerTargetPlatform
[2017.06.21-08.43.15:508][  0]LogTemp:Display: Loaded TP WindowsTargetPlatform
[2017.06.21-08.43.15:517][  0]LogTemp:Display: Loaded TP AndroidTargetPlatform
[2017.06.21-08.43.15:525][  0]LogTemp:Display: Loaded TP Android_ASTCTargetPlatform
[2017.06.21-08.43.15:533][  0]LogTemp:Display: Loaded TP Android_ATCTargetPlatform
[2017.06.21-08.43.15:541][  0]LogTemp:Display: Loaded TP Android_DXTTargetPlatform
[2017.06.21-08.43.15:548][  0]LogTemp:Display: Loaded TP Android_ETC1TargetPlatform
[2017.06.21-08.43.15:556][  0]LogTemp:Display: Loaded TP Android_ETC2TargetPlatform
[2017.06.21-08.43.15:573][  0]LogTemp:Display: Loaded TP Android_MultiTargetPlatform
[2017.06.21-08.43.15:573][  0]LogTemp:Display: Loaded TP Android_PVRTCTargetPlatform
[2017.06.21-08.43.15:574][  0]LogTemp:Display: Loaded TP HTML5TargetPlatform
[2017.06.21-08.43.15:601][  0]LogTemp:Display: Loaded TP IOSTargetPlatform
[2017.06.21-08.43.15:615][  0]LogTemp:Display: Loaded TP TVOSTargetPlatform
[2017.06.21-08.43.15:626][  0]LogTemp:Display: Loaded TP LinuxNoEditorTargetPlatform
[2017.06.21-08.43.15:634][  0]LogTemp:Display: Loaded TP LinuxServerTargetPlatform
[2017.06.21-08.43.15:643][  0]LogTemp:Display: Loaded TP LinuxTargetPlatform
[2017.06.21-08.43.15:643][  0]LogTargetPlatformManager:Display: Building Assets For Windows
[2017.06.21-08.43.15:778][  0]LogDerivedDataCache:Display: Max Cache Size: 512 MB
[2017.06.21-08.43.15:836][  0]LogDerivedDataCache: Loaded boot cache 0.06s 49MB C:/Users/i7230020.STUDENT.000/AppData/Local/UnrealEngine/4.12/DerivedDataCache/Boot.ddc.
[2017.06.21-08.43.15:836][  0]LogDerivedDataCache:Display: Loaded Boot cache: C:/Users/i7230020.STUDENT.000/AppData/Local/UnrealEngine/4.12/DerivedDataCache/Boot.ddc
[2017.06.21-08.43.15:836][  0]LogDerivedDataCache: FDerivedDataBackendGraph:  Pak pak cache file ../../../../../../Users/i7230020.STUDENT.000/Documents/GitHub/MastersProject/Ava/DerivedDataCache/DDC.ddp not found, will not use a pak cache.
[2017.06.21-08.43.15:836][  0]LogDerivedDataCache: Unable to find inner node Pak for hierarchical cache Hierarchy.
[2017.06.21-08.43.15:836][  0]LogDerivedDataCache: FDerivedDataBackendGraph:  CompressedPak pak cache file ../../../../../../Users/i7230020.STUDENT.000/Documents/GitHub/MastersProject/Ava/DerivedDataCache/Compressed.ddp not found, will not use a pak cache.
[2017.06.21-08.43.15:836][  0]LogDerivedDataCache: Unable to find inner node CompressedPak for hierarchical cache Hierarchy.
[2017.06.21-08.43.15:851][  0]LogDerivedDataCache:Display: Pak cache opened for reading ../../../Engine/DerivedDataCache/Compressed.ddp.
[2017.06.21-08.43.15:863][  0]LogDerivedDataCache: Using Local data cache path C:/Users/i7230020.STUDENT.000/AppData/Local/UnrealEngine/Common/DerivedDataCache: Writable
[2017.06.21-08.43.16:071][  0]LogInit: Selected Device Profile: [Windows]
[2017.06.21-08.43.16:072][  0]LogContentStreaming: Texture pool size is 0.00 MB
[2017.06.21-08.43.16:318][  0]LogMeshUtilities: No automatic mesh reduction module available
[2017.06.21-08.43.16:318][  0]LogMeshUtilities: No automatic mesh merging module available
[2017.06.21-08.43.16:318][  0]LogMeshUtilities: No distributed automatic mesh merging module available
[2017.06.21-08.43.16:672][  0]LogAssetRegistry: FAssetRegistry took 0.0204 seconds to start up
[2017.06.21-08.43.16:790][  0]LogPackageLocalizationCache: Processed 4 localized package path(s) for 2 prioritized culture(s) in 0.113793 seconds
[2017.06.21-08.43.16:796][  0]LogUObjectArray: 28739 objects as part of root set at end of initial load.
[2017.06.21-08.43.16:796][  0]LogUObjectAllocator: 5855624 out of 0 bytes used by permanent object pool.
[2017.06.21-08.43.16:796][  0]LogUObjectArray: CloseDisregardForGC: 0/0 objects in disregard for GC pool
[2017.06.21-08.43.16:806][  0]LogInit: WinSock: version 1.1 (2.2), MaxSocks=32767, MaxUdp=65467
[2017.06.21-08.43.17:045][  0]LogSlate: SlateFontCache - WITH_FREETYPE: 1, WITH_HARFBUZZ: 1
[2017.06.21-08.43.17:045][  0]LogSlate: SlateFontCache - WITH_FREETYPE: 1, WITH_HARFBUZZ: 1
[2017.06.21-08.43.18:288][  0]LogUdpMessaging: Initializing bridge on interface 0.0.0.0:0 to multicast group 230.0.0.1:6666.
[2017.06.21-08.43.18:590][  0]SourceControl: Info Source control is disabled
[2017.06.21-08.43.18:593][  0]SourceControl: Info Source control is disabled
[2017.06.21-08.43.18:605][  0]SourceControl: Info Source control is disabled
[2017.06.21-08.43.18:629][  0]SourceControl: Info Source control is disabled
[2017.06.21-08.43.18:787][  0]LogHoudiniEngine: Starting the Houdini Engine module.
[2017.06.21-08.43.18:788][  0]LogHoudiniEngine: Loaded libHAPIL.dll from Registry path C:\Program Files\Side Effects Software\Houdini 15.5.632/bin
[2017.06.21-08.43.18:788][  0]LogLinker:Warning: Asset '../../../Engine/Plugins/Runtime/HoudiniEngine/Content/houdini_logo.uasset' has been saved with empty engine version. The asset will be loaded but may be incompatible.
[2017.06.21-08.43.18:790][  0]LogLinker:Warning: Asset '../../../Engine/Plugins/Runtime/HoudiniEngine/Content/houdini_default_material.uasset' has been saved with empty engine version. The asset will be loaded but may be incompatible.
[2017.06.21-08.43.18:794][  0]LogLinker:Warning: Asset '../../../Engine/Plugins/Runtime/HoudiniEngine/Content/houdini_bgeo_import.uasset' has been saved with empty engine version. The asset will be loaded but may be incompatible.
[2017.06.21-08.43.20:013][  0]LogHoudiniEngine: Successfully initialized the Houdini Engine API module.
[2017.06.21-08.43.20:193][  0]LogEngine: Initializing Engine...
[2017.06.21-08.43.20:195][  0]LogHMD: SteamVR failed to initialize.  Err: 110
[2017.06.21-08.43.20:196][  0]LogHMD: SteamVR failed to initialize.  Err: 110
[2017.06.21-08.43.20:371][  0]LogAIModule: Creating AISystem for world NewWorld
[2017.06.21-08.43.20:379][  0]LogInit: XAudio2 using 'Speakers (Realtek High Definition Audio)' : 2 channels at 48 kHz using 32 bits per sample (channel mask 0x3)
[2017.06.21-08.43.20:396][  0]LogInit: FAudioDevice initialized.
[2017.06.21-08.43.20:432][  0]LogDerivedDataCache: Saved boot cache 0.04s 49MB C:/Users/i7230020.STUDENT.000/AppData/Local/UnrealEngine/4.12/DerivedDataCache/Boot.ddc.
[2017.06.21-08.43.20:438][  0]LogInit: Texture streaming: Enabled
[2017.06.21-08.43.20:460][  0]LogInit: Transaction tracking system initialized
[2017.06.21-08.43.20:481][  0]BlueprintLog: New page: Editor Load
[2017.06.21-08.43.20:566][  0]LocalizationService: Info Localization service is disabled
[2017.06.21-08.43.20:643][  0]LogConsoleResponse:Display: 
[2017.06.21-08.43.20:832][  0]LogCook:Display: Max memory allowance for cook 8192mb
[2017.06.21-08.43.20:832][  0]LogCook:Display: Mobile HDR setting 1
[2017.06.21-08.43.20:943][  0]LogFileCache: Scanning file cache for directory 'C:/Users/i7230020.STUDENT.000/Documents/GitHub/MastersProject/Ava/Content/' took 0.02s
[2017.06.21-08.43.20:943][  0]LogHoudiniEngineEditor: Starting the Houdini Engine Editor module.
[2017.06.21-08.43.20:990][  0]SourceControl: Info Source control is disabled
[2017.06.21-08.43.20:990][  0]Cmd: MAP LOAD FILE="../../../../../../Users/i7230020.STUDENT.000/Documents/GitHub/MastersProject/Ava/Content/Ava/Maps/MainMenu.umap" TEMPLATE=0 SHOWPROGRESS=1 FEATURELEVEL=3
[2017.06.21-08.43.20:990][  0]LightingResults: New page: Lighting Build
[2017.06.21-08.43.20:993][  0]MapCheck: New page: Map Check
[2017.06.21-08.43.20:993][  0]LightingResults: New page: Lighting Build
[2017.06.21-08.43.21:133][  0]LogAIModule: Creating AISystem for world MainMenu
[2017.06.21-08.43.21:134][  0]LogEditorServer: Finished looking for orphan Actors (0.000 secs)
[2017.06.21-08.43.21:135][  0]Cmd: MAP CHECKDEP NOCLEARLOG
[2017.06.21-08.43.21:233][  0]MapCheck: Info Map check complete: 0 Error(s), 0 Warning(s), took 97.71ms to complete.
[2017.06.21-08.43.21:233][  0]LogFileHelpers: Loading map 'MainMenu' took 0.243
[2017.06.21-08.43.21:361][  0]LogCollectionManager: Loaded 0 collections in 0.001571 seconds
[2017.06.21-08.43.21:411][  0]LogFileCache: Scanning file cache for directory 'C:/Users/i7230020.STUDENT.000/Documents/GitHub/MastersProject/Ava/Saved/Collections/' took 0.01s
[2017.06.21-08.43.21:411][  0]LogFileCache: Scanning file cache for directory 'C:/Users/i7230020.STUDENT.000/Documents/GitHub/MastersProject/Ava/Content/Developers/i7230020/Collections/' took 0.01s
[2017.06.21-08.43.21:411][  0]LogFileCache: Scanning file cache for directory 'C:/Users/i7230020.STUDENT.000/Documents/GitHub/MastersProject/Ava/Content/Collections/' took 0.01s
[2017.06.21-08.43.21:411][  0]LogCollectionManager: Rebuilt the GUID cache for 0 collections in 0.000004 seconds
[2017.06.21-08.43.21:430][  0]LogContentBrowser: Native class hierarchy populated in 0.0195 seconds. Added 2089 classes and 376 folders.
[2017.06.21-08.43.21:437][  0]LogStats: UGameplayTagsManager::ConstructGameplayTagTree: Construct from data asset -  0.000 s
[2017.06.21-08.43.21:437][  0]LogStats: UGameplayTagsManager::ConstructGameplayTagTree: GameplayTagTreeChangedEvent.Broadcast -  0.000 s
[2017.06.21-08.43.21:442][  0]LogContentBrowser: Native class hierarchy updated for 'GameplayTags' in 0.0045 seconds. Added 12 classes and 0 folders.
[2017.06.21-08.43.21:448][  0]LogContentBrowser: Native class hierarchy updated for 'WidgetCarousel' in 0.0023 seconds. Added 0 classes and 0 folders.
[2017.06.21-08.43.21:525][  0]LogContentBrowser: Native class hierarchy updated for 'AddContentDialog' in 0.0024 seconds. Added 0 classes and 0 folders.
[2017.06.21-08.43.21:530][  0]LogContentBrowser: Native class hierarchy updated for 'SceneOutliner' in 0.0024 seconds. Added 1 classes and 2 folders.
[2017.06.21-08.43.21:542][  0]LogCrashTracker: Crashtracker disabled due to settings.
[2017.06.21-08.43.21:596][  0]LogContentBrowser: Native class hierarchy updated for 'HierarchicalLODOutliner' in 0.0066 seconds. Added 1 classes and 2 folders.
[2017.06.21-08.43.21:597][  0]LogLoad: Full Startup: 10.78 seconds (BP compile: 0.03 seconds)
[2017.06.21-08.43.21:597][  0]LogExternalProfiler: Found external profiler: VSPerf
[2017.06.21-08.43.21:597][  0]LogExternalProfiler: Using external profiler: VSPerf
[2017.06.21-08.43.21:609][  0]LogOcInput: OculusInput pre-init called
[2017.06.21-08.43.21:628][  0]LogContentStreaming: Texture pool size now 1000 MB
[2017.06.21-08.43.21:794][  0]LogRenderer: Reallocating scene render targets to support 1616x600 (Frame:2).
[2017.06.21-08.43.21:877][  1]LogAssetRegistry: Asset discovery search completed in 5.2257 seconds
[2017.06.21-08.43.21:877][  1]LogCollectionManager: Rebuilt the object cache for 0 collections in 0.000001 seconds (found 0 objects)
[2017.06.21-08.43.21:877][  1]LogCollectionManager: Fixed up redirectors for 0 collections in 0.000022 seconds (updated 0 objects)
[2017.06.21-08.43.26:259][335]LogBlueprint:Warning: Compiler Warning InputAction Event references unknown Action 'Crouch' for  InputAction Crouch 
[2017.06.21-08.43.26:261][335]LogBlueprint:Warning: Compiler Warning [0015.45] Compile of Ue4ASP_Character successful, but with 1 Warning(s) [in 7 ms] (/Game/AnimStarterPack/Ue4ASP_Character.Ue4ASP_Character)
[2017.06.21-08.43.26:261][335]LogBlueprint:Warning: Compiler Warning [0015.45] Compile of Ue4ASP_Character successful, but with 2 Warning(s) [in 0 ms] (/Game/AnimStarterPack/Ue4ASP_Character.Ue4ASP_Character)
[2017.06.21-08.43.26:261][335]LogBlueprint:Warning: Compiler Warning [0015.45] Compile of Ue4ASP_Character successful, but with 3 Warning(s) [in 0 ms] (/Game/AnimStarterPack/Ue4ASP_Character.Ue4ASP_Character)
[2017.06.21-08.43.26:333][335]LogBlueprint:Warning: Compiler Warning InputAction Event references unknown Action 'Crouch' for  InputAction Crouch 
[2017.06.21-08.43.26:335][335]LogBlueprint:Warning: Compiler Warning [0015.52] Compile of Ue4ASP_Character successful, but with 1 Warning(s) [in 7 ms] (/Game/AnimStarterPack/Ue4ASP_Character.Ue4ASP_Character)
[2017.06.21-08.43.26:335][335]LogBlueprint:Warning: Compiler Warning [0015.52] Compile of Ue4ASP_Character successful, but with 2 Warning(s) [in 0 ms] (/Game/AnimStarterPack/Ue4ASP_Character.Ue4ASP_Character)
[2017.06.21-08.43.26:336][335]LogBlueprint:Warning: Compiler Warning [0015.52] Compile of Ue4ASP_Character successful, but with 3 Warning(s) [in 0 ms] (/Game/AnimStarterPack/Ue4ASP_Character.Ue4ASP_Character)
[2017.06.21-08.43.26:558][335]LogAIModule: Creating AISystem for world ExternalEnvironment
[2017.06.21-08.43.26:597][335]Cmd: MAP LOAD FILE="../../../../../../Users/i7230020.STUDENT.000/Documents/GitHub/MastersProject/Ava/Content/Ava/Maps/ExternalEnvironment.umap" TEMPLATE=0 SHOWPROGRESS=1 FEATURELEVEL=3
[2017.06.21-08.43.26:597][335]LightingResults: New page: Lighting Build
[2017.06.21-08.43.26:598][335]LoadErrors: New page: Loading map: ExternalEnvironment.umap
[2017.06.21-08.43.26:598][335]MapCheck: New page: Map Check
[2017.06.21-08.43.26:598][335]LightingResults: New page: Lighting Build
[2017.06.21-08.43.26:640][335]LogEditorServer: Finished looking for orphan Actors (0.000 secs)
[2017.06.21-08.43.26:666][335]Cmd: MAP CHECKDEP NOCLEARLOG
[2017.06.21-08.43.26:743][335]MapCheck: Info Map check complete: 0 Error(s), 0 Warning(s), took 77.203ms to complete.
[2017.06.21-08.43.26:743][335]LogFileHelpers: Loading map 'ExternalEnvironment' took 0.147
[2017.06.21-08.43.26:771][336]Cmd: UpdateLandscapeEditorData -warnings
[2017.06.21-08.43.26:772][336]Cmd: UpdateLandscapeEditorData
[2017.06.21-08.44.30:140][239]Cmd: OBJ SAVEPACKAGE PACKAGE="/Game/Ava/Antelope/Antelope_Rig" FILE="../../../../../../Users/i7230020.STUDENT.000/Documents/GitHub/MastersProject/Ava/Content/Ava/Antelope/Antelope_Rig.uasset" SILENT=true
[2017.06.21-08.44.30:220][239]LogSavePackage: Save=76.94ms
[2017.06.21-08.44.30:220][239]LogSavePackage: Moving '../../../../../../Users/i7230020.STUDENT.000/Documents/GitHub/MastersProject/Ava/Saved/Antelope_RigDC1E8CE1438024CA45F1BCA437DF5203.tmp' to '../../../../../../Users/i7230020.STUDENT.000/Documents/GitHub/MastersProject/Ava/Content/Ava/Antelope/Antelope_Rig.uasset'
[2017.06.21-08.44.30:234][239]LogSavePackage:Display: Finished SavePackage ../../../../../../Users/i7230020.STUDENT.000/Documents/GitHub/MastersProject/Ava/Content/Ava/Antelope/Antelope_Rig.uasset
[2017.06.21-08.44.30:355][239]LogSavePackage: Save=10.84ms
[2017.06.21-08.44.30:355][239]LogSavePackage: Moving '../../../../../../Users/i7230020.STUDENT.000/Documents/GitHub/MastersProject/Ava/Saved/Paula_Rig_SkinnedV1_PhysicsAssetF557A52345F3EEE4300814AFA2E260A5.tmp' to '../../../../../../Users/i7230020.STUDENT.000/Documents/GitHub/MastersProject/Ava/Content/Ava/Antelope/Paula_Rig_SkinnedV1_PhysicsAsset.uasset'
[2017.06.21-08.44.30:362][239]LogSavePackage:Display: Finished SavePackage ../../../../../../Users/i7230020.STUDENT.000/Documents/GitHub/MastersProject/Ava/Content/Ava/Antelope/Paula_Rig_SkinnedV1_PhysicsAsset.uasset
[2017.06.21-08.44.41:266][657]LogSavePackage: Save=24.87ms
[2017.06.21-08.44.41:266][657]LogSavePackage: Moving '../../../../../../Users/i7230020.STUDENT.000/Documents/GitHub/MastersProject/Ava/Saved/Antelope_Physics06589F164C4AEE8456E5039663F0E279.tmp' to '../../../../../../Users/i7230020.STUDENT.000/Documents/GitHub/MastersProject/Ava/Content/Ava/Antelope/Antelope_Physics.uasset'
[2017.06.21-08.44.41:283][657]LogSavePackage:Display: Finished SavePackage ../../../../../../Users/i7230020.STUDENT.000/Documents/GitHub/MastersProject/Ava/Content/Ava/Antelope/Antelope_Physics.uasset
[2017.06.21-08.44.41:396][657]Cmd: OBJ SAVEPACKAGE PACKAGE="/Game/Ava/Antelope/Antelope_Rig" FILE="../../../../../../Users/i7230020.STUDENT.000/Documents/GitHub/MastersProject/Ava/Content/Ava/Antelope/Antelope_Rig.uasset" SILENT=true
[2017.06.21-08.44.41:489][657]LogSavePackage: Save=77.53ms
[2017.06.21-08.44.41:489][657]LogSavePackage: Moving '../../../../../../Users/i7230020.STUDENT.000/Documents/GitHub/MastersProject/Ava/Saved/Antelope_Rig20E08BB84CE07B600A8AE78F71ED9A5C.tmp' to '../../../../../../Users/i7230020.STUDENT.000/Documents/GitHub/MastersProject/Ava/Content/Ava/Antelope/Antelope_Rig.uasset'
[2017.06.21-08.44.41:500][657]LogSavePackage:Display: Finished SavePackage ../../../../../../Users/i7230020.STUDENT.000/Documents/GitHub/MastersProject/Ava/Content/Ava/Antelope/Antelope_Rig.uasset
[2017.06.21-08.44.50:948][ 54]LogSavePackage: Save=7.97ms
[2017.06.21-08.44.50:948][ 54]LogSavePackage: Moving '../../../../../../Users/i7230020.STUDENT.000/Documents/GitHub/MastersProject/Ava/Saved/Antelope_Skeleton3E4D61B6466AB785DF85DAA7FE6B3CC4.tmp' to '../../../../../../Users/i7230020.STUDENT.000/Documents/GitHub/MastersProject/Ava/Content/Ava/Antelope/Antelope_Skeleton.uasset'
[2017.06.21-08.44.50:965][ 54]LogSavePackage:Display: Finished SavePackage ../../../../../../Users/i7230020.STUDENT.000/Documents/GitHub/MastersProject/Ava/Content/Ava/Antelope/Antelope_Skeleton.uasset
[2017.06.21-08.44.51:072][ 54]Cmd: OBJ SAVEPACKAGE PACKAGE="/Game/Ava/Antelope/Antelope_Rig" FILE="../../../../../../Users/i7230020.STUDENT.000/Documents/GitHub/MastersProject/Ava/Content/Ava/Antelope/Antelope_Rig.uasset" SILENT=true
[2017.06.21-08.44.51:180][ 54]LogSavePackage: Save=96.74ms
[2017.06.21-08.44.51:180][ 54]LogSavePackage: Moving '../../../../../../Users/i7230020.STUDENT.000/Documents/GitHub/MastersProject/Ava/Saved/Antelope_RigEB14FE4C473F8EB22FB373AD58145A92.tmp' to '../../../../../../Users/i7230020.STUDENT.000/Documents/GitHub/MastersProject/Ava/Content/Ava/Antelope/Antelope_Rig.uasset'
[2017.06.21-08.44.51:192][ 54]LogSavePackage:Display: Finished SavePackage ../../../../../../Users/i7230020.STUDENT.000/Documents/GitHub/MastersProject/Ava/Content/Ava/Antelope/Antelope_Rig.uasset
[2017.06.21-08.45.05:099][220]LogFactory: FactoryCreateFile: Texture with ReimportTextureFactory (0 0 C:\Users\i7230020.STUDENT.000\Downloads\forfranci.png)
[2017.06.21-08.45.05:999][220]LogTexture:Display: Building textures: forfranci (AutoDXT)
[2017.06.21-08.45.09:925][298]Cmd: OBJ SAVEPACKAGE PACKAGE="/Game/Ava/Antelope/forfranci" FILE="../../../../../../Users/i7230020.STUDENT.000/Documents/GitHub/MastersProject/Ava/Content/Ava/Antelope/forfranci.uasset" SILENT=true
[2017.06.21-08.45.10:955][298]LogSavePackage: Save=1023.31ms
[2017.06.21-08.45.10:955][298]LogSavePackage: Moving '../../../../../../Users/i7230020.STUDENT.000/Documents/GitHub/MastersProject/Ava/Saved/forfranci2E14D79A427443FF26A93089C1E2AD3B.tmp' to '../../../../../../Users/i7230020.STUDENT.000/Documents/GitHub/MastersProject/Ava/Content/Ava/Antelope/forfranci.uasset'
[2017.06.21-08.45.10:971][298]LogSavePackage:Display: Finished SavePackage ../../../../../../Users/i7230020.STUDENT.000/Documents/GitHub/MastersProject/Ava/Content/Ava/Antelope/forfranci.uasset
[2017.06.21-08.45.11:465][323]LogMaterial: Missing cached shader map for material lambert1, compiling. 
[2017.06.21-08.45.11:601][323]LogMaterial: Missing cached shader map for material lambert1, compiling. 
[2017.06.21-08.45.11:616][323]LogMaterial: 0.00 seconds spent updating 1 materials, 1 interfaces, 0 instances, 0 with static permutations.
[2017.06.21-08.45.11:645][323]LogMaterial: Missing cached shader map for material FMatExpressionPreview MaterialExpressionVectorParameter_0, compiling. 
[2017.06.21-08.45.13:707][399]MaterialEditorStats: Info Base pass shader with only dynamic lighting: 22 instructions
[2017.06.21-08.45.13:707][399]MaterialEditorStats: Info Vertex shader: 29 instructions
[2017.06.21-08.45.13:707][399]MaterialEditorStats: Info Texture samplers: 0/16
[2017.06.21-08.45.19:239][659]LogMaterial: Missing cached shader map for material FMatExpressionPreview MaterialExpressionTextureSample_0, compiling. 
[2017.06.21-08.45.19:265][659]LogMaterial: Missing cached shader map for material FMatExpressionPreview MaterialExpressionVectorParameter_0, compiling. 
[2017.06.21-08.45.19:269][659]LogMaterial: Missing cached shader map for material FMatExpressionPreview MaterialExpressionTextureSample_0, compiling. 
[2017.06.21-08.45.20:918][759]LogMaterial: Missing cached shader map for material FMatExpressionPreview MaterialExpressionTextureSample_0, compiling. 
[2017.06.21-08.45.22:736][846]LogMaterialEditor: Saving and Compiling material lambert1
[2017.06.21-08.45.23:215][846]LogMaterial: Missing cached shader map for material lambert1, compiling. 
[2017.06.21-08.45.23:239][846]LogMaterial: 0.00 seconds spent updating 1 materials, 1 interfaces, 0 instances, 0 with static permutations.
[2017.06.21-08.45.23:259][846]LogMaterial: Missing cached shader map for material lambert1, compiling. 
[2017.06.21-08.45.23:290][846]LogMaterial: Missing cached shader map for material lambert1, compiling. 
[2017.06.21-08.45.23:313][846]LogMaterial: 0.00 seconds spent updating 1 materials, 1 interfaces, 0 instances, 0 with static permutations.
[2017.06.21-08.45.27:157][846]Cmd: OBJ SAVEPACKAGE PACKAGE="/Game/Ava/Antelope/lambert1" FILE="../../../../../../Users/i7230020.STUDENT.000/Documents/GitHub/MastersProject/Ava/Content/Ava/Antelope/lambert1.uasset" SILENT=true
[2017.06.21-08.45.27:181][846]LogSavePackage: Save=12.90ms
[2017.06.21-08.45.27:181][846]LogSavePackage: Moving '../../../../../../Users/i7230020.STUDENT.000/Documents/GitHub/MastersProject/Ava/Saved/lambert1E9420A3E4E8996940FC593A7D4188903.tmp' to '../../../../../../Users/i7230020.STUDENT.000/Documents/GitHub/MastersProject/Ava/Content/Ava/Antelope/lambert1.uasset'
[2017.06.21-08.45.27:192][846]LogSavePackage:Display: Finished SavePackage ../../../../../../Users/i7230020.STUDENT.000/Documents/GitHub/MastersProject/Ava/Content/Ava/Antelope/lambert1.uasset
[2017.06.21-08.45.27:196][846]MaterialEditorStats: Info Base pass shader with only dynamic lighting: 59 instructions
[2017.06.21-08.45.27:196][846]MaterialEditorStats: Info Vertex shader: 31 instructions
[2017.06.21-08.45.27:196][846]MaterialEditorStats: Info Texture samplers: 4/16
[2017.06.21-08.45.29:697][940]LogSkeletalMesh: InitArticulated: Bodies already created (/Engine/Transient.DebugSkelMeshComponent_0) - call TermArticulated first.
[2017.06.21-08.45.39:407][444]LogMaterial: Missing cached shader map for material lambert1, compiling. 
[2017.06.21-08.45.39:444][444]LogMaterial:Warning: Material /Game/TemporaryContent/lambert1.lambert1 needed to have new flag set bUsedWithSkeletalMesh !
[2017.06.21-08.45.39:449][444]LogMaterial: Missing cached shader map for material lambert1, compiling. 
[2017.06.21-08.45.39:474][444]LogMaterial: 0.00 seconds spent updating 1 materials, 1 interfaces, 0 instances, 0 with static permutations.
[2017.06.21-08.45.45:958][724]Cmd: OBJ SAVEPACKAGE PACKAGE="/Game/Ava/Antelope/Antelope_Rig" FILE="../../../../../../Users/i7230020.STUDENT.000/Documents/GitHub/MastersProject/Ava/Content/Ava/Antelope/Antelope_Rig.uasset" SILENT=true
[2017.06.21-08.45.46:056][724]LogSavePackage: Save=90.28ms
[2017.06.21-08.45.46:056][724]LogSavePackage: Moving '../../../../../../Users/i7230020.STUDENT.000/Documents/GitHub/MastersProject/Ava/Saved/Antelope_RigDD596F314894FC38E961A1BE7AF3F249.tmp' to '../../../../../../Users/i7230020.STUDENT.000/Documents/GitHub/MastersProject/Ava/Content/Ava/Antelope/Antelope_Rig.uasset'
[2017.06.21-08.45.46:071][724]LogSavePackage:Display: Finished SavePackage ../../../../../../Users/i7230020.STUDENT.000/Documents/GitHub/MastersProject/Ava/Content/Ava/Antelope/Antelope_Rig.uasset
[2017.06.21-08.46.14:399][792]Cmd: OBJ SAVEPACKAGE PACKAGE="/Game/Ava/Antelope/M_Antelope" FILE="../../../../../../Users/i7230020.STUDENT.000/Documents/GitHub/MastersProject/Ava/Content/Ava/Antelope/M_Antelope.uasset" SILENT=true
[2017.06.21-08.46.14:423][792]LogSavePackage: Save=20.56ms
[2017.06.21-08.46.14:423][792]LogSavePackage: Moving '../../../../../../Users/i7230020.STUDENT.000/Documents/GitHub/MastersProject/Ava/Saved/M_Antelope5C00EFD44A58CCC74A3ED8B9EED0892F.tmp' to '../../../../../../Users/i7230020.STUDENT.000/Documents/GitHub/MastersProject/Ava/Content/Ava/Antelope/M_Antelope.uasset'
[2017.06.21-08.46.14:465][792]LogSavePackage:Display: Finished SavePackage ../../../../../../Users/i7230020.STUDENT.000/Documents/GitHub/MastersProject/Ava/Content/Ava/Antelope/M_Antelope.uasset
[2017.06.21-08.46.14:582][792]Cmd: OBJ SAVEPACKAGE PACKAGE="/Game/Ava/Antelope/Antelope_Rig" FILE="../../../../../../Users/i7230020.STUDENT.000/Documents/GitHub/MastersProject/Ava/Content/Ava/Antelope/Antelope_Rig.uasset" SILENT=true
[2017.06.21-08.46.14:689][792]LogSavePackage: Save=98.81ms
[2017.06.21-08.46.14:689][792]LogSavePackage: Moving '../../../../../../Users/i7230020.STUDENT.000/Documents/GitHub/MastersProject/Ava/Saved/Antelope_Rig129B0DF74A586609B8A818A7932752DE.tmp' to '../../../../../../Users/i7230020.STUDENT.000/Documents/GitHub/MastersProject/Ava/Content/Ava/Antelope/Antelope_Rig.uasset'
[2017.06.21-08.46.14:696][792]LogSavePackage:Display: Finished SavePackage ../../../../../../Users/i7230020.STUDENT.000/Documents/GitHub/MastersProject/Ava/Content/Ava/Antelope/Antelope_Rig.uasset
[2017.06.21-08.47.25:255][137]LogSavePackage: Save=85.47ms
[2017.06.21-08.47.25:256][137]LogSavePackage: Moving '../../../../../../Users/i7230020.STUDENT.000/Documents/GitHub/MastersProject/Ava/Saved/Antelope_SkinRig_FT_V1F58947A44B25943E8704609CB86CAEEC.tmp' to '../../../../../../Users/i7230020.STUDENT.000/Documents/GitHub/MastersProject/Ava/Content/Ava/Antelope/Antelope_SkinRig_FT_V1.uasset'
[2017.06.21-08.47.25:276][137]LogSavePackage:Display: Finished SavePackage ../../../../../../Users/i7230020.STUDENT.000/Documents/GitHub/MastersProject/Ava/Content/Ava/Antelope/Antelope_SkinRig_FT_V1.uasset
[2017.06.21-08.47.25:407][137]LogSavePackage: Save=10.86ms
[2017.06.21-08.47.25:407][137]LogSavePackage: Moving '../../../../../../Users/i7230020.STUDENT.000/Documents/GitHub/MastersProject/Ava/Saved/Antelope_PhysicsDEA309484B6862B8A200D689A6EEA2AF.tmp' to '../../../../../../Users/i7230020.STUDENT.000/Documents/GitHub/Maste