Log file open, 07/10/17 10:01:47
LogInit:Display: Running engine for game: Ava
LogPlatformFile: Not using cached read wrapper
LogInit:Display: RandInit(947282446) SRandInit(947282447).
LogTaskGraph: Started task graph with 4 named threads and 7 total threads with 1 sets of task threads.
LogStats: Stats thread started at 0.080891
LogInit: Version: 4.12.5-3039270+++UE4+Release-4.12
LogInit: API Version: 2992821
LogInit: Net Version: 3039270
LogDevObjectVersion: Number of dev versions registered: 13
LogDevObjectVersion:   Dev-Blueprints (B0D832E4-1F89-4F0D-ACCF-7EB736FD4AA2): 3
LogDevObjectVersion:   Dev-Build (E1C64328-A22C-4D53-A36C-8E866417BD8C): 0
LogDevObjectVersion:   Dev-Core (375EC13C-06E4-48FB-B500-84F0262A717E): 1
LogDevObjectVersion:   Dev-Editor (E4B068ED-F494-42E9-A231-DA0B2E46BB41): 2
LogDevObjectVersion:   Dev-Framework (CFFC743F-43B0-4480-9391-14DF171D2073): 6
LogDevObjectVersion:   Dev-Mobile (B02B49B5-BB20-44E9-A304-32B752E40360): 0
LogDevObjectVersion:   Dev-Networking (A4E4105C-59A1-49B5-A7C5-40C4547EDFEE): 0
LogDevObjectVersion:   Dev-Online (39C831C9-5AE6-47DC-9A44-9C173E1C8E7C): 0
LogDevObjectVersion:   Dev-Physics (78F01B33-EBEA-4F98-B9B4-84EACCB95AA2): 0
LogDevObjectVersion:   Dev-Platform (6631380F-2D4D-43E0-8009-CF276956A95A): 0
LogDevObjectVersion:   Dev-Rendering (12F88B9F-8875-4AFC-A67C-D90C383ABD29): 2
LogDevObjectVersion:   Dev-Sequencer (7B5AE74C-D270-4C10-A958-57980B212A5A): 0
LogDevObjectVersion:   Dev-VR (D7296918-1DD6-4BDD-9DE2-64A83CC13884): 0
LogInit: Compiled (64-bit): Jul  6 2016 09:09:46
LogInit: Compiled with Visual C++: 19.00.23026.00
LogInit: Build Configuration: Development
LogInit: Branch Name: ++UE4+Release-4.12
LogInit: Command line:  
LogInit: Base directory: C:/Program Files/Epic Games/UE_4.12/Engine/Binaries/Win64/
LogInit: Installed Engine Build: 1
LogInit: Using libcurl 7.41.0
LogInit:  - built for x86_64-pc-win32
LogInit:  - supports SSL with WinSSL
LogInit:  - other features:
LogInit:      CURL_VERSION_SSL
LogInit:      CURL_VERSION_IPV6
LogInit:      CURL_VERSION_ASYNCHDNS
LogInit:      CURL_VERSION_LARGEFILE
LogInit:      CURL_VERSION_IDN
LogInit:  CurlRequestOptions (configurable via config and command line):
LogInit:  - bVerifyPeer = true  - Libcurl will verify peer certificate
LogInit:  - bUseHttpProxy = false  - Libcurl will NOT use HTTP proxy
LogInit:  - bDontReuseConnections = false  - Libcurl will reuse connections
LogInit:  - CertBundlePath = nullptr  - Libcurl will use whatever was configured at build time.
LogInit: Presizing for max 8388607 objects, including 0 objects not considered by GC, pre-allocating 0 bytes for permanent pool.
LogInit: Object subsystem initialized
[2017.07.10-09.01.47:378][  0]LogInit: Selected Device Profile: [Windows]
[2017.07.10-09.01.47:378][  0]LogInit: Applying CVar settings loaded from the selected device profile: [Windows]
[2017.07.10-09.01.47:391][  0]LogInit: Computer: TOKEPI
[2017.07.10-09.01.47:391][  0]LogInit: User: LloydPhillips
[2017.07.10-09.01.47:391][  0]LogInit: CPU Page size=65536, Cores=4
[2017.07.10-09.01.47:391][  0]LogInit: High frequency timer resolution =3.330091 MHz
[2017.07.10-09.01.47:391][  0]LogMemory: Memory total: Physical=7.9GB (8GB approx)
[2017.07.10-09.01.47:391][  0]LogMemory: Platform Memory Stats for Windows
[2017.07.10-09.01.47:391][  0]LogMemory: Process Physical Memory: 195.27 MB used, 195.27 MB peak
[2017.07.10-09.01.47:391][  0]LogMemory: Process Virtual Memory: 195.32 MB used, 195.32 MB peak
[2017.07.10-09.01.47:391][  0]LogMemory: Physical Memory: 5398.38 MB used, 8135.61 MB total
[2017.07.10-09.01.47:391][  0]LogMemory: Virtual Memory: 590.48 MB used, 134217728.00 MB total
[2017.07.10-09.01.47:420][  0]LogTextLocalizationManager: No specific translations for ('en-US') exist, so ('en') translations will be used.
[2017.07.10-09.01.47:805][  0]LogD3D11RHI: D3D11 adapters:
[2017.07.10-09.01.48:317][  0]LogD3D11RHI:    0. 'NVIDIA GeForce GTX 660' (Feature Level 11_0)
[2017.07.10-09.01.48:317][  0]LogD3D11RHI:       2016/0/4067 MB DedicatedVideo/DedicatedSystem/SharedSystem, Outputs:2, VendorId:0x10de
[2017.07.10-09.01.48:319][  0]LogD3D11RHI:    1. 'Microsoft Basic Render Driver' (Feature Level 11_0)
[2017.07.10-09.01.48:319][  0]LogD3D11RHI:       0/0/4067 MB DedicatedVideo/DedicatedSystem/SharedSystem, Outputs:0, VendorId:0x1414
[2017.07.10-09.01.48:319][  0]LogD3D11RHI: Chosen D3D11 Adapter: 0
[2017.07.10-09.01.48:324][  0]LogD3D11RHI: Creating new Direct3DDevice
[2017.07.10-09.01.48:324][  0]LogD3D11RHI:     GPU DeviceId: 0x11c0 (for the marketing name, search the web for "GPU Device Id")
[2017.07.10-09.01.48:324][  0]LogWindows: EnumDisplayDevices:
[2017.07.10-09.01.48:324][  0]LogWindows:    0. 'NVIDIA GeForce GTX 660' (P:1 D:1)
[2017.07.10-09.01.48:324][  0]LogWindows:    1. 'NVIDIA GeForce GTX 660' (P:0 D:1)
[2017.07.10-09.01.48:324][  0]LogWindows:    2. 'NVIDIA GeForce GTX 660' (P:0 D:0)
[2017.07.10-09.01.48:325][  0]LogWindows:    3. 'NVIDIA GeForce GTX 660' (P:0 D:0)
[2017.07.10-09.01.48:325][  0]LogWindows: DebugString: FoundDriverCount:4 
[2017.07.10-09.01.48:325][  0]LogD3D11RHI:     Adapter Name: NVIDIA GeForce GTX 660
[2017.07.10-09.01.48:325][  0]LogD3D11RHI:   Driver Version: 382.33 (internal:22.21.13.8233, unified:382.33)
[2017.07.10-09.01.48:325][  0]LogD3D11RHI:      Driver Date: 5-17-2017
[2017.07.10-09.01.48:325][  0]LogRHI: Texture pool is 1361 MB (70% of 1945 MB)
[2017.07.10-09.01.48:797][  0]LogD3D11RHI: Async texture creation enabled
[2017.07.10-09.01.48:838][  0]LogD3D11RHI: GPU Timing Frequency: 1000.000000 (Debug: 2 2)
[2017.07.10-09.01.48:838][  0]LogShaderCompilers: Guid format shader working directory is -12 characters bigger than the processId version (G:/University Work/Masters/MastersProject/MastersProject/Ava/Intermediate/Shaders/WorkingDirectory/13916/).
[2017.07.10-09.01.48:838][  0]LogShaderCompilers: Cleaned the shader compiler working directory 'C:/Users/LLOYDP~1/AppData/Local/Temp/UnrealShaderWorkingDir/8D91B2C44EE317401734C9AFBF1F003E/'.
[2017.07.10-09.01.48:842][  0]LogShaderCompilers:Display: Using Local Shader Compiler.
[2017.07.10-09.01.49:797][  0]LogTemp:Display: Loaded TP AllDesktopTargetPlatform
[2017.07.10-09.01.49:806][  0]LogTemp:Display: Loaded TP WindowsClientTargetPlatform
[2017.07.10-09.01.49:815][  0]LogTemp:Display: Loaded TP WindowsNoEditorTargetPlatform
[2017.07.10-09.01.49:825][  0]LogTemp:Display: Loaded TP WindowsServerTargetPlatform
[2017.07.10-09.01.49:834][  0]LogTemp:Display: Loaded TP WindowsTargetPlatform
[2017.07.10-09.01.49:846][  0]LogTemp:Display: Loaded TP AndroidTargetPlatform
[2017.07.10-09.01.49:856][  0]LogTemp:Display: Loaded TP Android_ASTCTargetPlatform
[2017.07.10-09.01.49:865][  0]LogTemp:Display: Loaded TP Android_ATCTargetPlatform
[2017.07.10-09.01.49:874][  0]LogTemp:Display: Loaded TP Android_DXTTargetPlatform
[2017.07.10-09.01.49:883][  0]LogTemp:Display: Loaded TP Android_ETC1TargetPlatform
[2017.07.10-09.01.49:891][  0]LogTemp:Display: Loaded TP Android_ETC2TargetPlatform
[2017.07.10-09.01.49:910][  0]LogTemp:Display: Loaded TP Android_MultiTargetPlatform
[2017.07.10-09.01.49:910][  0]LogTemp:Display: Loaded TP Android_PVRTCTargetPlatform
[2017.07.10-09.01.49:912][  0]LogTemp:Display: Loaded TP HTML5TargetPlatform
[2017.07.10-09.01.49:940][  0]LogTemp:Display: Loaded TP IOSTargetPlatform
[2017.07.10-09.01.49:947][  0]LogTemp:Display: Loaded TP TVOSTargetPlatform
[2017.07.10-09.01.49:956][  0]LogTemp:Display: Loaded TP LinuxNoEditorTargetPlatform
[2017.07.10-09.01.49:964][  0]LogTemp:Display: Loaded TP LinuxServerTargetPlatform
[2017.07.10-09.01.49:977][  0]LogTemp:Display: Loaded TP LinuxTargetPlatform
[2017.07.10-09.01.49:977][  0]LogTargetPlatformManager:Display: Building Assets For Windows
[2017.07.10-09.01.50:050][  0]LogDerivedDataCache:Display: Max Cache Size: 512 MB
[2017.07.10-09.01.50:096][  0]LogDerivedDataCache: Loaded boot cache 0.05s 48MB C:/Users/Lloyd Phillips/AppData/Local/UnrealEngine/4.12/DerivedDataCache/Boot.ddc.
[2017.07.10-09.01.50:096][  0]LogDerivedDataCache:Display: Loaded Boot cache: C:/Users/Lloyd Phillips/AppData/Local/UnrealEngine/4.12/DerivedDataCache/Boot.ddc
[2017.07.10-09.01.50:096][  0]LogDerivedDataCache: FDerivedDataBackendGraph:  Pak pak cache file G:/University Work/Masters/MastersProject/MastersProject/Ava/DerivedDataCache/DDC.ddp not found, will not use a pak cache.
[2017.07.10-09.01.50:096][  0]LogDerivedDataCache: Unable to find inner node Pak for hierarchical cache Hierarchy.
[2017.07.10-09.01.50:096][  0]LogDerivedDataCache: FDerivedDataBackendGraph:  CompressedPak pak cache file G:/University Work/Masters/MastersProject/MastersProject/Ava/DerivedDataCache/Compressed.ddp not found, will not use a pak cache.
[2017.07.10-09.01.50:096][  0]LogDerivedDataCache: Unable to find inner node CompressedPak for hierarchical cache Hierarchy.
[2017.07.10-09.01.50:110][  0]LogDerivedDataCache:Display: Pak cache opened for reading ../../../Engine/DerivedDataCache/Compressed.ddp.
[2017.07.10-09.01.50:122][  0]LogDerivedDataCache: Using Local data cache path C:/Users/Lloyd Phillips/AppData/Local/UnrealEngine/Common/DerivedDataCache: Writable
[2017.07.10-09.01.50:316][  0]LogInit: Selected Device Profile: [Windows]
[2017.07.10-09.01.50:316][  0]LogContentStreaming: Texture pool size is 0.00 MB
[2017.07.10-09.01.50:503][  0]LogMeshUtilities: No automatic mesh reduction module available
[2017.07.10-09.01.50:503][  0]LogMeshUtilities: No automatic mesh merging module available
[2017.07.10-09.01.50:503][  0]LogMeshUtilities: No distributed automatic mesh merging module available
[2017.07.10-09.01.50:848][  0]LogAssetRegistry: FAssetRegistry took 0.0215 seconds to start up
[2017.07.10-09.01.51:044][  0]LogPackageLocalizationCache: Processed 3 localized package path(s) for 2 prioritized culture(s) in 0.192930 seconds
[2017.07.10-09.01.51:049][  0]LogUObjectArray: 28739 objects as part of root set at end of initial load.
[2017.07.10-09.01.51:049][  0]LogUObjectAllocator: 5855632 out of 0 bytes used by permanent object pool.
[2017.07.10-09.01.51:049][  0]LogUObjectArray: CloseDisregardForGC: 0/0 objects in disregard for GC pool
[2017.07.10-09.01.51:057][  0]LogInit: WinSock: version 1.1 (2.2), MaxSocks=32767, MaxUdp=65467
[2017.07.10-09.01.51:286][  0]LogSlate: SlateFontCache - WITH_FREETYPE: 1, WITH_HARFBUZZ: 1
[2017.07.10-09.01.51:286][  0]LogSlate: SlateFontCache - WITH_FREETYPE: 1, WITH_HARFBUZZ: 1
[2017.07.10-09.01.53:330][  0]LogUdpMessaging: Initializing bridge on interface 0.0.0.0:0 to multicast group 230.0.0.1:6666.
[2017.07.10-09.01.53:431][  0]LogStats: FPlatformStackWalk::StackWalkAndDump -  0.033 s
[2017.07.10-09.01.53:431][  0]LogOutputDevice:Warning: === Handled error: ===

Ensure condition failed: !AttachmentRules.bWeldSimulatedBodies [File:D:\Build\++UE4+Release-4.12+Compile\Sync\Engine\Source\Runtime\Engine\Private\Components\SceneComponent.cpp] [Line: 1481]
AttachToComponent when called from a constructor cannot weld simulated bodies. Consider calling SetupAttachment directly instead.
Stack: 
UE4Editor-Core.dll
UE4Editor-Core.dll
UE4Editor-Core.dll
UE4Editor-Engine.dll
UE4Editor-Ava.dll
UE4Editor-CoreUObject.dll
UE4Editor-CoreUObject.dll
UE4Editor-CoreUObject.dll
UE4Editor-CoreUObject.dll
UE4Editor-Core.dll
UE4Editor-Core.dll
UE4Editor-Projects.dll
UE4Editor-Projects.dll
UE4Editor.exe
UE4Editor.exe
UE4Editor.exe
UE4Editor.exe
UE4Editor.exe
UE4Editor.exe
KERNEL32.DLL
ntdll.dll
ntdll.dll

[2017.07.10-09.01.53:431][  0]LogStats:                SubmitErrorReport -  0.000 s
[2017.07.10-09.01.59:329][  0]LogStats:                    SendNewReport -  5.898 s
[2017.07.10-09.01.59:329][  0]LogStats:             FDebug::EnsureFailed -  5.932 s
[2017.07.10-09.01.59:781][  0]SourceControl: Info Source control is disabled
[2017.07.10-09.01.59:937][  0]SourceControl: Info Source control is disabled
[2017.07.10-09.01.59:946][  0]SourceControl: Info Source control is disabled
[2017.07.10-09.01.59:954][  0]SourceControl: Info Source control is disabled
[2017.07.10-09.02.00:059][  0]LogLinker:Warning: Can't find file '/Game/ThirdPersonBP/ThirdPersonOverview'
[2017.07.10-09.02.00:059][  0]LogLinker:Warning: Can't find file '/Game/ThirdPersonBP/ThirdPersonOverview'
[2017.07.10-09.02.00:059][  0]LogUObjectGlobals:Warning: Failed to find object 'Class /Game/ThirdPersonBP/ThirdPersonOverview.ThirdPersonOverview_C'
[2017.07.10-09.02.00:235][  0]LogEngine: Initializing Engine...
[2017.07.10-09.02.00:236][  0]LogHMD: SteamVR failed to initialize.  Err: 110
[2017.07.10-09.02.00:237][  0]LogHMD: SteamVR failed to initialize.  Err: 110
[2017.07.10-09.02.00:380][  0]LogAIModule: Creating AISystem for world NewWorld
[2017.07.10-09.02.00:388][  0]LogInit: XAudio2 using 'BenQ GL2450H-4 (NVIDIA High Definition Audio)' : 2 channels at 48 kHz using 16 bits per sample (channel mask 0x3)
[2017.07.10-09.02.00:408][  0]LogInit: FAudioDevice initialized.
[2017.07.10-09.02.00:435][  0]LogDerivedDataCache: Saved boot cache 0.03s 48MB C:/Users/Lloyd Phillips/AppData/Local/UnrealEngine/4.12/DerivedDataCache/Boot.ddc.
[2017.07.10-09.02.00:443][  0]LogInit: Texture streaming: Enabled
[2017.07.10-09.02.00:478][  0]LogWindowsTextInputMethodSystem:Display: IME system now deactivated.
[2017.07.10-09.02.00:585][  0]LogInit: Transaction tracking system initialized
[2017.07.10-09.02.00:675][  0]BlueprintLog: New page: Editor Load
[2017.07.10-09.02.00:943][  0]LocalizationService: Info Localization service is disabled
[2017.07.10-09.02.01:128][  0]LogConsoleResponse:Display: 
[2017.07.10-09.02.01:463][  0]LogCook:Display: Max memory allowance for cook 8192mb
[2017.07.10-09.02.01:463][  0]LogCook:Display: Mobile HDR setting 1
[2017.07.10-09.02.01:687][  0]LogFileCache: Scanning file cache for directory 'G:/University Work/Masters/MastersProject/MastersProject/Ava/Content/' took 0.02s
[2017.07.10-09.02.01:687][  0]SourceControl: Info Source control is disabled
[2017.07.10-09.02.01:693][  0]Cmd: MAP LOAD FILE="G:/University Work/Masters/MastersProject/MastersProject/Ava/Content/Ava/Maps/MainMenu.umap" TEMPLATE=0 SHOWPROGRESS=1 FEATURELEVEL=3
[2017.07.10-09.02.01:697][  0]LightingResults: New page: Lighting Build
[2017.07.10-09.02.01:712][  0]MapCheck: New page: Map Check
[2017.07.10-09.02.01:712][  0]LightingResults: New page: Lighting Build
[2017.07.10-09.02.01:889][  0]LogAIModule: Creating AISystem for world MainMenu
[2017.07.10-09.02.01:900][  0]LogEditorServer: Finished looking for orphan Actors (0.000 secs)
[2017.07.10-09.02.01:907][  0]Cmd: MAP CHECKDEP NOCLEARLOG
[2017.07.10-09.02.01:953][  0]MapCheck: Info Map check complete: 0 Error(s), 0 Warning(s), took 46.203ms to complete.
[2017.07.10-09.02.01:953][  0]LogFileHelpers: Loading map 'MainMenu' took 0.263
[2017.07.10-09.02.02:302][  0]LogCollectionManager: Loaded 0 collections in 0.002044 seconds
[2017.07.10-09.02.02:399][  0]LogFileCache: Scanning file cache for directory 'G:/University Work/Masters/MastersProject/MastersProject/Ava/Saved/Collections/' took 0.01s
[2017.07.10-09.02.02:399][  0]LogFileCache: Scanning file cache for directory 'G:/University Work/Masters/MastersProject/MastersProject/Ava/Content/Developers/LloydPhillips/Collections/' took 0.01s
[2017.07.10-09.02.02:399][  0]LogFileCache: Scanning file cache for directory 'G:/University Work/Masters/MastersProject/MastersProject/Ava/Content/Collections/' took 0.01s
[2017.07.10-09.02.02:399][  0]LogCollectionManager: Rebuilt the GUID cache for 0 collections in 0.000003 seconds
[2017.07.10-09.02.02:416][  0]LogContentBrowser: Native class hierarchy populated in 0.0147 seconds. Added 2064 classes and 371 folders.
[2017.07.10-09.02.02:430][  0]LogStats: UGameplayTagsManager::ConstructGameplayTagTree: Construct from data asset -  0.000 s
[2017.07.10-09.02.02:430][  0]LogStats: UGameplayTagsManager::ConstructGameplayTagTree: GameplayTagTreeChangedEvent.Broadcast -  0.000 s
[2017.07.10-09.02.02:432][  0]LogContentBrowser: Native class hierarchy updated for 'GameplayTags' in 0.0016 seconds. Added 12 classes and 0 folders.
[2017.07.10-09.02.02:441][  0]LogContentBrowser: Native class hierarchy updated for 'WidgetCarousel' in 0.0017 seconds. Added 0 classes and 0 folders.
[2017.07.10-09.02.03:065][  0]LogContentBrowser: Native class hierarchy updated for 'AddContentDialog' in 0.0017 seconds. Added 0 classes and 0 folders.
[2017.07.10-09.02.03:101][  0]LogContentBrowser: Native class hierarchy updated for 'SceneOutliner' in 0.0017 seconds. Added 1 classes and 2 folders.
[2017.07.10-09.02.03:347][  0]LogCrashTracker: Crashtracker disabled due to settings.
[2017.07.10-09.02.03:381][  0]LogUObjectGlobals:Warning: Failed to find object 'Class None.'
[2017.07.10-09.02.03:425][  0]LogContentBrowser: Native class hierarchy updated for 'HierarchicalLODOutliner' in 0.0016 seconds. Added 1 classes and 2 folders.
[2017.07.10-09.02.03:425][  0]LogLoad: Full Startup: 50.31 seconds (BP compile: 0.04 seconds)
[2017.07.10-09.02.03:425][  0]LogExternalProfiler: Found external profiler: VSPerf
[2017.07.10-09.02.03:425][  0]LogExternalProfiler: Using external profiler: VSPerf
[2017.07.10-09.02.03:436][  0]LogOcInput: OculusInput pre-init called
[2017.07.10-09.02.03:469][  0]LogContentStreaming: Texture pool size now 400 MB
[2017.07.10-09.02.03:672][  0]LogRenderer: Reallocating scene render targets to support 1456x368 (Frame:2).
[2017.07.10-09.02.05:678][151]LogAssetRegistry: Asset discovery search completed in 14.8516 seconds
[2017.07.10-09.02.05:678][151]LogCollectionManager: Rebuilt the object cache for 0 collections in 0.000001 seconds (found 0 objects)
[2017.07.10-09.02.05:679][151]LogCollectionManager: Fixed up redirectors for 0 collections in 0.000361 seconds (updated 0 objects)
[2017.07.10-09.02.08:013][398]LogRenderer: Reallocating scene render targets to support 1456x372 (Frame:384).
[2017.07.10-09.02.08:060][399]LogRenderer: Reallocating scene render targets to support 1456x392 (Frame:386).
[2017.07.10-09.02.08:101][400]LogRenderer: Reallocating scene render targets to support 1456x428 (Frame:388).
[2017.07.10-09.02.08:148][401]LogRenderer: Reallocating scene render targets to support 1456x488 (Frame:390).
[2017.07.10-09.02.08:218][402]LogRenderer: Reallocating scene render targets to support 1456x532 (Frame:392).
[2017.07.10-09.02.08:295][403]LogRenderer: Reallocating scene render targets to support 1456x608 (Frame:394).
[2017.07.10-09.02.08:393][404]LogRenderer: Reallocating scene render targets to support 1456x692 (Frame:396).
[2017.07.10-09.02.08:437][405]LogRenderer: Reallocating scene render targets to support 1456x720 (Frame:398).
[2017.07.10-09.02.18:200][327]LogStreaming:Warning: Failed to open ANSI TEXT file G:/University Work/Masters/MastersProject/MastersProject/Ava/Saved/HardwareSurvey/dxdiag.txt
[2017.07.10-09.02.18:209][328]LogStreaming:Warning: Failed to open ANSI TEXT file G:/University Work/Masters/MastersProject/MastersProject/Ava/Saved/HardwareSurvey/dxdiag.txt
[2017.07.10-09.02.18:224][329]LogSynthBenchmark:Display: FSynthBenchmark (V0.95):  requested WorkScale=5.00
[2017.07.10-09.02.18:224][329]LogSynthBenchmark:Display: ===============
[2017.07.10-09.02.18:224][329]LogSynthBenchmark:Display: Main Processor:
[2017.07.10-09.02.18:433][329]LogSynthBenchmark:Display:          ... 0.019945 s/Run 'RayIntersect'
[2017.07.10-09.02.18:433][329]LogSynthBenchmark:Display:          ... 0.021977 s/Run 'Fractal'
[2017.07.10-09.02.18:434][329]LogSynthBenchmark:Display: 
[2017.07.10-09.02.18:434][329]LogSynthBenchmark:Display:   CompiledTarget_x_Bits: 64
[2017.07.10-09.02.18:434][329]LogSynthBenchmark:Display:   UE_BUILD_SHIPPING: 0
[2017.07.10-09.02.18:434][329]LogSynthBenchmark:Display:   UE_BUILD_TEST: 0
[2017.07.10-09.02.18:434][329]LogSynthBenchmark:Display:   UE_BUILD_DEBUG: 0
[2017.07.10-09.02.18:434][329]LogSynthBenchmark:Display:   TotalPhysicalGBRam: 8
[2017.07.10-09.02.18:434][329]LogSynthBenchmark:Display:   NumberOfCores (physical): 4
[2017.07.10-09.02.18:434][329]LogSynthBenchmark:Display:   NumberOfCores (logical): 4
[2017.07.10-09.02.18:434][329]LogSynthBenchmark:Display:   CPU Perf Index 0: 128.4 (weight 1.00)
[2017.07.10-09.02.18:434][329]LogSynthBenchmark:Display:   CPU Perf Index 1: 130.1 (weight 1.50)
[2017.07.10-09.02.18:434][329]LogSynthBenchmark:Display:  
[2017.07.10-09.02.18:434][329]LogSynthBenchmark:Display: Graphics:
[2017.07.10-09.02.18:434][329]LogSynthBenchmark:Display:   Adapter Name: 'NVIDIA GeForce GTX 660'
[2017.07.10-09.02.18:434][329]LogSynthBenchmark:Display:   (On Optimus the name might be wrong, memory should be ok)
[2017.07.10-09.02.18:434][329]LogSynthBenchmark:Display:   Vendor Id: 0x10de
[2017.07.10-09.02.18:434][329]LogSynthBenchmark:Display:   Device Id: 0x11c0
[2017.07.10-09.02.18:434][329]LogSynthBenchmark:Display:   GPU Memory: 2017/0/4068 MB
[2017.07.10-09.02.18:461][329]LogSynthBenchmark:Display:   GPU first test: 0.01s
[2017.07.10-09.02.18:461][329]LogSynthBenchmark:Display:          ... 0.512 GigaPix/s, Confidence=100% 'ALUHeavyNoise' (likely to be very inaccurate)
[2017.07.10-09.02.18:461][329]LogSynthBenchmark:Display:          ... 0.606 GigaPix/s, Confidence=100% 'TexHeavy' (likely to be very inaccurate)
[2017.07.10-09.02.18:461][329]LogSynthBenchmark:Display:          ... 0.417 GigaPix/s, Confidence=100% 'DepTexHeavy' (likely to be very inaccurate)
[2017.07.10-09.02.18:461][329]LogSynthBenchmark:Display:          ... 1.009 GigaPix/s, Confidence=100% 'FillOnly' (likely to be very inaccurate)
[2017.07.10-09.02.18:461][329]LogSynthBenchmark:Display:          ... 0.178 GigaPix/s, Confidence=100% 'Bandwidth' (likely to be very inaccurate)
[2017.07.10-09.02.18:542][329]LogSynthBenchmark:Display:   GPU second test: 0.07s
[2017.07.10-09.02.18:542][329]LogSynthBenchmark:Display:          ... 0.863 GigaPix/s, Confidence=100% 'ALUHeavyNoise' (likely to be inaccurate)
[2017.07.10-09.02.18:542][329]LogSynthBenchmark:Display:          ... 1.218 GigaPix/s, Confidence=100% 'TexHeavy' (likely to be inaccurate)
[2017.07.10-09.02.18:542][329]LogSynthBenchmark:Display:          ... 0.631 GigaPix/s, Confidence=100% 'DepTexHeavy' (likely to be inaccurate)
[2017.07.10-09.02.18:542][329]LogSynthBenchmark:Display:          ... 1.991 GigaPix/s, Confidence=100% 'FillOnly' (likely to be inaccurate)
[2017.07.10-09.02.18:542][329]LogSynthBenchmark:Display:          ... 0.210 GigaPix/s, Confidence=100% 'Bandwidth' (likely to be inaccurate)
[2017.07.10-09.02.19:605][329]LogSynthBenchmark:Display:   GPU third test: 1.03s
[2017.07.10-09.02.19:605][329]LogSynthBenchmark:Display:          ... 3.091 GigaPix/s, Confidence=100% 'ALUHeavyNoise'
[2017.07.10-09.02.19:605][329]LogSynthBenchmark:Display:          ... 5.256 GigaPix/s, Confidence=100% 'TexHeavy'
[2017.07.10-09.02.19:605][329]LogSynthBenchmark:Display:          ... 2.599 GigaPix/s, Confidence=100% 'DepTexHeavy'
[2017.07.10-09.02.19:605][329]LogSynthBenchmark:Display:          ... 16.862 GigaPix/s, Confidence=100% 'FillOnly'
[2017.07.10-09.02.19:605][329]LogSynthBenchmark:Display:          ... 0.728 GigaPix/s, Confidence=100% 'Bandwidth'
[2017.07.10-09.02.19:605][329]LogSynthBenchmark:Display: 
[2017.07.10-09.02.19:605][329]LogSynthBenchmark:Display:   GPU Perf Index 0: 67.2 (weight 1.00)
[2017.07.10-09.02.19:605][329]LogSynthBenchmark:Display:   GPU Perf Index 1: 70.6 (weight 0.10)
[2017.07.10-09.02.19:605][329]LogSynthBenchmark:Display:   GPU Perf Index 2: 67.6 (weight 0.10)
[2017.07.10-09.02.19:605][329]LogSynthBenchmark:Display:   GPU Perf Index 3: 66.2 (weight 3.00)
[2017.07.10-09.02.19:605][329]LogSynthBenchmark:Display:   GPU Perf Index 4: 67.9 (weight 1.00)
[2017.07.10-09.02.19:605][329]LogSynthBenchmark:Display:   CPUIndex: 129.4
[2017.07.10-09.02.19:605][329]LogSynthBenchmark:Display:   GPUIndex: 66.8
[2017.07.10-09.02.19:605][329]LogSynthBenchmark:Display: 
[2017.07.10-09.02.19:605][329]LogSynthBenchmark:Display:          ... Total Time: 1.381713 sec
[2017.07.10-09.02.20:057][329]LogBlueprint:Warning: Compiler Warning InputAction Event references unknown Action 'Crouch' for  InputAction Crouch 
[2017.07.10-09.02.20:062][329]LogBlueprint:Warning: Compiler Warning [0066.94] Compile of Ue4ASP_Character successful, but with 1 Warning(s) [in 11 ms] (/Game/AnimStarterPack/Ue4ASP_Character.Ue4ASP_Character)
[2017.07.10-09.02.20:062][329]LogBlueprint:Warning: Compiler Warning [0066.94] Compile of Ue4ASP_Character successful, but with 2 Warning(s) [in 0 ms] (/Game/AnimStarterPack/Ue4ASP_Character.Ue4ASP_Character)
[2017.07.10-09.02.20:062][329]LogBlueprint:Warning: Compiler Warning [0066.94] Compile of Ue4ASP_Character successful, but with 3 Warning(s) [in 0 ms] (/Game/AnimStarterPack/Ue4ASP_Character.Ue4ASP_Character)
[2017.07.10-09.02.20:150][329]LogBlueprint:Warning: Compiler Warning InputAction Event references unknown Action 'Crouch' for  InputAction Crouch 
[2017.07.10-09.02.20:153][329]LogBlueprint:Warning: Compiler Warning [0067.03] Compile of Ue4ASP_Character successful, but with 1 Warning(s) [in 8 ms] (/Game/AnimStarterPack/Ue4ASP_Character.Ue4ASP_Character)
[2017.07.10-09.02.20:154][329]LogBlueprint:Warning: Compiler Warning [0067.03] Compile of Ue4ASP_Character successful, but with 2 Warning(s) [in 0 ms] (/Game/AnimStarterPack/Ue4ASP_Character.Ue4ASP_Character)
[2017.07.10-09.02.20:157][329]LogBlueprint:Warning: Compiler Warning [0067.04] Compile of Ue4ASP_Character successful, but with 3 Warning(s) [in 3 ms] (/Game/AnimStarterPack/Ue4ASP_Character.Ue4ASP_Character)
[2017.07.10-09.02.21:946][329]LogTexture:Display: Building textures: Pillar3_diff (AutoDXT)
[2017.07.10-09.02.23:202][329]LogTexture:Display: Building textures: NormalMap__2_ (BC5)
[2017.07.10-09.02.23:346][329]LogMaterial: Missing cached shader map for material Shader_With_Spec, compiling. 
[2017.07.10-09.02.23:537][329]LogTexture:Display: Building textures: Pillar3_NormalMap (BC5)
[2017.07.10-09.02.24:213][329]LogTexture:Display: Building textures: Pillar3_spec (AutoDXT)
[2017.07.10-09.02.25:110][329]LogTexture:Display: Building textures: Pillar2_diff2 (AutoDXT)
[2017.07.10-09.02.25:520][329]LogTexture:Display: Building textures: Pillar2_NormalMap2 (BC5)
[2017.07.10-09.02.25:845][329]LogTexture:Display: Building textures: bench2_diff2 (AutoDXT)
[2017.07.10-09.02.27:544][329]LogTexture:Display: Building textures: Bench2_NormalMap (BC5)
[2017.07.10-09.02.28:190][329]LogTexture:Display: Building textures: NoisedCloud (AutoDXT)
[2017.07.10-09.02.29:579][329]LogMaterial: Missing cached shader map for material FogTest, compiling. 
[2017.07.10-09.02.29:867][329]LogTexture:Display: Building textures: T_Wood_Walnut_N (BC5)
[2017.07.10-09.02.30:838][329]LogTexture:Display: Building textures: T_Wood_Walnut_D (AutoDXT)
[2017.07.10-09.02.36:670][329]LogTexture:Display: Building textures: T_Wood_Floor_Walnut_N (BC5)
[2017.07.10-09.02.37:455][329]LogTexture:Display: Building textures: T_Wood_Floor_Walnut_M (AutoDXT)
[2017.07.10-09.02.43:242][329]LogTexture:Display: Building textures: T_Wood_Floor_Walnut_D (AutoDXT)
[2017.07.10-09.02.49:090][329]LogTexture:Display: Building textures: T_Metal_Gold_N (BC5)
[2017.07.10-09.02.49:995][329]LogTexture:Display: Building textures: T_Metal_Copper_D (AutoDXT)
[2017.07.10-09.02.55:713][329]LogTexture:Display: Building textures: podium_volour (BGRA8)
[2017.07.10-09.02.56:037][329]LogMaterial: Missing cached shader map for material podium_volour_Mat, compiling. 
[2017.07.10-09.02.56:080][329]LogAnimationCompression: Building Anim DDC data for AnimSequence /Game/TemporaryContent/CutScene_Root_Motion.CutScene_Root_Motion
[2017.07.10-09.02.56:095][329]LogAudioDerivedData:Display: Building compressed audio format OGG wave 92068__jaraxe__jibberish__1_...
[2017.07.10-09.02.56:728][329]LogTexture:Display: Building textures: T_Brick_Clay_Beveled_N (BC5)
[2017.07.10-09.02.57:758][329]LogTexture:Display: Building textures: T_Brick_Clay_Beveled_D (AutoDXT)
[2017.07.10-09.03.03:425][329]LogMaterial: Missing cached shader map for material DefaultShader, compiling. 
[2017.07.10-09.03.03:487][329]LogTexture:Display: Building textures: NormalMap__3_ (BC5)
[2017.07.10-09.03.03:719][329]LogTexture:Display: Building textures: Decor_test_NormalMap (BC5)
[2017.07.10-09.03.03:964][329]LogTexture:Display: Building textures: decor_test10 (AutoDXT)
[2017.07.10-09.03.05:880][329]LogTexture:Display: Building textures: Pillar3_NormalMap3 (BC5)
[2017.07.10-09.03.06:576][329]LogMaterial: Missing cached shader map for material lambert2, compiling. 
[2017.07.10-09.03.06:636][329]LogMaterial: Missing cached shader map for material lambert1, compiling. 
[2017.07.10-09.03.06:647][329]LogStaticMesh: Building static mesh Door...
[2017.07.10-09.03.06:662][329]LogStaticMesh: Built static mesh [0.02s] /Game/TemporaryContent/Door.Door
[2017.07.10-09.03.06:733][329]LogTexture:Display: Building textures: 7285-normal (BC5)
[2017.07.10-09.03.06:820][329]LogMaterial: Missing cached shader map for material M_Basic_Wall, compiling. 
[2017.07.10-09.03.06:821][329]LogMaterial:Warning: Failed to compile Material /Game/StarterContent/Materials/M_Basic_Wall.M_Basic_Wall for platform PCD3D_SM5, Default Material will be used in game.
[2017.07.10-09.03.06:821][329]LogMaterial:Warning: 	(Node TextureSample) TextureSample> Missing input texture
[2017.07.10-09.03.06:829][329]LogMaterial: Missing cached shader map for material M_MaterialSphere_Plain, compiling. 
[2017.07.10-09.03.06:851][329]LogMaterial: Missing cached shader map for material M_MaterialSphere, compiling. 
[2017.07.10-09.03.06:977][329]LogMaterial: Missing cached shader map for material lambert6, compiling. 
[2017.07.10-09.03.06:992][329]LogStaticMesh: Building static mesh window2...
[2017.07.10-09.03.07:002][329]LogStaticMesh: Built static mesh [0.01s] /Game/Ava/Modelling/window2.window2
[2017.07.10-09.03.07:006][329]LogMaterial: Missing cached shader map for material lambert6, compiling. 
[2017.07.10-09.03.07:024][329]LogStaticMesh: Building static mesh window1...
[2017.07.10-09.03.07:071][329]LogStaticMesh: Built static mesh [0.05s] /Game/Ava/Modelling/window1.window1
[2017.07.10-09.03.07:078][329]LogMaterial: Missing cached shader map for material initialShadingGroup1, compiling. 
[2017.07.10-09.03.07:093][329]LogStaticMesh: Building static mesh tara_pedestal...
[2017.07.10-09.03.07:162][329]LogStaticMesh: Built static mesh [0.07s] /Game/Ava/Modelling/tara_pedestal.tara_pedestal
[2017.07.10-09.03.07:170][329]LogMaterial: Missing cached shader map for material lambert10, compiling. 
[2017.07.10-09.03.07:183][329]LogStaticMesh: Building static mesh light...
[2017.07.10-09.03.07:187][329]LogStaticMesh: Built static mesh [0.00s] /Game/Ava/Modelling/light.light
[2017.07.10-09.03.07:196][329]LogTexture:Display: Building textures: Statue_fence_NormalMap (BC5)
[2017.07.10-09.03.07:355][329]LogTexture:Display: Building textures: Statue_fence_diff (AutoDXT)
[2017.07.10-09.03.07:502][329]LogMaterial: Missing cached shader map for material lambert1, compiling. 
[2017.07.10-09.03.07:529][329]LogStaticMesh: Building static mesh statue_fence_fixed...
[2017.07.10-09.03.07:710][329]LogStaticMesh: Built static mesh [0.19s] /Game/Ava/Modelling/GreenRoom/Statue/statue_fence_fixed.statue_fence_fixed
[2017.07.10-09.03.07:725][329]LogMaterial: Missing cached shader map for material lambert3, compiling. 
[2017.07.10-09.03.07:735][329]LogStaticMesh: Building static mesh big_circle...
[2017.07.10-09.03.07:755][329]LogStaticMesh: Built static mesh [0.02s] /Game/Ava/Modelling/GreenRoom/Statue/big_circle.big_circle
[2017.07.10-09.03.07:762][329]LogMaterial: Missing cached shader map for material lambert9, compiling. 
[2017.07.10-09.03.07:847][329]LogTexture:Display: Building textures: prayerwheel2 (AutoDXT)
[2017.07.10-09.03.08:780][329]LogMaterial: Missing cached shader map for material lambert8, compiling. 
[2017.07.10-09.03.08:797][329]LogStaticMesh: Building static mesh prayerwheel...
[2017.07.10-09.03.08:828][329]LogStaticMesh: Built static mesh [0.03s] /Game/Ava/Modelling/GreenRoom/prayerwheel.prayerwheel
[2017.07.10-09.03.08:834][329]LogMaterial: Missing cached shader map for material lambert1, compiling. 
[2017.07.10-09.03.08:846][329]LogStaticMesh: Building static mesh Pillar3...
[2017.07.10-09.03.08:852][329]LogStaticMesh: Built static mesh [0.01s] /Game/Ava/Modelling/GreenRoom/Pillars/Pillar3.Pillar3
[2017.07.10-09.03.08:925][329]LogTexture:Display: Building textures: pillar3_v3 (AutoDXT)
[2017.07.10-09.03.09:908][329]LogMaterial: Missing cached shader map for material lambert18, compiling. 
[2017.07.10-09.03.09:934][329]LogStaticMesh: Building static mesh pillar_test3...
[2017.07.10-09.03.09:941][329]LogStaticMesh: Built static mesh [0.01s] /Game/Ava/Modelling/GreenRoom/pillar_test3.pillar_test3
[2017.07.10-09.03.09:998][329]LogTexture:Display: Building textures: pillar2 (AutoDXT)
[2017.07.10-09.03.10:890][329]LogMaterial: Missing cached shader map for material lambert3, compiling. 
[2017.07.10-09.03.10:901][329]LogStaticMesh: Building static mesh pillar_test2...
[2017.07.10-09.03.10:903][329]LogStaticMesh: Built static mesh [0.00s] /Game/Ava/Modelling/GreenRoom/pillar_test2.pillar_test2
[2017.07.10-09.03.10:906][329]LogStaticMesh: Building static mesh pillar_test1...
[2017.07.10-09.03.10:959][329]LogStaticMesh: Built static mesh [0.05s] /Game/Ava/Modelling/GreenRoom/pillar_test1.pillar_test1
[2017.07.10-09.03.11:029][329]LogStaticMesh: Building static mesh wall_decor...
[2017.07.10-09.03.11:031][329]LogStaticMesh: Built static mesh [0.00s] /Game/Ava/Modelling/GreenRoom/Objects/wall_decor.wall_decor
[2017.07.10-09.03.11:035][329]LogMaterial: Missing cached shader map for material lambert1, compiling. 
[2017.07.10-09.03.11:046][329]LogStaticMesh: Building static mesh new_upper_fence__1_...
[2017.07.10-09.03.11:155][329]LogStaticMesh: Built static mesh [0.11s] /Game/Ava/Modelling/GreenRoom/Objects/new_upper_fence__1_.new_upper_fence__1_
[2017.07.10-09.03.11:236][329]LogTexture:Display: Building textures: pillar1 (AutoDXT)
[2017.07.10-09.03.12:096][329]LogMaterial: Missing cached shader map for material lambert1, compiling. 
[2017.07.10-09.03.12:108][329]LogMaterial: Missing cached shader map for material initialShadingGroup2, compiling. 
[2017.07.10-09.03.12:119][329]LogStaticMesh: Building static mesh Green_Tara_combined...
[2017.07.10-09.03.13:542][329]LogStaticMesh: Built static mesh [1.42s] /Game/Ava/Modelling/GreenRoom/Green_Tara_combined.Green_Tara_combined
[2017.07.10-09.03.13:640][329]LogTexture:Display: Building textures: bench2_2 (AutoDXT)
[2017.07.10-09.03.14:425][329]LogMaterial: Missing cached shader map for material initialShadingGroup1, compiling. 
[2017.07.10-09.03.14:435][329]LogStaticMesh: Building static mesh bench2...
[2017.07.10-09.03.14:448][329]LogStaticMesh: Built static mesh [0.01s] /Game/Ava/Modelling/GreenRoom/bench2.bench2
[2017.07.10-09.03.14:514][329]LogTexture:Display: Building textures: bench3 (AutoDXT)
[2017.07.10-09.03.15:263][329]LogMaterial: Missing cached shader map for material lambert7, compiling. 
[2017.07.10-09.03.15:273][329]LogStaticMesh: Building static mesh bench1...
[2017.07.10-09.03.15:285][329]LogStaticMesh: Built static mesh [0.01s] /Game/Ava/Modelling/GreenRoom/bench1.bench1
[2017.07.10-09.03.15:289][329]LogMaterial: Missing cached shader map for material M_EV_Lightbeam_Master_02, compiling. 
[2017.07.10-09.03.15:298][329]LogMaterial: Missing cached shader map for material M_EV_Lightbeam_Master_02, compiling. 
[2017.07.10-09.03.15:314][329]LogTexture:Display: Building textures: UpperFence_NormalMap (BC5)
[2017.07.10-09.03.15:455][329]LogTexture:Display: Building textures: upper_fence2_diff (AutoDXT)
[2017.07.10-09.03.15:705][329]LogTexture:Display: Building textures: PrayerWheel_NormalMap (BC5)
[2017.07.10-09.03.16:300][329]LogTexture:Display: Building textures: NormalMap (BC5)
[2017.07.10-09.03.16:885][329]LogTexture:Display: Building textures: normalMap_pillar1 (BC5)
[2017.07.10-09.03.17:523][329]LogTexture:Display: Building textures: Bench2_NormalMap (BC5)
[2017.07.10-09.03.18:193][329]LogTexture:Display: Building textures: Bench1_NormalMap (BC5)
[2017.07.10-09.03.18:712][329]LogTexture:Display: Building textures: Om_NormalMap (BC5)
[2017.07.10-09.03.19:245][329]LogTexture:Display: Building textures: Wall16 (AutoDXT)
[2017.07.10-09.03.19:811][329]LogTexture:Display: Building textures: Wall13_NormalMap (BC5)
[2017.07.10-09.03.20:054][329]LogTexture:Display: Building textures: HQ_Lightmap0_3 (AutoDXT)
[2017.07.10-09.03.20:990][329]LogTexture:Display: Building textures: HQ_Lightmap0_4 (AutoDXT)
[2017.07.10-09.03.22:087][329]LogTexture:Display: Building textures: HQ_Lightmap0_5 (AutoDXT)
[2017.07.10-09.03.22:962][329]LogTexture:Display: Building textures: HQ_Lightmap0_6 (AutoDXT)
[2017.07.10-09.03.23:249][329]LogTexture:Display: Building textures: HQ_Lightmap1_7 (AutoDXT)
[2017.07.10-09.03.23:285][329]LogTexture:Display: Building textures: LQ_Lightmap_0_3 (DXT1)
[2017.07.10-09.03.23:618][329]LogTexture:Display: Building textures: LQ_Lightmap_0_4 (DXT1)
[2017.07.10-09.03.24:240][329]LogTexture:Display: Building textures: LQ_Lightmap_0_5 (DXT1)
[2017.07.10-09.03.24:537][329]LogTexture:Display: Building textures: LQ_Lightmap_1_6 (DXT1)
[2017.07.10-09.03.24:610][329]LogTexture:Display: Building textures: LQ_Lightmap_1_7 (DXT1)
[2017.07.10-09.03.24:647][329]LogTexture:Display: Building textures: ShadowMapTexture2D_1 (BGRA8)
[2017.07.10-09.03.24:780][329]LogTexture:Display: Building textures: ShadowMapTexture2D_2 (G8)
[2017.07.10-09.03.24:799][329]LogTexture:Display: Building textures: ShadowMapTexture2D_3 (G8)
[2017.07.10-09.03.24:838][329]LogAnimationCompression: Building Anim DDC data for AnimSequence /Game/TemporaryContent/ava_test_idle.ava_test_idle
[2017.07.10-09.03.24:873][329]LogAIModule: Creating AISystem for world PalaceLevel
[2017.07.10-09.03.25:152][329]Cmd: MAP LOAD FILE="G:/University Work/Masters/MastersProject/MastersProject/Ava/Content/Ava/Maps/PalaceLevel.umap" TEMPLATE=0 SHOWPROGRESS=1 FEATURELEVEL=3
[2017.07.10-09.03.25:152][329]LightingResults: New page: Lighting Build
[2017.07.10-09.03.25:153][329]LoadErrors: New page: Loading map: PalaceLevel.umap
[2017.07.10-09.03.25:156][329]MapCheck: New page: Map Check
[2017.07.10-09.03.25:156][329]LightingResults: New page: Lighting Build
[2017.07.10-09.03.25:339][329]LogEditorServer: Finished looking for orphan Actors (0.000 secs)
[2017.07.10-09.03.25:434][329]Cmd: MAP CHECKDEP NOCLEARLOG
[2017.07.10-09.03.25:918][329]MapCheck: Info Map check complete: 0 Error(s), 0 Warning(s), took 484.938ms to complete.
[2017.07.10-09.03.25:919][329]LogFileHelpers: Loading map 'PalaceLevel' took 0.772
[2017.07.10-09.06.41:781][310]LogBlueprintUserMessages: Early PlayInEditor Detection: Level '/Game/Ava/Maps/PalaceLevel.PalaceLevel:PersistentLevel' has LevelScriptBlueprint '/Game/Ava/Maps/PalaceLevel.PalaceLevel:PersistentLevel.PalaceLevel' with GeneratedClass '/Game/Ava/Maps/PalaceLevel.PalaceLevel_C' with ClassGeneratedBy '/Game/Ava/Maps/PalaceLevel.PalaceLevel:PersistentLevel.PalaceLevel'
[2017.07.10-09.06.41:781][310]LogPlayLevel: PlayLevel: No blueprints needed recompiling
[2017.07.10-09.06.41:786][310]PIE: New page: PIE session: PalaceLevel (Jul 10, 2017, 10:06:41 AM)
[2017.07.10-09.06.41:786][310]LogPlayLevel: Creating play world package: /Game/Ava/Maps/UEDPIE_0_PalaceLevel
[2017.07.10-09.06.41:852][310]LogPlayLevel: PIE: StaticDuplicateObject took: (0.066123s)
[2017.07.10-09.06.41:853][310]LogAIModule: Creating AISystem for world PalaceLevel
[2017.07.10-09.06.41:853][310]LogPlayLevel: PIE: World Init took: (0.000793s)
[2017.07.10-09.06.41:855][310]LogPlayLevel: PIE: Created PIE world by copying editor world from /Game/Ava/Maps/PalaceLevel.PalaceLevel to /Game/Ava/Maps/UEDPIE_0_PalaceLevel.PalaceLevel (0.068620s)
[2017.07.10-09.06.41:869][310]LogInit: XAudio2 using 'BenQ GL2450H-4 (NVIDIA High Definition Audio)' : 2 channels at 48 kHz using 16 bits per sample (channel mask 0x3)
[2017.07.10-09.06.41:876][310]LogInit: FAudioDevice initialized.
[2017.07.10-09.06.41:966][310]LogWorld: Game class is 'AvaGameMode'
[2017.07.10-09.06.42:019][310]LogWorld: Bringing World /Game/Ava/Maps/UEDPIE_0_PalaceLevel.PalaceLevel up for play (max tick rate 0) at 2017.07.10-10.06.42
[2017.07.10-09.06.42:032][310]LogWorld: Bringing up level for play took: 0.054276
[2017.07.10-09.06.42:059][310]LogContentBrowser: Native class hierarchy updated for 'MovieSceneCapture' in 0.0018 seconds. Added 11 classes and 0 folders.
[2017.07.10-09.06.42:322][310]PIE: Info Play in editor start time for /Game/Ava/Maps/UEDPIE_0_PalaceLevel 0.139
[2017.07.10-09.06.42:323][310]LogBlueprintUserMessages: Late PlayInEditor Detection: Level '/Game/Ava/Maps/PalaceLevel.PalaceLevel:PersistentLevel' has LevelScriptBlueprint '/Game/Ava/Maps/PalaceLevel.PalaceLevel:PersistentLevel.PalaceLevel' with GeneratedClass '/Game/Ava/Maps/PalaceLevel.PalaceLevel_C' with ClassGeneratedBy '/Game/Ava/Maps/PalaceLevel.PalaceLevel:PersistentLevel.PalaceLevel'
[2017.07.10-09.07.05:938][121]LogBlueprintUserMessages: Early EndPlayMap Detection: Level '/Game/Ava/Maps/PalaceLevel.PalaceLevel:PersistentLevel' has LevelScriptBlueprint '/Game/Ava/Maps/PalaceLevel.PalaceLevel:PersistentLevel.PalaceLevel' with GeneratedClass '/Game/Ava/Maps/PalaceLevel.PalaceLevel_C' with ClassGeneratedBy '/Game/Ava/Maps/PalaceLevel.PalaceLevel:PersistentLevel.PalaceLevel'
[2017.07.10-09.07.05:990][121]LogBlueprintUserMessages: Late EndPlayMap Detection: Level '/Game/Ava/Maps/PalaceLevel.PalaceLevel:PersistentLevel' has LevelScriptBlueprint '/Game/Ava/Maps/PalaceLevel.PalaceLevel:PersistentLevel.PalaceLevel' with GeneratedClass '/Game/Ava/Maps/PalaceLevel.PalaceLevel_C' with ClassGeneratedBy '/Game/Ava/Maps/PalaceLevel.PalaceLevel:PersistentLevel.PalaceLevel'
[2017.07.10-09.25.05:057][765]LogEditorViewport: Clicking on Actor (LMB): StaticMeshActor (new_upper_fence__1_3)
[2017.07.10-09.25.09:875][201]LogBlueprintUserMessages: Early PlayInEditor Detection: Level '/Game/Ava/Maps/PalaceLevel.PalaceLevel:PersistentLevel' has LevelScriptBlueprint '/Game/Ava/Maps/PalaceLevel.PalaceLevel:PersistentLevel.PalaceLevel' with GeneratedClass '/Game/Ava/Maps/PalaceLevel.PalaceLevel_C' with ClassGeneratedBy '/Game/Ava/Maps/PalaceLevel.PalaceLevel:PersistentLevel.PalaceLevel'
[2017.07.10-09.25.09:876][201]LogPlayLevel: PlayLevel: No blueprints needed recompiling
[2017.07.10-09.25.09:876][201]PIE: New page: PIE session: PalaceLevel (Jul 10, 2017, 10:25:09 AM)
[2017.07.10-09.25.09:876][201]LogPlayLevel: Creating play world package: /Game/Ava/Maps/UEDPIE_0_PalaceLevel
[2017.07.10-09.25.09:952][201]LogPlayLevel: PIE: StaticDuplicateObject took: (0.075884s)
[2017.07.10-09.25.09:952][201]LogAIModule: Creating AISystem for world PalaceLevel
[2017.07.10-09.25.09:953][201]LogPlayLevel: PIE: World Init took: (0.000722s)
[2017.07.10-09.25.09:953][201]LogPlayLevel: PIE: Created PIE world by copying editor world from /Game/Ava/Maps/PalaceLevel.PalaceLevel to /Game/Ava/Maps/UEDPIE_0_PalaceLevel.PalaceLevel (0.077068s)
[2017.07.10-09.25.09:973][201]LogInit: XAudio2 using 'BenQ GL2450H-4 (NVIDIA High Definition Audio)' : 2 channels at 48 kHz using 16 bits per sample (channel mask 0x3)
[2017.07.10-09.25.09:980][201]LogInit: FAudioDevice initialized.
[2017.07.10-09.25.10:030][201]LogWorld: Game class is 'AvaGameMode'
[2017.07.10-09.25.10:073][201]LogWorld: Bringing World /Game/Ava/Maps/UEDPIE_0_PalaceLevel.PalaceLevel up for play (max tick rate 0) at 2017.07.10-10.25.10
[2017.07.10-09.25.10:077][201]LogWorld: Bringing up level for play took: 0.045319
[2017.07.10-09.25.10:082][201]PIE: Info Play in editor start time for /Game/Ava/Maps/UEDPIE_0_PalaceLevel -0.102
[2017.07.10-09.25.10:083][201]LogBlueprintUserMessages: Late PlayInEditor Detection: Level '/Game/Ava/Maps/PalaceLevel.PalaceLevel:PersistentLevel' has LevelScriptBlueprint '/Game/Ava/Maps/PalaceLevel.PalaceLevel:PersistentLevel.PalaceLevel' with GeneratedClass '/Game/Ava/Maps/PalaceLevel.PalaceLevel_C' with ClassGeneratedBy '/Game/Ava/Maps/PalaceLevel.PalaceLevel:PersistentLevel.PalaceLevel'
[2017.07.10-09.25.17:599][ 76]LogBlueprintUserMessages: Early EndPlayMap Detection: Level '/Game/Ava/Maps/PalaceLevel.PalaceLevel:PersistentLevel' has LevelScriptBlueprint '/Game/Ava/Maps/PalaceLevel.PalaceLevel:PersistentLevel.PalaceLevel' with GeneratedClass '/Game/Ava/Maps/PalaceLevel.PalaceLevel_C' with ClassGeneratedBy '/Game/Ava/Maps/PalaceLevel.PalaceLevel:PersistentLevel.PalaceLevel'
[2017.07.10-09.25.17:652][ 76]LogBlueprintUserMessages: Late EndPlayMap Detection: Level '/Game/Ava/Maps/PalaceLevel.PalaceLevel:PersistentLevel' has LevelScriptBlueprint '/Game/Ava/Maps/PalaceLevel.PalaceLevel:PersistentLevel.PalaceLevel' with GeneratedClass '/Game/Ava/Maps/PalaceLevel.PalaceLevel_C' with ClassGeneratedBy '/Game/Ava/Maps/PalaceLevel.PalaceLevel:PersistentLevel.PalaceLevel'
[2017.07.10-09.25.54:110][830]LogBlueprintUserMessages: Early PlayInEditor Detection: Level '/Game/Ava/Maps/PalaceLevel.PalaceLevel:PersistentLevel' has LevelScriptBlueprint '/Game/Ava/Maps/PalaceLevel.PalaceLevel:PersistentLevel.PalaceLevel' with GeneratedClass '/Game/Ava/Maps/PalaceLevel.PalaceLevel_C' with ClassGeneratedBy '/Game/Ava/Maps/PalaceLevel.PalaceLevel:PersistentLevel.PalaceLevel'
[2017.07.10-09.25.54:110][830]LogPlayLevel: PlayLevel: No blueprints needed recompiling
[2017.07.10-09.25.54:110][830]PIE: New page: PIE session: PalaceLevel (Jul 10, 2017, 10:25:54 AM)
[2017.07.10-09.25.54:110][830]LogPlayLevel: Creating play world package: /Game/Ava/Maps/UEDPIE_0_PalaceLevel
[2017.07.10-09.25.54:172][830]LogPlayLevel: PIE: StaticDuplicateObject took: (0.061735s)
[2017.07.10-09.25.54:173][830]LogAIModule: Creating AISystem for world PalaceLevel
[2017.07.10-09.25.54:173][830]LogPlayLevel: PIE: World Init took: (0.000700s)
[2017.07.10-09.25.54:173][830]LogPlayLevel: PIE: Created PIE world by copying editor world from /Game/Ava/Maps/PalaceLevel.PalaceLevel to /Game/Ava/Maps/UEDPIE_0_PalaceLevel.PalaceLevel (0.062839s)
[2017.07.10-09.25.54:228][830]LogInit: XAudio2 using 'BenQ GL2450H-4 (NVIDIA High Definition Audio)' : 2 channels at 48 kHz using 16 bits per sample (channel mask 0x3)
[2017.07.10-09.25.54:236][830]LogInit: FAudioDevice initialized.
[2017.07.10-09.25.54:290][830]LogWorld: Game class is 'AvaGameMode'
[2017.07.10-09.25.54:330][830]LogWorld: Bringing World /Game/Ava/Maps/UEDPIE_0_PalaceLevel.PalaceLevel up for play (max tick rate 0) at 2017.07.10-10.25.54
[2017.07.10-09.25.54:333][830]LogWorld: Bringing up level for play took: 0.041750
[2017.07.10-09.25.54:335][830]PIE: Info Play in editor start time for /Game/Ava/Maps/UEDPIE_0_PalaceLevel 0.151
[2017.07.10-09.25.54:336][830]LogBlueprintUserMessages: Late PlayInEditor Detection: Level '/Game/Ava/Maps/PalaceLevel.PalaceLevel:PersistentLevel' has LevelScriptBlueprint '/Game/Ava/Maps/PalaceLevel.PalaceLevel:PersistentLevel.PalaceLevel' with GeneratedClass '/Game/Ava/Maps/PalaceLevel.PalaceLevel_C' with ClassGeneratedBy '/Game/Ava/Maps/PalaceLevel.PalaceLevel:PersistentLevel.PalaceLevel'
[2017.07.10-09.26.06:770][317]LogBlueprintUserMessages: Early EndPlayMap Detection: Level '/Game/Ava/Maps/PalaceLevel.PalaceLevel:PersistentLevel' has LevelScriptBlueprint '/Game/Ava/Maps/PalaceLevel.PalaceLevel:PersistentLevel.PalaceLevel' with GeneratedClass '/Game/Ava/Maps/PalaceLevel.PalaceLevel_C' with ClassGeneratedBy '/Game/Ava/Maps/PalaceLevel.PalaceLevel:PersistentLevel.PalaceLevel'
[2017.07.10-09.26.06:922][317]LogBlueprintUserMessages: Late EndPlayMap Detection: Level '/Game/Ava/Maps/PalaceLevel.PalaceLevel:PersistentLevel' has LevelScriptBlueprint '/Game/Ava/Maps/PalaceLevel.PalaceLevel:PersistentLevel.PalaceLevel' with GeneratedClass '/Game/Ava/Maps/PalaceLevel.PalaceLevel_C' with ClassGeneratedBy '/Game/Ava/Maps/PalaceLevel.PalaceLevel:PersistentLevel.PalaceLevel'
[2017.07.10-09.55.52:664][775]LogHotReload: New module detected: UE4Editor-Ava-2740.dll
[2017.07.10-09.55.55:205][784]LogHotReload: Starting Hot-Reload from IDE
[2017.07.10-09.55.55:757][784]LogModuleManager:Warning: ModuleManager: Unable to load module 'Ava' because the file 'G:/University Work/Masters/MastersProject/MastersProject/Ava/Binaries/Win64/UE4Editor-Ava-2740.dll' was not found.
[2017.07.10-09.55.55:757][784]Warning: HotReload failed, reload failed /Script/Ava.
[2017.07.10-09.55.56:729][784]LogContentBrowser: Native class hierarchy populated in 0.5891 seconds. Added 2066 classes and 375 folders.
[2017.07.10-09.55.56:809][784]Warning: HotReload took  1.6s.
[2017.07.10-09.56.03:815][805]LogEditorViewport: Clicking on Actor (LMB): PushPullItem (PushPullItem5)
[2017.07.10-09.56.06:352][ 21]LogEditorViewport: Clicking on Actor (LMB): PushPullItem (PushPullItem5)
[2017.07.10-09.56.30:514][820]Cmd: CAMERA ALIGN ACTIVEVIEWPORTONLY
[2017.07.10-09.56.33:001][ 88]LogEditorViewport: Clicking on Actor (LMB): PushPullItem (PushPullItem5)
[2017.07.10-09.56.34:116][205]Cmd: DELETE
[2017.07.10-09.56.34:116][205]Cmd: ACTOR DELETE
[2017.07.10-09.56.34:504][205]LogEditorActor: Deleted Actor: PushPullItem
[2017.07.10-09.56.34:575][205]LogEditorActor: Deleted 1 Actors (0.401 secs)
[2017.07.10-09.56.40:276][796]LogEditor: Attempting to add actor of class 'PushPullItem' to level at -365.00,-2330.00,90.00
[2017.07.10-09.56.41:200][894]LogEditor: Attempting to add actor of class 'PushPullItem' to level at -360.00,-2355.00,90.00
[2017.07.10-09.57.47:702][984]LogSavePackage: Save=3631.07ms
[2017.07.10-09.57.47:703][984]LogSavePackage: Moving 'G:/University Work/Masters/MastersProject/MastersProject/Ava/Saved/PalaceLevel_Auto1253170DE43F79B5D108E5AA14CDEBDF4.tmp' to 'G:/University Work/Masters/MastersProject/MastersProject/Ava/Saved/Autosaves/Game/Ava/Maps/PalaceLevel_Auto1.umap'
[2017.07.10-09.57.47:826][984]LogSavePackage:Display: Finished SavePackage G:/University Work/Masters/MastersProject/MastersProject/Ava/Saved/Autosaves/Game/Ava/Maps/PalaceLevel_Auto1.umap
[2017.07.10-09.57.47:841][984]LogFileHelpers: Editor autosave (incl. sublevels) for '/Game/Ava/Maps/PalaceLevel' took 5.178
[2017.07.10-09.57.47:841][984]LogFileHelpers: Editor autosave (incl. sublevels) for all levels took 5.178
[2017.07.10-10.01.35:680][ 73]Cmd: OBJ SAVEPACKAGE PACKAGE="/Game/Ava/Maps/PalaceLevel" FILE="G:/University Work/Masters/MastersProject/MastersProject/Ava/Content/Ava/Maps/PalaceLevel.umap" SILENT=true AUTOSAVING=false KEEPDIRTY=false
[2017.07.10-10.01.37:158][ 73]LogSavePackage: Save=1423.19ms
[2017.07.10-10.01.37:160][ 73]LogSavePackage: Moving 'G:/University Work/Masters/MastersProject/MastersProject/Ava/Saved/PalaceLevel0285E49C47C1557FD2C9AF9C023E0EA5.tmp' to 'G:/University Work/Masters/MastersProject/MastersProject/Ava/Content/Ava/Maps/PalaceLevel.umap'
[2017.07.10-10.01.37:167][ 73]LogSavePackage:Display: Finished SavePackage G:/University Work/Masters/MastersProject/MastersProject/Ava/Content/Ava/Maps/PalaceLevel.umap
[2017.07.10-10.01.37:241][ 73]LogFileHelpers: Saving map 'PalaceLevel' took 1.685
[2017.07.10-10.01.37:549][ 73]LogWindowsTextInputMethodSystem:Display: IME system now deactivated.
[2017.07.10-10.01.38:831][ 74]Cmd: QUIT_EDITOR
[2017.07.10-10.01.40:529][ 74]LogExit: Preparing to exit.
[2017.07.10-10.01.44:827][ 74]LogExit: Editor shut down
[2017.07.10-10.01.44:843][ 74]LogExit: Transaction tracking system shut down
[2017.07.10-10.01.51:253][ 74]LogObj: Freed 0b from 0 cluster array pools.
[2017.07.10-10.01.51:254][ 74]LogExit: Object subsystem successfully closed.
[2017.07.10-10.01.51:823][ 74]LogD3D11RHI: Shutdown
[2017.07.10-10.01.51:823][ 74]LogD3D11RHI: CleanupD3DDevice
[2017.07.10-10.01.52:672][ 74]LogD3D11RHI: ~FD3D11DynamicRHI
[2017.07.10-10.01.52:760][ 74]LogModuleManager: Shutting down and abandoning module MovieSceneCapture (216)
[2017.07.10-10.01.52:760][ 74]LogModuleManager: Shutting down and abandoning module SynthBenchmark (215)
[2017.07.10-10.01.52:768][ 74]LogModuleManager: Shutting down and abandoning module HierarchicalLODOutliner (214)
[2017.07.10-10.01.52:769][ 74]LogModuleManager: Shutting down and abandoning module CrashTracker (213)
[2017.07.10-10.01.52:769][ 74]LogModuleManager: Shutting down and abandoning module SceneOutliner (212)
[2017.07.10-10.01.52:769][ 74]LogModuleManager: Shutting down and abandoning module WidgetCarousel (211)
[2017.07.10-10.01.52:772][ 74]LogModuleManager: Shutting down and abandoning module AddContentDialog (210)
[2017.07.10-10.01.52:954][ 74]LogModuleManager: Shutting down and abandoning module GameplayTags (209)
[2017.07.10-10.01.52:954][ 74]LogModuleManager: Shutting down and abandoning module EditorWidgets (208)
[2017.07.10-10.01.52:954][ 74]LogModuleManager: Shutting down and abandoning module CollectionManager (207)
[2017.07.10-10.01.52:957][ 74]LogModuleManager: Shutting down and abandoning module StatsViewer (206)
[2017.07.10-10.01.52:966][ 74]LogModuleManager: Shutting down and abandoning module FoliageEdit (205)
[2017.07.10-10.01.52:967][ 74]LogModuleManager: Shutting down and abandoning module LandscapeEditor (204)
[2017.07.10-10.01.52:969][ 74]LogModuleManager: Shutting down and abandoning module SceneDepthPickerMode (203)
[2017.07.10-10.01.52:969][ 74]LogModuleManager: Shutting down and abandoning module ActorPickerMode (202)
[2017.07.10-10.01.52:969][ 74]LogModuleManager: Shutting down and abandoning module GeometryMode (201)
[2017.07.10-10.01.52:970][ 74]LogModuleManager: Shutting down and abandoning module TextureAlignMode (200)
[2017.07.10-10.01.52:970][ 74]LogModuleManager: Shutting down and abandoning module BspMode (199)
[2017.07.10-10.01.52:970][ 74]LogModuleManager: Shutting down and abandoning module HardwareSurvey (198)
[2017.07.10-10.01.52:970][ 74]LogModuleManager: Shutting down and abandoning module SequenceRecorderSections (197)
[2017.07.10-10.01.52:971][ 74]LogModuleManager: Shutting down and abandoning module SequenceRecorder (196)
[2017.07.10-10.01.52:972][ 74]LogModuleManager: Shutting down and abandoning module AutomationWorker (195)
[2017.07.10-10.01.52:972][ 74]LogModuleManager: Shutting down and abandoning module MatineeToLevelSequence (194)
[2017.07.10-10.01.52:972][ 74]LogModuleManager: Shutting down and abandoning module PlacementMode (193)
[2017.07.10-10.01.52:973][ 74]LogModuleManager: Shutting down and abandoning module LevelSequenceEditor (192)
[2017.07.10-10.01.52:980][ 74]LogModuleManager: Shutting down and abandoning module CharacterAI (191)
[2017.07.10-10.01.52:992][ 74]LogModuleManager: Shutting down and abandoning module SmartSnapping (190)
[2017.07.10-10.01.52:992][ 74]LogModuleManager: Shutting down and abandoning module SessionServices (189)
[2017.07.10-10.01.52:992][ 74]LogModuleManager: Shutting down and abandoning module ViewportSnapping (188)
[2017.07.10-10.01.52:993][ 74]LogModuleManager: Shutting down and abandoning module LogVisualizer (187)
[2017.07.10-10.01.53:010][ 74]LogModuleManager: Shutting down and abandoning module GameProjectGeneration (186)
[2017.07.10-10.01.53:013][ 74]LogModuleManager: Shutting down and abandoning module IntroTutorials (185)
[2017.07.10-10.01.53:013][ 74]LogModuleManager: Shutting down and abandoning module EditorLiveStreaming (184)
[2017.07.10-10.01.53:014][ 74]LogModuleManager: Shutting down and abandoning module IOSPlatformEditor (183)
[2017.07.10-10.01.53:014][ 74]LogModuleManager: Shutting down and abandoning module HTML5PlatformEditor (182)
[2017.07.10-10.01.53:014][ 74]LogModuleManager: Shutting down and abandoning module AndroidDeviceDetection (181)
[2017.07.10-10.01.53:396][ 74]LogModuleManager: Shutting down and abandoning module AndroidPlatformEditor (180)
[2017.07.10-10.01.53:400][ 74]LogModuleManager: Shutting down and abandoning module IOSRuntimeSettings (179)
[2017.07.10-10.01.53:400][ 74]LogModuleManager: Shutting down and abandoning module AndroidRuntimeSettings (178)
[2017.07.10-10.01.53:400][ 74]LogModuleManager: Shutting down and abandoning module MergeActors (177)
[2017.07.10-10.01.53:401][ 74]LogModuleManager: Shutting down and abandoning module SizeMap (176)
[2017.07.10-10.01.53:414][ 74]LogModuleManager: Shutting down and abandoning module TreeMap (175)
[2017.07.10-10.01.53:414][ 74]LogModuleManager: Shutting down and abandoning module ReferenceViewer (174)
[2017.07.10-10.01.53:415][ 74]LogModuleManager: Shutting down and abandoning module LocalizationService (173)
[2017.07.10-10.01.53:415][ 74]LogModuleManager: Shutting down and abandoning module LocalizationDashboard (172)
[2017.07.10-10.01.53:417][ 74]LogModuleManager: Shutting down and abandoning module HardwareTargeting (171)
[2017.07.10-10.01.53:417][ 74]LogModuleManager: Shutting down and abandoning module DeviceProfileEditor (170)
[2017.07.10-10.01.53:418][ 74]LogModuleManager: Shutting down and abandoning module UndoHistory (169)
[2017.07.10-10.01.53:418][ 74]LogModuleManager: Shutting down and abandoning module UserFeedback (168)
[2017.07.10-10.01.53:418][ 74]LogModuleManager: Shutting down and abandoning module XmlParser (167)
[2017.07.10-10.01.53:419][ 74]LogModuleManager: Shutting down and abandoning module Blutility (166)
[2017.07.10-10.01.53:420][ 74]LogModuleManager: Shutting down and abandoning module ProjectTargetPlatformEditor (165)
[2017.07.10-10.01.53:420][ 74]LogModuleManager: Shutting down and abandoning module ProjectSettingsViewer (164)
[2017.07.10-10.01.53:421][ 74]LogModuleManager: Shutting down and abandoning module InputBindingEditor (163)
[2017.07.10-10.01.53:422][ 74]LogModuleManager: Shutting down and abandoning module EditorSettingsViewer (162)
[2017.07.10-10.01.53:422][ 74]LogModuleManager: Shutting down and abandoning module SettingsEditor (161)
[2017.07.10-10.01.53:423][ 74]LogModuleManager: Shutting down and abandoning module ProjectLauncher (160)
[2017.07.10-10.01.53:424][ 74]LogModuleManager: Shutting down and abandoning module SessionFrontend (159)
[2017.07.10-10.01.53:426][ 74]LogModuleManager: Shutting down and abandoning module ProfilerClient (158)
[2017.07.10-10.01.53:427][ 74]LogModuleManager: Shutting down and abandoning module TargetDeviceServices (157)
[2017.07.10-10.01.53:427][ 74]LogModuleManager: Shutting down and abandoning module DeviceManager (156)
[2017.07.10-10.01.53:530][ 74]LogModuleManager: Shutting down and abandoning module AutomationController (155)
[2017.07.10-10.01.53:532][ 74]LogModuleManager: Shutting down and abandoning module AutomationWindow (154)
[2017.07.10-10.01.53:533][ 74]LogModuleManager: Shutting down and abandoning module Layers (153)
[2017.07.10-10.01.53:536][ 74]LogModuleManager: Shutting down and abandoning module ComponentVisualizers (152)
[2017.07.10-10.01.53:536][ 74]LogModuleManager: Shutting down and abandoning module DetailCustomizations (151)
[2017.07.10-10.01.53:537][ 74]LogModuleManager: Shutting down and abandoning module PackagesDialog (150)
[2017.07.10-10.01.53:537][ 74]LogModuleManager: Shutting down and abandoning module Persona (149)
[2017.07.10-10.01.53:542][ 74]LogModuleManager: Shutting down and abandoning module Kismet (148)
[2017.07.10-10.01.53:543][ 74]LogModuleManager: Shutting down and abandoning module GraphEditor (147)
[2017.07.10-10.01.53:546][ 74]LogModuleManager: Shutting down and abandoning module ClassViewer (146)
[2017.07.10-10.01.53:547][ 74]LogModuleManager: Shutting down and abandoning module Toolbox (145)
[2017.07.10-10.01.53:547][ 74]LogModuleManager: Shutting down and abandoning module ModuleUI (144)
[2017.07.10-10.01.53:548][ 74]LogModuleManager: Shutting down and abandoning module MovieSceneTools (143)
[2017.07.10-10.01.53:549][ 74]LogModuleManager: Shutting down and abandoning module OutputLog (142)
[2017.07.10-10.01.53:551][ 74]LogModuleManager: Shutting down and abandoning module GammaUI (141)
[2017.07.10-10.01.53:552][ 74]LogModuleManager: Shutting down and abandoning module Documentation (140)
[2017.07.10-10.01.53:552][ 74]LogModuleManager: Shutting down and abandoning module StreamingPauseRendering (139)
[2017.07.10-10.01.53:552][ 74]LogModuleManager: Shutting down and abandoning module AnalyticsET (138)
[2017.07.10-10.01.53:552][ 74]LogModuleManager: Shutting down and abandoning module Analytics (137)
[2017.07.10-10.01.53:552][ 74]LogModuleManager: Shutting down and abandoning module PortalServices (136)
[2017.07.10-10.01.53:552][ 74]LogModuleManager: Shutting down and abandoning module PortalRpc (135)
[2017.07.10-10.01.53:552][ 74]LogModuleManager: Shutting down and abandoning module MessagingRpc (134)
[2017.07.10-10.01.53:552][ 74]LogModuleManager: Shutting down and abandoning module GameplayDebugger (133)
[2017.07.10-10.01.53:552][ 74]LogModuleManager: Shutting down and abandoning module AITestSuite (132)
[2017.07.10-10.01.53:553][ 74]LogModuleManager: Shutting down and abandoning module AIModule (131)
[2017.07.10-10.01.53:553][ 74]LogModuleManager: Shutting down and abandoning module ProfilerService (130)
[2017.07.10-10.01.53:743][ 74]LogModuleManager: Shutting down and abandoning module TaskGraph (129)
[2017.07.10-10.01.53:745][ 74]LogModuleManager: Shutting down and abandoning module SlateRemote (128)
[2017.07.10-10.01.53:745][ 74]LogModuleManager: Shutting down and abandoning module SteamVRController (127)
[2017.07.10-10.01.53:745][ 74]LogModuleManager: Shutting down and abandoning module SteamVR (126)
[2017.07.10-10.01.53:745][ 74]LogModuleManager: Shutting down and abandoning module ProceduralMeshComponent (125)
[2017.07.10-10.01.53:745][ 74]LogModuleManager: Shutting down and abandoning module OculusLibrary (124)
[2017.07.10-10.01.53:745][ 74]LogModuleManager: Shutting down and abandoning module OculusInput (123)
[2017.07.10-10.01.53:745][ 74]LogModuleManager: Shutting down and abandoning module CustomMeshComponent (122)
[2017.07.10-10.01.53:746][ 74]LogModuleManager: Shutting down and abandoning module CableComponent (121)
[2017.07.10-10.01.53:746][ 74]LogModuleManager: Shutting down and abandoning module ArchVisCharacter (120)
[2017.07.10-10.01.53:746][ 74]LogModuleManager: Shutting down and abandoning module MediaPlayerEditor (119)
[2017.07.10-10.01.53:748][ 74]LogModuleManager: Shutting down and abandoning module HTML5Networking (118)
[2017.07.10-10.01.53:748][ 74]LogModuleManager: Shutting down and abandoning module SuperSearch (117)
[2017.07.10-10.01.53:748][ 74]LogModuleManager: Shutting down and abandoning module SuperSearchEditor (116)
[2017.07.10-10.01.53:748][ 74]LogModuleManager: Shutting down and abandoning module SpeedTreeImporter (115)
[2017.07.10-10.01.53:748][ 74]LogModuleManager: Shutting down and abandoning module PluginBrowser (114)
[2017.07.10-10.01.53:750][ 74]LogModuleManager: Shutting down and abandoning module EpicSurvey (113)
[2017.07.10-10.01.53:750][ 74]LogModuleManager: Shutting down and abandoning module DesktopPlatform (112)
[2017.07.10-10.01.53:750][ 74]LogModuleManager: Shutting down and abandoning module VisualStudioSourceCodeAccess (111)
[2017.07.10-10.01.53:751][ 74]LogModuleManager: Shutting down and abandoning module UObjectPlugin (110)
[2017.07.10-10.01.53:751][ 74]LogModuleManager: Shutting down and abandoning module SubversionSourceControl (109)
[2017.07.10-10.01.53:751][ 74]LogModuleManager: Shutting down and abandoning module PerforceSourceControl (108)
[2017.07.10-10.01.53:753][ 74]LogModuleManager: Shutting down and abandoning module SourceControl (107)
[2017.07.10-10.01.53:754][ 74]LogModuleManager: Shutting down and abandoning module GitSourceControl (106)
[2017.07.10-10.01.53:755][ 74]LogModuleManager: Shutting down and abandoning module LightPropagationVolumeEditor (105)
[2017.07.10-10.01.53:755][ 74]LogModuleManager: Shutting down and abandoning module PaperTiledImporter (104)
[2017.07.10-10.01.53:755][ 74]LogModuleManager: Shutting down and abandoning module PaperSpriteSheetImporter (103)
[2017.07.10-10.01.53:756][ 74]LogModuleManager: Shutting down and abandoning module MeshPaint (102)
[2017.07.10-10.01.53:756][ 74]LogModuleManager: Shutting down and abandoning module PixelInspectorModule (101)
[2017.07.10-10.01.53:758][ 74]LogModuleManager: Shutting down and abandoning module HotReload (100)
[2017.07.10-10.01.53:759][ 74]LogModuleManager: Shutting down and abandoning module MainFrame (99)
[2017.07.10-10.01.53:760][ 74]LogModuleManager: Shutting down and abandoning module LevelEditor (98)
[2017.07.10-10.01.53:782][ 74]LogModuleManager: Shutting down and abandoning module ContentBrowser (97)
[2017.07.10-10.01.53:783][ 74]LogModuleManager: Shutting down and abandoning module Paper2DEditor (96)
[2017.07.10-10.01.53:785][ 74]LogModuleManager: Shutting down and abandoning module UdpMessaging (94)
[2017.07.10-10.01.53:885][ 74]LogModuleManager: Shutting down and abandoning module LightPropagationVolumeRuntime (93)
[2017.07.10-10.01.53:885][ 74]LogModuleManager: Shutting down and abandoning module Paper2D (92)
[2017.07.10-10.01.53:886][ 74]LogModuleManager: Shutting down and abandoning module WindowsMoviePlayer (91)
[2017.07.10-10.01.53:886][ 74]LogModuleManager: Shutting down and abandoning module Media (90)
[2017.07.10-10.01.53:886][ 74]LogModuleManager: Shutting down and abandoning module WmfMedia (89)
[2017.07.10-10.01.53:887][ 74]LogModuleManager: Shutting down and abandoning module MediaAssets (88)
[2017.07.10-10.01.53:887][ 74]LogModuleManager: Shutting down and abandoning module GameLiveStreaming (87)
[2017.07.10-10.01.53:887][ 74]LogModuleManager: Shutting down and abandoning module GameplayTagsEditor (86)
[2017.07.10-10.01.53:887][ 74]LogModuleManager: Shutting down and abandoning module OnlineBlueprintSupport (85)
[2017.07.10-10.01.53:887][ 74]LogModuleManager: Shutting down and abandoning module VREditor (84)
[2017.07.10-10.01.53:888][ 74]LogModuleManager: Shutting down and abandoning module GameplayTasksEditor (83)
[2017.07.10-10.01.53:888][ 74]LogModuleManager: Shutting down and abandoning module PropertyEditor (82)
[2017.07.10-10.01.53:896][ 74]LogModuleManager: Shutting down and abandoning module BehaviorTreeEditor (81)
[2017.07.10-10.01.53:899][ 74]LogModuleManager: Shutting down and abandoning module FunctionalTesting (80)
[2017.07.10-10.01.53:899][ 74]LogModuleManager: Shutting down and abandoning module CollisionAnalyzer (79)
[2017.07.10-10.01.53:900][ 74]LogModuleManager: Shutting down and abandoning module Sequencer (78)
[2017.07.10-10.01.53:904][ 74]LogModuleManager: Shutting down and abandoning module WorkspaceMenuStructure (77)
[2017.07.10-10.01.53:904][ 74]LogModuleManager: Shutting down and abandoning module MessageLog (76)
[2017.07.10-10.01.53:904][ 74]LogModuleManager: Shutting down and abandoning module AssetTools (75)
[2017.07.10-10.01.53:907][ 74]LogModuleManager: Shutting down and abandoning module UMGEditor (74)
[2017.07.10-10.01.53:909][ 74]LogModuleManager: Shutting down and abandoning module UMG (73)
[2017.07.10-10.01.53:909][ 74]LogModuleManager: Shutting down and abandoning module SlateReflector (72)
[2017.07.10-10.01.53:914][ 74]LogModuleManager: Shutting down and abandoning module Slate (71)
[2017.07.10-10.01.53:914][ 74]LogModuleManager: Shutting down and abandoning module EditorStyle (70)
[2017.07.10-10.01.53:960][ 74]LogModuleManager: Shutting down and abandoning module SourceCodeAccess (69)
[2017.07.10-10.01.53:960][ 74]LogModuleManager: Shutting down and abandoning module HeadMountedDisplay (68)
[2017.07.10-10.01.53:960][ 74]LogModuleManager: Shutting down and abandoning module XAudio2 (67)
[2017.07.10-10.01.53:960][ 74]LogModuleManager: Shutting down and abandoning module Networking (65)
[2017.07.10-10.01.53:960][ 74]LogModuleManager: Shutting down and abandoning module Core (64)
[2017.07.10-10.01.53:960][ 74]LogModuleManager: Shutting down and abandoning module DirectoryWatcher (63)
[2017.07.10-10.01.53:969][ 74]LogModuleManager: Shutting down and abandoning module AssetRegistry (62)
[2017.07.10-10.01.54:737][ 74]LogModuleManager: Shutting down and abandoning module KismetCompiler (61)
[2017.07.10-10.01.54:737][ 74]LogModuleManager: Shutting down and abandoning module PhysXFormats (60)
[2017.07.10-10.01.54:737][ 74]LogModuleManager: Shutting down and abandoning module MeshUtilities (59)
[2017.07.10-10.01.54:738][ 74]LogModuleManager: Shutting down and abandoning module DerivedDataCache (58)
[2017.07.10-10.01.54:831][ 74]LogDerivedDataCache: Shutdown
[2017.07.10-10.01.54:831][ 74]LogModuleManager: Shutting down and abandoning module VulkanShaderFormat (57)
[2017.07.10-10.01.54:832][ 74]LogModuleManager: Shutting down and abandoning module ShaderFormatOpenGL (56)
[2017.07.10-10.01.54:832][ 74]LogModuleManager: Shutting down and abandoning module ShaderFormatD3D (55)
[2017.07.10-10.01.54:833][ 74]LogModuleManager: Shutting down and abandoning module MetalShaderFormat (54)
[2017.07.10-10.01.54:834][ 74]LogModuleManager: Shutting down and abandoning module TextureFormatUncompressed (53)
[2017.07.10-10.01.54:834][ 74]LogModuleManager: Shutting down and abandoning module TextureFormatPVR (52)
[2017.07.10-10.01.54:834][ 74]LogModuleManager: Shutting down and abandoning module TextureFormatIntelISPCTexComp (51)
[2017.07.10-10.01.54:835][ 74]LogModuleManager: Shutting down and abandoning module TextureFormatDXT (50)
[2017.07.10-10.01.54:835][ 74]LogModuleManager: Shutting down and abandoning module ImageWrapper (49)
[2017.07.10-10.01.54:835][ 74]LogModuleManager: Shutting down and abandoning module TextureFormatASTC (48)
[2017.07.10-10.01.54:835][ 74]LogModuleManager: Shutting down and abandoning module TextureFormatAndroid (47)
[2017.07.10-10.01.54:835][ 74]LogModuleManager: Shutting down and abandoning module AudioFormatOpus (46)
[2017.07.10-10.01.54:835][ 74]LogModuleManager: Shutting down and abandoning module AudioFormatOgg (45)
[2017.07.10-10.01.54:835][ 74]LogModuleManager: Shutting down and abandoning module AudioFormatADPCM (44)
[2017.07.10-10.01.54:847][ 74]LogModuleManager: Shutting down and abandoning module LinuxTargetPlatform (43)
[2017.07.10-10.01.54:847][ 74]LogModuleManager: Shutting down and abandoning module LinuxServerTargetPlatform (42)
[2017.07.10-10.01.54:847][ 74]LogModuleManager: Shutting down and abandoning module LinuxNoEditorTargetPlatform (41)
[2017.07.10-10.01.54:847][ 74]LogModuleManager: Shutting down and abandoning module TVOSTargetPlatform (40)
[2017.07.10-10.01.54:847][ 74]LogModuleManager: Shutting down and abandoning module Messaging (39)
[2017.07.10-10.01.54:847][ 74]LogModuleManager: Shutting down and abandoning module IOSTargetPlatform (38)
[2017.07.10-10.01.54:848][ 74]LogModuleManager: Shutting down and abandoning module HTML5TargetPlatform (37)
[2017.07.10-10.01.54:848][ 74]LogModuleManager: Shutting down and abandoning module Android_PVRTCTargetPlatform (36)
[2017.07.10-10.01.54:848][ 74]LogModuleManager: Shutting down and abandoning module Android_MultiTargetPlatform (35)
[2017.07.10-10.01.54:848][ 74]LogModuleManager: Shutting down and abandoning module Android_ETC2TargetPlatform (34)
[2017.07.10-10.01.54:848][ 74]LogModuleManager: Shutting down and abandoning module Android_ETC1TargetPlatform (33)
[2017.07.10-10.01.54:848][ 74]LogModuleManager: Shutting down and abandoning module Android_DXTTargetPlatform (32)
[2017.07.10-10.01.54:848][ 74]LogModuleManager: Shutting down and abandoning module Android_ATCTargetPlatform (31)
[2017.07.10-10.01.54:848][ 74]LogModuleManager: Shutting down and abandoning module Android_ASTCTargetPlatform (30)
[2017.07.10-10.01.54:848][ 74]LogModuleManager: Shutting down and abandoning module AndroidTargetPlatform (29)
[2017.07.10-10.01.54:848][ 74]LogModuleManager: Shutting down and abandoning module WindowsTargetPlatform (28)
[2017.07.10-10.01.54:874][ 74]LogModuleManager: Shutting down and abandoning module WindowsServerTargetPlatform (27)
[2017.07.10-10.01.54:874][ 74]LogModuleManager: Shutting down and abandoning module WindowsNoEditorTargetPlatform (26)
[2017.07.10-10.01.54:875][ 74]LogModuleManager: Shutting down and abandoning module WindowsClientTargetPlatform (25)
[2017.07.10-10.01.54:875][ 74]LogModuleManager: Shutting down and abandoning module AllDesktopTargetPlatform (24)
[2017.07.10-10.01.54:875][ 74]LogModuleManager: Shutting down and abandoning module TargetPlatform (23)
[2017.07.10-10.01.54:879][ 74]LogModuleManager: Shutting down and abandoning module InputCore (22)
[2017.07.10-10.01.54:879][ 74]LogModuleManager: Shutting down and abandoning module Settings (21)
[2017.07.10-10.01.54:883][ 74]LogModuleManager: Shutting down and abandoning module OnlineSubsystem (19)
[2017.07.10-10.01.54:883][ 74]LogModuleManager: Shutting down and abandoning module HTTP (18)
[2017.07.10-10.01.58:896][ 74]LogModuleManager: Shutting down and abandoning module XMPP (17)
[2017.07.10-10.01.58:900][ 74]LogModuleManager: Shutting down and abandoning module OculusRift (16)
[2017.07.10-10.01.58:901][ 74]LogModuleManager: Shutting down and abandoning module ExampleDeviceProfileSelector (15)
[2017.07.10-10.01.58:901][ 74]LogModuleManager: Shutting down and abandoning module TextureCompressor (14)
[2017.07.10-10.01.58:901][ 74]LogModuleManager: Shutting down and abandoning module ShaderCore (13)
[2017.07.10-10.01.58:901][ 74]LogModuleManager: Shutting down and abandoning module Landscape (12)
[2017.07.10-10.01.58:901][ 74]LogModuleManager: Shutting down and abandoning module SlateRHIRenderer (11)
[2017.07.10-10.01.59:003][ 74]LogModuleManager: Shutting down and abandoning module OpenGLDrv (10)
[2017.07.10-10.01.59:004][ 74]LogModuleManager: Shutting down and abandoning module D3D11RHI (9)
[2017.07.10-10.01.59:004][ 74]LogModuleManager: Shutting down and abandoning module AnimGraphRuntime (8)
[2017.07.10-10.01.59:004][ 74]LogModuleManager: Shutting down and abandoning module Renderer (7)
[2017.07.10-10.01.59:004][ 74]LogModuleManager: Shutting down and abandoning module Engine (6)
[2017.07.10-10.01.59:004][ 74]LogModuleManager: Shutting down and abandoning module CoreUObject (5)
[2017.07.10-10.01.59:004][ 74]LogModuleManager: Shutting down and abandoning module NetworkFile (4)
[2017.07.10-10.01.59:005][ 74]LogModuleManager: Shutting down and abandoning module StreamingFile (3)
[2017.07.10-10.01.59:005][ 74]LogModuleManager: Shutting down and abandoning module SandboxFile (2)
[2017.07.10-10.01.59:005][ 74]LogModuleManager: Shutting down and abandoning module PakFile (1)
[2017.07.10-10.01.59:024][ 74]LogExit: Exiting.
[2017.07.10-10.01.59:204][ 74]Log file closed, 07/10/17 11:01:59
