Log file open, 07/03/17 13:15:19
LogInit:Display: Running engine for game: Ava
LogPlatformFile: Not using cached read wrapper
LogInit:Display: RandInit(-897788720) SRandInit(-897788718).
LogTaskGraph: Started task graph with 4 named threads and 9 total threads with 1 sets of task threads.
LogStats: Stats thread started at 0.121022
LogInit: Version: 4.12.5-3039270+++UE4+Release-4.12
LogInit: API Version: 2992821
LogInit: Net Version: 3039270
LogDevObjectVersion: Number of dev versions registered: 13
LogDevObjectVersion:   Dev-Blueprints (B0D832E4-1F89-4F0D-ACCF-7EB736FD4AA2): 3
LogDevObjectVersion:   Dev-Build (E1C64328-A22C-4D53-A36C-8E866417BD8C): 0
LogDevObjectVersion:   Dev-Core (375EC13C-06E4-48FB-B500-84F0262A717E): 1
LogDevObjectVersion:   Dev-Editor (E4B068ED-F494-42E9-A231-DA0B2E46BB41): 2
LogDevObjectVersion:   Dev-Framework (CFFC743F-43B0-4480-9391-14DF171D2073): 6
LogDevObjectVersion:   Dev-Mobile (B02B49B5-BB20-44E9-A304-32B752E40360): 0
LogDevObjectVersion:   Dev-Networking (A4E4105C-59A1-49B5-A7C5-40C4547EDFEE): 0
LogDevObjectVersion:   Dev-Online (39C831C9-5AE6-47DC-9A44-9C173E1C8E7C): 0
LogDevObjectVersion:   Dev-Physics (78F01B33-EBEA-4F98-B9B4-84EACCB95AA2): 0
LogDevObjectVersion:   Dev-Platform (6631380F-2D4D-43E0-8009-CF276956A95A): 0
LogDevObjectVersion:   Dev-Rendering (12F88B9F-8875-4AFC-A67C-D90C383ABD29): 2
LogDevObjectVersion:   Dev-Sequencer (7B5AE74C-D270-4C10-A958-57980B212A5A): 0
LogDevObjectVersion:   Dev-VR (D7296918-1DD6-4BDD-9DE2-64A83CC13884): 0
LogInit: Compiled (64-bit): Jul  6 2016 09:09:46
LogInit: Compiled with Visual C++: 19.00.23026.00
LogInit: Build Configuration: Development
LogInit: Branch Name: ++UE4+Release-4.12
LogInit: Command line:  
LogInit: Base directory: C:/Program Files/Epic Games/4.12/Engine/Binaries/Win64/
LogInit: Installed Engine Build: 1
LogInit: Using libcurl 7.41.0
LogInit:  - built for x86_64-pc-win32
LogInit:  - supports SSL with WinSSL
LogInit:  - other features:
LogInit:      CURL_VERSION_SSL
LogInit:      CURL_VERSION_IPV6
LogInit:      CURL_VERSION_ASYNCHDNS
LogInit:      CURL_VERSION_LARGEFILE
LogInit:      CURL_VERSION_IDN
LogInit:  CurlRequestOptions (configurable via config and command line):
LogInit:  - bVerifyPeer = true  - Libcurl will verify peer certificate
LogInit:  - bUseHttpProxy = false  - Libcurl will NOT use HTTP proxy
LogInit:  - bDontReuseConnections = false  - Libcurl will reuse connections
LogInit:  - CertBundlePath = nullptr  - Libcurl will use whatever was configured at build time.
LogInit: Presizing for max 8388607 objects, including 0 objects not considered by GC, pre-allocating 0 bytes for permanent pool.
LogInit: Object subsystem initialized
[2017.07.03-12.15.20:091][  0]LogInit: Selected Device Profile: [Windows]
[2017.07.03-12.15.20:091][  0]LogInit: Applying CVar settings loaded from the selected device profile: [Windows]
[2017.07.03-12.15.20:117][  0]LogInit: Computer: PC42640
[2017.07.03-12.15.20:117][  0]LogInit: User: i7230020
[2017.07.03-12.15.20:117][  0]LogInit: CPU Page size=65536, Cores=6
[2017.07.03-12.15.20:117][  0]LogInit: High frequency timer resolution =3.410136 MHz
[2017.07.03-12.15.20:117][  0]LogMemory: Memory total: Physical=31.9GB (32GB approx)
[2017.07.03-12.15.20:117][  0]LogMemory: Platform Memory Stats for Windows
[2017.07.03-12.15.20:117][  0]LogMemory: Process Physical Memory: 196.70 MB used, 196.70 MB peak
[2017.07.03-12.15.20:117][  0]LogMemory: Process Virtual Memory: 198.92 MB used, 198.92 MB peak
[2017.07.03-12.15.20:117][  0]LogMemory: Physical Memory: 11271.74 MB used, 32684.15 MB total
[2017.07.03-12.15.20:117][  0]LogMemory: Virtual Memory: 538.89 MB used, 8388608.00 MB total
[2017.07.03-12.15.20:220][  0]LogTextLocalizationManager: No specific translations for ('en-GB') exist, so ('en') translations will be used.
[2017.07.03-12.15.20:694][  0]LogD3D11RHI: D3D11 adapters:
[2017.07.03-12.15.20:716][  0]LogD3D11RHI:    0. 'NVIDIA Quadro M4000' (Feature Level 11_0)
[2017.07.03-12.15.20:716][  0]LogD3D11RHI:       8092/0/16086 MB DedicatedVideo/DedicatedSystem/SharedSystem, Outputs:1, VendorId:0x10de
[2017.07.03-12.15.20:716][  0]LogD3D11RHI: Chosen D3D11 Adapter: 0
[2017.07.03-12.15.20:738][  0]LogD3D11RHI: Creating new Direct3DDevice
[2017.07.03-12.15.20:739][  0]LogD3D11RHI:     GPU DeviceId: 0x13f1 (for the marketing name, search the web for "GPU Device Id")
[2017.07.03-12.15.20:739][  0]LogWindows: EnumDisplayDevices:
[2017.07.03-12.15.20:741][  0]LogWindows:    0. 'NVIDIA Quadro M4000' (P:1 D:1)
[2017.07.03-12.15.20:743][  0]LogWindows:    1. 'NVIDIA Quadro M4000' (P:0 D:0)
[2017.07.03-12.15.20:743][  0]LogWindows:    2. 'NVIDIA Quadro M4000' (P:0 D:0)
[2017.07.03-12.15.20:744][  0]LogWindows:    3. 'NVIDIA Quadro M4000' (P:0 D:0)
[2017.07.03-12.15.20:745][  0]LogWindows:    4. 'RDPDD Chained DD' (P:0 D:0)
[2017.07.03-12.15.20:746][  0]LogWindows:    5. 'RDP Encoder Mirror Driver' (P:0 D:0)
[2017.07.03-12.15.20:747][  0]LogWindows:    6. 'RDP Reflector Display Driver' (P:0 D:0)
[2017.07.03-12.15.20:747][  0]LogWindows: DebugString: GetVideoDriverDetailsInvalid PrimaryIsNotTheChoosenAdapter GetVideoDriverDetailsInvalid PrimaryIsNotTheChoosenAdapter GetVideoDriverDetailsInvalid PrimaryIsNotTheChoosenAdapter FoundDriverCount:4 
[2017.07.03-12.15.20:747][  0]LogD3D11RHI:     Adapter Name: NVIDIA Quadro M4000
[2017.07.03-12.15.20:747][  0]LogD3D11RHI:   Driver Version: 362.13 (internal:10.18.13.6213, unified:362.13)
[2017.07.03-12.15.20:747][  0]LogD3D11RHI:      Driver Date: 3-18-2016
[2017.07.03-12.15.20:747][  0]LogRHI: Texture pool is 1361 MB (70% of 1945 MB)
[2017.07.03-12.15.20:758][  0]LogD3D11RHI: Async texture creation enabled
[2017.07.03-12.15.20:776][  0]LogD3D11RHI: GPU Timing Frequency: 1000.000000 (Debug: 2 2)
[2017.07.03-12.15.20:777][  0]LogShaderCompilers: Guid format shader working directory is -29 characters bigger than the processId version (../../../../../../Users/i7230020.STUDENT.000/Documents/GitHub/MastersProject/Ava/Intermediate/Shaders/WorkingDirectory/109024/).
[2017.07.03-12.15.20:777][  0]LogShaderCompilers: Cleaned the shader compiler working directory 'C:/Users/I72300~1.000/AppData/Local/Temp/UnrealShaderWorkingDir/F2CB6CDD46539510ADF6269A775EBF22/'.
[2017.07.03-12.15.20:777][  0]LogShaderCompilers:Display: Using Local Shader Compiler.
[2017.07.03-12.15.22:434][  0]LogTemp:Display: Loaded TP AllDesktopTargetPlatform
[2017.07.03-12.15.22:444][  0]LogTemp:Display: Loaded TP WindowsClientTargetPlatform
[2017.07.03-12.15.22:453][  0]LogTemp:Display: Loaded TP WindowsNoEditorTargetPlatform
[2017.07.03-12.15.22:461][  0]LogTemp:Display: Loaded TP WindowsServerTargetPlatform
[2017.07.03-12.15.22:470][  0]LogTemp:Display: Loaded TP WindowsTargetPlatform
[2017.07.03-12.15.22:478][  0]LogTemp:Display: Loaded TP AndroidTargetPlatform
[2017.07.03-12.15.22:485][  0]LogTemp:Display: Loaded TP Android_ASTCTargetPlatform
[2017.07.03-12.15.22:493][  0]LogTemp:Display: Loaded TP Android_ATCTargetPlatform
[2017.07.03-12.15.22:500][  0]LogTemp:Display: Loaded TP Android_DXTTargetPlatform
[2017.07.03-12.15.22:508][  0]LogTemp:Display: Loaded TP Android_ETC1TargetPlatform
[2017.07.03-12.15.22:516][  0]LogTemp:Display: Loaded TP Android_ETC2TargetPlatform
[2017.07.03-12.15.22:531][  0]LogTemp:Display: Loaded TP Android_MultiTargetPlatform
[2017.07.03-12.15.22:531][  0]LogTemp:Display: Loaded TP Android_PVRTCTargetPlatform
[2017.07.03-12.15.22:532][  0]LogTemp:Display: Loaded TP HTML5TargetPlatform
[2017.07.03-12.15.22:553][  0]LogTemp:Display: Loaded TP IOSTargetPlatform
[2017.07.03-12.15.22:573][  0]LogTemp:Display: Loaded TP TVOSTargetPlatform
[2017.07.03-12.15.22:587][  0]LogTemp:Display: Loaded TP LinuxNoEditorTargetPlatform
[2017.07.03-12.15.22:601][  0]LogTemp:Display: Loaded TP LinuxServerTargetPlatform
[2017.07.03-12.15.22:613][  0]LogTemp:Display: Loaded TP LinuxTargetPlatform
[2017.07.03-12.15.22:613][  0]LogTargetPlatformManager:Display: Building Assets For Windows
[2017.07.03-12.15.22:732][  0]LogDerivedDataCache:Display: Max Cache Size: 512 MB
[2017.07.03-12.15.22:780][  0]LogDerivedDataCache: Loaded boot cache 0.05s 49MB C:/Users/i7230020.STUDENT.000/AppData/Local/UnrealEngine/4.12/DerivedDataCache/Boot.ddc.
[2017.07.03-12.15.22:780][  0]LogDerivedDataCache:Display: Loaded Boot cache: C:/Users/i7230020.STUDENT.000/AppData/Local/UnrealEngine/4.12/DerivedDataCache/Boot.ddc
[2017.07.03-12.15.22:780][  0]LogDerivedDataCache: FDerivedDataBackendGraph:  Pak pak cache file ../../../../../../Users/i7230020.STUDENT.000/Documents/GitHub/MastersProject/Ava/DerivedDataCache/DDC.ddp not found, will not use a pak cache.
[2017.07.03-12.15.22:780][  0]LogDerivedDataCache: Unable to find inner node Pak for hierarchical cache Hierarchy.
[2017.07.03-12.15.22:780][  0]LogDerivedDataCache: FDerivedDataBackendGraph:  CompressedPak pak cache file ../../../../../../Users/i7230020.STUDENT.000/Documents/GitHub/MastersProject/Ava/DerivedDataCache/Compressed.ddp not found, will not use a pak cache.
[2017.07.03-12.15.22:780][  0]LogDerivedDataCache: Unable to find inner node CompressedPak for hierarchical cache Hierarchy.
[2017.07.03-12.15.22:795][  0]LogDerivedDataCache:Display: Pak cache opened for reading ../../../Engine/DerivedDataCache/Compressed.ddp.
[2017.07.03-12.15.22:807][  0]LogDerivedDataCache: Using Local data cache path C:/Users/i7230020.STUDENT.000/AppData/Local/UnrealEngine/Common/DerivedDataCache: Writable
[2017.07.03-12.15.23:225][  0]LogInit: Selected Device Profile: [Windows]
[2017.07.03-12.15.23:226][  0]LogContentStreaming: Texture pool size is 0.00 MB
[2017.07.03-12.15.23:410][  0]LogMeshUtilities: No automatic mesh reduction module available
[2017.07.03-12.15.23:410][  0]LogMeshUtilities: No automatic mesh merging module available
[2017.07.03-12.15.23:410][  0]LogMeshUtilities: No distributed automatic mesh merging module available
[2017.07.03-12.15.23:760][  0]LogAssetRegistry: FAssetRegistry took 0.0199 seconds to start up
[2017.07.03-12.15.23:877][  0]LogPackageLocalizationCache: Processed 4 localized package path(s) for 2 prioritized culture(s) in 0.112891 seconds
[2017.07.03-12.15.23:880][  0]LogUObjectArray: 28739 objects as part of root set at end of initial load.
[2017.07.03-12.15.23:880][  0]LogUObjectAllocator: 5855624 out of 0 bytes used by permanent object pool.
[2017.07.03-12.15.23:880][  0]LogUObjectArray: CloseDisregardForGC: 0/0 objects in disregard for GC pool
[2017.07.03-12.15.23:887][  0]LogInit: WinSock: version 1.1 (2.2), MaxSocks=32767, MaxUdp=65467
[2017.07.03-12.15.24:080][  0]LogSlate: SlateFontCache - WITH_FREETYPE: 1, WITH_HARFBUZZ: 1
[2017.07.03-12.15.24:080][  0]LogSlate: SlateFontCache - WITH_FREETYPE: 1, WITH_HARFBUZZ: 1
[2017.07.03-12.15.24:958][  0]LogUdpMessaging: Initializing bridge on interface 0.0.0.0:0 to multicast group 230.0.0.1:6666.
[2017.07.03-12.15.25:053][  0]LogStats: FPlatformStackWalk::StackWalkAndDump -  0.015 s
[2017.07.03-12.15.25:053][  0]LogOutputDevice:Warning: [2017.07.03-12.15.25:054][  0]LogStats:                SubmitErrorReport -  0.000 s
[2017.07.03-12.15.25:444][  0]LogStats:                    SendNewReport -  0.390 s
[2017.07.03-12.15.25:444][  0]LogStats:             FDebug::EnsureFailed -  0.405 s
[2017.07.03-12.15.25:652][  0]SourceControl: Info Source control is disabled
[2017.07.03-12.15.25:659][  0]SourceControl: Info Source control is disabled
[2017.07.03-12.15.25:675][  0]SourceControl: Info Source control is disabled
[2017.07.03-12.15.25:689][  0]SourceControl: Info Source control is disabled
[2017.07.03-12.15.25:783][  0]LogLinker:Warning: Can't find file '/Game/FirstPersonCPP/FirstPersonOverview'
[2017.07.03-12.15.25:783][  0]LogLinker:Warning: Can't find file '/Game/FirstPersonCPP/FirstPersonOverview'
[2017.07.03-12.15.25:783][  0]LogUObjectGlobals:Warning: Failed to find object 'Class /Game/FirstPersonCPP/FirstPersonOverview.FirstPersonOverview_C'
[2017.07.03-12.15.25:859][  0]LogHoudiniEngine: Starting the Houdini Engine module.
[2017.07.03-12.15.25:860][  0]LogHoudiniEngine: Loaded libHAPIL.dll from Registry path C:\Program Files\Side Effects Software\Houdini 15.5.632/bin
[2017.07.03-12.15.25:861][  0]LogLinker:Warning: Asset '../../../Engine/Plugins/Runtime/HoudiniEngine/Content/houdini_logo.uasset' has been saved with empty engine version. The asset will be loaded but may be incompatible.
[2017.07.03-12.15.25:864][  0]LogLinker:Warning: Asset '../../../Engine/Plugins/Runtime/HoudiniEngine/Content/houdini_default_material.uasset' has been saved with empty engine version. The asset will be loaded but may be incompatible.
[2017.07.03-12.15.25:872][  0]LogLinker:Warning: Asset '../../../Engine/Plugins/Runtime/HoudiniEngine/Content/houdini_bgeo_import.uasset' has been saved with empty engine version. The asset will be loaded but may be incompatible.
[2017.07.03-12.15.27:131][  0]LogHoudiniEngine: Successfully initialized the Houdini Engine API module.
[2017.07.03-12.15.27:335][  0]LogEngine: Initializing Engine...
[2017.07.03-12.15.27:337][  0]LogHMD: SteamVR failed to initialize.  Err: 110
[2017.07.03-12.15.27:338][  0]LogHMD: SteamVR failed to initialize.  Err: 110
[2017.07.03-12.15.27:494][  0]LogAIModule: Creating AISystem for world NewWorld
[2017.07.03-12.15.27:500][  0]LogInit: XAudio2 using 'Speakers (Realtek High Definition Audio)' : 2 channels at 48 kHz using 32 bits per sample (channel mask 0x3)
[2017.07.03-12.15.27:515][  0]LogInit: FAudioDevice initialized.
[2017.07.03-12.15.27:544][  0]LogDerivedDataCache: Saved boot cache 0.03s 49MB C:/Users/i7230020.STUDENT.000/AppData/Local/UnrealEngine/4.12/DerivedDataCache/Boot.ddc.
[2017.07.03-12.15.27:550][  0]LogInit: Texture streaming: Enabled
[2017.07.03-12.15.27:578][  0]LogInit: Transaction tracking system initialized
[2017.07.03-12.15.27:615][  0]BlueprintLog: New page: Editor Load
[2017.07.03-12.15.27:692][  0]LocalizationService: Info Localization service is disabled
[2017.07.03-12.15.27:824][  0]LogConsoleResponse:Display: 
[2017.07.03-12.15.27:949][  0]LogCook:Display: Max memory allowance for cook 8192mb
[2017.07.03-12.15.27:949][  0]LogCook:Display: Mobile HDR setting 1
[2017.07.03-12.15.28:054][  0]LogFileCache: Scanning file cache for directory 'C:/Users/i7230020.STUDENT.000/Documents/GitHub/MastersProject/Ava/Content/' took 0.02s
[2017.07.03-12.15.28:054][  0]LogHoudiniEngineEditor: Starting the Houdini Engine Editor module.
[2017.07.03-12.15.28:124][  0]SourceControl: Info Source control is disabled
[2017.07.03-12.15.28:124][  0]Cmd: MAP LOAD FILE="../../../../../../Users/i7230020.STUDENT.000/Documents/GitHub/MastersProject/Ava/Content/Ava/Maps/MainMenu.umap" TEMPLATE=0 SHOWPROGRESS=1 FEATURELEVEL=3
[2017.07.03-12.15.28:126][  0]LightingResults: New page: Lighting Build
[2017.07.03-12.15.28:132][  0]MapCheck: New page: Map Check
[2017.07.03-12.15.28:132][  0]LightingResults: New page: Lighting Build
[2017.07.03-12.15.28:258][  0]LogAIModule: Creating AISystem for world MainMenu
[2017.07.03-12.15.28:259][  0]LogEditorServer: Finished looking for orphan Actors (0.000 secs)
[2017.07.03-12.15.28:259][  0]Cmd: MAP CHECKDEP NOCLEARLOG
[2017.07.03-12.15.28:338][  0]MapCheck: Info Map check complete: 0 Error(s), 0 Warning(s), took 77.975ms to complete.
[2017.07.03-12.15.28:338][  0]LogFileHelpers: Loading map 'MainMenu' took 0.213
[2017.07.03-12.15.28:464][  0]LogCollectionManager: Loaded 0 collections in 0.001709 seconds
[2017.07.03-12.15.28:504][  0]LogFileCache: Scanning file cache for directory 'C:/Users/i7230020.STUDENT.000/Documents/GitHub/MastersProject/Ava/Saved/Collections/' took 0.01s
[2017.07.03-12.15.28:504][  0]LogFileCache: Scanning file cache for directory 'C:/Users/i7230020.STUDENT.000/Documents/GitHub/MastersProject/Ava/Content/Developers/i7230020/Collections/' took 0.01s
[2017.07.03-12.15.28:504][  0]LogFileCache: Scanning file cache for directory 'C:/Users/i7230020.STUDENT.000/Documents/GitHub/MastersProject/Ava/Content/Collections/' took 0.01s
[2017.07.03-12.15.28:504][  0]LogCollectionManager: Rebuilt the GUID cache for 0 collections in 0.000002 seconds
[2017.07.03-12.15.28:514][  0]LogContentBrowser: Native class hierarchy populated in 0.0093 seconds. Added 2095 classes and 376 folders.
[2017.07.03-12.15.28:517][  0]LogStats: UGameplayTagsManager::ConstructGameplayTagTree: Construct from data asset -  0.000 s
[2017.07.03-12.15.28:517][  0]LogStats: UGameplayTagsManager::ConstructGameplayTagTree: GameplayTagTreeChangedEvent.Broadcast -  0.000 s
[2017.07.03-12.15.28:520][  0]LogContentBrowser: Native class hierarchy updated for 'GameplayTags' in 0.0027 seconds. Added 12 classes and 0 folders.
[2017.07.03-12.15.28:526][  0]LogContentBrowser: Native class hierarchy updated for 'WidgetCarousel' in 0.0026 seconds. Added 0 classes and 0 folders.
[2017.07.03-12.15.28:608][  0]LogContentBrowser: Native class hierarchy updated for 'AddContentDialog' in 0.0027 seconds. Added 0 classes and 0 folders.
[2017.07.03-12.15.28:614][  0]LogContentBrowser: Native class hierarchy updated for 'SceneOutliner' in 0.0026 seconds. Added 1 classes and 2 folders.
[2017.07.03-12.15.28:626][  0]LogCrashTracker: Crashtracker disabled due to settings.
[2017.07.03-12.15.28:632][  0]LogUObjectGlobals:Warning: Failed to find object 'Class None.'
[2017.07.03-12.15.28:663][  0]LogContentBrowser: Native class hierarchy updated for 'HierarchicalLODOutliner' in 0.0028 seconds. Added 1 classes and 2 folders.
[2017.07.03-12.15.28:663][  0]LogLoad: Full Startup: 11.48 seconds (BP compile: 0.02 seconds)
[2017.07.03-12.15.28:663][  0]LogExternalProfiler: Found external profiler: VSPerf
[2017.07.03-12.15.28:663][  0]LogExternalProfiler: Using external profiler: VSPerf
[2017.07.03-12.15.28:675][  0]LogOcInput: OculusInput pre-init called
[2017.07.03-12.15.28:694][  0]LogContentStreaming: Texture pool size now 1000 MB
[2017.07.03-12.15.28:877][  0]LogRenderer: Reallocating scene render targets to support 1616x592 (Frame:2).
[2017.07.03-12.15.28:954][  1]LogAssetRegistry: Asset discovery search completed in 5.2132 seconds
[2017.07.03-12.15.28:954][  1]LogCollectionManager: Rebuilt the object cache for 0 collections in 0.000001 seconds (found 0 objects)
[2017.07.03-12.15.28:954][  1]LogCollectionManager: Fixed up redirectors for 0 collections in 0.000019 seconds (updated 0 objects)
[2017.07.03-12.15.31:483][190]LogBlueprint:Warning: Compiler Warning InputAction Event references unknown Action 'Crouch' for  InputAction Crouch 
[2017.07.03-12.15.31:485][190]LogBlueprint:Warning: Compiler Warning [0014.31] Compile of Ue4ASP_Character successful, but with 1 Warning(s) [in 8 ms] (/Game/AnimStarterPack/Ue4ASP_Character.Ue4ASP_Character)
[2017.07.03-12.15.31:485][190]LogBlueprint:Warning: Compiler Warning [0014.31] Compile of Ue4ASP_Character successful, but with 2 Warning(s) [in 0 ms] (/Game/AnimStarterPack/Ue4ASP_Character.Ue4ASP_Character)
[2017.07.03-12.15.31:485][190]LogBlueprint:Warning: Compiler Warning [0014.31] Compile of Ue4ASP_Character successful, but with 3 Warning(s) [in 0 ms] (/Game/AnimStarterPack/Ue4ASP_Character.Ue4ASP_Character)
[2017.07.03-12.15.31:569][190]LogBlueprint:Warning: Compiler Warning InputAction Event references unknown Action 'Crouch' for  InputAction Crouch 
[2017.07.03-12.15.31:572][190]LogBlueprint:Warning: Compiler Warning [0014.39] Compile of Ue4ASP_Character successful, but with 1 Warning(s) [in 8 ms] (/Game/AnimStarterPack/Ue4ASP_Character.Ue4ASP_Character)
[2017.07.03-12.15.31:572][190]LogBlueprint:Warning: Compiler Warning [0014.39] Compile of Ue4ASP_Character successful, but with 2 Warning(s) [in 0 ms] (/Game/AnimStarterPack/Ue4ASP_Character.Ue4ASP_Character)
[2017.07.03-12.15.31:573][190]LogBlueprint:Warning: Compiler Warning [0014.39] Compile of Ue4ASP_Character successful, but with 3 Warning(s) [in 0 ms] (/Game/AnimStarterPack/Ue4ASP_Character.Ue4ASP_Character)
[2017.07.03-12.15.32:167][190]LogMaterial: Missing cached shader map for material M_Basic_Wall, compiling. 
[2017.07.03-12.15.32:168][190]LogMaterial:Warning: Failed to compile Material /Game/StarterContent/Materials/M_Basic_Wall.M_Basic_Wall for platform PCD3D_SM5, Default Material will be used in game.
[2017.07.03-12.15.32:168][190]LogMaterial:Warning: 	(Node TextureSample) TextureSample> Missing input texture
[2017.07.03-12.15.32:286][190]LogAIModule: Creating AISystem for world PalaceLevel
[2017.07.03-12.15.32:355][190]Cmd: MAP LOAD FILE="../../../../../../Users/i7230020.STUDENT.000/Documents/GitHub/MastersProject/Ava/Content/Ava/Maps/PalaceLevel.umap" TEMPLATE=0 SHOWPROGRESS=1 FEATURELEVEL=3
[2017.07.03-12.15.32:356][190]LightingResults: New page: Lighting Build
[2017.07.03-12.15.32:356][190]LoadErrors: New page: Loading map: PalaceLevel.umap
[2017.07.03-12.15.32:357][190]MapCheck: New page: Map Check
[2017.07.03-12.15.32:357][190]LightingResults: New page: Lighting Build
[2017.07.03-12.15.32:395][190]LogEditorServer: Finished looking for orphan Actors (0.000 secs)
[2017.07.03-12.15.32:425][190]Cmd: MAP CHECKDEP NOCLEARLOG
[2017.07.03-12.15.32:543][190]MapCheck: Info Map check complete: 0 Error(s), 0 Warning(s), took 118.103ms to complete.
[2017.07.03-12.15.32:544][190]LogFileHelpers: Loading map 'PalaceLevel' took 0.190
[2017.07.03-12.15.43:901][256]LogFactory: FactoryCreateFile: MediaPlayer with MediaPlayerFactory (0 0 W:\University Work\Masters\MastersProject\UnrealLogo\UnrealLogo.mp4)
[2017.07.03-12.15.46:759][325]LogSavePackage: Save=5.28ms
[2017.07.03-12.15.46:759][325]LogSavePackage: Moving '../../../../../../Users/i7230020.STUDENT.000/Documents/GitHub/MastersProject/Ava/Saved/UnrealLogo741608224D14A0E2735BFBB3EA0312FD.tmp' to '../../../../../../Users/i7230020.STUDENT.000/Documents/GitHub/MastersProject/Ava/Content/TemporaryContent/UnrealLogo.uasset'
[2017.07.03-12.15.46:782][325]LogSavePackage:Display: Finished SavePackage ../../../../../../Users/i7230020.STUDENT.000/Documents/GitHub/MastersProject/Ava/Content/TemporaryContent/UnrealLogo.uasset
[2017.07.03-12.15.58:814][634]LogContentBrowser: Native class hierarchy updated for 'BlueprintGraph' in 0.0079 seconds. Added 111 classes and 0 folders.
[2017.07.03-12.16.06:643][879]LogSavePackage: Save=10.56ms
[2017.07.03-12.16.06:643][879]LogSavePackage: Moving '../../../../../../Users/i7230020.STUDENT.000/Documents/GitHub/MastersProject/Ava/Saved/PlayVideo1B9CB8304C78E9812E0C2EB54BF879A2.tmp' to '../../../../../../Users/i7230020.STUDENT.000/Documents/GitHub/MastersProject/Ava/Content/TemporaryContent/PlayVideo.uasset'
[2017.07.03-12.16.06:656][879]LogSavePackage:Display: Finished SavePackage ../../../../../../Users/i7230020.STUDENT.000/Documents/GitHub/MastersProject/Ava/Content/TemporaryContent/PlayVideo.uasset
[2017.07.03-12.16.07:440][898]BlueprintLog: New page: Compile PlayVideo
[2017.07.03-12.16.07:583][898]BlueprintEditorCompileResults: Info [0050.40] Compile of PlayVideo successful! [in 143 ms] (/Game/TemporaryContent/PlayVideo.PlayVideo)
[2017.07.03-12.16.08:034][907]LogSavePackage: Save=11.49ms
[2017.07.03-12.16.08:034][907]LogSavePackage: Moving '../../../../../../Users/i7230020.STUDENT.000/Documents/GitHub/MastersProject/Ava/Saved/PlayVideoDF92B7FD4DEECEAD2E8BAF8CA1415AB8.tmp' to '../../../../../../Users/i7230020.STUDENT.000/Documents/GitHub/MastersProject/Ava/Content/TemporaryContent/PlayVideo.uasset'
[2017.07.03-12.16.08:042][907]LogSavePackage:Display: Finished SavePackage ../../../../../../Users/i7230020.STUDENT.000/Documents/GitHub/MastersProject/Ava/Content/TemporaryContent/PlayVideo.uasset
[2017.07.03-12.21.35:534][550]Cmd: OBJ SAVEPACKAGE PACKAGE="/Game/Ava/CutScenes" FILE="../../../../../../Users/i7230020.STUDENT.000/Documents/GitHub/MastersProject/Ava/Content/Ava/CutScenes.uasset" SILENT=true
[2017.07.03-12.21.35:544][550]LogSavePackage: Save=6.70ms
[2017.07.03-12.21.35:544][550]LogSavePackage: Moving '../../../../../../Users/i7230020.STUDENT.000/Documents/GitHub/MastersProject/Ava/Saved/CutScenes117BFDC2406D6AFA50BB62A143C614FE.tmp' to '../../../../../../Users/i7230020.STUDENT.000/Documents/GitHub/MastersProject/Ava/Content/Ava/CutScenes.uasset'
[2017.07.03-12.21.35:555][550]LogSavePackage:Display: Finished SavePackage ../../../../../../Users/i7230020.STUDENT.000/Documents/GitHub/MastersProject/Ava/Content/Ava/CutScenes.uasset
[2017.07.03-12.28.06:435][773]LogFileHelpers: Editor autosave (incl. sublevels) for '/Game/Ava/Maps/PalaceLevel' took 0.026
[2017.07.03-12.28.06:438][773]OBJ SavePackage: Generating thumbnails for [0] asset(s) in package [/Game/Ava/CutSceneStruct] ([1] browsable assets)...
[2017.07.03-12.28.06:438][773]OBJ SavePackage: Finished generating thumbnails for package [/Game/Ava/CutSceneStruct]
[2017.07.03-12.28.06:444][773]LogSavePackage: Save=3.05ms
[2017.07.03-12.28.06:444][773]LogSavePackage: Moving '../../../../../../Users/i7230020.STUDENT.000/Documents/GitHub/MastersProject/Ava/Saved/CutSceneStruct_Auto168B506EA40E81E14940041A83177BEDA.tmp' to '../../../../../../Users/i7230020.STUDENT.000/Documents/GitHub/MastersProject/Ava/Saved/Autosaves/Game/Ava/CutSceneStruct_Auto1.uasset'
[2017.07.03-12.28.06:451][773]LogSavePackage:Display: Finished SavePackage ../../../../../../Users/i7230020.STUDENT.000/Documents/GitHub/MastersProject/Ava/Saved/Autosaves/Game/Ava/CutSceneStruct_Auto1.uasset
[2017.07.03-12.28.06:451][773]LogFileHelpers: Auto-saving content packages took 0.015
[2017.07.03-12.34.43:781][537]LogWindows: Windows GetLastError: The operation completed successfully. (0)
[2017.07.03-12.34.44:668][537]LogCrashTracker: 


[2017.07.03-12.34.44:668][537]LogCrashTracker: 


[2017.07.03-12.34.44:668][537]LogWindows:Error: === Critical error: ===
Assertion failed: UnscaledViewRect.Width() > 0 [File:D:\Build\++UE4+Release-4.12+Compile\Sync\Engine\Source\Runtime\Engine\Private\SceneView.cpp] [Line: 427] 





[2017.07.03-12.34.44:690][537]LogExit: Executing StaticShutdownAfterError
[2017.07.03-12.34.44:696][537]LogWindows: FPlatformMisc::RequestExit(1)
[2017.07.03-12.34.44:696][537]Log file closed, 07/03/17 13:34:44
