Log file open, 07/20/17 17:35:25
LogInit:Display: Running engine for game: Ava
LogPlatformFile: Not using cached read wrapper
LogInit:Display: RandInit(1425624670) SRandInit(1425624674).
LogTaskGraph: Started task graph with 4 named threads and 9 total threads with 1 sets of task threads.
LogStats: Stats thread started at 0.133310
LogInit: Version: 4.12.5-3039270+++UE4+Release-4.12
LogInit: API Version: 2992821
LogInit: Net Version: 3039270
LogDevObjectVersion: Number of dev versions registered: 13
LogDevObjectVersion:   Dev-Blueprints (B0D832E4-1F89-4F0D-ACCF-7EB736FD4AA2): 3
LogDevObjectVersion:   Dev-Build (E1C64328-A22C-4D53-A36C-8E866417BD8C): 0
LogDevObjectVersion:   Dev-Core (375EC13C-06E4-48FB-B500-84F0262A717E): 1
LogDevObjectVersion:   Dev-Editor (E4B068ED-F494-42E9-A231-DA0B2E46BB41): 2
LogDevObjectVersion:   Dev-Framework (CFFC743F-43B0-4480-9391-14DF171D2073): 6
LogDevObjectVersion:   Dev-Mobile (B02B49B5-BB20-44E9-A304-32B752E40360): 0
LogDevObjectVersion:   Dev-Networking (A4E4105C-59A1-49B5-A7C5-40C4547EDFEE): 0
LogDevObjectVersion:   Dev-Online (39C831C9-5AE6-47DC-9A44-9C173E1C8E7C): 0
LogDevObjectVersion:   Dev-Physics (78F01B33-EBEA-4F98-B9B4-84EACCB95AA2): 0
LogDevObjectVersion:   Dev-Platform (6631380F-2D4D-43E0-8009-CF276956A95A): 0
LogDevObjectVersion:   Dev-Rendering (12F88B9F-8875-4AFC-A67C-D90C383ABD29): 2
LogDevObjectVersion:   Dev-Sequencer (7B5AE74C-D270-4C10-A958-57980B212A5A): 0
LogDevObjectVersion:   Dev-VR (D7296918-1DD6-4BDD-9DE2-64A83CC13884): 0
LogInit: Compiled (64-bit): Jul  6 2016 09:09:46
LogInit: Compiled with Visual C++: 19.00.23026.00
LogInit: Build Configuration: Development
LogInit: Branch Name: ++UE4+Release-4.12
LogInit: Command line:  
LogInit: Base directory: C:/Program Files/Epic Games/4.12/Engine/Binaries/Win64/
LogInit: Installed Engine Build: 1
LogInit: Using libcurl 7.41.0
LogInit:  - built for x86_64-pc-win32
LogInit:  - supports SSL with WinSSL
LogInit:  - other features:
LogInit:      CURL_VERSION_SSL
LogInit:      CURL_VERSION_IPV6
LogInit:      CURL_VERSION_ASYNCHDNS
LogInit:      CURL_VERSION_LARGEFILE
LogInit:      CURL_VERSION_IDN
LogInit:  CurlRequestOptions (configurable via config and command line):
LogInit:  - bVerifyPeer = true  - Libcurl will verify peer certificate
LogInit:  - bUseHttpProxy = false  - Libcurl will NOT use HTTP proxy
LogInit:  - bDontReuseConnections = false  - Libcurl will reuse connections
LogInit:  - CertBundlePath = nullptr  - Libcurl will use whatever was configured at build time.
LogInit: Presizing for max 8388607 objects, including 0 objects not considered by GC, pre-allocating 0 bytes for permanent pool.
LogInit: Object subsystem initialized
[2017.07.20-16.35.25:861][  0]LogInit: Selected Device Profile: [Windows]
[2017.07.20-16.35.25:861][  0]LogInit: Applying CVar settings loaded from the selected device profile: [Windows]
[2017.07.20-16.35.25:870][  0]LogInit: Computer: PC42640
[2017.07.20-16.35.25:870][  0]LogInit: User: i7230020
[2017.07.20-16.35.25:870][  0]LogInit: CPU Page size=65536, Cores=6
[2017.07.20-16.35.25:870][  0]LogInit: High frequency timer resolution =3.410097 MHz
[2017.07.20-16.35.25:870][  0]LogMemory: Memory total: Physical=31.9GB (32GB approx)
[2017.07.20-16.35.25:870][  0]LogMemory: Platform Memory Stats for Windows
[2017.07.20-16.35.25:870][  0]LogMemory: Process Physical Memory: 196.35 MB used, 196.35 MB peak
[2017.07.20-16.35.25:870][  0]LogMemory: Process Virtual Memory: 199.07 MB used, 199.07 MB peak
[2017.07.20-16.35.25:870][  0]LogMemory: Physical Memory: 11867.26 MB used, 32684.15 MB total
[2017.07.20-16.35.25:870][  0]LogMemory: Virtual Memory: 539.58 MB used, 8388608.00 MB total
[2017.07.20-16.35.25:930][  0]LogTextLocalizationManager: No specific translations for ('en-GB') exist, so ('en') translations will be used.
[2017.07.20-16.35.26:318][  0]LogD3D11RHI: D3D11 adapters:
[2017.07.20-16.35.26:344][  0]LogD3D11RHI:    0. 'NVIDIA Quadro M4000' (Feature Level 11_0)
[2017.07.20-16.35.26:344][  0]LogD3D11RHI:       8092/0/16086 MB DedicatedVideo/DedicatedSystem/SharedSystem, Outputs:1, VendorId:0x10de
[2017.07.20-16.35.26:344][  0]LogD3D11RHI: Chosen D3D11 Adapter: 0
[2017.07.20-16.35.26:356][  0]LogD3D11RHI: Creating new Direct3DDevice
[2017.07.20-16.35.26:357][  0]LogD3D11RHI:     GPU DeviceId: 0x13f1 (for the marketing name, search the web for "GPU Device Id")
[2017.07.20-16.35.26:357][  0]LogWindows: EnumDisplayDevices:
[2017.07.20-16.35.26:357][  0]LogWindows:    0. 'NVIDIA Quadro M4000' (P:1 D:1)
[2017.07.20-16.35.26:358][  0]LogWindows:    1. 'NVIDIA Quadro M4000' (P:0 D:0)
[2017.07.20-16.35.26:360][  0]LogWindows:    2. 'NVIDIA Quadro M4000' (P:0 D:0)
[2017.07.20-16.35.26:361][  0]LogWindows:    3. 'NVIDIA Quadro M4000' (P:0 D:0)
[2017.07.20-16.35.26:361][  0]LogWindows:    4. 'RDPDD Chained DD' (P:0 D:0)
[2017.07.20-16.35.26:362][  0]LogWindows:    5. 'RDP Encoder Mirror Driver' (P:0 D:0)
[2017.07.20-16.35.26:362][  0]LogWindows:    6. 'RDP Reflector Display Driver' (P:0 D:0)
[2017.07.20-16.35.26:363][  0]LogWindows: DebugString: GetVideoDriverDetailsInvalid PrimaryIsNotTheChoosenAdapter GetVideoDriverDetailsInvalid PrimaryIsNotTheChoosenAdapter GetVideoDriverDetailsInvalid PrimaryIsNotTheChoosenAdapter FoundDriverCount:4 
[2017.07.20-16.35.26:363][  0]LogD3D11RHI:     Adapter Name: NVIDIA Quadro M4000
[2017.07.20-16.35.26:363][  0]LogD3D11RHI:   Driver Version: 362.13 (internal:10.18.13.6213, unified:362.13)
[2017.07.20-16.35.26:363][  0]LogD3D11RHI:      Driver Date: 3-18-2016
[2017.07.20-16.35.26:363][  0]LogRHI: Texture pool is 1361 MB (70% of 1945 MB)
[2017.07.20-16.35.26:374][  0]LogD3D11RHI: Async texture creation enabled
[2017.07.20-16.35.26:394][  0]LogD3D11RHI: GPU Timing Frequency: 1000.000000 (Debug: 2 2)
[2017.07.20-16.35.26:394][  0]LogShaderCompilers: Guid format shader working directory is -8 characters bigger than the processId version (W:/University Work/Masters/MastersProject/MastersProject/Ava/Intermediate/Shaders/WorkingDirectory/49372/).
[2017.07.20-16.35.26:394][  0]LogShaderCompilers: Cleaned the shader compiler working directory 'C:/Users/I72300~1.000/AppData/Local/Temp/UnrealShaderWorkingDir/C4EF22D2494475C9D024AD9ACE6AC615/'.
[2017.07.20-16.35.26:394][  0]LogShaderCompilers:Display: Using Local Shader Compiler.
[2017.07.20-16.35.27:452][  0]LogTemp:Display: Loaded TP AllDesktopTargetPlatform
[2017.07.20-16.35.27:461][  0]LogTemp:Display: Loaded TP WindowsClientTargetPlatform
[2017.07.20-16.35.27:469][  0]LogTemp:Display: Loaded TP WindowsNoEditorTargetPlatform
[2017.07.20-16.35.27:477][  0]LogTemp:Display: Loaded TP WindowsServerTargetPlatform
[2017.07.20-16.35.27:485][  0]LogTemp:Display: Loaded TP WindowsTargetPlatform
[2017.07.20-16.35.27:493][  0]LogTemp:Display: Loaded TP AndroidTargetPlatform
[2017.07.20-16.35.27:500][  0]LogTemp:Display: Loaded TP Android_ASTCTargetPlatform
[2017.07.20-16.35.27:507][  0]LogTemp:Display: Loaded TP Android_ATCTargetPlatform
[2017.07.20-16.35.27:514][  0]LogTemp:Display: Loaded TP Android_DXTTargetPlatform
[2017.07.20-16.35.27:521][  0]LogTemp:Display: Loaded TP Android_ETC1TargetPlatform
[2017.07.20-16.35.27:529][  0]LogTemp:Display: Loaded TP Android_ETC2TargetPlatform
[2017.07.20-16.35.27:543][  0]LogTemp:Display: Loaded TP Android_MultiTargetPlatform
[2017.07.20-16.35.27:543][  0]LogTemp:Display: Loaded TP Android_PVRTCTargetPlatform
[2017.07.20-16.35.27:544][  0]LogTemp:Display: Loaded TP HTML5TargetPlatform
[2017.07.20-16.35.27:565][  0]LogTemp:Display: Loaded TP IOSTargetPlatform
[2017.07.20-16.35.27:572][  0]LogTemp:Display: Loaded TP TVOSTargetPlatform
[2017.07.20-16.35.27:579][  0]LogTemp:Display: Loaded TP LinuxNoEditorTargetPlatform
[2017.07.20-16.35.27:586][  0]LogTemp:Display: Loaded TP LinuxServerTargetPlatform
[2017.07.20-16.35.27:593][  0]LogTemp:Display: Loaded TP LinuxTargetPlatform
[2017.07.20-16.35.27:593][  0]LogTargetPlatformManager:Display: Building Assets For Windows
[2017.07.20-16.35.27:673][  0]LogDerivedDataCache:Display: Max Cache Size: 512 MB
[2017.07.20-16.35.27:756][  0]LogDerivedDataCache: Loaded boot cache 0.08s 86MB C:/Users/i7230020.STUDENT.000/AppData/Local/UnrealEngine/4.12/DerivedDataCache/Boot.ddc.
[2017.07.20-16.35.27:756][  0]LogDerivedDataCache:Display: Loaded Boot cache: C:/Users/i7230020.STUDENT.000/AppData/Local/UnrealEngine/4.12/DerivedDataCache/Boot.ddc
[2017.07.20-16.35.27:756][  0]LogDerivedDataCache: FDerivedDataBackendGraph:  Pak pak cache file W:/University Work/Masters/MastersProject/MastersProject/Ava/DerivedDataCache/DDC.ddp not found, will not use a pak cache.
[2017.07.20-16.35.27:756][  0]LogDerivedDataCache: Unable to find inner node Pak for hierarchical cache Hierarchy.
[2017.07.20-16.35.27:756][  0]LogDerivedDataCache: FDerivedDataBackendGraph:  CompressedPak pak cache file W:/University Work/Masters/MastersProject/MastersProject/Ava/DerivedDataCache/Compressed.ddp not found, will not use a pak cache.
[2017.07.20-16.35.27:756][  0]LogDerivedDataCache: Unable to find inner node CompressedPak for hierarchical cache Hierarchy.
[2017.07.20-16.35.27:773][  0]LogDerivedDataCache:Display: Pak cache opened for reading ../../../Engine/DerivedDataCache/Compressed.ddp.
[2017.07.20-16.35.27:785][  0]LogDerivedDataCache: Using Local data cache path C:/Users/i7230020.STUDENT.000/AppData/Local/UnrealEngine/Common/DerivedDataCache: Writable
[2017.07.20-16.35.28:006][  0]LogInit: Selected Device Profile: [Windows]
[2017.07.20-16.35.28:007][  0]LogContentStreaming: Texture pool size is 0.00 MB
[2017.07.20-16.35.28:172][  0]LogMeshUtilities: No automatic mesh reduction module available
[2017.07.20-16.35.28:172][  0]LogMeshUtilities: No automatic mesh merging module available
[2017.07.20-16.35.28:172][  0]LogMeshUtilities: No distributed automatic mesh merging module available
[2017.07.20-16.35.28:404][  0]LogAssetRegistry: FAssetRegistry took 0.0201 seconds to start up
[2017.07.20-16.35.28:472][  0]LogPackageLocalizationCache: Processed 4 localized package path(s) for 2 prioritized culture(s) in 0.064430 seconds
[2017.07.20-16.35.28:479][  0]LogUObjectArray: 28739 objects as part of root set at end of initial load.
[2017.07.20-16.35.28:479][  0]LogUObjectAllocator: 5855624 out of 0 bytes used by permanent object pool.
[2017.07.20-16.35.28:479][  0]LogUObjectArray: CloseDisregardForGC: 0/0 objects in disregard for GC pool
[2017.07.20-16.35.28:485][  0]LogInit: WinSock: version 1.1 (2.2), MaxSocks=32767, MaxUdp=65467
[2017.07.20-16.35.28:673][  0]LogSlate: SlateFontCache - WITH_FREETYPE: 1, WITH_HARFBUZZ: 1
[2017.07.20-16.35.28:673][  0]LogSlate: SlateFontCache - WITH_FREETYPE: 1, WITH_HARFBUZZ: 1
[2017.07.20-16.35.29:625][  0]LogUdpMessaging: Initializing bridge on interface 0.0.0.0:0 to multicast group 230.0.0.1:6666.
[2017.07.20-16.35.29:730][  0]LogStats: FPlatformStackWalk::StackWalkAndDump -  0.029 s
[2017.07.20-16.35.29:730][  0]LogOutputDevice:Warning: === Handled error: ===

Ensure condition failed: !AttachmentRules.bWeldSimulatedBodies [File:D:\Build\++UE4+Release-4.12+Compile\Sync\Engine\Source\Runtime\Engine\Private\Components\SceneComponent.cpp] [Line: 1481]
AttachToComponent when called from a constructor cannot weld simulated bodies. Consider calling SetupAttachment directly instead.
Stack: 
UE4Editor-Core.dll
UE4Editor-Core.dll
UE4Editor-Core.dll
UE4Editor-Engine.dll
UE4Editor-Ava-302.dll
UE4Editor-CoreUObject.dll
UE4Editor-CoreUObject.dll
UE4Editor-CoreUObject.dll
UE4Editor-CoreUObject.dll
UE4Editor-Core.dll
UE4Editor-Core.dll
UE4Editor-Projects.dll
UE4Editor-Projects.dll
UE4Editor.exe
UE4Editor.exe
UE4Editor.exe
UE4Editor.exe
UE4Editor.exe
UE4Editor.exe
kernel32.dll
ntdll.dll
ntdll.dll

[2017.07.20-16.35.29:730][  0]LogStats:                SubmitErrorReport -  0.000 s
[2017.07.20-16.35.30:100][  0]LogStats:                    SendNewReport -  0.370 s
[2017.07.20-16.35.30:100][  0]LogStats:             FDebug::EnsureFailed -  0.399 s
[2017.07.20-16.35.30:314][  0]SourceControl: Info Source control is disabled
[2017.07.20-16.35.30:316][  0]SourceControl: Info Source control is disabled
[2017.07.20-16.35.30:329][  0]SourceControl: Info Source control is disabled
[2017.07.20-16.35.30:342][  0]SourceControl: Info Source control is disabled
[2017.07.20-16.35.30:510][  0]LogHoudiniEngine: Starting the Houdini Engine module.
[2017.07.20-16.35.30:511][  0]LogHoudiniEngine: Loaded libHAPIL.dll from Registry path C:\Program Files\Side Effects Software\Houdini 15.5.632/bin
[2017.07.20-16.35.30:512][  0]LogLinker:Warning: Asset '../../../Engine/Plugins/Runtime/HoudiniEngine/Content/houdini_logo.uasset' has been saved with empty engine version. The asset will be loaded but may be incompatible.
[2017.07.20-16.35.30:513][  0]LogLinker:Warning: Asset '../../../Engine/Plugins/Runtime/HoudiniEngine/Content/houdini_default_material.uasset' has been saved with empty engine version. The asset will be loaded but may be incompatible.
[2017.07.20-16.35.30:517][  0]LogLinker:Warning: Asset '../../../Engine/Plugins/Runtime/HoudiniEngine/Content/houdini_bgeo_import.uasset' has been saved with empty engine version. The asset will be loaded but may be incompatible.
[2017.07.20-16.35.31:587][  0]LogHoudiniEngine: Successfully initialized the Houdini Engine API module.
[2017.07.20-16.35.31:752][  0]LogEngine: Initializing Engine...
[2017.07.20-16.35.31:754][  0]LogHMD: SteamVR failed to initialize.  Err: 110
[2017.07.20-16.35.31:755][  0]LogHMD: SteamVR failed to initialize.  Err: 110
[2017.07.20-16.35.31:905][  0]LogAIModule: Creating AISystem for world NewWorld
[2017.07.20-16.35.31:913][  0]LogInit: XAudio2 using 'Speakers (Realtek High Definition Audio)' : 2 channels at 48 kHz using 32 bits per sample (channel mask 0x3)
[2017.07.20-16.35.31:924][  0]LogInit: FAudioDevice initialized.
[2017.07.20-16.35.31:968][  0]LogDerivedDataCache: Saved boot cache 0.04s 86MB C:/Users/i7230020.STUDENT.000/AppData/Local/UnrealEngine/4.12/DerivedDataCache/Boot.ddc.
[2017.07.20-16.35.31:975][  0]LogInit: Texture streaming: Enabled
[2017.07.20-16.35.31:999][  0]LogInit: Transaction tracking system initialized
[2017.07.20-16.35.32:020][  0]BlueprintLog: New page: Editor Load
[2017.07.20-16.35.32:086][  0]LocalizationService: Info Localization service is disabled
[2017.07.20-16.35.32:151][  0]LogConsoleResponse:Display: 
[2017.07.20-16.35.32:261][  0]LogCook:Display: Max memory allowance for cook 8192mb
[2017.07.20-16.35.32:261][  0]LogCook:Display: Mobile HDR setting 1
[2017.07.20-16.35.32:353][  0]LogFileCache: Scanning file cache for directory 'W:/University Work/Masters/MastersProject/MastersProject/Ava/Content/' took 0.02s
[2017.07.20-16.35.32:353][  0]LogHoudiniEngineEditor: Starting the Houdini Engine Editor module.
[2017.07.20-16.35.32:395][  0]SourceControl: Info Source control is disabled
[2017.07.20-16.35.32:395][  0]Cmd: MAP LOAD FILE="W:/University Work/Masters/MastersProject/MastersProject/Ava/Content/Ava/Maps/PalaceLevel.umap" TEMPLATE=0 SHOWPROGRESS=1 FEATURELEVEL=3
[2017.07.20-16.35.32:396][  0]LightingResults: New page: Lighting Build
[2017.07.20-16.35.32:399][  0]MapCheck: New page: Map Check
[2017.07.20-16.35.32:399][  0]LightingResults: New page: Lighting Build
[2017.07.20-16.35.34:277][  0]LogMaterial: Missing cached shader map for material M_Basic_Wall, compiling. 
[2017.07.20-16.35.34:278][  0]LogMaterial:Warning: Failed to compile Material /Game/StarterContent/Materials/M_Basic_Wall.M_Basic_Wall for platform PCD3D_SM5, Default Material will be used in game.
[2017.07.20-16.35.34:278][  0]LogMaterial:Warning: 	(Node TextureSample) TextureSample> Missing input texture
[2017.07.20-16.35.34:491][  0]LogAIModule: Creating AISystem for world PalaceLevel
[2017.07.20-16.35.34:521][  0]LogEditorServer: Finished looking for orphan Actors (0.000 secs)
[2017.07.20-16.35.34:522][  0]Cmd: MAP CHECKDEP NOCLEARLOG
[2017.07.20-16.35.34:620][  0]MapCheck: Info Map check complete: 0 Error(s), 0 Warning(s), took 98.288ms to complete.
[2017.07.20-16.35.34:620][  0]LogFileHelpers: Loading map 'PalaceLevel' took 2.225
[2017.07.20-16.35.34:916][  0]LogCollectionManager: Loaded 0 collections in 0.001378 seconds
[2017.07.20-16.35.34:963][  0]LogFileCache: Scanning file cache for directory 'W:/University Work/Masters/MastersProject/MastersProject/Ava/Saved/Collections/' took 0.01s
[2017.07.20-16.35.34:963][  0]LogFileCache: Scanning file cache for directory 'W:/University Work/Masters/MastersProject/MastersProject/Ava/Content/Developers/i7230020/Collections/' took 0.01s
[2017.07.20-16.35.34:963][  0]LogFileCache: Scanning file cache for directory 'W:/University Work/Masters/MastersProject/MastersProject/Ava/Content/Collections/' took 0.01s
[2017.07.20-16.35.34:963][  0]LogCollectionManager: Rebuilt the GUID cache for 0 collections in 0.000002 seconds
[2017.07.20-16.35.34:972][  0]LogContentBrowser: Native class hierarchy populated in 0.0089 seconds. Added 2099 classes and 376 folders.
[2017.07.20-16.35.34:975][  0]LogStats: UGameplayTagsManager::ConstructGameplayTagTree: Construct from data asset -  0.000 s
[2017.07.20-16.35.34:975][  0]LogStats: UGameplayTagsManager::ConstructGameplayTagTree: GameplayTagTreeChangedEvent.Broadcast -  0.000 s
[2017.07.20-16.35.34:977][  0]LogContentBrowser: Native class hierarchy updated for 'GameplayTags' in 0.0024 seconds. Added 12 classes and 0 folders.
[2017.07.20-16.35.34:983][  0]LogContentBrowser: Native class hierarchy updated for 'WidgetCarousel' in 0.0023 seconds. Added 0 classes and 0 folders.
[2017.07.20-16.35.35:059][  0]LogContentBrowser: Native class hierarchy updated for 'AddContentDialog' in 0.0024 seconds. Added 0 classes and 0 folders.
[2017.07.20-16.35.35:065][  0]LogContentBrowser: Native class hierarchy updated for 'SceneOutliner' in 0.0023 seconds. Added 1 classes and 2 folders.
[2017.07.20-16.35.35:077][  0]LogCrashTracker: Crashtracker disabled due to settings.
[2017.07.20-16.35.35:129][  0]LogContentBrowser: Native class hierarchy updated for 'HierarchicalLODOutliner' in 0.0024 seconds. Added 1 classes and 2 folders.
[2017.07.20-16.35.35:129][  0]LogLoad: Full Startup: 14.20 seconds (BP compile: 1.12 seconds)
[2017.07.20-16.35.35:129][  0]LogExternalProfiler: Found external profiler: VSPerf
[2017.07.20-16.35.35:129][  0]LogExternalProfiler: Using external profiler: VSPerf
[2017.07.20-16.35.35:142][  0]LogOcInput: OculusInput pre-init called
[2017.07.20-16.35.35:163][  0]LogContentStreaming: Texture pool size now 1000 MB
[2017.07.20-16.35.35:308][  0]LogRenderer: Reallocating scene render targets to support 1616x600 (Frame:2).
[2017.07.20-16.35.35:379][  1]LogAssetRegistry: Asset discovery search completed in 6.9962 seconds
[2017.07.20-16.35.35:379][  1]LogCollectionManager: Rebuilt the object cache for 0 collections in 0.000000 seconds (found 0 objects)
[2017.07.20-16.35.35:379][  1]LogCollectionManager: Fixed up redirectors for 0 collections in 0.000016 seconds (updated 0 objects)
[2017.07.20-16.35.38:038][274]LogBlueprintUserMessages: Early PlayInEditor Detection: Level '/Game/Ava/Maps/PalaceLevel.PalaceLevel:PersistentLevel' has LevelScriptBlueprint '/Game/Ava/Maps/PalaceLevel.PalaceLevel:PersistentLevel.PalaceLevel' with GeneratedClass '/Game/Ava/Maps/PalaceLevel.PalaceLevel_C' with ClassGeneratedBy '/Game/Ava/Maps/PalaceLevel.PalaceLevel:PersistentLevel.PalaceLevel'
[2017.07.20-16.35.38:038][274]LogPlayLevel: PlayLevel: No blueprints needed recompiling
[2017.07.20-16.35.38:039][274]PIE: New page: PIE session: PalaceLevel (20 Jul 2017 17:35:38)
[2017.07.20-16.35.38:039][274]LogPlayLevel: Creating play world package: /Game/Ava/Maps/UEDPIE_0_PalaceLevel
[2017.07.20-16.35.38:096][274]LogPlayLevel: PIE: StaticDuplicateObject took: (0.057235s)
[2017.07.20-16.35.38:097][274]LogAIModule: Creating AISystem for world PalaceLevel
[2017.07.20-16.35.38:097][274]LogPlayLevel: PIE: World Init took: (0.000573s)
[2017.07.20-16.35.38:097][274]LogPlayLevel: PIE: Created PIE world by copying editor world from /Game/Ava/Maps/PalaceLevel.PalaceLevel to /Game/Ava/Maps/UEDPIE_0_PalaceLevel.PalaceLevel (0.058167s)
[2017.07.20-16.35.38:152][274]LogInit: XAudio2 using 'Speakers (Realtek High Definition Audio)' : 2 channels at 48 kHz using 32 bits per sample (channel mask 0x3)
[2017.07.20-16.35.38:158][274]LogInit: FAudioDevice initialized.
[2017.07.20-16.35.38:230][274]LogWorld: Game class is 'AvaGameMode'
[2017.07.20-16.35.38:269][274]LogWorld: Bringing World /Game/Ava/Maps/UEDPIE_0_PalaceLevel.PalaceLevel up for play (max tick rate 0) at 2017.07.20-17.35.38
[2017.07.20-16.35.38:271][274]LogWorld: Bringing up level for play took: 0.039834
[2017.07.20-16.35.38:277][274]LogContentBrowser: Native class hierarchy updated for 'MovieSceneCapture' in 0.0025 seconds. Added 11 classes and 0 folders.
[2017.07.20-16.35.38:281][274]LogBlueprintUserMessages: [GameUIBP_C_0] SEt UI
[2017.07.20-16.35.38:281][274]PIE: Info Play in editor start time for /Game/Ava/Maps/UEDPIE_0_PalaceLevel 1.241
[2017.07.20-16.35.38:281][274]LogBlueprintUserMessages: Late PlayInEditor Detection: Level '/Game/Ava/Maps/PalaceLevel.PalaceLevel:PersistentLevel' has LevelScriptBlueprint '/Game/Ava/Maps/PalaceLevel.PalaceLevel:PersistentLevel.PalaceLevel' with GeneratedClass '/Game/Ava/Maps/PalaceLevel.PalaceLevel_C' with ClassGeneratedBy '/Game/Ava/Maps/PalaceLevel.PalaceLevel:PersistentLevel.PalaceLevel'
[2017.07.20-16.35.45:414][122]LogAnimMontage:Warning: Playing a Montage (CutScene_Root_Motion_Montage) for the wrong Skeleton (UE4_Mannequin_Skeleton) instead of (RigForTest_Skeleton).
[2017.07.20-16.36.00:496][923]LogBlueprintUserMessages: Early EndPlayMap Detection: Level '/Game/Ava/Maps/PalaceLevel.PalaceLevel:PersistentLevel' has LevelScriptBlueprint '/Game/Ava/Maps/PalaceLevel.PalaceLevel:PersistentLevel.PalaceLevel' with GeneratedClass '/Game/Ava/Maps/PalaceLevel.PalaceLevel_C' with ClassGeneratedBy '/Game/Ava/Maps/PalaceLevel.PalaceLevel:PersistentLevel.PalaceLevel'
[2017.07.20-16.36.00:531][923]LogBlueprintUserMessages: Late EndPlayMap Detection: Level '/Game/Ava/Maps/PalaceLevel.PalaceLevel:PersistentLevel' has LevelScriptBlueprint '/Game/Ava/Maps/PalaceLevel.PalaceLevel:PersistentLevel.PalaceLevel' with GeneratedClass '/Game/Ava/Maps/PalaceLevel.PalaceLevel_C' with ClassGeneratedBy '/Game/Ava/Maps/PalaceLevel.PalaceLevel:PersistentLevel.PalaceLevel'
[2017.07.20-16.38.25:536][392]LogHotReload: New module detected: UE4Editor-Ava-3893.dll
[2017.07.20-16.38.28:547][402]LogHotReload: Starting Hot-Reload from IDE
[2017.07.20-16.38.28:605][402]LogClass: ItemDataVariables HotReload.
[2017.07.20-16.38.28:605][402]LogClass: Item HotReload.
[2017.07.20-16.38.28:606][402]LogHotReload: Re-instancing Antelope after hot-reload.
[2017.07.20-16.38.28:646][402]LogHotReload: Re-instancing Door after hot-reload.
[2017.07.20-16.38.28:986][402]LogHotReload: Re-instancing PushPullItem after hot-reload.
[2017.07.20-16.38.29:228][402]LogHotReload: Re-instancing PickUpItem after hot-reload.
[2017.07.20-16.38.29:514][402]LogHotReload: Re-instancing MainCharacter after hot-reload.
[2017.07.20-16.38.29:651][402]LogHotReload: Re-instancing OfferingStatue after hot-reload.
[2017.07.20-16.38.29:824][402]LogHotReload: Re-instancing StatueObject after hot-reload.
[2017.07.20-16.38.29:976][402]LogHotReload: Re-instancing BluePuzzle after hot-reload.
[2017.07.20-16.38.30:050][402]LogHotReload: Re-instancing GreenPuzzle after hot-reload.
[2017.07.20-16.38.30:123][402]LogHotReload: Re-instancing WhitePuzzle after hot-reload.
[2017.07.20-16.38.30:202][402]LogContentBrowser: Native class hierarchy updated for 'Ava' in 0.0026 seconds. Added 21 classes and 2 folders.
[2017.07.20-16.38.30:204][402]Warning: HotReload successful (14 functions remapped  0 scriptstructs remapped)
[2017.07.20-16.38.30:315][402]LogContentBrowser: Native class hierarchy populated in 0.0099 seconds. Added 2101 classes and 380 folders.
[2017.07.20-16.38.30:320][402]Warning: HotReload took  1.8s.
[2017.07.20-16.38.32:787][487]LogBlueprintUserMessages: Early PlayInEditor Detection: Level '/Game/Ava/Maps/PalaceLevel.PalaceLevel:PersistentLevel' has LevelScriptBlueprint '/Game/Ava/Maps/PalaceLevel.PalaceLevel:PersistentLevel.PalaceLevel' with GeneratedClass '/Game/Ava/Maps/PalaceLevel.PalaceLevel_C' with ClassGeneratedBy '/Game/Ava/Maps/PalaceLevel.PalaceLevel:PersistentLevel.PalaceLevel'
[2017.07.20-16.38.32:787][487]LogPlayLevel: PlayLevel: No blueprints needed recompiling
[2017.07.20-16.38.32:787][487]PIE: New page: PIE session: PalaceLevel (20 Jul 2017 17:38:32)
[2017.07.20-16.38.32:787][487]LogPlayLevel: Creating play world package: /Game/Ava/Maps/UEDPIE_0_PalaceLevel
[2017.07.20-16.38.32:843][487]LogPlayLevel: PIE: StaticDuplicateObject took: (0.056050s)
[2017.07.20-16.38.32:844][487]LogAIModule: Creating AISystem for world PalaceLevel
[2017.07.20-16.38.32:845][487]LogPlayLevel: PIE: World Init took: (0.001271s)
[2017.07.20-16.38.32:845][487]LogPlayLevel: PIE: Created PIE world by copying editor world from /Game/Ava/Maps/PalaceLevel.PalaceLevel to /Game/Ava/Maps/UEDPIE_0_PalaceLevel.PalaceLevel (0.057878s)
[2017.07.20-16.38.32:857][487]LogInit: XAudio2 using 'Speakers (Realtek High Definition Audio)' : 2 channels at 48 kHz using 32 bits per sample (channel mask 0x3)
[2017.07.20-16.38.32:865][487]LogInit: FAudioDevice initialized.
[2017.07.20-16.38.32:922][487]LogWorld: Game class is 'AvaGameMode'
[2017.07.20-16.38.32:951][487]LogWorld: Bringing World /Game/Ava/Maps/UEDPIE_0_PalaceLevel.PalaceLevel up for play (max tick rate 0) at 2017.07.20-17.38.32
[2017.07.20-16.38.32:954][487]LogWorld: Bringing up level for play took: 0.030628
[2017.07.20-16.38.32:956][487]LogBlueprintUserMessages: [GameUIBP_C_26] SEt UI
[2017.07.20-16.38.32:957][487]PIE: Info Play in editor start time for /Game/Ava/Maps/UEDPIE_0_PalaceLevel -0.075
[2017.07.20-16.38.32:957][487]LogBlueprintUserMessages: Late PlayInEditor Detection: Level '/Game/Ava/Maps/PalaceLevel.PalaceLevel:PersistentLevel' has LevelScriptBlueprint '/Game/Ava/Maps/PalaceLevel.PalaceLevel:PersistentLevel.PalaceLevel' with GeneratedClass '/Game/Ava/Maps/PalaceLevel.PalaceLevel_C' with ClassGeneratedBy '/Game/Ava/Maps/PalaceLevel.PalaceLevel:PersistentLevel.PalaceLevel'
[2017.07.20-16.38.38:195][112]LogBlueprintUserMessages: Early EndPlayMap Detection: Level '/Game/Ava/Maps/PalaceLevel.PalaceLevel:PersistentLevel' has LevelScriptBlueprint '/Game/Ava/Maps/PalaceLevel.PalaceLevel:PersistentLevel.PalaceLevel' with GeneratedClass '/Game/Ava/Maps/PalaceLevel.PalaceLevel_C' with ClassGeneratedBy '/Game/Ava/Maps/PalaceLevel.PalaceLevel:PersistentLevel.PalaceLevel'
[2017.07.20-16.38.38:229][112]LogBlueprintUserMessages: Late EndPlayMap Detection: Level '/Game/Ava/Maps/PalaceLevel.PalaceLevel:PersistentLevel' has LevelScriptBlueprint '/Game/Ava/Maps/PalaceLevel.PalaceLevel:PersistentLevel.PalaceLevel' with GeneratedClass '/Game/Ava/Maps/PalaceLevel.PalaceLevel_C' with ClassGeneratedBy '/Game/Ava/Maps/PalaceLevel.PalaceLevel:PersistentLevel.PalaceLevel'
[2017.07.20-16.41.04:825][576]LogHotReload: New module detected: UE4Editor-Ava-8424.dll
[2017.07.20-16.41.07:839][586]LogHotReload: Starting Hot-Reload from IDE
[2017.07.20-16.41.07:881][586]LogClass: ItemDataVariables HotReload.
[2017.07.20-16.41.07:881][586]LogClass: Item HotReload.
[2017.07.20-16.41.07:882][586]LogHotReload: Re-instancing Antelope after hot-reload.
[2017.07.20-16.41.07:919][586]LogHotReload: Re-instancing Door after hot-reload.
[2017.07.20-16.41.08:070][586]LogHotReload: Re-instancing PushPullItem after hot-reload.
[2017.07.20-16.41.08:311][586]LogHotReload: Re-instancing PickUpItem after hot-reload.
[2017.07.20-16.41.08:627][586]LogHotReload: Re-instancing MainCharacter after hot-reload.
[2017.07.20-16.41.08:836][586]LogHotReload: Re-instancing OfferingStatue after hot-reload.
[2017.07.20-16.41.09:068][586]LogHotReload: Re-instancing StatueObject after hot-reload.
[2017.07.20-16.41.09:224][586]LogHotReload: Re-instancing BluePuzzle after hot-reload.
[2017.07.20-16.41.09:306][586]LogHotReload: Re-instancing GreenPuzzle after hot-reload.
[2017.07.20-16.41.09:406][586]LogHotReload: Re-instancing WhitePuzzle after hot-reload.
[2017.07.20-16.41.09:500][586]LogContentBrowser: Native class hierarchy updated for 'Ava' in 0.0027 seconds. Added 21 classes and 2 folders.
[2017.07.20-16.41.09:502][586]Warning: HotReload successful (14 functions remapped  0 scriptstructs remapped)
[2017.07.20-16.41.09:559][586]LogContentBrowser: Native class hierarchy populated in 0.0096 seconds. Added 2101 classes and 380 folders.
[2017.07.20-16.41.09:562][586]Warning: HotReload took  1.7s.
[2017.07.20-16.41.11:820][653]LogBlueprintUserMessages: Early PlayInEditor Detection: Level '/Game/Ava/Maps/PalaceLevel.PalaceLevel:PersistentLevel' has LevelScriptBlueprint '/Game/Ava/Maps/PalaceLevel.PalaceLevel:PersistentLevel.PalaceLevel' with GeneratedClass '/Game/Ava/Maps/PalaceLevel.PalaceLevel_C' with ClassGeneratedBy '/Game/Ava/Maps/PalaceLevel.PalaceLevel:PersistentLevel.PalaceLevel'
[2017.07.20-16.41.11:820][653]LogPlayLevel: PlayLevel: No blueprints needed recompiling
[2017.07.20-16.41.11:820][653]PIE: New page: PIE session: PalaceLevel (20 Jul 2017 17:41:11)
[2017.07.20-16.41.11:820][653]LogPlayLevel: Creating play world package: /Game/Ava/Maps/UEDPIE_0_PalaceLevel
[2017.07.20-16.41.11:852][653]LogProperty:Warning: Serialized Class /Script/Ava.PushPullItem for a property of Class /Script/Ava.StatueObject. Reference will be NULLed.
    Property = ObjectProperty /Script/Ava.Puzzle:DesignatedStatue
    Item = PushPullItem /Script/Ava.Default__PushPullItem
[2017.07.20-16.41.11:880][653]LogPlayLevel: PIE: StaticDuplicateObject took: (0.059882s)
[2017.07.20-16.41.11:881][653]LogAIModule: Creating AISystem for world PalaceLevel
[2017.07.20-16.41.11:881][653]LogPlayLevel: PIE: World Init took: (0.000816s)
[2017.07.20-16.41.11:881][653]LogPlayLevel: PIE: Created PIE world by copying editor world from /Game/Ava/Maps/PalaceLevel.PalaceLevel to /Game/Ava/Maps/UEDPIE_0_PalaceLevel.PalaceLevel (0.061061s)
[2017.07.20-16.41.11:893][653]LogInit: XAudio2 using 'Speakers (Realtek High Definition Audio)' : 2 channels at 48 kHz using 32 bits per sample (channel mask 0x3)
[2017.07.20-16.41.11:901][653]LogInit: FAudioDevice initialized.
[2017.07.20-16.41.11:959][653]LogWorld: Game class is 'AvaGameMode'
[2017.07.20-16.41.12:001][653]LogWorld: Bringing World /Game/Ava/Maps/UEDPIE_0_PalaceLevel.PalaceLevel up for play (max tick rate 0) at 2017.07.20-17.41.12
[2017.07.20-16.41.12:004][653]LogWorld: Bringing up level for play took: 0.043505
[2017.07.20-16.41.12:009][653]LogBlueprintUserMessages: [GameUIBP_C_28] SEt UI
[2017.07.20-16.41.12:010][653]PIE: Info Play in editor start time for /Game/Ava/Maps/UEDPIE_0_PalaceLevel 0.986
[2017.07.20-16.41.12:010][653]LogBlueprintUserMessages: Late PlayInEditor Detection: Level '/Game/Ava/Maps/PalaceLevel.PalaceLevel:PersistentLevel' has LevelScriptBlueprint '/Game/Ava/Maps/PalaceLevel.PalaceLevel:PersistentLevel.PalaceLevel' with GeneratedClass '/Game/Ava/Maps/PalaceLevel.PalaceLevel_C' with ClassGeneratedBy '/Game/Ava/Maps/PalaceLevel.PalaceLevel:PersistentLevel.PalaceLevel'
[2017.07.20-16.41.12:863][653]LogCrashTracker: 


[2017.07.20-16.41.12:863][653]LogCrashTracker: 


[2017.07.20-16.41.12:863][653]LogWindows:Error: === Critical error: ===


[2017.07.20-16.41.12:883][653]LogExit: Executing StaticShutdownAfterError
[2017.07.20-16.41.12:888][653]LogWindows: FPlatformMisc::RequestExit(1)
[2017.07.20-16.41.12:888][653]Log file closed, 07/20/17 17:41:12
