Log file open, 07/03/17 10:01:51
LogInit:Display: Running engine for game: Ava
LogPlatformFile: Not using cached read wrapper
LogInit:Display: RandInit(-1836021005) SRandInit(-1836021003).
LogTaskGraph: Started task graph with 4 named threads and 9 total threads with 1 sets of task threads.
LogStats: Stats thread started at 0.157797
LogInit: Version: 4.12.5-3039270+++UE4+Release-4.12
LogInit: API Version: 2992821
LogInit: Net Version: 3039270
LogDevObjectVersion: Number of dev versions registered: 13
LogDevObjectVersion:   Dev-Blueprints (B0D832E4-1F89-4F0D-ACCF-7EB736FD4AA2): 3
LogDevObjectVersion:   Dev-Build (E1C64328-A22C-4D53-A36C-8E866417BD8C): 0
LogDevObjectVersion:   Dev-Core (375EC13C-06E4-48FB-B500-84F0262A717E): 1
LogDevObjectVersion:   Dev-Editor (E4B068ED-F494-42E9-A231-DA0B2E46BB41): 2
LogDevObjectVersion:   Dev-Framework (CFFC743F-43B0-4480-9391-14DF171D2073): 6
LogDevObjectVersion:   Dev-Mobile (B02B49B5-BB20-44E9-A304-32B752E40360): 0
LogDevObjectVersion:   Dev-Networking (A4E4105C-59A1-49B5-A7C5-40C4547EDFEE): 0
LogDevObjectVersion:   Dev-Online (39C831C9-5AE6-47DC-9A44-9C173E1C8E7C): 0
LogDevObjectVersion:   Dev-Physics (78F01B33-EBEA-4F98-B9B4-84EACCB95AA2): 0
LogDevObjectVersion:   Dev-Platform (6631380F-2D4D-43E0-8009-CF276956A95A): 0
LogDevObjectVersion:   Dev-Rendering (12F88B9F-8875-4AFC-A67C-D90C383ABD29): 2
LogDevObjectVersion:   Dev-Sequencer (7B5AE74C-D270-4C10-A958-57980B212A5A): 0
LogDevObjectVersion:   Dev-VR (D7296918-1DD6-4BDD-9DE2-64A83CC13884): 0
LogInit: Compiled (64-bit): Jul  6 2016 09:09:46
LogInit: Compiled with Visual C++: 19.00.23026.00
LogInit: Build Configuration: Development
LogInit: Branch Name: ++UE4+Release-4.12
LogInit: Command line:  
LogInit: Base directory: C:/Program Files/Epic Games/4.12/Engine/Binaries/Win64/
LogInit: Installed Engine Build: 1
LogInit: Using libcurl 7.41.0
LogInit:  - built for x86_64-pc-win32
LogInit:  - supports SSL with WinSSL
LogInit:  - other features:
LogInit:      CURL_VERSION_SSL
LogInit:      CURL_VERSION_IPV6
LogInit:      CURL_VERSION_ASYNCHDNS
LogInit:      CURL_VERSION_LARGEFILE
LogInit:      CURL_VERSION_IDN
LogInit:  CurlRequestOptions (configurable via config and command line):
LogInit:  - bVerifyPeer = true  - Libcurl will verify peer certificate
LogInit:  - bUseHttpProxy = false  - Libcurl will NOT use HTTP proxy
LogInit:  - bDontReuseConnections = false  - Libcurl will reuse connections
LogInit:  - CertBundlePath = nullptr  - Libcurl will use whatever was configured at build time.
LogInit: Presizing for max 8388607 objects, including 0 objects not considered by GC, pre-allocating 0 bytes for permanent pool.
LogInit: Object subsystem initialized
[2017.07.03-09.01.51:704][  0]LogInit: Selected Device Profile: [Windows]
[2017.07.03-09.01.51:704][  0]LogInit: Applying CVar settings loaded from the selected device profile: [Windows]
[2017.07.03-09.01.51:738][  0]LogInit: Computer: PC42640
[2017.07.03-09.01.51:738][  0]LogInit: User: i7230020
[2017.07.03-09.01.51:738][  0]LogInit: CPU Page size=65536, Cores=6
[2017.07.03-09.01.51:738][  0]LogInit: High frequency timer resolution =3.410136 MHz
[2017.07.03-09.01.51:738][  0]LogMemory: Memory total: Physical=31.9GB (32GB approx)
[2017.07.03-09.01.51:738][  0]LogMemory: Platform Memory Stats for Windows
[2017.07.03-09.01.51:738][  0]LogMemory: Process Physical Memory: 196.68 MB used, 196.68 MB peak
[2017.07.03-09.01.51:738][  0]LogMemory: Process Virtual Memory: 198.91 MB used, 198.91 MB peak
[2017.07.03-09.01.51:738][  0]LogMemory: Physical Memory: 11102.88 MB used, 32684.15 MB total
[2017.07.03-09.01.51:738][  0]LogMemory: Virtual Memory: 538.89 MB used, 8388608.00 MB total
[2017.07.03-09.01.52:029][  0]LogTextLocalizationManager: No specific translations for ('en-GB') exist, so ('en') translations will be used.
[2017.07.03-09.01.52:472][  0]LogD3D11RHI: D3D11 adapters:
[2017.07.03-09.01.52:504][  0]LogD3D11RHI:    0. 'NVIDIA Quadro M4000' (Feature Level 11_0)
[2017.07.03-09.01.52:504][  0]LogD3D11RHI:       8092/0/16086 MB DedicatedVideo/DedicatedSystem/SharedSystem, Outputs:1, VendorId:0x10de
[2017.07.03-09.01.52:504][  0]LogD3D11RHI: Chosen D3D11 Adapter: 0
[2017.07.03-09.01.52:516][  0]LogD3D11RHI: Creating new Direct3DDevice
[2017.07.03-09.01.52:517][  0]LogD3D11RHI:     GPU DeviceId: 0x13f1 (for the marketing name, search the web for "GPU Device Id")
[2017.07.03-09.01.52:517][  0]LogWindows: EnumDisplayDevices:
[2017.07.03-09.01.52:517][  0]LogWindows:    0. 'NVIDIA Quadro M4000' (P:1 D:1)
[2017.07.03-09.01.52:518][  0]LogWindows:    1. 'NVIDIA Quadro M4000' (P:0 D:0)
[2017.07.03-09.01.52:518][  0]LogWindows:    2. 'NVIDIA Quadro M4000' (P:0 D:0)
[2017.07.03-09.01.52:519][  0]LogWindows:    3. 'NVIDIA Quadro M4000' (P:0 D:0)
[2017.07.03-09.01.52:519][  0]LogWindows:    4. 'RDPDD Chained DD' (P:0 D:0)
[2017.07.03-09.01.52:519][  0]LogWindows:    5. 'RDP Encoder Mirror Driver' (P:0 D:0)
[2017.07.03-09.01.52:519][  0]LogWindows:    6. 'RDP Reflector Display Driver' (P:0 D:0)
[2017.07.03-09.01.52:520][  0]LogWindows: DebugString: GetVideoDriverDetailsInvalid PrimaryIsNotTheChoosenAdapter GetVideoDriverDetailsInvalid PrimaryIsNotTheChoosenAdapter GetVideoDriverDetailsInvalid PrimaryIsNotTheChoosenAdapter FoundDriverCount:4 
[2017.07.03-09.01.52:520][  0]LogD3D11RHI:     Adapter Name: NVIDIA Quadro M4000
[2017.07.03-09.01.52:520][  0]LogD3D11RHI:   Driver Version: 362.13 (internal:10.18.13.6213, unified:362.13)
[2017.07.03-09.01.52:520][  0]LogD3D11RHI:      Driver Date: 3-18-2016
[2017.07.03-09.01.52:520][  0]LogRHI: Texture pool is 1361 MB (70% of 1945 MB)
[2017.07.03-09.01.52:530][  0]LogD3D11RHI: Async texture creation enabled
[2017.07.03-09.01.52:545][  0]LogD3D11RHI: GPU Timing Frequency: 1000.000000 (Debug: 2 2)
[2017.07.03-09.01.52:545][  0]LogShaderCompilers: Guid format shader working directory is -29 characters bigger than the processId version (../../../../../../Users/i7230020.STUDENT.000/Documents/GitHub/MastersProject/Ava/Intermediate/Shaders/WorkingDirectory/101720/).
[2017.07.03-09.01.52:545][  0]LogShaderCompilers: Cleaned the shader compiler working directory 'C:/Users/I72300~1.000/AppData/Local/Temp/UnrealShaderWorkingDir/6A0D7D7840058E684B32EC82A7876CB5/'.
[2017.07.03-09.01.52:545][  0]LogShaderCompilers:Display: Using Local Shader Compiler.
[2017.07.03-09.01.55:035][  0]LogTemp:Display: Loaded TP AllDesktopTargetPlatform
[2017.07.03-09.01.55:049][  0]LogTemp:Display: Loaded TP WindowsClientTargetPlatform
[2017.07.03-09.01.55:065][  0]LogTemp:Display: Loaded TP WindowsNoEditorTargetPlatform
[2017.07.03-09.01.55:074][  0]LogTemp:Display: Loaded TP WindowsServerTargetPlatform
[2017.07.03-09.01.55:084][  0]LogTemp:Display: Loaded TP WindowsTargetPlatform
[2017.07.03-09.01.55:099][  0]LogTemp:Display: Loaded TP AndroidTargetPlatform
[2017.07.03-09.01.55:108][  0]LogTemp:Display: Loaded TP Android_ASTCTargetPlatform
[2017.07.03-09.01.55:117][  0]LogTemp:Display: Loaded TP Android_ATCTargetPlatform
[2017.07.03-09.01.55:126][  0]LogTemp:Display: Loaded TP Android_DXTTargetPlatform
[2017.07.03-09.01.55:137][  0]LogTemp:Display: Loaded TP Android_ETC1TargetPlatform
[2017.07.03-09.01.55:146][  0]LogTemp:Display: Loaded TP Android_ETC2TargetPlatform
[2017.07.03-09.01.55:164][  0]LogTemp:Display: Loaded TP Android_MultiTargetPlatform
[2017.07.03-09.01.55:164][  0]LogTemp:Display: Loaded TP Android_PVRTCTargetPlatform
[2017.07.03-09.01.55:167][  0]LogTemp:Display: Loaded TP HTML5TargetPlatform
[2017.07.03-09.01.55:229][  0]LogTemp:Display: Loaded TP IOSTargetPlatform
[2017.07.03-09.01.55:239][  0]LogTemp:Display: Loaded TP TVOSTargetPlatform
[2017.07.03-09.01.55:253][  0]LogTemp:Display: Loaded TP LinuxNoEditorTargetPlatform
[2017.07.03-09.01.55:265][  0]LogTemp:Display: Loaded TP LinuxServerTargetPlatform
[2017.07.03-09.01.55:278][  0]LogTemp:Display: Loaded TP LinuxTargetPlatform
[2017.07.03-09.01.55:278][  0]LogTargetPlatformManager:Display: Building Assets For Windows
[2017.07.03-09.01.55:722][  0]LogDerivedDataCache:Display: Max Cache Size: 512 MB
[2017.07.03-09.01.55:776][  0]LogDerivedDataCache: Loaded boot cache 0.05s 49MB C:/Users/i7230020.STUDENT.000/AppData/Local/UnrealEngine/4.12/DerivedDataCache/Boot.ddc.
[2017.07.03-09.01.55:776][  0]LogDerivedDataCache:Display: Loaded Boot cache: C:/Users/i7230020.STUDENT.000/AppData/Local/UnrealEngine/4.12/DerivedDataCache/Boot.ddc
[2017.07.03-09.01.55:776][  0]LogDerivedDataCache: FDerivedDataBackendGraph:  Pak pak cache file ../../../../../../Users/i7230020.STUDENT.000/Documents/GitHub/MastersProject/Ava/DerivedDataCache/DDC.ddp not found, will not use a pak cache.
[2017.07.03-09.01.55:776][  0]LogDerivedDataCache: Unable to find inner node Pak for hierarchical cache Hierarchy.
[2017.07.03-09.01.55:776][  0]LogDerivedDataCache: FDerivedDataBackendGraph:  CompressedPak pak cache file ../../../../../../Users/i7230020.STUDENT.000/Documents/GitHub/MastersProject/Ava/DerivedDataCache/Compressed.ddp not found, will not use a pak cache.
[2017.07.03-09.01.55:776][  0]LogDerivedDataCache: Unable to find inner node CompressedPak for hierarchical cache Hierarchy.
[2017.07.03-09.01.55:793][  0]LogDerivedDataCache:Display: Pak cache opened for reading ../../../Engine/DerivedDataCache/Compressed.ddp.
[2017.07.03-09.01.55:806][  0]LogDerivedDataCache: Using Local data cache path C:/Users/i7230020.STUDENT.000/AppData/Local/UnrealEngine/Common/DerivedDataCache: Writable
[2017.07.03-09.01.59:050][  0]LogInit: Selected Device Profile: [Windows]
[2017.07.03-09.01.59:051][  0]LogContentStreaming: Texture pool size is 0.00 MB
[2017.07.03-09.01.59:361][  0]LogMeshUtilities: No automatic mesh reduction module available
[2017.07.03-09.01.59:361][  0]LogMeshUtilities: No automatic mesh merging module available
[2017.07.03-09.01.59:361][  0]LogMeshUtilities: No distributed automatic mesh merging module available
[2017.07.03-09.01.59:908][  0]LogAssetRegistry: FAssetRegistry took 0.0199 seconds to start up
[2017.07.03-09.02.00:046][  0]LogPackageLocalizationCache: Processed 4 localized package path(s) for 2 prioritized culture(s) in 0.134347 seconds
[2017.07.03-09.02.00:053][  0]LogUObjectArray: 28739 objects as part of root set at end of initial load.
[2017.07.03-09.02.00:053][  0]LogUObjectAllocator: 5855624 out of 0 bytes used by permanent object pool.
[2017.07.03-09.02.00:053][  0]LogUObjectArray: CloseDisregardForGC: 0/0 objects in disregard for GC pool
[2017.07.03-09.02.00:061][  0]LogInit: WinSock: version 1.1 (2.2), MaxSocks=32767, MaxUdp=65467
[2017.07.03-09.02.00:482][  0]LogSlate: SlateFontCache - WITH_FREETYPE: 1, WITH_HARFBUZZ: 1
[2017.07.03-09.02.00:482][  0]LogSlate: SlateFontCache - WITH_FREETYPE: 1, WITH_HARFBUZZ: 1
[2017.07.03-09.02.02:558][  0]LogUdpMessaging: Initializing bridge on interface 0.0.0.0:0 to multicast group 230.0.0.1:6666.
[2017.07.03-09.02.02:641][  0]LogStats: FPlatformStackWalk::StackWalkAndDump -  0.012 s
[2017.07.03-09.02.02:641][  0]LogOutputDevice:Warning: === Handled error: ===

Ensure condition failed: !AttachmentRules.bWeldSimulatedBodies [File:D:\Build\++UE4+Release-4.12+Compile\Sync\Engine\Source\Runtime\Engine\Private\Components\SceneComponent.cpp] [Line: 1481]
AttachToComponent when called from a constructor cannot weld simulated bodies. Consider calling SetupAttachment directly instead.
Stack: 
UE4Editor-Core.dll
UE4Editor-Core.dll
UE4Editor-Core.dll
UE4Editor-Engine.dll
UE4Editor-Ava-960.dll
UE4Editor-CoreUObject.dll
UE4Editor-CoreUObject.dll
UE4Editor-CoreUObject.dll
UE4Editor-CoreUObject.dll
UE4Editor-Core.dll
UE4Editor-Core.dll
UE4Editor-Projects.dll
UE4Editor-Projects.dll
UE4Editor.exe
UE4Editor.exe
UE4Editor.exe
UE4Editor.exe
UE4Editor.exe
UE4Editor.exe
kernel32.dll
ntdll.dll
ntdll.dll

[2017.07.03-09.02.02:641][  0]LogStats:                SubmitErrorReport -  0.000 s
[2017.07.03-09.02.03:353][  0]LogStats:                    SendNewReport -  0.712 s
[2017.07.03-09.02.03:353][  0]LogStats:             FDebug::EnsureFailed -  0.724 s
[2017.07.03-09.02.03:646][  0]SourceControl: Info Source control is disabled
[2017.07.03-09.02.03:649][  0]SourceControl: Info Source control is disabled
[2017.07.03-09.02.03:663][  0]SourceControl: Info Source control is disabled
[2017.07.03-09.02.03:675][  0]SourceControl: Info Source control is disabled
[2017.07.03-09.02.03:766][  0]LogLinker:Warning: Can't find file '/Game/FirstPersonCPP/FirstPersonOverview'
[2017.07.03-09.02.03:766][  0]LogLinker:Warning: Can't find file '/Game/FirstPersonCPP/FirstPersonOverview'
[2017.07.03-09.02.03:766][  0]LogUObjectGlobals:Warning: Failed to find object 'Class /Game/FirstPersonCPP/FirstPersonOverview.FirstPersonOverview_C'
[2017.07.03-09.02.03:849][  0]LogHoudiniEngine: Starting the Houdini Engine module.
[2017.07.03-09.02.03:860][  0]LogHoudiniEngine: Loaded libHAPIL.dll from Registry path C:\Program Files\Side Effects Software\Houdini 15.5.632/bin
[2017.07.03-09.02.03:863][  0]LogLinker:Warning: Asset '../../../Engine/Plugins/Runtime/HoudiniEngine/Content/houdini_logo.uasset' has been saved with empty engine version. The asset will be loaded but may be incompatible.
[2017.07.03-09.02.03:867][  0]LogLinker:Warning: Asset '../../../Engine/Plugins/Runtime/HoudiniEngine/Content/houdini_default_material.uasset' has been saved with empty engine version. The asset will be loaded but may be incompatible.
[2017.07.03-09.02.03:875][  0]LogLinker:Warning: Asset '../../../Engine/Plugins/Runtime/HoudiniEngine/Content/houdini_bgeo_import.uasset' has been saved with empty engine version. The asset will be loaded but may be incompatible.
[2017.07.03-09.02.07:964][  0]LogHoudiniEngine: Successfully initialized the Houdini Engine API module.
[2017.07.03-09.02.08:130][  0]LogEngine: Initializing Engine...
[2017.07.03-09.02.08:143][  0]LogHMD: SteamVR failed to initialize.  Err: 110
[2017.07.03-09.02.08:144][  0]LogHMD: SteamVR failed to initialize.  Err: 110
[2017.07.03-09.02.08:347][  0]LogAIModule: Creating AISystem for world NewWorld
[2017.07.03-09.02.08:365][  0]LogInit: XAudio2 using 'Speakers (Realtek High Definition Audio)' : 2 channels at 48 kHz using 32 bits per sample (channel mask 0x3)
[2017.07.03-09.02.08:377][  0]LogInit: FAudioDevice initialized.
[2017.07.03-09.02.08:406][  0]LogDerivedDataCache: Saved boot cache 0.03s 49MB C:/Users/i7230020.STUDENT.000/AppData/Local/UnrealEngine/4.12/DerivedDataCache/Boot.ddc.
[2017.07.03-09.02.08:411][  0]LogInit: Texture streaming: Enabled
[2017.07.03-09.02.08:441][  0]LogInit: Transaction tracking system initialized
[2017.07.03-09.02.08:461][  0]BlueprintLog: New page: Editor Load
[2017.07.03-09.02.08:536][  0]LocalizationService: Info Localization service is disabled
[2017.07.03-09.02.08:617][  0]LogConsoleResponse:Display: 
[2017.07.03-09.02.08:931][  0]LogCook:Display: Max memory allowance for cook 8192mb
[2017.07.03-09.02.08:931][  0]LogCook:Display: Mobile HDR setting 1
[2017.07.03-09.02.09:061][  0]LogFileCache: Scanning file cache for directory 'C:/Users/i7230020.STUDENT.000/Documents/GitHub/MastersProject/Ava/Content/' took 0.03s
[2017.07.03-09.02.09:061][  0]LogHoudiniEngineEditor: Starting the Houdini Engine Editor module.
[2017.07.03-09.02.09:138][  0]SourceControl: Info Source control is disabled
[2017.07.03-09.02.09:138][  0]Cmd: MAP LOAD FILE="../../../../../../Users/i7230020.STUDENT.000/Documents/GitHub/MastersProject/Ava/Content/Ava/Maps/MainMenu.umap" TEMPLATE=0 SHOWPROGRESS=1 FEATURELEVEL=3
[2017.07.03-09.02.09:143][  0]LightingResults: New page: Lighting Build
[2017.07.03-09.02.09:146][  0]MapCheck: New page: Map Check
[2017.07.03-09.02.09:146][  0]LightingResults: New page: Lighting Build
[2017.07.03-09.02.09:272][  0]LogAIModule: Creating AISystem for world MainMenu
[2017.07.03-09.02.09:272][  0]LogEditorServer: Finished looking for orphan Actors (0.000 secs)
[2017.07.03-09.02.09:273][  0]Cmd: MAP CHECKDEP NOCLEARLOG
[2017.07.03-09.02.09:354][  0]MapCheck: Info Map check complete: 0 Error(s), 0 Warning(s), took 81.397ms to complete.
[2017.07.03-09.02.09:354][  0]LogFileHelpers: Loading map 'MainMenu' took 0.216
[2017.07.03-09.02.09:486][  0]LogCollectionManager: Loaded 0 collections in 0.001764 seconds
[2017.07.03-09.02.09:529][  0]LogFileCache: Scanning file cache for directory 'C:/Users/i7230020.STUDENT.000/Documents/GitHub/MastersProject/Ava/Saved/Collections/' took 0.01s
[2017.07.03-09.02.09:529][  0]LogFileCache: Scanning file cache for directory 'C:/Users/i7230020.STUDENT.000/Documents/GitHub/MastersProject/Ava/Content/Developers/i7230020/Collections/' took 0.01s
[2017.07.03-09.02.09:529][  0]LogFileCache: Scanning file cache for directory 'C:/Users/i7230020.STUDENT.000/Documents/GitHub/MastersProject/Ava/Content/Collections/' took 0.01s
[2017.07.03-09.02.09:529][  0]LogCollectionManager: Rebuilt the GUID cache for 0 collections in 0.000002 seconds
[2017.07.03-09.02.09:539][  0]LogContentBrowser: Native class hierarchy populated in 0.0102 seconds. Added 2094 classes and 376 folders.
[2017.07.03-09.02.09:543][  0]LogStats: UGameplayTagsManager::ConstructGameplayTagTree: Construct from data asset -  0.000 s
[2017.07.03-09.02.09:543][  0]LogStats: UGameplayTagsManager::ConstructGameplayTagTree: GameplayTagTreeChangedEvent.Broadcast -  0.000 s
[2017.07.03-09.02.09:547][  0]LogContentBrowser: Native class hierarchy updated for 'GameplayTags' in 0.0032 seconds. Added 12 classes and 0 folders.
[2017.07.03-09.02.09:554][  0]LogContentBrowser: Native class hierarchy updated for 'WidgetCarousel' in 0.0030 seconds. Added 0 classes and 0 folders.
[2017.07.03-09.02.09:780][  0]LogContentBrowser: Native class hierarchy updated for 'AddContentDialog' in 0.0028 seconds. Added 0 classes and 0 folders.
[2017.07.03-09.02.09:786][  0]LogContentBrowser: Native class hierarchy updated for 'SceneOutliner' in 0.0028 seconds. Added 1 classes and 2 folders.
[2017.07.03-09.02.09:806][  0]LogCrashTracker: Crashtracker disabled due to settings.
[2017.07.03-09.02.09:810][  0]LogUObjectGlobals:Warning: Failed to find object 'Class None.'
[2017.07.03-09.02.09:839][  0]LogContentBrowser: Native class hierarchy updated for 'HierarchicalLODOutliner' in 0.0039 seconds. Added 1 classes and 2 folders.
[2017.07.03-09.02.09:839][  0]LogLoad: Full Startup: 23.78 seconds (BP compile: 0.04 seconds)
[2017.07.03-09.02.09:839][  0]LogExternalProfiler: Found external profiler: VSPerf
[2017.07.03-09.02.09:839][  0]LogExternalProfiler: Using external profiler: VSPerf
[2017.07.03-09.02.09:852][  0]LogOcInput: OculusInput pre-init called
[2017.07.03-09.02.09:871][  0]LogContentStreaming: Texture pool size now 1000 MB
[2017.07.03-09.02.10:082][  0]LogRenderer: Reallocating scene render targets to support 1616x592 (Frame:2).
[2017.07.03-09.02.10:143][  1]LogAssetRegistry: Asset discovery search completed in 10.2543 seconds
[2017.07.03-09.02.10:143][  1]LogCollectionManager: Rebuilt the object cache for 0 collections in 0.000001 seconds (found 0 objects)
[2017.07.03-09.02.10:143][  1]LogCollectionManager: Fixed up redirectors for 0 collections in 0.000017 seconds (updated 0 objects)
[2017.07.03-09.05.51:605][249]LogBlueprint:Warning: Compiler Warning InputAction Event references unknown Action 'Crouch' for  InputAction Crouch 
[2017.07.03-09.05.51:607][249]LogBlueprint:Warning: Compiler Warning [0245.53] Compile of Ue4ASP_Character successful, but with 1 Warning(s) [in 8 ms] (/Game/AnimStarterPack/Ue4ASP_Character.Ue4ASP_Character)
[2017.07.03-09.05.51:607][249]LogBlueprint:Warning: Compiler Warning [0245.53] Compile of Ue4ASP_Character successful, but with 2 Warning(s) [in 0 ms] (/Game/AnimStarterPack/Ue4ASP_Character.Ue4ASP_Character)
[2017.07.03-09.05.51:607][249]LogBlueprint:Warning: Compiler Warning [0245.53] Compile of Ue4ASP_Character successful, but with 3 Warning(s) [in 0 ms] (/Game/AnimStarterPack/Ue4ASP_Character.Ue4ASP_Character)
[2017.07.03-09.05.51:681][249]LogBlueprint:Warning: Compiler Warning InputAction Event references unknown Action 'Crouch' for  InputAction Crouch 
[2017.07.03-09.05.51:684][249]LogBlueprint:Warning: Compiler Warning [0245.61] Compile of Ue4ASP_Character successful, but with 1 Warning(s) [in 8 ms] (/Game/AnimStarterPack/Ue4ASP_Character.Ue4ASP_Character)
[2017.07.03-09.05.51:684][249]LogBlueprint:Warning: Compiler Warning [0245.61] Compile of Ue4ASP_Character successful, but with 2 Warning(s) [in 0 ms] (/Game/AnimStarterPack/Ue4ASP_Character.Ue4ASP_Character)
[2017.07.03-09.05.51:684][249]LogBlueprint:Warning: Compiler Warning [0245.61] Compile of Ue4ASP_Character successful, but with 3 Warning(s) [in 0 ms] (/Game/AnimStarterPack/Ue4ASP_Character.Ue4ASP_Character)
[2017.07.03-09.05.52:529][249]LogMaterial: Missing cached shader map for material M_Basic_Wall, compiling. 
[2017.07.03-09.05.52:530][249]LogMaterial:Warning: Failed to compile Material /Game/StarterContent/Materials/M_Basic_Wall.M_Basic_Wall for platform PCD3D_SM5, Default Material will be used in game.
[2017.07.03-09.05.52:530][249]LogMaterial:Warning: 	(Node TextureSample) TextureSample> Missing input texture
[2017.07.03-09.05.53:232][249]LogAIModule: Creating AISystem for world PalaceLevel
[2017.07.03-09.05.53:288][249]Cmd: MAP LOAD FILE="../../../../../../Users/i7230020.STUDENT.000/Documents/GitHub/MastersProject/Ava/Content/Ava/Maps/PalaceLevel.umap" TEMPLATE=0 SHOWPROGRESS=1 FEATURELEVEL=3
[2017.07.03-09.05.53:288][249]LightingResults: New page: Lighting Build
[2017.07.03-09.05.53:289][249]LoadErrors: New page: Loading map: PalaceLevel.umap
[2017.07.03-09.05.53:289][249]MapCheck: New page: Map Check
[2017.07.03-09.05.53:289][249]LightingResults: New page: Lighting Build
[2017.07.03-09.05.53:321][249]LogEditorServer: Finished looking for orphan Actors (0.000 secs)
[2017.07.03-09.05.53:354][249]Cmd: MAP CHECKDEP NOCLEARLOG
[2017.07.03-09.05.53:481][249]MapCheck: Info Map check complete: 0 Error(s), 0 Warning(s), took 127.883ms to complete.
[2017.07.03-09.05.53:482][249]LogFileHelpers: Loading map 'PalaceLevel' took 0.195
[2017.07.03-09.06.27:860][353]LogHotReload: New module detected: UE4Editor-Ava-2590.dll
[2017.07.03-09.06.30:554][362]LogHotReload: Starting Hot-Reload from IDE
[2017.07.03-09.06.30:642][362]LogClass: Could not find existing class Puzzle in package /Script/Ava for HotReload, assuming new class
[2017.07.03-09.06.30:642][362]LogClass: ItemDataVariables HotReload.
[2017.07.03-09.06.30:642][362]LogClass: Item HotReload.
[2017.07.03-09.06.30:644][362]LogHotReload: Re-instancing Antelope after hot-reload.
[2017.07.03-09.06.30:691][362]LogHotReload: Re-instancing Door after hot-reload.
[2017.07.03-09.06.30:865][362]LogUObjectGlobals:Warning: Guid referenced by BoxComponent /Game/Ava/Maps/PalaceLevel.PalaceLevel:PersistentLevel.Door_1.BoxCollision is already used by BoxComponent /Game/Ava/Maps/PalaceLevel.PalaceLevel:PersistentLevel.Door_0.BoxCollision, which should never happen in the editor but could happen at runtime with duplicate level loading or PIE
[2017.07.03-09.06.30:865][362]LogUObjectGlobals:Warning: Guid referenced by StaticMeshComponent /Game/Ava/Maps/PalaceLevel.PalaceLevel:PersistentLevel.Door_1.DoorMesh is already used by StaticMeshComponent /Game/Ava/Maps/PalaceLevel.PalaceLevel:PersistentLevel.Door_0.DoorMesh, which should never happen in the editor but could happen at runtime with duplicate level loading or PIE
[2017.07.03-09.06.30:865][362]LogUObjectGlobals:Warning: Guid referenced by TimelineComponent /Game/Ava/Maps/PalaceLevel.PalaceLevel:PersistentLevel.Door_1.TimelineScore is already used by TimelineComponent /Game/Ava/Maps/PalaceLevel.PalaceLevel:PersistentLevel.Door_0.TimelineScore, which should never happen in the editor but could happen at runtime with duplicate level loading or PIE
[2017.07.03-09.06.30:948][362]LogHotReload: Re-instancing PushPullItem after hot-reload.
[2017.07.03-09.06.31:019][362]LogHotReload: Re-instancing MainCharacter after hot-reload.
[2017.07.03-09.06.31:107][362]LogHotReload: Re-instancing StatueObject after hot-reload.
[2017.07.03-09.06.31:141][362]LogHotReload: Re-instancing Puzzle after hot-reload.
[2017.07.03-09.06.31:178][362]LogContentBrowser: Native class hierarchy updated for 'Ava' in 0.0027 seconds. Added 16 classes and 2 folders.
[2017.07.03-09.06.31:180][362]Warning: HotReload successful (7 functions remapped  0 scriptstructs remapped)
[2017.07.03-09.06.31:283][362]LogContentBrowser: Native class hierarchy populated in 0.0120 seconds. Added 2096 classes and 380 folders.
[2017.07.03-09.06.31:288][362]Warning: HotReload took  0.7s.
[2017.07.03-09.10.00:957][425]LogBlueprintUserMessages: Early PlayInEditor Detection: Level '/Game/Ava/Maps/PalaceLevel.PalaceLevel:PersistentLevel' has LevelScriptBlueprint '/Game/Ava/Maps/PalaceLevel.PalaceLevel:PersistentLevel.PalaceLevel' with GeneratedClass '/Game/Ava/Maps/PalaceLevel.PalaceLevel_C' with ClassGeneratedBy '/Game/Ava/Maps/PalaceLevel.PalaceLevel:PersistentLevel.PalaceLevel'
[2017.07.03-09.10.00:957][425]LogPlayLevel: PlayLevel: No blueprints needed recompiling
[2017.07.03-09.10.00:957][425]PIE: New page: SIE session: PalaceLevel (3 Jul 2017 10:10:00)
[2017.07.03-09.10.00:957][425]LogPlayLevel: Creating play world package: /Game/Ava/Maps/UEDPIE_0_PalaceLevel
[2017.07.03-09.10.01:033][425]LogPlayLevel: PIE: StaticDuplicateObject took: (0.075372s)
[2017.07.03-09.10.01:034][425]LogAIModule: Creating AISystem for world PalaceLevel
[2017.07.03-09.10.01:034][425]LogPlayLevel: PIE: World Init took: (0.000925s)
[2017.07.03-09.10.01:034][425]LogPlayLevel: PIE: Created PIE world by copying editor world from /Game/Ava/Maps/PalaceLevel.PalaceLevel to /Game/Ava/Maps/UEDPIE_0_PalaceLevel.PalaceLevel (0.076728s)
[2017.07.03-09.10.01:048][425]LogInit: XAudio2 using 'Speakers (Realtek High Definition Audio)' : 2 channels at 48 kHz using 32 bits per sample (channel mask 0x3)
[2017.07.03-09.10.01:057][425]LogInit: FAudioDevice initialized.
[2017.07.03-09.10.01:124][425]LogWorld: Game class is 'AvaGameMode'
[2017.07.03-09.10.01:215][425]LogWorld: Bringing World /Game/Ava/Maps/UEDPIE_0_PalaceLevel.PalaceLevel up for play (max tick rate 0) at 2017.07.03-10.10.01
[2017.07.03-09.10.01:218][425]LogWorld: Bringing up level for play took: 0.093161
[2017.07.03-09.10.01:246][425]LogContentBrowser: Native class hierarchy updated for 'MovieSceneCapture' in 0.0073 seconds. Added 11 classes and 0 folders.
[2017.07.03-09.10.01:248][425]PIE: Info Play in editor start time for /Game/Ava/Maps/UEDPIE_0_PalaceLevel 0.535
[2017.07.03-09.10.01:267][425]LogBlueprintUserMessages: Late PlayInEditor Detection: Level '/Game/Ava/Maps/PalaceLevel.PalaceLevel:PersistentLevel' has LevelScriptBlueprint '/Game/Ava/Maps/PalaceLevel.PalaceLevel:PersistentLevel.PalaceLevel' with GeneratedClass '/Game/Ava/Maps/PalaceLevel.PalaceLevel_C' with ClassGeneratedBy '/Game/Ava/Maps/PalaceLevel.PalaceLevel:PersistentLevel.PalaceLevel'
[2017.07.03-09.10.02:298][492]Cmd: POLY SELECT ADJACENT WALLS
[2017.07.03-09.10.16:551][421]LogBlueprintUserMessages: Early EndPlayMap Detection: Level '/Game/Ava/Maps/PalaceLevel.PalaceLevel:PersistentLevel' has LevelScriptBlueprint '/Game/Ava/Maps/PalaceLevel.PalaceLevel:PersistentLevel.PalaceLevel' with GeneratedClass '/Game/Ava/Maps/PalaceLevel.PalaceLevel_C' with ClassGeneratedBy '/Game/Ava/Maps/PalaceLevel.PalaceLevel:PersistentLevel.PalaceLevel'
[2017.07.03-09.10.16:611][421]LogBlueprintUserMessages: Late EndPlayMap Detection: Level '/Game/Ava/Maps/PalaceLevel.PalaceLevel:PersistentLevel' has LevelScriptBlueprint '/Game/Ava/Maps/PalaceLevel.PalaceLevel:PersistentLevel.PalaceLevel' with GeneratedClass '/Game/Ava/Maps/PalaceLevel.PalaceLevel_C' with ClassGeneratedBy '/Game/Ava/Maps/PalaceLevel.PalaceLevel:PersistentLevel.PalaceLevel'
[2017.07.03-09.10.23:555][813]LogBlueprintUserMessages: Early PlayInEditor Detection: Level '/Game/Ava/Maps/PalaceLevel.PalaceLevel:PersistentLevel' has LevelScriptBlueprint '/Game/Ava/Maps/PalaceLevel.PalaceLevel:PersistentLevel.PalaceLevel' with GeneratedClass '/Game/Ava/Maps/PalaceLevel.PalaceLevel_C' with ClassGeneratedBy '/Game/Ava/Maps/PalaceLevel.PalaceLevel:PersistentLevel.PalaceLevel'
[2017.07.03-09.10.23:555][813]LogPlayLevel: PlayLevel: No blueprints needed recompiling
[2017.07.03-09.10.23:555][813]PIE: New page: SIE session: PalaceLevel (3 Jul 2017 10:10:23)
[2017.07.03-09.10.23:555][813]LogPlayLevel: Creating play world package: /Game/Ava/Maps/UEDPIE_0_PalaceLevel
[2017.07.03-09.10.23:616][813]LogPlayLevel: PIE: StaticDuplicateObject took: (0.060876s)
[2017.07.03-09.10.23:616][813]LogAIModule: Creating AISystem for world PalaceLevel
[2017.07.03-09.10.23:617][813]LogPlayLevel: PIE: World Init took: (0.000723s)
[2017.07.03-09.10.23:617][813]LogPlayLevel: PIE: Created PIE world by copying editor world from /Game/Ava/Maps/PalaceLevel.PalaceLevel to /Game/Ava/Maps/UEDPIE_0_PalaceLevel.PalaceLevel (0.061941s)
[2017.07.03-09.10.23:628][813]LogInit: XAudio2 using 'Speakers (Realtek High Definition Audio)' : 2 channels at 48 kHz using 32 bits per sample (channel mask 0x3)
[2017.07.03-09.10.23:636][813]LogInit: FAudioDevice initialized.
[2017.07.03-09.10.23:712][813]LogWorld: Game class is 'AvaGameMode'
[2017.07.03-09.10.23:814][813]LogWorld: Bringing World /Game/Ava/Maps/UEDPIE_0_PalaceLevel.PalaceLevel up for play (max tick rate 0) at 2017.07.03-10.10.23
[2017.07.03-09.10.23:817][813]LogWorld: Bringing up level for play took: 0.103544
[2017.07.03-09.10.23:819][813]PIE: Info Play in editor start time for /Game/Ava/Maps/UEDPIE_0_PalaceLevel 1.105
[2017.07.03-09.10.23:821][813]LogBlueprintUserMessages: Late PlayInEditor Detection: Level '/Game/Ava/Maps/PalaceLevel.PalaceLevel:PersistentLevel' has LevelScriptBlueprint '/Game/Ava/Maps/PalaceLevel.PalaceLevel:PersistentLevel.PalaceLevel' with GeneratedClass '/Game/Ava/Maps/PalaceLevel.PalaceLevel_C' with ClassGeneratedBy '/Game/Ava/Maps/PalaceLevel.PalaceLevel:PersistentLevel.PalaceLevel'
[2017.07.03-09.10.28:100][ 63]Cmd: SELECT NONE
[2017.07.03-09.10.29:955][172]LogBlueprintUserMessages: Early EndPlayMap Detection: Level '/Game/Ava/Maps/PalaceLevel.PalaceLevel:PersistentLevel' has LevelScriptBlueprint '/Game/Ava/Maps/PalaceLevel.PalaceLevel:PersistentLevel.PalaceLevel' with GeneratedClass '/Game/Ava/Maps/PalaceLevel.PalaceLevel_C' with ClassGeneratedBy '/Game/Ava/Maps/PalaceLevel.PalaceLevel:PersistentLevel.PalaceLevel'
[2017.07.03-09.10.29:998][172]LogBlueprintUserMessages: Late EndPlayMap Detection: Level '/Game/Ava/Maps/PalaceLevel.PalaceLevel:PersistentLevel' has LevelScriptBlueprint '/Game/Ava/Maps/PalaceLevel.PalaceLevel:PersistentLevel.PalaceLevel' with GeneratedClass '/Game/Ava/Maps/PalaceLevel.PalaceLevel_C' with ClassGeneratedBy '/Game/Ava/Maps/PalaceLevel.PalaceLevel:PersistentLevel.PalaceLevel'
[2017.07.03-09.10.30:769][218]LogEditorViewport: Clicking on Actor (LMB): Door (Door1)
[2017.07.03-09.11.07:987][  8]LogEditorViewport: Clicking on Actor (LMB): StaticMeshActor (pillar_test54)
[2017.07.03-09.11.08:320][ 26]Cmd: CAMERA ALIGN ACTIVEVIEWPORTONLY
[2017.07.03-09.11.12:849][281]LogEditorViewport: Clicking on Actor (LMB): StaticMeshActor (prayerwheel)
[2017.07.03-09.11.12:949][283]Cmd: CAMERA ALIGN ACTIVEVIEWPORTONLY
[2017.07.03-09.12.43:393][998]Running C:/Program Files/Epic Games/4.12/Engine/Binaries/DotNET/UnrealBuildTool.exe Ava Win64 Development -editorrecompile "C:/Users/i7230020.STUDENT.000/Documents/GitHub/MastersProject/Ava/Ava.uproject" -invalidatemakefilesonly
[2017.07.03-09.12.43:797][998]Invalidating makefiles only in this run.
[2017.07.03-09.12.44:920][998]Recompiling Ava...
[2017.07.03-09.12.44:920][998]Launching UnrealBuildTool... [C:/Program Files/Epic Games/4.12/Engine/Binaries/DotNET/UnrealBuildTool.exe Ava -ModuleWithSuffix Ava 9619 Win64 Development -editorrecompile -canskiplink "C:/Users/i7230020.STUDENT.000/Documents/GitHub/MastersProject/Ava/Ava.uproject"  -2015]
[2017.07.03-09.13.05:006][998]CompilerResultsLog: New page: Compilation - 3 Jul 2017 10:13:05
[2017.07.03-09.13.05:007][998]CompilerResultsLog: Info Creating makefile for hot reloading Ava (no existing makefile)
[2017.07.03-09.13.05:007][998]CompilerResultsLog: Info Compiling game modules for hot reload
[2017.07.03-09.13.05:007][998]CompilerResultsLog: Info Parsing headers for AvaEditor
[2017.07.03-09.13.05:007][998]CompilerResultsLog: Info   Running UnrealHeaderTool "C:\Users\i7230020.STUDENT.000\Documents\GitHub\MastersProject\Ava\Ava.uproject" "C:\Users\i7230020.STUDENT.000\Documents\GitHub\MastersProject\Ava\Intermediate\Build\Win64\AvaEditor\Development\AvaEditor.uhtmanifest" -LogCmds="loginit warning, logexit warning, logdatabase error" -Unattended -WarningsAsErrors -installed
[2017.07.03-09.13.05:007][998]CompilerResultsLog: Info Reflection code generated for AvaEditor in 5.161658 seconds
[2017.07.03-09.13.05:007][998]CompilerResultsLog: Info Performing 5 actions (9 in parallel)
[2017.07.03-09.13.05:007][998]CompilerResultsLog: Info Puzzle.cpp
[2017.07.03-09.13.05:007][998]CompilerResultsLog: Info GreenPuzzle.cpp
[2017.07.03-09.13.05:007][998]CompilerResultsLog: Info Door.cpp
[2017.07.03-09.13.05:007][998]CompilerResultsLog: Info Ava.generated.cpp
[2017.07.03-09.13.05:007][998]CompilerResultsLog: Info [5/5] Link UE4Editor-Ava-9619.dll
[2017.07.03-09.13.05:007][998]CompilerResultsLog: Info    Creating library C:\Users\i7230020.STUDENT.000\Documents\GitHub\MastersProject\Ava\Intermediate\Build\Win64\UE4Editor\Development\UE4Editor-Ava-9619.lib and object C:\Users\i7230020.STUDENT.000\Documents\GitHub\MastersProject\Ava\Intermediate\Build\Win64\UE4Editor\Development\UE4Editor-Ava-9619.exp
[2017.07.03-09.13.05:007][998]CompilerResultsLog: Info Total build time: 19.92 seconds
[2017.07.03-09.13.05:007][998]LogMainFrame: MainFrame: Module compiling took 20.089 seconds
[2017.07.03-09.13.05:076][998]LogClass: Could not find existing class GreenPuzzle in package /Script/Ava for HotReload, assuming new class
[2017.07.03-09.13.05:076][998]LogClass: ItemDataVariables HotReload.
[2017.07.03-09.13.05:076][998]LogClass: Item HotReload.
[2017.07.03-09.13.05:077][998]LogHotReload: Re-instancing Antelope after hot-reload.
[2017.07.03-09.13.05:114][998]LogHotReload: Re-instancing Door after hot-reload.
[2017.07.03-09.13.05:190][998]LogHotReload: Re-instancing PushPullItem after hot-reload.
[2017.07.03-09.13.05:266][998]LogHotReload: Re-instancing MainCharacter after hot-reload.
[2017.07.03-09.13.05:344][998]LogHotReload: Re-instancing StatueObject after hot-reload.
[2017.07.03-09.13.05:381][998]LogContentBrowser: Native class hierarchy updated for 'Ava' in 0.0031 seconds. Added 17 classes and 2 folders.
[2017.07.03-09.13.05:382][998]Warning: HotReload successful (7 functions remapped  0 scriptstructs remapped)
[2017.07.03-09.13.05:434][998]LogContentBrowser: Native class hierarchy populated in 0.0111 seconds. Added 2097 classes and 380 folders.
[2017.07.03-09.13.05:434][998]Warning: HotReload took 21.4s.
[2017.07.03-09.13.05:435][998]Warning: HotReload operation took 21.4s.
[2017.07.03-09.13.05:584][998]LogVSAccessor:Warning: Couldn't goto line number '0' in 'C:/Users/i7230020.STUDENT.000/Documents/GitHub/MastersProject/Ava/Source/Ava/GreenPuzzle.h'
[2017.07.03-09.13.05:682][998]LogVSAccessor:Warning: Couldn't goto line number '0' in 'C:/Users/i7230020.STUDENT.000/Documents/GitHub/MastersProject/Ava/Source/Ava/GreenPuzzle.cpp'
[2017.07.03-09.13.05:705][998]LogHotReload: New module detected: UE4Editor-Ava-9619.dll
[2017.07.03-09.13.05:768][999]LogHotReload: Starting Hot-Reload from IDE
[2017.07.03-09.13.05:798][999]LogContentBrowser: Native class hierarchy updated for 'Ava' in 0.0028 seconds. Added 17 classes and 2 folders.
[2017.07.03-09.13.05:799][999]Warning: HotReload successful (0 functions remapped  0 scriptstructs remapped)
[2017.07.03-09.13.05:810][999]LogContentBrowser: Native class hierarchy populated in 0.0099 seconds. Added 2097 classes and 380 folders.
[2017.07.03-09.13.05:814][999]Warning: HotReload took  0.0s.
[2017.07.03-09.13.15:968][523]LogEditorViewport: Clicking on Actor (LMB): StaticMeshActor (big_circle)
[2017.07.03-09.13.16:430][543]LogEditorViewport: Clicking on Actor (LMB): StaticMeshActor (col)
[2017.07.03-09.13.23:883][964]LogEditor: Attempting to add actor of class 'GreenPuzzle' to level at -140.00,-3080.00,325.00
[2017.07.03-09.13.25:296][ 37]LogEditor: Attempting to add actor of class 'GreenPuzzle' to level at -155.00,-3080.00,335.00
[2017.07.03-09.13.26:987][141]Cmd: CAMERA ALIGN ACTIVEVIEWPORTONLY
[2017.07.03-09.13.44:261][118]Cmd: CAMERA ALIGN ACTIVEVIEWPORTONLY
[2017.07.03-09.15.10:627][465]LogEditorViewport: Clicking on Actor (LMB): Door (Door1)
[2017.07.03-09.15.13:115][620]Cmd: CAMERA ALIGN ACTIVEVIEWPORTONLY
[2017.07.03-09.15.19:479][973]LogEditorViewport: Clicking on Actor (LMB): Door (Door1)
[2017.07.03-09.15.21:063][ 56]Cmd: TRANSACTION UNDO
[2017.07.03-09.15.21:063][ 56]LogEditorTransaction: Undo Scale Actors
[2017.07.03-09.15.46:447][365]LogEditorViewport: Clicking on Actor (LMB): StaticMeshActor (col)
[2017.07.03-09.15.55:266][843]LogEditor: Attempting to add actor of class 'StatueObject' to level at -310.00,-3835.00,90.00
[2017.07.03-09.15.57:127][922]LogEditor: Attempting to add actor of class 'StatueObject' to level at -95.00,-3815.00,90.00
[2017.07.03-09.16.14:034][954]LogEditorViewport: Clicking on Actor (LMB): StaticMeshActor (col)
[2017.07.03-09.16.24:685][513]LogEditorViewport: Clicking on Actor (LMB): StaticMeshActor (statue_fence_fixed)
[2017.07.03-09.17.03:865][859]Cmd: TRANSACTION UNDO
[2017.07.03-09.17.03:865][859]LogEditorTransaction: Undo Move Components
[2017.07.03-09.17.04:596][891]Cmd: TRANSACTION UNDO
[2017.07.03-09.17.04:596][891]LogEditorTransaction: Undo Set actor scale
[2017.07.03-09.17.46:407][973]Cmd: CAMERA ALIGN ACTIVEVIEWPORTONLY
[2017.07.03-09.17.59:186][647]LogEditorViewport: Clicking on Actor (LMB): StaticMeshActor (col)
[2017.07.03-09.17.59:795][674]Cmd: DELETE
[2017.07.03-09.17.59:795][674]Cmd: ACTOR DELETE
[2017.07.03-09.17.59:799][674]LogEditorActor: Deleted Actor: StaticMeshActor
[2017.07.03-09.17.59:822][674]LogEditorActor: Deleted 1 Actors (0.027 secs)
[2017.07.03-09.18.06:106][ 20]LogBlueprintUserMessages: Early PlayInEditor Detection: Level '/Game/Ava/Maps/PalaceLevel.PalaceLevel:PersistentLevel' has LevelScriptBlueprint '/Game/Ava/Maps/PalaceLevel.PalaceLevel:PersistentLevel.PalaceLevel' with GeneratedClass '/Game/Ava/Maps/PalaceLevel.PalaceLevel_C' with ClassGeneratedBy '/Game/Ava/Maps/PalaceLevel.PalaceLevel:PersistentLevel.PalaceLevel'
[2017.07.03-09.18.06:106][ 20]LogPlayLevel: PlayLevel: No blueprints needed recompiling
[2017.07.03-09.18.06:106][ 20]PIE: New page: SIE session: PalaceLevel (3 Jul 2017 10:18:06)
[2017.07.03-09.18.06:106][ 20]LogPlayLevel: Creating play world package: /Game/Ava/Maps/UEDPIE_0_PalaceLevel
[2017.07.03-09.18.06:174][ 20]LogPlayLevel: PIE: StaticDuplicateObject took: (0.067629s)
[2017.07.03-09.18.06:175][ 20]LogAIModule: Creating AISystem for world PalaceLevel
[2017.07.03-09.18.06:175][ 20]LogPlayLevel: PIE: World Init took: (0.000806s)
[2017.07.03-09.18.06:175][ 20]LogPlayLevel: PIE: Created PIE world by copying editor world from /Game/Ava/Maps/PalaceLevel.PalaceLevel to /Game/Ava/Maps/UEDPIE_0_PalaceLevel.PalaceLevel (0.068781s)
[2017.07.03-09.18.06:186][ 20]LogInit: XAudio2 using 'Speakers (Realtek High Definition Audio)' : 2 channels at 48 kHz using 32 bits per sample (channel mask 0x3)
[2017.07.03-09.18.06:195][ 20]LogInit: FAudioDevice initialized.
[2017.07.03-09.18.06:248][ 20]LogWorld: Game class is 'AvaGameMode'
[2017.07.03-09.18.06:341][ 20]LogWorld: Bringing World /Game/Ava/Maps/UEDPIE_0_PalaceLevel.PalaceLevel up for play (max tick rate 0) at 2017.07.03-10.18.06
[2017.07.03-09.18.06:344][ 20]LogWorld: Bringing up level for play took: 0.094987
[2017.07.03-09.18.06:346][ 20]PIE: Info Play in editor start time for /Game/Ava/Maps/UEDPIE_0_PalaceLevel -0.397
[2017.07.03-09.18.06:348][ 20]LogBlueprintUserMessages: Late PlayInEditor Detection: Level '/Game/Ava/Maps/PalaceLevel.PalaceLevel:PersistentLevel' has LevelScriptBlueprint '/Game/Ava/Maps/PalaceLevel.PalaceLevel:PersistentLevel.PalaceLevel' with GeneratedClass '/Game/Ava/Maps/PalaceLevel.PalaceLevel_C' with ClassGeneratedBy '/Game/Ava/Maps/PalaceLevel.PalaceLevel:PersistentLevel.PalaceLevel'
[2017.07.03-09.18.20:024][609]LogBlueprintUserMessages: Early EndPlayMap Detection: Level '/Game/Ava/Maps/PalaceLevel.PalaceLevel:PersistentLevel' has LevelScriptBlueprint '/Game/Ava/Maps/PalaceLevel.PalaceLevel:PersistentLevel.PalaceLevel' with GeneratedClass '/Game/Ava/Maps/PalaceLevel.PalaceLevel_C' with ClassGeneratedBy '/Game/Ava/Maps/PalaceLevel.PalaceLevel:PersistentLevel.PalaceLevel'
[2017.07.03-09.18.20:083][609]LogBlueprintUserMessages: Late EndPlayMap Detection: Level '/Game/Ava/Maps/PalaceLevel.PalaceLevel:PersistentLevel' has LevelScriptBlueprint '/Game/Ava/Maps/PalaceLevel.PalaceLevel:PersistentLevel.PalaceLevel' with GeneratedClass '/Game/Ava/Maps/PalaceLevel.PalaceLevel_C' with ClassGeneratedBy '/Game/Ava/Maps/PalaceLevel.PalaceLevel:PersistentLevel.PalaceLevel'
[2017.07.03-09.18.51:145][277]LogSavePackage: Save=691.44ms
[2017.07.03-09.18.51:145][277]LogSavePackage: Moving '../../../../../../Users/i7230020.STUDENT.000/Documents/GitHub/MastersProject/Ava/Saved/PalaceLevel2583EA6149E7142F1557A788C2644EE2.tmp' to '../../../../../../Users/i7230020.STUDENT.000/Documents/GitHub/MastersProject/Ava/Content/Ava/Maps/PalaceLevel.umap'
[2017.07.03-09.18.51:156][277]LogSavePackage:Display: Finished SavePackage ../../../../../../Users/i7230020.STUDENT.000/Documents/GitHub/MastersProject/Ava/Content/Ava/Maps/PalaceLevel.umap
[2017.07.03-09.21.45:249][375]LogHotReload: New module detected: UE4Editor-Ava-6497.dll
[2017.07.03-09.21.47:936][384]LogHotReload: Starting Hot-Reload from IDE
[2017.07.03-09.21.48:015][384]LogClass: Could not find existing class Puzzle in package /Script/Ava for HotReload, assuming new class
[2017.07.03-09.21.48:015][384]LogClass: Could not find existing class GreenPuzzle in package /Script/Ava for HotReload, assuming new class
[2017.07.03-09.21.48:015][384]LogClass: ItemDataVariables HotReload.
[2017.07.03-09.21.48:015][384]LogClass: Item HotReload.
[2017.07.03-09.21.48:015][384]LogWindows: Windows GetLastError: The operation completed successfully. (0)
[2017.07.03-09.21.48:866][384]LogCrashTracker: 


[2017.07.03-09.21.48:866][384]LogCrashTracker: 


[2017.07.03-09.21.48:866][384]LogWindows:Error: === Critical error: ===
Assertion failed: Object [File:D:\Build\++UE4+Release-4.12+Compile\Sync\Engine\Source\Runtime\Engine\Private\UnrealEngine.cpp] [Line: 7968] 





[2017.07.03-09.21.48:889][384]LogExit: Executing StaticShutdownAfterError
[2017.07.03-09.21.48:893][384]LogWindows: FPlatformMisc::RequestExit(1)
[2017.07.03-09.21.48:893][384]Log file closed, 07/03/17 10:21:48
