Log file open, 07/24/17 11:08:36
LogInit:Display: Running engine for game: Ava
LogPlatformFile: Not using cached read wrapper
LogInit:Display: RandInit(1285268013) SRandInit(1285268015).
LogTaskGraph: Started task graph with 4 named threads and 9 total threads with 1 sets of task threads.
LogStats: Stats thread started at 0.101587
LogInit: Version: 4.12.5-3039270+++UE4+Release-4.12
LogInit: API Version: 2992821
LogInit: Net Version: 3039270
LogDevObjectVersion: Number of dev versions registered: 13
LogDevObjectVersion:   Dev-Blueprints (B0D832E4-1F89-4F0D-ACCF-7EB736FD4AA2): 3
LogDevObjectVersion:   Dev-Build (E1C64328-A22C-4D53-A36C-8E866417BD8C): 0
LogDevObjectVersion:   Dev-Core (375EC13C-06E4-48FB-B500-84F0262A717E): 1
LogDevObjectVersion:   Dev-Editor (E4B068ED-F494-42E9-A231-DA0B2E46BB41): 2
LogDevObjectVersion:   Dev-Framework (CFFC743F-43B0-4480-9391-14DF171D2073): 6
LogDevObjectVersion:   Dev-Mobile (B02B49B5-BB20-44E9-A304-32B752E40360): 0
LogDevObjectVersion:   Dev-Networking (A4E4105C-59A1-49B5-A7C5-40C4547EDFEE): 0
LogDevObjectVersion:   Dev-Online (39C831C9-5AE6-47DC-9A44-9C173E1C8E7C): 0
LogDevObjectVersion:   Dev-Physics (78F01B33-EBEA-4F98-B9B4-84EACCB95AA2): 0
LogDevObjectVersion:   Dev-Platform (6631380F-2D4D-43E0-8009-CF276956A95A): 0
LogDevObjectVersion:   Dev-Rendering (12F88B9F-8875-4AFC-A67C-D90C383ABD29): 2
LogDevObjectVersion:   Dev-Sequencer (7B5AE74C-D270-4C10-A958-57980B212A5A): 0
LogDevObjectVersion:   Dev-VR (D7296918-1DD6-4BDD-9DE2-64A83CC13884): 0
LogInit: Compiled (64-bit): Jul  6 2016 09:09:46
LogInit: Compiled with Visual C++: 19.00.23026.00
LogInit: Build Configuration: Development
LogInit: Branch Name: ++UE4+Release-4.12
LogInit: Command line:  
LogInit: Base directory: C:/Program Files/Epic Games/4.12/Engine/Binaries/Win64/
LogInit: Installed Engine Build: 1
LogInit: Using libcurl 7.41.0
LogInit:  - built for x86_64-pc-win32
LogInit:  - supports SSL with WinSSL
LogInit:  - other features:
LogInit:      CURL_VERSION_SSL
LogInit:      CURL_VERSION_IPV6
LogInit:      CURL_VERSION_ASYNCHDNS
LogInit:      CURL_VERSION_LARGEFILE
LogInit:      CURL_VERSION_IDN
LogInit:  CurlRequestOptions (configurable via config and command line):
LogInit:  - bVerifyPeer = true  - Libcurl will verify peer certificate
LogInit:  - bUseHttpProxy = false  - Libcurl will NOT use HTTP proxy
LogInit:  - bDontReuseConnections = false  - Libcurl will reuse connections
LogInit:  - CertBundlePath = nullptr  - Libcurl will use whatever was configured at build time.
LogInit: Presizing for max 8388607 objects, including 0 objects not considered by GC, pre-allocating 0 bytes for permanent pool.
LogInit: Object subsystem initialized
[2017.07.24-10.08.37:033][  0]LogInit: Selected Device Profile: [Windows]
[2017.07.24-10.08.37:033][  0]LogInit: Applying CVar settings loaded from the selected device profile: [Windows]
[2017.07.24-10.08.37:048][  0]LogInit: Computer: PC42640
[2017.07.24-10.08.37:048][  0]LogInit: User: i7230020
[2017.07.24-10.08.37:048][  0]LogInit: CPU Page size=65536, Cores=6
[2017.07.24-10.08.37:048][  0]LogInit: High frequency timer resolution =3.410097 MHz
[2017.07.24-10.08.37:048][  0]LogMemory: Memory total: Physical=31.9GB (32GB approx)
[2017.07.24-10.08.37:048][  0]LogMemory: Platform Memory Stats for Windows
[2017.07.24-10.08.37:048][  0]LogMemory: Process Physical Memory: 196.21 MB used, 196.21 MB peak
[2017.07.24-10.08.37:048][  0]LogMemory: Process Virtual Memory: 198.96 MB used, 198.96 MB peak
[2017.07.24-10.08.37:048][  0]LogMemory: Physical Memory: 13062.51 MB used, 32684.15 MB total
[2017.07.24-10.08.37:048][  0]LogMemory: Virtual Memory: 539.58 MB used, 8388608.00 MB total
[2017.07.24-10.08.37:117][  0]LogTextLocalizationManager: No specific translations for ('en-GB') exist, so ('en') translations will be used.
[2017.07.24-10.08.37:542][  0]LogD3D11RHI: D3D11 adapters:
[2017.07.24-10.08.37:560][  0]LogD3D11RHI:    0. 'NVIDIA Quadro M4000' (Feature Level 11_0)
[2017.07.24-10.08.37:560][  0]LogD3D11RHI:       8092/0/16086 MB DedicatedVideo/DedicatedSystem/SharedSystem, Outputs:1, VendorId:0x10de
[2017.07.24-10.08.37:560][  0]LogD3D11RHI: Chosen D3D11 Adapter: 0
[2017.07.24-10.08.37:576][  0]LogD3D11RHI: Creating new Direct3DDevice
[2017.07.24-10.08.37:576][  0]LogD3D11RHI:     GPU DeviceId: 0x13f1 (for the marketing name, search the web for "GPU Device Id")
[2017.07.24-10.08.37:576][  0]LogWindows: EnumDisplayDevices:
[2017.07.24-10.08.37:576][  0]LogWindows:    0. 'NVIDIA Quadro M4000' (P:1 D:1)
[2017.07.24-10.08.37:577][  0]LogWindows:    1. 'NVIDIA Quadro M4000' (P:0 D:0)
[2017.07.24-10.08.37:579][  0]LogWindows:    2. 'NVIDIA Quadro M4000' (P:0 D:0)
[2017.07.24-10.08.37:580][  0]LogWindows:    3. 'NVIDIA Quadro M4000' (P:0 D:0)
[2017.07.24-10.08.37:580][  0]LogWindows:    4. 'RDPDD Chained DD' (P:0 D:0)
[2017.07.24-10.08.37:581][  0]LogWindows:    5. 'RDP Encoder Mirror Driver' (P:0 D:0)
[2017.07.24-10.08.37:582][  0]LogWindows:    6. 'RDP Reflector Display Driver' (P:0 D:0)
[2017.07.24-10.08.37:582][  0]LogWindows: DebugString: GetVideoDriverDetailsInvalid PrimaryIsNotTheChoosenAdapter GetVideoDriverDetailsInvalid PrimaryIsNotTheChoosenAdapter GetVideoDriverDetailsInvalid PrimaryIsNotTheChoosenAdapter FoundDriverCount:4 
[2017.07.24-10.08.37:582][  0]LogD3D11RHI:     Adapter Name: NVIDIA Quadro M4000
[2017.07.24-10.08.37:582][  0]LogD3D11RHI:   Driver Version: 362.13 (internal:10.18.13.6213, unified:362.13)
[2017.07.24-10.08.37:582][  0]LogD3D11RHI:      Driver Date: 3-18-2016
[2017.07.24-10.08.37:582][  0]LogRHI: Texture pool is 1361 MB (70% of 1945 MB)
[2017.07.24-10.08.37:594][  0]LogD3D11RHI: Async texture creation enabled
[2017.07.24-10.08.37:607][  0]LogD3D11RHI: GPU Timing Frequency: 1000.000000 (Debug: 2 2)
[2017.07.24-10.08.37:607][  0]LogShaderCompilers: Guid format shader working directory is -8 characters bigger than the processId version (W:/University Work/Masters/MastersProject/MastersProject/Ava/Intermediate/Shaders/WorkingDirectory/44072/).
[2017.07.24-10.08.37:607][  0]LogShaderCompilers: Cleaned the shader compiler working directory 'C:/Users/I72300~1.000/AppData/Local/Temp/UnrealShaderWorkingDir/38F3A773481DC7E044A0988824B2DD03/'.
[2017.07.24-10.08.37:607][  0]LogShaderCompilers:Display: Using Local Shader Compiler.
[2017.07.24-10.08.38:672][  0]LogTemp:Display: Loaded TP AllDesktopTargetPlatform
[2017.07.24-10.08.38:681][  0]LogTemp:Display: Loaded TP WindowsClientTargetPlatform
[2017.07.24-10.08.38:690][  0]LogTemp:Display: Loaded TP WindowsNoEditorTargetPlatform
[2017.07.24-10.08.38:699][  0]LogTemp:Display: Loaded TP WindowsServerTargetPlatform
[2017.07.24-10.08.38:707][  0]LogTemp:Display: Loaded TP WindowsTargetPlatform
[2017.07.24-10.08.38:714][  0]LogTemp:Display: Loaded TP AndroidTargetPlatform
[2017.07.24-10.08.38:722][  0]LogTemp:Display: Loaded TP Android_ASTCTargetPlatform
[2017.07.24-10.08.38:729][  0]LogTemp:Display: Loaded TP Android_ATCTargetPlatform
[2017.07.24-10.08.38:736][  0]LogTemp:Display: Loaded TP Android_DXTTargetPlatform
[2017.07.24-10.08.38:744][  0]LogTemp:Display: Loaded TP Android_ETC1TargetPlatform
[2017.07.24-10.08.38:751][  0]LogTemp:Display: Loaded TP Android_ETC2TargetPlatform
[2017.07.24-10.08.38:766][  0]LogTemp:Display: Loaded TP Android_MultiTargetPlatform
[2017.07.24-10.08.38:766][  0]LogTemp:Display: Loaded TP Android_PVRTCTargetPlatform
[2017.07.24-10.08.38:767][  0]LogTemp:Display: Loaded TP HTML5TargetPlatform
[2017.07.24-10.08.38:787][  0]LogTemp:Display: Loaded TP IOSTargetPlatform
[2017.07.24-10.08.38:794][  0]LogTemp:Display: Loaded TP TVOSTargetPlatform
[2017.07.24-10.08.38:801][  0]LogTemp:Display: Loaded TP LinuxNoEditorTargetPlatform
[2017.07.24-10.08.38:808][  0]LogTemp:Display: Loaded TP LinuxServerTargetPlatform
[2017.07.24-10.08.38:816][  0]LogTemp:Display: Loaded TP LinuxTargetPlatform
[2017.07.24-10.08.38:816][  0]LogTargetPlatformManager:Display: Building Assets For Windows
[2017.07.24-10.08.38:949][  0]LogDerivedDataCache:Display: Max Cache Size: 512 MB
[2017.07.24-10.08.39:007][  0]LogDerivedDataCache: Loaded boot cache 0.06s 49MB C:/Users/i7230020.STUDENT.000/AppData/Local/UnrealEngine/4.12/DerivedDataCache/Boot.ddc.
[2017.07.24-10.08.39:008][  0]LogDerivedDataCache:Display: Loaded Boot cache: C:/Users/i7230020.STUDENT.000/AppData/Local/UnrealEngine/4.12/DerivedDataCache/Boot.ddc
[2017.07.24-10.08.39:008][  0]LogDerivedDataCache: FDerivedDataBackendGraph:  Pak pak cache file W:/University Work/Masters/MastersProject/MastersProject/Ava/DerivedDataCache/DDC.ddp not found, will not use a pak cache.
[2017.07.24-10.08.39:008][  0]LogDerivedDataCache: Unable to find inner node Pak for hierarchical cache Hierarchy.
[2017.07.24-10.08.39:008][  0]LogDerivedDataCache: FDerivedDataBackendGraph:  CompressedPak pak cache file W:/University Work/Masters/MastersProject/MastersProject/Ava/DerivedDataCache/Compressed.ddp not found, will not use a pak cache.
[2017.07.24-10.08.39:008][  0]LogDerivedDataCache: Unable to find inner node CompressedPak for hierarchical cache Hierarchy.
[2017.07.24-10.08.39:027][  0]LogDerivedDataCache:Display: Pak cache opened for reading ../../../Engine/DerivedDataCache/Compressed.ddp.
[2017.07.24-10.08.39:040][  0]LogDerivedDataCache: Using Local data cache path C:/Users/i7230020.STUDENT.000/AppData/Local/UnrealEngine/Common/DerivedDataCache: Writable
[2017.07.24-10.08.39:285][  0]LogInit: Selected Device Profile: [Windows]
[2017.07.24-10.08.39:286][  0]LogContentStreaming: Texture pool size is 0.00 MB
[2017.07.24-10.08.39:437][  0]LogMeshUtilities: No automatic mesh reduction module available
[2017.07.24-10.08.39:437][  0]LogMeshUtilities: No automatic mesh merging module available
[2017.07.24-10.08.39:437][  0]LogMeshUtilities: No distributed automatic mesh merging module available
[2017.07.24-10.08.39:705][  0]LogAssetRegistry: FAssetRegistry took 0.0196 seconds to start up
[2017.07.24-10.08.39:771][  0]LogPackageLocalizationCache: Processed 4 localized package path(s) for 2 prioritized culture(s) in 0.063264 seconds
[2017.07.24-10.08.39:774][  0]LogUObjectArray: 28739 objects as part of root set at end of initial load.
[2017.07.24-10.08.39:774][  0]LogUObjectAllocator: 5855624 out of 0 bytes used by permanent object pool.
[2017.07.24-10.08.39:774][  0]LogUObjectArray: CloseDisregardForGC: 0/0 objects in disregard for GC pool
[2017.07.24-10.08.39:780][  0]LogInit: WinSock: version 1.1 (2.2), MaxSocks=32767, MaxUdp=65467
[2017.07.24-10.08.39:960][  0]LogSlate: SlateFontCache - WITH_FREETYPE: 1, WITH_HARFBUZZ: 1
[2017.07.24-10.08.39:960][  0]LogSlate: SlateFontCache - WITH_FREETYPE: 1, WITH_HARFBUZZ: 1
[2017.07.24-10.08.40:885][  0]LogUdpMessaging: Initializing bridge on interface 0.0.0.0:0 to multicast group 230.0.0.1:6666.
[2017.07.24-10.08.40:963][  0]LogStats: FPlatformStackWalk::StackWalkAndDump -  0.011 s
[2017.07.24-10.08.40:963][  0]LogOutputDevice:Warning: === Handled error: ===

Ensure condition failed: !AttachmentRules.bWeldSimulatedBodies [File:D:\Build\++UE4+Release-4.12+Compile\Sync\Engine\Source\Runtime\Engine\Private\Components\SceneComponent.cpp] [Line: 1481]
AttachToComponent when called from a constructor cannot weld simulated bodies. Consider calling SetupAttachment directly instead.
Stack: 
UE4Editor-Core.dll
UE4Editor-Core.dll
UE4Editor-Core.dll
UE4Editor-Engine.dll
UE4Editor-Ava-4459.dll
UE4Editor-CoreUObject.dll
UE4Editor-CoreUObject.dll
UE4Editor-CoreUObject.dll
UE4Editor-CoreUObject.dll
UE4Editor-Core.dll
UE4Editor-Core.dll
UE4Editor-Projects.dll
UE4Editor-Projects.dll
UE4Editor.exe
UE4Editor.exe
UE4Editor.exe
UE4Editor.exe
UE4Editor.exe
UE4Editor.exe
kernel32.dll
ntdll.dll
ntdll.dll

[2017.07.24-10.08.40:963][  0]LogStats:                SubmitErrorReport -  0.000 s
[2017.07.24-10.08.41:397][  0]LogStats:                    SendNewReport -  0.434 s
[2017.07.24-10.08.41:397][  0]LogStats:             FDebug::EnsureFailed -  0.446 s
[2017.07.24-10.08.41:575][  0]SourceControl: Info Source control is disabled
[2017.07.24-10.08.41:578][  0]SourceControl: Info Source control is disabled
[2017.07.24-10.08.41:589][  0]SourceControl: Info Source control is disabled
[2017.07.24-10.08.41:601][  0]SourceControl: Info Source control is disabled
[2017.07.24-10.08.41:757][  0]LogHoudiniEngine: Starting the Houdini Engine module.
[2017.07.24-10.08.41:758][  0]LogHoudiniEngine: Loaded libHAPIL.dll from Registry path C:\Program Files\Side Effects Software\Houdini 15.5.632/bin
[2017.07.24-10.08.41:758][  0]LogLinker:Warning: Asset '../../../Engine/Plugins/Runtime/HoudiniEngine/Content/houdini_logo.uasset' has been saved with empty engine version. The asset will be loaded but may be incompatible.
[2017.07.24-10.08.41:760][  0]LogLinker:Warning: Asset '../../../Engine/Plugins/Runtime/HoudiniEngine/Content/houdini_default_material.uasset' has been saved with empty engine version. The asset will be loaded but may be incompatible.
[2017.07.24-10.08.41:764][  0]LogLinker:Warning: Asset '../../../Engine/Plugins/Runtime/HoudiniEngine/Content/houdini_bgeo_import.uasset' has been saved with empty engine version. The asset will be loaded but may be incompatible.
[2017.07.24-10.08.43:038][  0]LogHoudiniEngine: Successfully initialized the Houdini Engine API module.
[2017.07.24-10.08.43:219][  0]LogEngine: Initializing Engine...
[2017.07.24-10.08.43:221][  0]LogHMD: SteamVR failed to initialize.  Err: 110
[2017.07.24-10.08.43:222][  0]LogHMD: SteamVR failed to initialize.  Err: 110
[2017.07.24-10.08.43:399][  0]LogAIModule: Creating AISystem for world NewWorld
[2017.07.24-10.08.43:408][  0]LogInit: XAudio2 using 'Speakers (Realtek High Definition Audio)' : 2 channels at 48 kHz using 32 bits per sample (channel mask 0x3)
[2017.07.24-10.08.43:426][  0]LogInit: FAudioDevice initialized.
[2017.07.24-10.08.43:466][  0]LogDerivedDataCache: Saved boot cache 0.04s 49MB C:/Users/i7230020.STUDENT.000/AppData/Local/UnrealEngine/4.12/DerivedDataCache/Boot.ddc.
[2017.07.24-10.08.43:471][  0]LogInit: Texture streaming: Enabled
[2017.07.24-10.08.43:499][  0]LogInit: Transaction tracking system initialized
[2017.07.24-10.08.43:522][  0]BlueprintLog: New page: Editor Load
[2017.07.24-10.08.43:586][  0]LocalizationService: Info Localization service is disabled
[2017.07.24-10.08.43:651][  0]LogConsoleResponse:Display: 
[2017.07.24-10.08.43:759][  0]LogCook:Display: Max memory allowance for cook 8192mb
[2017.07.24-10.08.43:759][  0]LogCook:Display: Mobile HDR setting 1
[2017.07.24-10.08.43:855][  0]LogFileCache: Scanning file cache for directory 'W:/University Work/Masters/MastersProject/MastersProject/Ava/Content/' took 0.02s
[2017.07.24-10.08.43:855][  0]LogHoudiniEngineEditor: Starting the Houdini Engine Editor module.
[2017.07.24-10.08.43:901][  0]SourceControl: Info Source control is disabled
[2017.07.24-10.08.43:901][  0]Cmd: MAP LOAD FILE="W:/University Work/Masters/MastersProject/MastersProject/Ava/Content/Ava/Maps/PalaceLevel.umap" TEMPLATE=0 SHOWPROGRESS=1 FEATURELEVEL=3
[2017.07.24-10.08.43:902][  0]LightingResults: New page: Lighting Build
[2017.07.24-10.08.43:904][  0]MapCheck: New page: Map Check
[2017.07.24-10.08.43:904][  0]LightingResults: New page: Lighting Build
[2017.07.24-10.08.46:391][  0]LogMaterial: Missing cached shader map for material M_Basic_Wall, compiling. 
[2017.07.24-10.08.46:392][  0]LogMaterial:Warning: Failed to compile Material /Game/StarterContent/Materials/M_Basic_Wall.M_Basic_Wall for platform PCD3D_SM5, Default Material will be used in game.
[2017.07.24-10.08.46:392][  0]LogMaterial:Warning: 	(Node TextureSample) TextureSample> Missing input texture
[2017.07.24-10.08.46:456][  0]LogAIModule: Creating AISystem for world PalaceLevel
[2017.07.24-10.08.46:503][  0]LogEditorServer: Finished looking for orphan Actors (0.000 secs)
[2017.07.24-10.08.46:504][  0]Cmd: MAP CHECKDEP NOCLEARLOG
[2017.07.24-10.08.46:626][  0]MapCheck: Info Map check complete: 0 Error(s), 0 Warning(s), took 121.687ms to complete.
[2017.07.24-10.08.46:626][  0]LogFileHelpers: Loading map 'PalaceLevel' took 2.725
[2017.07.24-10.08.46:909][  0]LogCollectionManager: Loaded 0 collections in 0.001379 seconds
[2017.07.24-10.08.46:949][  0]LogFileCache: Scanning file cache for directory 'W:/University Work/Masters/MastersProject/MastersProject/Ava/Saved/Collections/' took 0.01s
[2017.07.24-10.08.46:949][  0]LogFileCache: Scanning file cache for directory 'W:/University Work/Masters/MastersProject/MastersProject/Ava/Content/Developers/i7230020/Collections/' took 0.01s
[2017.07.24-10.08.46:949][  0]LogFileCache: Scanning file cache for directory 'W:/University Work/Masters/MastersProject/MastersProject/Ava/Content/Collections/' took 0.01s
[2017.07.24-10.08.46:949][  0]LogCollectionManager: Rebuilt the GUID cache for 0 collections in 0.000002 seconds
[2017.07.24-10.08.46:958][  0]LogContentBrowser: Native class hierarchy populated in 0.0091 seconds. Added 2101 classes and 376 folders.
[2017.07.24-10.08.46:961][  0]LogStats: UGameplayTagsManager::ConstructGameplayTagTree: Construct from data asset -  0.000 s
[2017.07.24-10.08.46:961][  0]LogStats: UGameplayTagsManager::ConstructGameplayTagTree: GameplayTagTreeChangedEvent.Broadcast -  0.000 s
[2017.07.24-10.08.46:964][  0]LogContentBrowser: Native class hierarchy updated for 'GameplayTags' in 0.0025 seconds. Added 12 classes and 0 folders.
[2017.07.24-10.08.46:970][  0]LogContentBrowser: Native class hierarchy updated for 'WidgetCarousel' in 0.0024 seconds. Added 0 classes and 0 folders.
[2017.07.24-10.08.47:035][  0]LogContentBrowser: Native class hierarchy updated for 'AddContentDialog' in 0.0025 seconds. Added 0 classes and 0 folders.
[2017.07.24-10.08.47:040][  0]LogContentBrowser: Native class hierarchy updated for 'SceneOutliner' in 0.0024 seconds. Added 1 classes and 2 folders.
[2017.07.24-10.08.47:057][  0]LogCrashTracker: Crashtracker disabled due to settings.
[2017.07.24-10.08.47:098][  0]LogContentBrowser: Native class hierarchy updated for 'HierarchicalLODOutliner' in 0.0024 seconds. Added 1 classes and 2 folders.
[2017.07.24-10.08.47:098][  0]LogLoad: Full Startup: 16.59 seconds (BP compile: 1.38 seconds)
[2017.07.24-10.08.47:098][  0]LogExternalProfiler: Found external profiler: VSPerf
[2017.07.24-10.08.47:098][  0]LogExternalProfiler: Using external profiler: VSPerf
[2017.07.24-10.08.47:108][  0]LogOcInput: OculusInput pre-init called
[2017.07.24-10.08.47:132][  0]LogContentStreaming: Texture pool size now 1000 MB
[2017.07.24-10.08.47:285][  0]LogRenderer: Reallocating scene render targets to support 1616x600 (Frame:2).
[2017.07.24-10.08.47:426][  1]LogAssetRegistry: Asset discovery search completed in 7.7412 seconds
[2017.07.24-10.08.47:426][  1]LogCollectionManager: Rebuilt the object cache for 0 collections in 0.000001 seconds (found 0 objects)
[2017.07.24-10.08.47:426][  1]LogCollectionManager: Fixed up redirectors for 0 collections in 0.000018 seconds (updated 0 objects)
[2017.07.24-10.08.49:128][140]LogBlueprintUserMessages: Early PlayInEditor Detection: Level '/Game/Ava/Maps/PalaceLevel.PalaceLevel:PersistentLevel' has LevelScriptBlueprint '/Game/Ava/Maps/PalaceLevel.PalaceLevel:PersistentLevel.PalaceLevel' with GeneratedClass '/Game/Ava/Maps/PalaceLevel.PalaceLevel_C' with ClassGeneratedBy '/Game/Ava/Maps/PalaceLevel.PalaceLevel:PersistentLevel.PalaceLevel'
[2017.07.24-10.08.49:128][140]LogPlayLevel: PlayLevel: No blueprints needed recompiling
[2017.07.24-10.08.49:130][140]PIE: New page: PIE session: PalaceLevel (24 Jul 2017 11:08:49)
[2017.07.24-10.08.49:130][140]LogPlayLevel: Creating play world package: /Game/Ava/Maps/UEDPIE_0_PalaceLevel
[2017.07.24-10.08.49:183][140]LogPlayLevel: PIE: StaticDuplicateObject took: (0.053580s)
[2017.07.24-10.08.49:184][140]LogAIModule: Creating AISystem for world PalaceLevel
[2017.07.24-10.08.49:184][140]LogPlayLevel: PIE: World Init took: (0.000606s)
[2017.07.24-10.08.49:184][140]LogPlayLevel: PIE: Created PIE world by copying editor world from /Game/Ava/Maps/PalaceLevel.PalaceLevel to /Game/Ava/Maps/UEDPIE_0_PalaceLevel.PalaceLevel (0.054552s)
[2017.07.24-10.08.49:237][140]LogInit: XAudio2 using 'Speakers (Realtek High Definition Audio)' : 2 channels at 48 kHz using 32 bits per sample (channel mask 0x3)
[2017.07.24-10.08.49:245][140]LogInit: FAudioDevice initialized.
[2017.07.24-10.08.49:312][140]LogWorld: Game class is 'AvaGameMode'
[2017.07.24-10.08.49:352][140]LogWorld: Bringing World /Game/Ava/Maps/UEDPIE_0_PalaceLevel.PalaceLevel up for play (max tick rate 0) at 2017.07.24-11.08.49
[2017.07.24-10.08.49:355][140]LogWorld: Bringing up level for play took: 0.041772
[2017.07.24-10.08.49:363][140]LogContentBrowser: Native class hierarchy updated for 'MovieSceneCapture' in 0.0029 seconds. Added 11 classes and 0 folders.
[2017.07.24-10.08.49:368][140]LogBlueprintUserMessages: [GameUIBP_C_0] SEt UI
[2017.07.24-10.08.49:369][140]PIE: Info Play in editor start time for /Game/Ava/Maps/UEDPIE_0_PalaceLevel -0.119
[2017.07.24-10.08.49:369][140]LogBlueprintUserMessages: Late PlayInEditor Detection: Level '/Game/Ava/Maps/PalaceLevel.PalaceLevel:PersistentLevel' has LevelScriptBlueprint '/Game/Ava/Maps/PalaceLevel.PalaceLevel:PersistentLevel.PalaceLevel' with GeneratedClass '/Game/Ava/Maps/PalaceLevel.PalaceLevel_C' with ClassGeneratedBy '/Game/Ava/Maps/PalaceLevel.PalaceLevel:PersistentLevel.PalaceLevel'
[2017.07.24-10.09.03:598][833]LogBlueprintUserMessages: Early EndPlayMap Detection: Level '/Game/Ava/Maps/PalaceLevel.PalaceLevel:PersistentLevel' has LevelScriptBlueprint '/Game/Ava/Maps/PalaceLevel.PalaceLevel:PersistentLevel.PalaceLevel' with GeneratedClass '/Game/Ava/Maps/PalaceLevel.PalaceLevel_C' with ClassGeneratedBy '/Game/Ava/Maps/PalaceLevel.PalaceLevel:PersistentLevel.PalaceLevel'
[2017.07.24-10.09.03:630][833]LogBlueprintUserMessages: Late EndPlayMap Detection: Level '/Game/Ava/Maps/PalaceLevel.PalaceLevel:PersistentLevel' has LevelScriptBlueprint '/Game/Ava/Maps/PalaceLevel.PalaceLevel:PersistentLevel.PalaceLevel' with GeneratedClass '/Game/Ava/Maps/PalaceLevel.PalaceLevel_C' with ClassGeneratedBy '/Game/Ava/Maps/PalaceLevel.PalaceLevel:PersistentLevel.PalaceLevel'
[2017.07.24-10.09.40:047][983]LogHotReload: New module detected: UE4Editor-Ava-7870.dll
[2017.07.24-10.09.43:060][993]LogHotReload: Starting Hot-Reload from IDE
[2017.07.24-10.09.43:117][993]LogClass: ItemDataVariables HotReload.
[2017.07.24-10.09.43:117][993]LogClass: Item HotReload.
[2017.07.24-10.09.43:119][993]LogHotReload: Re-instancing Antelope after hot-reload.
[2017.07.24-10.09.43:167][993]LogHotReload: Re-instancing Door after hot-reload.
[2017.07.24-10.09.43:545][993]LogHotReload: Re-instancing PushPullItem after hot-reload.
[2017.07.24-10.09.43:783][993]LogHotReload: Re-instancing PickUpItem after hot-reload.
[2017.07.24-10.09.44:119][993]LogHotReload: Re-instancing MainCharacter after hot-reload.
[2017.07.24-10.09.44:267][993]LogHotReload: Re-instancing OfferingPit after hot-reload.
[2017.07.24-10.09.44:355][993]LogHotReload: Re-instancing OfferingStatue after hot-reload.
[2017.07.24-10.09.44:507][993]LogHotReload: Re-instancing StatueObject after hot-reload.
[2017.07.24-10.09.44:711][993]LogHotReload: Re-instancing BluePuzzle after hot-reload.
[2017.07.24-10.09.44:790][993]LogHotReload: Re-instancing GreenPuzzle after hot-reload.
[2017.07.24-10.09.44:861][993]LogHotReload: Re-instancing RedPuzzle after hot-reload.
[2017.07.24-10.09.44:944][993]LogHotReload: Re-instancing WhitePuzzle after hot-reload.
[2017.07.24-10.09.45:021][993]LogContentBrowser: Native class hierarchy updated for 'Ava' in 0.0026 seconds. Added 23 classes and 2 folders.
[2017.07.24-10.09.45:023][993]Warning: HotReload successful (14 functions remapped  0 scriptstructs remapped)
[2017.07.24-10.09.45:135][993]LogContentBrowser: Native class hierarchy populated in 0.0093 seconds. Added 2103 classes and 380 folders.
[2017.07.24-10.09.45:139][993]Warning: HotReload took  2.1s.
[2017.07.24-10.09.49:433][468]LogEditorViewport: Clicking on Actor (LMB): MyMainCharacterBP_C (MyMainCharacterBP)
[2017.07.24-10.09.49:685][474]Cmd: CAMERA ALIGN ACTIVEVIEWPORTONLY
[2017.07.24-10.09.51:133][592]LogBlueprintUserMessages: Early PlayInEditor Detection: Level '/Game/Ava/Maps/PalaceLevel.PalaceLevel:PersistentLevel' has LevelScriptBlueprint '/Game/Ava/Maps/PalaceLevel.PalaceLevel:PersistentLevel.PalaceLevel' with GeneratedClass '/Game/Ava/Maps/PalaceLevel.PalaceLevel_C' with ClassGeneratedBy '/Game/Ava/Maps/PalaceLevel.PalaceLevel:PersistentLevel.PalaceLevel'
[2017.07.24-10.09.51:133][592]LogPlayLevel: PlayLevel: No blueprints needed recompiling
[2017.07.24-10.09.51:133][592]PIE: New page: PIE session: PalaceLevel (24 Jul 2017 11:09:51)
[2017.07.24-10.09.51:133][592]LogPlayLevel: Creating play world package: /Game/Ava/Maps/UEDPIE_0_PalaceLevel
[2017.07.24-10.09.51:193][592]LogPlayLevel: PIE: StaticDuplicateObject took: (0.059765s)
[2017.07.24-10.09.51:194][592]LogAIModule: Creating AISystem for world PalaceLevel
[2017.07.24-10.09.51:194][592]LogPlayLevel: PIE: World Init took: (0.000713s)
[2017.07.24-10.09.51:194][592]LogPlayLevel: PIE: Created PIE world by copying editor world from /Game/Ava/Maps/PalaceLevel.PalaceLevel to /Game/Ava/Maps/UEDPIE_0_PalaceLevel.PalaceLevel (0.060809s)
[2017.07.24-10.09.51:233][592]LogInit: XAudio2 using 'Speakers (Realtek High Definition Audio)' : 2 channels at 48 kHz using 32 bits per sample (channel mask 0x3)
[2017.07.24-10.09.51:240][592]LogInit: FAudioDevice initialized.
[2017.07.24-10.09.51:288][592]LogWorld: Game class is 'AvaGameMode'
[2017.07.24-10.09.51:318][592]LogWorld: Bringing World /Game/Ava/Maps/UEDPIE_0_PalaceLevel.PalaceLevel up for play (max tick rate 0) at 2017.07.24-11.09.51
[2017.07.24-10.09.51:321][592]LogWorld: Bringing up level for play took: 0.031596
[2017.07.24-10.09.51:323][592]LogBlueprintUserMessages: [GameUIBP_C_29] SEt UI
[2017.07.24-10.09.51:323][592]PIE: Info Play in editor start time for /Game/Ava/Maps/UEDPIE_0_PalaceLevel -0.161
[2017.07.24-10.09.51:323][592]LogBlueprintUserMessages: Late PlayInEditor Detection: Level '/Game/Ava/Maps/PalaceLevel.PalaceLevel:PersistentLevel' has LevelScriptBlueprint '/Game/Ava/Maps/PalaceLevel.PalaceLevel:PersistentLevel.PalaceLevel' with GeneratedClass '/Game/Ava/Maps/PalaceLevel.PalaceLevel_C' with ClassGeneratedBy '/Game/Ava/Maps/PalaceLevel.PalaceLevel:PersistentLevel.PalaceLevel'
[2017.07.24-10.10.00:493][681]LogBlueprintUserMessages: Early EndPlayMap Detection: Level '/Game/Ava/Maps/PalaceLevel.PalaceLevel:PersistentLevel' has LevelScriptBlueprint '/Game/Ava/Maps/PalaceLevel.PalaceLevel:PersistentLevel.PalaceLevel' with GeneratedClass '/Game/Ava/Maps/PalaceLevel.PalaceLevel_C' with ClassGeneratedBy '/Game/Ava/Maps/PalaceLevel.PalaceLevel:PersistentLevel.PalaceLevel'
[2017.07.24-10.10.00:616][681]LogBlueprintUserMessages: Late EndPlayMap Detection: Level '/Game/Ava/Maps/PalaceLevel.PalaceLevel:PersistentLevel' has LevelScriptBlueprint '/Game/Ava/Maps/PalaceLevel.PalaceLevel:PersistentLevel.PalaceLevel' with GeneratedClass '/Game/Ava/Maps/PalaceLevel.PalaceLevel_C' with ClassGeneratedBy '/Game/Ava/Maps/PalaceLevel.PalaceLevel:PersistentLevel.PalaceLevel'
[2017.07.24-10.10.02:533][850]LogEditorViewport: Clicking on Actor (LMB): RedPuzzle (RedPuzzle1)
[2017.07.24-10.10.07:878][302]Cmd: OBJ SAVEPACKAGE PACKAGE="/Game/Ava/Maps/PalaceLevel" FILE="W:/University Work/Masters/MastersProject/MastersProject/Ava/Content/Ava/Maps/PalaceLevel.umap" SILENT=true AUTOSAVING=false KEEPDIRTY=false
[2017.07.24-10.10.08:729][302]LogSavePackage: Save=818.17ms
[2017.07.24-10.10.08:729][302]LogSavePackage: Moving 'W:/University Work/Masters/MastersProject/MastersProject/Ava/Saved/PalaceLevel8EEB5FFE429656FD4CCC2989E2616DC4.tmp' to 'W:/University Work/Masters/MastersProject/MastersProject/Ava/Content/Ava/Maps/PalaceLevel.umap'
[2017.07.24-10.10.08:737][302]LogSavePackage:Display: Finished SavePackage W:/University Work/Masters/MastersProject/MastersProject/Ava/Content/Ava/Maps/PalaceLevel.umap
[2017.07.24-10.10.08:780][302]LogFileHelpers: Saving map 'PalaceLevel' took 1.020
[2017.07.24-10.10.49:090][927]Cmd: CAMERA ALIGN ACTIVEVIEWPORTONLY
[2017.07.24-10.11.24:687][245]LogHotReload: New module detected: UE4Editor-Ava-3373.dll
[2017.07.24-10.11.27:728][255]LogHotReload: Starting Hot-Reload from IDE
[2017.07.24-10.11.27:768][255]LogClass: ItemDataVariables HotReload.
[2017.07.24-10.11.27:768][255]LogClass: Item HotReload.
[2017.07.24-10.11.27:770][255]LogHotReload: Re-instancing Antelope after hot-reload.
[2017.07.24-10.11.27:808][255]LogHotReload: Re-instancing Door after hot-reload.
[2017.07.24-10.11.28:011][255]LogHotReload: Re-instancing PushPullItem after hot-reload.
[2017.07.24-10.11.28:281][255]LogHotReload: Re-instancing PickUpItem after hot-reload.
[2017.07.24-10.11.28:333][255]LogProperty:Warning: Serialized Class /Script/Ava.PickUpItem for a property of Class /Script/Engine.BoxComponent. Reference will be NULLed.
    Property = ObjectProperty /Script/Ava.Puzzle:boxCollider
    Item = PickUpItem /Script/Ava.Default__PickUpItem
[2017.07.24-10.11.28:333][255]LogProperty:Warning: Serialized Class /Script/Ava.PickUpItem for a property of Class /Script/Engine.SceneComponent. Reference will be NULLed.
    Property = ObjectProperty /Script/Engine.Actor:RootComponent
    Item = PickUpItem /Script/Ava.Default__PickUpItem
[2017.07.24-10.11.28:333][255]LogProperty:Warning: Serialized Class /Script/Ava.PickUpItem for a property of Class /Script/Engine.BoxComponent. Reference will be NULLed.
    Property = ObjectProperty /Script/Ava.Puzzle:boxCollider
    Item = PickUpItem /Script/Ava.Default__PickUpItem
[2017.07.24-10.11.28:333][255]LogProperty:Warning: Serialized Class /Script/Ava.PickUpItem for a property of Class /Script/Engine.SceneComponent. Reference will be NULLed.
    Property = ObjectProperty /Script/Engine.Actor:RootComponent
    Item = PickUpItem /Script/Ava.Default__PickUpItem
[2017.07.24-10.11.28:333][255]LogProperty:Warning: Serialized Class /Script/Ava.PickUpItem for a property of Class /Script/Engine.BoxComponent. Reference will be NULLed.
    Property = ObjectProperty /Script/Ava.Puzzle:boxCollider
    Item = PickUpItem /Script/Ava.Default__PickUpItem
[2017.07.24-10.11.28:333][255]LogProperty:Warning: Serialized Class /Script/Ava.PickUpItem for a property of Class /Script/Engine.SceneComponent. Reference will be NULLed.
    Property = ObjectProperty /Script/Engine.Actor:RootComponent
    Item = PickUpItem /Script/Ava.Default__PickUpItem
[2017.07.24-10.11.28:620][255]LogHotReload: Re-instancing MainCharacter after hot-reload.
[2017.07.24-10.11.28:763][255]LogHotReload: Re-instancing OfferingPit after hot-reload.
[2017.07.24-10.11.28:844][255]LogHotReload: Re-instancing OfferingStatue after hot-reload.
[2017.07.24-10.11.29:001][255]LogHotReload: Re-instancing StatueObject after hot-reload.
[2017.07.24-10.11.29:213][255]LogHotReload: Re-instancing BluePuzzle after hot-reload.
[2017.07.24-10.11.29:313][255]LogHotReload: Re-instancing GreenPuzzle after hot-reload.
[2017.07.24-10.11.29:408][255]LogHotReload: Re-instancing RedPuzzle after hot-reload.
[2017.07.24-10.11.29:499][255]LogHotReload: Re-instancing WhitePuzzle after hot-reload.
[2017.07.24-10.11.29:591][255]LogContentBrowser: Native class hierarchy updated for 'Ava' in 0.0030 seconds. Added 23 classes and 2 folders.
[2017.07.24-10.11.29:592][255]Warning: HotReload successful (14 functions remapped  0 scriptstructs remapped)
[2017.07.24-10.11.29:657][255]LogContentBrowser: Native class hierarchy populated in 0.0095 seconds. Added 2103 classes and 380 folders.
[2017.07.24-10.11.29:660][255]Warning: HotReload took  1.9s.
[2017.07.24-10.11.36:137][476]LogBlueprintUserMessages: Early PlayInEditor Detection: Level '/Game/Ava/Maps/PalaceLevel.PalaceLevel:PersistentLevel' has LevelScriptBlueprint '/Game/Ava/Maps/PalaceLevel.PalaceLevel:PersistentLevel.PalaceLevel' with GeneratedClass '/Game/Ava/Maps/PalaceLevel.PalaceLevel_C' with ClassGeneratedBy '/Game/Ava/Maps/PalaceLevel.PalaceLevel:PersistentLevel.PalaceLevel'
[2017.07.24-10.11.36:137][476]LogPlayLevel: PlayLevel: No blueprints needed recompiling
[2017.07.24-10.11.36:137][476]PIE: New page: PIE session: PalaceLevel (24 Jul 2017 11:11:36)
[2017.07.24-10.11.36:137][476]LogPlayLevel: Creating play world package: /Game/Ava/Maps/UEDPIE_0_PalaceLevel
[2017.07.24-10.11.36:197][476]LogPlayLevel: PIE: StaticDuplicateObject took: (0.059382s)
[2017.07.24-10.11.36:197][476]LogAIModule: Creating AISystem for world PalaceLevel
[2017.07.24-10.11.36:197][476]LogPlayLevel: PIE: World Init took: (0.000676s)
[2017.07.24-10.11.36:198][476]LogPlayLevel: PIE: Created PIE world by copying editor world from /Game/Ava/Maps/PalaceLevel.PalaceLevel to /Game/Ava/Maps/UEDPIE_0_PalaceLevel.PalaceLevel (0.060395s)
[2017.07.24-10.11.36:209][476]LogInit: XAudio2 using 'Speakers (Realtek High Definition Audio)' : 2 channels at 48 kHz using 32 bits per sample (channel mask 0x3)
[2017.07.24-10.11.36:216][476]LogInit: FAudioDevice initialized.
[2017.07.24-10.11.36:265][476]LogWorld: Game class is 'AvaGameMode'
[2017.07.24-10.11.36:295][476]LogWorld: Bringing World /Game/Ava/Maps/UEDPIE_0_PalaceLevel.PalaceLevel up for play (max tick rate 0) at 2017.07.24-11.11.36
[2017.07.24-10.11.36:298][476]LogWorld: Bringing up level for play took: 0.032274
[2017.07.24-10.11.36:300][476]LogBlueprintUserMessages: [GameUIBP_C_31] SEt UI
[2017.07.24-10.11.36:301][476]PIE: Info Play in editor start time for /Game/Ava/Maps/UEDPIE_0_PalaceLevel 0.822
[2017.07.24-10.11.36:301][476]LogBlueprintUserMessages: Late PlayInEditor Detection: Level '/Game/Ava/Maps/PalaceLevel.PalaceLevel:PersistentLevel' has LevelScriptBlueprint '/Game/Ava/Maps/PalaceLevel.PalaceLevel:PersistentLevel.PalaceLevel' with GeneratedClass '/Game/Ava/Maps/PalaceLevel.PalaceLevel_C' with ClassGeneratedBy '/Game/Ava/Maps/PalaceLevel.PalaceLevel:PersistentLevel.PalaceLevel'
[2017.07.24-10.11.47:052][758]LogBlueprintUserMessages: Early EndPlayMap Detection: Level '/Game/Ava/Maps/PalaceLevel.PalaceLevel:PersistentLevel' has LevelScriptBlueprint '/Game/Ava/Maps/PalaceLevel.PalaceLevel:PersistentLevel.PalaceLevel' with GeneratedClass '/Game/Ava/Maps/PalaceLevel.PalaceLevel_C' with ClassGeneratedBy '/Game/Ava/Maps/PalaceLevel.PalaceLevel:PersistentLevel.PalaceLevel'
[2017.07.24-10.11.47:097][758]LogBlueprintUserMessages: Late EndPlayMap Detection: Level '/Game/Ava/Maps/PalaceLevel.PalaceLevel:PersistentLevel' has LevelScriptBlueprint '/Game/Ava/Maps/PalaceLevel.PalaceLevel:PersistentLevel.PalaceLevel' with GeneratedClass '/Game/Ava/Maps/PalaceLevel.PalaceLevel_C' with ClassGeneratedBy '/Game/Ava/Maps/PalaceLevel.PalaceLevel:PersistentLevel.PalaceLevel'
[2017.07.24-10.12.20:603][695]LogHotReload: New module detected: UE4Editor-Ava-3335.dll
[2017.07.24-10.12.23:292][704]LogHotReload: Starting Hot-Reload from IDE
[2017.07.24-10.12.23:332][704]LogClass: ItemDataVariables HotReload.
[2017.07.24-10.12.23:332][704]LogClass: Item HotReload.
[2017.07.24-10.12.23:333][704]LogHotReload: Re-instancing Antelope after hot-reload.
[2017.07.24-10.12.23:374][704]LogHotReload: Re-instancing Door after hot-reload.
[2017.07.24-10.12.23:577][704]LogHotReload: Re-instancing PushPullItem after hot-reload.
[2017.07.24-10.12.23:837][704]LogHotReload: Re-instancing PickUpItem after hot-reload.
[2017.07.24-10.12.24:196][704]LogHotReload: Re-instancing MainCharacter after hot-reload.
[2017.07.24-10.12.24:372][704]LogHotReload: Re-instancing OfferingPit after hot-reload.
[2017.07.24-10.12.24:466][704]LogHotReload: Re-instancing OfferingStatue after hot-reload.
[2017.07.24-10.12.24:630][704]LogHotReload: Re-instancing StatueObject after hot-reload.
[2017.07.24-10.12.24:857][704]LogHotReload: Re-instancing BluePuzzle after hot-reload.
[2017.07.24-10.12.24:941][704]LogHotReload: Re-instancing GreenPuzzle after hot-reload.
[2017.07.24-10.12.25:028][704]LogHotReload: Re-instancing RedPuzzle after hot-reload.
[2017.07.24-10.12.25:144][704]LogHotReload: Re-instancing WhitePuzzle after hot-reload.
[2017.07.24-10.12.25:229][704]LogContentBrowser: Native class hierarchy updated for 'Ava' in 0.0032 seconds. Added 23 classes and 2 folders.
[2017.07.24-10.12.25:231][704]Warning: HotReload successful (14 functions remapped  0 scriptstructs remapped)
[2017.07.24-10.12.25:297][704]LogContentBrowser: Native class hierarchy populated in 0.0095 seconds. Added 2103 classes and 380 folders.
[2017.07.24-10.12.25:300][704]Warning: HotReload took  2.0s.
[2017.07.24-10.12.26:556][800]LogBlueprintUserMessages: Early PlayInEditor Detection: Level '/Game/Ava/Maps/PalaceLevel.PalaceLevel:PersistentLevel' has LevelScriptBlueprint '/Game/Ava/Maps/PalaceLevel.PalaceLevel:PersistentLevel.PalaceLevel' with GeneratedClass '/Game/Ava/Maps/PalaceLevel.PalaceLevel_C' with ClassGeneratedBy '/Game/Ava/Maps/PalaceLevel.PalaceLevel:PersistentLevel.PalaceLevel'
[2017.07.24-10.12.26:556][800]LogPlayLevel: PlayLevel: No blueprints needed recompiling
[2017.07.24-10.12.26:556][800]PIE: New page: PIE session: PalaceLevel (24 Jul 2017 11:12:26)
[2017.07.24-10.12.26:556][800]LogPlayLevel: Creating play world package: /Game/Ava/Maps/UEDPIE_0_PalaceLevel
[2017.07.24-10.12.26:585][800]LogProperty:Warning: Serialized Class /Script/Ava.AvaGameMode for a property of Class /Script/Engine.SphereComponent. Reference will be NULLed.
    Property = ObjectProperty /Script/Ava.OfferingStatue:overlappingSphere
    Item = AvaGameMode /Script/Ava.Default__AvaGameMode
[2017.07.24-10.12.26:585][800]LogProperty:Warning: Serialized Class /Script/Ava.AvaGameMode for a property of Class /Script/Engine.SceneComponent. Reference will be NULLed.
    Property = ObjectProperty /Script/Engine.Actor:RootComponent
    Item = AvaGameMode /Script/Ava.Default__AvaGameMode
[2017.07.24-10.12.26:585][800]LogProperty:Warning: Serialized Class /Script/Ava.AvaGameMode for a property of Class /Script/Engine.SceneComponent. Reference will be NULLed.
    Property = ObjectProperty /Script/Engine.SceneComponent:AttachParent
    Item = AvaGameMode /Script/Ava.Default__AvaGameMode
[2017.07.24-10.12.26:585][800]LogProperty:Warning: Serialized Class /Script/Ava.AvaGameMode for a property of Class /Script/Engine.SceneComponent. Reference will be NULLed.
    Property = ObjectProperty /Script/Engine.SceneComponent:AttachParent
    Item = AvaGameMode /Script/Ava.Default__AvaGameMode
[2017.07.24-10.12.26:620][800]LogPlayLevel: PIE: StaticDuplicateObject took: (0.063979s)
[2017.07.24-10.12.26:621][800]LogAIModule: Creating AISystem for world PalaceLevel
[2017.07.24-10.12.26:621][800]LogPlayLevel: PIE: World Init took: (0.000669s)
[2017.07.24-10.12.26:621][800]LogPlayLevel: PIE: Created PIE world by copying editor world from /Game/Ava/Maps/PalaceLevel.PalaceLevel to /Game/Ava/Maps/UEDPIE_0_PalaceLevel.PalaceLevel (0.064982s)
[2017.07.24-10.12.26:633][800]LogInit: XAudio2 using 'Speakers (Realtek High Definition Audio)' : 2 channels at 48 kHz using 32 bits per sample (channel mask 0x3)
[2017.07.24-10.12.26:641][800]LogInit: FAudioDevice initialized.
[2017.07.24-10.12.26:692][800]LogWorld: Game class is 'AvaGameMode'
[2017.07.24-10.12.26:725][800]LogWorld: Bringing World /Game/Ava/Maps/UEDPIE_0_PalaceLevel.PalaceLevel up for play (max tick rate 0) at 2017.07.24-11.12.26
[2017.07.24-10.12.26:728][800]LogWorld: Bringing up level for play took: 0.034905
[2017.07.24-10.12.26:732][800]LogBlueprintUserMessages: [GameUIBP_C_34] SEt UI
[2017.07.24-10.12.26:733][800]PIE: Info Play in editor start time for /Game/Ava/Maps/UEDPIE_0_PalaceLevel -0.744
[2017.07.24-10.12.26:733][800]LogBlueprintUserMessages: Late PlayInEditor Detection: Level '/Game/Ava/Maps/PalaceLevel.PalaceLevel:PersistentLevel' has LevelScriptBlueprint '/Game/Ava/Maps/PalaceLevel.PalaceLevel:PersistentLevel.PalaceLevel' with GeneratedClass '/Game/Ava/Maps/PalaceLevel.PalaceLevel_C' with ClassGeneratedBy '/Game/Ava/Maps/PalaceLevel.PalaceLevel:PersistentLevel.PalaceLevel'
[2017.07.24-10.12.27:679][800]LogCrashTracker: 


[2017.07.24-10.12.27:679][800]LogCrashTracker: 


[2017.07.24-10.12.27:679][800]LogWindows:Error: === Critical error: ===


[2017.07.24-10.12.27:698][800]LogExit: Executing StaticShutdownAfterError
[2017.07.24-10.12.27:702][800]LogWindows: FPlatformMisc::RequestExit(1)
[2017.07.24-10.12.27:702][800]Log file closed, 07/24/17 11:12:27
