Log file open, 06/21/17 09:22:49
LogInit:Display: Running engine for game: Ava
LogPlatformFile: Not using cached read wrapper
LogInit:Display: RandInit(-2032813616) SRandInit(-2032813615).
LogTaskGraph: Started task graph with 4 named threads and 9 total threads with 1 sets of task threads.
LogStats: Stats thread started at 0.114945
LogInit: Version: 4.12.5-3039270+++UE4+Release-4.12
LogInit: API Version: 2992821
LogInit: Net Version: 3039270
LogDevObjectVersion: Number of dev versions registered: 13
LogDevObjectVersion:   Dev-Blueprints (B0D832E4-1F89-4F0D-ACCF-7EB736FD4AA2): 3
LogDevObjectVersion:   Dev-Build (E1C64328-A22C-4D53-A36C-8E866417BD8C): 0
LogDevObjectVersion:   Dev-Core (375EC13C-06E4-48FB-B500-84F0262A717E): 1
LogDevObjectVersion:   Dev-Editor (E4B068ED-F494-42E9-A231-DA0B2E46BB41): 2
LogDevObjectVersion:   Dev-Framework (CFFC743F-43B0-4480-9391-14DF171D2073): 6
LogDevObjectVersion:   Dev-Mobile (B02B49B5-BB20-44E9-A304-32B752E40360): 0
LogDevObjectVersion:   Dev-Networking (A4E4105C-59A1-49B5-A7C5-40C4547EDFEE): 0
LogDevObjectVersion:   Dev-Online (39C831C9-5AE6-47DC-9A44-9C173E1C8E7C): 0
LogDevObjectVersion:   Dev-Physics (78F01B33-EBEA-4F98-B9B4-84EACCB95AA2): 0
LogDevObjectVersion:   Dev-Platform (6631380F-2D4D-43E0-8009-CF276956A95A): 0
LogDevObjectVersion:   Dev-Rendering (12F88B9F-8875-4AFC-A67C-D90C383ABD29): 2
LogDevObjectVersion:   Dev-Sequencer (7B5AE74C-D270-4C10-A958-57980B212A5A): 0
LogDevObjectVersion:   Dev-VR (D7296918-1DD6-4BDD-9DE2-64A83CC13884): 0
LogInit: Compiled (64-bit): Jul  6 2016 09:09:46
LogInit: Compiled with Visual C++: 19.00.23026.00
LogInit: Build Configuration: Development
LogInit: Branch Name: ++UE4+Release-4.12
LogInit: Command line:  
LogInit: Base directory: C:/Program Files/Epic Games/4.12/Engine/Binaries/Win64/
LogInit: Installed Engine Build: 1
LogInit: Using libcurl 7.41.0
LogInit:  - built for x86_64-pc-win32
LogInit:  - supports SSL with WinSSL
LogInit:  - other features:
LogInit:      CURL_VERSION_SSL
LogInit:      CURL_VERSION_IPV6
LogInit:      CURL_VERSION_ASYNCHDNS
LogInit:      CURL_VERSION_LARGEFILE
LogInit:      CURL_VERSION_IDN
LogInit:  CurlRequestOptions (configurable via config and command line):
LogInit:  - bVerifyPeer = true  - Libcurl will verify peer certificate
LogInit:  - bUseHttpProxy = false  - Libcurl will NOT use HTTP proxy
LogInit:  - bDontReuseConnections = false  - Libcurl will reuse connections
LogInit:  - CertBundlePath = nullptr  - Libcurl will use whatever was configured at build time.
LogInit: Presizing for max 8388607 objects, including 0 objects not considered by GC, pre-allocating 0 bytes for permanent pool.
LogInit: Object subsystem initialized
[2017.06.21-08.22.49:099][  0]LogInit: Selected Device Profile: [Windows]
[2017.06.21-08.22.49:099][  0]LogInit: Applying CVar settings loaded from the selected device profile: [Windows]
[2017.06.21-08.22.49:111][  0]LogInit: Computer: PC42640
[2017.06.21-08.22.49:111][  0]LogInit: User: i7230020
[2017.06.21-08.22.49:111][  0]LogInit: CPU Page size=65536, Cores=6
[2017.06.21-08.22.49:111][  0]LogInit: High frequency timer resolution =3.410136 MHz
[2017.06.21-08.22.49:111][  0]LogMemory: Memory total: Physical=31.9GB (32GB approx)
[2017.06.21-08.22.49:111][  0]LogMemory: Platform Memory Stats for Windows
[2017.06.21-08.22.49:111][  0]LogMemory: Process Physical Memory: 195.15 MB used, 195.15 MB peak
[2017.06.21-08.22.49:111][  0]LogMemory: Process Virtual Memory: 198.85 MB used, 198.85 MB peak
[2017.06.21-08.22.49:111][  0]LogMemory: Physical Memory: 10246.90 MB used, 32684.15 MB total
[2017.06.21-08.22.49:111][  0]LogMemory: Virtual Memory: 538.89 MB used, 8388608.00 MB total
[2017.06.21-08.22.49:199][  0]LogTextLocalizationManager: No specific translations for ('en-GB') exist, so ('en') translations will be used.
[2017.06.21-08.22.49:644][  0]LogD3D11RHI: D3D11 adapters:
[2017.06.21-08.22.49:675][  0]LogD3D11RHI:    0. 'NVIDIA Quadro M4000' (Feature Level 11_0)
[2017.06.21-08.22.49:675][  0]LogD3D11RHI:       8092/0/16086 MB DedicatedVideo/DedicatedSystem/SharedSystem, Outputs:1, VendorId:0x10de
[2017.06.21-08.22.49:675][  0]LogD3D11RHI: Chosen D3D11 Adapter: 0
[2017.06.21-08.22.49:688][  0]LogD3D11RHI: Creating new Direct3DDevice
[2017.06.21-08.22.49:689][  0]LogD3D11RHI:     GPU DeviceId: 0x13f1 (for the marketing name, search the web for "GPU Device Id")
[2017.06.21-08.22.49:689][  0]LogWindows: EnumDisplayDevices:
[2017.06.21-08.22.49:689][  0]LogWindows:    0. 'NVIDIA Quadro M4000' (P:1 D:1)
[2017.06.21-08.22.49:690][  0]LogWindows:    1. 'NVIDIA Quadro M4000' (P:0 D:0)
[2017.06.21-08.22.49:691][  0]LogWindows:    2. 'NVIDIA Quadro M4000' (P:0 D:0)
[2017.06.21-08.22.49:692][  0]LogWindows:    3. 'NVIDIA Quadro M4000' (P:0 D:0)
[2017.06.21-08.22.49:693][  0]LogWindows:    4. 'RDPDD Chained DD' (P:0 D:0)
[2017.06.21-08.22.49:693][  0]LogWindows:    5. 'RDP Encoder Mirror Driver' (P:0 D:0)
[2017.06.21-08.22.49:694][  0]LogWindows:    6. 'RDP Reflector Display Driver' (P:0 D:0)
[2017.06.21-08.22.49:695][  0]LogWindows: DebugString: GetVideoDriverDetailsInvalid PrimaryIsNotTheChoosenAdapter GetVideoDriverDetailsInvalid PrimaryIsNotTheChoosenAdapter GetVideoDriverDetailsInvalid PrimaryIsNotTheChoosenAdapter FoundDriverCount:4 
[2017.06.21-08.22.49:695][  0]LogD3D11RHI:     Adapter Name: NVIDIA Quadro M4000
[2017.06.21-08.22.49:695][  0]LogD3D11RHI:   Driver Version: 362.13 (internal:10.18.13.6213, unified:362.13)
[2017.06.21-08.22.49:695][  0]LogD3D11RHI:      Driver Date: 3-18-2016
[2017.06.21-08.22.49:695][  0]LogRHI: Texture pool is 1361 MB (70% of 1945 MB)
[2017.06.21-08.22.49:713][  0]LogD3D11RHI: Async texture creation enabled
[2017.06.21-08.22.49:729][  0]LogD3D11RHI: GPU Timing Frequency: 1000.000000 (Debug: 2 2)
[2017.06.21-08.22.49:729][  0]LogShaderCompilers: Guid format shader working directory is -28 characters bigger than the processId version (../../../../../../Users/i7230020.STUDENT.000/Documents/GitHub/MastersProject/Ava/Intermediate/Shaders/WorkingDirectory/16768/).
[2017.06.21-08.22.49:729][  0]LogShaderCompilers: Cleaned the shader compiler working directory 'C:/Users/I72300~1.000/AppData/Local/Temp/UnrealShaderWorkingDir/A35B4C034A74E9BC1B8E35B2580C698C/'.
[2017.06.21-08.22.49:729][  0]LogShaderCompilers:Display: Using Local Shader Compiler.
[2017.06.21-08.22.50:883][  0]LogTemp:Display: Loaded TP AllDesktopTargetPlatform
[2017.06.21-08.22.50:892][  0]LogTemp:Display: Loaded TP WindowsClientTargetPlatform
[2017.06.21-08.22.50:901][  0]LogTemp:Display: Loaded TP WindowsNoEditorTargetPlatform
[2017.06.21-08.22.50:911][  0]LogTemp:Display: Loaded TP WindowsServerTargetPlatform
[2017.06.21-08.22.50:920][  0]LogTemp:Display: Loaded TP WindowsTargetPlatform
[2017.06.21-08.22.50:928][  0]LogTemp:Display: Loaded TP AndroidTargetPlatform
[2017.06.21-08.22.50:936][  0]LogTemp:Display: Loaded TP Android_ASTCTargetPlatform
[2017.06.21-08.22.50:944][  0]LogTemp:Display: Loaded TP Android_ATCTargetPlatform
[2017.06.21-08.22.50:952][  0]LogTemp:Display: Loaded TP Android_DXTTargetPlatform
[2017.06.21-08.22.50:960][  0]LogTemp:Display: Loaded TP Android_ETC1TargetPlatform
[2017.06.21-08.22.50:968][  0]LogTemp:Display: Loaded TP Android_ETC2TargetPlatform
[2017.06.21-08.22.50:991][  0]LogTemp:Display: Loaded TP Android_MultiTargetPlatform
[2017.06.21-08.22.50:991][  0]LogTemp:Display: Loaded TP Android_PVRTCTargetPlatform
[2017.06.21-08.22.50:995][  0]LogTemp:Display: Loaded TP HTML5TargetPlatform
[2017.06.21-08.22.51:031][  0]LogTemp:Display: Loaded TP IOSTargetPlatform
[2017.06.21-08.22.51:052][  0]LogTemp:Display: Loaded TP TVOSTargetPlatform
[2017.06.21-08.22.51:066][  0]LogTemp:Display: Loaded TP LinuxNoEditorTargetPlatform
[2017.06.21-08.22.51:075][  0]LogTemp:Display: Loaded TP LinuxServerTargetPlatform
[2017.06.21-08.22.51:084][  0]LogTemp:Display: Loaded TP LinuxTargetPlatform
[2017.06.21-08.22.51:084][  0]LogTargetPlatformManager:Display: Building Assets For Windows
[2017.06.21-08.22.51:171][  0]LogDerivedDataCache:Display: Max Cache Size: 512 MB
[2017.06.21-08.22.51:233][  0]LogDerivedDataCache: Loaded boot cache 0.06s 49MB C:/Users/i7230020.STUDENT.000/AppData/Local/UnrealEngine/4.12/DerivedDataCache/Boot.ddc.
[2017.06.21-08.22.51:233][  0]LogDerivedDataCache:Display: Loaded Boot cache: C:/Users/i7230020.STUDENT.000/AppData/Local/UnrealEngine/4.12/DerivedDataCache/Boot.ddc
[2017.06.21-08.22.51:233][  0]LogDerivedDataCache: FDerivedDataBackendGraph:  Pak pak cache file ../../../../../../Users/i7230020.STUDENT.000/Documents/GitHub/MastersProject/Ava/DerivedDataCache/DDC.ddp not found, will not use a pak cache.
[2017.06.21-08.22.51:233][  0]LogDerivedDataCache: Unable to find inner node Pak for hierarchical cache Hierarchy.
[2017.06.21-08.22.51:233][  0]LogDerivedDataCache: FDerivedDataBackendGraph:  CompressedPak pak cache file ../../../../../../Users/i7230020.STUDENT.000/Documents/GitHub/MastersProject/Ava/DerivedDataCache/Compressed.ddp not found, will not use a pak cache.
[2017.06.21-08.22.51:233][  0]LogDerivedDataCache: Unable to find inner node CompressedPak for hierarchical cache Hierarchy.
[2017.06.21-08.22.51:248][  0]LogDerivedDataCache:Display: Pak cache opened for reading ../../../Engine/DerivedDataCache/Compressed.ddp.
[2017.06.21-08.22.51:260][  0]LogDerivedDataCache: Using Local data cache path C:/Users/i7230020.STUDENT.000/AppData/Local/UnrealEngine/Common/DerivedDataCache: Writable
[2017.06.21-08.22.51:498][  0]LogInit: Selected Device Profile: [Windows]
[2017.06.21-08.22.51:499][  0]LogContentStreaming: Texture pool size is 0.00 MB
[2017.06.21-08.22.51:759][  0]LogMeshUtilities: No automatic mesh reduction module available
[2017.06.21-08.22.51:759][  0]LogMeshUtilities: No automatic mesh merging module available
[2017.06.21-08.22.51:759][  0]LogMeshUtilities: No distributed automatic mesh merging module available
[2017.06.21-08.22.52:139][  0]LogAssetRegistry: FAssetRegistry took 0.0205 seconds to start up
[2017.06.21-08.22.52:279][  0]LogPackageLocalizationCache: Processed 4 localized package path(s) for 2 prioritized culture(s) in 0.134271 seconds
[2017.06.21-08.22.52:286][  0]LogUObjectArray: 28739 objects as part of root set at end of initial load.
[2017.06.21-08.22.52:286][  0]LogUObjectAllocator: 5855624 out of 0 bytes used by permanent object pool.
[2017.06.21-08.22.52:286][  0]LogUObjectArray: CloseDisregardForGC: 0/0 objects in disregard for GC pool
[2017.06.21-08.22.52:294][  0]LogInit: WinSock: version 1.1 (2.2), MaxSocks=32767, MaxUdp=65467
[2017.06.21-08.22.52:520][  0]LogSlate: SlateFontCache - WITH_FREETYPE: 1, WITH_HARFBUZZ: 1
[2017.06.21-08.22.52:520][  0]LogSlate: SlateFontCache - WITH_FREETYPE: 1, WITH_HARFBUZZ: 1
[2017.06.21-08.22.53:444][  0]LogUdpMessaging: Initializing bridge on interface 0.0.0.0:0 to multicast group 230.0.0.1:6666.
[2017.06.21-08.22.53:861][  0]SourceControl: Info Source control is disabled
[2017.06.21-08.22.53:869][  0]SourceControl: Info Source control is disabled
[2017.06.21-08.22.53:891][  0]SourceControl: Info Source control is disabled
[2017.06.21-08.22.53:906][  0]SourceControl: Info Source control is disabled
[2017.06.21-08.22.54:097][  0]LogHoudiniEngine: Starting the Houdini Engine module.
[2017.06.21-08.22.54:098][  0]LogHoudiniEngine: Loaded libHAPIL.dll from Registry path C:\Program Files\Side Effects Software\Houdini 15.5.632/bin
[2017.06.21-08.22.54:098][  0]LogLinker:Warning: Asset '../../../Engine/Plugins/Runtime/HoudiniEngine/Content/houdini_logo.uasset' has been saved with empty engine version. The asset will be loaded but may be incompatible.
[2017.06.21-08.22.54:100][  0]LogLinker:Warning: Asset '../../../Engine/Plugins/Runtime/HoudiniEngine/Content/houdini_default_material.uasset' has been saved with empty engine version. The asset will be loaded but may be incompatible.
[2017.06.21-08.22.54:104][  0]LogLinker:Warning: Asset '../../../Engine/Plugins/Runtime/HoudiniEngine/Content/houdini_bgeo_import.uasset' has been saved with empty engine version. The asset will be loaded but may be incompatible.
[2017.06.21-08.22.55:236][  0]LogHoudiniEngine: Successfully initialized the Houdini Engine API module.
[2017.06.21-08.22.55:429][  0]LogEngine: Initializing Engine...
[2017.06.21-08.22.55:431][  0]LogHMD: SteamVR failed to initialize.  Err: 110
[2017.06.21-08.22.55:432][  0]LogHMD: SteamVR failed to initialize.  Err: 110
[2017.06.21-08.22.55:575][  0]LogAIModule: Creating AISystem for world NewWorld
[2017.06.21-08.22.55:583][  0]LogInit: XAudio2 using 'Speakers (Realtek High Definition Audio)' : 2 channels at 48 kHz using 32 bits per sample (channel mask 0x3)
[2017.06.21-08.22.55:601][  0]LogInit: FAudioDevice initialized.
[2017.06.21-08.22.55:631][  0]LogDerivedDataCache: Saved boot cache 0.03s 49MB C:/Users/i7230020.STUDENT.000/AppData/Local/UnrealEngine/4.12/DerivedDataCache/Boot.ddc.
[2017.06.21-08.22.55:637][  0]LogInit: Texture streaming: Enabled
[2017.06.21-08.22.55:660][  0]LogInit: Transaction tracking system initialized
[2017.06.21-08.22.55:680][  0]BlueprintLog: New page: Editor Load
[2017.06.21-08.22.55:786][  0]LocalizationService: Info Localization service is disabled
[2017.06.21-08.22.55:872][  0]LogConsoleResponse:Display: 
[2017.06.21-08.22.56:003][  0]LogCook:Display: Max memory allowance for cook 8192mb
[2017.06.21-08.22.56:003][  0]LogCook:Display: Mobile HDR setting 1
[2017.06.21-08.22.56:104][  0]LogFileCache: Scanning file cache for directory 'C:/Users/i7230020.STUDENT.000/Documents/GitHub/MastersProject/Ava/Content/' took 0.02s
[2017.06.21-08.22.56:105][  0]LogHoudiniEngineEditor: Starting the Houdini Engine Editor module.
[2017.06.21-08.22.56:145][  0]SourceControl: Info Source control is disabled
[2017.06.21-08.22.56:145][  0]Cmd: MAP LOAD FILE="../../../../../../Users/i7230020.STUDENT.000/Documents/GitHub/MastersProject/Ava/Content/Ava/Maps/MainMenu.umap" TEMPLATE=0 SHOWPROGRESS=1 FEATURELEVEL=3
[2017.06.21-08.22.56:146][  0]LightingResults: New page: Lighting Build
[2017.06.21-08.22.56:149][  0]MapCheck: New page: Map Check
[2017.06.21-08.22.56:149][  0]LightingResults: New page: Lighting Build
[2017.06.21-08.22.56:265][  0]LogAIModule: Creating AISystem for world MainMenu
[2017.06.21-08.22.56:266][  0]LogEditorServer: Finished looking for orphan Actors (0.000 secs)
[2017.06.21-08.22.56:267][  0]Cmd: MAP CHECKDEP NOCLEARLOG
[2017.06.21-08.22.56:337][  0]MapCheck: Info Map check complete: 0 Error(s), 0 Warning(s), took 70.902ms to complete.
[2017.06.21-08.22.56:338][  0]LogFileHelpers: Loading map 'MainMenu' took 0.192
[2017.06.21-08.22.56:452][  0]LogCollectionManager: Loaded 0 collections in 0.001660 seconds
[2017.06.21-08.22.56:496][  0]LogFileCache: Scanning file cache for directory 'C:/Users/i7230020.STUDENT.000/Documents/GitHub/MastersProject/Ava/Saved/Collections/' took 0.01s
[2017.06.21-08.22.56:496][  0]LogFileCache: Scanning file cache for directory 'C:/Users/i7230020.STUDENT.000/Documents/GitHub/MastersProject/Ava/Content/Developers/i7230020/Collections/' took 0.01s
[2017.06.21-08.22.56:496][  0]LogFileCache: Scanning file cache for directory 'C:/Users/i7230020.STUDENT.000/Documents/GitHub/MastersProject/Ava/Content/Collections/' took 0.01s
[2017.06.21-08.22.56:496][  0]LogCollectionManager: Rebuilt the GUID cache for 0 collections in 0.000003 seconds
[2017.06.21-08.22.56:505][  0]LogContentBrowser: Native class hierarchy populated in 0.0096 seconds. Added 2089 classes and 376 folders.
[2017.06.21-08.22.56:509][  0]LogStats: UGameplayTagsManager::ConstructGameplayTagTree: Construct from data asset -  0.000 s
[2017.06.21-08.22.56:509][  0]LogStats: UGameplayTagsManager::ConstructGameplayTagTree: GameplayTagTreeChangedEvent.Broadcast -  0.000 s
[2017.06.21-08.22.56:511][  0]LogContentBrowser: Native class hierarchy updated for 'GameplayTags' in 0.0025 seconds. Added 12 classes and 0 folders.
[2017.06.21-08.22.56:518][  0]LogContentBrowser: Native class hierarchy updated for 'WidgetCarousel' in 0.0024 seconds. Added 0 classes and 0 folders.
[2017.06.21-08.22.56:610][  0]LogContentBrowser: Native class hierarchy updated for 'AddContentDialog' in 0.0032 seconds. Added 0 classes and 0 folders.
[2017.06.21-08.22.56:621][  0]LogContentBrowser: Native class hierarchy updated for 'SceneOutliner' in 0.0054 seconds. Added 1 classes and 2 folders.
[2017.06.21-08.22.56:635][  0]LogCrashTracker: Crashtracker disabled due to settings.
[2017.06.21-08.22.56:691][  0]LogContentBrowser: Native class hierarchy updated for 'HierarchicalLODOutliner' in 0.0061 seconds. Added 1 classes and 2 folders.
[2017.06.21-08.22.56:691][  0]LogLoad: Full Startup: 10.69 seconds (BP compile: 0.02 seconds)
[2017.06.21-08.22.56:691][  0]LogExternalProfiler: Found external profiler: VSPerf
[2017.06.21-08.22.56:691][  0]LogExternalProfiler: Using external profiler: VSPerf
[2017.06.21-08.22.56:702][  0]LogOcInput: OculusInput pre-init called
[2017.06.21-08.22.56:723][  0]LogContentStreaming: Texture pool size now 1000 MB
[2017.06.21-08.22.56:873][  1]LogRenderer: Reallocating scene render targets to support 1320x588 (Frame:2).
[2017.06.21-08.22.56:873][  1]LogAssetRegistry: Asset discovery search completed in 4.7552 seconds
[2017.06.21-08.22.56:873][  1]LogCollectionManager: Rebuilt the object cache for 0 collections in 0.000001 seconds (found 0 objects)
[2017.06.21-08.22.56:873][  1]LogCollectionManager: Fixed up redirectors for 0 collections in 0.000020 seconds (updated 0 objects)
[2017.06.21-08.23.12:717][455]LogSavePackage: Save=13.91ms
[2017.06.21-08.23.12:717][455]LogSavePackage: Moving '../../../../../../Users/i7230020.STUDENT.000/Documents/GitHub/MastersProject/Ava/Saved/ExternalEnvironmentE1771C8B43375DFBD58E8CA62A4A0946.tmp' to '../../../../../../Users/i7230020.STUDENT.000/Documents/GitHub/MastersProject/Ava/Content/Ava/Maps/ExternalEnvironment.umap'
[2017.06.21-08.23.12:732][455]LogSavePackage:Display: Finished SavePackage ../../../../../../Users/i7230020.STUDENT.000/Documents/GitHub/MastersProject/Ava/Content/Ava/Maps/ExternalEnvironment.umap
[2017.06.21-08.23.12:732][455]LogFileHelpers: Saving map 'ExternalEnvironment' took 0.141
[2017.06.21-08.23.12:735][455]Cmd: MAP LOAD FILE="../../../../../../Users/i7230020.STUDENT.000/Documents/GitHub/MastersProject/Ava/Content/Ava/Maps/ExternalEnvironment.umap" TEMPLATE=0 SHOWPROGRESS=1 FEATURELEVEL=3
[2017.06.21-08.23.12:735][455]LightingResults: New page: Lighting Build
[2017.06.21-08.23.12:736][455]LoadErrors: New page: Loading map: ExternalEnvironment.umap
[2017.06.21-08.23.12:740][455]MapCheck: New page: Map Check
[2017.06.21-08.23.12:740][455]LightingResults: New page: Lighting Build
[2017.06.21-08.23.12:754][455]LogEditorServer: Finished looking for orphan Actors (0.000 secs)
[2017.06.21-08.23.12:755][455]LogAIModule: Creating AISystem for world ExternalEnvironment
[2017.06.21-08.23.12:794][455]Cmd: MAP CHECKDEP NOCLEARLOG
[2017.06.21-08.23.12:900][455]MapCheck: Info Map check complete: 0 Error(s), 0 Warning(s), took 105.995ms to complete.
[2017.06.21-08.23.12:901][455]LogFileHelpers: Loading map 'ExternalEnvironment' took 0.167
[2017.06.21-08.23.15:955][789]LogTexture:Display: Building textures: Texture2D_2 (G8)
[2017.06.21-08.23.19:604][188]LogMaterial: 0.00 seconds spent updating 1 materials, 1 interfaces, 0 instances, 0 with static permutations.
[2017.06.21-08.23.19:604][188]LogMaterial: 0.00 seconds spent updating 1 materials, 1 interfaces, 0 instances, 0 with static permutations.
[2017.06.21-08.23.19:605][188]LogMaterial: 0.00 seconds spent updating 1 materials, 1 interfaces, 0 instances, 0 with static permutations.
[2017.06.21-08.23.19:605][188]LogMaterial: 0.00 seconds spent updating 1 materials, 1 interfaces, 0 instances, 0 with static permutations.
[2017.06.21-08.23.19:605][188]LogMaterial: 0.00 seconds spent updating 1 materials, 1 interfaces, 0 instances, 0 with static permutations.
[2017.06.21-08.23.19:605][188]LogMaterial: 0.00 seconds spent updating 1 materials, 1 interfaces, 0 instances, 0 with static permutations.
[2017.06.21-08.23.19:605][188]LogMaterial: 0.00 seconds spent updating 1 materials, 1 interfaces, 0 instances, 0 with static permutations.
[2017.06.21-08.23.19:606][188]LogMaterial: 0.00 seconds spent updating 1 materials, 1 interfaces, 0 instances, 0 with static permutations.
[2017.06.21-08.23.19:606][188]LogMaterial: 0.00 seconds spent updating 1 materials, 1 interfaces, 0 instances, 0 with static permutations.
[2017.06.21-08.23.19:607][188]LogMaterial: 0.00 seconds spent updating 1 materials, 1 interfaces, 0 instances, 0 with static permutations.
[2017.06.21-08.23.19:607][188]LogMaterial: 0.00 seconds spent updating 1 materials, 1 interfaces, 0 instances, 0 with static permutations.
[2017.06.21-08.23.19:608][188]LogMaterial: 0.00 seconds spent updating 1 materials, 1 interfaces, 0 instances, 0 with static permutations.
[2017.06.21-08.23.19:608][188]LogMaterial: 0.00 seconds spent updating 1 materials, 1 interfaces, 0 instances, 0 with static permutations.
[2017.06.21-08.23.19:609][188]LogMaterial: 0.00 seconds spent updating 1 materials, 1 interfaces, 0 instances, 0 with static permutations.
[2017.06.21-08.23.19:609][188]LogMaterial: 0.00 seconds spent updating 1 materials, 1 interfaces, 0 instances, 0 with static permutations.
[2017.06.21-08.23.19:609][188]LogMaterial: 0.00 seconds spent updating 1 materials, 1 interfaces, 0 instances, 0 with static permutations.
[2017.06.21-08.23.19:609][188]LogMaterial: 0.00 seconds spent updating 1 materials, 1 interfaces, 0 instances, 0 with static permutations.
[2017.06.21-08.23.19:610][188]LogMaterial: 0.00 seconds spent updating 1 materials, 1 interfaces, 0 instances, 0 with static permutations.
[2017.06.21-08.23.19:610][188]LogMaterial: 0.00 seconds spent updating 1 materials, 1 interfaces, 0 instances, 0 with static permutations.
[2017.06.21-08.23.19:610][188]LogMaterial: 0.00 seconds spent updating 1 materials, 1 interfaces, 0 instances, 0 with static permutations.
[2017.06.21-08.23.19:610][188]LogMaterial: 0.00 seconds spent updating 1 materials, 1 interfaces, 0 instances, 0 with static permutations.
[2017.06.21-08.23.19:611][188]LogMaterial: 0.00 seconds spent updating 1 materials, 1 interfaces, 0 instances, 0 with static permutations.
[2017.06.21-08.23.19:611][188]LogMaterial: 0.00 seconds spent updating 1 materials, 1 interfaces, 0 instances, 0 with static permutations.
[2017.06.21-08.23.19:612][188]LogMaterial: 0.00 seconds spent updating 1 materials, 1 interfaces, 0 instances, 0 with static permutations.
[2017.06.21-08.23.19:612][188]LogMaterial: 0.00 seconds spent updating 1 materials, 1 interfaces, 0 instances, 0 with static permutations.
[2017.06.21-08.23.19:613][188]LogMaterial: 0.00 seconds spent updating 1 materials, 1 interfaces, 0 instances, 0 with static permutations.
[2017.06.21-08.23.19:613][188]LogMaterial: 0.00 seconds spent updating 1 materials, 1 interfaces, 0 instances, 0 with static permutations.
[2017.06.21-08.23.19:614][188]LogMaterial: 0.00 seconds spent updating 1 materials, 1 interfaces, 0 instances, 0 with static permutations.
[2017.06.21-08.23.19:614][188]LogMaterial: 0.00 seconds spent updating 1 materials, 1 interfaces, 0 instances, 0 with static permutations.
[2017.06.21-08.23.19:615][188]LogMaterial: 0.00 seconds spent updating 1 materials, 1 interfaces, 0 instances, 0 with static permutations.
[2017.06.21-08.23.19:615][188]LogMaterial: 0.00 seconds spent updating 1 materials, 1 interfaces, 0 instances, 0 with static permutations.
[2017.06.21-08.23.19:616][188]LogMaterial: 0.00 seconds spent updating 1 materials, 1 interfaces, 0 instances, 0 with static permutations.
[2017.06.21-08.23.19:616][188]LogMaterial: 0.00 seconds spent updating 1 materials, 1 interfaces, 0 instances, 0 with static permutations.
[2017.06.21-08.23.19:617][188]LogMaterial: 0.00 seconds spent updating 1 materials, 1 interfaces, 0 instances, 0 with static permutations.
[2017.06.21-08.23.19:617][188]LogMaterial: 0.00 seconds spent updating 1 materials, 1 interfaces, 0 instances, 0 with static permutations.
[2017.06.21-08.23.19:618][188]LogMaterial: 0.00 seconds spent updating 1 materials, 1 interfaces, 0 instances, 0 with static permutations.
[2017.06.21-08.23.19:619][188]LogMaterial: 0.00 seconds spent updating 1 materials, 1 interfaces, 0 instances, 0 with static permutations.
[2017.06.21-08.23.19:619][188]LogMaterial: 0.00 seconds spent updating 1 materials, 1 interfaces, 0 instances, 0 with static permutations.
[2017.06.21-08.23.19:619][188]LogMaterial: 0.00 seconds spent updating 1 materials, 1 interfaces, 0 instances, 0 with static permutations.
[2017.06.21-08.23.19:620][188]LogMaterial: 0.00 seconds spent updating 1 materials, 1 interfaces, 0 instances, 0 with static permutations.
[2017.06.21-08.23.19:620][188]LogMaterial: 0.00 seconds spent updating 1 materials, 1 interfaces, 0 instances, 0 with static permutations.
[2017.06.21-08.23.19:620][188]LogMaterial: 0.00 seconds spent updating 1 materials, 1 interfaces, 0 instances, 0 with static permutations.
[2017.06.21-08.23.19:620][188]LogMaterial: 0.00 seconds spent updating 1 materials, 1 interfaces, 0 instances, 0 with static permutations.
[2017.06.21-08.23.19:621][188]LogMaterial: 0.00 seconds spent updating 1 materials, 1 interfaces, 0 instances, 0 with static permutations.
[2017.06.21-08.23.19:621][188]LogMaterial: 0.00 seconds spent updating 1 materials, 1 interfaces, 0 instances, 0 with static permutations.
[2017.06.21-08.23.19:621][188]LogMaterial: 0.00 seconds spent updating 1 materials, 1 interfaces, 0 instances, 0 with static permutations.
[2017.06.21-08.23.19:621][188]LogMaterial: 0.00 seconds spent updating 1 materials, 1 interfaces, 0 instances, 0 with static permutations.
[2017.06.21-08.23.19:622][188]LogMaterial: 0.00 seconds spent updating 1 materials, 1 interfaces, 0 instances, 0 with static permutations.
[2017.06.21-08.23.19:622][188]LogMaterial: 0.00 seconds spent updating 1 materials, 1 interfaces, 0 instances, 0 with static permutations.
[2017.06.21-08.23.19:622][188]LogMaterial: 0.00 seconds spent updating 1 materials, 1 interfaces, 0 instances, 0 with static permutations.
[2017.06.21-08.23.19:622][188]LogMaterial: 0.00 seconds spent updating 1 materials, 1 interfaces, 0 instances, 0 with static permutations.
[2017.06.21-08.23.19:623][188]LogMaterial: 0.00 seconds spent updating 1 materials, 1 interfaces, 0 instances, 0 with static permutations.
[2017.06.21-08.23.19:623][188]LogMaterial: 0.00 seconds spent updating 1 materials, 1 interfaces, 0 instances, 0 with static permutations.
[2017.06.21-08.23.19:624][188]LogMaterial: 0.00 seconds spent updating 1 materials, 1 interfaces, 0 instances, 0 with static permutations.
[2017.06.21-08.23.19:624][188]LogMaterial: 0.00 seconds spent updating 1 materials, 1 interfaces, 0 instances, 0 with static permutations.
[2017.06.21-08.23.19:625][188]LogMaterial: 0.00 seconds spent updating 1 materials, 1 interfaces, 0 instances, 0 with static permutations.
[2017.06.21-08.23.19:625][188]LogMaterial: 0.00 seconds spent updating 1 materials, 1 interfaces, 0 instances, 0 with static permutations.
[2017.06.21-08.23.19:625][188]LogMaterial: 0.00 seconds spent updating 1 materials, 1 interfaces, 0 instances, 0 with static permutations.
[2017.06.21-08.23.19:626][188]LogMaterial: 0.00 seconds spent updating 1 materials, 1 interfaces, 0 instances, 0 with static permutations.
[2017.06.21-08.23.19:627][188]LogMaterial: 0.00 seconds spent updating 1 materials, 1 interfaces, 0 instances, 0 with static permutations.
[2017.06.21-08.23.19:627][188]LogMaterial: 0.00 seconds spent updating 1 materials, 1 interfaces, 0 instances, 0 with static permutations.
[2017.06.21-08.23.19:628][188]LogMaterial: 0.00 seconds spent updating 1 materials, 1 interfaces, 0 instances, 0 with static permutations.
[2017.06.21-08.23.19:628][188]LogMaterial: 0.00 seconds spent updating 1 materials, 1 interfaces, 0 instances, 0 with static permutations.
[2017.06.21-08.23.19:629][188]LogMaterial: 0.00 seconds spent updating 1 materials, 1 interfaces, 0 instances, 0 with static permutations.
[2017.06.21-08.23.19:689][188]LogTexture:Display: Building textures: Texture2D_0 (BGRA8)
[2017.06.21-08.23.19:749][189]Cmd: UpdateLandscapeEditorData
[2017.06.21-08.23.39:442][155]Cmd: CAMERA ALIGN ACTIVEVIEWPORTONLY
[2017.06.21-08.23.44:644][712]LogSavePackage: Save=237.24ms
[2017.06.21-08.23.44:644][712]LogSavePackage: Moving '../../../../../../Users/i7230020.STUDENT.000/Documents/GitHub/MastersProject/Ava/Saved/ExternalEnvironmentAF0A65434E04CBC7AADC5895E17B8141.tmp' to '../../../../../../Users/i7230020.STUDENT.000/Documents/GitHub/MastersProject/Ava/Content/Ava/Maps/ExternalEnvironment.umap'
[2017.06.21-08.23.44:652][712]LogSavePackage:Display: Finished SavePackage ../../../../../../Users/i7230020.STUDENT.000/Documents/GitHub/MastersProject/Ava/Content/Ava/Maps/ExternalEnvironment.umap
[2017.06.21-08.23.44:678][712]LogFileHelpers: Saving map 'ExternalEnvironment' took 0.372
[2017.06.21-08.23.48:140][ 86]MapCheck: New page: Map Check
[2017.06.21-08.23.48:159][ 86]Cmd: MAP REBUILD ALLVISIBLE
[2017.06.21-08.23.48:159][ 86]LogEditorServer: Rebuildmap Clear paths rebuilt
[2017.06.21-08.23.48:187][ 86]LightingResults: New page: Lighting Build - 21 Jun 2017 09:23:48
[2017.06.21-08.23.48:302][ 86]LogSwarmInterface: [OpenConnection] Registering TCP channel ...
[2017.06.21-08.23.48:338][ 86]LogSwarmInterface: [OpenConnection] Connecting to agent ...
[2017.06.21-08.23.48:348][ 86]LogSwarmInterface: [TryOpenConnection] Testing the Agent
[2017.06.21-08.23.48:862][ 86]LogSwarmInterface: [TryOpenConnection] Opening Connection to Agent
[2017.06.21-08.23.48:862][ 86]LogSwarmInterface: [TryOpenConnection] Local Process ID is 16768
[2017.06.21-08.23.53:226][ 86]LogStaticLightingSystem: Running Lightmass w/ ImmediateImport mode ENABLED
[2017.06.21-08.23.53:226][ 86]LogStaticLightingSystem: Running Lightmass w/ ImmediateProcess mode ENABLED
[2017.06.21-08.23.53:226][ 86]LogStaticLightingSystem: Running Lightmass w/ Sorting mode ENABLED
[2017.06.21-08.23.53:226][ 86]LogStaticLightingSystem: Running Lightmass w/ Mapping paddings ENABLED
[2017.06.21-08.23.53:226][ 86]LogStaticLightingSystem: Running Lightmass w/ Mapping debug paddings DISABLED
[2017.06.21-08.23.53:446][ 86]Cmd: MAP CHECK DONTDISPLAYDIALOG
[2017.06.21-08.23.53:446][ 86]MapCheck: New page: ExternalEnvironment - 21 Jun 2017 09:23:53
[2017.06.21-08.23.53:446][ 86]MapCheck:Error: Error WorldSettings Maps need lighting rebuilt 
[2017.06.21-08.23.53:524][ 86]MapCheck: Info Map check complete: 1 Error(s), 0 Warning(s), took 78.174ms to complete.
[2017.06.21-08.23.53:545][ 86]LogEditorBuildUtils: Build time 0:05
[2017.06.21-08.23.53:609][ 87]Cmd: UpdateLandscapeEditorData
[2017.06.21-08.24.04:647][584]Job is a success!
[2017.06.21-08.24.05:220][585]LogTexture:Display: Building textures: SkyOcclusion0_1 (AutoDXT)
[2017.06.21-08.24.05:220][585]LogTexture:Display: Building textures: HQ_Lightmap0_1 (AutoDXT)
[2017.06.21-08.24.05:220][585]LogTexture:Display: Building textures: LQ_Lightmap_0_1 (DXT1)
[2017.06.21-08.24.05:220][585]LogTexture:Display: Building textures: LQ_Lightmap_0_2 (DXT1)
[2017.06.21-08.24.05:220][585]LogTexture:Display: Building textures: HQ_Lightmap0_2 (AutoDXT)
[2017.06.21-08.24.05:220][585]LogTexture:Display: Building textures: SkyOcclusion0_2 (AutoDXT)
[2017.06.21-08.24.05:220][585]LogTexture:Display: Building textures: SkyOcclusion0_3 (AutoDXT)
[2017.06.21-08.24.05:220][585]LogTexture:Display: Building textures: HQ_Lightmap0_3 (AutoDXT)
[2017.06.21-08.24.05:220][585]LogTexture:Display: Building textures: LQ_Lightmap_0_3 (DXT1)
[2017.06.21-08.24.05:220][585]LogTexture:Display: Building textures: SkyOcclusion0_4 (AutoDXT)
[2017.06.21-08.24.05:220][585]LogTexture:Display: Building textures: HQ_Lightmap0_4 (AutoDXT)
[2017.06.21-08.24.05:220][585]LogTexture:Display: Building textures: LQ_Lightmap_0_4 (DXT1)
[2017.06.21-08.24.05:220][585]LogTexture:Display: Building textures: HQ_Lightmap0_5 (AutoDXT)
[2017.06.21-08.24.05:220][585]LogTexture:Display: Building textures: SkyOcclusion0_5 (AutoDXT)
[2017.06.21-08.24.05:220][585]LogTexture:Display: Building textures: LQ_Lightmap_0_5 (DXT1)
[2017.06.21-08.24.05:220][585]LogTexture:Display: Building textures: SkyOcclusion0_6 (AutoDXT)
[2017.06.21-08.24.05:220][585]LogTexture:Display: Building textures: HQ_Lightmap0_6 (AutoDXT)
[2017.06.21-08.24.05:220][585]LogTexture:Display: Building textures: LQ_Lightmap_0_6 (DXT1)
[2017.06.21-08.24.05:220][585]LogTexture:Display: Building textures: SkyOcclusion0_7 (AutoDXT)
[2017.06.21-08.24.05:220][585]LogTexture:Display: Building textures: HQ_Lightmap0_7 (AutoDXT)
[2017.06.21-08.24.05:220][585]LogTexture:Display: Building textures: LQ_Lightmap_0_7 (DXT1)
[2017.06.21-08.24.05:220][585]LogTexture:Display: Building textures: SkyOcclusion0_8 (AutoDXT)
[2017.06.21-08.24.05:220][585]LogTexture:Display: Building textures: HQ_Lightmap0_8 (AutoDXT)
[2017.06.21-08.24.05:220][585]LogTexture:Display: Building textures: LQ_Lightmap_0_8 (DXT1)
[2017.06.21-08.24.05:220][585]LogTexture:Display: Building textures: SkyOcclusion0_9 (AutoDXT)
[2017.06.21-08.24.05:220][585]LogTexture:Display: Building textures: HQ_Lightmap0_9 (AutoDXT)
[2017.06.21-08.24.05:220][585]LogTexture:Display: Building textures: LQ_Lightmap_0_9 (DXT1)
[2017.06.21-08.24.05:220][585]LogTexture:Display: Building textures: SkyOcclusion0_10 (AutoDXT)
[2017.06.21-08.24.05:220][585]LogTexture:Display: Building textures: HQ_Lightmap0_10 (AutoDXT)
[2017.06.21-08.24.05:220][585]LogTexture:Display: Building textures: LQ_Lightmap_0_10 (DXT1)
[2017.06.21-08.24.05:220][585]LogTexture:Display: Building textures: SkyOcclusion0_11 (AutoDXT)
[2017.06.21-08.24.05:220][585]LogTexture:Display: Building textures: HQ_Lightmap0_11 (AutoDXT)
[2017.06.21-08.24.05:220][585]LogTexture:Display: Building textures: LQ_Lightmap_0_11 (DXT1)
[2017.06.21-08.24.05:220][585]LogTexture:Display: Building textures: SkyOcclusion0_12 (AutoDXT)
[2017.06.21-08.24.05:220][585]LogTexture:Display: Building textures: HQ_Lightmap0_12 (AutoDXT)
[2017.06.21-08.24.05:220][585]LogTexture:Display: Building textures: LQ_Lightmap_0_12 (DXT1)
[2017.06.21-08.24.05:220][585]LogTexture:Display: Building textures: SkyOcclusion0_13 (AutoDXT)
[2017.06.21-08.24.05:220][585]LogTexture:Display: Building textures: HQ_Lightmap0_13 (AutoDXT)
[2017.06.21-08.24.05:220][585]LogTexture:Display: Building textures: LQ_Lightmap_0_13 (DXT1)
[2017.06.21-08.24.05:220][585]LogTexture:Display: Building textures: SkyOcclusion0_14 (AutoDXT)
[2017.06.21-08.24.05:220][585]LogTexture:Display: Building textures: HQ_Lightmap0_14 (AutoDXT)
[2017.06.21-08.24.05:220][585]LogTexture:Display: Building textures: LQ_Lightmap_0_14 (DXT1)
[2017.06.21-08.24.05:220][585]LogTexture:Display: Building textures: SkyOcclusion0_15 (AutoDXT)
[2017.06.21-08.24.05:220][585]LogTexture:Display: Building textures: HQ_Lightmap0_15 (AutoDXT)
[2017.06.21-08.24.05:220][585]LogTexture:Display: Building textures: LQ_Lightmap_0_15 (DXT1)
[2017.06.21-08.24.05:220][585]LogTexture:Display: Building textures: SkyOcclusion0_16 (AutoDXT)
[2017.06.21-08.24.05:220][585]LogTexture:Display: Building textures: HQ_Lightmap0_16 (AutoDXT)
[2017.06.21-08.24.05:220][585]LogTexture:Display: Building textures: LQ_Lightmap_0_16 (DXT1)
[2017.06.21-08.24.05:220][585]LogTexture:Display: Building textures: SkyOcclusion0_17 (AutoDXT)
[2017.06.21-08.24.05:220][585]LogTexture:Display: Building textures: HQ_Lightmap0_17 (AutoDXT)
[2017.06.21-08.24.05:220][585]LogTexture:Display: Building textures: LQ_Lightmap_0_17 (DXT1)
[2017.06.21-08.24.05:220][585]LogTexture:Display: Building textures: SkyOcclusion0_18 (AutoDXT)
[2017.06.21-08.24.05:220][585]LogTexture:Display: Building textures: HQ_Lightmap0_18 (AutoDXT)
[2017.06.21-08.24.05:220][585]LogTexture:Display: Building textures: LQ_Lightmap_0_18 (DXT1)
[2017.06.21-08.24.05:220][585]LogTexture:Display: Building textures: SkyOcclusion0_19 (AutoDXT)
[2017.06.21-08.24.05:220][585]LogTexture:Display: Building textures: HQ_Lightmap0_19 (AutoDXT)
[2017.06.21-08.24.05:220][585]LogTexture:Display: Building textures: LQ_Lightmap_0_19 (DXT1)
[2017.06.21-08.24.05:220][585]LogTexture:Display: Building textures: SkyOcclusion0_20 (AutoDXT)
[2017.06.21-08.24.05:220][585]LogTexture:Display: Building textures: HQ_Lightmap0_20 (AutoDXT)
[2017.06.21-08.24.05:220][585]LogTexture:Display: Building textures: LQ_Lightmap_0_20 (DXT1)
[2017.06.21-08.24.05:220][585]LogTexture:Display: Building textures: ShadowMapTexture2D_0 (G8)
[2017.06.21-08.24.05:220][585]LogTexture:Display: Building textures: ShadowMapTexture2D_1 (G8)
[2017.06.21-08.24.05:220][585]LogTexture:Display: Building textures: ShadowMapTexture2D_2 (G8)
[2017.06.21-08.24.05:220][585]LogTexture:Display: Building textures: ShadowMapTexture2D_3 (G8)
[2017.06.21-08.24.05:220][585]LogTexture:Display: Building textures: ShadowMapTexture2D_4 (G8)
[2017.06.21-08.24.05:220][585]LogTexture:Display: Building textures: ShadowMapTexture2D_5 (G8)
[2017.06.21-08.24.05:220][585]LogTexture:Display: Building textures: ShadowMapTexture2D_6 (G8)
[2017.06.21-08.24.05:220][585]LogTexture:Display: Building textures: ShadowMapTexture2D_7 (G8)
[2017.06.21-08.24.05:220][585]LogTexture:Display: Building textures: ShadowMapTexture2D_8 (G8)
[2017.06.21-08.24.05:220][585]LogTexture:Display: Building textures: ShadowMapTexture2D_9 (G8)
[2017.06.21-08.24.05:220][585]LogTexture:Display: Building textures: ShadowMapTexture2D_10 (G8)
[2017.06.21-08.24.05:220][585]LogTexture:Display: Building textures: ShadowMapTexture2D_11 (G8)
[2017.06.21-08.24.05:220][585]LogTexture:Display: Building textures: ShadowMapTexture2D_12 (G8)
[2017.06.21-08.24.05:220][585]LogTexture:Display: Building textures: ShadowMapTexture2D_13 (G8)
[2017.06.21-08.24.05:220][585]LogTexture:Display: Building textures: ShadowMapTexture2D_14 (G8)
[2017.06.21-08.24.05:220][585]LogTexture:Display: Building textures: ShadowMapTexture2D_15 (G8)
[2017.06.21-08.24.05:221][585]LogTexture:Display: Building textures: ShadowMapTexture2D_16 (G8)
[2017.06.21-08.24.05:221][585]LogTexture:Display: Building textures: ShadowMapTexture2D_17 (G8)
[2017.06.21-08.24.05:221][585]LogTexture:Display: Building textures: ShadowMapTexture2D_18 (G8)
[2017.06.21-08.24.05:221][585]LogTexture:Display: Building textures: ShadowMapTexture2D_19 (G8)
[2017.06.21-08.24.05:252][585]Lightmass on PC42640: 5.91 sec total, 392 ms importing, 347 ms setup, 750 ms photons, 4.39 sec processing, 0 ms extra exporting [64/64 mappings]. Threads: 47.8 sec total, 33.9 sec processing.
[2017.06.21-08.24.05:267][585]LogStaticLightingSystem: Illumination: 17.0 sec (189 ms encoding lightmaps, 157 ms encoding shadowmaps)
[2017.06.21-08.24.05:267][585]LogStaticLightingSystem: Lightmap texture memory:  2.9 MB (2.9 MB streaming, 0.0 MB non-streaming), 40 textures
[2017.06.21-08.24.05:267][585]LogStaticLightingSystem: Shadowmap texture memory: 0.8 MB (0.8 MB streaming, 0.0 MB non-streaming), 20 textures
[2017.06.21-08.24.06:240][586]Cmd: MAP CHECK NOTIFYRESULTS
[2017.06.21-08.24.06:240][586]MapCheck: New page: ExternalEnvironment - 21 Jun 2017 09:24:06
[2017.06.21-08.24.06:330][586]MapCheck: Info Map check complete: 0 Error(s), 0 Warning(s), took 89.692ms to complete.
[2017.06.21-08.24.12:071][157]LogSavePackage: Save=283.33ms
[2017.06.21-08.24.12:071][157]LogSavePackage: Moving '../../../../../../Users/i7230020.STUDENT.000/Documents/GitHub/MastersProject/Ava/Saved/ExternalEnvironment5F1714C44E1DC0E98306BF9A4AE3221F.tmp' to '../../../../../../Users/i7230020.STUDENT.000/Documents/GitHub/MastersProject/Ava/Content/Ava/Maps/ExternalEnvironment.umap'
[2017.06.21-08.24.12:080][157]LogSavePackage:Display: Finished SavePackage ../../../../../../Users/i7230020.STUDENT.000/Documents/GitHub/MastersProject/Ava/Content/Ava/Maps/ExternalEnvironment.umap
[2017.06.21-08.24.12:108][157]LogFileHelpers: Saving map 'ExternalEnvironment' took 0.407
[2017.06.21-08.24.15:960][562]LogBlueprint:Warning: Compiler Warning InputAction Event references unknown Action 'Crouch' for  InputAction Crouch 
[2017.06.21-08.24.15:963][562]LogBlueprint:Warning: Compiler Warning [0089.96] Compile of Ue4ASP_Character successful, but with 1 Warning(s) [in 8 ms] (/Game/AnimStarterPack/Ue4ASP_Character.Ue4ASP_Character)
[2017.06.21-08.24.15:963][562]LogBlueprint:Warning: Compiler Warning [0089.96] Compile of Ue4ASP_Character successful, but with 2 Warning(s) [in 0 ms] (/Game/AnimStarterPack/Ue4ASP_Character.Ue4ASP_Character)
[2017.06.21-08.24.15:963][562]LogBlueprint:Warning: Compiler Warning [0089.96] Compile of Ue4ASP_Character successful, but with 3 Warning(s) [in 0 ms] (/Game/AnimStarterPack/Ue4ASP_Character.Ue4ASP_Character)
[2017.06.21-08.24.16:038][562]LogBlueprint:Warning: Compiler Warning InputAction Event references unknown Action 'Crouch' for  InputAction Crouch 
[2017.06.21-08.24.16:041][562]LogBlueprint:Warning: Compiler Warning [0090.04] Compile of Ue4ASP_Character successful, but with 1 Warning(s) [in 8 ms] (/Game/AnimStarterPack/Ue4ASP_Character.Ue4ASP_Character)
[2017.06.21-08.24.16:041][562]LogBlueprint:Warning: Compiler Warning [0090.04] Compile of Ue4ASP_Character successful, but with 2 Warning(s) [in 0 ms] (/Game/AnimStarterPack/Ue4ASP_Character.Ue4ASP_Character)
[2017.06.21-08.24.16:041][562]LogBlueprint:Warning: Compiler Warning [0090.04] Compile of Ue4ASP_Character successful, but with 3 Warning(s) [in 0 ms] (/Game/AnimStarterPack/Ue4ASP_Character.Ue4ASP_Character)
[2017.06.21-08.24.16:556][562]LogMaterial: Missing cached shader map for material M_Rock_Marble_Polished, compiling. 
[2017.06.21-08.24.16:557][562]LogMaterial:Warning: Failed to compile Material /Game/StarterContent/Materials/M_Rock_Marble_Polished.M_Rock_Marble_Polished for platform PCD3D_SM5, Default Material will be used in game.
[2017.06.21-08.24.16:557][562]LogMaterial:Warning: 	(Node Desaturation) Missing Desaturation input
[2017.06.21-08.24.16:645][562]LogMaterial: Missing cached shader map for material M_Basic_Wall, compiling. 
[2017.06.21-08.24.16:645][562]LogMaterial:Warning: Failed to compile Material /Game/StarterContent/Materials/M_Basic_Wall.M_Basic_Wall for platform PCD3D_SM5, Default Material will be used in game.
[2017.06.21-08.24.16:645][562]LogMaterial:Warning: 	(Node TextureSample) TextureSample> Missing input texture
[2017.06.21-08.24.16:780][562]LogAIModule: Creating AISystem for world PalaceLevel
[2017.06.21-08.24.16:835][562]Cmd: MAP LOAD FILE="../../../../../../Users/i7230020.STUDENT.000/Documents/GitHub/MastersProject/Ava/Content/Ava/Maps/PalaceLevel.umap" TEMPLATE=0 SHOWPROGRESS=1 FEATURELEVEL=3
[2017.06.21-08.24.16:835][562]LightingResults: New page: Lighting Build
[2017.06.21-08.24.16:835][562]LoadErrors: New page: Loading map: PalaceLevel.umap
[2017.06.21-08.24.16:837][562]MapCheck: New page: Map Check
[2017.06.21-08.24.16:837][562]LightingResults: New page: Lighting Build
[2017.06.21-08.24.16:868][562]LogEditorServer: Finished looking for orphan Actors (0.000 secs)
[2017.06.21-08.24.16:894][562]Cmd: MAP CHECKDEP NOCLEARLOG
[2017.06.21-08.24.17:022][562]MapCheck: Info Map check complete: 0 Error(s), 0 Warning(s), took 128.223ms to complete.
[2017.06.21-08.24.17:024][562]LogFileHelpers: Loading map 'PalaceLevel' took 0.190
[2017.06.21-08.24.17:058][563]Cmd: UpdateLandscapeEditorData
[2017.06.21-08.24.19:162][751]LogAIModule: Creating AISystem for world ExternalEnvironment
[2017.06.21-08.24.19:174][751]Cmd: MAP LOAD FILE="../../../../../../Users/i7230020.STUDENT.000/Documents/GitHub/MastersProject/Ava/Content/Ava/Maps/ExternalEnvironment.umap" TEMPLATE=0 SHOWPROGRESS=1 FEATURELEVEL=3
[2017.06.21-08.24.19:174][751]LightingResults: New page: Lighting Build
[2017.06.21-08.24.19:175][751]LoadErrors: New page: Loading map: ExternalEnvironment.umap
[2017.06.21-08.24.19:178][751]MapCheck: New page: Map Check
[2017.06.21-08.24.19:178][751]LightingResults: New page: Lighting Build
[2017.06.21-08.24.19:243][751]LogEditorServer: Finished looking for orphan Actors (0.000 secs)
[2017.06.21-08.24.19:269][751]Cmd: MAP CHECKDEP NOCLEARLOG
[2017.06.21-08.24.19:407][751]MapCheck: Info Map check complete: 0 Error(s), 0 Warning(s), took 138.549ms to complete.
[2017.06.21-08.24.19:408][751]LogFileHelpers: Loading map 'ExternalEnvironment' took 0.235
[2017.06.21-08.24.19:453][752]Cmd: UpdateLandscapeEditorData -warnings
[2017.06.21-08.24.19:454][752]Cmd: UpdateLandscapeEditorData
[2017.06.21-08.24.27:660][603]LogEditor: Attempting to add actor of class 'MainCharacter' to level at 780.00,577.00,200.00
[2017.06.21-08.24.28:731][705]LogEditor: Attempting to add actor of class 'MainCharacter' to level at 1004.00,-31.00,200.00
[2017.06.21-08.24.41:477][763]LogActorComponent: ~FComponentReregisterContext: (/Game/Ava/Maps/ExternalEnvironment.ExternalEnvironment:PersistentLevel.MainCharacter_1.CharacterMesh0) Component already registered.
[2017.06.21-08.24.46:805][213]LogStats: FPlatformStackWalk::StackWalkAndDump -  0.024 s
[2017.06.21-08.24.46:805][213]LogOutputDevice:Warning: === Handled error: ===

Ensure condition failed: Save != INDEX_NONE [File:D:\Build\++UE4+Release-4.12+Compile\Sync\Engine\Source\Runtime\CoreUObject\Private\UObject\LinkerSave.cpp] [Line: 185]

Stack: 
UE4Editor-Core.dll
UE4Editor-Core.dll
UE4Editor-Core.dll
UE4Editor-CoreUObject.dll
UE4Editor-CoreUObject.dll
UE4Editor-CoreUObject.dll
UE4Editor-CoreUObject.dll
UE4Editor-CoreUObject.dll
UE4Editor-Engine.dll
UE4Editor-Engine.dll
UE4Editor-Engine.dll
UE4Editor-CoreUObject.dll
UE4Editor-UnrealEd.dll
UE4Editor-UnrealEd.dll
UE4Editor-UnrealEd.dll
UE4Editor-UnrealEd.dll
UE4Editor-UnrealEd.dll
UE4Editor-UnrealEd.dll
UE4Editor-UnrealEd.dll
UE4Editor-UnrealEd.dll
UE4Editor-LevelEditor.dll
UE4Editor-Slate.dll
UE4Editor-Slate.dll
UE4Editor-Slate.dll
UE4Editor-Slate.dll
UE4Editor-Slate.dll
UE4Editor-Slate.dll
UE4Editor-Slate.dll
UE4Editor-Slate.dll
UE4Editor-Slate.dll
UE4Editor-Slate.dll
UE4Editor-Slate.dll
UE4Editor-Slate.dll
UE4Editor-Core.dll
UE4Editor-Core.dll
UE4Editor-Core.dll
UE4Editor-Core.dll
USER32.dll
USER32.dll
UE4Editor-Core.dll
UE4Editor.exe
UE4Editor.exe
UE4Editor.exe
UE4Editor.exe
UE4Editor.exe
kernel32.dll
ntdll.dll
ntdll.dll

[2017.06.21-08.24.46:805][213]LogStats:                SubmitErrorReport -  0.000 s
[2017.06.21-08.24.47:465][213]LogStats:                    SendNewReport -  0.660 s
[2017.06.21-08.24.47:465][213]LogStats:             FDebug::EnsureFailed -  0.684 s
[2017.06.21-08.24.47:633][213]LogSavePackage: Save=1036.97ms
[2017.06.21-08.24.47:633][213]LogSavePackage: Moving '../../../../../../Users/i7230020.STUDENT.000/Documents/GitHub/MastersProject/Ava/Saved/ExternalEnvironmentCA54085A4E45F757DD10B8BBD40D0E23.tmp' to '../../../../../../Users/i7230020.STUDENT.000/Documents/GitHub/MastersProject/Ava/Content/Ava/Maps/ExternalEnvironment.umap'
[2017.06.21-08.24.47:643][213]LogSavePackage:Display: Finished SavePackage ../../../../../../Users/i7230020.STUDENT.000/Documents/GitHub/MastersProject/Ava/Content/Ava/Maps/ExternalEnvironment.umap
[2017.06.21-08.24.51:084][550]LogAIModule: Creating AISystem for world MainMenu
[2017.06.21-08.24.51:102][550]Cmd: MAP LOAD FILE="../../../../../../Users/i7230020.STUDENT.000/Documents/GitHub/MastersProject/Ava/Content/Ava/Maps/MainMenu.umap" TEMPLATE=0 SHOWPROGRESS=1 FEATURELEVEL=3
[2017.06.21-08.24.51:102][550]LightingResults: New page: Lighting Build
[2017.06.21-08.24.51:103][550]LoadErrors: New page: Loading map: MainMenu.umap
[2017.06.21-08.24.51:130][550]MapCheck: New page: Map Check
[2017.06.21-08.24.51:130][550]LightingResults: New page: Lighting Build
[2017.06.21-08.24.51:146][550]LogEditorServer: Finished looking for orphan Actors (0.000 secs)
[2017.06.21-08.24.51:175][550]Cmd: MAP CHECKDEP NOCLEARLOG
[2017.06.21-08.24.51:298][550]MapCheck: Info Map check complete: 0 Error(s), 0 Warning(s), took 122.557ms to complete.
[2017.06.21-08.24.51:299][550]LogFileHelpers: Loading map 'MainMenu' took 0.198
[2017.06.21-08.24.51:328][551]Cmd: UpdateLandscapeEditorData
[2017.06.21-08.24.52:245][640]LogLinker:Error: Bad name index -1/299
[2017.06.21-08.24.52:246][640]LogWindows: Windows GetLastError: The operation completed successfully. (0)
[2017.06.21-08.24.52:888][640]LogCrashTracker: 


[2017.06.21-08.24.52:888][640]LogCrashTracker: 


[2017.06.21-08.24.52:888][640]LogWindows:Error: === Critical error: ===
Fatal error: [File:D:\Build\++UE4+Release-4.12+Compile\Sync\Engine\Source\Runtime\CoreUObject\Private\UObject\LinkerLoad.cpp] [Line: 3355] 
SphereComponent /Game/Ava/Maps/ExternalEnvironment.ExternalEnvironment:PersistentLevel.MainCharacter_1.overlappingSphere: Serial size mismatch: Got 8, Expected 98




[2017.06.21-08.24.52:915][640]LogExit: Executing StaticShutdownAfterError
[2017.06.21-08.24.52:918][640]LogWindows: FPlatformMisc::RequestExit(1)
[2017.06.21-08.24.52:918][640]Log file closed, 06/21/17 09:24:52
