Log file open, 07/11/17 13:34:02
LogInit:Display: Running engine for game: Ava
LogPlatformFile: Not using cached read wrapper
LogInit:Display: RandInit(-2064828759) SRandInit(-2064828758).
LogTaskGraph: Started task graph with 4 named threads and 9 total threads with 1 sets of task threads.
LogStats: Stats thread started at 0.168234
LogInit: Version: 4.12.5-3039270+++UE4+Release-4.12
LogInit: API Version: 2992821
LogInit: Net Version: 3039270
LogDevObjectVersion: Number of dev versions registered: 13
LogDevObjectVersion:   Dev-Blueprints (B0D832E4-1F89-4F0D-ACCF-7EB736FD4AA2): 3
LogDevObjectVersion:   Dev-Build (E1C64328-A22C-4D53-A36C-8E866417BD8C): 0
LogDevObjectVersion:   Dev-Core (375EC13C-06E4-48FB-B500-84F0262A717E): 1
LogDevObjectVersion:   Dev-Editor (E4B068ED-F494-42E9-A231-DA0B2E46BB41): 2
LogDevObjectVersion:   Dev-Framework (CFFC743F-43B0-4480-9391-14DF171D2073): 6
LogDevObjectVersion:   Dev-Mobile (B02B49B5-BB20-44E9-A304-32B752E40360): 0
LogDevObjectVersion:   Dev-Networking (A4E4105C-59A1-49B5-A7C5-40C4547EDFEE): 0
LogDevObjectVersion:   Dev-Online (39C831C9-5AE6-47DC-9A44-9C173E1C8E7C): 0
LogDevObjectVersion:   Dev-Physics (78F01B33-EBEA-4F98-B9B4-84EACCB95AA2): 0
LogDevObjectVersion:   Dev-Platform (6631380F-2D4D-43E0-8009-CF276956A95A): 0
LogDevObjectVersion:   Dev-Rendering (12F88B9F-8875-4AFC-A67C-D90C383ABD29): 2
LogDevObjectVersion:   Dev-Sequencer (7B5AE74C-D270-4C10-A958-57980B212A5A): 0
LogDevObjectVersion:   Dev-VR (D7296918-1DD6-4BDD-9DE2-64A83CC13884): 0
LogInit: Compiled (64-bit): Jul  6 2016 09:09:46
LogInit: Compiled with Visual C++: 19.00.23026.00
LogInit: Build Configuration: Development
LogInit: Branch Name: ++UE4+Release-4.12
LogInit: Command line:  
LogInit: Base directory: C:/Program Files/Epic Games/4.12/Engine/Binaries/Win64/
LogInit: Installed Engine Build: 1
LogInit: Using libcurl 7.41.0
LogInit:  - built for x86_64-pc-win32
LogInit:  - supports SSL with WinSSL
LogInit:  - other features:
LogInit:      CURL_VERSION_SSL
LogInit:      CURL_VERSION_IPV6
LogInit:      CURL_VERSION_ASYNCHDNS
LogInit:      CURL_VERSION_LARGEFILE
LogInit:      CURL_VERSION_IDN
LogInit:  CurlRequestOptions (configurable via config and command line):
LogInit:  - bVerifyPeer = true  - Libcurl will verify peer certificate
LogInit:  - bUseHttpProxy = false  - Libcurl will NOT use HTTP proxy
LogInit:  - bDontReuseConnections = false  - Libcurl will reuse connections
LogInit:  - CertBundlePath = nullptr  - Libcurl will use whatever was configured at build time.
LogInit: Presizing for max 8388607 objects, including 0 objects not considered by GC, pre-allocating 0 bytes for permanent pool.
LogInit: Object subsystem initialized
[2017.07.11-12.34.02:717][  0]LogInit: Selected Device Profile: [Windows]
[2017.07.11-12.34.02:717][  0]LogInit: Applying CVar settings loaded from the selected device profile: [Windows]
[2017.07.11-12.34.02:744][  0]LogInit: Computer: PC42640
[2017.07.11-12.34.02:744][  0]LogInit: User: i7230020
[2017.07.11-12.34.02:744][  0]LogInit: CPU Page size=65536, Cores=6
[2017.07.11-12.34.02:744][  0]LogInit: High frequency timer resolution =3.410097 MHz
[2017.07.11-12.34.02:744][  0]LogMemory: Memory total: Physical=31.9GB (32GB approx)
[2017.07.11-12.34.02:744][  0]LogMemory: Platform Memory Stats for Windows
[2017.07.11-12.34.02:744][  0]LogMemory: Process Physical Memory: 196.41 MB used, 196.41 MB peak
[2017.07.11-12.34.02:744][  0]LogMemory: Process Virtual Memory: 198.81 MB used, 198.81 MB peak
[2017.07.11-12.34.02:744][  0]LogMemory: Physical Memory: 6695.54 MB used, 32684.15 MB total
[2017.07.11-12.34.02:744][  0]LogMemory: Virtual Memory: 539.58 MB used, 8388608.00 MB total
[2017.07.11-12.34.02:966][  0]LogTextLocalizationManager: No specific translations for ('en-GB') exist, so ('en') translations will be used.
[2017.07.11-12.34.03:392][  0]LogD3D11RHI: D3D11 adapters:
[2017.07.11-12.34.03:413][  0]LogD3D11RHI:    0. 'NVIDIA Quadro M4000' (Feature Level 11_0)
[2017.07.11-12.34.03:413][  0]LogD3D11RHI:       8092/0/16086 MB DedicatedVideo/DedicatedSystem/SharedSystem, Outputs:1, VendorId:0x10de
[2017.07.11-12.34.03:413][  0]LogD3D11RHI: Chosen D3D11 Adapter: 0
[2017.07.11-12.34.03:418][  0]LogD3D11RHI: Creating new Direct3DDevice
[2017.07.11-12.34.03:419][  0]LogD3D11RHI:     GPU DeviceId: 0x13f1 (for the marketing name, search the web for "GPU Device Id")
[2017.07.11-12.34.03:419][  0]LogWindows: EnumDisplayDevices:
[2017.07.11-12.34.03:419][  0]LogWindows:    0. 'NVIDIA Quadro M4000' (P:1 D:1)
[2017.07.11-12.34.03:420][  0]LogWindows:    1. 'NVIDIA Quadro M4000' (P:0 D:0)
[2017.07.11-12.34.03:420][  0]LogWindows:    2. 'NVIDIA Quadro M4000' (P:0 D:0)
[2017.07.11-12.34.03:421][  0]LogWindows:    3. 'NVIDIA Quadro M4000' (P:0 D:0)
[2017.07.11-12.34.03:421][  0]LogWindows:    4. 'RDPDD Chained DD' (P:0 D:0)
[2017.07.11-12.34.03:421][  0]LogWindows:    5. 'RDP Encoder Mirror Driver' (P:0 D:0)
[2017.07.11-12.34.03:421][  0]LogWindows:    6. 'RDP Reflector Display Driver' (P:0 D:0)
[2017.07.11-12.34.03:421][  0]LogWindows: DebugString: GetVideoDriverDetailsInvalid PrimaryIsNotTheChoosenAdapter GetVideoDriverDetailsInvalid PrimaryIsNotTheChoosenAdapter GetVideoDriverDetailsInvalid PrimaryIsNotTheChoosenAdapter FoundDriverCount:4 
[2017.07.11-12.34.03:421][  0]LogD3D11RHI:     Adapter Name: NVIDIA Quadro M4000
[2017.07.11-12.34.03:421][  0]LogD3D11RHI:   Driver Version: 362.13 (internal:10.18.13.6213, unified:362.13)
[2017.07.11-12.34.03:421][  0]LogD3D11RHI:      Driver Date: 3-18-2016
[2017.07.11-12.34.03:421][  0]LogRHI: Texture pool is 1361 MB (70% of 1945 MB)
[2017.07.11-12.34.03:431][  0]LogD3D11RHI: Async texture creation enabled
[2017.07.11-12.34.03:445][  0]LogD3D11RHI: GPU Timing Frequency: 1000.000000 (Debug: 2 2)
[2017.07.11-12.34.03:445][  0]LogShaderCompilers: Guid format shader working directory is -8 characters bigger than the processId version (W:/University Work/Masters/MastersProject/MastersProject/Ava/Intermediate/Shaders/WorkingDirectory/10672/).
[2017.07.11-12.34.03:445][  0]LogShaderCompilers: Cleaned the shader compiler working directory 'C:/Users/I72300~1.000/AppData/Local/Temp/UnrealShaderWorkingDir/751BA144463543E01FFBE6B31A08B5B4/'.
[2017.07.11-12.34.03:445][  0]LogShaderCompilers:Display: Using Local Shader Compiler.
[2017.07.11-12.34.05:861][  0]LogTemp:Display: Loaded TP AllDesktopTargetPlatform
[2017.07.11-12.34.05:870][  0]LogTemp:Display: Loaded TP WindowsClientTargetPlatform
[2017.07.11-12.34.05:879][  0]LogTemp:Display: Loaded TP WindowsNoEditorTargetPlatform
[2017.07.11-12.34.05:888][  0]LogTemp:Display: Loaded TP WindowsServerTargetPlatform
[2017.07.11-12.34.05:897][  0]LogTemp:Display: Loaded TP WindowsTargetPlatform
[2017.07.11-12.34.05:909][  0]LogTemp:Display: Loaded TP AndroidTargetPlatform
[2017.07.11-12.34.05:917][  0]LogTemp:Display: Loaded TP Android_ASTCTargetPlatform
[2017.07.11-12.34.05:924][  0]LogTemp:Display: Loaded TP Android_ATCTargetPlatform
[2017.07.11-12.34.05:932][  0]LogTemp:Display: Loaded TP Android_DXTTargetPlatform
[2017.07.11-12.34.05:940][  0]LogTemp:Display: Loaded TP Android_ETC1TargetPlatform
[2017.07.11-12.34.05:947][  0]LogTemp:Display: Loaded TP Android_ETC2TargetPlatform
[2017.07.11-12.34.05:963][  0]LogTemp:Display: Loaded TP Android_MultiTargetPlatform
[2017.07.11-12.34.05:963][  0]LogTemp:Display: Loaded TP Android_PVRTCTargetPlatform
[2017.07.11-12.34.05:964][  0]LogTemp:Display: Loaded TP HTML5TargetPlatform
[2017.07.11-12.34.06:029][  0]LogTemp:Display: Loaded TP IOSTargetPlatform
[2017.07.11-12.34.06:036][  0]LogTemp:Display: Loaded TP TVOSTargetPlatform
[2017.07.11-12.34.06:044][  0]LogTemp:Display: Loaded TP LinuxNoEditorTargetPlatform
[2017.07.11-12.34.06:051][  0]LogTemp:Display: Loaded TP LinuxServerTargetPlatform
[2017.07.11-12.34.06:067][  0]LogTemp:Display: Loaded TP LinuxTargetPlatform
[2017.07.11-12.34.06:067][  0]LogTargetPlatformManager:Display: Building Assets For Windows
[2017.07.11-12.34.06:490][  0]LogDerivedDataCache:Display: Max Cache Size: 512 MB
[2017.07.11-12.34.06:491][  0]LogDerivedDataCache:Display: Starting with empty Boot cache
[2017.07.11-12.34.06:491][  0]LogDerivedDataCache: FDerivedDataBackendGraph:  Pak pak cache file W:/University Work/Masters/MastersProject/MastersProject/Ava/DerivedDataCache/DDC.ddp not found, will not use a pak cache.
[2017.07.11-12.34.06:491][  0]LogDerivedDataCache: Unable to find inner node Pak for hierarchical cache Hierarchy.
[2017.07.11-12.34.06:491][  0]LogDerivedDataCache: FDerivedDataBackendGraph:  CompressedPak pak cache file W:/University Work/Masters/MastersProject/MastersProject/Ava/DerivedDataCache/Compressed.ddp not found, will not use a pak cache.
[2017.07.11-12.34.06:491][  0]LogDerivedDataCache: Unable to find inner node CompressedPak for hierarchical cache Hierarchy.
[2017.07.11-12.34.06:509][  0]LogDerivedDataCache:Display: Pak cache opened for reading ../../../Engine/DerivedDataCache/Compressed.ddp.
[2017.07.11-12.34.06:522][  0]LogDerivedDataCache: Using Local data cache path C:/Users/i7230020.STUDENT.000/AppData/Local/UnrealEngine/Common/DerivedDataCache: Writable
[2017.07.11-12.34.09:468][  0]LogInit: Selected Device Profile: [Windows]
[2017.07.11-12.34.09:469][  0]LogTexture:Display: Building textures: S_Actor (BGRA8)
[2017.07.11-12.34.09:471][  0]LogContentStreaming: Texture pool size is 0.00 MB
[2017.07.11-12.34.09:478][  0]LogTexture:Display: Building textures: S_LevelSequence (BGRA8)
[2017.07.11-12.34.09:562][  0]LogTexture:Display: Building textures: WhiteSquareTexture (AutoDXT)
[2017.07.11-12.34.09:567][  0]LogTexture:Display: Building textures: T_Default_Material_Grid_M (AutoDXT)
[2017.07.11-12.34.09:674][  0]LogTexture:Display: Building textures: T_Default_Material_Grid_N (BC5)
[2017.07.11-12.34.09:793][  0]LogTexture:Display: Building textures: DefaultDiffuse (AutoDXT)
[2017.07.11-12.34.10:249][  0]LogTexture:Display: Building textures: DefaultTexture (DXT1)
[2017.07.11-12.34.10:302][  0]LogTexture:Display: Building textures: AICON-Red (AutoDXT)
[2017.07.11-12.34.10:311][  0]LogTexture:Display: Building textures: AICON-Green (AutoDXT)
[2017.07.11-12.34.10:332][  0]LogTexture:Display: Building textures: S_Emitter (BGRA8)
[2017.07.11-12.34.10:349][  0]LogTexture:Display: Building textures: Bad (BGRA8)
[2017.07.11-12.34.10:381][  0]LogMeshUtilities: No automatic mesh reduction module available
[2017.07.11-12.34.10:381][  0]LogMeshUtilities: No automatic mesh merging module available
[2017.07.11-12.34.10:381][  0]LogMeshUtilities: No distributed automatic mesh merging module available
[2017.07.11-12.34.10:423][  0]LogTexture:Display: Building textures: Default (BGRA8)
[2017.07.11-12.34.10:431][  0]LogTexture:Display: Building textures: VR-Basic (BGRA8)
[2017.07.11-12.34.10:461][  0]LogTexture:Display: Building textures: Grid (AutoDXT)
[2017.07.11-12.34.10:511][  0]LogTexture:Display: Building textures: DaylightAmbientCubemap (RGBA16F)
[2017.07.11-12.34.17:376][  0]LogTexture:Display: Building textures: PSysThumbnail_NoImage (AutoDXT)
[2017.07.11-12.34.17:389][  0]LogTexture:Display: Building textures: PSysThumbnail_OOD (AutoDXT)
[2017.07.11-12.34.17:398][  0]LogTexture:Display: Building textures: S_DecalActorIcon (AutoDXT)
[2017.07.11-12.34.17:453][  0]LogTexture:Display: Building textures: S_Terrain (BGRA8)
[2017.07.11-12.34.17:487][  0]LogTexture:Display: Building textures: MatineeCam_D (AutoDXT)
[2017.07.11-12.34.17:563][  0]LogTexture:Display: Building textures: T_EditorHelp (AutoDXT)
[2017.07.11-12.34.18:027][  0]LogTexture:Display: Building textures: flipbook (AutoDXT)
[2017.07.11-12.34.18:039][  0]LogTexture:Display: Building textures: S_ExpoHeightFog (BGRA8)
[2017.07.11-12.34.18:049][  0]LogTexture:Display: Building textures: S_NavP (BGRA8)
[2017.07.11-12.34.18:058][  0]LogTexture:Display: Building textures: S_Player (BGRA8)
[2017.07.11-12.34.18:069][  0]LogTexture:Display: Building textures: SkyLight (BGRA8)
[2017.07.11-12.34.18:078][  0]LogTexture:Display: Building textures: S_WindDirectional (AutoDXT)
[2017.07.11-12.34.18:123][  0]LogTexture:Display: Building textures: S_LightDirectional (BGRA8)
[2017.07.11-12.34.18:132][  0]LogTexture:Display: Building textures: S_LightDirectionalMove (BGRA8)
[2017.07.11-12.34.18:142][  0]LogTexture:Display: Building textures: S_LightPoint (BGRA8)
[2017.07.11-12.34.18:153][  0]LogTexture:Display: Building textures: S_LightPointMove (BGRA8)
[2017.07.11-12.34.18:164][  0]LogTexture:Display: Building textures: S_LightSpot (BGRA8)
[2017.07.11-12.34.18:175][  0]LogTexture:Display: Building textures: S_LightSpotMove (BGRA8)
[2017.07.11-12.34.18:184][  0]LogTexture:Display: Building textures: S_PortalActorIcon2 (AutoDXT)
[2017.07.11-12.34.18:211][  0]LogTexture:Display: Building textures: MatInstActSprite (BGRA8)
[2017.07.11-12.34.18:218][  0]LogTexture:Display: Building textures: SceneManager (BGRA8)
[2017.07.11-12.34.18:229][  0]LogTexture:Display: Building textures: S_NavLink (AutoDXT)
[2017.07.11-12.34.18:244][  0]LogTexture:Display: Building textures: S_Note (BGRA8)
[2017.07.11-12.34.18:258][  0]LogTexture:Display: Building textures: S_ReflActorIcon (AutoDXT)
[2017.07.11-12.34.18:286][  0]LogTexture:Display: Building textures: S_Thruster (BGRA8)
[2017.07.11-12.34.18:294][  0]LogTexture:Display: Building textures: S_RadForce (BGRA8)
[2017.07.11-12.34.18:302][  0]LogTexture:Display: Building textures: TargetIcon (BGRA8)
[2017.07.11-12.34.18:313][  0]LogTexture:Display: Building textures: RobotoDistanceField_PageA (G8)
[2017.07.11-12.34.18:327][  0]LogTexture:Display: Building textures: S_TextRenderActorIcon (AutoDXT)
[2017.07.11-12.34.18:346][  0]LogTexture:Display: Building textures: S_Trigger (BGRA8)
[2017.07.11-12.34.18:359][  0]LogTexture:Display: Building textures: S_VectorFieldVol (BGRA8)
[2017.07.11-12.34.18:365][  0]LogTexture:Display: Building textures: GradientTexture0 (BGRA8)
[2017.07.11-12.34.18:369][  0]LogTexture:Display: Building textures: Black (AutoDXT)
[2017.07.11-12.34.18:376][  0]LogTexture:Display: Building textures: MAT_Groups_Float (AutoDXT)
[2017.07.11-12.34.18:379][  0]LogTexture:Display: Building textures: MAT_Groups_Director (AutoDXT)
[2017.07.11-12.34.18:382][  0]LogTexture:Display: Building textures: MAT_Groups_Event (AutoDXT)
[2017.07.11-12.34.18:385][  0]LogTexture:Display: Building textures: MAT_Groups_Anim (AutoDXT)
[2017.07.11-12.34.18:388][  0]LogTexture:Display: Building textures: MAT_Groups_Fade (AutoDXT)
[2017.07.11-12.34.18:391][  0]LogTexture:Display: Building textures: MAT_Groups_Move (AutoDXT)
[2017.07.11-12.34.18:394][  0]LogTexture:Display: Building textures: MAT_Groups_Slomo (AutoDXT)
[2017.07.11-12.34.18:398][  0]LogTexture:Display: Building textures: MAT_ColorTrack (AutoDXT)
[2017.07.11-12.34.18:401][  0]LogTexture:Display: Building textures: MAT_Groups_Toggle (AutoDXT)
[2017.07.11-12.34.18:404][  0]LogTexture:Display: Building textures: MAT_Groups_AudioMaster (AutoDXT)
[2017.07.11-12.34.18:407][  0]LogTexture:Display: Building textures: MAT_Groups_Sound (AutoDXT)
[2017.07.11-12.34.18:410][  0]LogTexture:Display: Building textures: MAT_Groups_Vector (AutoDXT)
[2017.07.11-12.34.18:413][  0]LogTexture:Display: Building textures: MAT_Groups_Visibility (AutoDXT)
[2017.07.11-12.34.18:418][  0]LogTexture:Display: Building textures: DefaultTextureCube (DXT1)
[2017.07.11-12.34.19:001][  0]LogAssetRegistry: FAssetRegistry took 0.0199 seconds to start up
[2017.07.11-12.34.19:075][  0]LogPackageLocalizationCache: Processed 4 localized package path(s) for 2 prioritized culture(s) in 0.071382 seconds
[2017.07.11-12.34.19:079][  0]LogUObjectArray: 28739 objects as part of root set at end of initial load.
[2017.07.11-12.34.19:079][  0]LogUObjectAllocator: 5855632 out of 0 bytes used by permanent object pool.
[2017.07.11-12.34.19:079][  0]LogUObjectArray: CloseDisregardForGC: 0/0 objects in disregard for GC pool
[2017.07.11-12.34.19:086][  0]LogInit: WinSock: version 1.1 (2.2), MaxSocks=32767, MaxUdp=65467
[2017.07.11-12.34.19:285][  0]LogTexture:Display: Building textures: S_FTest (AutoDXT)
[2017.07.11-12.34.19:338][  0]LogTexture:Display: Building textures: VR_LaserPower_01 (AutoDXT)
[2017.07.11-12.34.19:479][  0]LogTexture:Display: Building textures: GizmoText_RobotoDistanceField_PageA (G8)
[2017.07.11-12.34.19:529][  0]LogTexture:Display: Building textures: UE4_Logo (AutoDXT)
[2017.07.11-12.34.19:647][  0]LogSlate: SlateFontCache - WITH_FREETYPE: 1, WITH_HARFBUZZ: 1
[2017.07.11-12.34.19:647][  0]LogSlate: SlateFontCache - WITH_FREETYPE: 1, WITH_HARFBUZZ: 1
[2017.07.11-12.34.22:455][  0]LogTexture:Display: Building textures: DummySpriteTexture (AutoDXT)
[2017.07.11-12.34.22:508][  0]LogUdpMessaging: Initializing bridge on interface 0.0.0.0:0 to multicast group 230.0.0.1:6666.
[2017.07.11-12.34.22:601][  0]LogStats: FPlatformStackWalk::StackWalkAndDump -  0.011 s
[2017.07.11-12.34.22:601][  0]LogOutputDevice:Warning: === Handled error: ===

Ensure condition failed: !AttachmentRules.bWeldSimulatedBodies [File:D:\Build\++UE4+Release-4.12+Compile\Sync\Engine\Source\Runtime\Engine\Private\Components\SceneComponent.cpp] [Line: 1481]
AttachToComponent when called from a constructor cannot weld simulated bodies. Consider calling SetupAttachment directly instead.
Stack: 
UE4Editor-Core.dll
UE4Editor-Core.dll
UE4Editor-Core.dll
UE4Editor-Engine.dll
UE4Editor-Ava.dll
UE4Editor-CoreUObject.dll
UE4Editor-CoreUObject.dll
UE4Editor-CoreUObject.dll
UE4Editor-CoreUObject.dll
UE4Editor-Core.dll
UE4Editor-Core.dll
UE4Editor-Projects.dll
UE4Editor-Projects.dll
UE4Editor.exe
UE4Editor.exe
UE4Editor.exe
UE4Editor.exe
UE4Editor.exe
UE4Editor.exe
kernel32.dll
ntdll.dll
ntdll.dll

[2017.07.11-12.34.22:601][  0]LogStats:                SubmitErrorReport -  0.000 s
[2017.07.11-12.34.23:112][  0]LogStats:                    SendNewReport -  0.512 s
[2017.07.11-12.34.23:112][  0]LogStats:             FDebug::EnsureFailed -  0.523 s
[2017.07.11-12.34.23:256][  0]LogTexture:Display: Building textures: MiniFont (AutoDXT)
[2017.07.11-12.34.23:396][  0]SourceControl: Info Source control is disabled
[2017.07.11-12.34.23:399][  0]SourceControl: Info Source control is disabled
[2017.07.11-12.34.23:411][  0]SourceControl: Info Source control is disabled
[2017.07.11-12.34.23:424][  0]SourceControl: Info Source control is disabled
[2017.07.11-12.34.23:620][  0]LogHoudiniEngine: Starting the Houdini Engine module.
[2017.07.11-12.34.23:631][  0]LogHoudiniEngine: Loaded libHAPIL.dll from Registry path C:\Program Files\Side Effects Software\Houdini 15.5.632/bin
[2017.07.11-12.34.23:634][  0]LogLinker:Warning: Asset '../../../Engine/Plugins/Runtime/HoudiniEngine/Content/houdini_logo.uasset' has been saved with empty engine version. The asset will be loaded but may be incompatible.
[2017.07.11-12.34.23:635][  0]LogStaticMesh: Building static mesh houdini_logo...
[2017.07.11-12.34.23:636][  0]LogMeshUtilities:Warning: Invalid vertex normals found for mesh. Forcing recomputation of vertex normals for MikkTSpace. Fix mesh or disable "Use MikkTSpace Tangent Space" to avoid forced recomputation of normals.
[2017.07.11-12.34.23:648][  0]LogStaticMesh: Built static mesh [0.01s] /HoudiniEngine/houdini_logo.houdini_logo
[2017.07.11-12.34.23:654][  0]LogLinker:Warning: Asset '../../../Engine/Plugins/Runtime/HoudiniEngine/Content/houdini_default_material.uasset' has been saved with empty engine version. The asset will be loaded but may be incompatible.
[2017.07.11-12.34.23:656][  0]LogMaterial: Missing cached shader map for material houdini_default_material, compiling. 
[2017.07.11-12.34.23:693][  0]LogLinker:Warning: Asset '../../../Engine/Plugins/Runtime/HoudiniEngine/Content/houdini_bgeo_import.uasset' has been saved with empty engine version. The asset will be loaded but may be incompatible.
[2017.07.11-12.34.28:366][  0]LogHoudiniEngine: Successfully initialized the Houdini Engine API module.
[2017.07.11-12.34.28:522][  0]LogEngine: Initializing Engine...
[2017.07.11-12.34.28:535][  0]LogHMD: SteamVR failed to initialize.  Err: 110
[2017.07.11-12.34.28:536][  0]LogHMD: SteamVR failed to initialize.  Err: 110
[2017.07.11-12.34.28:581][  0]LogTexture:Display: Building textures: DefaultWhiteGrid (AutoDXT)
[2017.07.11-12.34.28:673][  0]LogTexture:Display: Building textures: InvalidLightmapSettings (AutoDXT)
[2017.07.11-12.34.28:720][  0]LogTexture:Display: Building textures: HeatmapGradient (BGRA8)
[2017.07.11-12.34.28:732][  0]LogTexture:Display: Building textures: PreviewShadowIndicator (BGRA8)
[2017.07.11-12.34.28:756][  0]LogTexture:Display: Building textures: BSPVertex (AutoDXT)
[2017.07.11-12.34.28:758][  0]LogTexture:Display: Building textures: Good64x64TilingNoiseHighFreq (G8)
[2017.07.11-12.34.28:759][  0]LogTexture:Display: Building textures: DefaultBokeh (BGRA8)
[2017.07.11-12.34.28:761][  0]LogTexture:Display: Building textures: PreintegratedSkinBRDF (BGRA8)
[2017.07.11-12.34.28:767][  0]LogTexture:Display: Building textures: WeightMapPlaceholderTexture (BGRA8)
[2017.07.11-12.34.28:778][  0]LogAIModule: Creating AISystem for world NewWorld
[2017.07.11-12.34.28:795][  0]LogInit: XAudio2 using 'Speakers (Realtek High Definition Audio)' : 2 channels at 48 kHz using 32 bits per sample (channel mask 0x3)
[2017.07.11-12.34.28:822][  0]LogInit: FAudioDevice initialized.
[2017.07.11-12.34.28:846][  0]LogDerivedDataCache: Saved boot cache 0.02s 62MB C:/Users/i7230020.STUDENT.000/AppData/Local/UnrealEngine/4.12/DerivedDataCache/Boot.ddc.
[2017.07.11-12.34.28:853][  0]LogInit: Texture streaming: Enabled
[2017.07.11-12.34.28:959][  0]LogInit: Transaction tracking system initialized
[2017.07.11-12.34.28:998][  0]BlueprintLog: New page: Editor Load
[2017.07.11-12.34.29:099][  0]LocalizationService: Info Localization service is disabled
[2017.07.11-12.34.29:190][  0]LogConsoleResponse:Display: 
[2017.07.11-12.34.29:242][  0]LogTexture:Display: Building textures: Cross (AutoDXT)
[2017.07.11-12.34.29:258][  0]LogTexture:Display: Building textures: Tick (AutoDXT)
[2017.07.11-12.34.29:265][  0]LogTexture:Display: Building textures: WidgetGridVertexColorMaterial (AutoDXT)
[2017.07.11-12.34.29:310][  0]LogTexture:Display: Building textures: CASC_None (AutoDXT)
[2017.07.11-12.34.29:311][  0]LogTexture:Display: Building textures: CASC_Cross (AutoDXT)
[2017.07.11-12.34.29:321][  0]LogTexture:Display: Building textures: Texture2D_28 (AutoDXT)
[2017.07.11-12.34.29:329][  0]LogTexture:Display: Building textures: S_KBSJoint (BGRA8)
[2017.07.11-12.34.29:332][  0]LogTexture:Display: Building textures: S_KHinge (BGRA8)
[2017.07.11-12.34.29:336][  0]LogTexture:Display: Building textures: S_KPrismatic (BGRA8)
[2017.07.11-12.34.29:342][  0]LogTexture:Display: Building textures: S_LightError (BGRA8)
[2017.07.11-12.34.29:352][  0]LogTexture:Display: Building textures: T_Loft_Spline (AutoDXT)
[2017.07.11-12.34.29:407][  0]LogTexture:Display: Building textures: DefaultNormal (BC5)
[2017.07.11-12.34.29:501][  0]LogTexture:Display: Building textures: Grid_N (BC5)
[2017.07.11-12.34.29:533][  0]LogTexture:Display: Building textures: PaperDiffuse (AutoDXT)
[2017.07.11-12.34.29:631][  0]LogTexture:Display: Building textures: PaperNormal (BC5)
[2017.07.11-12.34.29:651][  0]LogTexture:Display: Building textures: Texture2D_28 (AutoDXT)
[2017.07.11-12.34.29:661][  0]LogTexture:Display: Building textures: Texture2D_29 (AutoDXT)
[2017.07.11-12.34.29:666][  0]LogTexture:Display: Building textures: StreamingPauseIcon (AutoDXT)
[2017.07.11-12.34.29:683][  0]LogCook:Display: Max memory allowance for cook 8192mb
[2017.07.11-12.34.29:683][  0]LogCook:Display: Mobile HDR setting 1
[2017.07.11-12.34.29:785][  0]LogFileCache: Scanning file cache for directory 'W:/University Work/Masters/MastersProject/MastersProject/Ava/Content/' took 0.02s
[2017.07.11-12.34.29:785][  0]LogHoudiniEngineEditor: Starting the Houdini Engine Editor module.
[2017.07.11-12.34.29:792][  0]LogTexture:Display: Building textures: Countdown (AutoDXT)
[2017.07.11-12.34.29:798][  0]LogTexture:Display: Building textures: RecordingIndicator (AutoDXT)
[2017.07.11-12.34.29:842][  0]LogTexture:Display: Building textures: DefaultAlphaTexture (BGRA8)
[2017.07.11-12.34.29:847][  0]SourceControl: Info Source control is disabled
[2017.07.11-12.34.29:847][  0]Cmd: MAP LOAD FILE="W:/University Work/Masters/MastersProject/MastersProject/Ava/Content/Ava/Maps/MainMenu.umap" TEMPLATE=0 SHOWPROGRESS=1 FEATURELEVEL=3
[2017.07.11-12.34.29:864][  0]LightingResults: New page: Lighting Build
[2017.07.11-12.34.29:867][  0]MapCheck: New page: Map Check
[2017.07.11-12.34.29:867][  0]LightingResults: New page: Lighting Build
[2017.07.11-12.34.30:097][  0]LogTexture:Display: Building textures: Menu_Blank (AutoDXT)
[2017.07.11-12.34.30:592][  0]LogTexture:Display: Building textures: Controls (AutoDXT)
[2017.07.11-12.34.30:815][  0]LogAIModule: Creating AISystem for world MainMenu
[2017.07.11-12.34.30:822][  0]LogEditorServer: Finished looking for orphan Actors (0.000 secs)
[2017.07.11-12.34.30:823][  0]Cmd: MAP CHECKDEP NOCLEARLOG
[2017.07.11-12.34.30:898][  0]MapCheck: Info Map check complete: 0 Error(s), 0 Warning(s), took 75.212ms to complete.
[2017.07.11-12.34.30:898][  0]LogFileHelpers: Loading map 'MainMenu' took 1.051
[2017.07.11-12.34.31:032][  0]LogCollectionManager: Loaded 0 collections in 0.001296 seconds
[2017.07.11-12.34.31:073][  0]LogFileCache: Scanning file cache for directory 'W:/University Work/Masters/MastersProject/MastersProject/Ava/Saved/Collections/' took 0.01s
[2017.07.11-12.34.31:073][  0]LogFileCache: Scanning file cache for directory 'W:/University Work/Masters/MastersProject/MastersProject/Ava/Content/Developers/i7230020/Collections/' took 0.01s
[2017.07.11-12.34.31:073][  0]LogFileCache: Scanning file cache for directory 'W:/University Work/Masters/MastersProject/MastersProject/Ava/Content/Collections/' took 0.01s
[2017.07.11-12.34.31:073][  0]LogCollectionManager: Rebuilt the GUID cache for 0 collections in 0.000002 seconds
[2017.07.11-12.34.31:082][  0]LogContentBrowser: Native class hierarchy populated in 0.0090 seconds. Added 2095 classes and 376 folders.
[2017.07.11-12.34.31:086][  0]LogStats: UGameplayTagsManager::ConstructGameplayTagTree: Construct from data asset -  0.000 s
[2017.07.11-12.34.31:086][  0]LogStats: UGameplayTagsManager::ConstructGameplayTagTree: GameplayTagTreeChangedEvent.Broadcast -  0.000 s
[2017.07.11-12.34.31:088][  0]LogContentBrowser: Native class hierarchy updated for 'GameplayTags' in 0.0027 seconds. Added 12 classes and 0 folders.
[2017.07.11-12.34.31:096][  0]LogContentBrowser: Native class hierarchy updated for 'WidgetCarousel' in 0.0026 seconds. Added 0 classes and 0 folders.
[2017.07.11-12.34.31:347][  0]LogContentBrowser: Native class hierarchy updated for 'AddContentDialog' in 0.0033 seconds. Added 0 classes and 0 folders.
[2017.07.11-12.34.31:353][  0]LogContentBrowser: Native class hierarchy updated for 'SceneOutliner' in 0.0025 seconds. Added 1 classes and 2 folders.
[2017.07.11-12.34.31:388][  0]LogCrashTracker: Crashtracker disabled due to settings.
[2017.07.11-12.34.31:435][  0]LogContentBrowser: Native class hierarchy updated for 'HierarchicalLODOutliner' in 0.0024 seconds. Added 1 classes and 2 folders.
[2017.07.11-12.34.31:435][  0]LogLoad: Full Startup: 36.65 seconds (BP compile: 0.03 seconds)
[2017.07.11-12.34.31:435][  0]LogExternalProfiler: Found external profiler: VSPerf
[2017.07.11-12.34.31:435][  0]LogExternalProfiler: Using external profiler: VSPerf
[2017.07.11-12.34.31:446][  0]LogOcInput: OculusInput pre-init called
[2017.07.11-12.34.31:465][  0]LogContentStreaming: Texture pool size now 1000 MB
[2017.07.11-12.34.31:571][  0]LogTexture:Display: Building textures: LevelGrid1DStripes (BGRA8)
[2017.07.11-12.34.31:831][  0]LogRenderer: Reallocating scene render targets to support 1616x600 (Frame:2).
[2017.07.11-12.34.31:890][  1]LogAssetRegistry: Asset discovery search completed in 12.9083 seconds
[2017.07.11-12.34.31:890][  1]LogCollectionManager: Rebuilt the object cache for 0 collections in 0.000001 seconds (found 0 objects)
[2017.07.11-12.34.31:890][  1]LogCollectionManager: Fixed up redirectors for 0 collections in 0.000030 seconds (updated 0 objects)
[2017.07.11-12.34.43:034][809]LogBlueprint:Warning: Compiler Warning InputAction Event references unknown Action 'Crouch' for  InputAction Crouch 
[2017.07.11-12.34.43:037][809]LogBlueprint:Warning: Compiler Warning [0048.26] Compile of Ue4ASP_Character successful, but with 1 Warning(s) [in 9 ms] (/Game/AnimStarterPack/Ue4ASP_Character.Ue4ASP_Character)
[2017.07.11-12.34.43:037][809]LogBlueprint:Warning: Compiler Warning [0048.26] Compile of Ue4ASP_Character successful, but with 2 Warning(s) [in 0 ms] (/Game/AnimStarterPack/Ue4ASP_Character.Ue4ASP_Character)
[2017.07.11-12.34.43:037][809]LogBlueprint:Warning: Compiler Warning [0048.26] Compile of Ue4ASP_Character successful, but with 3 Warning(s) [in 0 ms] (/Game/AnimStarterPack/Ue4ASP_Character.Ue4ASP_Character)
[2017.07.11-12.34.43:116][809]LogBlueprint:Warning: Compiler Warning InputAction Event references unknown Action 'Crouch' for  InputAction Crouch 
[2017.07.11-12.34.43:119][809]LogBlueprint:Warning: Compiler Warning [0048.34] Compile of Ue4ASP_Character successful, but with 1 Warning(s) [in 8 ms] (/Game/AnimStarterPack/Ue4ASP_Character.Ue4ASP_Character)
[2017.07.11-12.34.43:119][809]LogBlueprint:Warning: Compiler Warning [0048.34] Compile of Ue4ASP_Character successful, but with 2 Warning(s) [in 0 ms] (/Game/AnimStarterPack/Ue4ASP_Character.Ue4ASP_Character)
[2017.07.11-12.34.43:120][809]LogBlueprint:Warning: Compiler Warning [0048.34] Compile of Ue4ASP_Character successful, but with 3 Warning(s) [in 0 ms] (/Game/AnimStarterPack/Ue4ASP_Character.Ue4ASP_Character)
[2017.07.11-12.34.45:951][809]LogTexture:Display: Building textures: podium_volour (BGRA8)
[2017.07.11-12.34.46:686][809]LogTexture:Display: Building textures: T_Metal_Copper_D (AutoDXT)
[2017.07.11-12.34.48:327][809]LogTexture:Display: Building textures: T_Metal_Gold_N (BC5)
[2017.07.11-12.34.49:087][809]LogTexture:Display: Building textures: T_MacroVariation (AutoDXT)
[2017.07.11-12.34.50:587][809]LogMaterial: Missing cached shader map for material podium_volour_Mat, compiling. 
[2017.07.11-12.34.50:910][809]LogTexture:Display: Building textures: T_Wood_Floor_Walnut_D (AutoDXT)
[2017.07.11-12.34.52:925][809]LogTexture:Display: Building textures: T_Wood_Floor_Walnut_N (BC5)
[2017.07.11-12.34.53:483][809]LogTexture:Display: Building textures: T_Wood_Floor_Walnut_M (AutoDXT)
[2017.07.11-12.34.55:214][809]LogTexture:Display: Building textures: T_Wood_Walnut_D (AutoDXT)
[2017.07.11-12.34.56:853][809]LogTexture:Display: Building textures: T_Wood_Walnut_N (BC5)
[2017.07.11-12.34.57:128][809]LogAnimationCompression: Building Anim DDC data for AnimSequence /Game/TemporaryContent/CutScene_Root_Motion.CutScene_Root_Motion
[2017.07.11-12.34.57:255][809]LogTexture:Display: Building textures: Wall16 (AutoDXT)
[2017.07.11-12.34.57:816][809]LogTexture:Display: Building textures: Wall13_NormalMap (BC5)
[2017.07.11-12.34.58:262][809]LogTexture:Display: Building textures: T_Brick_Clay_Beveled_N (BC5)
[2017.07.11-12.34.58:927][809]LogTexture:Display: Building textures: T_Brick_Clay_Beveled_D (AutoDXT)
[2017.07.11-12.35.00:288][809]LogMaterial: Missing cached shader map for material DefaultShader, compiling. 
[2017.07.11-12.35.00:398][809]LogTexture:Display: Building textures: bench3 (AutoDXT)
[2017.07.11-12.35.01:191][809]LogTexture:Display: Building textures: Bench1_NormalMap (BC5)
[2017.07.11-12.35.01:516][809]LogTexture:Display: Building textures: NormalMap__3_ (BC5)
[2017.07.11-12.35.01:673][809]LogTexture:Display: Building textures: Decor_test_NormalMap (BC5)
[2017.07.11-12.35.01:861][809]LogTexture:Display: Building textures: decor_test10 (AutoDXT)
[2017.07.11-12.35.03:326][809]LogTexture:Display: Building textures: Pillar3_NormalMap3 (BC5)
[2017.07.11-12.35.03:723][809]LogTexture:Display: Building textures: banner-bg (BGRA8)
[2017.07.11-12.35.03:848][809]LogStaticMesh: Building static mesh bench1...
[2017.07.11-12.35.03:861][809]LogStaticMesh: Built static mesh [0.01s] /Game/Ava/Modelling/GreenRoom/bench1.bench1
[2017.07.11-12.35.03:863][809]LogTexture:Display: Building textures: T_EV_LightBeam_Falloff_02 (BGRA8)
[2017.07.11-12.35.03:864][809]LogTexture:Display: Building textures: T_EV_LightBeam_Falloff_01 (AutoDXT)
[2017.07.11-12.35.03:890][809]LogTexture:Display: Building textures: T_EV_DustPanner_01 (AutoDXT)
[2017.07.11-12.35.03:918][809]LogMaterial: Missing cached shader map for material M_EV_Lightbeam_Master_02, compiling. 
[2017.07.11-12.35.03:976][809]LogTexture:Display: Building textures: pillar1 (AutoDXT)
[2017.07.11-12.35.04:556][809]LogMaterial: Missing cached shader map for material lambert1, compiling. 
[2017.07.11-12.35.04:574][809]LogMaterial: Missing cached shader map for material initialShadingGroup2, compiling. 
[2017.07.11-12.35.04:587][809]LogStaticMesh: Building static mesh Green_Tara_combined...
[2017.07.11-12.35.06:467][809]LogStaticMesh: Built static mesh [1.88s] /Game/Ava/Modelling/GreenRoom/Green_Tara_combined.Green_Tara_combined
[2017.07.11-12.35.06:606][809]LogTexture:Display: Building textures: bench2_2 (AutoDXT)
[2017.07.11-12.35.07:150][809]LogMaterial: Missing cached shader map for material initialShadingGroup1, compiling. 
[2017.07.11-12.35.07:160][809]LogStaticMesh: Building static mesh bench2...
[2017.07.11-12.35.07:172][809]LogStaticMesh: Built static mesh [0.01s] /Game/Ava/Modelling/GreenRoom/bench2.bench2
[2017.07.11-12.35.07:176][809]LogMaterial: Missing cached shader map for material lambert7, compiling. 
[2017.07.11-12.35.07:372][809]LogTexture:Display: Building textures: Pillar3_diff (AutoDXT)
[2017.07.11-12.35.08:220][809]LogTexture:Display: Building textures: PrayerWheel_NormalMap (BC5)
[2017.07.11-12.35.08:610][809]LogTexture:Display: Building textures: prayerwheel2 (AutoDXT)
[2017.07.11-12.35.09:257][809]LogTexture:Display: Building textures: pillar3_v3 (AutoDXT)
[2017.07.11-12.35.09:953][809]LogTexture:Display: Building textures: NormalMap (BC5)
[2017.07.11-12.35.10:278][809]LogTexture:Display: Building textures: normalMap_pillar1 (BC5)
[2017.07.11-12.35.10:637][809]LogTexture:Display: Building textures: Bench2_NormalMap (BC5)
[2017.07.11-12.35.10:928][809]LogTexture:Display: Building textures: Om_NormalMap (BC5)
[2017.07.11-12.35.11:213][809]LogMaterial: Missing cached shader map for material M_EV_Lightbeam_Master_02, compiling. 
[2017.07.11-12.35.11:233][809]LogTexture:Display: Building textures: UpperFence_NormalMap (BC5)
[2017.07.11-12.35.11:310][809]LogTexture:Display: Building textures: upper_fence2_diff (AutoDXT)
[2017.07.11-12.35.11:502][809]LogTexture:Display: Building textures: NormalMap__2_ (BC5)
[2017.07.11-12.35.11:572][809]LogMaterial: Missing cached shader map for material Shader_With_Spec, compiling. 
[2017.07.11-12.35.11:719][809]LogTexture:Display: Building textures: Pillar3_NormalMap (BC5)
[2017.07.11-12.35.12:166][809]LogTexture:Display: Building textures: Pillar3_spec (AutoDXT)
[2017.07.11-12.35.12:874][809]LogTexture:Display: Building textures: Pillar2_diff2 (AutoDXT)
[2017.07.11-12.35.13:096][809]LogTexture:Display: Building textures: Pillar2_NormalMap2 (BC5)
[2017.07.11-12.35.13:260][809]LogTexture:Display: Building textures: NoisedCloud (AutoDXT)
[2017.07.11-12.35.13:641][809]LogMaterial: Missing cached shader map for material FogTest, compiling. 
[2017.07.11-12.35.13:834][809]LogTexture:Display: Building textures: Bench2_NormalMap (BC5)
[2017.07.11-12.35.14:381][809]LogTexture:Display: Building textures: bench2_diff2 (AutoDXT)
[2017.07.11-12.35.15:274][809]LogStaticMesh: Building static mesh pillar_test2...
[2017.07.11-12.35.15:277][809]LogStaticMesh: Built static mesh [0.00s] /Game/Ava/Modelling/GreenRoom/pillar_test2.pillar_test2
[2017.07.11-12.35.15:281][809]LogStaticMesh: Building static mesh pillar_test1...
[2017.07.11-12.35.15:340][809]LogStaticMesh: Built static mesh [0.06s] /Game/Ava/Modelling/GreenRoom/pillar_test1.pillar_test1
[2017.07.11-12.35.15:345][809]LogStaticMesh: Building static mesh wall_decor...
[2017.07.11-12.35.15:357][809]LogStaticMesh: Built static mesh [0.01s] /Game/Ava/Modelling/GreenRoom/Objects/wall_decor.wall_decor
[2017.07.11-12.35.15:375][809]LogMaterial: Missing cached shader map for material lambert1, compiling. 
[2017.07.11-12.35.15:391][809]LogStaticMesh: Building static mesh new_upper_fence__1_...
[2017.07.11-12.35.15:525][809]LogStaticMesh: Built static mesh [0.14s] /Game/Ava/Modelling/GreenRoom/Objects/new_upper_fence__1_.new_upper_fence__1_
[2017.07.11-12.35.15:538][809]LogMaterial: Missing cached shader map for material lambert1, compiling. 
[2017.07.11-12.35.15:553][809]LogStaticMesh: Building static mesh Pillar3...
[2017.07.11-12.35.15:567][809]LogStaticMesh: Built static mesh [0.01s] /Game/Ava/Modelling/GreenRoom/Pillars/Pillar3.Pillar3
[2017.07.11-12.35.15:585][809]LogMaterial: Missing cached shader map for material lambert18, compiling. 
[2017.07.11-12.35.15:600][809]LogStaticMesh: Building static mesh pillar_test3...
[2017.07.11-12.35.15:610][809]LogStaticMesh: Built static mesh [0.01s] /Game/Ava/Modelling/GreenRoom/pillar_test3.pillar_test3
[2017.07.11-12.35.15:649][809]LogTexture:Display: Building textures: pillar2 (AutoDXT)
[2017.07.11-12.35.16:338][809]LogMaterial: Missing cached shader map for material lambert3, compiling. 
[2017.07.11-12.35.16:358][809]LogStaticMesh: Building static mesh statue_fence_fixed...
[2017.07.11-12.35.16:580][809]LogStaticMesh: Built static mesh [0.22s] /Game/Ava/Modelling/GreenRoom/Statue/statue_fence_fixed.statue_fence_fixed
[2017.07.11-12.35.16:598][809]LogMaterial: Missing cached shader map for material lambert3, compiling. 
[2017.07.11-12.35.16:612][809]LogStaticMesh: Building static mesh big_circle...
[2017.07.11-12.35.16:641][809]LogStaticMesh: Built static mesh [0.03s] /Game/Ava/Modelling/GreenRoom/Statue/big_circle.big_circle
[2017.07.11-12.35.16:653][809]LogMaterial: Missing cached shader map for material lambert9, compiling. 
[2017.07.11-12.35.16:676][809]LogMaterial: Missing cached shader map for material lambert8, compiling. 
[2017.07.11-12.35.16:692][809]LogStaticMesh: Building static mesh prayerwheel...
[2017.07.11-12.35.16:745][809]LogStaticMesh: Built static mesh [0.05s] /Game/Ava/Modelling/GreenRoom/prayerwheel.prayerwheel
[2017.07.11-12.35.16:766][809]LogTexture:Display: Building textures: T_Sky_Stars (AutoDXT)
[2017.07.11-12.35.16:909][809]LogTexture:Display: Building textures: T_Sky_Clouds_M (BGRA8)
[2017.07.11-12.35.17:620][809]LogTexture:Display: Building textures: T_Sky_Blue (AutoDXT)
[2017.07.11-12.35.18:565][809]LogTexture:Display: Building textures: T_ML_Rubber_Blue_01_D (DXT1)
[2017.07.11-12.35.18:705][809]LogTexture:Display: Building textures: T_ML_Rubber_Blue_01_N (BC5)
[2017.07.11-12.35.18:765][809]LogTexture:Display: Building textures: T_ML_Aluminum01 (DXT1)
[2017.07.11-12.35.18:905][809]LogTexture:Display: Building textures: T_ML_Aluminum01_N (BC5)
[2017.07.11-12.35.19:012][809]LogTexture:Display: Building textures: UE4_Mannequin_MAT_MASKA (AutoDXT)
[2017.07.11-12.35.19:431][809]LogTexture:Display: Building textures: UE4_Mannequin__normals (BC5)
[2017.07.11-12.35.19:803][809]LogTexture:Display: Building textures: UE4_Mannequin_occlusion_Mobile (DXT1)
[2017.07.11-12.35.19:892][809]LogTexture:Display: Building textures: UE4_LOGO_CARD (AutoDXT)
[2017.07.11-12.35.19:929][809]LogMaterial: Missing cached shader map for material M_UE4Man_Body, compiling. 
[2017.07.11-12.35.20:026][809]LogAnimationCompression: Building Anim DDC data for AnimSequence /Game/AnimStarterPack/Crouch_Walk_Bwd_Rifle_Hip.Crouch_Walk_Bwd_Rifle_Hip
[2017.07.11-12.35.20:030][809]LogAnimationCompression: Building Anim DDC data for AnimSequence /Game/AnimStarterPack/Crouch_Walk_Fwd_Rifle_Hip.Crouch_Walk_Fwd_Rifle_Hip
[2017.07.11-12.35.20:034][809]LogAnimationCompression: Building Anim DDC data for AnimSequence /Game/AnimStarterPack/Idle_Rifle_Hip.Idle_Rifle_Hip
[2017.07.11-12.35.20:046][809]LogAnimationCompression: Building Anim DDC data for AnimSequence /Game/AnimStarterPack/Jump_From_Jog.Jump_From_Jog
[2017.07.11-12.35.20:048][809]LogAnimationCompression: Building Anim DDC data for AnimSequence /Game/AnimStarterPack/Crouch_Idle_Rifle_Hip.Crouch_Idle_Rifle_Hip
[2017.07.11-12.35.20:060][809]LogAudioDerivedData:Display: Building compressed audio format OGG wave 92068__jaraxe__jibberish__1_...
[2017.07.11-12.35.20:344][809]LogAnimationCompression: Building Anim DDC data for AnimSequence /Game/AnimStarterPack/Crouch_Walk_Lt_Rifle_Hip.Crouch_Walk_Lt_Rifle_Hip
[2017.07.11-12.35.20:349][809]LogAnimationCompression: Building Anim DDC data for AnimSequence /Game/AnimStarterPack/Crouch_Walk_Rt_Rifle_Hip.Crouch_Walk_Rt_Rifle_Hip
[2017.07.11-12.35.20:353][809]LogAnimationCompression: Building Anim DDC data for AnimSequence /Game/AnimStarterPack/Jog_Rt_Rifle.Jog_Rt_Rifle
[2017.07.11-12.35.20:370][809]LogAnimationCompression: Building Anim DDC data for AnimSequence /Game/AnimStarterPack/Jump_From_Stand.Jump_From_Stand
[2017.07.11-12.35.20:531][809]LogTexture:Display: Building textures: HQ_Lightmap0_3 (AutoDXT)
[2017.07.11-12.35.20:890][809]LogTexture:Display: Building textures: HQ_Lightmap0_4 (AutoDXT)
[2017.07.11-12.35.21:243][809]LogTexture:Display: Building textures: HQ_Lightmap0_5 (AutoDXT)
[2017.07.11-12.35.21:515][809]LogTexture:Display: Building textures: HQ_Lightmap0_6 (AutoDXT)
[2017.07.11-12.35.21:655][809]LogTexture:Display: Building textures: HQ_Lightmap1_7 (AutoDXT)
[2017.07.11-12.35.21:701][809]LogTexture:Display: Building textures: LQ_Lightmap_0_3 (DXT1)
[2017.07.11-12.35.21:859][809]LogTexture:Display: Building textures: LQ_Lightmap_0_4 (DXT1)
[2017.07.11-12.35.22:082][809]LogTexture:Display: Building textures: LQ_Lightmap_0_5 (DXT1)
[2017.07.11-12.35.22:235][809]LogTexture:Display: Building textures: LQ_Lightmap_1_6 (DXT1)
[2017.07.11-12.35.22:295][809]LogTexture:Display: Building textures: LQ_Lightmap_1_7 (DXT1)
[2017.07.11-12.35.22:302][809]LogTexture:Display: Building textures: T_Dust_Particle_D (AutoDXT)
[2017.07.11-12.35.22:385][809]LogTexture:Display: Building textures: ShadowMapTexture2D_1 (BGRA8)
[2017.07.11-12.35.22:527][809]LogTexture:Display: Building textures: ShadowMapTexture2D_2 (G8)
[2017.07.11-12.35.22:549][809]LogTexture:Display: Building textures: ShadowMapTexture2D_3 (G8)
[2017.07.11-12.35.22:618][809]LogStaticMesh: Building static mesh Door...
[2017.07.11-12.35.22:626][809]LogStaticMesh: Built static mesh [0.01s] /Game/TemporaryContent/Door.Door
[2017.07.11-12.35.22:627][809]LogStaticMesh: Building static mesh light...
[2017.07.11-12.35.22:640][809]LogStaticMesh: Built static mesh [0.01s] /Game/Ava/Modelling/light.light
[2017.07.11-12.35.22:736][809]LogStaticMesh: Building static mesh tara_pedestal...
[2017.07.11-12.35.22:797][809]LogStaticMesh: Built static mesh [0.06s] /Game/Ava/Modelling/tara_pedestal.tara_pedestal
[2017.07.11-12.35.22:797][809]LogStaticMesh: Building static mesh window1...
[2017.07.11-12.35.22:863][809]LogStaticMesh: Built static mesh [0.07s] /Game/Ava/Modelling/window1.window1
[2017.07.11-12.35.22:863][809]LogStaticMesh: Building static mesh window2...
[2017.07.11-12.35.22:881][809]LogStaticMesh: Built static mesh [0.02s] /Game/Ava/Modelling/window2.window2
[2017.07.11-12.35.22:882][809]LogAnimationCompression: Building Anim DDC data for AnimSequence /Game/AnimStarterPack/Jog_Fwd_Rifle.Jog_Fwd_Rifle
[2017.07.11-12.35.22:885][809]LogAnimationCompression: Building Anim DDC data for AnimSequence /Game/AnimStarterPack/Jog_Bwd_Rifle.Jog_Bwd_Rifle
[2017.07.11-12.35.22:888][809]LogAnimationCompression: Building Anim DDC data for AnimSequence /Game/AnimStarterPack/Jog_Lt_Rifle.Jog_Lt_Rifle
[2017.07.11-12.35.22:899][809]LogTexture:Display: Building textures: UE4Man_Logo_N (BC5)
[2017.07.11-12.35.22:933][809]LogMaterial: Missing cached shader map for material M_UE4Man_Body, compiling. 
[2017.07.11-12.35.23:025][809]LogMaterial: Missing cached shader map for material lambert1, compiling. 
[2017.07.11-12.35.23:083][809]LogTexture:Display: Building textures: 7285-normal (BC5)
[2017.07.11-12.35.23:115][809]LogMaterial: Missing cached shader map for material M_Basic_Wall, compiling. 
[2017.07.11-12.35.23:116][809]LogMaterial:Warning: Failed to compile Material /Game/StarterContent/Materials/M_Basic_Wall.M_Basic_Wall for platform PCD3D_SM5, Default Material will be used in game.
[2017.07.11-12.35.23:116][809]LogMaterial:Warning: 	(Node TextureSample) TextureSample> Missing input texture
[2017.07.11-12.35.23:119][809]LogMaterial: Missing cached shader map for material M_MaterialSphere_Plain, compiling. 
[2017.07.11-12.35.23:143][809]LogMaterial: Missing cached shader map for material M_MaterialSphere, compiling. 
[2017.07.11-12.35.23:182][809]LogMaterial: Missing cached shader map for material lambert6, compiling. 
[2017.07.11-12.35.23:208][809]LogMaterial: Missing cached shader map for material lambert6, compiling. 
[2017.07.11-12.35.23:244][809]LogMaterial: Missing cached shader map for material initialShadingGroup1, compiling. 
[2017.07.11-12.35.23:284][809]LogMaterial: Missing cached shader map for material lambert10, compiling. 
[2017.07.11-12.35.23:314][809]LogTexture:Display: Building textures: Statue_fence_NormalMap (BC5)
[2017.07.11-12.35.23:409][809]LogTexture:Display: Building textures: Statue_fence_diff (AutoDXT)
[2017.07.11-12.35.23:582][809]LogMaterial: Missing cached shader map for material lambert1, compiling. 
[2017.07.11-12.35.23:628][809]LogAIModule: Creating AISystem for world PalaceLevel
[2017.07.11-12.35.23:664][809]LogTexture:Display: Building textures: EmptyActor (BGRA8)
[2017.07.11-12.35.23:766][809]Cmd: MAP LOAD FILE="W:/University Work/Masters/MastersProject/MastersProject/Ava/Content/Ava/Maps/PalaceLevel.umap" TEMPLATE=0 SHOWPROGRESS=1 FEATURELEVEL=3
[2017.07.11-12.35.23:766][809]LightingResults: New page: Lighting Build
[2017.07.11-12.35.23:767][809]LoadErrors: New page: Loading map: PalaceLevel.umap
[2017.07.11-12.35.23:767][809]MapCheck: New page: Map Check
[2017.07.11-12.35.23:767][809]LightingResults: New page: Lighting Build
[2017.07.11-12.35.24:020][809]LogEditorServer: Finished looking for orphan Actors (0.000 secs)
[2017.07.11-12.35.24:073][809]Cmd: MAP CHECKDEP NOCLEARLOG
[2017.07.11-12.35.24:289][809]MapCheck: Info Map check complete: 0 Error(s), 0 Warning(s), took 215.831ms to complete.
[2017.07.11-12.35.24:290][809]LogFileHelpers: Loading map 'PalaceLevel' took 0.525
[2017.07.11-12.36.09:450][446]LogBlueprintUserMessages: Early PlayInEditor Detection: Level '/Game/Ava/Maps/PalaceLevel.PalaceLevel:PersistentLevel' has LevelScriptBlueprint '/Game/Ava/Maps/PalaceLevel.PalaceLevel:PersistentLevel.PalaceLevel' with GeneratedClass '/Game/Ava/Maps/PalaceLevel.PalaceLevel_C' with ClassGeneratedBy '/Game/Ava/Maps/PalaceLevel.PalaceLevel:PersistentLevel.PalaceLevel'
[2017.07.11-12.36.09:450][446]LogPlayLevel: PlayLevel: No blueprints needed recompiling
[2017.07.11-12.36.09:450][446]PIE: New page: PIE session: PalaceLevel (11 Jul 2017 13:36:09)
[2017.07.11-12.36.09:451][446]LogPlayLevel: Creating play world package: /Game/Ava/Maps/UEDPIE_0_PalaceLevel
[2017.07.11-12.36.09:512][446]LogPlayLevel: PIE: StaticDuplicateObject took: (0.061877s)
[2017.07.11-12.36.09:513][446]LogAIModule: Creating AISystem for world PalaceLevel
[2017.07.11-12.36.09:513][446]LogPlayLevel: PIE: World Init took: (0.000622s)
[2017.07.11-12.36.09:513][446]LogPlayLevel: PIE: Created PIE world by copying editor world from /Game/Ava/Maps/PalaceLevel.PalaceLevel to /Game/Ava/Maps/UEDPIE_0_PalaceLevel.PalaceLevel (0.062849s)
[2017.07.11-12.36.09:525][446]LogInit: XAudio2 using 'Speakers (Realtek High Definition Audio)' : 2 channels at 48 kHz using 32 bits per sample (channel mask 0x3)
[2017.07.11-12.36.09:537][446]LogInit: FAudioDevice initialized.
[2017.07.11-12.36.09:604][446]LogWorld: Game class is 'AvaGameMode'
[2017.07.11-12.36.09:638][446]LogWorld: Bringing World /Game/Ava/Maps/UEDPIE_0_PalaceLevel.PalaceLevel up for play (max tick rate 0) at 2017.07.11-13.36.09
[2017.07.11-12.36.09:641][446]LogWorld: Bringing up level for play took: 0.036026
[2017.07.11-12.36.09:649][446]LogContentBrowser: Native class hierarchy updated for 'MovieSceneCapture' in 0.0046 seconds. Added 11 classes and 0 folders.
[2017.07.11-12.36.09:654][446]PIE: Info Play in editor start time for /Game/Ava/Maps/UEDPIE_0_PalaceLevel 0.342
[2017.07.11-12.36.09:654][446]LogBlueprintUserMessages: Late PlayInEditor Detection: Level '/Game/Ava/Maps/PalaceLevel.PalaceLevel:PersistentLevel' has LevelScriptBlueprint '/Game/Ava/Maps/PalaceLevel.PalaceLevel:PersistentLevel.PalaceLevel' with GeneratedClass '/Game/Ava/Maps/PalaceLevel.PalaceLevel_C' with ClassGeneratedBy '/Game/Ava/Maps/PalaceLevel.PalaceLevel:PersistentLevel.PalaceLevel'
[2017.07.11-12.36.53:055][935]LogBlueprintUserMessages: Early EndPlayMap Detection: Level '/Game/Ava/Maps/PalaceLevel.PalaceLevel:PersistentLevel' has LevelScriptBlueprint '/Game/Ava/Maps/PalaceLevel.PalaceLevel:PersistentLevel.PalaceLevel' with GeneratedClass '/Game/Ava/Maps/PalaceLevel.PalaceLevel_C' with ClassGeneratedBy '/Game/Ava/Maps/PalaceLevel.PalaceLevel:PersistentLevel.PalaceLevel'
[2017.07.11-12.36.53:098][935]LogBlueprintUserMessages: Late EndPlayMap Detection: Level '/Game/Ava/Maps/PalaceLevel.PalaceLevel:PersistentLevel' has LevelScriptBlueprint '/Game/Ava/Maps/PalaceLevel.PalaceLevel:PersistentLevel.PalaceLevel' with GeneratedClass '/Game/Ava/Maps/PalaceLevel.PalaceLevel_C' with ClassGeneratedBy '/Game/Ava/Maps/PalaceLevel.PalaceLevel:PersistentLevel.PalaceLevel'
[2017.07.11-12.36.54:294][997]LogEditorViewport: Clicking on Actor (LMB): PushPullItem (PushPullItem1)
[2017.07.11-12.37.35:841][199]Cmd: POLY SELECT ADJACENT WALLS
[2017.07.11-12.37.36:927][254]LogBlueprintUserMessages: Early PlayInEditor Detection: Level '/Game/Ava/Maps/PalaceLevel.PalaceLevel:PersistentLevel' has LevelScriptBlueprint '/Game/Ava/Maps/PalaceLevel.PalaceLevel:PersistentLevel.PalaceLevel' with GeneratedClass '/Game/Ava/Maps/PalaceLevel.PalaceLevel_C' with ClassGeneratedBy '/Game/Ava/Maps/PalaceLevel.PalaceLevel:PersistentLevel.PalaceLevel'
[2017.07.11-12.37.36:927][254]LogPlayLevel: PlayLevel: No blueprints needed recompiling
[2017.07.11-12.37.36:927][254]PIE: New page: PIE session: PalaceLevel (11 Jul 2017 13:37:36)
[2017.07.11-12.37.36:927][254]LogPlayLevel: Creating play world package: /Game/Ava/Maps/UEDPIE_0_PalaceLevel
[2017.07.11-12.37.36:996][254]LogPlayLevel: PIE: StaticDuplicateObject took: (0.068609s)
[2017.07.11-12.37.36:996][254]LogAIModule: Creating AISystem for world PalaceLevel
[2017.07.11-12.37.36:996][254]LogPlayLevel: PIE: World Init took: (0.000718s)
[2017.07.11-12.37.36:997][254]LogPlayLevel: PIE: Created PIE world by copying editor world from /Game/Ava/Maps/PalaceLevel.PalaceLevel to /Game/Ava/Maps/UEDPIE_0_PalaceLevel.PalaceLevel (0.069671s)
[2017.07.11-12.37.37:010][254]LogInit: XAudio2 using 'Speakers (Realtek High Definition Audio)' : 2 channels at 48 kHz using 32 bits per sample (channel mask 0x3)
[2017.07.11-12.37.37:018][254]LogInit: FAudioDevice initialized.
[2017.07.11-12.37.37:066][254]LogWorld: Game class is 'AvaGameMode'
[2017.07.11-12.37.37:095][254]LogWorld: Bringing World /Game/Ava/Maps/UEDPIE_0_PalaceLevel.PalaceLevel up for play (max tick rate 0) at 2017.07.11-13.37.37
[2017.07.11-12.37.37:097][254]LogWorld: Bringing up level for play took: 0.029771
[2017.07.11-12.37.37:099][254]PIE: Info Play in editor start time for /Game/Ava/Maps/UEDPIE_0_PalaceLevel -0.216
[2017.07.11-12.37.37:100][254]LogBlueprintUserMessages: Late PlayInEditor Detection: Level '/Game/Ava/Maps/PalaceLevel.PalaceLevel:PersistentLevel' has LevelScriptBlueprint '/Game/Ava/Maps/PalaceLevel.PalaceLevel:PersistentLevel.PalaceLevel' with GeneratedClass '/Game/Ava/Maps/PalaceLevel.PalaceLevel_C' with ClassGeneratedBy '/Game/Ava/Maps/PalaceLevel.PalaceLevel:PersistentLevel.PalaceLevel'
[2017.07.11-12.38.27:608][123]LogBlueprintUserMessages: Early EndPlayMap Detection: Level '/Game/Ava/Maps/PalaceLevel.PalaceLevel:PersistentLevel' has LevelScriptBlueprint '/Game/Ava/Maps/PalaceLevel.PalaceLevel:PersistentLevel.PalaceLevel' with GeneratedClass '/Game/Ava/Maps/PalaceLevel.PalaceLevel_C' with ClassGeneratedBy '/Game/Ava/Maps/PalaceLevel.PalaceLevel:PersistentLevel.PalaceLevel'
[2017.07.11-12.38.27:677][123]LogBlueprintUserMessages: Late EndPlayMap Detection: Level '/Game/Ava/Maps/PalaceLevel.PalaceLevel:PersistentLevel' has LevelScriptBlueprint '/Game/Ava/Maps/PalaceLevel.PalaceLevel:PersistentLevel.PalaceLevel' with GeneratedClass '/Game/Ava/Maps/PalaceLevel.PalaceLevel_C' with ClassGeneratedBy '/Game/Ava/Maps/PalaceLevel.PalaceLevel:PersistentLevel.PalaceLevel'
[2017.07.11-12.38.28:772][173]LogEditorViewport: Clicking on Actor (LMB): StaticMeshActor (bench19)
[2017.07.11-12.38.33:718][404]Cmd: CAMERA ALIGN ACTIVEVIEWPORTONLY
[2017.07.11-12.38.40:755][775]Cmd: CAMERA ALIGN ACTIVEVIEWPORTONLY
[2017.07.11-12.38.46:553][ 76]LogBlueprintUserMessages: Early PlayInEditor Detection: Level '/Game/Ava/Maps/PalaceLevel.PalaceLevel:PersistentLevel' has LevelScriptBlueprint '/Game/Ava/Maps/PalaceLevel.PalaceLevel:PersistentLevel.PalaceLevel' with GeneratedClass '/Game/Ava/Maps/PalaceLevel.PalaceLevel_C' with ClassGeneratedBy '/Game/Ava/Maps/PalaceLevel.PalaceLevel:PersistentLevel.PalaceLevel'
[2017.07.11-12.38.46:553][ 76]LogPlayLevel: PlayLevel: No blueprints needed recompiling
[2017.07.11-12.38.46:553][ 76]PIE: New page: PIE session: PalaceLevel (11 Jul 2017 13:38:46)
[2017.07.11-12.38.46:553][ 76]LogPlayLevel: Creating play world package: /Game/Ava/Maps/UEDPIE_0_PalaceLevel
[2017.07.11-12.38.46:613][ 76]LogPlayLevel: PIE: StaticDuplicateObject took: (0.060150s)
[2017.07.11-12.38.46:614][ 76]LogAIModule: Creating AISystem for world PalaceLevel
[2017.07.11-12.38.46:614][ 76]LogPlayLevel: PIE: World Init took: (0.000738s)
[2017.07.11-12.38.46:614][ 76]LogPlayLevel: PIE: Created PIE world by copying editor world from /Game/Ava/Maps/PalaceLevel.PalaceLevel to /Game/Ava/Maps/UEDPIE_0_PalaceLevel.PalaceLevel (0.061243s)
[2017.07.11-12.38.46:628][ 76]LogInit: XAudio2 using 'Speakers (Realtek High Definition Audio)' : 2 channels at 48 kHz using 32 bits per sample (channel mask 0x3)
[2017.07.11-12.38.46:640][ 76]LogInit: FAudioDevice initialized.
[2017.07.11-12.38.46:693][ 76]LogWorld: Game class is 'AvaGameMode'
[2017.07.11-12.38.46:729][ 76]LogWorld: Bringing World /Game/Ava/Maps/UEDPIE_0_PalaceLevel.PalaceLevel up for play (max tick rate 0) at 2017.07.11-13.38.46
[2017.07.11-12.38.46:731][ 76]LogWorld: Bringing up level for play took: 0.037139
[2017.07.11-12.38.46:734][ 76]PIE: Info Play in editor start time for /Game/Ava/Maps/UEDPIE_0_PalaceLevel -0.585
[2017.07.11-12.38.46:734][ 76]LogBlueprintUserMessages: Late PlayInEditor Detection: Level '/Game/Ava/Maps/PalaceLevel.PalaceLevel:PersistentLevel' has LevelScriptBlueprint '/Game/Ava/Maps/PalaceLevel.PalaceLevel:PersistentLevel.PalaceLevel' with GeneratedClass '/Game/Ava/Maps/PalaceLevel.PalaceLevel_C' with ClassGeneratedBy '/Game/Ava/Maps/PalaceLevel.PalaceLevel:PersistentLevel.PalaceLevel'
[2017.07.11-12.38.48:947][212]LogBlueprintUserMessages: Early EndPlayMap Detection: Level '/Game/Ava/Maps/PalaceLevel.PalaceLevel:PersistentLevel' has LevelScriptBlueprint '/Game/Ava/Maps/PalaceLevel.PalaceLevel:PersistentLevel.PalaceLevel' with GeneratedClass '/Game/Ava/Maps/PalaceLevel.PalaceLevel_C' with ClassGeneratedBy '/Game/Ava/Maps/PalaceLevel.PalaceLevel:PersistentLevel.PalaceLevel'
[2017.07.11-12.38.49:025][212]LogBlueprintUserMessages: Late EndPlayMap Detection: Level '/Game/Ava/Maps/PalaceLevel.PalaceLevel:PersistentLevel' has LevelScriptBlueprint '/Game/Ava/Maps/PalaceLevel.PalaceLevel:PersistentLevel.PalaceLevel' with GeneratedClass '/Game/Ava/Maps/PalaceLevel.PalaceLevel_C' with ClassGeneratedBy '/Game/Ava/Maps/PalaceLevel.PalaceLevel:PersistentLevel.PalaceLevel'
[2017.07.11-12.38.51:208][329]Cmd: DELETE
[2017.07.11-12.38.51:208][329]Cmd: ACTOR DELETE
[2017.07.11-12.38.51:216][329]LogEditorActor: Deleted Actor: StaticMeshActor
[2017.07.11-12.38.51:225][329]LogEditorActor: Deleted 1 Actors (0.017 secs)
[2017.07.11-12.38.52:953][433]LogEditorViewport: Clicking on Actor (LMB): PushPullItem (PushPullItem1)
[2017.07.11-12.38.55:515][565]Cmd: CAMERA ALIGN ACTIVEVIEWPORTONLY
[2017.07.11-12.39.04:938][ 66]Cmd: CAMERA ALIGN ACTIVEVIEWPORTONLY
[2017.07.11-12.39.17:785][708]Cmd: CAMERA ALIGN ACTIVEVIEWPORTONLY
[2017.07.11-12.39.43:655][152]LogBlueprintUserMessages: Early PlayInEditor Detection: Level '/Game/Ava/Maps/PalaceLevel.PalaceLevel:PersistentLevel' has LevelScriptBlueprint '/Game/Ava/Maps/PalaceLevel.PalaceLevel:PersistentLevel.PalaceLevel' with GeneratedClass '/Game/Ava/Maps/PalaceLevel.PalaceLevel_C' with ClassGeneratedBy '/Game/Ava/Maps/PalaceLevel.PalaceLevel:PersistentLevel.PalaceLevel'
[2017.07.11-12.39.43:655][152]LogPlayLevel: PlayLevel: No blueprints needed recompiling
[2017.07.11-12.39.43:655][152]PIE: New page: PIE session: PalaceLevel (11 Jul 2017 13:39:43)
[2017.07.11-12.39.43:655][152]LogPlayLevel: Creating play world package: /Game/Ava/Maps/UEDPIE_0_PalaceLevel
[2017.07.11-12.39.43:717][152]LogPlayLevel: PIE: StaticDuplicateObject took: (0.061899s)
[2017.07.11-12.39.43:718][152]LogAIModule: Creating AISystem for world PalaceLevel
[2017.07.11-12.39.43:718][152]LogPlayLevel: PIE: World Init took: (0.000750s)
[2017.07.11-12.39.43:718][152]LogPlayLevel: PIE: Created PIE world by copying editor world from /Game/Ava/Maps/PalaceLevel.PalaceLevel to /Game/Ava/Maps/UEDPIE_0_PalaceLevel.PalaceLevel (0.063027s)
[2017.07.11-12.39.43:731][152]LogInit: XAudio2 using 'Speakers (Realtek High Definition Audio)' : 2 channels at 48 kHz using 32 bits per sample (channel mask 0x3)
[2017.07.11-12.39.43:741][152]LogInit: FAudioDevice initialized.
[2017.07.11-12.39.43:796][152]LogWorld: Game class is 'AvaGameMode'
[2017.07.11-12.39.43:826][152]LogWorld: Bringing World /Game/Ava/Maps/UEDPIE_0_PalaceLevel.PalaceLevel up for play (max tick rate 0) at 2017.07.11-13.39.43
[2017.07.11-12.39.43:829][152]LogWorld: Bringing up level for play took: 0.032021
[2017.07.11-12.39.43:831][152]PIE: Info Play in editor start time for /Game/Ava/Maps/UEDPIE_0_PalaceLevel 0.508
[2017.07.11-12.39.43:831][152]LogBlueprintUserMessages: Late PlayInEditor Detection: Level '/Game/Ava/Maps/PalaceLevel.PalaceLevel:PersistentLevel' has LevelScriptBlueprint '/Game/Ava/Maps/PalaceLevel.PalaceLevel:PersistentLevel.PalaceLevel' with GeneratedClass '/Game/Ava/Maps/PalaceLevel.PalaceLevel_C' with ClassGeneratedBy '/Game/Ava/Maps/PalaceLevel.PalaceLevel:PersistentLevel.PalaceLevel'
[2017.07.11-12.40.14:894][942]LogBlueprintUserMessages: Early EndPlayMap Detection: Level '/Game/Ava/Maps/PalaceLevel.PalaceLevel:PersistentLevel' has LevelScriptBlueprint '/Game/Ava/Maps/PalaceLevel.PalaceLevel:PersistentLevel.PalaceLevel' with GeneratedClass '/Game/Ava/Maps/PalaceLevel.PalaceLevel_C' with ClassGeneratedBy '/Game/Ava/Maps/PalaceLevel.PalaceLevel:PersistentLevel.PalaceLevel'
[2017.07.11-12.40.14:960][942]LogBlueprintUserMessages: Late EndPlayMap Detection: Level '/Game/Ava/Maps/PalaceLevel.PalaceLevel:PersistentLevel' has LevelScriptBlueprint '/Game/Ava/Maps/PalaceLevel.PalaceLevel:PersistentLevel.PalaceLevel' with GeneratedClass '/Game/Ava/Maps/PalaceLevel.PalaceLevel_C' with ClassGeneratedBy '/Game/Ava/Maps/PalaceLevel.PalaceLevel:PersistentLevel.PalaceLevel'
[2017.07.11-12.46.51:527][ 38]LogSavePackage: Save=753.50ms
[2017.07.11-12.46.51:527][ 38]LogSavePackage: Moving 'W:/University Work/Masters/MastersProject/MastersProject/Ava/Saved/PalaceLevel_Auto1C5DC961849FE121418D4679275D4ACE7.tmp' to 'W:/University Work/Masters/MastersProject/MastersProject/Ava/Saved/Autosaves/Game/Ava/Maps/PalaceLevel_Auto1.umap'
[2017.07.11-12.46.51:529][ 38]LogSavePackage:Display: Finished SavePackage W:/University Work/Masters/MastersProject/MastersProject/Ava/Saved/Autosaves/Game/Ava/Maps/PalaceLevel_Auto1.umap
[2017.07.11-12.46.51:535][ 38]LogFileHelpers: Editor autosave (incl. sublevels) for '/Game/Ava/Maps/PalaceLevel' took 0.817
[2017.07.11-12.46.51:535][ 38]LogFileHelpers: Editor autosave (incl. sublevels) for all levels took 0.817
[2017.07.11-14.05.31:556][340]Cmd: OBJ SAVEPACKAGE PACKAGE="/Game/Ava/Maps/PalaceLevel" FILE="W:/University Work/Masters/MastersProject/MastersProject/Ava/Content/Ava/Maps/PalaceLevel.umap" SILENT=true AUTOSAVING=false KEEPDIRTY=false
[2017.07.11-14.05.32:323][340]LogSavePackage: Save=720.96ms
[2017.07.11-14.05.32:323][340]LogSavePackage: Moving 'W:/University Work/Masters/MastersProject/MastersProject/Ava/Saved/PalaceLevel67B0EE0C490545C0C39FFC992485C1E7.tmp' to 'W:/University Work/Masters/MastersProject/MastersProject/Ava/Content/Ava/Maps/PalaceLevel.umap'
[2017.07.11-14.05.32:331][340]LogSavePackage:Display: Finished SavePackage W:/University Work/Masters/MastersProject/MastersProject/Ava/Content/Ava/Maps/PalaceLevel.umap
[2017.07.11-14.05.32:365][340]LogFileHelpers: Saving map 'PalaceLevel' took 0.943
[2017.07.11-14.05.33:987][448]LogBlueprintUserMessages: Early PlayInEditor Detection: Level '/Game/Ava/Maps/PalaceLevel.PalaceLevel:PersistentLevel' has LevelScriptBlueprint '/Game/Ava/Maps/PalaceLevel.PalaceLevel:PersistentLevel.PalaceLevel' with GeneratedClass '/Game/Ava/Maps/PalaceLevel.PalaceLevel_C' with ClassGeneratedBy '/Game/Ava/Maps/PalaceLevel.PalaceLevel:PersistentLevel.PalaceLevel'
[2017.07.11-14.05.33:987][448]LogPlayLevel: PlayLevel: No blueprints needed recompiling
[2017.07.11-14.05.33:987][448]PIE: New page: PIE session: PalaceLevel (11 Jul 2017 15:05:33)
[2017.07.11-14.05.33:988][448]LogPlayLevel: Creating play world package: /Game/Ava/Maps/UEDPIE_0_PalaceLevel
[2017.07.11-14.05.34:040][448]LogPlayLevel: PIE: StaticDuplicateObject took: (0.052303s)
[2017.07.11-14.05.34:040][448]LogAIModule: Creating AISystem for world PalaceLevel
[2017.07.11-14.05.34:041][448]LogPlayLevel: PIE: World Init took: (0.000682s)
[2017.07.11-14.05.34:041][448]LogPlayLevel: PIE: Created PIE world by copying editor world from /Game/Ava/Maps/PalaceLevel.PalaceLevel to /Game/Ava/Maps/UEDPIE_0_PalaceLevel.PalaceLevel (0.053304s)
[2017.07.11-14.05.34:056][448]LogInit: XAudio2 using 'Speakers (Realtek High Definition Audio)' : 2 channels at 48 kHz using 32 bits per sample (channel mask 0x3)
[2017.07.11-14.05.34:067][448]LogInit: FAudioDevice initialized.
[2017.07.11-14.05.34:142][448]LogWorld: Game class is 'AvaGameMode'
[2017.07.11-14.05.34:173][448]LogWorld: Bringing World /Game/Ava/Maps/UEDPIE_0_PalaceLevel.PalaceLevel up for play (max tick rate 0) at 2017.07.11-15.05.34
[2017.07.11-14.05.34:176][448]LogWorld: Bringing up level for play took: 0.032440
[2017.07.11-14.05.34:179][448]PIE: Info Play in editor start time for /Game/Ava/Maps/UEDPIE_0_PalaceLevel 0.814
[2017.07.11-14.05.34:180][448]LogBlueprintUserMessages: Late PlayInEditor Detection: Level '/Game/Ava/Maps/PalaceLevel.PalaceLevel:PersistentLevel' has LevelScriptBlueprint '/Game/Ava/Maps/PalaceLevel.PalaceLevel:PersistentLevel.PalaceLevel' with GeneratedClass '/Game/Ava/Maps/PalaceLevel.PalaceLevel_C' with ClassGeneratedBy '/Game/Ava/Maps/PalaceLevel.PalaceLevel:PersistentLevel.PalaceLevel'
[2017.07.11-14.05.58:136][965]LogBlueprintUserMessages: Early EndPlayMap Detection: Level '/Game/Ava/Maps/PalaceLevel.PalaceLevel:PersistentLevel' has LevelScriptBlueprint '/Game/Ava/Maps/PalaceLevel.PalaceLevel:PersistentLevel.PalaceLevel' with GeneratedClass '/Game/Ava/Maps/PalaceLevel.PalaceLevel_C' with ClassGeneratedBy '/Game/Ava/Maps/PalaceLevel.PalaceLevel:PersistentLevel.PalaceLevel'
[2017.07.11-14.05.58:199][965]LogBlueprintUserMessages: Late EndPlayMap Detection: Level '/Game/Ava/Maps/PalaceLevel.PalaceLevel:PersistentLevel' has LevelScriptBlueprint '/Game/Ava/Maps/PalaceLevel.PalaceLevel:PersistentLevel.PalaceLevel' with GeneratedClass '/Game/Ava/Maps/PalaceLevel.PalaceLevel_C' with ClassGeneratedBy '/Game/Ava/Maps/PalaceLevel.PalaceLevel:PersistentLevel.PalaceLevel'
[2017.07.11-14.18.03:444][117]LogFactory: FactoryCreateFile: Texture with ReimportTextureFactory (0 0 C:\Users\i7230020.STUDENT.000\Documents\Item1.png)
[2017.07.11-14.18.03:450][117]LogTexture:Display: Building textures: Item1 (AutoDXT)
[2017.07.11-14.18.03:471][117]LogFactory: FactoryCreateFile: Texture with ReimportTextureFactory (0 0 C:\Users\i7230020.STUDENT.000\Documents\Item2.png)
[2017.07.11-14.18.03:475][117]LogTexture:Display: Building textures: Item2 (AutoDXT)
[2017.07.11-14.18.03:495][117]LogFactory: FactoryCreateFile: Texture with ReimportTextureFactory (0 0 C:\Users\i7230020.STUDENT.000\Documents\Item3.png)
[2017.07.11-14.18.03:497][117]LogTexture:Display: Building textures: Item3 (AutoDXT)
[2017.07.11-14.18.03:514][117]LogFactory: FactoryCreateFile: Texture with ReimportTextureFactory (0 0 C:\Users\i7230020.STUDENT.000\Documents\Scroll1.png)
[2017.07.11-14.18.03:517][117]LogTexture:Display: Building textures: Scroll1 (AutoDXT)
[2017.07.11-14.18.03:527][117]LogFactory: FactoryCreateFile: Texture with ReimportTextureFactory (0 0 C:\Users\i7230020.STUDENT.000\Documents\Scroll2.png)
[2017.07.11-14.18.03:529][117]LogTexture:Display: Building textures: Scroll2 (AutoDXT)
[2017.07.11-14.18.03:540][117]LogFactory: FactoryCreateFile: Texture with ReimportTextureFactory (0 0 C:\Users\i7230020.STUDENT.000\Documents\Scroll3.png)
[2017.07.11-14.18.03:542][117]LogTexture:Display: Building textures: Scroll3 (AutoDXT)
[2017.07.11-14.18.03:554][117]LogFactory: FactoryCreateFile: Texture with ReimportTextureFactory (0 0 C:\Users\i7230020.STUDENT.000\Documents\Scroll4.png)
[2017.07.11-14.18.03:556][117]LogTexture:Display: Building textures: Scroll4 (AutoDXT)
[2017.07.11-14.18.03:567][117]LogFactory: FactoryCreateFile: Texture with ReimportTextureFactory (0 0 C:\Users\i7230020.STUDENT.000\Documents\Scroll5.png)
[2017.07.11-14.18.03:568][117]LogTexture:Display: Building textures: Scroll5 (AutoDXT)
[2017.07.11-14.18.03:579][117]LogFactory: FactoryCreateFile: Texture with ReimportTextureFactory (0 0 C:\Users\i7230020.STUDENT.000\Documents\Scroll6.png)
[2017.07.11-14.18.03:580][117]LogTexture:Display: Building textures: Scroll6 (AutoDXT)
[2017.07.11-14.18.03:589][117]LogFactory: FactoryCreateFile: Texture with ReimportTextureFactory (0 0 C:\Users\i7230020.STUDENT.000\Documents\Scroll7.png)
[2017.07.11-14.18.03:590][117]LogTexture:Display: Building textures: Scroll7 (AutoDXT)
[2017.07.11-14.18.03:600][117]LogFactory: FactoryCreateFile: Texture with ReimportTextureFactory (0 0 C:\Users\i7230020.STUDENT.000\Documents\Scroll8.png)
[2017.07.11-14.18.03:601][117]LogTexture:Display: Building textures: Scroll8 (AutoDXT)
[2017.07.11-14.18.03:610][117]LogFactory: FactoryCreateFile: Texture with ReimportTextureFactory (0 0 C:\Users\i7230020.STUDENT.000\Documents\Trash1.png)
[2017.07.11-14.18.03:611][117]LogTexture:Display: Building textures: Trash1 (AutoDXT)
[2017.07.11-14.18.03:620][117]LogFactory: FactoryCreateFile: Texture with ReimportTextureFactory (0 0 C:\Users\i7230020.STUDENT.000\Documents\Trash2.png)
[2017.07.11-14.18.03:621][117]LogTexture:Display: Building textures: Trash2 (AutoDXT)
[2017.07.11-14.18.03:630][117]LogFactory: FactoryCreateFile: Texture with ReimportTextureFactory (0 0 C:\Users\i7230020.STUDENT.000\Documents\Trash3.png)
[2017.07.11-14.18.03:631][117]LogTexture:Display: Building textures: Trash3 (AutoDXT)
[2017.07.11-14.18.03:640][117]LogFactory: FactoryCreateFile: Texture with ReimportTextureFactory (0 0 C:\Users\i7230020.STUDENT.000\Documents\Trash4.png)
[2017.07.11-14.18.03:641][117]LogTexture:Display: Building textures: Trash4 (AutoDXT)
[2017.07.11-14.18.05:945][151]LogSavePackage: Save=6.58ms
[2017.07.11-14.18.05:945][151]LogSavePackage: Moving 'W:/University Work/Masters/MastersProject/MastersProject/Ava/Saved/Item1576AD64C45D949E2D358E0B8A354AC20.tmp' to 'W:/University Work/Masters/MastersProject/MastersProject/Ava/Content/TemporaryContent/InventoryTemp/Item1.uasset'
[2017.07.11-14.18.05:952][151]LogSavePackage:Display: Finished SavePackage W:/University Work/Masters/MastersProject/MastersProject/Ava/Content/TemporaryContent/InventoryTemp/Item1.uasset
[2017.07.11-14.18.05:968][151]LogSavePackage: Save=6.72ms
[2017.07.11-14.18.05:968][151]LogSavePackage: Moving 'W:/University Work/Masters/MastersProject/MastersProject/Ava/Saved/Item2E7012AB04A6720DDFE1574BA84DE3CC2.tmp' to 'W:/University Work/Masters/MastersProject/MastersProject/Ava/Content/TemporaryContent/InventoryTemp/Item2.uasset'
[2017.07.11-14.18.05:975][151]LogSavePackage:Display: Finished SavePackage W:/University Work/Masters/MastersProject/MastersProject/Ava/Content/TemporaryContent/InventoryTemp/Item2.uasset
[2017.07.11-14.18.05:993][151]LogSavePackage: Save=6.64ms
[2017.07.11-14.18.05:993][151]LogSavePackage: Moving 'W:/University Work/Masters/MastersProject/MastersProject/Ava/Saved/Item363A01D6848D7668F542BA483468BD954.tmp' to 'W:/University Work/Masters/MastersProject/MastersProject/Ava/Content/TemporaryContent/InventoryTemp/Item3.uasset'
[2017.07.11-14.18.06:002][151]LogSavePackage:Display: Finished SavePackage W:/University Work/Masters/MastersProject/MastersProject/Ava/Content/TemporaryContent/InventoryTemp/Item3.uasset
[2017.07.11-14.18.06:019][151]LogSavePackage: Save=6.58ms
[2017.07.11-14.18.06:019][151]LogSavePackage: Moving 'W:/University Work/Masters/MastersProject/MastersProject/Ava/Saved/Scroll1B7558B24487897699FF705B546294989.tmp' to 'W:/University Work/Masters/MastersProject/MastersProject/Ava/Content/TemporaryContent/InventoryTemp/Scroll1.uasset'
[2017.07.11-14.18.06:026][151]LogSavePackage:Display: Finished SavePackage W:/University Work/Masters/MastersProject/MastersProject/Ava/Content/TemporaryContent/InventoryTemp/Scroll1.uasset
[2017.07.11-14.18.06:043][151]LogSavePackage: Save=6.60ms
[2017.07.11-14.18.06:043][151]LogSavePackage: Moving 'W:/University Work/Masters/MastersProject/MastersProject/Ava/Saved/Scroll2CCE99B1F4828173CCBE0159E666CFA84.tmp' to 'W:/University Work/Masters/MastersProject/MastersProject/Ava/Content/TemporaryContent/InventoryTemp/Scroll2.uasset'
[2017.07.11-14.18.06:050][151]LogSavePackage:Display: Finished SavePackage W:/University Work/Masters/MastersProject/MastersProject/Ava/Content/TemporaryContent/InventoryTemp/Scroll2.uasset
[2017.07.11-14.18.06:282][151]LogSavePackage: Save=11.76ms
[2017.07.11-14.18.06:282][151]LogSavePackage: Moving 'W:/University Work/Masters/MastersProject/MastersProject/Ava/Saved/Scroll31195721047C6055D80F66A8EDBEE0852.tmp' to 'W:/University Work/Masters/MastersProject/MastersProject/Ava/Content/TemporaryContent/InventoryTemp/Scroll3.uasset'
[2017.07.11-14.18.06:290][151]LogSavePackage:Display: Finished SavePackage W:/University Work/Masters/MastersProject/MastersProject/Ava/Content/TemporaryContent/InventoryTemp/Scroll3.uasset
[2017.07.11-14.18.06:315][151]LogSavePackage: Save=11.74ms
[2017.07.11-14.18.06:315][151]LogSavePackage: Moving 'W:/University Work/Masters/MastersProject/MastersProject/Ava/Saved/Scroll493CCAB5A40AFFFB5CB82D898CE1A5A5A.tmp' to 'W:/University Work/Masters/MastersProject/MastersProject/Ava/Content/TemporaryContent/InventoryTemp/Scroll4.uasset'
[2017.07.11-14.18.06:324][151]LogSavePackage:Display: Finished SavePackage W:/University Work/Masters/MastersProject/MastersProject/Ava/Content/TemporaryContent/InventoryTemp/Scroll4.uasset
[2017.07.11-14.18.06:343][151]LogSavePackage: Save=6.85ms
[2017.07.11-14.18.06:343][151]LogSavePackage: Moving 'W:/University Work/Masters/MastersProject/MastersProject/Ava/Saved/Scroll5E3F8AA2F48AED758E013848F1730F69B.tmp' to 'W:/University Work/Masters/MastersProject/MastersProject/Ava/Content/TemporaryContent/InventoryTemp/Scroll5.uasset'
[2017.07.11-14.18.06:350][151]LogSavePackage:Display: Finished SavePackage W:/University Work/Masters/MastersProject/MastersProject/Ava/Content/TemporaryContent/InventoryTemp/Scroll5.uasset
[2017.07.11-14.18.06:374][151]LogSavePackage: Save=7.23ms
[2017.07.11-14.18.06:374][151]LogSavePackage: Moving 'W:/University Work/Masters/MastersProject/MastersProject/Ava/Saved/Scroll6AB9600824E3ACC08C216A8AEA24BD788.tmp' to 'W:/University Work/Masters/MastersProject/MastersProject/Ava/Content/TemporaryContent/InventoryTemp/Scroll6.uasset'
[2017.07.11-14.18.06:381][151]LogSavePackage:Display: Finished SavePackage W:/University Work/Masters/MastersProject/MastersProject/Ava/Content/TemporaryContent/InventoryTemp/Scroll6.uasset
[2017.07.11-14.18.06:405][151]LogSavePackage: Save=6.64ms
[2017.07.11-14.18.06:405][151]LogSavePackage: Moving 'W:/University Work/Masters/MastersProject/MastersProject/Ava/Saved/Scroll70D5C45744C8821ACB1F5189B4FBF0CCA.tmp' to 'W:/University Work/Masters/MastersProject/MastersProject/Ava/Content/TemporaryContent/InventoryTemp/Scroll7.uasset'
[2017.07.11-14.18.06:412][151]LogSavePackage:Display: Finished SavePackage W:/University Work/Masters/MastersProject/MastersProject/Ava/Content/TemporaryContent/InventoryTemp/Scroll7.uasset
[2017.07.11-14.18.06:430][151]LogSavePackage: Save=6.71ms
[2017.07.11-14.18.06:430][151]LogSavePackage: Moving 'W:/University Work/Masters/MastersProject/MastersProject/Ava/Saved/Scroll8AF34DEB9463AC7B2A9EBA09775072473.tmp' to 'W:/University Work/Masters/MastersProject/MastersProject/Ava/Content/TemporaryContent/InventoryTemp/Scroll8.uasset'
[2017.07.11-14.18.06:437][151]LogSavePackage:Display: Finished SavePackage W:/University Work/Masters/MastersProject/MastersProject/Ava/Content/TemporaryContent/InventoryTemp/Scroll8.uasset
[2017.07.11-14.18.06:453][151]LogSavePackage: Save=6.40ms
[2017.07.11-14.18.06:453][151]LogSavePackage: Moving 'W:/University Work/Masters/MastersProject/MastersProject/Ava/Saved/Trash1F2A325274E2B4CD578EBD58D75234F8F.tmp' to 'W:/University Work/Masters/MastersProject/MastersProject/Ava/Content/TemporaryContent/InventoryTemp/Trash1.uasset'
[2017.07.11-14.18.06:460][151]LogSavePackage:Display: Finished SavePackage W:/University Work/Masters/MastersProject/MastersProject/Ava/Content/TemporaryContent/InventoryTemp/Trash1.uasset
[2017.07.11-14.18.06:479][151]LogSavePackage: Save=7.87ms
[2017.07.11-14.18.06:479][151]LogSavePackage: Moving 'W:/University Work/Masters/MastersProject/MastersProject/Ava/Saved/Trash28EB3ED194066DA6E07A68EBB3538CD6B.tmp' to 'W:/University Work/Masters/MastersProject/MastersProject/Ava/Content/TemporaryContent/InventoryTemp/Trash2.uasset'
[2017.07.11-14.18.06:485][151]LogSavePackage:Display: Finished SavePackage W:/University Work/Masters/MastersProject/MastersProject/Ava/Content/TemporaryContent/InventoryTemp/Trash2.uasset
[2017.07.11-14.18.06:502][151]LogSavePackage: Save=6.90ms
[2017.07.11-14.18.06:502][151]LogSavePackage: Moving 'W:/University Work/Masters/MastersProject/MastersProject/Ava/Saved/Trash396DC97BB4657FC5CDABA799CE6BD4C28.tmp' to 'W:/University Work/Masters/MastersProject/MastersProject/Ava/Content/TemporaryContent/InventoryTemp/Trash3.uasset'
[2017.07.11-14.18.06:509][151]LogSavePackage:Display: Finished SavePackage W:/University Work/Masters/MastersProject/MastersProject/Ava/Content/TemporaryContent/InventoryTemp/Trash3.uasset
[2017.07.11-14.18.06:535][151]LogSavePackage: Save=6.51ms
[2017.07.11-14.18.06:535][151]LogSavePackage: Moving 'W:/University Work/Masters/MastersProject/MastersProject/Ava/Saved/Trash47D3BCA0344D82854802119803F881C24.tmp' to 'W:/University Work/Masters/MastersProject/MastersProject/Ava/Content/TemporaryContent/InventoryTemp/Trash4.uasset'
[2017.07.11-14.18.06:541][151]LogSavePackage:Display: Finished SavePackage W:/University Work/Masters/MastersProject/MastersProject/Ava/Content/TemporaryContent/InventoryTemp/Trash4.uasset
[2017.07.11-14.44.11:979][ 58]Cmd: QUIT_EDITOR
[2017.07.11-14.44.12:056][ 58]LogExit: Preparing to exit.
[2017.07.11-14.44.13:069][ 58]LogHoudiniEngine: HAPI Synchronous Deletion of  Started. HoudiniAsset = 0x0, 
[2017.07.11-14.44.13:081][ 58]LogExit: Editor shut down
[2017.07.11-14.44.13:082][ 58]LogExit: Transaction tracking system shut down
[2017.07.11-14.44.13:250][ 58]LogObj: Freed 0b from 0 cluster array pools.
[2017.07.11-14.44.13:250][ 58]LogExit: Object subsystem successfully closed.
[2017.07.11-14.44.13:267][ 58]LogD3D11RHI: Shutdown
[2017.07.11-14.44.13:268][ 58]LogD3D11RHI: CleanupD3DDevice
[2017.07.11-14.44.13:342][ 58]LogD3D11RHI: ~FD3D11DynamicRHI
[2017.07.11-14.44.13:365][ 58]LogModuleManager: Shutting down and abandoning module MovieSceneCapture (217)
[2017.07.11-14.44.13:365][ 58]LogModuleManager: Shutting down and abandoning module HierarchicalLODOutliner (216)
[2017.07.11-14.44.13:365][ 58]LogModuleManager: Shutting down and abandoning module CrashTracker (215)
[2017.07.11-14.44.13:365][ 58]LogModuleManager: Shutting down and abandoning module SceneOutliner (214)
[2017.07.11-14.44.13:365][ 58]LogModuleManager: Shutting down and abandoning module WidgetCarousel (213)
[2017.07.11-14.44.13:365][ 58]LogModuleManager: Shutting down and abandoning module AddContentDialog (212)
[2017.07.11-14.44.13:366][ 58]LogModuleManager: Shutting down and abandoning module GameplayTags (211)
[2017.07.11-14.44.13:366][ 58]LogModuleManager: Shutting down and abandoning module EditorWidgets (210)
[2017.07.11-14.44.13:366][ 58]LogModuleManager: Shutting down and abandoning module CollectionManager (209)
[2017.07.11-14.44.13:366][ 58]LogModuleManager: Shutting down and abandoning module StatsViewer (208)
[2017.07.11-14.44.13:367][ 58]LogModuleManager: Shutting down and abandoning module FoliageEdit (207)
[2017.07.11-14.44.13:367][ 58]LogModuleManager: Shutting down and abandoning module LandscapeEditor (206)
[2017.07.11-14.44.13:367][ 58]LogModuleManager: Shutting down and abandoning module SceneDepthPickerMode (205)
[2017.07.11-14.44.13:367][ 58]LogModuleManager: Shutting down and abandoning module ActorPickerMode (204)
[2017.07.11-14.44.13:367][ 58]LogModuleManager: Shutting down and abandoning module GeometryMode (203)
[2017.07.11-14.44.13:367][ 58]LogModuleManager: Shutting down and abandoning module TextureAlignMode (202)
[2017.07.11-14.44.13:367][ 58]LogModuleManager: Shutting down and abandoning module BspMode (201)
[2017.07.11-14.44.13:367][ 58]LogModuleManager: Shutting down and abandoning module HardwareSurvey (200)
[2017.07.11-14.44.13:367][ 58]LogModuleManager: Shutting down and abandoning module SequenceRecorderSections (199)
[2017.07.11-14.44.13:367][ 58]LogModuleManager: Shutting down and abandoning module SequenceRecorder (198)
[2017.07.11-14.44.13:367][ 58]LogModuleManager: Shutting down and abandoning module AutomationWorker (197)
[2017.07.11-14.44.13:367][ 58]LogModuleManager: Shutting down and abandoning module HoudiniEngineEditor (196)
[2017.07.11-14.44.13:367][ 58]LogHoudiniEngineEditor: Shutting down the Houdini Engine Editor module.
[2017.07.11-14.44.13:367][ 58]LogModuleManager: Shutting down and abandoning module MatineeToLevelSequence (195)
[2017.07.11-14.44.13:367][ 58]LogModuleManager: Shutting down and abandoning module PlacementMode (194)
[2017.07.11-14.44.13:367][ 58]LogModuleManager: Shutting down and abandoning module LevelSequenceEditor (193)
[2017.07.11-14.44.13:367][ 58]LogModuleManager: Shutting down and abandoning module CharacterAI (192)
[2017.07.11-14.44.13:367][ 58]LogModuleManager: Shutting down and abandoning module SmartSnapping (191)
[2017.07.11-14.44.13:367][ 58]LogModuleManager: Shutting down and abandoning module SessionServices (190)
[2017.07.11-14.44.13:367][ 58]LogModuleManager: Shutting down and abandoning module ViewportSnapping (189)
[2017.07.11-14.44.13:367][ 58]LogModuleManager: Shutting down and abandoning module LogVisualizer (188)
[2017.07.11-14.44.13:367][ 58]LogModuleManager: Shutting down and abandoning module GameProjectGeneration (187)
[2017.07.11-14.44.13:367][ 58]LogModuleManager: Shutting down and abandoning module IntroTutorials (186)
[2017.07.11-14.44.13:367][ 58]LogModuleManager: Shutting down and abandoning module EditorLiveStreaming (185)
[2017.07.11-14.44.13:367][ 58]LogModuleManager: Shutting down and abandoning module IOSPlatformEditor (184)
[2017.07.11-14.44.13:367][ 58]LogModuleManager: Shutting down and abandoning module HTML5PlatformEditor (183)
[2017.07.11-14.44.13:367][ 58]LogModuleManager: Shutting down and abandoning module AndroidDeviceDetection (182)
[2017.07.11-14.44.13:624][ 58]LogModuleManager: Shutting down and abandoning module AndroidPlatformEditor (181)
[2017.07.11-14.44.13:624][ 58]LogModuleManager: Shutting down and abandoning module IOSRuntimeSettings (180)
[2017.07.11-14.44.13:624][ 58]LogModuleManager: Shutting down and abandoning module AndroidRuntimeSettings (179)
[2017.07.11-14.44.13:624][ 58]LogModuleManager: Shutting down and abandoning module MergeActors (178)
[2017.07.11-14.44.13:624][ 58]LogModuleManager: Shutting down and abandoning module SizeMap (177)
[2017.07.11-14.44.13:624][ 58]LogModuleManager: Shutting down and abandoning module TreeMap (176)
[2017.07.11-14.44.13:624][ 58]LogModuleManager: Shutting down and abandoning module ReferenceViewer (175)
[2017.07.11-14.44.13:624][ 58]LogModuleManager: Shutting down and abandoning module LocalizationService (174)
[2017.07.11-14.44.13:624][ 58]LogModuleManager: Shutting down and abandoning module LocalizationDashboard (173)
[2017.07.11-14.44.13:624][ 58]LogModuleManager: Shutting down and abandoning module HardwareTargeting (172)
[2017.07.11-14.44.13:624][ 58]LogModuleManager: Shutting down and abandoning module DeviceProfileEditor (171)
[2017.07.11-14.44.13:624][ 58]LogModuleManager: Shutting down and abandoning module UndoHistory (170)
[2017.07.11-14.44.13:624][ 58]LogModuleManager: Shutting down and abandoning module UserFeedback (169)
[2017.07.11-14.44.13:624][ 58]LogModuleManager: Shutting down and abandoning module XmlParser (168)
[2017.07.11-14.44.13:624][ 58]LogModuleManager: Shutting down and abandoning module Blutility (167)
[2017.07.11-14.44.13:624][ 58]LogModuleManager: Shutting down and abandoning module ProjectTargetPlatformEditor (166)
[2017.07.11-14.44.13:624][ 58]LogModuleManager: Shutting down and abandoning module ProjectSettingsViewer (165)
[2017.07.11-14.44.13:624][ 58]LogModuleManager: Shutting down and abandoning module InputBindingEditor (164)
[2017.07.11-14.44.13:625][ 58]LogModuleManager: Shutting down and abandoning module EditorSettingsViewer (163)
[2017.07.11-14.44.13:625][ 58]LogModuleManager: Shutting down and abandoning module SettingsEditor (162)
[2017.07.11-14.44.13:625][ 58]LogModuleManager: Shutting down and abandoning module ProjectLauncher (161)
[2017.07.11-14.44.13:625][ 58]LogModuleManager: Shutting down and abandoning module SessionFrontend (160)
[2017.07.11-14.44.13:625][ 58]LogModuleManager: Shutting down and abandoning module ProfilerClient (159)
[2017.07.11-14.44.13:625][ 58]LogModuleManager: Shutting down and abandoning module TargetDeviceServices (158)
[2017.07.11-14.44.13:625][ 58]LogModuleManager: Shutting down and abandoning module DeviceManager (157)
[2017.07.11-14.44.13:675][ 58]LogModuleManager: Shutting down and abandoning module AutomationController (156)
[2017.07.11-14.44.13:675][ 58]LogModuleManager: Shutting down and abandoning module AutomationWindow (155)
[2017.07.11-14.44.13:675][ 58]LogModuleManager: Shutting down and abandoning module Layers (154)
[2017.07.11-14.44.13:675][ 58]LogModuleManager: Shutting down and abandoning module ComponentVisualizers (153)
[2017.07.11-14.44.13:675][ 58]LogModuleManager: Shutting down and abandoning module DetailCustomizations (152)
[2017.07.11-14.44.13:675][ 58]LogModuleManager: Shutting down and abandoning module PackagesDialog (151)
[2017.07.11-14.44.13:675][ 58]LogModuleManager: Shutting down and abandoning module Persona (150)
[2017.07.11-14.44.13:675][ 58]LogModuleManager: Shutting down and abandoning module Kismet (149)
[2017.07.11-14.44.13:675][ 58]LogModuleManager: Shutting down and abandoning module GraphEditor (148)
[2017.07.11-14.44.13:675][ 58]LogModuleManager: Shutting down and abandoning module ClassViewer (147)
[2017.07.11-14.44.13:675][ 58]LogModuleManager: Shutting down and abandoning module Toolbox (146)
[2017.07.11-14.44.13:675][ 58]LogModuleManager: Shutting down and abandoning module ModuleUI (145)
[2017.07.11-14.44.13:675][ 58]LogModuleManager: Shutting down and abandoning module MovieSceneTools (144)
[2017.07.11-14.44.13:675][ 58]LogModuleManager: Shutting down and abandoning module OutputLog (143)
[2017.07.11-14.44.13:675][ 58]LogModuleManager: Shutting down and abandoning module GammaUI (142)
[2017.07.11-14.44.13:675][ 58]LogModuleManager: Shutting down and abandoning module Documentation (141)
[2017.07.11-14.44.13:675][ 58]LogModuleManager: Shutting down and abandoning module StreamingPauseRendering (140)
[2017.07.11-14.44.13:675][ 58]LogModuleManager: Shutting down and abandoning module AnalyticsET (139)
[2017.07.11-14.44.13:675][ 58]LogModuleManager: Shutting down and abandoning module Analytics (138)
[2017.07.11-14.44.13:675][ 58]LogModuleManager: Shutting down and abandoning module PortalServices (137)
[2017.07.11-14.44.13:675][ 58]LogModuleManager: Shutting down and abandoning module PortalRpc (136)
[2017.07.11-14.44.13:675][ 58]LogModuleManager: Shutting down and abandoning module MessagingRpc (135)
[2017.07.11-14.44.13:675][ 58]LogModuleManager: Shutting down and abandoning module GameplayDebugger (134)
[2017.07.11-14.44.13:675][ 58]LogModuleManager: Shutting down and abandoning module AITestSuite (133)
[2017.07.11-14.44.13:675][ 58]LogModuleManager: Shutting down and abandoning module AIModule (132)
[2017.07.11-14.44.13:675][ 58]LogModuleManager: Shutting down and abandoning module ProfilerService (131)
[2017.07.11-14.44.13:793][ 58]LogModuleManager: Shutting down and abandoning module TaskGraph (130)
[2017.07.11-14.44.13:793][ 58]LogModuleManager: Shutting down and abandoning module SlateRemote (129)
[2017.07.11-14.44.13:793][ 58]LogModuleManager: Shutting down and abandoning module SteamVRController (128)
[2017.07.11-14.44.13:793][ 58]LogModuleManager: Shutting down and abandoning module SteamVR (127)
[2017.07.11-14.44.13:793][ 58]LogModuleManager: Shutting down and abandoning module ProceduralMeshComponent (126)
[2017.07.11-14.44.13:793][ 58]LogModuleManager: Shutting down and abandoning module OculusLibrary (125)
[2017.07.11-14.44.13:793][ 58]LogModuleManager: Shutting down and abandoning module OculusInput (124)
[2017.07.11-14.44.13:793][ 58]LogModuleManager: Shutting down and abandoning module HoudiniEngineRuntime (123)
[2017.07.11-14.44.13:793][ 58]LogHoudiniEngine: Shutting down the Houdini Engine module.
[2017.07.11-14.44.13:793][ 58]LogUObjectArray:Warning: Invalid object index -572662307
[2017.07.11-14.44.13:793][ 58]LogUObjectArray:Warning: Invalid object index -572662307
[2017.07.11-14.44.13:793][ 58]LogUObjectArray:Warning: Invalid object index -572662307
[2017.07.11-14.44.13:793][ 58]LogUObjectArray:Warning: Invalid object index -572662307
[2017.07.11-14.44.13:795][ 58]LogModuleManager: Shutting down and abandoning module CustomMeshComponent (122)
[2017.07.11-14.44.13:795][ 58]LogModuleManager: Shutting down and abandoning module CableComponent (121)
[2017.07.11-14.44.13:795][ 58]LogModuleManager: Shutting down and abandoning module ArchVisCharacter (120)
[2017.07.11-14.44.13:795][ 58]LogModuleManager: Shutting down and abandoning module MediaPlayerEditor (119)
[2017.07.11-14.44.13:795][ 58]LogModuleManager: Shutting down and abandoning module HTML5Networking (118)
[2017.07.11-14.44.13:795][ 58]LogModuleManager: Shutting down and abandoning module SuperSearch (117)
[2017.07.11-14.44.13:795][ 58]LogModuleManager: Shutting down and abandoning module SuperSearchEditor (116)
[2017.07.11-14.44.13:795][ 58]LogModuleManager: Shutting down and abandoning module SpeedTreeImporter (115)
[2017.07.11-14.44.13:795][ 58]LogModuleManager: Shutting down and abandoning module PluginBrowser (114)
[2017.07.11-14.44.13:795][ 58]LogModuleManager: Shutting down and abandoning module EpicSurvey (113)
[2017.07.11-14.44.13:795][ 58]LogModuleManager: Shutting down and abandoning module DesktopPlatform (112)
[2017.07.11-14.44.13:795][ 58]LogModuleManager: Shutting down and abandoning module VisualStudioSourceCodeAccess (111)
[2017.07.11-14.44.13:795][ 58]LogModuleManager: Shutting down and abandoning module UObjectPlugin (110)
[2017.07.11-14.44.13:795][ 58]LogModuleManager: Shutting down and abandoning module SubversionSourceControl (109)
[2017.07.11-14.44.13:795][ 58]LogModuleManager: Shutting down and abandoning module PerforceSourceControl (108)
[2017.07.11-14.44.13:795][ 58]LogModuleManager: Shutting down and abandoning module SourceControl (107)
[2017.07.11-14.44.13:795][ 58]LogModuleManager: Shutting down and abandoning module GitSourceControl (106)
[2017.07.11-14.44.13:795][ 58]LogModuleManager: Shutting down and abandoning module LightPropagationVolumeEditor (105)
[2017.07.11-14.44.13:795][ 58]LogModuleManager: Shutting down and abandoning module PaperTiledImporter (104)
[2017.07.11-14.44.13:795][ 58]LogModuleManager: Shutting down and abandoning module PaperSpriteSheetImporter (103)
[2017.07.11-14.44.13:795][ 58]LogModuleManager: Shutting down and abandoning module MeshPaint (102)
[2017.07.11-14.44.13:795][ 58]LogModuleManager: Shutting down and abandoning module PixelInspectorModule (101)
[2017.07.11-14.44.13:795][ 58]LogModuleManager: Shutting down and abandoning module HotReload (100)
[2017.07.11-14.44.13:796][ 58]LogModuleManager: Shutting down and abandoning module MainFrame (99)
[2017.07.11-14.44.13:796][ 58]LogModuleManager: Shutting down and abandoning module LevelEditor (98)
[2017.07.11-14.44.13:797][ 58]LogModuleManager: Shutting down and abandoning module ContentBrowser (97)
[2017.07.11-14.44.13:798][ 58]LogModuleManager: Shutting down and abandoning module Paper2DEditor (96)
[2017.07.11-14.44.13:798][ 58]LogModuleManager: Shutting down and abandoning module Ava (95)
[2017.07.11-14.44.13:798][ 58]LogModuleManager: Shutting down and abandoning module UdpMessaging (94)
[2017.07.11-14.44.13:898][ 58]LogModuleManager: Shutting down and abandoning module LightPropagationVolumeRuntime (93)
[2017.07.11-14.44.13:898][ 58]LogModuleManager: Shutting down and abandoning module Paper2D (92)
[2017.07.11-14.44.13:898][ 58]LogModuleManager: Shutting down and abandoning module WindowsMoviePlayer (91)
[2017.07.11-14.44.13:898][ 58]LogModuleManager: Shutting down and abandoning module Media (90)
[2017.07.11-14.44.13:898][ 58]LogModuleManager: Shutting down and abandoning module WmfMedia (89)
[2017.07.11-14.44.13:899][ 58]LogModuleManager: Shutting down and abandoning module MediaAssets (88)
[2017.07.11-14.44.13:899][ 58]LogModuleManager: Shutting down and abandoning module GameLiveStreaming (87)
[2017.07.11-14.44.13:899][ 58]LogModuleManager: Shutting down and abandoning module GameplayTagsEditor (86)
[2017.07.11-14.44.13:899][ 58]LogModuleManager: Shutting down and abandoning module OnlineBlueprintSupport (85)
[2017.07.11-14.44.13:899][ 58]LogModuleManager: Shutting down and abandoning module VREditor (84)
[2017.07.11-14.44.13:899][ 58]LogModuleManager: Shutting down and abandoning module GameplayTasksEditor (83)
[2017.07.11-14.44.13:899][ 58]LogModuleManager: Shutting down and abandoning module PropertyEditor (82)
[2017.07.11-14.44.13:899][ 58]LogModuleManager: Shutting down and abandoning module BehaviorTreeEditor (81)
[2017.07.11-14.44.13:899][ 58]LogModuleManager: Shutting down and abandoning module FunctionalTesting (80)
[2017.07.11-14.44.13:899][ 58]LogModuleManager: Shutting down and abandoning module CollisionAnalyzer (79)
[2017.07.11-14.44.13:899][ 58]LogModuleManager: Shutting down and abandoning module Sequencer (78)
[2017.07.11-14.44.13:899][ 58]LogModuleManager: Shutting down and abandoning module WorkspaceMenuStructure (77)
[2017.07.11-14.44.13:899][ 58]LogModuleManager: Shutting down and abandoning module MessageLog (76)
[2017.07.11-14.44.13:900][ 58]LogModuleManager: Shutting down and abandoning module AssetTools (75)
[2017.07.11-14.44.13:900][ 58]LogModuleManager: Shutting down and abandoning module UMGEditor (74)
[2017.07.11-14.44.13:900][ 58]LogModuleManager: Shutting down and abandoning module UMG (73)
[2017.07.11-14.44.13:900][ 58]LogModuleManager: Shutting down and abandoning module SlateReflector (72)
[2017.07.11-14.44.13:900][ 58]LogModuleManager: Shutting down and abandoning module Slate (71)
[2017.07.11-14.44.13:900][ 58]LogModuleManager: Shutting down and abandoning module EditorStyle (70)
[2017.07.11-14.44.13:906][ 58]LogModuleManager: Shutting down and abandoning module SourceCodeAccess (69)
[2017.07.11-14.44.13:906][ 58]LogModuleManager: Shutting down and abandoning module HeadMountedDisplay (68)
[2017.07.11-14.44.13:906][ 58]LogModuleManager: Shutting down and abandoning module XAudio2 (67)
[2017.07.11-14.44.13:907][ 58]LogModuleManager: Shutting down and abandoning module Networking (65)
[2017.07.11-14.44.13:907][ 58]LogModuleManager: Shutting down and abandoning module Core (64)
[2017.07.11-14.44.13:907][ 58]LogModuleManager: Shutting down and abandoning module DirectoryWatcher (63)
[2017.07.11-14.44.13:908][ 58]LogModuleManager: Shutting down and abandoning module AssetRegistry (62)
[2017.07.11-14.44.14:049][ 58]LogModuleManager: Shutting down and abandoning module KismetCompiler (61)
[2017.07.11-14.44.14:049][ 58]LogModuleManager: Shutting down and abandoning module PhysXFormats (60)
[2017.07.11-14.44.14:049][ 58]LogModuleManager: Shutting down and abandoning module MeshUtilities (59)
[2017.07.11-14.44.14:049][ 58]LogModuleManager: Shutting down and abandoning module DerivedDataCache (58)
[2017.07.11-14.44.14:127][ 58]LogDerivedDataCache: Shutdown
[2017.07.11-14.44.14:127][ 58]LogModuleManager: Shutting down and abandoning module VulkanShaderFormat (57)
[2017.07.11-14.44.14:127][ 58]LogModuleManager: Shutting down and abandoning module ShaderFormatOpenGL (56)
[2017.07.11-14.44.14:127][ 58]LogModuleManager: Shutting down and abandoning module ShaderFormatD3D (55)
[2017.07.11-14.44.14:127][ 58]LogModuleManager: Shutting down and abandoning module MetalShaderFormat (54)
[2017.07.11-14.44.14:127][ 58]LogModuleManager: Shutting down and abandoning module TextureFormatUncompressed (53)
[2017.07.11-14.44.14:127][ 58]LogModuleManager: Shutting down and abandoning module TextureFormatPVR (52)
[2017.07.11-14.44.14:127][ 58]LogModuleManager: Shutting down and abandoning module TextureFormatIntelISPCTexComp (51)
[2017.07.11-14.44.14:127][ 58]LogModuleManager: Shutting down and abandoning module TextureFormatDXT (50)
[2017.07.11-14.44.14:127][ 58]LogModuleManager: Shutting down and abandoning module ImageWrapper (49)
[2017.07.11-14.44.14:127][ 58]LogModuleManager: Shutting down and abandoning module TextureFormatASTC (48)
[2017.07.11-14.44.14:127][ 58]LogModuleManager: Shutting down and abandoning module TextureFormatAndroid (47)
[2017.07.11-14.44.14:127][ 58]LogModuleManager: Shutting down and abandoning module AudioFormatOpus (46)
[2017.07.11-14.44.14:127][ 58]LogModuleManager: Shutting down and abandoning module AudioFormatOgg (45)
[2017.07.11-14.44.14:127][ 58]LogModuleManager: Shutting down and abandoning module AudioFormatADPCM (44)
[2017.07.11-14.44.14:127][ 58]LogModuleManager: Shutting down and abandoning module LinuxTargetPlatform (43)
[2017.07.11-14.44.14:127][ 58]LogModuleManager: Shutting down and abandoning module LinuxServerTargetPlatform (42)
[2017.07.11-14.44.14:127][ 58]LogModuleManager: Shutting down and abandoning module LinuxNoEditorTargetPlatform (41)
[2017.07.11-14.44.14:127][ 58]LogModuleManager: Shutting down and abandoning module TVOSTargetPlatform (40)
[2017.07.11-14.44.14:127][ 58]LogModuleManager: Shutting down and abandoning module Messaging (39)
[2017.07.11-14.44.14:128][ 58]LogModuleManager: Shutting down and abandoning module IOSTargetPlatform (38)
[2017.07.11-14.44.14:128][ 58]LogModuleManager: Shutting down and abandoning module HTML5TargetPlatform (37)
[2017.07.11-14.44.14:128][ 58]LogModuleManager: Shutting down and abandoning module Android_PVRTCTargetPlatform (36)
[2017.07.11-14.44.14:128][ 58]LogModuleManager: Shutting down and abandoning module Android_MultiTargetPlatform (35)
[2017.07.11-14.44.14:128][ 58]LogModuleManager: Shutting down and abandoning module Android_ETC2TargetPlatform (34)
[2017.07.11-14.44.14:128][ 58]LogModuleManager: Shutting down and abandoning module Android_ETC1TargetPlatform (33)
[2017.07.11-14.44.14:128][ 58]LogModuleManager: Shutting down and abandoning module Android_DXTTargetPlatform (32)
[2017.07.11-14.44.14:128][ 58]LogModuleManager: Shutting down and abandoning module Android_ATCTargetPlatform (31)
[2017.07.11-14.44.14:128][ 58]LogModuleManager: Shutting down and abandoning module Android_ASTCTargetPlatform (30)
[2017.07.11-14.44.14:128][ 58]LogModuleManager: Shutting down and abandoning module AndroidTargetPlatform (29)
[2017.07.11-14.44.14:128][ 58]LogModuleManager: Shutting down and abandoning module WindowsTargetPlatform (28)
[2017.07.11-14.44.14:128][ 58]LogModuleManager: Shutting down and abandoning module WindowsServerTargetPlatform (27)
[2017.07.11-14.44.14:128][ 58]LogModuleManager: Shutting down and abandoning module WindowsNoEditorTargetPlatform (26)
[2017.07.11-14.44.14:128][ 58]LogModuleManager: Shutting down and abandoning module WindowsClientTargetPlatform (25)
[2017.07.11-14.44.14:128][ 58]LogModuleManager: Shutting down and abandoning module AllDesktopTargetPlatform (24)
[2017.07.11-14.44.14:128][ 58]LogModuleManager: Shutting down and abandoning module TargetPlatform (23)
[2017.07.11-14.44.14:128][ 58]LogModuleManager: Shutting down and abandoning module InputCore (22)
[2017.07.11-14.44.14:128][ 58]LogModuleManager: Shutting down and abandoning module Settings (21)
[2017.07.11-14.44.14:128][ 58]LogModuleManager: Shutting down and abandoning module OnlineSubsystem (19)
[2017.07.11-14.44.14:128][ 58]LogModuleManager: Shutting down and abandoning module HTTP (18)
[2017.07.11-14.44.18:160][ 58]LogModuleManager: Shutting down and abandoning module XMPP (17)
[2017.07.11-14.44.18:161][ 58]LogModuleManager: Shutting down and abandoning module OculusRift (16)
[2017.07.11-14.44.18:161][ 58]LogModuleManager: Shutting down and abandoning module ExampleDeviceProfileSelector (15)
[2017.07.11-14.44.18:161][ 58]LogModuleManager: Shutting down and abandoning module TextureCompressor (14)
[2017.07.11-14.44.18:161][ 58]LogModuleManager: Shutting down and abandoning module ShaderCore (13)
[2017.07.11-14.44.18:161][ 58]LogModuleManager: Shutting down and abandoning module Landscape (12)
[2017.07.11-14.44.18:161][ 58]LogModuleManager: Shutting down and abandoning module SlateRHIRenderer (11)
[2017.07.11-14.44.18:164][ 58]LogModuleManager: Shutting down and abandoning module OpenGLDrv (10)
[2017.07.11-14.44.18:164][ 58]LogModuleManager: Shutting down and abandoning module D3D11RHI (9)
[2017.07.11-14.44.18:164][ 58]LogModuleManager: Shutting down and abandoning module AnimGraphRuntime (8)
[2017.07.11-14.44.18:164][ 58]LogModuleManager: Shutting down and abandoning module Renderer (7)
[2017.07.11-14.44.18:164][ 58]LogModuleManager: Shutting down and abandoning module Engine (6)
[2017.07.11-14.44.18:164][ 58]LogModuleManager: Shutting down and abandoning module CoreUObject (5)
[2017.07.11-14.44.18:164][ 58]LogModuleManager: Shutting down and abandoning module NetworkFile (4)
[2017.07.11-14.44.18:164][ 58]LogModuleManager: Shutting down and abandoning module StreamingFile (3)
[2017.07.11-14.44.18:164][ 58]LogModuleManager: Shutting down and abandoning module SandboxFile (2)
[2017.07.11-14.44.18:165][ 58]LogModuleManager: Shutting down and abandoning module PakFile (1)
[2017.07.11-14.44.18:170][ 58]LogExit: Exiting.
[2017.07.11-14.44.18:203][ 58]Log file closed, 07/11/17 15:44:18
