Log file open, 07/10/17 13:15:51
LogInit:Display: Running engine for game: Ava
LogPlatformFile: Not using cached read wrapper
LogInit:Display: RandInit(1039284933) SRandInit(1039284934).
LogTaskGraph: Started task graph with 4 named threads and 7 total threads with 1 sets of task threads.
LogStats: Stats thread started at 0.084117
LogInit: Version: 4.12.5-3039270+++UE4+Release-4.12
LogInit: API Version: 2992821
LogInit: Net Version: 3039270
LogDevObjectVersion: Number of dev versions registered: 13
LogDevObjectVersion:   Dev-Blueprints (B0D832E4-1F89-4F0D-ACCF-7EB736FD4AA2): 3
LogDevObjectVersion:   Dev-Build (E1C64328-A22C-4D53-A36C-8E866417BD8C): 0
LogDevObjectVersion:   Dev-Core (375EC13C-06E4-48FB-B500-84F0262A717E): 1
LogDevObjectVersion:   Dev-Editor (E4B068ED-F494-42E9-A231-DA0B2E46BB41): 2
LogDevObjectVersion:   Dev-Framework (CFFC743F-43B0-4480-9391-14DF171D2073): 6
LogDevObjectVersion:   Dev-Mobile (B02B49B5-BB20-44E9-A304-32B752E40360): 0
LogDevObjectVersion:   Dev-Networking (A4E4105C-59A1-49B5-A7C5-40C4547EDFEE): 0
LogDevObjectVersion:   Dev-Online (39C831C9-5AE6-47DC-9A44-9C173E1C8E7C): 0
LogDevObjectVersion:   Dev-Physics (78F01B33-EBEA-4F98-B9B4-84EACCB95AA2): 0
LogDevObjectVersion:   Dev-Platform (6631380F-2D4D-43E0-8009-CF276956A95A): 0
LogDevObjectVersion:   Dev-Rendering (12F88B9F-8875-4AFC-A67C-D90C383ABD29): 2
LogDevObjectVersion:   Dev-Sequencer (7B5AE74C-D270-4C10-A958-57980B212A5A): 0
LogDevObjectVersion:   Dev-VR (D7296918-1DD6-4BDD-9DE2-64A83CC13884): 0
LogInit: Compiled (64-bit): Jul  6 2016 09:09:46
LogInit: Compiled with Visual C++: 19.00.23026.00
LogInit: Build Configuration: Development
LogInit: Branch Name: ++UE4+Release-4.12
LogInit: Command line:  
LogInit: Base directory: C:/Program Files/Epic Games/UE_4.12/Engine/Binaries/Win64/
LogInit: Installed Engine Build: 1
LogInit: Using libcurl 7.41.0
LogInit:  - built for x86_64-pc-win32
LogInit:  - supports SSL with WinSSL
LogInit:  - other features:
LogInit:      CURL_VERSION_SSL
LogInit:      CURL_VERSION_IPV6
LogInit:      CURL_VERSION_ASYNCHDNS
LogInit:      CURL_VERSION_LARGEFILE
LogInit:      CURL_VERSION_IDN
LogInit:  CurlRequestOptions (configurable via config and command line):
LogInit:  - bVerifyPeer = true  - Libcurl will verify peer certificate
LogInit:  - bUseHttpProxy = false  - Libcurl will NOT use HTTP proxy
LogInit:  - bDontReuseConnections = false  - Libcurl will reuse connections
LogInit:  - CertBundlePath = nullptr  - Libcurl will use whatever was configured at build time.
LogInit: Presizing for max 8388607 objects, including 0 objects not considered by GC, pre-allocating 0 bytes for permanent pool.
LogInit: Object subsystem initialized
[2017.07.10-12.15.51:223][  0]LogInit: Selected Device Profile: [Windows]
[2017.07.10-12.15.51:223][  0]LogInit: Applying CVar settings loaded from the selected device profile: [Windows]
[2017.07.10-12.15.51:273][  0]LogInit: Computer: TOKEPI
[2017.07.10-12.15.51:274][  0]LogInit: User: LloydPhillips
[2017.07.10-12.15.51:274][  0]LogInit: CPU Page size=65536, Cores=4
[2017.07.10-12.15.51:274][  0]LogInit: High frequency timer resolution =3.330091 MHz
[2017.07.10-12.15.51:275][  0]LogMemory: Memory total: Physical=7.9GB (8GB approx)
[2017.07.10-12.15.51:275][  0]LogMemory: Platform Memory Stats for Windows
[2017.07.10-12.15.51:275][  0]LogMemory: Process Physical Memory: 195.36 MB used, 195.36 MB peak
[2017.07.10-12.15.51:275][  0]LogMemory: Process Virtual Memory: 195.44 MB used, 195.44 MB peak
[2017.07.10-12.15.51:275][  0]LogMemory: Physical Memory: 6459.87 MB used, 8135.61 MB total
[2017.07.10-12.15.51:275][  0]LogMemory: Virtual Memory: 607.30 MB used, 134217728.00 MB total
[2017.07.10-12.15.52:511][  0]LogTextLocalizationManager: No specific translations for ('en-US') exist, so ('en') translations will be used.
[2017.07.10-12.15.53:125][  0]LogD3D11RHI: D3D11 adapters:
[2017.07.10-12.15.53:703][  0]LogD3D11RHI:    0. 'NVIDIA GeForce GTX 660' (Feature Level 11_0)
[2017.07.10-12.15.53:703][  0]LogD3D11RHI:       2016/0/4067 MB DedicatedVideo/DedicatedSystem/SharedSystem, Outputs:2, VendorId:0x10de
[2017.07.10-12.15.53:706][  0]LogD3D11RHI:    1. 'Microsoft Basic Render Driver' (Feature Level 11_0)
[2017.07.10-12.15.53:706][  0]LogD3D11RHI:       0/0/4067 MB DedicatedVideo/DedicatedSystem/SharedSystem, Outputs:0, VendorId:0x1414
[2017.07.10-12.15.53:706][  0]LogD3D11RHI: Chosen D3D11 Adapter: 0
[2017.07.10-12.15.53:716][  0]LogD3D11RHI: Creating new Direct3DDevice
[2017.07.10-12.15.53:716][  0]LogD3D11RHI:     GPU DeviceId: 0x11c0 (for the marketing name, search the web for "GPU Device Id")
[2017.07.10-12.15.53:716][  0]LogWindows: EnumDisplayDevices:
[2017.07.10-12.15.53:716][  0]LogWindows:    0. 'NVIDIA GeForce GTX 660' (P:1 D:1)
[2017.07.10-12.15.53:716][  0]LogWindows:    1. 'NVIDIA GeForce GTX 660' (P:0 D:1)
[2017.07.10-12.15.53:716][  0]LogWindows:    2. 'NVIDIA GeForce GTX 660' (P:0 D:0)
[2017.07.10-12.15.53:717][  0]LogWindows:    3. 'NVIDIA GeForce GTX 660' (P:0 D:0)
[2017.07.10-12.15.53:717][  0]LogWindows: DebugString: FoundDriverCount:4 
[2017.07.10-12.15.53:717][  0]LogD3D11RHI:     Adapter Name: NVIDIA GeForce GTX 660
[2017.07.10-12.15.53:717][  0]LogD3D11RHI:   Driver Version: 382.33 (internal:22.21.13.8233, unified:382.33)
[2017.07.10-12.15.53:718][  0]LogD3D11RHI:      Driver Date: 5-17-2017
[2017.07.10-12.15.53:718][  0]LogRHI: Texture pool is 1361 MB (70% of 1945 MB)
[2017.07.10-12.15.54:221][  0]LogD3D11RHI: Async texture creation enabled
[2017.07.10-12.15.54:460][  0]LogD3D11RHI: GPU Timing Frequency: 1000.000000 (Debug: 2 2)
[2017.07.10-12.15.54:472][  0]LogShaderCompilers: Guid format shader working directory is -12 characters bigger than the processId version (G:/University Work/Masters/MastersProject/MastersProject/Ava/Intermediate/Shaders/WorkingDirectory/15892/).
[2017.07.10-12.15.54:472][  0]LogShaderCompilers: Cleaned the shader compiler working directory 'C:/Users/LLOYDP~1/AppData/Local/Temp/UnrealShaderWorkingDir/4DBF5EDD488F757EF3CC8C933B774ECE/'.
[2017.07.10-12.15.54:472][  0]LogShaderCompilers:Display: Using Local Shader Compiler.
[2017.07.10-12.15.56:538][  0]LogTemp:Display: Loaded TP AllDesktopTargetPlatform
[2017.07.10-12.15.56:548][  0]LogTemp:Display: Loaded TP WindowsClientTargetPlatform
[2017.07.10-12.15.56:559][  0]LogTemp:Display: Loaded TP WindowsNoEditorTargetPlatform
[2017.07.10-12.15.56:569][  0]LogTemp:Display: Loaded TP WindowsServerTargetPlatform
[2017.07.10-12.15.56:580][  0]LogTemp:Display: Loaded TP WindowsTargetPlatform
[2017.07.10-12.15.56:594][  0]LogTemp:Display: Loaded TP AndroidTargetPlatform
[2017.07.10-12.15.56:603][  0]LogTemp:Display: Loaded TP Android_ASTCTargetPlatform
[2017.07.10-12.15.56:612][  0]LogTemp:Display: Loaded TP Android_ATCTargetPlatform
[2017.07.10-12.15.56:621][  0]LogTemp:Display: Loaded TP Android_DXTTargetPlatform
[2017.07.10-12.15.56:630][  0]LogTemp:Display: Loaded TP Android_ETC1TargetPlatform
[2017.07.10-12.15.56:639][  0]LogTemp:Display: Loaded TP Android_ETC2TargetPlatform
[2017.07.10-12.15.56:657][  0]LogTemp:Display: Loaded TP Android_MultiTargetPlatform
[2017.07.10-12.15.56:657][  0]LogTemp:Display: Loaded TP Android_PVRTCTargetPlatform
[2017.07.10-12.15.56:659][  0]LogTemp:Display: Loaded TP HTML5TargetPlatform
[2017.07.10-12.15.56:691][  0]LogTemp:Display: Loaded TP IOSTargetPlatform
[2017.07.10-12.15.56:699][  0]LogTemp:Display: Loaded TP TVOSTargetPlatform
[2017.07.10-12.15.56:708][  0]LogTemp:Display: Loaded TP LinuxNoEditorTargetPlatform
[2017.07.10-12.15.56:717][  0]LogTemp:Display: Loaded TP LinuxServerTargetPlatform
[2017.07.10-12.15.56:730][  0]LogTemp:Display: Loaded TP LinuxTargetPlatform
[2017.07.10-12.15.56:730][  0]LogTargetPlatformManager:Display: Building Assets For Windows
[2017.07.10-12.15.57:069][  0]LogDerivedDataCache:Display: Max Cache Size: 512 MB
[2017.07.10-12.15.57:369][  0]LogDerivedDataCache: Loaded boot cache 0.30s 48MB C:/Users/Lloyd Phillips/AppData/Local/UnrealEngine/4.12/DerivedDataCache/Boot.ddc.
[2017.07.10-12.15.57:370][  0]LogDerivedDataCache:Display: Loaded Boot cache: C:/Users/Lloyd Phillips/AppData/Local/UnrealEngine/4.12/DerivedDataCache/Boot.ddc
[2017.07.10-12.15.57:370][  0]LogDerivedDataCache: FDerivedDataBackendGraph:  Pak pak cache file G:/University Work/Masters/MastersProject/MastersProject/Ava/DerivedDataCache/DDC.ddp not found, will not use a pak cache.
[2017.07.10-12.15.57:370][  0]LogDerivedDataCache: Unable to find inner node Pak for hierarchical cache Hierarchy.
[2017.07.10-12.15.57:370][  0]LogDerivedDataCache: FDerivedDataBackendGraph:  CompressedPak pak cache file G:/University Work/Masters/MastersProject/MastersProject/Ava/DerivedDataCache/Compressed.ddp not found, will not use a pak cache.
[2017.07.10-12.15.57:370][  0]LogDerivedDataCache: Unable to find inner node CompressedPak for hierarchical cache Hierarchy.
[2017.07.10-12.15.57:413][  0]LogDerivedDataCache:Display: Pak cache opened for reading ../../../Engine/DerivedDataCache/Compressed.ddp.
[2017.07.10-12.15.57:426][  0]LogDerivedDataCache: Using Local data cache path C:/Users/Lloyd Phillips/AppData/Local/UnrealEngine/Common/DerivedDataCache: Writable
[2017.07.10-12.15.58:201][  0]LogInit: Selected Device Profile: [Windows]
[2017.07.10-12.15.58:209][  0]LogContentStreaming: Texture pool size is 0.00 MB
[2017.07.10-12.15.58:717][  0]LogMeshUtilities: No automatic mesh reduction module available
[2017.07.10-12.15.58:717][  0]LogMeshUtilities: No automatic mesh merging module available
[2017.07.10-12.15.58:717][  0]LogMeshUtilities: No distributed automatic mesh merging module available
[2017.07.10-12.15.59:595][  0]LogAssetRegistry: FAssetRegistry took 0.0246 seconds to start up
[2017.07.10-12.15.59:656][  0]LogPackageLocalizationCache: Processed 3 localized package path(s) for 2 prioritized culture(s) in 0.055135 seconds
[2017.07.10-12.15.59:662][  0]LogUObjectArray: 28739 objects as part of root set at end of initial load.
[2017.07.10-12.15.59:662][  0]LogUObjectAllocator: 5855632 out of 0 bytes used by permanent object pool.
[2017.07.10-12.15.59:662][  0]LogUObjectArray: CloseDisregardForGC: 0/0 objects in disregard for GC pool
[2017.07.10-12.15.59:671][  0]LogInit: WinSock: version 1.1 (2.2), MaxSocks=32767, MaxUdp=65467
[2017.07.10-12.16.00:346][  0]LogSlate: SlateFontCache - WITH_FREETYPE: 1, WITH_HARFBUZZ: 1
[2017.07.10-12.16.00:346][  0]LogSlate: SlateFontCache - WITH_FREETYPE: 1, WITH_HARFBUZZ: 1
[2017.07.10-12.16.02:387][  0]LogUdpMessaging: Initializing bridge on interface 0.0.0.0:0 to multicast group 230.0.0.1:6666.
[2017.07.10-12.16.02:488][  0]LogStats: FPlatformStackWalk::StackWalkAndDump -  0.033 s
[2017.07.10-12.16.02:488][  0]LogOutputDevice:Warning: === Handled error: ===

Ensure condition failed: !AttachmentRules.bWeldSimulatedBodies [File:D:\Build\++UE4+Release-4.12+Compile\Sync\Engine\Source\Runtime\Engine\Private\Components\SceneComponent.cpp] [Line: 1481]
AttachToComponent when called from a constructor cannot weld simulated bodies. Consider calling SetupAttachment directly instead.
Stack: 
UE4Editor-Core.dll
UE4Editor-Core.dll
UE4Editor-Core.dll
UE4Editor-Engine.dll
UE4Editor-Ava.dll
UE4Editor-CoreUObject.dll
UE4Editor-CoreUObject.dll
UE4Editor-CoreUObject.dll
UE4Editor-CoreUObject.dll
UE4Editor-Core.dll
UE4Editor-Core.dll
UE4Editor-Projects.dll
UE4Editor-Projects.dll
UE4Editor.exe
UE4Editor.exe
UE4Editor.exe
UE4Editor.exe
UE4Editor.exe
UE4Editor.exe
KERNEL32.DLL
ntdll.dll
ntdll.dll

[2017.07.10-12.16.02:489][  0]LogStats:                SubmitErrorReport -  0.000 s
[2017.07.10-12.16.03:369][  0]LogStats:                    SendNewReport -  0.880 s
[2017.07.10-12.16.03:369][  0]LogStats:             FDebug::EnsureFailed -  0.914 s
[2017.07.10-12.16.03:922][  0]SourceControl: Info Source control is disabled
[2017.07.10-12.16.05:813][  0]SourceControl: Info Source control is disabled
[2017.07.10-12.16.05:831][  0]SourceControl: Info Source control is disabled
[2017.07.10-12.16.05:848][  0]SourceControl: Info Source control is disabled
[2017.07.10-12.16.06:075][  0]LogLinker:Warning: Can't find file '/Game/ThirdPersonBP/ThirdPersonOverview'
[2017.07.10-12.16.06:075][  0]LogLinker:Warning: Can't find file '/Game/ThirdPersonBP/ThirdPersonOverview'
[2017.07.10-12.16.06:075][  0]LogUObjectGlobals:Warning: Failed to find object 'Class /Game/ThirdPersonBP/ThirdPersonOverview.ThirdPersonOverview_C'
[2017.07.10-12.16.06:553][  0]LogEngine: Initializing Engine...
[2017.07.10-12.16.06:659][  0]LogHMD: SteamVR failed to initialize.  Err: 110
[2017.07.10-12.16.06:661][  0]LogHMD: SteamVR failed to initialize.  Err: 110
[2017.07.10-12.16.06:972][  0]LogAIModule: Creating AISystem for world NewWorld
[2017.07.10-12.16.06:998][  0]LogInit: XAudio2 using 'BenQ GL2450H-4 (NVIDIA High Definition Audio)' : 2 channels at 48 kHz using 16 bits per sample (channel mask 0x3)
[2017.07.10-12.16.07:032][  0]LogInit: FAudioDevice initialized.
[2017.07.10-12.16.07:059][  0]LogDerivedDataCache: Saved boot cache 0.03s 48MB C:/Users/Lloyd Phillips/AppData/Local/UnrealEngine/4.12/DerivedDataCache/Boot.ddc.
[2017.07.10-12.16.07:067][  0]LogInit: Texture streaming: Enabled
[2017.07.10-12.16.07:134][  0]LogInit: Transaction tracking system initialized
[2017.07.10-12.16.07:202][  0]BlueprintLog: New page: Editor Load
[2017.07.10-12.16.07:416][  0]LocalizationService: Info Localization service is disabled
[2017.07.10-12.16.07:550][  0]LogConsoleResponse:Display: 
[2017.07.10-12.16.08:019][  0]LogCook:Display: Max memory allowance for cook 8192mb
[2017.07.10-12.16.08:019][  0]LogCook:Display: Mobile HDR setting 1
[2017.07.10-12.16.08:285][  0]LogFileCache: Scanning file cache for directory 'G:/University Work/Masters/MastersProject/MastersProject/Ava/Content/' took 0.02s
[2017.07.10-12.16.08:285][  0]SourceControl: Info Source control is disabled
[2017.07.10-12.16.08:288][  0]Cmd: MAP LOAD FILE="G:/University Work/Masters/MastersProject/MastersProject/Ava/Content/Ava/Maps/MainMenu.umap" TEMPLATE=0 SHOWPROGRESS=1 FEATURELEVEL=3
[2017.07.10-12.16.08:319][  0]LightingResults: New page: Lighting Build
[2017.07.10-12.16.08:332][  0]MapCheck: New page: Map Check
[2017.07.10-12.16.08:332][  0]LightingResults: New page: Lighting Build
[2017.07.10-12.16.08:651][  0]LogAIModule: Creating AISystem for world MainMenu
[2017.07.10-12.16.08:660][  0]LogEditorServer: Finished looking for orphan Actors (0.000 secs)
[2017.07.10-12.16.08:663][  0]Cmd: MAP CHECKDEP NOCLEARLOG
[2017.07.10-12.16.08:706][  0]MapCheck: Info Map check complete: 0 Error(s), 0 Warning(s), took 42.338ms to complete.
[2017.07.10-12.16.08:706][  0]LogFileHelpers: Loading map 'MainMenu' took 0.420
[2017.07.10-12.16.08:929][  0]LogCollectionManager: Loaded 0 collections in 0.002168 seconds
[2017.07.10-12.16.08:993][  0]LogFileCache: Scanning file cache for directory 'G:/University Work/Masters/MastersProject/MastersProject/Ava/Saved/Collections/' took 0.01s
[2017.07.10-12.16.08:993][  0]LogFileCache: Scanning file cache for directory 'G:/University Work/Masters/MastersProject/MastersProject/Ava/Content/Developers/LloydPhillips/Collections/' took 0.01s
[2017.07.10-12.16.08:993][  0]LogFileCache: Scanning file cache for directory 'G:/University Work/Masters/MastersProject/MastersProject/Ava/Content/Collections/' took 0.01s
[2017.07.10-12.16.08:993][  0]LogCollectionManager: Rebuilt the GUID cache for 0 collections in 0.000003 seconds
[2017.07.10-12.16.09:008][  0]LogContentBrowser: Native class hierarchy populated in 0.0127 seconds. Added 2064 classes and 371 folders.
[2017.07.10-12.16.09:017][  0]LogStats: UGameplayTagsManager::ConstructGameplayTagTree: Construct from data asset -  0.000 s
[2017.07.10-12.16.09:018][  0]LogStats: UGameplayTagsManager::ConstructGameplayTagTree: GameplayTagTreeChangedEvent.Broadcast -  0.000 s
[2017.07.10-12.16.09:020][  0]LogContentBrowser: Native class hierarchy updated for 'GameplayTags' in 0.0016 seconds. Added 12 classes and 0 folders.
[2017.07.10-12.16.09:028][  0]LogContentBrowser: Native class hierarchy updated for 'WidgetCarousel' in 0.0015 seconds. Added 0 classes and 0 folders.
[2017.07.10-12.16.09:372][  0]LogContentBrowser: Native class hierarchy updated for 'AddContentDialog' in 0.0016 seconds. Added 0 classes and 0 folders.
[2017.07.10-12.16.09:388][  0]LogContentBrowser: Native class hierarchy updated for 'SceneOutliner' in 0.0016 seconds. Added 1 classes and 2 folders.
[2017.07.10-12.16.09:581][  0]LogCrashTracker: Crashtracker disabled due to settings.
[2017.07.10-12.16.09:600][  0]LogUObjectGlobals:Warning: Failed to find object 'Class None.'
[2017.07.10-12.16.09:637][  0]LogContentBrowser: Native class hierarchy updated for 'HierarchicalLODOutliner' in 0.0016 seconds. Added 1 classes and 2 folders.
[2017.07.10-12.16.09:637][  0]LogLoad: Full Startup: 61.19 seconds (BP compile: 0.10 seconds)
[2017.07.10-12.16.09:637][  0]LogExternalProfiler: Found external profiler: VSPerf
[2017.07.10-12.16.09:637][  0]LogExternalProfiler: Using external profiler: VSPerf
[2017.07.10-12.16.09:648][  0]LogOcInput: OculusInput pre-init called
[2017.07.10-12.16.09:677][  0]LogContentStreaming: Texture pool size now 400 MB
[2017.07.10-12.16.09:913][  0]LogRenderer: Reallocating scene render targets to support 1456x520 (Frame:2).
[2017.07.10-12.16.10:013][  1]LogAssetRegistry: Asset discovery search completed in 10.4416 seconds
[2017.07.10-12.16.10:013][  1]LogCollectionManager: Rebuilt the object cache for 0 collections in 0.000001 seconds (found 0 objects)
[2017.07.10-12.16.10:014][  1]LogCollectionManager: Fixed up redirectors for 0 collections in 0.000282 seconds (updated 0 objects)
[2017.07.10-12.16.27:610][997]LogBlueprint:Warning: Compiler Warning InputAction Event references unknown Action 'Crouch' for  InputAction Crouch 
[2017.07.10-12.16.27:613][997]LogBlueprint:Warning: Compiler Warning [0079.17] Compile of Ue4ASP_Character successful, but with 1 Warning(s) [in 7 ms] (/Game/AnimStarterPack/Ue4ASP_Character.Ue4ASP_Character)
[2017.07.10-12.16.27:613][997]LogBlueprint:Warning: Compiler Warning [0079.17] Compile of Ue4ASP_Character successful, but with 2 Warning(s) [in 0 ms] (/Game/AnimStarterPack/Ue4ASP_Character.Ue4ASP_Character)
[2017.07.10-12.16.27:613][997]LogBlueprint:Warning: Compiler Warning [0079.17] Compile of Ue4ASP_Character successful, but with 3 Warning(s) [in 0 ms] (/Game/AnimStarterPack/Ue4ASP_Character.Ue4ASP_Character)
[2017.07.10-12.16.27:700][997]LogBlueprint:Warning: Compiler Warning InputAction Event references unknown Action 'Crouch' for  InputAction Crouch 
[2017.07.10-12.16.27:703][997]LogBlueprint:Warning: Compiler Warning [0079.26] Compile of Ue4ASP_Character successful, but with 1 Warning(s) [in 7 ms] (/Game/AnimStarterPack/Ue4ASP_Character.Ue4ASP_Character)
[2017.07.10-12.16.27:703][997]LogBlueprint:Warning: Compiler Warning [0079.26] Compile of Ue4ASP_Character successful, but with 2 Warning(s) [in 0 ms] (/Game/AnimStarterPack/Ue4ASP_Character.Ue4ASP_Character)
[2017.07.10-12.16.27:704][997]LogBlueprint:Warning: Compiler Warning [0079.26] Compile of Ue4ASP_Character successful, but with 3 Warning(s) [in 0 ms] (/Game/AnimStarterPack/Ue4ASP_Character.Ue4ASP_Character)
[2017.07.10-12.16.31:828][997]LogMaterial: Missing cached shader map for material M_Basic_Wall, compiling. 
[2017.07.10-12.16.31:828][997]LogMaterial:Warning: Failed to compile Material /Game/StarterContent/Materials/M_Basic_Wall.M_Basic_Wall for platform PCD3D_SM5, Default Material will be used in game.
[2017.07.10-12.16.31:828][997]LogMaterial:Warning: 	(Node TextureSample) TextureSample> Missing input texture
[2017.07.10-12.16.31:958][997]LogAIModule: Creating AISystem for world PalaceLevel
[2017.07.10-12.16.32:155][997]Cmd: MAP LOAD FILE="G:/University Work/Masters/MastersProject/MastersProject/Ava/Content/Ava/Maps/PalaceLevel.umap" TEMPLATE=0 SHOWPROGRESS=1 FEATURELEVEL=3
[2017.07.10-12.16.32:155][997]LightingResults: New page: Lighting Build
[2017.07.10-12.16.32:156][997]LoadErrors: New page: Loading map: PalaceLevel.umap
[2017.07.10-12.16.32:156][997]MapCheck: New page: Map Check
[2017.07.10-12.16.32:156][997]LightingResults: New page: Lighting Build
[2017.07.10-12.16.32:267][997]LogEditorServer: Finished looking for orphan Actors (0.000 secs)
[2017.07.10-12.16.32:331][997]Cmd: MAP CHECKDEP NOCLEARLOG
[2017.07.10-12.16.32:396][997]MapCheck: Info Map check complete: 0 Error(s), 0 Warning(s), took 65.447ms to complete.
[2017.07.10-12.16.32:396][997]LogFileHelpers: Loading map 'PalaceLevel' took 0.242
[2017.07.10-12.16.38:951][482]Cmd: CAMERA ALIGN ACTIVEVIEWPORTONLY
[2017.07.10-12.16.43:485][983]LogBlueprintUserMessages: Early PlayInEditor Detection: Level '/Game/Ava/Maps/PalaceLevel.PalaceLevel:PersistentLevel' has LevelScriptBlueprint '/Game/Ava/Maps/PalaceLevel.PalaceLevel:PersistentLevel.PalaceLevel' with GeneratedClass '/Game/Ava/Maps/PalaceLevel.PalaceLevel_C' with ClassGeneratedBy '/Game/Ava/Maps/PalaceLevel.PalaceLevel:PersistentLevel.PalaceLevel'
[2017.07.10-12.16.43:485][983]LogPlayLevel: PlayLevel: No blueprints needed recompiling
[2017.07.10-12.16.43:490][983]PIE: New page: PIE session: PalaceLevel (Jul 10, 2017, 1:16:43 PM)
[2017.07.10-12.16.43:490][983]LogPlayLevel: Creating play world package: /Game/Ava/Maps/UEDPIE_0_PalaceLevel
[2017.07.10-12.16.43:561][983]LogPlayLevel: PIE: StaticDuplicateObject took: (0.071073s)
[2017.07.10-12.16.43:562][983]LogAIModule: Creating AISystem for world PalaceLevel
[2017.07.10-12.16.43:562][983]LogPlayLevel: PIE: World Init took: (0.000868s)
[2017.07.10-12.16.43:564][983]LogPlayLevel: PIE: Created PIE world by copying editor world from /Game/Ava/Maps/PalaceLevel.PalaceLevel to /Game/Ava/Maps/UEDPIE_0_PalaceLevel.PalaceLevel (0.073657s)
[2017.07.10-12.16.43:581][983]LogInit: XAudio2 using 'BenQ GL2450H-4 (NVIDIA High Definition Audio)' : 2 channels at 48 kHz using 16 bits per sample (channel mask 0x3)
[2017.07.10-12.16.43:589][983]LogInit: FAudioDevice initialized.
[2017.07.10-12.16.43:673][983]LogWorld: Game class is 'AvaGameMode'
[2017.07.10-12.16.43:725][983]LogWorld: Bringing World /Game/Ava/Maps/UEDPIE_0_PalaceLevel.PalaceLevel up for play (max tick rate 0) at 2017.07.10-13.16.43
[2017.07.10-12.16.43:740][983]LogWorld: Bringing up level for play took: 0.055105
[2017.07.10-12.16.43:764][983]LogContentBrowser: Native class hierarchy updated for 'MovieSceneCapture' in 0.0016 seconds. Added 11 classes and 0 folders.
[2017.07.10-12.16.43:825][983]PIE: Info Play in editor start time for /Game/Ava/Maps/UEDPIE_0_PalaceLevel -0.359
[2017.07.10-12.16.43:826][983]LogBlueprintUserMessages: Late PlayInEditor Detection: Level '/Game/Ava/Maps/PalaceLevel.PalaceLevel:PersistentLevel' has LevelScriptBlueprint '/Game/Ava/Maps/PalaceLevel.PalaceLevel:PersistentLevel.PalaceLevel' with GeneratedClass '/Game/Ava/Maps/PalaceLevel.PalaceLevel_C' with ClassGeneratedBy '/Game/Ava/Maps/PalaceLevel.PalaceLevel:PersistentLevel.PalaceLevel'
[2017.07.10-12.16.54:548][259]LogBlueprintUserMessages: Early EndPlayMap Detection: Level '/Game/Ava/Maps/PalaceLevel.PalaceLevel:PersistentLevel' has LevelScriptBlueprint '/Game/Ava/Maps/PalaceLevel.PalaceLevel:PersistentLevel.PalaceLevel' with GeneratedClass '/Game/Ava/Maps/PalaceLevel.PalaceLevel_C' with ClassGeneratedBy '/Game/Ava/Maps/PalaceLevel.PalaceLevel:PersistentLevel.PalaceLevel'
[2017.07.10-12.16.54:626][259]LogBlueprintUserMessages: Late EndPlayMap Detection: Level '/Game/Ava/Maps/PalaceLevel.PalaceLevel:PersistentLevel' has LevelScriptBlueprint '/Game/Ava/Maps/PalaceLevel.PalaceLevel:PersistentLevel.PalaceLevel' with GeneratedClass '/Game/Ava/Maps/PalaceLevel.PalaceLevel_C' with ClassGeneratedBy '/Game/Ava/Maps/PalaceLevel.PalaceLevel:PersistentLevel.PalaceLevel'
[2017.07.10-12.17.01:566][ 37]LogBlueprintUserMessages: Early PlayInEditor Detection: Level '/Game/Ava/Maps/PalaceLevel.PalaceLevel:PersistentLevel' has LevelScriptBlueprint '/Game/Ava/Maps/PalaceLevel.PalaceLevel:PersistentLevel.PalaceLevel' with GeneratedClass '/Game/Ava/Maps/PalaceLevel.PalaceLevel_C' with ClassGeneratedBy '/Game/Ava/Maps/PalaceLevel.PalaceLevel:PersistentLevel.PalaceLevel'
[2017.07.10-12.17.01:567][ 37]LogPlayLevel: PlayLevel: No blueprints needed recompiling
[2017.07.10-12.17.01:567][ 37]PIE: New page: PIE session: PalaceLevel (Jul 10, 2017, 1:17:01 PM)
[2017.07.10-12.17.01:567][ 37]LogPlayLevel: Creating play world package: /Game/Ava/Maps/UEDPIE_0_PalaceLevel
[2017.07.10-12.17.01:629][ 37]LogPlayLevel: PIE: StaticDuplicateObject took: (0.061948s)
[2017.07.10-12.17.01:629][ 37]LogAIModule: Creating AISystem for world PalaceLevel
[2017.07.10-12.17.01:629][ 37]LogPlayLevel: PIE: World Init took: (0.000665s)
[2017.07.10-12.17.01:630][ 37]LogPlayLevel: PIE: Created PIE world by copying editor world from /Game/Ava/Maps/PalaceLevel.PalaceLevel to /Game/Ava/Maps/UEDPIE_0_PalaceLevel.PalaceLevel (0.062945s)
[2017.07.10-12.17.01:643][ 37]LogInit: XAudio2 using 'BenQ GL2450H-4 (NVIDIA High Definition Audio)' : 2 channels at 48 kHz using 16 bits per sample (channel mask 0x3)
[2017.07.10-12.17.01:658][ 37]LogInit: FAudioDevice initialized.
[2017.07.10-12.17.01:708][ 37]LogWorld: Game class is 'AvaGameMode'
[2017.07.10-12.17.01:749][ 37]LogWorld: Bringing World /Game/Ava/Maps/UEDPIE_0_PalaceLevel.PalaceLevel up for play (max tick rate 0) at 2017.07.10-13.17.01
[2017.07.10-12.17.01:752][ 37]LogWorld: Bringing up level for play took: 0.042933
[2017.07.10-12.17.01:755][ 37]PIE: Info Play in editor start time for /Game/Ava/Maps/UEDPIE_0_PalaceLevel -0.428
[2017.07.10-12.17.01:756][ 37]LogBlueprintUserMessages: Late PlayInEditor Detection: Level '/Game/Ava/Maps/PalaceLevel.PalaceLevel:PersistentLevel' has LevelScriptBlueprint '/Game/Ava/Maps/PalaceLevel.PalaceLevel:PersistentLevel.PalaceLevel' with GeneratedClass '/Game/Ava/Maps/PalaceLevel.PalaceLevel_C' with ClassGeneratedBy '/Game/Ava/Maps/PalaceLevel.PalaceLevel:PersistentLevel.PalaceLevel'
[2017.07.10-12.17.29:118][941]LogBlueprintUserMessages: Early EndPlayMap Detection: Level '/Game/Ava/Maps/PalaceLevel.PalaceLevel:PersistentLevel' has LevelScriptBlueprint '/Game/Ava/Maps/PalaceLevel.PalaceLevel:PersistentLevel.PalaceLevel' with GeneratedClass '/Game/Ava/Maps/PalaceLevel.PalaceLevel_C' with ClassGeneratedBy '/Game/Ava/Maps/PalaceLevel.PalaceLevel:PersistentLevel.PalaceLevel'
[2017.07.10-12.17.29:172][941]LogBlueprintUserMessages: Late EndPlayMap Detection: Level '/Game/Ava/Maps/PalaceLevel.PalaceLevel:PersistentLevel' has LevelScriptBlueprint '/Game/Ava/Maps/PalaceLevel.PalaceLevel:PersistentLevel.PalaceLevel' with GeneratedClass '/Game/Ava/Maps/PalaceLevel.PalaceLevel_C' with ClassGeneratedBy '/Game/Ava/Maps/PalaceLevel.PalaceLevel:PersistentLevel.PalaceLevel'
[2017.07.10-12.17.36:320][763]Cmd: TRANSACTION UNDO
[2017.07.10-12.17.36:321][763]LogEditorTransaction: Undo Move Actors
[2017.07.10-12.18.19:701][692]LogBlueprintUserMessages: Early PlayInEditor Detection: Level '/Game/Ava/Maps/PalaceLevel.PalaceLevel:PersistentLevel' has LevelScriptBlueprint '/Game/Ava/Maps/PalaceLevel.PalaceLevel:PersistentLevel.PalaceLevel' with GeneratedClass '/Game/Ava/Maps/PalaceLevel.PalaceLevel_C' with ClassGeneratedBy '/Game/Ava/Maps/PalaceLevel.PalaceLevel:PersistentLevel.PalaceLevel'
[2017.07.10-12.18.19:701][692]LogPlayLevel: PlayLevel: No blueprints needed recompiling
[2017.07.10-12.18.19:701][692]PIE: New page: PIE session: PalaceLevel (Jul 10, 2017, 1:18:19 PM)
[2017.07.10-12.18.19:701][692]LogPlayLevel: Creating play world package: /Game/Ava/Maps/UEDPIE_0_PalaceLevel
[2017.07.10-12.18.19:765][692]LogPlayLevel: PIE: StaticDuplicateObject took: (0.063517s)
[2017.07.10-12.18.19:765][692]LogAIModule: Creating AISystem for world PalaceLevel
[2017.07.10-12.18.19:766][692]LogPlayLevel: PIE: World Init took: (0.000621s)
[2017.07.10-12.18.19:766][692]LogPlayLevel: PIE: Created PIE world by copying editor world from /Game/Ava/Maps/PalaceLevel.PalaceLevel to /Game/Ava/Maps/UEDPIE_0_PalaceLevel.PalaceLevel (0.064537s)
[2017.07.10-12.18.19:779][692]LogInit: XAudio2 using 'BenQ GL2450H-4 (NVIDIA High Definition Audio)' : 2 channels at 48 kHz using 16 bits per sample (channel mask 0x3)
[2017.07.10-12.18.19:785][692]LogInit: FAudioDevice initialized.
[2017.07.10-12.18.19:834][692]LogWorld: Game class is 'AvaGameMode'
[2017.07.10-12.18.19:874][692]LogWorld: Bringing World /Game/Ava/Maps/UEDPIE_0_PalaceLevel.PalaceLevel up for play (max tick rate 0) at 2017.07.10-13.18.19
[2017.07.10-12.18.19:877][692]LogWorld: Bringing up level for play took: 0.041911
[2017.07.10-12.18.19:879][692]PIE: Info Play in editor start time for /Game/Ava/Maps/UEDPIE_0_PalaceLevel -0.305
[2017.07.10-12.18.19:879][692]LogBlueprintUserMessages: Late PlayInEditor Detection: Level '/Game/Ava/Maps/PalaceLevel.PalaceLevel:PersistentLevel' has LevelScriptBlueprint '/Game/Ava/Maps/PalaceLevel.PalaceLevel:PersistentLevel.PalaceLevel' with GeneratedClass '/Game/Ava/Maps/PalaceLevel.PalaceLevel_C' with ClassGeneratedBy '/Game/Ava/Maps/PalaceLevel.PalaceLevel:PersistentLevel.PalaceLevel'
[2017.07.10-12.18.45:274][733]LogBlueprintUserMessages: Early EndPlayMap Detection: Level '/Game/Ava/Maps/PalaceLevel.PalaceLevel:PersistentLevel' has LevelScriptBlueprint '/Game/Ava/Maps/PalaceLevel.PalaceLevel:PersistentLevel.PalaceLevel' with GeneratedClass '/Game/Ava/Maps/PalaceLevel.PalaceLevel_C' with ClassGeneratedBy '/Game/Ava/Maps/PalaceLevel.PalaceLevel:PersistentLevel.PalaceLevel'
[2017.07.10-12.18.45:327][733]LogBlueprintUserMessages: Late EndPlayMap Detection: Level '/Game/Ava/Maps/PalaceLevel.PalaceLevel:PersistentLevel' has LevelScriptBlueprint '/Game/Ava/Maps/PalaceLevel.PalaceLevel:PersistentLevel.PalaceLevel' with GeneratedClass '/Game/Ava/Maps/PalaceLevel.PalaceLevel_C' with ClassGeneratedBy '/Game/Ava/Maps/PalaceLevel.PalaceLevel:PersistentLevel.PalaceLevel'
[2017.07.10-12.18.46:833][899]LogBlueprintUserMessages: Early PlayInEditor Detection: Level '/Game/Ava/Maps/PalaceLevel.PalaceLevel:PersistentLevel' has LevelScriptBlueprint '/Game/Ava/Maps/PalaceLevel.PalaceLevel:PersistentLevel.PalaceLevel' with GeneratedClass '/Game/Ava/Maps/PalaceLevel.PalaceLevel_C' with ClassGeneratedBy '/Game/Ava/Maps/PalaceLevel.PalaceLevel:PersistentLevel.PalaceLevel'
[2017.07.10-12.18.46:833][899]LogPlayLevel: PlayLevel: No blueprints needed recompiling
[2017.07.10-12.18.46:833][899]PIE: New page: PIE session: PalaceLevel (Jul 10, 2017, 1:18:46 PM)
[2017.07.10-12.18.46:833][899]LogPlayLevel: Creating play world package: /Game/Ava/Maps/UEDPIE_0_PalaceLevel
[2017.07.10-12.18.46:897][899]LogPlayLevel: PIE: StaticDuplicateObject took: (0.063400s)
[2017.07.10-12.18.46:897][899]LogAIModule: Creating AISystem for world PalaceLevel
[2017.07.10-12.18.46:897][899]LogPlayLevel: PIE: World Init took: (0.000600s)
[2017.07.10-12.18.46:898][899]LogPlayLevel: PIE: Created PIE world by copying editor world from /Game/Ava/Maps/PalaceLevel.PalaceLevel to /Game/Ava/Maps/UEDPIE_0_PalaceLevel.PalaceLevel (0.064349s)
[2017.07.10-12.18.46:913][899]LogInit: XAudio2 using 'BenQ GL2450H-4 (NVIDIA High Definition Audio)' : 2 channels at 48 kHz using 16 bits per sample (channel mask 0x3)
[2017.07.10-12.18.46:920][899]LogInit: FAudioDevice initialized.
[2017.07.10-12.18.46:970][899]LogWorld: Game class is 'AvaGameMode'
[2017.07.10-12.18.47:009][899]LogWorld: Bringing World /Game/Ava/Maps/UEDPIE_0_PalaceLevel.PalaceLevel up for play (max tick rate 0) at 2017.07.10-13.18.47
[2017.07.10-12.18.47:011][899]LogWorld: Bringing up level for play took: 0.041126
[2017.07.10-12.18.47:013][899]PIE: Info Play in editor start time for /Game/Ava/Maps/UEDPIE_0_PalaceLevel 0.829
[2017.07.10-12.18.47:013][899]LogBlueprintUserMessages: Late PlayInEditor Detection: Level '/Game/Ava/Maps/PalaceLevel.PalaceLevel:PersistentLevel' has LevelScriptBlueprint '/Game/Ava/Maps/PalaceLevel.PalaceLevel:PersistentLevel.PalaceLevel' with GeneratedClass '/Game/Ava/Maps/PalaceLevel.PalaceLevel_C' with ClassGeneratedBy '/Game/Ava/Maps/PalaceLevel.PalaceLevel:PersistentLevel.PalaceLevel'
[2017.07.10-12.20.18:657][132]LogBlueprintUserMessages: Early EndPlayMap Detection: Level '/Game/Ava/Maps/PalaceLevel.PalaceLevel:PersistentLevel' has LevelScriptBlueprint '/Game/Ava/Maps/PalaceLevel.PalaceLevel:PersistentLevel.PalaceLevel' with GeneratedClass '/Game/Ava/Maps/PalaceLevel.PalaceLevel_C' with ClassGeneratedBy '/Game/Ava/Maps/PalaceLevel.PalaceLevel:PersistentLevel.PalaceLevel'
[2017.07.10-12.20.18:709][132]LogBlueprintUserMessages: Late EndPlayMap Detection: Level '/Game/Ava/Maps/PalaceLevel.PalaceLevel:PersistentLevel' has LevelScriptBlueprint '/Game/Ava/Maps/PalaceLevel.PalaceLevel:PersistentLevel.PalaceLevel' with GeneratedClass '/Game/Ava/Maps/PalaceLevel.PalaceLevel_C' with ClassGeneratedBy '/Game/Ava/Maps/PalaceLevel.PalaceLevel:PersistentLevel.PalaceLevel'
[2017.07.10-12.22.03:909][270]LogBlueprintUserMessages: Early PlayInEditor Detection: Level '/Game/Ava/Maps/PalaceLevel.PalaceLevel:PersistentLevel' has LevelScriptBlueprint '/Game/Ava/Maps/PalaceLevel.PalaceLevel:PersistentLevel.PalaceLevel' with GeneratedClass '/Game/Ava/Maps/PalaceLevel.PalaceLevel_C' with ClassGeneratedBy '/Game/Ava/Maps/PalaceLevel.PalaceLevel:PersistentLevel.PalaceLevel'
[2017.07.10-12.22.03:909][270]LogPlayLevel: PlayLevel: No blueprints needed recompiling
[2017.07.10-12.22.03:909][270]PIE: New page: PIE session: PalaceLevel (Jul 10, 2017, 1:22:03 PM)
[2017.07.10-12.22.03:909][270]LogPlayLevel: Creating play world package: /Game/Ava/Maps/UEDPIE_0_PalaceLevel
[2017.07.10-12.22.03:976][270]LogPlayLevel: PIE: StaticDuplicateObject took: (0.066553s)
[2017.07.10-12.22.03:976][270]LogAIModule: Creating AISystem for world PalaceLevel
[2017.07.10-12.22.03:976][270]LogPlayLevel: PIE: World Init took: (0.000698s)
[2017.07.10-12.22.03:977][270]LogPlayLevel: PIE: Created PIE world by copying editor world from /Game/Ava/Maps/PalaceLevel.PalaceLevel to /Game/Ava/Maps/UEDPIE_0_PalaceLevel.PalaceLevel (0.067626s)
[2017.07.10-12.22.03:990][270]LogInit: XAudio2 using 'BenQ GL2450H-4 (NVIDIA High Definition Audio)' : 2 channels at 48 kHz using 16 bits per sample (channel mask 0x3)
[2017.07.10-12.22.03:996][270]LogInit: FAudioDevice initialized.
[2017.07.10-12.22.04:047][270]LogWorld: Game class is 'AvaGameMode'
[2017.07.10-12.22.04:088][270]LogWorld: Bringing World /Game/Ava/Maps/UEDPIE_0_PalaceLevel.PalaceLevel up for play (max tick rate 0) at 2017.07.10-13.22.04
[2017.07.10-12.22.04:091][270]LogWorld: Bringing up level for play took: 0.043079
[2017.07.10-12.22.04:093][270]PIE: Info Play in editor start time for /Game/Ava/Maps/UEDPIE_0_PalaceLevel -0.091
[2017.07.10-12.22.04:093][270]LogBlueprintUserMessages: Late PlayInEditor Detection: Level '/Game/Ava/Maps/PalaceLevel.PalaceLevel:PersistentLevel' has LevelScriptBlueprint '/Game/Ava/Maps/PalaceLevel.PalaceLevel:PersistentLevel.PalaceLevel' with GeneratedClass '/Game/Ava/Maps/PalaceLevel.PalaceLevel_C' with ClassGeneratedBy '/Game/Ava/Maps/PalaceLevel.PalaceLevel:PersistentLevel.PalaceLevel'
[2017.07.10-12.22.38:143][339]LogBlueprintUserMessages: Early EndPlayMap Detection: Level '/Game/Ava/Maps/PalaceLevel.PalaceLevel:PersistentLevel' has LevelScriptBlueprint '/Game/Ava/Maps/PalaceLevel.PalaceLevel:PersistentLevel.PalaceLevel' with GeneratedClass '/Game/Ava/Maps/PalaceLevel.PalaceLevel_C' with ClassGeneratedBy '/Game/Ava/Maps/PalaceLevel.PalaceLevel:PersistentLevel.PalaceLevel'
[2017.07.10-12.22.38:199][339]LogBlueprintUserMessages: Late EndPlayMap Detection: Level '/Game/Ava/Maps/PalaceLevel.PalaceLevel:PersistentLevel' has LevelScriptBlueprint '/Game/Ava/Maps/PalaceLevel.PalaceLevel:PersistentLevel.PalaceLevel' with GeneratedClass '/Game/Ava/Maps/PalaceLevel.PalaceLevel_C' with ClassGeneratedBy '/Game/Ava/Maps/PalaceLevel.PalaceLevel:PersistentLevel.PalaceLevel'
[2017.07.10-12.24.12:465][140]Cmd: OBJ SAVEPACKAGE PACKAGE="/Game/Ava/Maps/PalaceLevel" FILE="G:/University Work/Masters/MastersProject/MastersProject/Ava/Content/Ava/Maps/PalaceLevel.umap" SILENT=true AUTOSAVING=false KEEPDIRTY=false
[2017.07.10-12.24.14:489][140]LogSavePackage: Save=1552.60ms
[2017.07.10-12.24.14:490][140]LogSavePackage: Moving 'G:/University Work/Masters/MastersProject/MastersProject/Ava/Saved/PalaceLevel604622A64D6498C895529F8BE65C608A.tmp' to 'G:/University Work/Masters/MastersProject/MastersProject/Ava/Content/Ava/Maps/PalaceLevel.umap'
[2017.07.10-12.24.14:504][140]LogSavePackage:Display: Finished SavePackage G:/University Work/Masters/MastersProject/MastersProject/Ava/Content/Ava/Maps/PalaceLevel.umap
[2017.07.10-12.24.14:559][140]LogFileHelpers: Saving map 'PalaceLevel' took 2.167
[2017.07.10-12.24.14:946][141]Cmd: QUIT_EDITOR
[2017.07.10-12.24.15:517][141]LogWindowsTextInputMethodSystem:Display: IME system now deactivated.
[2017.07.10-12.24.15:550][141]LogExit: Preparing to exit.
[2017.07.10-12.24.16:685][141]LogExit: Editor shut down
[2017.07.10-12.24.16:685][141]LogExit: Transaction tracking system shut down
[2017.07.10-12.24.16:887][141]LogObj: Freed 0b from 0 cluster array pools.
[2017.07.10-12.24.16:887][141]LogExit: Object subsystem successfully closed.
[2017.07.10-12.24.16:919][141]LogD3D11RHI: Shutdown
[2017.07.10-12.24.16:919][141]LogD3D11RHI: CleanupD3DDevice
[2017.07.10-12.24.16:977][141]LogD3D11RHI: ~FD3D11DynamicRHI
[2017.07.10-12.24.17:026][141]LogModuleManager: Shutting down and abandoning module MovieSceneCapture (215)
[2017.07.10-12.24.17:026][141]LogModuleManager: Shutting down and abandoning module HierarchicalLODOutliner (214)
[2017.07.10-12.24.17:027][141]LogModuleManager: Shutting down and abandoning module CrashTracker (213)
[2017.07.10-12.24.17:027][141]LogModuleManager: Shutting down and abandoning module SceneOutliner (212)
[2017.07.10-12.24.17:027][141]LogModuleManager: Shutting down and abandoning module WidgetCarousel (211)
[2017.07.10-12.24.17:027][141]LogModuleManager: Shutting down and abandoning module AddContentDialog (210)
[2017.07.10-12.24.17:029][141]LogModuleManager: Shutting down and abandoning module GameplayTags (209)
[2017.07.10-12.24.17:029][141]LogModuleManager: Shutting down and abandoning module EditorWidgets (208)
[2017.07.10-12.24.17:029][141]LogModuleManager: Shutting down and abandoning module CollectionManager (207)
[2017.07.10-12.24.17:030][141]LogModuleManager: Shutting down and abandoning module StatsViewer (206)
[2017.07.10-12.24.17:032][141]LogModuleManager: Shutting down and abandoning module FoliageEdit (205)
[2017.07.10-12.24.17:032][141]LogModuleManager: Shutting down and abandoning module LandscapeEditor (204)
[2017.07.10-12.24.17:034][141]LogModuleManager: Shutting down and abandoning module SceneDepthPickerMode (203)
[2017.07.10-12.24.17:034][141]LogModuleManager: Shutting down and abandoning module ActorPickerMode (202)
[2017.07.10-12.24.17:034][141]LogModuleManager: Shutting down and abandoning module GeometryMode (201)
[2017.07.10-12.24.17:034][141]LogModuleManager: Shutting down and abandoning module TextureAlignMode (200)
[2017.07.10-12.24.17:034][141]LogModuleManager: Shutting down and abandoning module BspMode (199)
[2017.07.10-12.24.17:035][141]LogModuleManager: Shutting down and abandoning module HardwareSurvey (198)
[2017.07.10-12.24.17:035][141]LogModuleManager: Shutting down and abandoning module SequenceRecorderSections (197)
[2017.07.10-12.24.17:035][141]LogModuleManager: Shutting down and abandoning module SequenceRecorder (196)
[2017.07.10-12.24.17:036][141]LogModuleManager: Shutting down and abandoning module AutomationWorker (195)
[2017.07.10-12.24.17:036][141]LogModuleManager: Shutting down and abandoning module MatineeToLevelSequence (194)
[2017.07.10-12.24.17:036][141]LogModuleManager: Shutting down and abandoning module PlacementMode (193)
[2017.07.10-12.24.17:037][141]LogModuleManager: Shutting down and abandoning module LevelSequenceEditor (192)
[2017.07.10-12.24.17:040][141]LogModuleManager: Shutting down and abandoning module CharacterAI (191)
[2017.07.10-12.24.17:040][141]LogModuleManager: Shutting down and abandoning module SmartSnapping (190)
[2017.07.10-12.24.17:040][141]LogModuleManager: Shutting down and abandoning module SessionServices (189)
[2017.07.10-12.24.17:040][141]LogModuleManager: Shutting down and abandoning module ViewportSnapping (188)
[2017.07.10-12.24.17:040][141]LogModuleManager: Shutting down and abandoning module LogVisualizer (187)
[2017.07.10-12.24.17:042][141]LogModuleManager: Shutting down and abandoning module GameProjectGeneration (186)
[2017.07.10-12.24.17:044][141]LogModuleManager: Shutting down and abandoning module IntroTutorials (185)
[2017.07.10-12.24.17:044][141]LogModuleManager: Shutting down and abandoning module EditorLiveStreaming (184)
[2017.07.10-12.24.17:044][141]LogModuleManager: Shutting down and abandoning module IOSPlatformEditor (183)
[2017.07.10-12.24.17:044][141]LogModuleManager: Shutting down and abandoning module HTML5PlatformEditor (182)
[2017.07.10-12.24.17:045][141]LogModuleManager: Shutting down and abandoning module AndroidDeviceDetection (181)
[2017.07.10-12.24.17:587][141]LogModuleManager: Shutting down and abandoning module AndroidPlatformEditor (180)
[2017.07.10-12.24.17:591][141]LogModuleManager: Shutting down and abandoning module IOSRuntimeSettings (179)
[2017.07.10-12.24.17:591][141]LogModuleManager: Shutting down and abandoning module AndroidRuntimeSettings (178)
[2017.07.10-12.24.17:591][141]LogModuleManager: Shutting down and abandoning module MergeActors (177)
[2017.07.10-12.24.17:591][141]LogModuleManager: Shutting down and abandoning module SizeMap (176)
[2017.07.10-12.24.17:591][141]LogModuleManager: Shutting down and abandoning module TreeMap (175)
[2017.07.10-12.24.17:592][141]LogModuleManager: Shutting down and abandoning module ReferenceViewer (174)
[2017.07.10-12.24.17:593][141]LogModuleManager: Shutting down and abandoning module LocalizationService (173)
[2017.07.10-12.24.17:593][141]LogModuleManager: Shutting down and abandoning module LocalizationDashboard (172)
[2017.07.10-12.24.17:594][141]LogModuleManager: Shutting down and abandoning module HardwareTargeting (171)
[2017.07.10-12.24.17:595][141]LogModuleManager: Shutting down and abandoning module DeviceProfileEditor (170)
[2017.07.10-12.24.17:596][141]LogModuleManager: Shutting down and abandoning module UndoHistory (169)
[2017.07.10-12.24.17:596][141]LogModuleManager: Shutting down and abandoning module UserFeedback (168)
[2017.07.10-12.24.17:596][141]LogModuleManager: Shutting down and abandoning module XmlParser (167)
[2017.07.10-12.24.17:597][141]LogModuleManager: Shutting down and abandoning module Blutility (166)
[2017.07.10-12.24.17:597][141]LogModuleManager: Shutting down and abandoning module ProjectTargetPlatformEditor (165)
[2017.07.10-12.24.17:598][141]LogModuleManager: Shutting down and abandoning module ProjectSettingsViewer (164)
[2017.07.10-12.24.17:598][141]LogModuleManager: Shutting down and abandoning module InputBindingEditor (163)
[2017.07.10-12.24.17:599][141]LogModuleManager: Shutting down and abandoning module EditorSettingsViewer (162)
[2017.07.10-12.24.17:599][141]LogModuleManager: Shutting down and abandoning module SettingsEditor (161)
[2017.07.10-12.24.17:600][141]LogModuleManager: Shutting down and abandoning module ProjectLauncher (160)
[2017.07.10-12.24.17:602][141]LogModuleManager: Shutting down and abandoning module SessionFrontend (159)
[2017.07.10-12.24.17:603][141]LogModuleManager: Shutting down and abandoning module ProfilerClient (158)
[2017.07.10-12.24.17:604][141]LogModuleManager: Shutting down and abandoning module TargetDeviceServices (157)
[2017.07.10-12.24.17:604][141]LogModuleManager: Shutting down and abandoning module DeviceManager (156)
[2017.07.10-12.24.17:649][141]LogModuleManager: Shutting down and abandoning module AutomationController (155)
[2017.07.10-12.24.17:650][141]LogModuleManager: Shutting down and abandoning module AutomationWindow (154)
[2017.07.10-12.24.17:652][141]LogModuleManager: Shutting down and abandoning module Layers (153)
[2017.07.10-12.24.17:654][141]LogModuleManager: Shutting down and abandoning module ComponentVisualizers (152)
[2017.07.10-12.24.17:654][141]LogModuleManager: Shutting down and abandoning module DetailCustomizations (151)
[2017.07.10-12.24.17:655][141]LogModuleManager: Shutting down and abandoning module PackagesDialog (150)
[2017.07.10-12.24.17:655][141]LogModuleManager: Shutting down and abandoning module Persona (149)
[2017.07.10-12.24.17:658][141]LogModuleManager: Shutting down and abandoning module Kismet (148)
[2017.07.10-12.24.17:658][141]LogModuleManager: Shutting down and abandoning module GraphEditor (147)
[2017.07.10-12.24.17:661][141]LogModuleManager: Shutting down and abandoning module ClassViewer (146)
[2017.07.10-12.24.17:662][141]LogModuleManager: Shutting down and abandoning module Toolbox (145)
[2017.07.10-12.24.17:662][141]LogModuleManager: Shutting down and abandoning module ModuleUI (144)
[2017.07.10-12.24.17:663][141]LogModuleManager: Shutting down and abandoning module MovieSceneTools (143)
[2017.07.10-12.24.17:664][141]LogModuleManager: Shutting down and abandoning module OutputLog (142)
[2017.07.10-12.24.17:665][141]LogModuleManager: Shutting down and abandoning module GammaUI (141)
[2017.07.10-12.24.17:666][141]LogModuleManager: Shutting down and abandoning module Documentation (140)
[2017.07.10-12.24.17:666][141]LogModuleManager: Shutting down and abandoning module StreamingPauseRendering (139)
[2017.07.10-12.24.17:666][141]LogModuleManager: Shutting down and abandoning module AnalyticsET (138)
[2017.07.10-12.24.17:666][141]LogModuleManager: Shutting down and abandoning module Analytics (137)
[2017.07.10-12.24.17:666][141]LogModuleManager: Shutting down and abandoning module PortalServices (136)
[2017.07.10-12.24.17:666][141]LogModuleManager: Shutting down and abandoning module PortalRpc (135)
[2017.07.10-12.24.17:666][141]LogModuleManager: Shutting down and abandoning module MessagingRpc (134)
[2017.07.10-12.24.17:666][141]LogModuleManager: Shutting down and abandoning module GameplayDebugger (133)
[2017.07.10-12.24.17:666][141]LogModuleManager: Shutting down and abandoning module AITestSuite (132)
[2017.07.10-12.24.17:666][141]LogModuleManager: Shutting down and abandoning module AIModule (131)
[2017.07.10-12.24.17:666][141]LogModuleManager: Shutting down and abandoning module ProfilerService (130)
[2017.07.10-12.24.17:774][141]LogModuleManager: Shutting down and abandoning module TaskGraph (129)
[2017.07.10-12.24.17:776][141]LogModuleManager: Shutting down and abandoning module SlateRemote (128)
[2017.07.10-12.24.17:776][141]LogModuleManager: Shutting down and abandoning module SteamVRController (127)
[2017.07.10-12.24.17:776][141]LogModuleManager: Shutting down and abandoning module SteamVR (126)
[2017.07.10-12.24.17:776][141]LogModuleManager: Shutting down and abandoning module ProceduralMeshComponent (125)
[2017.07.10-12.24.17:776][141]LogModuleManager: Shutting down and abandoning module OculusLibrary (124)
[2017.07.10-12.24.17:776][141]LogModuleManager: Shutting down and abandoning module OculusInput (123)
[2017.07.10-12.24.17:776][141]LogModuleManager: Shutting down and abandoning module CustomMeshComponent (122)
[2017.07.10-12.24.17:776][141]LogModuleManager: Shutting down and abandoning module CableComponent (121)
[2017.07.10-12.24.17:776][141]LogModuleManager: Shutting down and abandoning module ArchVisCharacter (120)
[2017.07.10-12.24.17:776][141]LogModuleManager: Shutting down and abandoning module MediaPlayerEditor (119)
[2017.07.10-12.24.17:778][141]LogModuleManager: Shutting down and abandoning module HTML5Networking (118)
[2017.07.10-12.24.17:778][141]LogModuleManager: Shutting down and abandoning module SuperSearch (117)
[2017.07.10-12.24.17:778][141]LogModuleManager: Shutting down and abandoning module SuperSearchEditor (116)
[2017.07.10-12.24.17:778][141]LogModuleManager: Shutting down and abandoning module SpeedTreeImporter (115)
[2017.07.10-12.24.17:778][141]LogModuleManager: Shutting down and abandoning module PluginBrowser (114)
[2017.07.10-12.24.17:780][141]LogModuleManager: Shutting down and abandoning module EpicSurvey (113)
[2017.07.10-12.24.17:780][141]LogModuleManager: Shutting down and abandoning module DesktopPlatform (112)
[2017.07.10-12.24.17:780][141]LogModuleManager: Shutting down and abandoning module VisualStudioSourceCodeAccess (111)
[2017.07.10-12.24.17:781][141]LogModuleManager: Shutting down and abandoning module UObjectPlugin (110)
[2017.07.10-12.24.17:781][141]LogModuleManager: Shutting down and abandoning module SubversionSourceControl (109)
[2017.07.10-12.24.17:781][141]LogModuleManager: Shutting down and abandoning module PerforceSourceControl (108)
[2017.07.10-12.24.17:784][141]LogModuleManager: Shutting down and abandoning module SourceControl (107)
[2017.07.10-12.24.17:785][141]LogModuleManager: Shutting down and abandoning module GitSourceControl (106)
[2017.07.10-12.24.17:786][141]LogModuleManager: Shutting down and abandoning module LightPropagationVolumeEditor (105)
[2017.07.10-12.24.17:786][141]LogModuleManager: Shutting down and abandoning module PaperTiledImporter (104)
[2017.07.10-12.24.17:787][141]LogModuleManager: Shutting down and abandoning module PaperSpriteSheetImporter (103)
[2017.07.10-12.24.17:787][141]LogModuleManager: Shutting down and abandoning module MeshPaint (102)
[2017.07.10-12.24.17:787][141]LogModuleManager: Shutting down and abandoning module PixelInspectorModule (101)
[2017.07.10-12.24.17:788][141]LogModuleManager: Shutting down and abandoning module HotReload (100)
[2017.07.10-12.24.17:790][141]LogModuleManager: Shutting down and abandoning module MainFrame (99)
[2017.07.10-12.24.17:790][141]LogModuleManager: Shutting down and abandoning module LevelEditor (98)
[2017.07.10-12.24.17:791][141]LogModuleManager: Shutting down and abandoning module ContentBrowser (97)
[2017.07.10-12.24.17:792][141]LogModuleManager: Shutting down and abandoning module Paper2DEditor (96)
[2017.07.10-12.24.17:794][141]LogModuleManager: Shutting down and abandoning module Ava (95)
[2017.07.10-12.24.17:794][141]LogModuleManager: Shutting down and abandoning module UdpMessaging (94)
[2017.07.10-12.24.17:895][141]LogModuleManager: Shutting down and abandoning module LightPropagationVolumeRuntime (93)
[2017.07.10-12.24.17:895][141]LogModuleManager: Shutting down and abandoning module Paper2D (92)
[2017.07.10-12.24.17:895][141]LogModuleManager: Shutting down and abandoning module WindowsMoviePlayer (91)
[2017.07.10-12.24.17:895][141]LogModuleManager: Shutting down and abandoning module Media (90)
[2017.07.10-12.24.17:895][141]LogModuleManager: Shutting down and abandoning module WmfMedia (89)
[2017.07.10-12.24.17:896][141]LogModuleManager: Shutting down and abandoning module MediaAssets (88)
[2017.07.10-12.24.17:896][141]LogModuleManager: Shutting down and abandoning module GameLiveStreaming (87)
[2017.07.10-12.24.17:896][141]LogModuleManager: Shutting down and abandoning module GameplayTagsEditor (86)
[2017.07.10-12.24.17:896][141]LogModuleManager: Shutting down and abandoning module OnlineBlueprintSupport (85)
[2017.07.10-12.24.17:896][141]LogModuleManager: Shutting down and abandoning module VREditor (84)
[2017.07.10-12.24.17:897][141]LogModuleManager: Shutting down and abandoning module GameplayTasksEditor (83)
[2017.07.10-12.24.17:897][141]LogModuleManager: Shutting down and abandoning module PropertyEditor (82)
[2017.07.10-12.24.17:897][141]LogModuleManager: Shutting down and abandoning module BehaviorTreeEditor (81)
[2017.07.10-12.24.17:899][141]LogModuleManager: Shutting down and abandoning module FunctionalTesting (80)
[2017.07.10-12.24.17:899][141]LogModuleManager: Shutting down and abandoning module CollisionAnalyzer (79)
[2017.07.10-12.24.17:900][141]LogModuleManager: Shutting down and abandoning module Sequencer (78)
[2017.07.10-12.24.17:902][141]LogModuleManager: Shutting down and abandoning module WorkspaceMenuStructure (77)
[2017.07.10-12.24.17:902][141]LogModuleManager: Shutting down and abandoning module MessageLog (76)
[2017.07.10-12.24.17:903][141]LogModuleManager: Shutting down and abandoning module AssetTools (75)
[2017.07.10-12.24.17:906][141]LogModuleManager: Shutting down and abandoning module UMGEditor (74)
[2017.07.10-12.24.17:908][141]LogModuleManager: Shutting down and abandoning module UMG (73)
[2017.07.10-12.24.17:908][141]LogModuleManager: Shutting down and abandoning module SlateReflector (72)
[2017.07.10-12.24.17:911][141]LogModuleManager: Shutting down and abandoning module Slate (71)
[2017.07.10-12.24.17:911][141]LogModuleManager: Shutting down and abandoning module EditorStyle (70)
[2017.07.10-12.24.17:913][141]LogModuleManager: Shutting down and abandoning module SourceCodeAccess (69)
[2017.07.10-12.24.17:913][141]LogModuleManager: Shutting down and abandoning module HeadMountedDisplay (68)
[2017.07.10-12.24.17:913][141]LogModuleManager: Shutting down and abandoning module XAudio2 (67)
[2017.07.10-12.24.17:913][141]LogModuleManager: Shutting down and abandoning module Networking (65)
[2017.07.10-12.24.17:913][141]LogModuleManager: Shutting down and abandoning module Core (64)
[2017.07.10-12.24.17:913][141]LogModuleManager: Shutting down and abandoning module DirectoryWatcher (63)
[2017.07.10-12.24.17:914][141]LogModuleManager: Shutting down and abandoning module AssetRegistry (62)
[2017.07.10-12.24.18:166][141]LogModuleManager: Shutting down and abandoning module KismetCompiler (61)
[2017.07.10-12.24.18:166][141]LogModuleManager: Shutting down and abandoning module PhysXFormats (60)
[2017.07.10-12.24.18:169][141]LogModuleManager: Shutting down and abandoning module MeshUtilities (59)
[2017.07.10-12.24.18:171][141]LogModuleManager: Shutting down and abandoning module DerivedDataCache (58)
[2017.07.10-12.24.18:194][141]LogDerivedDataCache: Shutdown
[2017.07.10-12.24.18:194][141]LogModuleManager: Shutting down and abandoning module VulkanShaderFormat (57)
[2017.07.10-12.24.18:195][141]LogModuleManager: Shutting down and abandoning module ShaderFormatOpenGL (56)
[2017.07.10-12.24.18:196][141]LogModuleManager: Shutting down and abandoning module ShaderFormatD3D (55)
[2017.07.10-12.24.18:196][141]LogModuleManager: Shutting down and abandoning module MetalShaderFormat (54)
[2017.07.10-12.24.18:196][141]LogModuleManager: Shutting down and abandoning module TextureFormatUncompressed (53)
[2017.07.10-12.24.18:196][141]LogModuleManager: Shutting down and abandoning module TextureFormatPVR (52)
[2017.07.10-12.24.18:196][141]LogModuleManager: Shutting down and abandoning module TextureFormatIntelISPCTexComp (51)
[2017.07.10-12.24.18:196][141]LogModuleManager: Shutting down and abandoning module TextureFormatDXT (50)
[2017.07.10-12.24.18:196][141]LogModuleManager: Shutting down and abandoning module ImageWrapper (49)
[2017.07.10-12.24.18:196][141]LogModuleManager: Shutting down and abandoning module TextureFormatASTC (48)
[2017.07.10-12.24.18:196][141]LogModuleManager: Shutting down and abandoning module TextureFormatAndroid (47)
[2017.07.10-12.24.18:196][141]LogModuleManager: Shutting down and abandoning module AudioFormatOpus (46)
[2017.07.10-12.24.18:197][141]LogModuleManager: Shutting down and abandoning module AudioFormatOgg (45)
[2017.07.10-12.24.18:197][141]LogModuleManager: Shutting down and abandoning module AudioFormatADPCM (44)
[2017.07.10-12.24.18:197][141]LogModuleManager: Shutting down and abandoning module LinuxTargetPlatform (43)
[2017.07.10-12.24.18:197][141]LogModuleManager: Shutting down and abandoning module LinuxServerTargetPlatform (42)
[2017.07.10-12.24.18:197][141]LogModuleManager: Shutting down and abandoning module LinuxNoEditorTargetPlatform (41)
[2017.07.10-12.24.18:197][141]LogModuleManager: Shutting down and abandoning module TVOSTargetPlatform (40)
[2017.07.10-12.24.18:197][141]LogModuleManager: Shutting down and abandoning module Messaging (39)
[2017.07.10-12.24.18:197][141]LogModuleManager: Shutting down and abandoning module IOSTargetPlatform (38)
[2017.07.10-12.24.18:197][141]LogModuleManager: Shutting down and abandoning module HTML5TargetPlatform (37)
[2017.07.10-12.24.18:197][141]LogModuleManager: Shutting down and abandoning module Android_PVRTCTargetPlatform (36)
[2017.07.10-12.24.18:197][141]LogModuleManager: Shutting down and abandoning module Android_MultiTargetPlatform (35)
[2017.07.10-12.24.18:197][141]LogModuleManager: Shutting down and abandoning module Android_ETC2TargetPlatform (34)
[2017.07.10-12.24.18:197][141]LogModuleManager: Shutting down and abandoning module Android_ETC1TargetPlatform (33)
[2017.07.10-12.24.18:197][141]LogModuleManager: Shutting down and abandoning module Android_DXTTargetPlatform (32)
[2017.07.10-12.24.18:197][141]LogModuleManager: Shutting down and abandoning module Android_ATCTargetPlatform (31)
[2017.07.10-12.24.18:197][141]LogModuleManager: Shutting down and abandoning module Android_ASTCTargetPlatform (30)
[2017.07.10-12.24.18:198][141]LogModuleManager: Shutting down and abandoning module AndroidTargetPlatform (29)
[2017.07.10-12.24.18:198][141]LogModuleManager: Shutting down and abandoning module WindowsTargetPlatform (28)
[2017.07.10-12.24.18:198][141]LogModuleManager: Shutting down and abandoning module WindowsServerTargetPlatform (27)
[2017.07.10-12.24.18:198][141]LogModuleManager: Shutting down and abandoning module WindowsNoEditorTargetPlatform (26)
[2017.07.10-12.24.18:198][141]LogModuleManager: Shutting down and abandoning module WindowsClientTargetPlatform (25)
[2017.07.10-12.24.18:198][141]LogModuleManager: Shutting down and abandoning module AllDesktopTargetPlatform (24)
[2017.07.10-12.24.18:198][141]LogModuleManager: Shutting down and abandoning module TargetPlatform (23)
[2017.07.10-12.24.18:198][141]LogModuleManager: Shutting down and abandoning module InputCore (22)
[2017.07.10-12.24.18:198][141]LogModuleManager: Shutting down and abandoning module Settings (21)
[2017.07.10-12.24.18:198][141]LogModuleManager: Shutting down and abandoning module OnlineSubsystem (19)
[2017.07.10-12.24.18:198][141]LogModuleManager: Shutting down and abandoning module HTTP (18)
[2017.07.10-12.24.22:208][141]LogModuleManager: Shutting down and abandoning module XMPP (17)
[2017.07.10-12.24.22:210][141]LogModuleManager: Shutting down and abandoning module OculusRift (16)
[2017.07.10-12.24.22:211][141]LogModuleManager: Shutting down and abandoning module ExampleDeviceProfileSelector (15)
[2017.07.10-12.24.22:211][141]LogModuleManager: Shutting down and abandoning module TextureCompressor (14)
[2017.07.10-12.24.22:212][141]LogModuleManager: Shutting down and abandoning module ShaderCore (13)
[2017.07.10-12.24.22:212][141]LogModuleManager: Shutting down and abandoning module Landscape (12)
[2017.07.10-12.24.22:212][141]LogModuleManager: Shutting down and abandoning module SlateRHIRenderer (11)
[2017.07.10-12.24.22:214][141]LogModuleManager: Shutting down and abandoning module OpenGLDrv (10)
[2017.07.10-12.24.22:214][141]LogModuleManager: Shutting down and abandoning module D3D11RHI (9)
[2017.07.10-12.24.22:214][141]LogModuleManager: Shutting down and abandoning module AnimGraphRuntime (8)
[2017.07.10-12.24.22:214][141]LogModuleManager: Shutting down and abandoning module Renderer (7)
[2017.07.10-12.24.22:214][141]LogModuleManager: Shutting down and abandoning module Engine (6)
[2017.07.10-12.24.22:214][141]LogModuleManager: Shutting down and abandoning module CoreUObject (5)
[2017.07.10-12.24.22:214][141]LogModuleManager: Shutting down and abandoning module NetworkFile (4)
[2017.07.10-12.24.22:215][141]LogModuleManager: Shutting down and abandoning module StreamingFile (3)
[2017.07.10-12.24.22:215][141]LogModuleManager: Shutting down and abandoning module SandboxFile (2)
[2017.07.10-12.24.22:215][141]LogModuleManager: Shutting down and abandoning module PakFile (1)
[2017.07.10-12.24.22:219][141]LogExit: Exiting.
[2017.07.10-12.24.22:221][141]Log file closed, 07/10/17 13:24:22
