Log file open, 07/14/17 15:33:49
LogInit:Display: Running engine for game: Ava
LogPlatformFile: Not using cached read wrapper
LogInit:Display: RandInit(106354264) SRandInit(106354266).
LogTaskGraph: Started task graph with 4 named threads and 9 total threads with 1 sets of task threads.
LogStats: Stats thread started at 0.103967
LogInit: Version: 4.12.5-3039270+++UE4+Release-4.12
LogInit: API Version: 2992821
LogInit: Net Version: 3039270
LogDevObjectVersion: Number of dev versions registered: 13
LogDevObjectVersion:   Dev-Blueprints (B0D832E4-1F89-4F0D-ACCF-7EB736FD4AA2): 3
LogDevObjectVersion:   Dev-Build (E1C64328-A22C-4D53-A36C-8E866417BD8C): 0
LogDevObjectVersion:   Dev-Core (375EC13C-06E4-48FB-B500-84F0262A717E): 1
LogDevObjectVersion:   Dev-Editor (E4B068ED-F494-42E9-A231-DA0B2E46BB41): 2
LogDevObjectVersion:   Dev-Framework (CFFC743F-43B0-4480-9391-14DF171D2073): 6
LogDevObjectVersion:   Dev-Mobile (B02B49B5-BB20-44E9-A304-32B752E40360): 0
LogDevObjectVersion:   Dev-Networking (A4E4105C-59A1-49B5-A7C5-40C4547EDFEE): 0
LogDevObjectVersion:   Dev-Online (39C831C9-5AE6-47DC-9A44-9C173E1C8E7C): 0
LogDevObjectVersion:   Dev-Physics (78F01B33-EBEA-4F98-B9B4-84EACCB95AA2): 0
LogDevObjectVersion:   Dev-Platform (6631380F-2D4D-43E0-8009-CF276956A95A): 0
LogDevObjectVersion:   Dev-Rendering (12F88B9F-8875-4AFC-A67C-D90C383ABD29): 2
LogDevObjectVersion:   Dev-Sequencer (7B5AE74C-D270-4C10-A958-57980B212A5A): 0
LogDevObjectVersion:   Dev-VR (D7296918-1DD6-4BDD-9DE2-64A83CC13884): 0
LogInit: Compiled (64-bit): Jul  6 2016 09:09:46
LogInit: Compiled with Visual C++: 19.00.23026.00
LogInit: Build Configuration: Development
LogInit: Branch Name: ++UE4+Release-4.12
LogInit: Command line:  
LogInit: Base directory: C:/Program Files/Epic Games/4.12/Engine/Binaries/Win64/
LogInit: Installed Engine Build: 1
LogInit: Using libcurl 7.41.0
LogInit:  - built for x86_64-pc-win32
LogInit:  - supports SSL with WinSSL
LogInit:  - other features:
LogInit:      CURL_VERSION_SSL
LogInit:      CURL_VERSION_IPV6
LogInit:      CURL_VERSION_ASYNCHDNS
LogInit:      CURL_VERSION_LARGEFILE
LogInit:      CURL_VERSION_IDN
LogInit:  CurlRequestOptions (configurable via config and command line):
LogInit:  - bVerifyPeer = true  - Libcurl will verify peer certificate
LogInit:  - bUseHttpProxy = false  - Libcurl will NOT use HTTP proxy
LogInit:  - bDontReuseConnections = false  - Libcurl will reuse connections
LogInit:  - CertBundlePath = nullptr  - Libcurl will use whatever was configured at build time.
LogInit: Presizing for max 8388607 objects, including 0 objects not considered by GC, pre-allocating 0 bytes for permanent pool.
LogInit: Object subsystem initialized
[2017.07.14-14.33.50:074][  0]LogInit: Selected Device Profile: [Windows]
[2017.07.14-14.33.50:074][  0]LogInit: Applying CVar settings loaded from the selected device profile: [Windows]
[2017.07.14-14.33.50:090][  0]LogInit: Computer: PC42640
[2017.07.14-14.33.50:090][  0]LogInit: User: i7230020
[2017.07.14-14.33.50:090][  0]LogInit: CPU Page size=65536, Cores=6
[2017.07.14-14.33.50:090][  0]LogInit: High frequency timer resolution =3.410097 MHz
[2017.07.14-14.33.50:090][  0]LogMemory: Memory total: Physical=31.9GB (32GB approx)
[2017.07.14-14.33.50:090][  0]LogMemory: Platform Memory Stats for Windows
[2017.07.14-14.33.50:090][  0]LogMemory: Process Physical Memory: 196.14 MB used, 196.14 MB peak
[2017.07.14-14.33.50:090][  0]LogMemory: Process Virtual Memory: 199.07 MB used, 199.07 MB peak
[2017.07.14-14.33.50:090][  0]LogMemory: Physical Memory: 11537.93 MB used, 32684.15 MB total
[2017.07.14-14.33.50:090][  0]LogMemory: Virtual Memory: 539.58 MB used, 8388608.00 MB total
[2017.07.14-14.33.50:196][  0]LogTextLocalizationManager: No specific translations for ('en-GB') exist, so ('en') translations will be used.
[2017.07.14-14.33.50:603][  0]LogD3D11RHI: D3D11 adapters:
[2017.07.14-14.33.50:640][  0]LogD3D11RHI:    0. 'NVIDIA Quadro M4000' (Feature Level 11_0)
[2017.07.14-14.33.50:640][  0]LogD3D11RHI:       8092/0/16086 MB DedicatedVideo/DedicatedSystem/SharedSystem, Outputs:1, VendorId:0x10de
[2017.07.14-14.33.50:640][  0]LogD3D11RHI: Chosen D3D11 Adapter: 0
[2017.07.14-14.33.50:651][  0]LogD3D11RHI: Creating new Direct3DDevice
[2017.07.14-14.33.50:652][  0]LogD3D11RHI:     GPU DeviceId: 0x13f1 (for the marketing name, search the web for "GPU Device Id")
[2017.07.14-14.33.50:652][  0]LogWindows: EnumDisplayDevices:
[2017.07.14-14.33.50:652][  0]LogWindows:    0. 'NVIDIA Quadro M4000' (P:1 D:1)
[2017.07.14-14.33.50:653][  0]LogWindows:    1. 'NVIDIA Quadro M4000' (P:0 D:0)
[2017.07.14-14.33.50:654][  0]LogWindows:    2. 'NVIDIA Quadro M4000' (P:0 D:0)
[2017.07.14-14.33.50:655][  0]LogWindows:    3. 'NVIDIA Quadro M4000' (P:0 D:0)
[2017.07.14-14.33.50:656][  0]LogWindows:    4. 'RDPDD Chained DD' (P:0 D:0)
[2017.07.14-14.33.50:656][  0]LogWindows:    5. 'RDP Encoder Mirror Driver' (P:0 D:0)
[2017.07.14-14.33.50:657][  0]LogWindows:    6. 'RDP Reflector Display Driver' (P:0 D:0)
[2017.07.14-14.33.50:657][  0]LogWindows: DebugString: GetVideoDriverDetailsInvalid PrimaryIsNotTheChoosenAdapter GetVideoDriverDetailsInvalid PrimaryIsNotTheChoosenAdapter GetVideoDriverDetailsInvalid PrimaryIsNotTheChoosenAdapter FoundDriverCount:4 
[2017.07.14-14.33.50:657][  0]LogD3D11RHI:     Adapter Name: NVIDIA Quadro M4000
[2017.07.14-14.33.50:657][  0]LogD3D11RHI:   Driver Version: 362.13 (internal:10.18.13.6213, unified:362.13)
[2017.07.14-14.33.50:657][  0]LogD3D11RHI:      Driver Date: 3-18-2016
[2017.07.14-14.33.50:657][  0]LogRHI: Texture pool is 1361 MB (70% of 1945 MB)
[2017.07.14-14.33.50:675][  0]LogD3D11RHI: Async texture creation enabled
[2017.07.14-14.33.50:693][  0]LogD3D11RHI: GPU Timing Frequency: 1000.000000 (Debug: 2 2)
[2017.07.14-14.33.50:693][  0]LogShaderCompilers: Guid format shader working directory is -8 characters bigger than the processId version (W:/University Work/Masters/MastersProject/MastersProject/Ava/Intermediate/Shaders/WorkingDirectory/37712/).
[2017.07.14-14.33.50:694][  0]LogShaderCompilers: Cleaned the shader compiler working directory 'C:/Users/I72300~1.000/AppData/Local/Temp/UnrealShaderWorkingDir/FE9B7AC14F11DC327D5F30992033E4A5/'.
[2017.07.14-14.33.50:694][  0]LogShaderCompilers:Display: Using Local Shader Compiler.
[2017.07.14-14.33.51:840][  0]LogTemp:Display: Loaded TP AllDesktopTargetPlatform
[2017.07.14-14.33.51:852][  0]LogTemp:Display: Loaded TP WindowsClientTargetPlatform
[2017.07.14-14.33.51:862][  0]LogTemp:Display: Loaded TP WindowsNoEditorTargetPlatform
[2017.07.14-14.33.51:870][  0]LogTemp:Display: Loaded TP WindowsServerTargetPlatform
[2017.07.14-14.33.51:878][  0]LogTemp:Display: Loaded TP WindowsTargetPlatform
[2017.07.14-14.33.51:886][  0]LogTemp:Display: Loaded TP AndroidTargetPlatform
[2017.07.14-14.33.51:893][  0]LogTemp:Display: Loaded TP Android_ASTCTargetPlatform
[2017.07.14-14.33.51:900][  0]LogTemp:Display: Loaded TP Android_ATCTargetPlatform
[2017.07.14-14.33.51:907][  0]LogTemp:Display: Loaded TP Android_DXTTargetPlatform
[2017.07.14-14.33.51:914][  0]LogTemp:Display: Loaded TP Android_ETC1TargetPlatform
[2017.07.14-14.33.51:922][  0]LogTemp:Display: Loaded TP Android_ETC2TargetPlatform
[2017.07.14-14.33.51:936][  0]LogTemp:Display: Loaded TP Android_MultiTargetPlatform
[2017.07.14-14.33.51:936][  0]LogTemp:Display: Loaded TP Android_PVRTCTargetPlatform
[2017.07.14-14.33.51:938][  0]LogTemp:Display: Loaded TP HTML5TargetPlatform
[2017.07.14-14.33.51:958][  0]LogTemp:Display: Loaded TP IOSTargetPlatform
[2017.07.14-14.33.51:965][  0]LogTemp:Display: Loaded TP TVOSTargetPlatform
[2017.07.14-14.33.51:972][  0]LogTemp:Display: Loaded TP LinuxNoEditorTargetPlatform
[2017.07.14-14.33.51:979][  0]LogTemp:Display: Loaded TP LinuxServerTargetPlatform
[2017.07.14-14.33.51:986][  0]LogTemp:Display: Loaded TP LinuxTargetPlatform
[2017.07.14-14.33.51:986][  0]LogTargetPlatformManager:Display: Building Assets For Windows
[2017.07.14-14.33.52:075][  0]LogDerivedDataCache:Display: Max Cache Size: 512 MB
[2017.07.14-14.33.52:122][  0]LogDerivedDataCache: Loaded boot cache 0.05s 49MB C:/Users/i7230020.STUDENT.000/AppData/Local/UnrealEngine/4.12/DerivedDataCache/Boot.ddc.
[2017.07.14-14.33.52:122][  0]LogDerivedDataCache:Display: Loaded Boot cache: C:/Users/i7230020.STUDENT.000/AppData/Local/UnrealEngine/4.12/DerivedDataCache/Boot.ddc
[2017.07.14-14.33.52:122][  0]LogDerivedDataCache: FDerivedDataBackendGraph:  Pak pak cache file W:/University Work/Masters/MastersProject/MastersProject/Ava/DerivedDataCache/DDC.ddp not found, will not use a pak cache.
[2017.07.14-14.33.52:122][  0]LogDerivedDataCache: Unable to find inner node Pak for hierarchical cache Hierarchy.
[2017.07.14-14.33.52:122][  0]LogDerivedDataCache: FDerivedDataBackendGraph:  CompressedPak pak cache file W:/University Work/Masters/MastersProject/MastersProject/Ava/DerivedDataCache/Compressed.ddp not found, will not use a pak cache.
[2017.07.14-14.33.52:122][  0]LogDerivedDataCache: Unable to find inner node CompressedPak for hierarchical cache Hierarchy.
[2017.07.14-14.33.52:137][  0]LogDerivedDataCache:Display: Pak cache opened for reading ../../../Engine/DerivedDataCache/Compressed.ddp.
[2017.07.14-14.33.52:150][  0]LogDerivedDataCache: Using Local data cache path C:/Users/i7230020.STUDENT.000/AppData/Local/UnrealEngine/Common/DerivedDataCache: Writable
[2017.07.14-14.33.52:368][  0]LogInit: Selected Device Profile: [Windows]
[2017.07.14-14.33.52:369][  0]LogContentStreaming: Texture pool size is 0.00 MB
[2017.07.14-14.33.52:531][  0]LogMeshUtilities: No automatic mesh reduction module available
[2017.07.14-14.33.52:531][  0]LogMeshUtilities: No automatic mesh merging module available
[2017.07.14-14.33.52:531][  0]LogMeshUtilities: No distributed automatic mesh merging module available
[2017.07.14-14.33.52:840][  0]LogAssetRegistry: FAssetRegistry took 0.0206 seconds to start up
[2017.07.14-14.33.52:909][  0]LogPackageLocalizationCache: Processed 4 localized package path(s) for 2 prioritized culture(s) in 0.065751 seconds
[2017.07.14-14.33.52:913][  0]LogUObjectArray: 28739 objects as part of root set at end of initial load.
[2017.07.14-14.33.52:913][  0]LogUObjectAllocator: 5855632 out of 0 bytes used by permanent object pool.
[2017.07.14-14.33.52:913][  0]LogUObjectArray: CloseDisregardForGC: 0/0 objects in disregard for GC pool
[2017.07.14-14.33.52:920][  0]LogInit: WinSock: version 1.1 (2.2), MaxSocks=32767, MaxUdp=65467
[2017.07.14-14.33.53:103][  0]LogSlate: SlateFontCache - WITH_FREETYPE: 1, WITH_HARFBUZZ: 1
[2017.07.14-14.33.53:103][  0]LogSlate: SlateFontCache - WITH_FREETYPE: 1, WITH_HARFBUZZ: 1
[2017.07.14-14.33.53:938][  0]LogUdpMessaging: Initializing bridge on interface 0.0.0.0:0 to multicast group 230.0.0.1:6666.
[2017.07.14-14.33.54:026][  0]LogStats: FPlatformStackWalk::StackWalkAndDump -  0.020 s
[2017.07.14-14.33.54:026][  0]LogOutputDevice:Warning: === Handled error: ===

Ensure condition failed: !AttachmentRules.bWeldSimulatedBodies [File:D:\Build\++UE4+Release-4.12+Compile\Sync\Engine\Source\Runtime\Engine\Private\Components\SceneComponent.cpp] [Line: 1481]
AttachToComponent when called from a constructor cannot weld simulated bodies. Consider calling SetupAttachment directly instead.
Stack: 
UE4Editor-Core.dll
UE4Editor-Core.dll
UE4Editor-Core.dll
UE4Editor-Engine.dll
UE4Editor-Ava.dll
UE4Editor-CoreUObject.dll
UE4Editor-CoreUObject.dll
UE4Editor-CoreUObject.dll
UE4Editor-CoreUObject.dll
UE4Editor-Core.dll
UE4Editor-Core.dll
UE4Editor-Projects.dll
UE4Editor-Projects.dll
UE4Editor.exe
UE4Editor.exe
UE4Editor.exe
UE4Editor.exe
UE4Editor.exe
UE4Editor.exe
kernel32.dll
ntdll.dll
ntdll.dll

[2017.07.14-14.33.54:027][  0]LogStats:                SubmitErrorReport -  0.000 s
[2017.07.14-14.33.54:427][  0]LogStats:                    SendNewReport -  0.401 s
[2017.07.14-14.33.54:427][  0]LogStats:             FDebug::EnsureFailed -  0.420 s
[2017.07.14-14.33.54:621][  0]SourceControl: Info Source control is disabled
[2017.07.14-14.33.54:624][  0]SourceControl: Info Source control is disabled
[2017.07.14-14.33.54:635][  0]SourceControl: Info Source control is disabled
[2017.07.14-14.33.54:646][  0]SourceControl: Info Source control is disabled
[2017.07.14-14.33.54:797][  0]LogHoudiniEngine: Starting the Houdini Engine module.
[2017.07.14-14.33.54:798][  0]LogHoudiniEngine: Loaded libHAPIL.dll from Registry path C:\Program Files\Side Effects Software\Houdini 15.5.632/bin
[2017.07.14-14.33.54:799][  0]LogLinker:Warning: Asset '../../../Engine/Plugins/Runtime/HoudiniEngine/Content/houdini_logo.uasset' has been saved with empty engine version. The asset will be loaded but may be incompatible.
[2017.07.14-14.33.54:800][  0]LogLinker:Warning: Asset '../../../Engine/Plugins/Runtime/HoudiniEngine/Content/houdini_default_material.uasset' has been saved with empty engine version. The asset will be loaded but may be incompatible.
[2017.07.14-14.33.54:804][  0]LogLinker:Warning: Asset '../../../Engine/Plugins/Runtime/HoudiniEngine/Content/houdini_bgeo_import.uasset' has been saved with empty engine version. The asset will be loaded but may be incompatible.
[2017.07.14-14.33.55:822][  0]LogHoudiniEngine: Successfully initialized the Houdini Engine API module.
[2017.07.14-14.33.55:962][  0]LogEngine: Initializing Engine...
[2017.07.14-14.33.55:963][  0]LogHMD: SteamVR failed to initialize.  Err: 110
[2017.07.14-14.33.55:964][  0]LogHMD: SteamVR failed to initialize.  Err: 110
[2017.07.14-14.33.56:089][  0]LogAIModule: Creating AISystem for world NewWorld
[2017.07.14-14.33.56:096][  0]LogInit: XAudio2 using 'Speakers (Realtek High Definition Audio)' : 2 channels at 48 kHz using 32 bits per sample (channel mask 0x3)
[2017.07.14-14.33.56:114][  0]LogInit: FAudioDevice initialized.
[2017.07.14-14.33.56:154][  0]LogDerivedDataCache: Saved boot cache 0.04s 49MB C:/Users/i7230020.STUDENT.000/AppData/Local/UnrealEngine/4.12/DerivedDataCache/Boot.ddc.
[2017.07.14-14.33.56:159][  0]LogInit: Texture streaming: Enabled
[2017.07.14-14.33.56:182][  0]LogInit: Transaction tracking system initialized
[2017.07.14-14.33.56:211][  0]BlueprintLog: New page: Editor Load
[2017.07.14-14.33.56:289][  0]LocalizationService: Info Localization service is disabled
[2017.07.14-14.33.56:364][  0]LogConsoleResponse:Display: 
[2017.07.14-14.33.56:500][  0]LogCook:Display: Max memory allowance for cook 8192mb
[2017.07.14-14.33.56:500][  0]LogCook:Display: Mobile HDR setting 1
[2017.07.14-14.33.56:580][  0]LogFileCache: Scanning file cache for directory 'W:/University Work/Masters/MastersProject/MastersProject/Ava/Content/' took 0.02s
[2017.07.14-14.33.56:580][  0]LogHoudiniEngineEditor: Starting the Houdini Engine Editor module.
[2017.07.14-14.33.56:622][  0]SourceControl: Info Source control is disabled
[2017.07.14-14.33.56:622][  0]Cmd: MAP LOAD FILE="W:/University Work/Masters/MastersProject/MastersProject/Ava/Content/Ava/Maps/PalaceLevel.umap" TEMPLATE=0 SHOWPROGRESS=1 FEATURELEVEL=3
[2017.07.14-14.33.56:623][  0]LightingResults: New page: Lighting Build
[2017.07.14-14.33.56:625][  0]MapCheck: New page: Map Check
[2017.07.14-14.33.56:626][  0]LightingResults: New page: Lighting Build
[2017.07.14-14.33.56:703][  0]LogBlueprint:Warning: Compiler Warning InputAction Event references unknown Action 'Crouch' for  InputAction Crouch 
[2017.07.14-14.33.56:705][  0]LogBlueprint:Warning: Compiler Warning [0011.54] Compile of Ue4ASP_Character successful, but with 1 Warning(s) [in 7 ms] (/Game/AnimStarterPack/Ue4ASP_Character.Ue4ASP_Character)
[2017.07.14-14.33.56:705][  0]LogBlueprint:Warning: Compiler Warning [0011.54] Compile of Ue4ASP_Character successful, but with 2 Warning(s) [in 0 ms] (/Game/AnimStarterPack/Ue4ASP_Character.Ue4ASP_Character)
[2017.07.14-14.33.56:705][  0]LogBlueprint:Warning: Compiler Warning [0011.54] Compile of Ue4ASP_Character successful, but with 3 Warning(s) [in 0 ms] (/Game/AnimStarterPack/Ue4ASP_Character.Ue4ASP_Character)
[2017.07.14-14.33.56:778][  0]LogBlueprint:Warning: Compiler Warning InputAction Event references unknown Action 'Crouch' for  InputAction Crouch 
[2017.07.14-14.33.56:780][  0]LogBlueprint:Warning: Compiler Warning [0011.62] Compile of Ue4ASP_Character successful, but with 1 Warning(s) [in 8 ms] (/Game/AnimStarterPack/Ue4ASP_Character.Ue4ASP_Character)
[2017.07.14-14.33.56:780][  0]LogBlueprint:Warning: Compiler Warning [0011.62] Compile of Ue4ASP_Character successful, but with 2 Warning(s) [in 0 ms] (/Game/AnimStarterPack/Ue4ASP_Character.Ue4ASP_Character)
[2017.07.14-14.33.56:781][  0]LogBlueprint:Warning: Compiler Warning [0011.62] Compile of Ue4ASP_Character successful, but with 3 Warning(s) [in 0 ms] (/Game/AnimStarterPack/Ue4ASP_Character.Ue4ASP_Character)
[2017.07.14-14.33.58:726][  0]LogMaterial: Missing cached shader map for material M_Basic_Wall, compiling. 
[2017.07.14-14.33.58:726][  0]LogMaterial:Warning: Failed to compile Material /Game/StarterContent/Materials/M_Basic_Wall.M_Basic_Wall for platform PCD3D_SM5, Default Material will be used in game.
[2017.07.14-14.33.58:726][  0]LogMaterial:Warning: 	(Node TextureSample) TextureSample> Missing input texture
[2017.07.14-14.33.58:740][  0]LogAIModule: Creating AISystem for world PalaceLevel
[2017.07.14-14.33.58:778][  0]LogEditorServer: Finished looking for orphan Actors (0.000 secs)
[2017.07.14-14.33.58:779][  0]Cmd: MAP CHECKDEP NOCLEARLOG
[2017.07.14-14.33.58:897][  0]MapCheck: Info Map check complete: 0 Error(s), 0 Warning(s), took 117.819ms to complete.
[2017.07.14-14.33.58:897][  0]LogFileHelpers: Loading map 'PalaceLevel' took 2.275
[2017.07.14-14.33.59:228][  0]LogCollectionManager: Loaded 0 collections in 0.001391 seconds
[2017.07.14-14.33.59:269][  0]LogFileCache: Scanning file cache for directory 'W:/University Work/Masters/MastersProject/MastersProject/Ava/Saved/Collections/' took 0.01s
[2017.07.14-14.33.59:269][  0]LogFileCache: Scanning file cache for directory 'W:/University Work/Masters/MastersProject/MastersProject/Ava/Content/Developers/i7230020/Collections/' took 0.01s
[2017.07.14-14.33.59:269][  0]LogFileCache: Scanning file cache for directory 'W:/University Work/Masters/MastersProject/MastersProject/Ava/Content/Collections/' took 0.01s
[2017.07.14-14.33.59:269][  0]LogCollectionManager: Rebuilt the GUID cache for 0 collections in 0.000002 seconds
[2017.07.14-14.33.59:278][  0]LogContentBrowser: Native class hierarchy populated in 0.0092 seconds. Added 2099 classes and 376 folders.
[2017.07.14-14.33.59:282][  0]LogStats: UGameplayTagsManager::ConstructGameplayTagTree: Construct from data asset -  0.000 s
[2017.07.14-14.33.59:282][  0]LogStats: UGameplayTagsManager::ConstructGameplayTagTree: GameplayTagTreeChangedEvent.Broadcast -  0.000 s
[2017.07.14-14.33.59:284][  0]LogContentBrowser: Native class hierarchy updated for 'GameplayTags' in 0.0024 seconds. Added 12 classes and 0 folders.
[2017.07.14-14.33.59:290][  0]LogContentBrowser: Native class hierarchy updated for 'WidgetCarousel' in 0.0023 seconds. Added 0 classes and 0 folders.
[2017.07.14-14.33.59:371][  0]LogContentBrowser: Native class hierarchy updated for 'AddContentDialog' in 0.0025 seconds. Added 0 classes and 0 folders.
[2017.07.14-14.33.59:376][  0]LogContentBrowser: Native class hierarchy updated for 'SceneOutliner' in 0.0024 seconds. Added 1 classes and 2 folders.
[2017.07.14-14.33.59:389][  0]LogCrashTracker: Crashtracker disabled due to settings.
[2017.07.14-14.33.59:393][  0]LogUObjectGlobals:Warning: Failed to find object 'Class None.'
[2017.07.14-14.33.59:428][  0]LogContentBrowser: Native class hierarchy updated for 'HierarchicalLODOutliner' in 0.0066 seconds. Added 1 classes and 2 folders.
[2017.07.14-14.33.59:428][  0]LogLoad: Full Startup: 14.27 seconds (BP compile: 1.11 seconds)
[2017.07.14-14.33.59:428][  0]LogExternalProfiler: Found external profiler: VSPerf
[2017.07.14-14.33.59:428][  0]LogExternalProfiler: Using external profiler: VSPerf
[2017.07.14-14.33.59:440][  0]LogOcInput: OculusInput pre-init called
[2017.07.14-14.33.59:465][  0]LogContentStreaming: Texture pool size now 1000 MB
[2017.07.14-14.33.59:629][  0]LogRenderer: Reallocating scene render targets to support 1616x564 (Frame:2).
[2017.07.14-14.33.59:787][  2]LogAssetRegistry: Asset discovery search completed in 6.9675 seconds
[2017.07.14-14.33.59:787][  2]LogCollectionManager: Rebuilt the object cache for 0 collections in 0.000001 seconds (found 0 objects)
[2017.07.14-14.33.59:787][  2]LogCollectionManager: Fixed up redirectors for 0 collections in 0.000046 seconds (updated 0 objects)
[2017.07.14-14.48.13:169][ 55]LogEditorViewport: Clicking on Actor (LMB): StatueObject (StatueObject1)
[2017.07.14-14.48.25:704][840]Cmd: OBJ SAVEPACKAGE PACKAGE="/Game/Ava/Maps/PalaceLevel" FILE="W:/University Work/Masters/MastersProject/MastersProject/Ava/Content/Ava/Maps/PalaceLevel.umap" SILENT=true AUTOSAVING=false KEEPDIRTY=false
[2017.07.14-14.48.26:612][840]LogSavePackage: Save=877.67ms
[2017.07.14-14.48.26:612][840]LogSavePackage: Moving 'W:/University Work/Masters/MastersProject/MastersProject/Ava/Saved/PalaceLevel42C1F0B84BD7100132882083A34B05B5.tmp' to 'W:/University Work/Masters/MastersProject/MastersProject/Ava/Content/Ava/Maps/PalaceLevel.umap'
[2017.07.14-14.48.26:621][840]LogSavePackage:Display: Finished SavePackage W:/University Work/Masters/MastersProject/MastersProject/Ava/Content/Ava/Maps/PalaceLevel.umap
[2017.07.14-14.48.26:656][840]LogFileHelpers: Saving map 'PalaceLevel' took 1.069
[2017.07.14-14.48.37:124][972]LogEditorViewport: Clicking on Actor (LMB): StatueObject (StatueObject3)
[2017.07.14-14.48.37:320][981]Cmd: CAMERA ALIGN ACTIVEVIEWPORTONLY
[2017.07.14-14.48.47:622][567]Cmd: OBJ SAVEPACKAGE PACKAGE="/Game/Ava/Maps/PalaceLevel" FILE="W:/University Work/Masters/MastersProject/MastersProject/Ava/Content/Ava/Maps/PalaceLevel.umap" SILENT=true AUTOSAVING=false KEEPDIRTY=false
[2017.07.14-14.48.48:348][567]LogSavePackage: Save=703.17ms
[2017.07.14-14.48.48:348][567]LogSavePackage: Moving 'W:/University Work/Masters/MastersProject/MastersProject/Ava/Saved/PalaceLevelBFADC7094F6766B7CE717896634058E5.tmp' to 'W:/University Work/Masters/MastersProject/MastersProject/Ava/Content/Ava/Maps/PalaceLevel.umap'
[2017.07.14-14.48.48:357][567]LogSavePackage:Display: Finished SavePackage W:/University Work/Masters/MastersProject/MastersProject/Ava/Content/Ava/Maps/PalaceLevel.umap
[2017.07.14-14.48.48:390][567]LogFileHelpers: Saving map 'PalaceLevel' took 0.872
[2017.07.14-14.50.29:570][255]Cmd: SELECT NONE
[2017.07.14-14.50.38:368][668]LogHotReload: New module detected: UE4Editor-Ava-5909.dll
[2017.07.14-14.50.41:149][826]LogHotReload: Starting Hot-Reload from IDE
[2017.07.14-14.50.41:211][826]LogClass: ItemDataVariables HotReload.
[2017.07.14-14.50.41:211][826]LogClass: Item HotReload.
[2017.07.14-14.50.41:213][826]LogHotReload: Re-instancing Antelope after hot-reload.
[2017.07.14-14.50.41:251][826]LogHotReload: Re-instancing Door after hot-reload.
[2017.07.14-14.50.41:252][826]LogUObjectGlobals:Warning: Guid referenced by BoxComponent /Game/Ava/Maps/PalaceLevel.PalaceLevel:PersistentLevel.Door2.BoxCollision is already used by BoxComponent /Game/Ava/Maps/PalaceLevel.PalaceLevel:PersistentLevel.Door_0.BoxCollision, which should never happen in the editor but could happen at runtime with duplicate level loading or PIE
[2017.07.14-14.50.41:252][826]LogUObjectGlobals:Warning: Guid referenced by StaticMeshComponent /Game/Ava/Maps/PalaceLevel.PalaceLevel:PersistentLevel.Door2.DoorMesh is already used by StaticMeshComponent /Game/Ava/Maps/PalaceLevel.PalaceLevel:PersistentLevel.Door_0.DoorMesh, which should never happen in the editor but could happen at runtime with duplicate level loading or PIE
[2017.07.14-14.50.41:252][826]LogUObjectGlobals:Warning: Guid referenced by TimelineComponent /Game/Ava/Maps/PalaceLevel.PalaceLevel:PersistentLevel.Door2.TimelineScore is already used by TimelineComponent /Game/Ava/Maps/PalaceLevel.PalaceLevel:PersistentLevel.Door_0.TimelineScore, which should never happen in the editor but could happen at runtime with duplicate level loading or PIE
[2017.07.14-14.50.41:252][826]LogUObjectGlobals:Warning: Guid referenced by BoxComponent /Game/Ava/Maps/PalaceLevel.PalaceLevel:PersistentLevel.Door3.BoxCollision is already used by BoxComponent /Game/Ava/Maps/PalaceLevel.PalaceLevel:PersistentLevel.Door_2.BoxCollision, which should never happen in the editor but could happen at runtime with duplicate level loading or PIE
[2017.07.14-14.50.41:252][826]LogUObjectGlobals:Warning: Guid referenced by StaticMeshComponent /Game/Ava/Maps/PalaceLevel.PalaceLevel:PersistentLevel.Door3.DoorMesh is already used by StaticMeshComponent /Game/Ava/Maps/PalaceLevel.PalaceLevel:PersistentLevel.Door_2.DoorMesh, which should never happen in the editor but could happen at runtime with duplicate level loading or PIE
[2017.07.14-14.50.41:252][826]LogUObjectGlobals:Warning: Guid referenced by TimelineComponent /Game/Ava/Maps/PalaceLevel.PalaceLevel:PersistentLevel.Door3.TimelineScore is already used by TimelineComponent /Game/Ava/Maps/PalaceLevel.PalaceLevel:PersistentLevel.Door_2.TimelineScore, which should never happen in the editor but could happen at runtime with duplicate level loading or PIE
[2017.07.14-14.50.41:399][826]LogHotReload: Re-instancing PushPullItem after hot-reload.
[2017.07.14-14.50.41:609][826]LogHotReload: Re-instancing PickUpItem after hot-reload.
[2017.07.14-14.50.41:610][826]LogUObjectGlobals:Warning: Guid referenced by BoxComponent /Game/Ava/Maps/PalaceLevel.PalaceLevel:PersistentLevel.PickUpItem40.BoxCollision is already used by BoxComponent /Game/Ava/Maps/PalaceLevel.PalaceLevel:PersistentLevel.PickUpItem_4.BoxCollision, which should never happen in the editor but could happen at runtime with duplicate level loading or PIE
[2017.07.14-14.50.41:610][826]LogUObjectGlobals:Warning: Guid referenced by StaticMeshComponent /Game/Ava/Maps/PalaceLevel.PalaceLevel:PersistentLevel.PickUpItem40.DoorMesh is already used by StaticMeshComponent /Game/Ava/Maps/PalaceLevel.PalaceLevel:PersistentLevel.PickUpItem_4.DoorMesh, which should never happen in the editor but could happen at runtime with duplicate level loading or PIE
[2017.07.14-14.50.41:866][826]LogHotReload: Re-instancing MainCharacter after hot-reload.
[2017.07.14-14.50.42:033][826]LogHotReload: Re-instancing StatueObject after hot-reload.
[2017.07.14-14.50.42:033][826]LogUObjectGlobals:Warning: Guid referenced by StaticMeshComponent /Game/Ava/Maps/PalaceLevel.PalaceLevel:PersistentLevel.StatueObject3.PickupMesh is already used by StaticMeshComponent /Game/Ava/Maps/PalaceLevel.PalaceLevel:PersistentLevel.StatueObject_0.PickupMesh, which should never happen in the editor but could happen at runtime with duplicate level loading or PIE
[2017.07.14-14.50.42:034][826]LogUObjectGlobals:Warning: Guid referenced by StaticMeshComponent /Game/Ava/Maps/PalaceLevel.PalaceLevel:PersistentLevel.StatueObject_1.PickupMesh is already used by StaticMeshComponent /Game/Ava/Maps/PalaceLevel.PalaceLevel:PersistentLevel.StatueObject_2.PickupMesh, which should never happen in the editor but could happen at runtime with duplicate level loading or PIE
[2017.07.14-14.50.42:178][826]LogHotReload: Re-instancing BluePuzzle after hot-reload.
[2017.07.14-14.50.42:256][826]LogHotReload: Re-instancing GreenPuzzle after hot-reload.
[2017.07.14-14.50.42:333][826]LogHotReload: Re-instancing WhitePuzzle after hot-reload.
[2017.07.14-14.50.42:333][826]LogUObjectGlobals:Warning: Guid referenced by BoxComponent /Game/Ava/Maps/PalaceLevel.PalaceLevel:PersistentLevel.WhitePuzzle_1.BoxCollision is already used by BoxComponent /Game/Ava/Maps/PalaceLevel.PalaceLevel:PersistentLevel.WhitePuzzle_0.BoxCollision, which should never happen in the editor but could happen at runtime with duplicate level loading or PIE
[2017.07.14-14.50.42:404][826]LogContentBrowser: Native class hierarchy updated for 'Ava' in 0.0026 seconds. Added 21 classes and 2 folders.
[2017.07.14-14.50.42:406][826]Warning: HotReload successful (13 functions remapped  0 scriptstructs remapped)
[2017.07.14-14.50.42:510][826]LogContentBrowser: Native class hierarchy populated in 0.0100 seconds. Added 2101 classes and 380 folders.
[2017.07.14-14.50.42:515][826]Warning: HotReload took  1.4s.
[2017.07.14-14.50.43:861][883]Cmd: SELECT NONE
[2017.07.14-14.51.13:915][598]LogEditorActor: Deleted Actor: StatueObject
[2017.07.14-14.51.13:931][598]LogEditorActor: Deleted 1 Actors (0.020 secs)
[2017.07.14-14.51.17:619][767]LogEditorViewport: Clicking on Actor (LMB): StatueObject (StatueObject3)
[2017.07.14-14.51.24:642][ 74]LogEditorViewport: Clicking on Actor (LMB): BluePuzzle (BluePuzzle1)
[2017.07.14-14.51.24:968][ 86]Cmd: CAMERA ALIGN ACTIVEVIEWPORTONLY
[2017.07.14-14.51.31:827][476]Cmd: OBJ SAVEPACKAGE PACKAGE="/Game/Ava/Maps/PalaceLevel" FILE="W:/University Work/Masters/MastersProject/MastersProject/Ava/Content/Ava/Maps/PalaceLevel.umap" SILENT=true AUTOSAVING=false KEEPDIRTY=false
[2017.07.14-14.51.32:570][476]LogSavePackage: Save=725.64ms
[2017.07.14-14.51.32:570][476]LogSavePackage: Moving 'W:/University Work/Masters/MastersProject/MastersProject/Ava/Saved/PalaceLevelEFC098584BF9BA53AA6704B00374DF3B.tmp' to 'W:/University Work/Masters/MastersProject/MastersProject/Ava/Content/Ava/Maps/PalaceLevel.umap'
[2017.07.14-14.51.32:578][476]LogSavePackage:Display: Finished SavePackage W:/University Work/Masters/MastersProject/MastersProject/Ava/Content/Ava/Maps/PalaceLevel.umap
[2017.07.14-14.51.32:612][476]LogFileHelpers: Saving map 'PalaceLevel' took 0.898
[2017.07.14-14.51.38:250][787]LogEditorViewport: Clicking on Actor (LMB): Offering_C (Offering)
[2017.07.14-14.51.41:355][978]Cmd: CAMERA ALIGN ACTIVEVIEWPORTONLY
[2017.07.14-14.51.43:409][105]Cmd: DELETE
[2017.07.14-14.51.43:409][105]Cmd: ACTOR DELETE
[2017.07.14-14.51.43:418][105]LogEditorActor: Deleted Actor: Offering_C
[2017.07.14-14.51.43:433][105]LogEditorActor: Deleted 1 Actors (0.023 secs)
[2017.07.14-14.51.53:966][807]LogEditor: Attempting to add actor of class 'OfferingStatue' to level at 6360.00,-3920.00,90.00
[2017.07.14-14.51.56:128][949]LogEditor: Attempting to add actor of class 'OfferingStatue' to level at 5635.00,-4370.00,95.00
[2017.07.14-14.52.23:462][406]LogPhysics:Warning: Initialising Body : Scale3D is (nearly) zero: Component: OfferingStatue_1.overlappingSphere 
[2017.07.14-14.52.23:462][406]LogPhysics:Warning: Initialising Body : Scale3D is (nearly) zero: Component: OfferingStatue_1.AlterMesh altar1 
[2017.07.14-14.52.23:462][406]LogPhysics:Warning: Initialising Body : Scale3D is (nearly) zero: Component: OfferingStatue_1.StatueMesh altar_buddha_small 
[2017.07.14-14.52.25:611][508]Cmd: OBJ SAVEPACKAGE PACKAGE="/Game/Ava/Maps/PalaceLevel" FILE="W:/University Work/Masters/MastersProject/MastersProject/Ava/Content/Ava/Maps/PalaceLevel.umap" SILENT=true AUTOSAVING=false KEEPDIRTY=false
[2017.07.14-14.52.25:950][508]Cmd: TRANSACTION UNDO
[2017.07.14-14.52.26:313][508]LogSavePackage: Save=685.59ms
[2017.07.14-14.52.26:313][508]LogSavePackage: Moving 'W:/University Work/Masters/MastersProject/MastersProject/Ava/Saved/PalaceLevel96741F774E9C3E380D68749338BF7294.tmp' to 'W:/University Work/Masters/MastersProject/MastersProject/Ava/Content/Ava/Maps/PalaceLevel.umap'
[2017.07.14-14.52.26:322][508]LogSavePackage:Display: Finished SavePackage W:/University Work/Masters/MastersProject/MastersProject/Ava/Content/Ava/Maps/PalaceLevel.umap
[2017.07.14-14.52.26:355][508]LogFileHelpers: Saving map 'PalaceLevel' took 0.846
[2017.07.14-14.52.30:673][775]LogPhysics:Warning: AddConvexElemsToRigidActor: [/Game/TemporaryContent/altar1.altar1] ConvexElem[0] invalid
[2017.07.14-14.52.30:673][775]LogPhysics:Warning: AddConvexElemsToRigidActor: [/Game/TemporaryContent/altar_buddha_small.altar_buddha_small] ConvexElem[0] invalid
[2017.07.14-14.52.33:747][960]LogPhysics:Warning: AddConvexElemsToRigidActor: [/Game/TemporaryContent/altar1.altar1] ConvexElem[0] invalid
[2017.07.14-14.52.33:747][960]LogPhysics:Warning: AddConvexElemsToRigidActor: [/Game/TemporaryContent/altar_buddha_small.altar_buddha_small] ConvexElem[0] invalid
[2017.07.14-14.53.39:164][302]Cmd: CAMERA ALIGN ACTIVEVIEWPORTONLY
[2017.07.14-14.53.42:701][481]Cmd: CAMERA ALIGN ACTIVEVIEWPORTONLY
[2017.07.14-14.54.01:896][ 75]Cmd: OBJ SAVEPACKAGE PACKAGE="/Game/Ava/Maps/PalaceLevel" FILE="W:/University Work/Masters/MastersProject/MastersProject/Ava/Content/Ava/Maps/PalaceLevel.umap" SILENT=true AUTOSAVING=false KEEPDIRTY=false
[2017.07.14-14.54.02:677][ 75]LogSavePackage: Save=744.83ms
[2017.07.14-14.54.02:677][ 75]LogSavePackage: Moving 'W:/University Work/Masters/MastersProject/MastersProject/Ava/Saved/PalaceLevel5AB7D44F4B59EF239AA9EBBB07919ACA.tmp' to 'W:/University Work/Masters/MastersProject/MastersProject/Ava/Content/Ava/Maps/PalaceLevel.umap'
[2017.07.14-14.54.02:686][ 75]LogSavePackage:Display: Finished SavePackage W:/University Work/Masters/MastersProject/MastersProject/Ava/Content/Ava/Maps/PalaceLevel.umap
[2017.07.14-14.54.27:802][229]LogHotReload: New module detected: UE4Editor-Ava-1375.dll
[2017.07.14-14.54.31:484][241]LogHotReload: Starting Hot-Reload from IDE
[2017.07.14-14.54.31:547][241]LogClass: Could not find existing class OfferingStatue in package /Script/Ava for HotReload, assuming new class
[2017.07.14-14.54.31:550][241]LogClass: ItemDataVariables HotReload.
[2017.07.14-14.54.31:550][241]LogClass: Item HotReload.
[2017.07.14-14.54.31:551][241]LogHotReload: Re-instancing Antelope after hot-reload.
[2017.07.14-14.54.31:594][241]LogHotReload: Re-instancing Door after hot-reload.
[2017.07.14-14.54.31:659][241]LogProperty:Warning: Serialized Class /Script/Ava.Door for a property of Class /Script/Engine.SphereComponent. Reference will be NULLed.
    Property = ObjectProperty /Engine/Transient.HOTRELOADED_OfferingStatue_0:overlappingSphere
    Item = Door /Script/Ava.Default__Door
[2017.07.14-14.54.31:659][241]LogProperty:Warning: Serialized Class /Script/Ava.Door for a property of Class /Script/Engine.SceneComponent. Reference will be NULLed.
    Property = ObjectProperty /Script/Engine.Actor:RootComponent
    Item = Door /Script/Ava.Default__Door
[2017.07.14-14.54.31:809][241]LogHotReload: Re-instancing PushPullItem after hot-reload.
[2017.07.14-14.54.32:082][241]LogHotReload: Re-instancing PickUpItem after hot-reload.
[2017.07.14-14.54.32:349][241]LogHotReload: Re-instancing MainCharacter after hot-reload.
[2017.07.14-14.54.32:543][241]LogHotReload: Re-instancing OfferingStatue after hot-reload.
[2017.07.14-14.54.32:543][241]LogUObjectGlobals:Warning: Guid referenced by SphereComponent /Game/Ava/Maps/PalaceLevel.PalaceLevel:PersistentLevel.OfferingStatue_1.overlappingSphere is already used by SphereComponent /Game/Ava/Maps/PalaceLevel.PalaceLevel:PersistentLevel.HOTRELOADED_OfferingStatue_1.overlappingSphere, which should never happen in the editor but could happen at runtime with duplicate level loading or PIE
[2017.07.14-14.54.32:543][241]LogUObjectGlobals:Warning: Guid referenced by StaticMeshComponent /Game/Ava/Maps/PalaceLevel.PalaceLevel:PersistentLevel.OfferingStatue_1.AlterMesh is already used by StaticMeshComponent /Game/Ava/Maps/PalaceLevel.PalaceLevel:PersistentLevel.HOTRELOADED_OfferingStatue_1.AlterMesh, which should never happen in the editor but could happen at runtime with duplicate level loading or PIE
[2017.07.14-14.54.32:543][241]LogUObjectGlobals:Warning: Guid referenced by StaticMeshComponent /Game/Ava/Maps/PalaceLevel.PalaceLevel:PersistentLevel.OfferingStatue_1.StatueMesh is already used by StaticMeshComponent /Game/Ava/Maps/PalaceLevel.PalaceLevel:PersistentLevel.HOTRELOADED_OfferingStatue_1.StatueMesh, which should never happen in the editor but could happen at runtime with duplicate level loading or PIE
[2017.07.14-14.54.32:657][241]LogHotReload: Re-instancing StatueObject after hot-reload.
[2017.07.14-14.54.32:657][241]LogUObjectGlobals:Warning: Guid referenced by StaticMeshComponent /Game/Ava/Maps/PalaceLevel.PalaceLevel:PersistentLevel.StatueObject4.PickupMesh is already used by StaticMeshComponent /Game/Ava/Maps/PalaceLevel.PalaceLevel:PersistentLevel.StatueObject_5.PickupMesh, which should never happen in the editor but could happen at runtime with duplicate level loading or PIE
[2017.07.14-14.54.32:657][241]LogUObjectGlobals:Warning: Guid referenced by SphereComponent /Game/Ava/Maps/PalaceLevel.PalaceLevel:PersistentLevel.StatueObject4.overlappingSphere is already used by SphereComponent /Game/Ava/Maps/PalaceLevel.PalaceLevel:PersistentLevel.StatueObject_5.overlappingSphere, which should never happen in the editor but could happen at runtime with duplicate level loading or PIE
[2017.07.14-14.54.32:658][241]LogUObjectGlobals:Warning: Guid referenced by StaticMeshComponent /Game/Ava/Maps/PalaceLevel.PalaceLevel:PersistentLevel.StatueObject3.PickupMesh is already used by StaticMeshComponent /Game/Ava/Maps/PalaceLevel.PalaceLevel:PersistentLevel.StatueObject_6.PickupMesh, which should never happen in the editor but could happen at runtime with duplicate level loading or PIE
[2017.07.14-14.54.32:658][241]LogUObjectGlobals:Warning: Guid referenced by SphereComponent /Game/Ava/Maps/PalaceLevel.PalaceLevel:PersistentLevel.StatueObject3.overlappingSphere is already used by SphereComponent /Game/Ava/Maps/PalaceLevel.PalaceLevel:PersistentLevel.StatueObject_6.overlappingSphere, which should never happen in the editor but could happen at runtime with duplicate level loading or PIE
[2017.07.14-14.54.32:824][241]LogHotReload: Re-instancing BluePuzzle after hot-reload.
[2017.07.14-14.54.32:901][241]LogHotReload: Re-instancing GreenPuzzle after hot-reload.
[2017.07.14-14.54.32:902][241]LogProperty:Warning: Serialized Class /Script/Ava.RoutePoint for a property of Class /Script/Ava.StatueObject. Reference will be NULLed.
    Property = ObjectProperty /Script/Ava.Puzzle:DesignatedStatue
    Item = RoutePoint /Engine/Transient.BPGC_ARCH_FOR_CDO_RoutePoint_5
[2017.07.14-14.54.32:998][241]LogHotReload: Re-instancing WhitePuzzle after hot-reload.
[2017.07.14-14.54.33:087][241]LogContentBrowser: Native class hierarchy updated for 'Ava' in 0.0041 seconds. Added 21 classes and 2 folders.
[2017.07.14-14.54.33:089][241]Warning: HotReload successful (13 functions remapped  0 scriptstructs remapped)
[2017.07.14-14.54.33:150][241]LogContentBrowser: Native class hierarchy populated in 0.0099 seconds. Added 2101 classes and 380 folders.
[2017.07.14-14.54.33:153][241]Warning: HotReload took  1.7s.
[2017.07.14-14.54.43:815][816]Cmd: CAMERA ALIGN ACTIVEVIEWPORTONLY
[2017.07.14-14.55.07:313][294]Cmd: CAMERA ALIGN ACTIVEVIEWPORTONLY
[2017.07.14-14.55.12:806][614]Cmd: OBJ SAVEPACKAGE PACKAGE="/Game/Ava/Maps/PalaceLevel" FILE="W:/University Work/Masters/MastersProject/MastersProject/Ava/Content/Ava/Maps/PalaceLevel.umap" SILENT=true AUTOSAVING=false KEEPDIRTY=false
[2017.07.14-14.55.13:545][614]LogSavePackage: Save=712.06ms
[2017.07.14-14.55.13:545][614]LogSavePackage: Moving 'W:/University Work/Masters/MastersProject/MastersProject/Ava/Saved/PalaceLevelAFE740154EEDF5BFC993FD9464E3C951.tmp' to 'W:/University Work/Masters/MastersProject/MastersProject/Ava/Content/Ava/Maps/PalaceLevel.umap'
[2017.07.14-14.55.13:554][614]LogSavePackage:Display: Finished SavePackage W:/University Work/Masters/MastersProject/MastersProject/Ava/Content/Ava/Maps/PalaceLevel.umap
[2017.07.14-14.58.15:194][188]LogHotReload: New module detected: UE4Editor-Ava-489.dll
[2017.07.14-14.58.18:872][200]LogHotReload: Starting Hot-Reload from IDE
[2017.07.14-14.58.18:920][200]LogClass: Could not find existing class WhitePuzzle in package /Script/Ava for HotReload, assuming new class
[2017.07.14-14.58.18:920][200]LogClass: ItemDataVariables HotReload.
[2017.07.14-14.58.18:920][200]LogClass: Item HotReload.
[2017.07.14-14.58.18:921][200]LogHotReload: Re-instancing Antelope after hot-reload.
[2017.07.14-14.58.18:959][200]LogHotReload: Re-instancing Door after hot-reload.
[2017.07.14-14.58.19:118][200]LogHotReload: Re-instancing PushPullItem after hot-reload.
[2017.07.14-14.58.19:164][200]LogProperty:Warning: Serialized Class /Script/Ava.PushPullItem for a property of Class /Script/Engine.SphereComponent. Reference will be NULLed.
    Property = ObjectProperty /Script/Ava.MainCharacter:overlappingSphere
    Item = PushPullItem /Script/Ava.Default__PushPullItem
[2017.07.14-14.58.19:348][200]LogHotReload: Re-instancing PickUpItem after hot-reload.
[2017.07.14-14.58.19:632][200]LogHotReload: Re-instancing MainCharacter after hot-reload.
[2017.07.14-14.58.19:815][200]LogHotReload: Re-instancing OfferingStatue after hot-reload.
[2017.07.14-14.58.19:816][200]LogUObjectGlobals:Warning: Guid referenced by SphereComponent /Game/Ava/Maps/PalaceLevel.PalaceLevel:PersistentLevel.OfferingStatue_1.overlappingSphere is already used by SphereComponent /Game/Ava/Maps/PalaceLevel.PalaceLevel:PersistentLevel.OfferingStatue_2.overlappingSphere, which should never happen in the editor but could happen at runtime with duplicate level loading or PIE
[2017.07.14-14.58.19:816][200]LogUObjectGlobals:Warning: Guid referenced by StaticMeshComponent /Game/Ava/Maps/PalaceLevel.PalaceLevel:PersistentLevel.OfferingStatue_1.AlterMesh is already used by StaticMeshComponent /Game/Ava/Maps/PalaceLevel.PalaceLevel:PersistentLevel.OfferingStatue_2.AlterMesh, which should never happen in the editor but could happen at runtime with duplicate level loading or PIE
[2017.07.14-14.58.19:816][200]LogUObjectGlobals:Warning: Guid referenced by StaticMeshComponent /Game/Ava/Maps/PalaceLevel.PalaceLevel:PersistentLevel.OfferingStatue_1.StatueMesh is already used by StaticMeshComponent /Game/Ava/Maps/PalaceLevel.PalaceLevel:PersistentLevel.OfferingStatue_2.StatueMesh, which should never happen in the editor but could happen at runtime with duplicate level loading or PIE
[2017.07.14-14.58.19:904][200]LogHotReload: Re-instancing StatueObject after hot-reload.
[2017.07.14-14.58.20:076][200]LogHotReload: Re-instancing BluePuzzle after hot-reload.
[2017.07.14-14.58.20:166][200]LogHotReload: Re-instancing GreenPuzzle after hot-reload.
[2017.07.14-14.58.20:255][200]LogHotReload: Re-instancing WhitePuzzle after hot-reload.
[2017.07.14-14.58.20:363][200]LogContentBrowser: Native class hierarchy updated for 'Ava' in 0.0027 seconds. Added 21 classes and 2 folders.
[2017.07.14-14.58.20:364][200]Warning: HotReload successful (13 functions remapped  0 scriptstructs remapped)
[2017.07.14-14.58.20:425][200]LogContentBrowser: Native class hierarchy populated in 0.0103 seconds. Added 2101 classes and 380 folders.
[2017.07.14-14.58.20:428][200]Warning: HotReload took  1.6s.
[2017.07.14-14.58.35:584][534]LogEditorViewport: Clicking on Actor (LMB): WhitePuzzle (WhitePuzzle1)
[2017.07.14-14.58.42:530][993]LogEditorViewport: Clicking on Actor (LMB): OfferingStatue (OfferingStatue1)
[2017.07.14-14.58.54:101][672]LogEditorViewport: Clicking on Actor (LMB): WhitePuzzle (WhitePuzzle1)
[2017.07.14-14.59.01:585][225]Cmd: OBJ SAVEPACKAGE PACKAGE="/Game/Ava/Maps/PalaceLevel" FILE="W:/University Work/Masters/MastersProject/MastersProject/Ava/Content/Ava/Maps/PalaceLevel.umap" SILENT=true AUTOSAVING=false KEEPDIRTY=false
[2017.07.14-14.59.02:332][225]LogSavePackage: Save=700.27ms
[2017.07.14-14.59.02:332][225]LogSavePackage: Moving 'W:/University Work/Masters/MastersProject/MastersProject/Ava/Saved/PalaceLevelDA5E6E0940ACB1A6EB8088A9F8724936.tmp' to 'W:/University Work/Masters/MastersProject/MastersProject/Ava/Content/Ava/Maps/PalaceLevel.umap'
[2017.07.14-14.59.02:340][225]LogSavePackage:Display: Finished SavePackage W:/University Work/Masters/MastersProject/MastersProject/Ava/Content/Ava/Maps/PalaceLevel.umap
[2017.07.14-15.16.48:269][742]LogHotReload: New module detected: UE4Editor-Ava-5402.dll
[2017.07.14-15.16.51:285][752]LogHotReload: Starting Hot-Reload from IDE
[2017.07.14-15.16.51:340][752]LogClass: Could not find existing class OfferingStatue in package /Script/Ava for HotReload, assuming new class
[2017.07.14-15.16.51:341][752]LogClass: Could not find existing class WhitePuzzle in package /Script/Ava for HotReload, assuming new class
[2017.07.14-15.16.51:341][752]LogClass: ItemDataVariables HotReload.
[2017.07.14-15.16.51:341][752]LogClass: Item HotReload.
[2017.07.14-15.16.51:341][752]LogClass: Item HotReload.
[2017.07.14-15.16.51:343][752]LogHotReload: Re-instancing Antelope after hot-reload.
[2017.07.14-15.16.51:384][752]LogHotReload: Re-instancing Door after hot-reload.
[2017.07.14-15.16.51:559][752]LogHotReload: Re-instancing PushPullItem after hot-reload.
[2017.07.14-15.16.51:799][752]LogHotReload: Re-instancing PickUpItem after hot-reload.
[2017.07.14-15.16.52:082][752]LogHotReload: Re-instancing MainCharacter after hot-reload.
[2017.07.14-15.16.52:289][752]LogHotReload: Re-instancing OfferingStatue after hot-reload.
[2017.07.14-15.16.52:289][752]LogUObjectGlobals:Warning: Guid referenced by SphereComponent /Game/Ava/Maps/PalaceLevel.PalaceLevel:PersistentLevel.OfferingStatue_1.overlappingSphere is already used by SphereComponent /Game/Ava/Maps/PalaceLevel.PalaceLevel:PersistentLevel.HOTRELOADED_OfferingStatue_0.overlappingSphere, which should never happen in the editor but could happen at runtime with duplicate level loading or PIE
[2017.07.14-15.16.52:289][752]LogUObjectGlobals:Warning: Guid referenced by StaticMeshComponent /Game/Ava/Maps/PalaceLevel.PalaceLevel:PersistentLevel.OfferingStatue_1.AlterMesh is already used by StaticMeshComponent /Game/Ava/Maps/PalaceLevel.PalaceLevel:PersistentLevel.HOTRELOADED_OfferingStatue_0.AlterMesh, which should never happen in the editor but could happen at runtime with duplicate level loading or PIE
[2017.07.14-15.16.52:289][752]LogUObjectGlobals:Warning: Guid referenced by StaticMeshComponent /Game/Ava/Maps/PalaceLevel.PalaceLevel:PersistentLevel.OfferingStatue_1.StatueMesh is already used by StaticMeshComponent /Game/Ava/Maps/PalaceLevel.PalaceLevel:PersistentLevel.HOTRELOADED_OfferingStatue_0.StatueMesh, which should never happen in the editor but could happen at runtime with duplicate level loading or PIE
[2017.07.14-15.16.52:290][752]LogUObjectGlobals:Warning: Guid referenced by SphereComponent /Game/Ava/Maps/PalaceLevel.PalaceLevel:PersistentLevel.OfferingStatue2.overlappingSphere is already used by SphereComponent /Game/Ava/Maps/PalaceLevel.PalaceLevel:PersistentLevel.HOTRELOADED_OfferingStatue_1.overlappingSphere, which should never happen in the editor but could happen at runtime with duplicate level loading or PIE
[2017.07.14-15.16.52:290][752]LogUObjectGlobals:Warning: Guid referenced by StaticMeshComponent /Game/Ava/Maps/PalaceLevel.PalaceLevel:PersistentLevel.OfferingStatue2.AlterMesh is already used by StaticMeshComponent /Game/Ava/Maps/PalaceLevel.PalaceLevel:PersistentLevel.HOTRELOADED_OfferingStatue_1.AlterMesh, which should never happen in the editor but could happen at runtime with duplicate level loading or PIE
[2017.07.14-15.16.52:290][752]LogUObjectGlobals:Warning: Guid referenced by StaticMeshComponent /Game/Ava/Maps/PalaceLevel.PalaceLevel:PersistentLevel.OfferingStatue2.StatueMesh is already used by StaticMeshComponent /Game/Ava/Maps/PalaceLevel.PalaceLevel:PersistentLevel.HOTRELOADED_OfferingStatue_1.StatueMesh, which should never happen in the editor but could happen at runtime with duplicate level loading or PIE
[2017.07.14-15.16.52:290][752]LogUObjectGlobals:Warning: Guid referenced by SphereComponent /Game/Ava/Maps/PalaceLevel.PalaceLevel:PersistentLevel.OfferingStatue3.overlappingSphere is already used by SphereComponent /Game/Ava/Maps/PalaceLevel.PalaceLevel:PersistentLevel.HOTRELOADED_OfferingStatue_3.overlappingSphere, which should never happen in the editor but could happen at runtime with duplicate level loading or PIE
[2017.07.14-15.16.52:290][752]LogUObjectGlobals:Warning: Guid referenced by StaticMeshComponent /Game/Ava/Maps/PalaceLevel.PalaceLevel:PersistentLevel.OfferingStatue3.AlterMesh is already used by StaticMeshComponent /Game/Ava/Maps/PalaceLevel.PalaceLevel:PersistentLevel.HOTRELOADED_OfferingStatue_3.AlterMesh, which should never happen in the editor but could happen at runtime with duplicate level loading or PIE
[2017.07.14-15.16.52:290][752]LogUObjectGlobals:Warning: Guid referenced by StaticMeshComponent /Game/Ava/Maps/PalaceLevel.PalaceLevel:PersistentLevel.OfferingStatue3.StatueMesh is already used by StaticMeshComponent /Game/Ava/Maps/PalaceLevel.PalaceLevel:PersistentLevel.HOTRELOADED_OfferingStatue_3.StatueMesh, which should never happen in the editor but could happen at runtime with duplicate level loading or PIE
[2017.07.14-15.16.52:448][752]LogHotReload: Re-instancing StatueObject after hot-reload.
[2017.07.14-15.16.52:611][752]LogHotReload: Re-instancing BluePuzzle after hot-reload.
[2017.07.14-15.16.52:682][752]LogHotReload: Re-instancing GreenPuzzle after hot-reload.
[2017.07.14-15.16.52:757][752]LogHotReload: Re-instancing WhitePuzzle after hot-reload.
[2017.07.14-15.16.52:867][752]LogContentBrowser: Native class hierarchy updated for 'Ava' in 0.0025 seconds. Added 21 classes and 2 folders.
[2017.07.14-15.16.52:868][752]Warning: HotReload successful (13 functions remapped  0 scriptstructs remapped)
[2017.07.14-15.16.52:926][752]LogContentBrowser: Native class hierarchy populated in 0.0121 seconds. Added 2101 classes and 380 folders.
[2017.07.14-15.16.52:928][752]Warning: HotReload took  1.6s.
[2017.07.14-15.20.31:613][408]LogHotReload: New module detected: UE4Editor-Ava-434.dll
[2017.07.14-15.20.34:292][417]LogHotReload: Starting Hot-Reload from IDE
[2017.07.14-15.20.34:337][417]LogClass: Could not find existing class OfferingStatue in package /Script/Ava for HotReload, assuming new class
[2017.07.14-15.20.34:339][417]LogClass: ItemDataVariables HotReload.
[2017.07.14-15.20.34:339][417]LogClass: Item HotReload.
[2017.07.14-15.20.34:339][417]LogClass: Item HotReload.
[2017.07.14-15.20.34:340][417]LogHotReload: Re-instancing Antelope after hot-reload.
[2017.07.14-15.20.34:386][417]LogHotReload: Re-instancing Door after hot-reload.
[2017.07.14-15.20.34:556][417]LogHotReload: Re-instancing PushPullItem after hot-reload.
[2017.07.14-15.20.34:791][417]LogHotReload: Re-instancing PickUpItem after hot-reload.
[2017.07.14-15.20.35:056][417]LogHotReload: Re-instancing MainCharacter after hot-reload.
[2017.07.14-15.20.35:233][417]LogHotReload: Re-instancing OfferingStatue after hot-reload.
[2017.07.14-15.20.35:383][417]LogHotReload: Re-instancing StatueObject after hot-reload.
[2017.07.14-15.20.35:543][417]LogHotReload: Re-instancing Puzzle after hot-reload.
[2017.07.14-15.20.35:581][417]LogHotReload: Re-instancing BluePuzzle after hot-reload.
[2017.07.14-15.20.35:661][417]LogHotReload: Re-instancing GreenPuzzle after hot-reload.
[2017.07.14-15.20.35:742][417]LogHotReload: Re-instancing WhitePuzzle after hot-reload.
[2017.07.14-15.20.35:843][417]LogContentBrowser: Native class hierarchy updated for 'Ava' in 0.0026 seconds. Added 21 classes and 2 folders.
[2017.07.14-15.20.35:845][417]Warning: HotReload successful (13 functions remapped  0 scriptstructs remapped)
[2017.07.14-15.20.35:903][417]LogContentBrowser: Native class hierarchy populated in 0.0123 seconds. Added 2101 classes and 380 folders.
[2017.07.14-15.20.35:906][417]Warning: HotReload took  1.6s.
[2017.07.14-15.20.51:637][518]LogEditorViewport: Clicking on Actor (LMB): OfferingStatue (OfferingStatue1)
[2017.07.14-15.21.03:298][416]LogEditorViewport: Clicking on Actor (LMB): OfferingStatue (OfferingStatue2)
[2017.07.14-15.21.09:811][844]LogEditorViewport: Clicking on Actor (LMB): OfferingStatue (OfferingStatue3)
[2017.07.14-15.21.15:849][284]Cmd: OBJ SAVEPACKAGE PACKAGE="/Game/Ava/Maps/PalaceLevel" FILE="W:/University Work/Masters/MastersProject/MastersProject/Ava/Content/Ava/Maps/PalaceLevel.umap" SILENT=true AUTOSAVING=false KEEPDIRTY=false
[2017.07.14-15.21.16:580][284]LogSavePackage: Save=695.41ms
[2017.07.14-15.21.16:580][284]LogSavePackage: Moving 'W:/University Work/Masters/MastersProject/MastersProject/Ava/Saved/PalaceLevel0374679840326E6E7241F9A24B8B9345.tmp' to 'W:/University Work/Masters/MastersProject/MastersProject/Ava/Content/Ava/Maps/PalaceLevel.umap'
[2017.07.14-15.21.16:588][284]LogSavePackage:Display: Finished SavePackage W:/University Work/Masters/MastersProject/MastersProject/Ava/Content/Ava/Maps/PalaceLevel.umap
[2017.07.14-15.21.55:173][562]LogHotReload: New module detected: UE4Editor-Ava-8305.dll
[2017.07.14-15.21.57:850][571]LogHotReload: Starting Hot-Reload from IDE
[2017.07.14-15.21.57:899][571]LogClass: ItemDataVariables HotReload.
[2017.07.14-15.21.57:899][571]LogClass: Item HotReload.
[2017.07.14-15.21.57:900][571]LogHotReload: Re-instancing Antelope after hot-reload.
[2017.07.14-15.21.57:934][571]LogProperty:Warning: Serialized Class /Script/Ava.Antelope for a property of Class /Script/Engine.StaticMeshComponent. Reference will be NULLed.
    Property = ObjectProperty /Script/Ava.OfferingStatue:BuddaStatue
    Item = Antelope /Script/Ava.Default__Antelope
[2017.07.14-15.21.57:936][571]LogHotReload: Re-instancing Door after hot-reload.
[2017.07.14-15.21.58:092][571]LogHotReload: Re-instancing PushPullItem after hot-reload.
[2017.07.14-15.21.58:314][571]LogHotReload: Re-instancing PickUpItem after hot-reload.
[2017.07.14-15.21.58:578][571]LogHotReload: Re-instancing MainCharacter after hot-reload.
[2017.07.14-15.21.58:637][571]LogProperty:Warning: Serialized Class /Script/Ava.AntelopeAIController for a property of Class /Script/Engine.CameraComponent. Reference will be NULLed.
    Property = ObjectProperty /Script/Ava.MainCharacter:FollowCamera
    Item = AntelopeAIController /Engine/Transient.BPGC_ARCH_FOR_CDO_AntelopeAIController_14
[2017.07.14-15.21.58:753][571]LogHotReload: Re-instancing OfferingStatue after hot-reload.
[2017.07.14-15.21.58:922][571]LogHotReload: Re-instancing StatueObject after hot-reload.
[2017.07.14-15.21.59:066][571]LogHotReload: Re-instancing BluePuzzle after hot-reload.
[2017.07.14-15.21.59:138][571]LogHotReload: Re-instancing GreenPuzzle after hot-reload.
[2017.07.14-15.21.59:211][571]LogHotReload: Re-instancing WhitePuzzle after hot-reload.
[2017.07.14-15.21.59:285][571]LogContentBrowser: Native class hierarchy updated for 'Ava' in 0.0026 seconds. Added 21 classes and 2 folders.
[2017.07.14-15.21.59:287][571]Warning: HotReload successful (13 functions remapped  0 scriptstructs remapped)
[2017.07.14-15.21.59:327][571]LogContentBrowser: Native class hierarchy populated in 0.0104 seconds. Added 2101 classes and 380 folders.
[2017.07.14-15.21.59:329][571]Warning: HotReload took  1.5s.
[2017.07.14-15.22.11:014][694]LogEditorViewport: Clicking on Actor (LMB): OfferingStatue (OfferingStatue1)
[2017.07.14-15.22.12:164][764]LogEditorViewport: Clicking on Actor (LMB): OfferingStatue (OfferingStatue2)
[2017.07.14-15.22.18:268][202]LogEditorViewport: Clicking on Actor (LMB): OfferingStatue (OfferingStatue3)
[2017.07.14-15.22.20:979][366]LogBlueprintUserMessages: Early PlayInEditor Detection: Level '/Game/Ava/Maps/PalaceLevel.PalaceLevel:PersistentLevel' has LevelScriptBlueprint '/Game/Ava/Maps/PalaceLevel.PalaceLevel:PersistentLevel.PalaceLevel' with GeneratedClass '/Game/Ava/Maps/PalaceLevel.PalaceLevel_C' with ClassGeneratedBy '/Game/Ava/Maps/PalaceLevel.PalaceLevel:PersistentLevel.PalaceLevel'
[2017.07.14-15.22.20:979][366]LogPlayLevel: PlayLevel: No blueprints needed recompiling
[2017.07.14-15.22.20:980][366]PIE: New page: PIE session: PalaceLevel (14 Jul 2017 16:22:20)
[2017.07.14-15.22.20:980][366]LogPlayLevel: Creating play world package: /Game/Ava/Maps/UEDPIE_0_PalaceLevel
[2017.07.14-15.22.21:038][366]LogPlayLevel: PIE: StaticDuplicateObject took: (0.058350s)
[2017.07.14-15.22.21:039][366]LogAIModule: Creating AISystem for world PalaceLevel
[2017.07.14-15.22.21:039][366]LogPlayLevel: PIE: World Init took: (0.000701s)
[2017.07.14-15.22.21:039][366]LogPlayLevel: PIE: Created PIE world by copying editor world from /Game/Ava/Maps/PalaceLevel.PalaceLevel to /Game/Ava/Maps/UEDPIE_0_PalaceLevel.PalaceLevel (0.059420s)
[2017.07.14-15.22.21:051][366]LogInit: XAudio2 using 'Speakers (Realtek High Definition Audio)' : 2 channels at 48 kHz using 32 bits per sample (channel mask 0x3)
[2017.07.14-15.22.21:058][366]LogInit: FAudioDevice initialized.
[2017.07.14-15.22.21:121][366]LogWorld: Game class is 'AvaGameMode'
[2017.07.14-15.22.21:150][366]LogWorld: Bringing World /Game/Ava/Maps/UEDPIE_0_PalaceLevel.PalaceLevel up for play (max tick rate 0) at 2017.07.14-16.22.21
[2017.07.14-15.22.21:153][366]LogWorld: Bringing up level for play took: 0.030916
[2017.07.14-15.22.21:172][366]LogContentBrowser: Native class hierarchy updated for 'MovieSceneCapture' in 0.0026 seconds. Added 11 classes and 0 folders.
[2017.07.14-15.22.21:176][366]LogBlueprintUserMessages: [GameUIBP_C_38] SEt UI
[2017.07.14-15.22.21:177][366]PIE: Info Play in editor start time for /Game/Ava/Maps/UEDPIE_0_PalaceLevel -0.479
[2017.07.14-15.22.21:177][366]LogBlueprintUserMessages: Late PlayInEditor Detection: Level '/Game/Ava/Maps/PalaceLevel.PalaceLevel:PersistentLevel' has LevelScriptBlueprint '/Game/Ava/Maps/PalaceLevel.PalaceLevel:PersistentLevel.PalaceLevel' with GeneratedClass '/Game/Ava/Maps/PalaceLevel.PalaceLevel_C' with ClassGeneratedBy '/Game/Ava/Maps/PalaceLevel.PalaceLevel:PersistentLevel.PalaceLevel'
[2017.07.14-15.22.21:934][366]LogCrashTracker: 


[2017.07.14-15.22.21:934][366]LogCrashTracker: 


[2017.07.14-15.22.21:934][366]LogWindows:Error: === Critical error: ===


[2017.07.14-15.22.21:953][366]LogExit: Executing StaticShutdownAfterError
[2017.07.14-15.22.21:958][366]LogWindows: FPlatformMisc::RequestExit(1)
[2017.07.14-15.22.21:958][366]Log file closed, 07/14/17 16:22:21
