Log file open, 06/14/17 12:15:48
LogInit:Display: Running engine for game: Ava
LogPlatformFile: Not using cached read wrapper
LogInit:Display: RandInit(105333478) SRandInit(105333480).
LogTaskGraph: Started task graph with 4 named threads and 9 total threads with 1 sets of task threads.
LogStats: Stats thread started at 0.192036
LogInit: Version: 4.12.5-3039270+++UE4+Release-4.12
LogInit: API Version: 2992821
LogInit: Net Version: 3039270
LogDevObjectVersion: Number of dev versions registered: 13
LogDevObjectVersion:   Dev-Blueprints (B0D832E4-1F89-4F0D-ACCF-7EB736FD4AA2): 3
LogDevObjectVersion:   Dev-Build (E1C64328-A22C-4D53-A36C-8E866417BD8C): 0
LogDevObjectVersion:   Dev-Core (375EC13C-06E4-48FB-B500-84F0262A717E): 1
LogDevObjectVersion:   Dev-Editor (E4B068ED-F494-42E9-A231-DA0B2E46BB41): 2
LogDevObjectVersion:   Dev-Framework (CFFC743F-43B0-4480-9391-14DF171D2073): 6
LogDevObjectVersion:   Dev-Mobile (B02B49B5-BB20-44E9-A304-32B752E40360): 0
LogDevObjectVersion:   Dev-Networking (A4E4105C-59A1-49B5-A7C5-40C4547EDFEE): 0
LogDevObjectVersion:   Dev-Online (39C831C9-5AE6-47DC-9A44-9C173E1C8E7C): 0
LogDevObjectVersion:   Dev-Physics (78F01B33-EBEA-4F98-B9B4-84EACCB95AA2): 0
LogDevObjectVersion:   Dev-Platform (6631380F-2D4D-43E0-8009-CF276956A95A): 0
LogDevObjectVersion:   Dev-Rendering (12F88B9F-8875-4AFC-A67C-D90C383ABD29): 2
LogDevObjectVersion:   Dev-Sequencer (7B5AE74C-D270-4C10-A958-57980B212A5A): 0
LogDevObjectVersion:   Dev-VR (D7296918-1DD6-4BDD-9DE2-64A83CC13884): 0
LogInit: Compiled (64-bit): Jul  6 2016 09:09:46
LogInit: Compiled with Visual C++: 19.00.23026.00
LogInit: Build Configuration: Development
LogInit: Branch Name: ++UE4+Release-4.12
LogInit: Command line: 
LogInit: Base directory: C:/Program Files/Epic Games/4.12/Engine/Binaries/Win64/
LogInit: Installed Engine Build: 1
LogInit: Using libcurl 7.41.0
LogInit:  - built for x86_64-pc-win32
LogInit:  - supports SSL with WinSSL
LogInit:  - other features:
LogInit:      CURL_VERSION_SSL
LogInit:      CURL_VERSION_IPV6
LogInit:      CURL_VERSION_ASYNCHDNS
LogInit:      CURL_VERSION_LARGEFILE
LogInit:      CURL_VERSION_IDN
LogInit:  CurlRequestOptions (configurable via config and command line):
LogInit:  - bVerifyPeer = true  - Libcurl will verify peer certificate
LogInit:  - bUseHttpProxy = false  - Libcurl will NOT use HTTP proxy
LogInit:  - bDontReuseConnections = false  - Libcurl will reuse connections
LogInit:  - CertBundlePath = nullptr  - Libcurl will use whatever was configured at build time.
LogInit: Presizing for max 8388607 objects, including 0 objects not considered by GC, pre-allocating 0 bytes for permanent pool.
LogInit: Object subsystem initialized
[2017.06.14-11.15.48:653][  0]LogInit: Selected Device Profile: [Windows]
[2017.06.14-11.15.48:653][  0]LogInit: Applying CVar settings loaded from the selected device profile: [Windows]
[2017.06.14-11.15.48:666][  0]LogInit: Computer: PC42640
[2017.06.14-11.15.48:666][  0]LogInit: User: i7230020
[2017.06.14-11.15.48:666][  0]LogInit: CPU Page size=65536, Cores=6
[2017.06.14-11.15.48:666][  0]LogInit: High frequency timer resolution =3.410107 MHz
[2017.06.14-11.15.48:666][  0]LogMemory: Memory total: Physical=31.9GB (32GB approx)
[2017.06.14-11.15.48:666][  0]LogMemory: Platform Memory Stats for Windows
[2017.06.14-11.15.48:666][  0]LogMemory: Process Physical Memory: 194.41 MB used, 194.41 MB peak
[2017.06.14-11.15.48:666][  0]LogMemory: Process Virtual Memory: 198.60 MB used, 198.60 MB peak
[2017.06.14-11.15.48:666][  0]LogMemory: Physical Memory: 15902.34 MB used, 32684.15 MB total
[2017.06.14-11.15.48:666][  0]LogMemory: Virtual Memory: 524.27 MB used, 8388608.00 MB total
[2017.06.14-11.15.48:742][  0]LogTextLocalizationManager: No specific translations for ('en-GB') exist, so ('en') translations will be used.
[2017.06.14-11.15.49:131][  0]LogD3D11RHI: D3D11 adapters:
[2017.06.14-11.15.49:164][  0]LogD3D11RHI:    0. 'NVIDIA Quadro M4000' (Feature Level 11_0)
[2017.06.14-11.15.49:165][  0]LogD3D11RHI:       8092/0/16086 MB DedicatedVideo/DedicatedSystem/SharedSystem, Outputs:1, VendorId:0x10de
[2017.06.14-11.15.49:165][  0]LogD3D11RHI: Chosen D3D11 Adapter: 0
[2017.06.14-11.15.49:174][  0]LogD3D11RHI: Creating new Direct3DDevice
[2017.06.14-11.15.49:175][  0]LogD3D11RHI:     GPU DeviceId: 0x13f1 (for the marketing name, search the web for "GPU Device Id")
[2017.06.14-11.15.49:175][  0]LogWindows: EnumDisplayDevices:
[2017.06.14-11.15.49:175][  0]LogWindows:    0. 'NVIDIA Quadro M4000' (P:1 D:1)
[2017.06.14-11.15.49:176][  0]LogWindows:    1. 'NVIDIA Quadro M4000' (P:0 D:0)
[2017.06.14-11.15.49:176][  0]LogWindows:    2. 'NVIDIA Quadro M4000' (P:0 D:0)
[2017.06.14-11.15.49:177][  0]LogWindows:    3. 'NVIDIA Quadro M4000' (P:0 D:0)
[2017.06.14-11.15.49:177][  0]LogWindows:    4. 'RDPDD Chained DD' (P:0 D:0)
[2017.06.14-11.15.49:177][  0]LogWindows:    5. 'RDP Encoder Mirror Driver' (P:0 D:0)
[2017.06.14-11.15.49:178][  0]LogWindows:    6. 'RDP Reflector Display Driver' (P:0 D:0)
[2017.06.14-11.15.49:178][  0]LogWindows: DebugString: GetVideoDriverDetailsInvalid PrimaryIsNotTheChoosenAdapter GetVideoDriverDetailsInvalid PrimaryIsNotTheChoosenAdapter GetVideoDriverDetailsInvalid PrimaryIsNotTheChoosenAdapter FoundDriverCount:4 
[2017.06.14-11.15.49:178][  0]LogD3D11RHI:     Adapter Name: NVIDIA Quadro M4000
[2017.06.14-11.15.49:178][  0]LogD3D11RHI:   Driver Version: 362.13 (internal:10.18.13.6213, unified:362.13)
[2017.06.14-11.15.49:178][  0]LogD3D11RHI:      Driver Date: 3-18-2016
[2017.06.14-11.15.49:178][  0]LogRHI: Texture pool is 1361 MB (70% of 1945 MB)
[2017.06.14-11.15.49:193][  0]LogD3D11RHI: Async texture creation enabled
[2017.06.14-11.15.49:207][  0]LogD3D11RHI: GPU Timing Frequency: 1000.000000 (Debug: 2 2)
[2017.06.14-11.15.49:207][  0]LogShaderCompilers: Guid format shader working directory is -28 characters bigger than the processId version (../../../../../../Users/i7230020.STUDENT.000/Documents/GitHub/MastersProject/Ava/Intermediate/Shaders/WorkingDirectory/64420/).
[2017.06.14-11.15.49:208][  0]LogShaderCompilers: Cleaned the shader compiler working directory 'C:/Users/I72300~1.000/AppData/Local/Temp/UnrealShaderWorkingDir/E4DB6CB64041CB74101C36A52A7FF89D/'.
[2017.06.14-11.15.49:208][  0]LogShaderCompilers:Display: Using Local Shader Compiler.
[2017.06.14-11.15.50:252][  0]LogTemp:Display: Loaded TP AllDesktopTargetPlatform
[2017.06.14-11.15.50:263][  0]LogTemp:Display: Loaded TP WindowsClientTargetPlatform
[2017.06.14-11.15.50:276][  0]LogTemp:Display: Loaded TP WindowsNoEditorTargetPlatform
[2017.06.14-11.15.50:287][  0]LogTemp:Display: Loaded TP WindowsServerTargetPlatform
[2017.06.14-11.15.50:298][  0]LogTemp:Display: Loaded TP WindowsTargetPlatform
[2017.06.14-11.15.50:308][  0]LogTemp:Display: Loaded TP AndroidTargetPlatform
[2017.06.14-11.15.50:317][  0]LogTemp:Display: Loaded TP Android_ASTCTargetPlatform
[2017.06.14-11.15.50:327][  0]LogTemp:Display: Loaded TP Android_ATCTargetPlatform
[2017.06.14-11.15.50:337][  0]LogTemp:Display: Loaded TP Android_DXTTargetPlatform
[2017.06.14-11.15.50:348][  0]LogTemp:Display: Loaded TP Android_ETC1TargetPlatform
[2017.06.14-11.15.50:360][  0]LogTemp:Display: Loaded TP Android_ETC2TargetPlatform
[2017.06.14-11.15.50:382][  0]LogTemp:Display: Loaded TP Android_MultiTargetPlatform
[2017.06.14-11.15.50:382][  0]LogTemp:Display: Loaded TP Android_PVRTCTargetPlatform
[2017.06.14-11.15.50:385][  0]LogTemp:Display: Loaded TP HTML5TargetPlatform
[2017.06.14-11.15.50:412][  0]LogTemp:Display: Loaded TP IOSTargetPlatform
[2017.06.14-11.15.50:422][  0]LogTemp:Display: Loaded TP TVOSTargetPlatform
[2017.06.14-11.15.50:432][  0]LogTemp:Display: Loaded TP LinuxNoEditorTargetPlatform
[2017.06.14-11.15.50:445][  0]LogTemp:Display: Loaded TP LinuxServerTargetPlatform
[2017.06.14-11.15.50:455][  0]LogTemp:Display: Loaded TP LinuxTargetPlatform
[2017.06.14-11.15.50:455][  0]LogTargetPlatformManager:Display: Building Assets For Windows
[2017.06.14-11.15.50:597][  0]LogDerivedDataCache:Display: Max Cache Size: 512 MB
[2017.06.14-11.15.50:653][  0]LogDerivedDataCache: Loaded boot cache 0.06s 49MB C:/Users/i7230020.STUDENT.000/AppData/Local/UnrealEngine/4.12/DerivedDataCache/Boot.ddc.
[2017.06.14-11.15.50:654][  0]LogDerivedDataCache:Display: Loaded Boot cache: C:/Users/i7230020.STUDENT.000/AppData/Local/UnrealEngine/4.12/DerivedDataCache/Boot.ddc
[2017.06.14-11.15.50:654][  0]LogDerivedDataCache: FDerivedDataBackendGraph:  Pak pak cache file ../../../../../../Users/i7230020.STUDENT.000/Documents/GitHub/MastersProject/Ava/DerivedDataCache/DDC.ddp not found, will not use a pak cache.
[2017.06.14-11.15.50:654][  0]LogDerivedDataCache: Unable to find inner node Pak for hierarchical cache Hierarchy.
[2017.06.14-11.15.50:654][  0]LogDerivedDataCache: FDerivedDataBackendGraph:  CompressedPak pak cache file ../../../../../../Users/i7230020.STUDENT.000/Documents/GitHub/MastersProject/Ava/DerivedDataCache/Compressed.ddp not found, will not use a pak cache.
[2017.06.14-11.15.50:654][  0]LogDerivedDataCache: Unable to find inner node CompressedPak for hierarchical cache Hierarchy.
[2017.06.14-11.15.50:671][  0]LogDerivedDataCache:Display: Pak cache opened for reading ../../../Engine/DerivedDataCache/Compressed.ddp.
[2017.06.14-11.15.50:686][  0]LogDerivedDataCache: Using Local data cache path C:/Users/i7230020.STUDENT.000/AppData/Local/UnrealEngine/Common/DerivedDataCache: Writable
[2017.06.14-11.15.50:874][  0]LogInit: Selected Device Profile: [Windows]
[2017.06.14-11.15.50:874][  0]LogContentStreaming: Texture pool size is 0.00 MB
[2017.06.14-11.15.51:059][  0]LogMeshUtilities: No automatic mesh reduction module available
[2017.06.14-11.15.51:059][  0]LogMeshUtilities: No automatic mesh merging module available
[2017.06.14-11.15.51:059][  0]LogMeshUtilities: No distributed automatic mesh merging module available
[2017.06.14-11.15.51:297][  0]LogAssetRegistry: FAssetRegistry took 0.0221 seconds to start up
[2017.06.14-11.15.51:377][  0]LogPackageLocalizationCache: Processed 4 localized package path(s) for 2 prioritized culture(s) in 0.076150 seconds
[2017.06.14-11.15.51:381][  0]LogUObjectArray: 28739 objects as part of root set at end of initial load.
[2017.06.14-11.15.51:381][  0]LogUObjectAllocator: 5855624 out of 0 bytes used by permanent object pool.
[2017.06.14-11.15.51:381][  0]LogUObjectArray: CloseDisregardForGC: 0/0 objects in disregard for GC pool
[2017.06.14-11.15.51:392][  0]LogInit: WinSock: version 1.1 (2.2), MaxSocks=32767, MaxUdp=65467
[2017.06.14-11.15.51:635][  0]LogSlate: SlateFontCache - WITH_FREETYPE: 1, WITH_HARFBUZZ: 1
[2017.06.14-11.15.51:635][  0]LogSlate: SlateFontCache - WITH_FREETYPE: 1, WITH_HARFBUZZ: 1
[2017.06.14-11.15.52:424][  0]LogUdpMessaging: Initializing bridge on interface 0.0.0.0:0 to multicast group 230.0.0.1:6666.
[2017.06.14-11.15.52:712][  0]SourceControl: Info Source control is disabled
[2017.06.14-11.15.52:715][  0]SourceControl: Info Source control is disabled
[2017.06.14-11.15.52:730][  0]SourceControl: Info Source control is disabled
[2017.06.14-11.15.52:748][  0]SourceControl: Info Source control is disabled
[2017.06.14-11.15.52:945][  0]LogHoudiniEngine: Starting the Houdini Engine module.
[2017.06.14-11.15.52:947][  0]LogHoudiniEngine: Loaded libHAPIL.dll from Registry path C:\Program Files\Side Effects Software\Houdini 15.5.632/bin
[2017.06.14-11.15.52:947][  0]LogLinker:Warning: Asset '../../../Engine/Plugins/Runtime/HoudiniEngine/Content/houdini_logo.uasset' has been saved with empty engine version. The asset will be loaded but may be incompatible.
[2017.06.14-11.15.52:949][  0]LogLinker:Warning: Asset '../../../Engine/Plugins/Runtime/HoudiniEngine/Content/houdini_default_material.uasset' has been saved with empty engine version. The asset will be loaded but may be incompatible.
[2017.06.14-11.15.52:953][  0]LogLinker:Warning: Asset '../../../Engine/Plugins/Runtime/HoudiniEngine/Content/houdini_bgeo_import.uasset' has been saved with empty engine version. The asset will be loaded but may be incompatible.
[2017.06.14-11.15.54:172][  0]LogHoudiniEngine: Successfully initialized the Houdini Engine API module.
[2017.06.14-11.15.54:331][  0]LogEngine: Initializing Engine...
[2017.06.14-11.15.54:334][  0]LogHMD: SteamVR failed to initialize.  Err: 110
[2017.06.14-11.15.54:337][  0]LogHMD: SteamVR failed to initialize.  Err: 110
[2017.06.14-11.15.54:465][  0]LogAIModule: Creating AISystem for world NewWorld
[2017.06.14-11.15.54:476][  0]LogInit: XAudio2 using 'Speakers (Realtek High Definition Audio)' : 2 channels at 48 kHz using 32 bits per sample (channel mask 0x3)
[2017.06.14-11.15.54:488][  0]LogInit: FAudioDevice initialized.
[2017.06.14-11.15.54:512][  0]LogDerivedDataCache: Saved boot cache 0.02s 49MB C:/Users/i7230020.STUDENT.000/AppData/Local/UnrealEngine/4.12/DerivedDataCache/Boot.ddc.
[2017.06.14-11.15.54:517][  0]LogInit: Texture streaming: Enabled
[2017.06.14-11.15.54:552][  0]LogInit: Transaction tracking system initialized
[2017.06.14-11.15.54:587][  0]BlueprintLog: New page: Editor Load
[2017.06.14-11.15.54:701][  0]LocalizationService: Info Localization service is disabled
[2017.06.14-11.15.54:801][  0]LogConsoleResponse:Display: 
[2017.06.14-11.15.54:908][  0]LogCook:Display: Max memory allowance for cook 8192mb
[2017.06.14-11.15.54:908][  0]LogCook:Display: Mobile HDR setting 1
[2017.06.14-11.15.55:014][  0]LogFileCache: Scanning file cache for directory 'C:/Users/i7230020.STUDENT.000/Documents/GitHub/MastersProject/Ava/Content/' took 0.02s
[2017.06.14-11.15.55:014][  0]LogHoudiniEngineEditor: Starting the Houdini Engine Editor module.
[2017.06.14-11.15.55:072][  0]SourceControl: Info Source control is disabled
[2017.06.14-11.15.55:072][  0]Cmd: MAP LOAD FILE="../../../../../../Users/i7230020.STUDENT.000/Documents/GitHub/MastersProject/Ava/Content/StarterContent/Maps/Minimal_Default.umap" TEMPLATE=0 SHOWPROGRESS=1 FEATURELEVEL=3
[2017.06.14-11.15.55:073][  0]LogEditorServer:Warning: Can't find file '../../../../../../Users/i7230020.STUDENT.000/Documents/GitHub/MastersProject/Ava/Content/StarterContent/Maps/Minimal_Default.umap'
[2017.06.14-11.15.55:073][  0]Cmd: MAP CHECKDEP NOCLEARLOG
[2017.06.14-11.15.55:155][  0]MapCheck: Info Map check complete: 0 Error(s), 0 Warning(s), took 82.19ms to complete.
[2017.06.14-11.15.55:155][  0]LogFileHelpers: Loading map 'Minimal_Default' took 0.083
[2017.06.14-11.15.55:271][  0]LogCollectionManager: Loaded 0 collections in 0.002789 seconds
[2017.06.14-11.15.55:318][  0]LogFileCache: Scanning file cache for directory 'C:/Users/i7230020.STUDENT.000/Documents/GitHub/MastersProject/Ava/Saved/Collections/' took 0.01s
[2017.06.14-11.15.55:318][  0]LogFileCache: Scanning file cache for directory 'C:/Users/i7230020.STUDENT.000/Documents/GitHub/MastersProject/Ava/Content/Developers/i7230020/Collections/' took 0.01s
[2017.06.14-11.15.55:319][  0]LogFileCache: Scanning file cache for directory 'C:/Users/i7230020.STUDENT.000/Documents/GitHub/MastersProject/Ava/Content/Collections/' took 0.01s
[2017.06.14-11.15.55:319][  0]LogCollectionManager: Rebuilt the GUID cache for 0 collections in 0.000002 seconds
[2017.06.14-11.15.55:327][  0]LogContentBrowser: Native class hierarchy populated in 0.0087 seconds. Added 2082 classes and 376 folders.
[2017.06.14-11.15.55:332][  0]LogStats: UGameplayTagsManager::ConstructGameplayTagTree: Construct from data asset -  0.000 s
[2017.06.14-11.15.55:332][  0]LogStats: UGameplayTagsManager::ConstructGameplayTagTree: GameplayTagTreeChangedEvent.Broadcast -  0.000 s
[2017.06.14-11.15.55:335][  0]LogContentBrowser: Native class hierarchy updated for 'GameplayTags' in 0.0023 seconds. Added 12 classes and 0 folders.
[2017.06.14-11.15.55:344][  0]LogContentBrowser: Native class hierarchy updated for 'WidgetCarousel' in 0.0030 seconds. Added 0 classes and 0 folders.
[2017.06.14-11.15.55:419][  0]LogContentBrowser: Native class hierarchy updated for 'AddContentDialog' in 0.0023 seconds. Added 0 classes and 0 folders.
[2017.06.14-11.15.55:427][  0]LogContentBrowser: Native class hierarchy updated for 'SceneOutliner' in 0.0032 seconds. Added 1 classes and 2 folders.
[2017.06.14-11.15.55:440][  0]LogCrashTracker: Crashtracker disabled due to settings.
[2017.06.14-11.15.55:445][  0]LogUObjectGlobals:Warning: Failed to find object 'Class None.'
[2017.06.14-11.15.55:474][  0]LogContentBrowser: Native class hierarchy updated for 'HierarchicalLODOutliner' in 0.0024 seconds. Added 1 classes and 2 folders.
[2017.06.14-11.15.55:474][  0]LogLoad: Full Startup: 8.15 seconds (BP compile: 0.00 seconds)
[2017.06.14-11.15.55:474][  0]LogExternalProfiler: Found external profiler: VSPerf
[2017.06.14-11.15.55:474][  0]LogExternalProfiler: Using external profiler: VSPerf
[2017.06.14-11.15.55:488][  0]LogOcInput: OculusInput pre-init called
[2017.06.14-11.15.55:508][  0]LogContentStreaming: Texture pool size now 1000 MB
[2017.06.14-11.15.55:668][  0]LogRenderer: Reallocating scene render targets to support 1776x668 (Frame:2).
[2017.06.14-11.15.55:821][  1]LogAssetRegistry: Asset discovery search completed in 4.5464 seconds
[2017.06.14-11.15.55:821][  1]LogCollectionManager: Rebuilt the object cache for 0 collections in 0.000001 seconds (found 0 objects)
[2017.06.14-11.15.55:821][  1]LogCollectionManager: Fixed up redirectors for 0 collections in 0.000099 seconds (updated 0 objects)
[2017.06.14-11.15.57:956][181]LogPlayLevel: PlayLevel: No blueprints needed recompiling
[2017.06.14-11.15.57:958][181]PIE: New page: SIE session: Untitled_0 (14 Jun 2017 12:15:57)
[2017.06.14-11.15.57:958][181]LogPlayLevel: Creating play world package: /Temp/UEDPIE_0_Untitled_0
[2017.06.14-11.15.57:958][181]LogPlayLevel: PIE: StaticDuplicateObject took: (0.000584s)
[2017.06.14-11.15.57:959][181]LogAIModule: Creating AISystem for world NewWorld
[2017.06.14-11.15.57:959][181]LogPlayLevel: PIE: World Init took: (0.000587s)
[2017.06.14-11.15.57:960][181]LogPlayLevel: PIE: Created PIE world by copying editor world from /Temp/Untitled_0.NewWorld to /Temp/UEDPIE_0_Untitled_0.NewWorld (0.001947s)
[2017.06.14-11.15.57:970][181]LogInit: XAudio2 using 'Speakers (Realtek High Definition Audio)' : 2 channels at 48 kHz using 32 bits per sample (channel mask 0x3)
[2017.06.14-11.15.57:977][181]LogInit: FAudioDevice initialized.
[2017.06.14-11.15.58:037][181]LogWorld: Game class is 'AvaGameMode'
[2017.06.14-11.15.58:039][181]LogWorld: Bringing World /Temp/UEDPIE_0_Untitled_0.NewWorld up for play (max tick rate 0) at 2017.06.14-12.15.58
[2017.06.14-11.15.58:040][181]LogWorld: Bringing up level for play took: 0.001233
[2017.06.14-11.15.58:041][181]LogGameMode: Warning - PATHS NOT DEFINED or NO PLAYERSTART with positive rating
[2017.06.14-11.15.58:048][181]LogContentBrowser: Native class hierarchy updated for 'MovieSceneCapture' in 0.0024 seconds. Added 11 classes and 0 folders.
[2017.06.14-11.15.58:048][181]PIE: Info Play in editor start time for /Temp/UEDPIE_0_Untitled_0 1.059
[2017.06.14-11.16.03:063][561]LogAIModule: Creating AISystem for world MainMenu
[2017.06.14-11.16.03:076][561]Cmd: MAP LOAD FILE="../../../../../../Users/i7230020.STUDENT.000/Documents/GitHub/MastersProject/Ava/Content/Ava/Maps/MainMenu.umap" TEMPLATE=0 SHOWPROGRESS=1 FEATURELEVEL=3
[2017.06.14-11.16.03:076][561]LightingResults: New page: Lighting Build
[2017.06.14-11.16.03:082][561]LogContentBrowser: Native class hierarchy updated for 'StatsViewer' in 0.0024 seconds. Added 5 classes and 0 folders.
[2017.06.14-11.16.03:083][561]LoadErrors: New page: Loading map: MainMenu.umap
[2017.06.14-11.16.03:083][561]MapCheck: New page: Map Check
[2017.06.14-11.16.03:083][561]LightingResults: New page: Lighting Build
[2017.06.14-11.16.03:090][561]LogEditorServer: Finished looking for orphan Actors (0.000 secs)
[2017.06.14-11.16.03:111][561]Cmd: MAP CHECKDEP NOCLEARLOG
[2017.06.14-11.16.03:186][561]MapCheck: Info Map check complete: 0 Error(s), 0 Warning(s), took 75.089ms to complete.
[2017.06.14-11.16.03:186][561]LogFileHelpers: Loading map 'MainMenu' took 0.111
[2017.06.14-11.16.04:530][672]LogBlueprintUserMessages: Early PlayInEditor Detection: Level '/Game/Ava/Maps/MainMenu.MainMenu:PersistentLevel' has LevelScriptBlueprint '/Game/Ava/Maps/MainMenu.MainMenu:PersistentLevel.MainMenu' with GeneratedClass '