Log file open, 06/21/17 09:58:19
LogInit:Display: Running engine for game: Ava
LogPlatformFile: Not using cached read wrapper
LogInit:Display: RandInit(937378581) SRandInit(937378583).
LogTaskGraph: Started task graph with 4 named threads and 9 total threads with 1 sets of task threads.
LogStats: Stats thread started at 0.126684
LogInit: Version: 4.12.5-3039270+++UE4+Release-4.12
LogInit: API Version: 2992821
LogInit: Net Version: 3039270
LogDevObjectVersion: Number of dev versions registered: 13
LogDevObjectVersion:   Dev-Blueprints (B0D832E4-1F89-4F0D-ACCF-7EB736FD4AA2): 3
LogDevObjectVersion:   Dev-Build (E1C64328-A22C-4D53-A36C-8E866417BD8C): 0
LogDevObjectVersion:   Dev-Core (375EC13C-06E4-48FB-B500-84F0262A717E): 1
LogDevObjectVersion:   Dev-Editor (E4B068ED-F494-42E9-A231-DA0B2E46BB41): 2
LogDevObjectVersion:   Dev-Framework (CFFC743F-43B0-4480-9391-14DF171D2073): 6
LogDevObjectVersion:   Dev-Mobile (B02B49B5-BB20-44E9-A304-32B752E40360): 0
LogDevObjectVersion:   Dev-Networking (A4E4105C-59A1-49B5-A7C5-40C4547EDFEE): 0
LogDevObjectVersion:   Dev-Online (39C831C9-5AE6-47DC-9A44-9C173E1C8E7C): 0
LogDevObjectVersion:   Dev-Physics (78F01B33-EBEA-4F98-B9B4-84EACCB95AA2): 0
LogDevObjectVersion:   Dev-Platform (6631380F-2D4D-43E0-8009-CF276956A95A): 0
LogDevObjectVersion:   Dev-Rendering (12F88B9F-8875-4AFC-A67C-D90C383ABD29): 2
LogDevObjectVersion:   Dev-Sequencer (7B5AE74C-D270-4C10-A958-57980B212A5A): 0
LogDevObjectVersion:   Dev-VR (D7296918-1DD6-4BDD-9DE2-64A83CC13884): 0
LogInit: Compiled (64-bit): Jul  6 2016 09:09:46
LogInit: Compiled with Visual C++: 19.00.23026.00
LogInit: Build Configuration: Development
LogInit: Branch Name: ++UE4+Release-4.12
LogInit: Command line:  
LogInit: Base directory: C:/Program Files/Epic Games/4.12/Engine/Binaries/Win64/
LogInit: Installed Engine Build: 1
LogInit: Using libcurl 7.41.0
LogInit:  - built for x86_64-pc-win32
LogInit:  - supports SSL with WinSSL
LogInit:  - other features:
LogInit:      CURL_VERSION_SSL
LogInit:      CURL_VERSION_IPV6
LogInit:      CURL_VERSION_ASYNCHDNS
LogInit:      CURL_VERSION_LARGEFILE
LogInit:      CURL_VERSION_IDN
LogInit:  CurlRequestOptions (configurable via config and command line):
LogInit:  - bVerifyPeer = true  - Libcurl will verify peer certificate
LogInit:  - bUseHttpProxy = false  - Libcurl will NOT use HTTP proxy
LogInit:  - bDontReuseConnections = false  - Libcurl will reuse connections
LogInit:  - CertBundlePath = nullptr  - Libcurl will use whatever was configured at build time.
LogInit: Presizing for max 8388607 objects, including 0 objects not considered by GC, pre-allocating 0 bytes for permanent pool.
LogInit: Object subsystem initialized
[2017.06.21-08.58.19:222][  0]LogInit: Selected Device Profile: [Windows]
[2017.06.21-08.58.19:222][  0]LogInit: Applying CVar settings loaded from the selected device profile: [Windows]
[2017.06.21-08.58.19:236][  0]LogInit: Computer: PC42640
[2017.06.21-08.58.19:236][  0]LogInit: User: i7230020
[2017.06.21-08.58.19:236][  0]LogInit: CPU Page size=65536, Cores=6
[2017.06.21-08.58.19:236][  0]LogInit: High frequency timer resolution =3.410136 MHz
[2017.06.21-08.58.19:236][  0]LogMemory: Memory total: Physical=31.9GB (32GB approx)
[2017.06.21-08.58.19:236][  0]LogMemory: Platform Memory Stats for Windows
[2017.06.21-08.58.19:236][  0]LogMemory: Process Physical Memory: 195.18 MB used, 195.18 MB peak
[2017.06.21-08.58.19:236][  0]LogMemory: Process Virtual Memory: 198.88 MB used, 198.88 MB peak
[2017.06.21-08.58.19:236][  0]LogMemory: Physical Memory: 10509.64 MB used, 32684.15 MB total
[2017.06.21-08.58.19:236][  0]LogMemory: Virtual Memory: 538.89 MB used, 8388608.00 MB total
[2017.06.21-08.58.19:325][  0]LogTextLocalizationManager: No specific translations for ('en-GB') exist, so ('en') translations will be used.
[2017.06.21-08.58.19:698][  0]LogD3D11RHI: D3D11 adapters:
[2017.06.21-08.58.19:723][  0]LogD3D11RHI:    0. 'NVIDIA Quadro M4000' (Feature Level 11_0)
[2017.06.21-08.58.19:723][  0]LogD3D11RHI:       8092/0/16086 MB DedicatedVideo/DedicatedSystem/SharedSystem, Outputs:1, VendorId:0x10de
[2017.06.21-08.58.19:723][  0]LogD3D11RHI: Chosen D3D11 Adapter: 0
[2017.06.21-08.58.19:733][  0]LogD3D11RHI: Creating new Direct3DDevice
[2017.06.21-08.58.19:733][  0]LogD3D11RHI:     GPU DeviceId: 0x13f1 (for the marketing name, search the web for "GPU Device Id")
[2017.06.21-08.58.19:733][  0]LogWindows: EnumDisplayDevices:
[2017.06.21-08.58.19:734][  0]LogWindows:    0. 'NVIDIA Quadro M4000' (P:1 D:1)
[2017.06.21-08.58.19:735][  0]LogWindows:    1. 'NVIDIA Quadro M4000' (P:0 D:0)
[2017.06.21-08.58.19:736][  0]LogWindows:    2. 'NVIDIA Quadro M4000' (P:0 D:0)
[2017.06.21-08.58.19:737][  0]LogWindows:    3. 'NVIDIA Quadro M4000' (P:0 D:0)
[2017.06.21-08.58.19:737][  0]LogWindows:    4. 'RDPDD Chained DD' (P:0 D:0)
[2017.06.21-08.58.19:738][  0]LogWindows:    5. 'RDP Encoder Mirror Driver' (P:0 D:0)
[2017.06.21-08.58.19:739][  0]LogWindows:    6. 'RDP Reflector Display Driver' (P:0 D:0)
[2017.06.21-08.58.19:739][  0]LogWindows: DebugString: GetVideoDriverDetailsInvalid PrimaryIsNotTheChoosenAdapter GetVideoDriverDetailsInvalid PrimaryIsNotTheChoosenAdapter GetVideoDriverDetailsInvalid PrimaryIsNotTheChoosenAdapter FoundDriverCount:4 
[2017.06.21-08.58.19:739][  0]LogD3D11RHI:     Adapter Name: NVIDIA Quadro M4000
[2017.06.21-08.58.19:739][  0]LogD3D11RHI:   Driver Version: 362.13 (internal:10.18.13.6213, unified:362.13)
[2017.06.21-08.58.19:739][  0]LogD3D11RHI:      Driver Date: 3-18-2016
[2017.06.21-08.58.19:739][  0]LogRHI: Texture pool is 1361 MB (70% of 1945 MB)
[2017.06.21-08.58.19:760][  0]LogD3D11RHI: Async texture creation enabled
[2017.06.21-08.58.19:779][  0]LogD3D11RHI: GPU Timing Frequency: 1000.000000 (Debug: 2 2)
[2017.06.21-08.58.19:779][  0]LogShaderCompilers: Guid format shader working directory is -28 characters bigger than the processId version (../../../../../../Users/i7230020.STUDENT.000/Documents/GitHub/MastersProject/Ava/Intermediate/Shaders/WorkingDirectory/13692/).
[2017.06.21-08.58.19:780][  0]LogShaderCompilers: Cleaned the shader compiler working directory 'C:/Users/I72300~1.000/AppData/Local/Temp/UnrealShaderWorkingDir/079497FA494301211AAC398A63243BC6/'.
[2017.06.21-08.58.19:780][  0]LogShaderCompilers:Display: Using Local Shader Compiler.
[2017.06.21-08.58.20:983][  0]LogTemp:Display: Loaded TP AllDesktopTargetPlatform
[2017.06.21-08.58.20:991][  0]LogTemp:Display: Loaded TP WindowsClientTargetPlatform
[2017.06.21-08.58.21:000][  0]LogTemp:Display: Loaded TP WindowsNoEditorTargetPlatform
[2017.06.21-08.58.21:014][  0]LogTemp:Display: Loaded TP WindowsServerTargetPlatform
[2017.06.21-08.58.21:022][  0]LogTemp:Display: Loaded TP WindowsTargetPlatform
[2017.06.21-08.58.21:030][  0]LogTemp:Display: Loaded TP AndroidTargetPlatform
[2017.06.21-08.58.21:038][  0]LogTemp:Display: Loaded TP Android_ASTCTargetPlatform
[2017.06.21-08.58.21:045][  0]LogTemp:Display: Loaded TP Android_ATCTargetPlatform
[2017.06.21-08.58.21:053][  0]LogTemp:Display: Loaded TP Android_DXTTargetPlatform
[2017.06.21-08.58.21:060][  0]LogTemp:Display: Loaded TP Android_ETC1TargetPlatform
[2017.06.21-08.58.21:068][  0]LogTemp:Display: Loaded TP Android_ETC2TargetPlatform
[2017.06.21-08.58.21:083][  0]LogTemp:Display: Loaded TP Android_MultiTargetPlatform
[2017.06.21-08.58.21:083][  0]LogTemp:Display: Loaded TP Android_PVRTCTargetPlatform
[2017.06.21-08.58.21:084][  0]LogTemp:Display: Loaded TP HTML5TargetPlatform
[2017.06.21-08.58.21:105][  0]LogTemp:Display: Loaded TP IOSTargetPlatform
[2017.06.21-08.58.21:112][  0]LogTemp:Display: Loaded TP TVOSTargetPlatform
[2017.06.21-08.58.21:119][  0]LogTemp:Display: Loaded TP LinuxNoEditorTargetPlatform
[2017.06.21-08.58.21:127][  0]LogTemp:Display: Loaded TP LinuxServerTargetPlatform
[2017.06.21-08.58.21:135][  0]LogTemp:Display: Loaded TP LinuxTargetPlatform
[2017.06.21-08.58.21:135][  0]LogTargetPlatformManager:Display: Building Assets For Windows
[2017.06.21-08.58.21:215][  0]LogDerivedDataCache:Display: Max Cache Size: 512 MB
[2017.06.21-08.58.21:261][  0]LogDerivedDataCache: Loaded boot cache 0.05s 49MB C:/Users/i7230020.STUDENT.000/AppData/Local/UnrealEngine/4.12/DerivedDataCache/Boot.ddc.
[2017.06.21-08.58.21:262][  0]LogDerivedDataCache:Display: Loaded Boot cache: C:/Users/i7230020.STUDENT.000/AppData/Local/UnrealEngine/4.12/DerivedDataCache/Boot.ddc
[2017.06.21-08.58.21:262][  0]LogDerivedDataCache: FDerivedDataBackendGraph:  Pak pak cache file ../../../../../../Users/i7230020.STUDENT.000/Documents/GitHub/MastersProject/Ava/DerivedDataCache/DDC.ddp not found, will not use a pak cache.
[2017.06.21-08.58.21:262][  0]LogDerivedDataCache: Unable to find inner node Pak for hierarchical cache Hierarchy.
[2017.06.21-08.58.21:262][  0]LogDerivedDataCache: FDerivedDataBackendGraph:  CompressedPak pak cache file ../../../../../../Users/i7230020.STUDENT.000/Documents/GitHub/MastersProject/Ava/DerivedDataCache/Compressed.ddp not found, will not use a pak cache.
[2017.06.21-08.58.21:262][  0]LogDerivedDataCache: Unable to find inner node CompressedPak for hierarchical cache Hierarchy.
[2017.06.21-08.58.21:276][  0]LogDerivedDataCache:Display: Pak cache opened for reading ../../../Engine/DerivedDataCache/Compressed.ddp.
[2017.06.21-08.58.21:288][  0]LogDerivedDataCache: Using Local data cache path C:/Users/i7230020.STUDENT.000/AppData/Local/UnrealEngine/Common/DerivedDataCache: Writable
[2017.06.21-08.58.21:461][  0]LogInit: Selected Device Profile: [Windows]
[2017.06.21-08.58.21:462][  0]LogContentStreaming: Texture pool size is 0.00 MB
[2017.06.21-08.58.21:615][  0]LogMeshUtilities: No automatic mesh reduction module available
[2017.06.21-08.58.21:615][  0]LogMeshUtilities: No automatic mesh merging module available
[2017.06.21-08.58.21:615][  0]LogMeshUtilities: No distributed automatic mesh merging module available
[2017.06.21-08.58.21:897][  0]LogAssetRegistry: FAssetRegistry took 0.0203 seconds to start up
[2017.06.21-08.58.22:007][  0]LogPackageLocalizationCache: Processed 4 localized package path(s) for 2 prioritized culture(s) in 0.102314 seconds
[2017.06.21-08.58.22:015][  0]LogUObjectArray: 28739 objects as part of root set at end of initial load.
[2017.06.21-08.58.22:015][  0]LogUObjectAllocator: 5855632 out of 0 bytes used by permanent object pool.
[2017.06.21-08.58.22:015][  0]LogUObjectArray: CloseDisregardForGC: 0/0 objects in disregard for GC pool
[2017.06.21-08.58.22:027][  0]LogInit: WinSock: version 1.1 (2.2), MaxSocks=32767, MaxUdp=65467
[2017.06.21-08.58.22:282][  0]LogSlate: SlateFontCache - WITH_FREETYPE: 1, WITH_HARFBUZZ: 1
[2017.06.21-08.58.22:282][  0]LogSlate: SlateFontCache - WITH_FREETYPE: 1, WITH_HARFBUZZ: 1
[2017.06.21-08.58.23:401][  0]LogUdpMessaging: Initializing bridge on interface 0.0.0.0:0 to multicast group 230.0.0.1:6666.
[2017.06.21-08.58.23:724][  0]SourceControl: Info Source control is disabled
[2017.06.21-08.58.23:731][  0]SourceControl: Info Source control is disabled
[2017.06.21-08.58.23:760][  0]SourceControl: Info Source control is disabled
[2017.06.21-08.58.23:779][  0]SourceControl: Info Source control is disabled
[2017.06.21-08.58.23:944][  0]LogHoudiniEngine: Starting the Houdini Engine module.
[2017.06.21-08.58.23:944][  0]LogHoudiniEngine: Loaded libHAPIL.dll from Registry path C:\Program Files\Side Effects Software\Houdini 15.5.632/bin
[2017.06.21-08.58.23:945][  0]LogLinker:Warning: Asset '../../../Engine/Plugins/Runtime/HoudiniEngine/Content/houdini_logo.uasset' has been saved with empty engine version. The asset will be loaded but may be incompatible.
[2017.06.21-08.58.23:947][  0]LogLinker:Warning: Asset '../../../Engine/Plugins/Runtime/HoudiniEngine/Content/houdini_default_material.uasset' has been saved with empty engine version. The asset will be loaded but may be incompatible.
[2017.06.21-08.58.23:951][  0]LogLinker:Warning: Asset '../../../Engine/Plugins/Runtime/HoudiniEngine/Content/houdini_bgeo_import.uasset' has been saved with empty engine version. The asset will be loaded but may be incompatible.
[2017.06.21-08.58.25:085][  0]LogHoudiniEngine: Successfully initialized the Houdini Engine API module.
[2017.06.21-08.58.25:300][  0]LogEngine: Initializing Engine...
[2017.06.21-08.58.25:302][  0]LogHMD: SteamVR failed to initialize.  Err: 110
[2017.06.21-08.58.25:303][  0]LogHMD: SteamVR failed to initialize.  Err: 110
[2017.06.21-08.58.25:441][  0]LogAIModule: Creating AISystem for world NewWorld
[2017.06.21-08.58.25:448][  0]LogInit: XAudio2 using 'Speakers (Realtek High Definition Audio)' : 2 channels at 48 kHz using 32 bits per sample (channel mask 0x3)
[2017.06.21-08.58.25:469][  0]LogInit: FAudioDevice initialized.
[2017.06.21-08.58.25:499][  0]LogDerivedDataCache: Saved boot cache 0.03s 49MB C:/Users/i7230020.STUDENT.000/AppData/Local/UnrealEngine/4.12/DerivedDataCache/Boot.ddc.
[2017.06.21-08.58.25:508][  0]LogInit: Texture streaming: Enabled
[2017.06.21-08.58.25:544][  0]LogInit: Transaction tracking system initialized
[2017.06.21-08.58.25:566][  0]BlueprintLog: New page: Editor Load
[2017.06.21-08.58.25:652][  0]LocalizationService: Info Localization service is disabled
[2017.06.21-08.58.25:724][  0]LogConsoleResponse:Display: 
[2017.06.21-08.58.25:900][  0]LogCook:Display: Max memory allowance for cook 8192mb
[2017.06.21-08.58.25:900][  0]LogCook:Display: Mobile HDR setting 1
[2017.06.21-08.58.26:020][  0]LogFileCache: Scanning file cache for directory 'C:/Users/i7230020.STUDENT.000/Documents/GitHub/MastersProject/Ava/Content/' took 0.03s
[2017.06.21-08.58.26:020][  0]LogHoudiniEngineEditor: Starting the Houdini Engine Editor module.
[2017.06.21-08.58.26:067][  0]SourceControl: Info Source control is disabled
[2017.06.21-08.58.26:067][  0]Cmd: MAP LOAD FILE="../../../../../../Users/i7230020.STUDENT.000/Documents/GitHub/MastersProject/Ava/Content/Ava/Maps/MainMenu.umap" TEMPLATE=0 SHOWPROGRESS=1 FEATURELEVEL=3
[2017.06.21-08.58.26:068][  0]LightingResults: New page: Lighting Build
[2017.06.21-08.58.26:070][  0]MapCheck: New page: Map Check
[2017.06.21-08.58.26:070][  0]LightingResults: New page: Lighting Build
[2017.06.21-08.58.26:181][  0]LogAIModule: Creating AISystem for world MainMenu
[2017.06.21-08.58.26:182][  0]LogEditorServer: Finished looking for orphan Actors (0.000 secs)
[2017.06.21-08.58.26:182][  0]Cmd: MAP CHECKDEP NOCLEARLOG
[2017.06.21-08.58.26:245][  0]MapCheck: Info Map check complete: 0 Error(s), 0 Warning(s), took 62.993ms to complete.
[2017.06.21-08.58.26:245][  0]LogFileHelpers: Loading map 'MainMenu' took 0.178
[2017.06.21-08.58.26:357][  0]LogCollectionManager: Loaded 0 collections in 0.001636 seconds
[2017.06.21-08.58.26:402][  0]LogFileCache: Scanning file cache for directory 'C:/Users/i7230020.STUDENT.000/Documents/GitHub/MastersProject/Ava/Saved/Collections/' took 0.01s
[2017.06.21-08.58.26:402][  0]LogFileCache: Scanning file cache for directory 'C:/Users/i7230020.STUDENT.000/Documents/GitHub/MastersProject/Ava/Content/Developers/i7230020/Collections/' took 0.01s
[2017.06.21-08.58.26:402][  0]LogFileCache: Scanning file cache for directory 'C:/Users/i7230020.STUDENT.000/Documents/GitHub/MastersProject/Ava/Content/Collections/' took 0.01s
[2017.06.21-08.58.26:402][  0]LogCollectionManager: Rebuilt the GUID cache for 0 collections in 0.000003 seconds
[2017.06.21-08.58.26:418][  0]LogContentBrowser: Native class hierarchy populated in 0.0156 seconds. Added 2089 classes and 376 folders.
[2017.06.21-08.58.26:423][  0]LogStats: UGameplayTagsManager::ConstructGameplayTagTree: Construct from data asset -  0.000 s
[2017.06.21-08.58.26:424][  0]LogStats: UGameplayTagsManager::ConstructGameplayTagTree: GameplayTagTreeChangedEvent.Broadcast -  0.000 s
[2017.06.21-08.58.26:428][  0]LogContentBrowser: Native class hierarchy updated for 'GameplayTags' in 0.0043 seconds. Added 12 classes and 0 folders.
[2017.06.21-08.58.26:434][  0]LogContentBrowser: Native class hierarchy updated for 'WidgetCarousel' in 0.0023 seconds. Added 0 classes and 0 folders.
[2017.06.21-08.58.26:509][  0]LogContentBrowser: Native class hierarchy updated for 'AddContentDialog' in 0.0023 seconds. Added 0 classes and 0 folders.
[2017.06.21-08.58.26:515][  0]LogContentBrowser: Native class hierarchy updated for 'SceneOutliner' in 0.0023 seconds. Added 1 classes and 2 folders.
[2017.06.21-08.58.26:526][  0]LogCrashTracker: Crashtracker disabled due to settings.
[2017.06.21-08.58.26:575][  0]LogContentBrowser: Native class hierarchy updated for 'HierarchicalLODOutliner' in 0.0024 seconds. Added 1 classes and 2 folders.
[2017.06.21-08.58.26:575][  0]LogLoad: Full Startup: 10.20 seconds (BP compile: 0.02 seconds)
[2017.06.21-08.58.26:575][  0]LogExternalProfiler: Found external profiler: VSPerf
[2017.06.21-08.58.26:575][  0]LogExternalProfiler: Using external profiler: VSPerf
[2017.06.21-08.58.26:586][  0]LogOcInput: OculusInput pre-init called
[2017.06.21-08.58.26:606][  0]LogContentStreaming: Texture pool size now 1000 MB
[2017.06.21-08.58.26:807][  0]LogRenderer: Reallocating scene render targets to support 1616x600 (Frame:2).
[2017.06.21-08.58.26:874][  1]LogAssetRegistry: Asset discovery search completed in 4.9981 seconds
[2017.06.21-08.58.26:874][  1]LogCollectionManager: Rebuilt the object cache for 0 collections in 0.000001 seconds (found 0 objects)
[2017.06.21-08.58.26:874][  1]LogCollectionManager: Fixed up redirectors for 0 collections in 0.000041 seconds (updated 0 objects)
[2017.06.21-08.58.29:041][145]LogBlueprint:Warning: Compiler Warning InputAction Event references unknown Action 'Crouch' for  InputAction Crouch 
[2017.06.21-08.58.29:043][145]LogBlueprint:Warning: Compiler Warning [0012.67] Compile of Ue4ASP_Character successful, but with 1 Warning(s) [in 8 ms] (/Game/AnimStarterPack/Ue4ASP_Character.Ue4ASP_Character)
[2017.06.21-08.58.29:043][145]LogBlueprint:Warning: Compiler Warning [0012.67] Compile of Ue4ASP_Character successful, but with 2 Warning(s) [in 0 ms] (/Game/AnimStarterPack/Ue4ASP_Character.Ue4ASP_Character)
[2017.06.21-08.58.29:043][145]LogBlueprint:Warning: Compiler Warning [0012.67] Compile of Ue4ASP_Character successful, but with 3 Warning(s) [in 0 ms] (/Game/AnimStarterPack/Ue4ASP_Character.Ue4ASP_Character)
[2017.06.21-08.58.29:114][145]LogBlueprint:Warning: Compiler Warning InputAction Event references unknown Action 'Crouch' for  InputAction Crouch 
[2017.06.21-08.58.29:116][145]LogBlueprint:Warning: Compiler Warning [0012.74] Compile of Ue4ASP_Character successful, but with 1 Warning(s) [in 7 ms] (/Game/AnimStarterPack/Ue4ASP_Character.Ue4ASP_Character)
[2017.06.21-08.58.29:116][145]LogBlueprint:Warning: Compiler Warning [0012.74] Compile of Ue4ASP_Character successful, but with 2 Warning(s) [in 0 ms] (/Game/AnimStarterPack/Ue4ASP_Character.Ue4ASP_Character)
[2017.06.21-08.58.29:117][145]LogBlueprint:Warning: Compiler Warning [0012.75] Compile of Ue4ASP_Character successful, but with 3 Warning(s) [in 0 ms] (/Game/AnimStarterPack/Ue4ASP_Character.Ue4ASP_Character)
[2017.06.21-08.58.29:252][145]LogAIModule: Creating AISystem for world ExternalEnvironment
[2017.06.21-08.58.29:295][145]Cmd: MAP LOAD FILE="../../../../../../Users/i7230020.STUDENT.000/Documents/GitHub/MastersProject/Ava/Content/Ava/Maps/ExternalEnvironment.umap" TEMPLATE=0 SHOWPROGRESS=1 FEATURELEVEL=3
[2017.06.21-08.58.29:295][145]LightingResults: New page: Lighting Build
[2017.06.21-08.58.29:296][145]LoadErrors: New page: Loading map: ExternalEnvironment.umap
[2017.06.21-08.58.29:297][145]MapCheck: New page: Map Check
[2017.06.21-08.58.29:297][145]LightingResults: New page: Lighting Build
[2017.06.21-08.58.29:360][145]LogEditorServer: Finished looking for orphan Actors (0.000 secs)
[2017.06.21-08.58.29:389][145]Cmd: MAP CHECKDEP NOCLEARLOG
[2017.06.21-08.58.29:477][145]MapCheck: Info Map check complete: 0 Error(s), 0 Warning(s), took 87.404ms to complete.
[2017.06.21-08.58.29:477][145]LogFileHelpers: Loading map 'ExternalEnvironment' took 0.183
[2017.06.21-08.58.29:506][146]Cmd: UpdateLandscapeEditorData -warnings
[2017.06.21-08.58.29:507][146]Cmd: UpdateLandscapeEditorData
[2017.06.21-08.58.32:331][338]MapCheck: New page: Map Check
[2017.06.21-08.58.32:348][338]Cmd: MAP REBUILD ALLVISIBLE
[2017.06.21-08.58.32:348][338]LogEditorServer: Rebuildmap Clear paths rebuilt
[2017.06.21-08.58.32:373][338]LightingResults: New page: Lighting Build - 21 Jun 2017 09:58:32
[2017.06.21-08.58.32:476][338]LogSwarmInterface: [OpenConnection] Registering TCP channel ...
[2017.06.21-08.58.32:502][338]LogSwarmInterface: [OpenConnection] Connecting to agent ...
[2017.06.21-08.58.32:513][338]LogSwarmInterface: [TryOpenConnection] Testing the Agent
[2017.06.21-08.58.33:032][338]LogSwarmInterface: [TryOpenConnection] Opening Connection to Agent
[2017.06.21-08.58.33:033][338]LogSwarmInterface: [TryOpenConnection] Local Process ID is 13692
[2017.06.21-08.58.37:404][338]LogStaticLightingSystem: Running Lightmass w/ ImmediateImport mode ENABLED
[2017.06.21-08.58.37:404][338]LogStaticLightingSystem: Running Lightmass w/ ImmediateProcess mode ENABLED
[2017.06.21-08.58.37:404][338]LogStaticLightingSystem: Running Lightmass w/ Sorting mode ENABLED
[2017.06.21-08.58.37:404][338]LogStaticLightingSystem: Running Lightmass w/ Mapping paddings ENABLED
[2017.06.21-08.58.37:404][338]LogStaticLightingSystem: Running Lightmass w/ Mapping debug paddings DISABLED
[2017.06.21-08.58.37:599][338]Cmd: MAP CHECK DONTDISPLAYDIALOG
[2017.06.21-08.58.37:600][338]MapCheck: New page: ExternalEnvironment - 21 Jun 2017 09:58:37
[2017.06.21-08.58.37:600][338]MapCheck:Error: Error WorldSettings Maps need lighting rebuilt 
[2017.06.21-08.58.37:684][338]MapCheck: Info Map check complete: 1 Error(s), 0 Warning(s), took 84.675ms to complete.
[2017.06.21-08.58.37:705][338]LogEditorBuildUtils: Build time 0:05
[2017.06.21-08.58.37:804][339]Cmd: UpdateLandscapeEditorData
[2017.06.21-08.58.48:399][572]Job is a success!
[2017.06.21-08.58.49:102][573]LogTexture:Display: Building textures: SkyOcclusion0_1 (AutoDXT)
[2017.06.21-08.58.49:102][573]LogTexture:Display: Building textures: HQ_Lightmap0_1 (AutoDXT)
[2017.06.21-08.58.49:102][573]LogTexture:Display: Building textures: LQ_Lightmap_0_1 (DXT1)
[2017.06.21-08.58.49:102][573]LogTexture:Display: Building textures: SkyOcclusion0_2 (AutoDXT)
[2017.06.21-08.58.49:102][573]LogTexture:Display: Building textures: LQ_Lightmap_0_2 (DXT1)
[2017.06.21-08.58.49:102][573]LogTexture:Display: Building textures: HQ_Lightmap0_2 (AutoDXT)
[2017.06.21-08.58.49:102][573]LogTexture:Display: Building textures: LQ_Lightmap_0_3 (DXT1)
[2017.06.21-08.58.49:102][573]LogTexture:Display: Building textures: SkyOcclusion0_3 (AutoDXT)
[2017.06.21-08.58.49:102][573]LogTexture:Display: Building textures: HQ_Lightmap0_3 (AutoDXT)
[2017.06.21-08.58.49:102][573]LogTexture:Display: Building textures: HQ_Lightmap0_4 (AutoDXT)
[2017.06.21-08.58.49:102][573]LogTexture:Display: Building textures: SkyOcclusion0_4 (AutoDXT)
[2017.06.21-08.58.49:102][573]LogTexture:Display: Building textures: LQ_Lightmap_0_4 (DXT1)
[2017.06.21-08.58.49:102][573]LogTexture:Display: Building textures: SkyOcclusion0_5 (AutoDXT)
[2017.06.21-08.58.49:102][573]LogTexture:Display: Building textures: LQ_Lightmap_0_5 (DXT1)
[2017.06.21-08.58.49:102][573]LogTexture:Display: Building textures: HQ_Lightmap0_5 (AutoDXT)
[2017.06.21-08.58.49:102][573]LogTexture:Display: Building textures: SkyOcclusion0_6 (AutoDXT)
[2017.06.21-08.58.49:102][573]LogTexture:Display: Building textures: HQ_Lightmap0_6 (AutoDXT)
[2017.06.21-08.58.49:102][573]LogTexture:Display: Building textures: LQ_Lightmap_0_6 (DXT1)
[2017.06.21-08.58.49:102][573]LogTexture:Display: Building textures: SkyOcclusion0_7 (AutoDXT)
[2017.06.21-08.58.49:102][573]LogTexture:Display: Building textures: HQ_Lightmap0_7 (AutoDXT)
[2017.06.21-08.58.49:102][573]LogTexture:Display: Building textures: LQ_Lightmap_0_7 (DXT1)
[2017.06.21-08.58.49:102][573]LogTexture:Display: Building textures: SkyOcclusion0_8 (AutoDXT)
[2017.06.21-08.58.49:102][573]LogTexture:Display: Building textures: HQ_Lightmap0_8 (AutoDXT)
[2017.06.21-08.58.49:102][573]LogTexture:Display: Building textures: LQ_Lightmap_0_8 (DXT1)
[2017.06.21-08.58.49:102][573]LogTexture:Display: Building textures: SkyOcclusion0_9 (AutoDXT)
[2017.06.21-08.58.49:102][573]LogTexture:Display: Building textures: HQ_Lightmap0_9 (AutoDXT)
[2017.06.21-08.58.49:102][573]LogTexture:Display: Building textures: LQ_Lightmap_0_9 (DXT1)
[2017.06.21-08.58.49:102][573]LogTexture:Display: Building textures: SkyOcclusion0_10 (AutoDXT)
[2017.06.21-08.58.49:102][573]LogTexture:Display: Building textures: HQ_Lightmap0_10 (AutoDXT)
[2017.06.21-08.58.49:102][573]LogTexture:Display: Building textures: LQ_Lightmap_0_10 (DXT1)
[2017.06.21-08.58.49:102][573]LogTexture:Display: Building textures: SkyOcclusion0_11 (AutoDXT)
[2017.06.21-08.58.49:102][573]LogTexture:Display: Building textures: HQ_Lightmap0_11 (AutoDXT)
[2017.06.21-08.58.49:102][573]LogTexture:Display: Building textures: LQ_Lightmap_0_11 (DXT1)
[2017.06.21-08.58.49:102][573]LogTexture:Display: Building textures: SkyOcclusion0_12 (AutoDXT)
[2017.06.21-08.58.49:102][573]LogTexture:Display: Building textures: HQ_Lightmap0_12 (AutoDXT)
[2017.06.21-08.58.49:102][573]LogTexture:Display: Building textures: LQ_Lightmap_0_12 (DXT1)
[2017.06.21-08.58.49:102][573]LogTexture:Display: Building textures: SkyOcclusion0_13 (AutoDXT)
[2017.06.21-08.58.49:102][573]LogTexture:Display: Building textures: HQ_Lightmap0_13 (AutoDXT)
[2017.06.21-08.58.49:102][573]LogTexture:Display: Building textures: LQ_Lightmap_0_13 (DXT1)
[2017.06.21-08.58.49:102][573]LogTexture:Display: Building textures: SkyOcclusion0_14 (AutoDXT)
[2017.06.21-08.58.49:102][573]LogTexture:Display: Building textures: HQ_Lightmap0_14 (AutoDXT)
[2017.06.21-08.58.49:102][573]LogTexture:Display: Building textures: LQ_Lightmap_0_14 (DXT1)
[2017.06.21-08.58.49:102][573]LogTexture:Display: Building textures: SkyOcclusion0_15 (AutoDXT)
[2017.06.21-08.58.49:102][573]LogTexture:Display: Building textures: HQ_Lightmap0_15 (AutoDXT)
[2017.06.21-08.58.49:102][573]LogTexture:Display: Building textures: LQ_Lightmap_0_15 (DXT1)
[2017.06.21-08.58.49:102][573]LogTexture:Display: Building textures: SkyOcclusion0_16 (AutoDXT)
[2017.06.21-08.58.49:102][573]LogTexture:Display: Building textures: HQ_Lightmap0_16 (AutoDXT)
[2017.06.21-08.58.49:102][573]LogTexture:Display: Building textures: LQ_Lightmap_0_16 (DXT1)
[2017.06.21-08.58.49:102][573]LogTexture:Display: Building textures: SkyOcclusion0_17 (AutoDXT)
[2017.06.21-08.58.49:102][573]LogTexture:Display: Building textures: HQ_Lightmap0_17 (AutoDXT)
[2017.06.21-08.58.49:102][573]LogTexture:Display: Building textures: LQ_Lightmap_0_17 (DXT1)
[2017.06.21-08.58.49:103][573]LogTexture:Display: Building textures: SkyOcclusion0_18 (AutoDXT)
[2017.06.21-08.58.49:103][573]LogTexture:Display: Building textures: HQ_Lightmap0_18 (AutoDXT)
[2017.06.21-08.58.49:103][573]LogTexture:Display: Building textures: LQ_Lightmap_0_18 (DXT1)
[2017.06.21-08.58.49:103][573]LogTexture:Display: Building textures: SkyOcclusion0_19 (AutoDXT)
[2017.06.21-08.58.49:103][573]LogTexture:Display: Building textures: HQ_Lightmap0_19 (AutoDXT)
[2017.06.21-08.58.49:103][573]LogTexture:Display: Building textures: LQ_Lightmap_0_19 (DXT1)
[2017.06.21-08.58.49:103][573]LogTexture:Display: Building textures: SkyOcclusion0_20 (AutoDXT)
[2017.06.21-08.58.49:103][573]LogTexture:Display: Building textures: HQ_Lightmap0_20 (AutoDXT)
[2017.06.21-08.58.49:103][573]LogTexture:Display: Building textures: LQ_Lightmap_0_20 (DXT1)
[2017.06.21-08.58.49:103][573]LogTexture:Display: Building textures: SkyOcclusion0_21 (AutoDXT)
[2017.06.21-08.58.49:103][573]LogTexture:Display: Building textures: HQ_Lightmap0_21 (AutoDXT)
[2017.06.21-08.58.49:103][573]LogTexture:Display: Building textures: LQ_Lightmap_0_21 (DXT1)
[2017.06.21-08.58.49:242][573]LogTexture:Display: Building textures: ShadowMapTexture2D_0 (G8)
[2017.06.21-08.58.49:242][573]LogTexture:Display: Building textures: ShadowMapTexture2D_1 (G8)
[2017.06.21-08.58.49:242][573]LogTexture:Display: Building textures: ShadowMapTexture2D_2 (G8)
[2017.06.21-08.58.49:242][573]LogTexture:Display: Building textures: ShadowMapTexture2D_3 (G8)
[2017.06.21-08.58.49:242][573]LogTexture:Display: Building textures: ShadowMapTexture2D_4 (G8)
[2017.06.21-08.58.49:242][573]LogTexture:Display: Building textures: ShadowMapTexture2D_5 (G8)
[2017.06.21-08.58.49:242][573]LogTexture:Display: Building textures: ShadowMapTexture2D_6 (G8)
[2017.06.21-08.58.49:242][573]LogTexture:Display: Building textures: ShadowMapTexture2D_7 (G8)
[2017.06.21-08.58.49:242][573]LogTexture:Display: Building textures: ShadowMapTexture2D_8 (G8)
[2017.06.21-08.58.49:242][573]LogTexture:Display: Building textures: ShadowMapTexture2D_9 (G8)
[2017.06.21-08.58.49:242][573]LogTexture:Display: Building textures: ShadowMapTexture2D_10 (G8)
[2017.06.21-08.58.49:242][573]LogTexture:Display: Building textures: ShadowMapTexture2D_11 (G8)
[2017.06.21-08.58.49:242][573]LogTexture:Display: Building textures: ShadowMapTexture2D_12 (G8)
[2017.06.21-08.58.49:242][573]LogTexture:Display: Building textures: ShadowMapTexture2D_13 (G8)
[2017.06.21-08.58.49:242][573]LogTexture:Display: Building textures: ShadowMapTexture2D_14 (G8)
[2017.06.21-08.58.49:242][573]LogTexture:Display: Building textures: ShadowMapTexture2D_15 (G8)
[2017.06.21-08.58.49:242][573]LogTexture:Display: Building textures: ShadowMapTexture2D_16 (G8)
[2017.06.21-08.58.49:242][573]LogTexture:Display: Building textures: ShadowMapTexture2D_17 (G8)
[2017.06.21-08.58.49:242][573]LogTexture:Display: Building textures: ShadowMapTexture2D_18 (G8)
[2017.06.21-08.58.49:242][573]LogTexture:Display: Building textures: ShadowMapTexture2D_19 (G8)
[2017.06.21-08.58.49:242][573]LogTexture:Display: Building textures: ShadowMapTexture2D_20 (G8)
[2017.06.21-08.58.49:266][573]Lightmass on PC42640: 5.97 sec total, 418 ms importing, 324 ms setup, 727 ms photons, 4.48 sec processing, 0 ms extra exporting [64/64 mappings]. Threads: 48.8 sec total, 31.9 sec processing.
[2017.06.21-08.58.49:280][573]LogStaticLightingSystem: Illumination: 16.5 sec (227 ms encoding lightmaps, 133 ms encoding shadowmaps)
[2017.06.21-08.58.49:280][573]LogStaticLightingSystem: Lightmap texture memory:  2.8 MB (2.8 MB streaming, 0.0 MB non-streaming), 42 textures
[2017.06.21-08.58.49:280][573]LogStaticLightingSystem: Shadowmap texture memory: 0.8 MB (0.8 MB streaming, 0.0 MB non-streaming), 21 textures
[2017.06.21-08.58.49:419][574]Cmd: MAP CHECK NOTIFYRESULTS
[2017.06.21-08.58.49:419][574]MapCheck: New page: ExternalEnvironment - 21 Jun 2017 09:58:49
[2017.06.21-08.58.49:521][574]MapCheck: Info Map check complete: 0 Error(s), 0 Warning(s), took 101.978ms to complete.
[2017.06.21-08.59.01:872][999]LogSavePackage: Save=318.78ms
[2017.06.21-08.59.01:872][999]LogSavePackage: Moving '../../../../../../Users/i7230020.STUDENT.000/Documents/GitHub/MastersProject/Ava/Saved/ExternalEnvironmentC923BFD84C5E2425347569BC11838993.tmp' to '../../../../../../Users/i7230020.STUDENT.000/Documents/GitHub/MastersProject/Ava/Content/Ava/Maps/ExternalEnvironment.umap'
[2017.06.21-08.59.01:881][999]LogSavePackage:Display: Finished SavePackage ../../../../../../Users/i7230020.STUDENT.000/Documents/GitHub/MastersProject/Ava/Content/Ava/Maps/ExternalEnvironment.umap
[2017.06.21-08.59.01:916][999]LogFileHelpers: Saving map 'ExternalEnvironment' took 0.536
[2017.06.21-08.59.03:312][ 71]LogMaterial: Missing cached shader map for material M_Basic_Wall, compiling. 
[2017.06.21-08.59.03:313][ 71]LogMaterial:Warning: Failed to compile Material /Game/StarterContent/Materials/M_Basic_Wall.M_Basic_Wall for platform PCD3D_SM5, Default Material will be used in game.
[2017.06.21-08.59.03:313][ 71]LogMaterial:Warning: 	(Node TextureSample) TextureSample> Missing input texture
[2017.06.21-08.59.03:546][ 71]LogMaterial: Missing cached shader map for material M_Rock_Marble_Polished, compiling. 
[2017.06.21-08.59.03:547][ 71]LogMaterial:Warning: Failed to compile Material /Game/StarterContent/Materials/M_Rock_Marble_Polished.M_Rock_Marble_Polished for platform PCD3D_SM5, Default Material will be used in game.
[2017.06.21-08.59.03:547][ 71]LogMaterial:Warning: 	(Node Desaturation) Missing Desaturation input
[2017.06.21-08.59.03:548][ 71]LogAIModule: Creating AISystem for world PalaceLevel
[2017.06.21-08.59.03:593][ 71]Cmd: MAP LOAD FILE="../../../../../../Users/i7230020.STUDENT.000/Documents/GitHub/MastersProject/Ava/Content/Ava/Maps/PalaceLevel.umap" TEMPLATE=0 SHOWPROGRESS=1 FEATURELEVEL=3
[2017.06.21-08.59.03:593][ 71]LightingResults: New page: Lighting Build
[2017.06.21-08.59.03:594][ 71]LoadErrors: New page: Loading map: PalaceLevel.umap
[2017.06.21-08.59.03:595][ 71]MapCheck: New page: Map Check
[2017.06.21-08.59.03:596][ 71]LightingResults: New page: Lighting Build
[2017.06.21-08.59.03:626][ 71]LogEditorServer: Finished looking for orphan Actors (0.000 secs)
[2017.06.21-08.59.03:652][ 71]Cmd: MAP CHECKDEP NOCLEARLOG
[2017.06.21-08.59.03:798][ 71]MapCheck: Info Map check complete: 0 Error(s), 0 Warning(s), took 145.678ms to complete.
[2017.06.21-08.59.03:798][ 71]LogFileHelpers: Loading map 'PalaceLevel' took 0.206
[2017.06.21-08.59.03:853][ 72]Cmd: UpdateLandscapeEditorData
[2017.06.21-08.59.05:134][157]LogAIModule: Creating AISystem for world ExternalEnvironment
[2017.06.21-08.59.05:149][157]Cmd: MAP LOAD FILE="../../../../../../Users/i7230020.STUDENT.000/Documents/GitHub/MastersProject/Ava/Content/Ava/Maps/ExternalEnvironment.umap" TEMPLATE=0 SHOWPROGRESS=1 FEATURELEVEL=3
[2017.06.21-08.59.05:149][157]LightingResults: New page: Lighting Build
[2017.06.21-08.59.05:150][157]LoadErrors: New page: Loading map: ExternalEnvironment.umap
[2017.06.21-08.59.05:154][157]MapCheck: New page: Map Check
[2017.06.21-08.59.05:154][157]LightingResults: New page: Lighting Build
[2017.06.21-08.59.05:198][157]LogEditorServer: Finished looking for orphan Actors (0.000 secs)
[2017.06.21-08.59.05:238][157]Cmd: MAP CHECKDEP NOCLEARLOG
[2017.06.21-08.59.05:402][157]MapCheck: Info Map check complete: 0 Error(s), 0 Warning(s), took 163.586ms to complete.
[2017.06.21-08.59.05:403][157]LogFileHelpers: Loading map 'ExternalEnvironment' took 0.255
[2017.06.21-08.59.05:445][158]Cmd: UpdateLandscapeEditorData -warnings
[2017.06.21-08.59.05:447][158]Cmd: UpdateLandscapeEditorData
[2017.06.21-08.59.06:899][259]LogPlayLevel: PlayLevel: No blueprints needed recompiling
[2017.06.21-08.59.06:900][259]PIE: New page: PIE session: ExternalEnvironment (21 Jun 2017 09:59:06)
[2017.06.21-08.59.06:900][259]LogPlayLevel: Creating play world package: /Game/Ava/Maps/UEDPIE_0_ExternalEnvironment
[2017.06.21-08.59.06:911][259]LogPlayLevel: PIE: StaticDuplicateObject took: (0.011467s)
[2017.06.21-08.59.06:912][259]LogAIModule: Creating AISystem for world ExternalEnvironment
[2017.06.21-08.59.06:912][259]LogPlayLevel: PIE: World Init took: (0.000602s)
[2017.06.21-08.59.06:912][259]LogPlayLevel: PIE: Created PIE world by copying editor world from /Game/Ava/Maps/ExternalEnvironment.ExternalEnvironment to /Game/Ava/Maps/UEDPIE_0_ExternalEnvironment.ExternalEnvironment (0.012807s)
[2017.06.21-08.59.06:924][259]LogInit: XAudio2 using 'Speakers (Realtek High Definition Audio)' : 2 channels at 48 kHz using 32 bits per sample (channel mask 0x3)
[2017.06.21-08.59.06:935][259]LogInit: FAudioDevice initialized.
[2017.06.21-08.59.06:997][259]LogWorld: Game class is 'AvaGameMode'
[2017.06.21-08.59.07:020][259]LogWorld: Bringing World /Game/Ava/Maps/UEDPIE_0_ExternalEnvironment.ExternalEnvironment up for play (max tick rate 0) at 2017.06.21-09.59.07
[2017.06.21-08.59.07:021][259]LogWorld: Bringing up level for play took: 0.022235
[2017.06.21-08.59.07:028][259]LogContentBrowser: Native class hierarchy updated for 'MovieSceneCapture' in 0.0034 seconds. Added 11 classes and 0 folders.
[2017.06.21-08.59.07:028][259]PIE: Info Play in editor start time for /Game/Ava/Maps/UEDPIE_0_ExternalEnvironment -0.733
[2017.06.21-09.00.08:639][697]Cmd: QUIT_EDITOR
[2017.06.21-09.00.08:694][697]LogExit: Preparing to exit.
[2017.06.21-09.00.09:507][697]LogHoudiniEngine: HAPI Synchronous Deletion of  Started. HoudiniAsset = 0x0, 
[2017.06.21-09.00.09:513][697]LogExit: Editor shut down
[2017.06.21-09.00.09:513][697]LogExit: Transaction tracking system shut down
[2017.06.21-09.00.09:616][697]LogObj: Freed 0b from 0 cluster array pools.
[2017.06.21-09.00.09:616][697]LogExit: Object subsystem successfully closed.
[2017.06.21-09.00.09:637][697]LogD3D11RHI: Shutdown
[2017.06.21-09.00.09:637][697]LogD3D11RHI: CleanupD3DDevice
[2017.06.21-09.00.09:673][697]LogD3D11RHI: ~FD3D11DynamicRHI
[2017.06.21-09.00.09:691][697]LogModuleManager: Shutting down and abandoning module MovieSceneCapture (218)
[2017.06.21-09.00.09:691][697]LogModuleManager: Shutting down and abandoning module HierarchicalLODUtilities (217)
[2017.06.21-09.00.09:691][697]LogModuleManager: Shutting down and abandoning module HierarchicalLODOutliner (216)
[2017.06.21-09.00.09:691][697]LogModuleManager: Shutting down and abandoning module CrashTracker (215)
[2017.06.21-09.00.09:691][697]LogModuleManager: Shutting down and abandoning module SceneOutliner (214)
[2017.06.21-09.00.09:691][697]LogModuleManager: Shutting down and abandoning module WidgetCarousel (213)
[2017.06.21-09.00.09:691][697]LogModuleManager: Shutting down and abandoning module AddContentDialog (212)
[2017.06.21-09.00.09:693][697]LogModuleManager: Shutting down and abandoning module GameplayTags (211)
[2017.06.21-09.00.09:693][697]LogModuleManager: Shutting down and abandoning module EditorWidgets (210)
[2017.06.21-09.00.09:693][697]LogModuleManager: Shutting down and abandoning module CollectionManager (209)
[2017.06.21-09.00.09:693][697]LogModuleManager: Shutting down and abandoning module StatsViewer (208)
[2017.06.21-09.00.09:693][697]LogModuleManager: Shutting down and abandoning module FoliageEdit (207)
[2017.06.21-09.00.09:693][697]LogModuleManager: Shutting down and abandoning module LandscapeEditor (206)
[2017.06.21-09.00.09:693][697]LogModuleManager: Shutting down and abandoning module SceneDepthPickerMode (205)
[2017.06.21-09.00.09:693][697]LogModuleManager: Shutting down and abandoning module ActorPickerMode (204)
[2017.06.21-09.00.09:693][697]LogModuleManager: Shutting down and abandoning module GeometryMode (203)
[2017.06.21-09.00.09:693][697]LogModuleManager: Shutting down and abandoning module TextureAlignMode (202)
[2017.06.21-09.00.09:693][697]LogModuleManager: Shutting down and abandoning module BspMode (201)
[2017.06.21-09.00.09:693][697]LogModuleManager: Shutting down and abandoning module HardwareSurvey (200)
[2017.06.21-09.00.09:693][697]LogModuleManager: Shutting down and abandoning module SequenceRecorderSections (199)
[2017.06.21-09.00.09:693][697]LogModuleManager: Shutting down and abandoning module SequenceRecorder (198)
[2017.06.21-09.00.09:693][697]LogModuleManager: Shutting down and abandoning module AutomationWorker (197)
[2017.06.21-09.00.09:693][697]LogModuleManager: Shutting down and abandoning module HoudiniEngineEditor (196)
[2017.06.21-09.00.09:693][697]LogHoudiniEngineEditor: Shutting down the Houdini Engine Editor module.
[2017.06.21-09.00.09:693][697]LogModuleManager: Shutting down and abandoning module MatineeToLevelSequence (195)
[2017.06.21-09.00.09:693][697]LogModuleManager: Shutting down and abandoning module PlacementMode (194)
[2017.06.21-09.00.09:693][697]LogModuleManager: Shutting down and abandoning module LevelSequenceEditor (193)
[2017.06.21-09.00.09:693][697]LogModuleManager: Shutting down and abandoning module CharacterAI (192)
[2017.06.21-09.00.09:693][697]LogModuleManager: Shutting down and abandoning module SmartSnapping (191)
[2017.06.21-09.00.09:693][697]LogModuleManager: Shutting down and abandoning module SessionServices (190)
[2017.06.21-09.00.09:693][697]LogModuleManager: Shutting down and abandoning module ViewportSnapping (189)
[2017.06.21-09.00.09:693][697]LogModuleManager: Shutting down and abandoning module LogVisualizer (188)
[2017.06.21-09.00.09:693][697]LogModuleManager: Shutting down and abandoning module GameProjectGeneration (187)
[2017.06.21-09.00.09:693][697]LogModuleManager: Shutting down and abandoning module IntroTutorials (186)
[2017.06.21-09.00.09:693][697]LogModuleManager: Shutting down and abandoning module EditorLiveStreaming (185)
[2017.06.21-09.00.09:693][697]LogModuleManager: Shutting down and abandoning module IOSPlatformEditor (184)
[2017.06.21-09.00.09:693][697]LogModuleManager: Shutting down and abandoning module HTML5PlatformEditor (183)
[2017.06.21-09.00.09:694][697]LogModuleManager: Shutting down and abandoning module AndroidDeviceDetection (182)
[2017.06.21-09.00.10:693][697]LogModuleManager: Shutting down and abandoning module AndroidPlatformEditor (181)
[2017.06.21-09.00.10:693][697]LogModuleManager: Shutting down and abandoning module IOSRuntimeSettings (180)
[2017.06.21-09.00.10:693][697]LogModuleManager: Shutting down and abandoning module AndroidRuntimeSettings (179)
[2017.06.21-09.00.10:693][697]LogModuleManager: Shutting down and abandoning module MergeActors (178)
[2017.06.21-09.00.10:693][697]LogModuleManager: Shutting down and abandoning module SizeMap (177)
[2017.06.21-09.00.10:694][697]LogModuleManager: Shutting down and abandoning module TreeMap (176)
[2017.06.21-09.00.10:694][697]LogModuleManager: Shutting down and abandoning module ReferenceViewer (175)
[2017.06.21-09.00.10:694][697]LogModuleManager: Shutting down and abandoning module LocalizationService (174)
[2017.06.21-09.00.10:694][697]LogModuleManager: Shutting down and abandoning module LocalizationDashboard (173)
[2017.06.21-09.00.10:694][697]LogModuleManager: Shutting down and abandoning module HardwareTargeting (172)
[2017.06.21-09.00.10:694][697]LogModuleManager: Shutting down and abandoning module DeviceProfileEditor (171)
[2017.06.21-09.00.10:694][697]LogModuleManager: Shutting down and abandoning module UndoHistory (170)
[2017.06.21-09.00.10:694][697]LogModuleManager: Shutting down and abandoning module UserFeedback (169)
[2017.06.21-09.00.10:694][697]LogModuleManager: Shutting down and abandoning module XmlParser (168)
[2017.06.21-09.00.10:694][697]LogModuleManager: Shutting down and abandoning module Blutility (167)
[2017.06.21-09.00.10:694][697]LogModuleManager: Shutting down and abandoning module ProjectTargetPlatformEditor (166)
[2017.06.21-09.00.10:694][697]LogModuleManager: Shutting down and abandoning module ProjectSettingsViewer (165)
[2017.06.21-09.00.10:694][697]LogModuleManager: Shutting down and abandoning module InputBindingEditor (164)
[2017.06.21-09.00.10:694][697]LogModuleManager: Shutting down and abandoning module EditorSettingsViewer (163)
[2017.06.21-09.00.10:694][697]LogModuleManager: Shutting down and abandoning module SettingsEditor (162)
[2017.06.21-09.00.10:694][697]LogModuleManager: Shutting down and abandoning module ProjectLauncher (161)
[2017.06.21-09.00.10:694][697]LogModuleManager: Shutting down and abandoning module SessionFrontend (160)
[2017.06.21-09.00.10:694][697]LogModuleManager: Shutting down and abandoning module ProfilerClient (159)
[2017.06.21-09.00.10:694][697]LogModuleManager: Shutting down and abandoning module TargetDeviceServices (158)
[2017.06.21-09.00.10:695][697]LogModuleManager: Shutting down and abandoning module DeviceManager (157)
[2017.06.21-09.00.10:745][697]LogModuleManager: Shutting down and abandoning module AutomationController (156)
[2017.06.21-09.00.10:745][697]LogModuleManager: Shutting down and abandoning module AutomationWindow (155)
[2017.06.21-09.00.10:745][697]LogModuleManager: Shutting down and abandoning module Layers (154)
[2017.06.21-09.00.10:745][697]LogModuleManager: Shutting down and abandoning module ComponentVisualizers (153)
[2017.06.21-09.00.10:745][697]LogModuleManager: Shutting down and abandoning module DetailCustomizations (152)
[2017.06.21-09.00.10:745][697]LogModuleManager: Shutting down and abandoning module PackagesDialog (151)
[2017.06.21-09.00.10:745][697]LogModuleManager: Shutting down and abandoning module Persona (150)
[2017.06.21-09.00.10:745][697]LogModuleManager: Shutting down and abandoning module Kismet (149)
[2017.06.21-09.00.10:745][697]LogModuleManager: Shutting down and abandoning module GraphEditor (148)
[2017.06.21-09.00.10:745][697]LogModuleManager: Shutting down and abandoning module ClassViewer (147)
[2017.06.21-09.00.10:745][697]LogModuleManager: Shutting down and abandoning module Toolbox (146)
[2017.06.21-09.00.10:745][697]LogModuleManager: Shutting down and abandoning module ModuleUI (145)
[2017.06.21-09.00.10:745][697]LogModuleManager: Shutting down and abandoning module MovieSceneTools (144)
[2017.06.21-09.00.10:745][697]LogModuleManager: Shutting down and abandoning module OutputLog (143)
[2017.06.21-09.00.10:745][697]LogModuleManager: Shutting down and abandoning module GammaUI (142)
[2017.06.21-09.00.10:745][697]LogModuleManager: Shutting down and abandoning module Documentation (141)
[2017.06.21-09.00.10:745][697]LogModuleManager: Shutting down and abandoning module StreamingPauseRendering (140)
[2017.06.21-09.00.10:745][697]LogModuleManager: Shutting down and abandoning module AnalyticsET (139)
[2017.06.21-09.00.10:745][697]LogModuleManager: Shutting down and abandoning module Analytics (138)
[2017.06.21-09.00.10:745][697]LogModuleManager: Shutting down and abandoning module PortalServices (137)
[2017.06.21-09.00.10:745][697]LogModuleManager: Shutting down and abandoning module PortalRpc (136)
[2017.06.21-09.00.10:745][697]LogModuleManager: Shutting down and abandoning module MessagingRpc (135)
[2017.06.21-09.00.10:745][697]LogModuleManager: Shutting down and abandoning module GameplayDebugger (134)
[2017.06.21-09.00.10:745][697]LogModuleManager: Shutting down and abandoning module AITestSuite (133)
[2017.06.21-09.00.10:745][697]LogModuleManager: Shutting down and abandoning module AIModule (132)
[2017.06.21-09.00.10:745][697]LogModuleManager: Shutting down and abandoning module ProfilerService (131)
[2017.06.21-09.00.10:774][697]LogModuleManager: Shutting down and abandoning module TaskGraph (130)
[2017.06.21-09.00.10:774][697]LogModuleManager: Shutting down and abandoning module SlateRemote (129)
[2017.06.21-09.00.10:774][697]LogModuleManager: Shutting down and abandoning module SteamVRController (128)
[2017.06.21-09.00.10:774][697]LogModuleManager: Shutting down and abandoning module SteamVR (127)
[2017.06.21-09.00.10:774][697]LogModuleManager: Shutting down and abandoning module ProceduralMeshComponent (126)
[2017.06.21-09.00.10:774][697]LogModuleManager: Shutting down and abandoning module OculusLibrary (125)
[2017.06.21-09.00.10:774][697]LogModuleManager: Shutting down and abandoning module OculusInput (124)
[2017.06.21-09.00.10:774][697]LogModuleManager: Shutting down and abandoning module HoudiniEngineRuntime (123)
[2017.06.21-09.00.10:774][697]LogHoudiniEngine: Shutting down the Houdini Engine module.
[2017.06.21-09.00.10:774][697]LogUObjectArray:Warning: Invalid object index -572662307
[2017.06.21-09.00.10:774][697]LogUObjectArray:Warning: Invalid object index -572662307
[2017.06.21-09.00.10:774][697]LogUObjectArray:Warning: Invalid object index -572662307
[2017.06.21-09.00.10:774][697]LogUObjectArray:Warning: Invalid object index -572662307
[2017.06.21-09.00.10:777][697]LogModuleManager: Shutting down and abandoning module CustomMeshComponent (122)
[2017.06.21-09.00.10:777][697]LogModuleManager: Shutting down and abandoning module CableComponent (121)
[2017.06.21-09.00.10:777][697]LogModuleManager: Shutting down and abandoning module ArchVisCharacter (120)
[2017.06.21-09.00.10:777][697]LogModuleManager: Shutting down and abandoning module MediaPlayerEditor (119)
[2017.06.21-09.00.10:777][697]LogModuleManager: Shutting down and abandoning module HTML5Networking (118)
[2017.06.21-09.00.10:777][697]LogModuleManager: Shutting down and abandoning module SuperSearch (117)
[2017.06.21-09.00.10:777][697]LogModuleManager: Shutting down and abandoning module SuperSearchEditor (116)
[2017.06.21-09.00.10:777][697]LogModuleManager: Shutting down and abandoning module SpeedTreeImporter (115)
[2017.06.21-09.00.10:777][697]LogModuleManager: Shutting down and abandoning module PluginBrowser (114)
[2017.06.21-09.00.10:777][697]LogModuleManager: Shutting down and abandoning module EpicSurvey (113)
[2017.06.21-09.00.10:777][697]LogModuleManager: Shutting down and abandoning module DesktopPlatform (112)
[2017.06.21-09.00.10:777][697]LogModuleManager: Shutting down and abandoning module VisualStudioSourceCodeAccess (111)
[2017.06.21-09.00.10:777][697]LogModuleManager: Shutting down and abandoning module UObjectPlugin (110)
[2017.06.21-09.00.10:777][697]LogModuleManager: Shutting down and abandoning module SubversionSourceControl (109)
[2017.06.21-09.00.10:777][697]LogModuleManager: Shutting down and abandoning module PerforceSourceControl (108)
[2017.06.21-09.00.10:777][697]LogModuleManager: Shutting down and abandoning module SourceControl (107)
[2017.06.21-09.00.10:777][697]LogModuleManager: Shutting down and abandoning module GitSourceControl (106)
[2017.06.21-09.00.10:777][697]LogModuleManager: Shutting down and abandoning module LightPropagationVolumeEditor (105)
[2017.06.21-09.00.10:777][697]LogModuleManager: Shutting down and abandoning module PaperTiledImporter (104)
[2017.06.21-09.00.10:777][697]LogModuleManager: Shutting down and abandoning module PaperSpriteSheetImporter (103)
[2017.06.21-09.00.10:777][697]LogModuleManager: Shutting down and abandoning module MeshPaint (102)
[2017.06.21-09.00.10:777][697]LogModuleManager: Shutting down and abandoning module PixelInspectorModule (101)
[2017.06.21-09.00.10:777][697]LogModuleManager: Shutting down and abandoning module HotReload (100)
[2017.06.21-09.00.10:778][697]LogModuleManager: Shutting down and abandoning module MainFrame (99)
[2017.06.21-09.00.10:778][697]LogModuleManager: Shutting down and abandoning module LevelEditor (98)
[2017.06.21-09.00.10:778][697]LogModuleManager: Shutting down and abandoning module ContentBrowser (97)
[2017.06.21-09.00.10:779][697]LogModuleManager: Shutting down and abandoning module Paper2DEditor (96)
[2017.06.21-09.00.10:779][697]LogModuleManager: Shutting down and abandoning module Ava (95)
[2017.06.21-09.00.10:779][697]LogModuleManager: Shutting down and abandoning module UdpMessaging (94)
[2017.06.21-09.00.10:879][697]LogModuleManager: Shutting down and abandoning module LightPropagationVolumeRuntime (93)
[2017.06.21-09.00.10:879][697]LogModuleManager: Shutting down and abandoning module Paper2D (92)
[2017.06.21-09.00.10:879][697]LogModuleManager: Shutting down and abandoning module WindowsMoviePlayer (91)
[2017.06.21-09.00.10:879][697]LogModuleManager: Shutting down and abandoning module Media (90)
[2017.06.21-09.00.10:879][697]LogModuleManager: Shutting down and abandoning module WmfMedia (89)
[2017.06.21-09.00.10:879][697]LogModuleManager: Shutting down and abandoning module MediaAssets (88)
[2017.06.21-09.00.10:879][697]LogModuleManager: Shutting down and abandoning module GameLiveStreaming (87)
[2017.06.21-09.00.10:879][697]LogModuleManager: Shutting down and abandoning module GameplayTagsEditor (86)
[2017.06.21-09.00.10:879][697]LogModuleManager: Shutting down and abandoning module OnlineBlueprintSupport (85)
[2017.06.21-09.00.10:879][697]LogModuleManager: Shutting down and abandoning module VREditor (84)
[2017.06.21-09.00.10:879][697]LogModuleManager: Shutting down and abandoning module GameplayTasksEditor (83)
[2017.06.21-09.00.10:879][697]LogModuleManager: Shutting down and abandoning module PropertyEditor (82)
[2017.06.21-09.00.10:879][697]LogModuleManager: Shutting down and abandoning module BehaviorTreeEditor (81)
[2017.06.21-09.00.10:879][697]LogModuleManager: Shutting down and abandoning module FunctionalTesting (80)
[2017.06.21-09.00.10:879][697]LogModuleManager: Shutting down and abandoning module CollisionAnalyzer (79)
[2017.06.21-09.00.10:879][697]LogModuleManager: Shutting down and abandoning module Sequencer (78)
[2017.06.21-09.00.10:879][697]LogModuleManager: Shutting down and abandoning module WorkspaceMenuStructure (77)
[2017.06.21-09.00.10:879][697]LogModuleManager: Shutting down and abandoning module MessageLog (76)
[2017.06.21-09.00.10:879][697]LogModuleManager: Shutting down and abandoning module AssetTools (75)
[2017.06.21-09.00.10:879][697]LogModuleManager: Shutting down and abandoning module UMGEditor (74)
[2017.06.21-09.00.10:879][697]LogModuleManager: Shutting down and abandoning module UMG (73)
[2017.06.21-09.00.10:879][697]LogModuleManager: Shutting down and abandoning module SlateReflector (72)
[2017.06.21-09.00.10:879][697]LogModuleManager: Shutting down and abandoning module Slate (71)
[2017.06.21-09.00.10:879][697]LogModuleManager: Shutting down and abandoning module EditorStyle (70)
[2017.06.21-09.00.10:882][697]LogModuleManager: Shutting down and abandoning module SourceCodeAccess (69)
[2017.06.21-09.00.10:882][697]LogModuleManager: Shutting down and abandoning module HeadMountedDisplay (68)
[2017.06.21-09.00.10:882][697]LogModuleManager: Shutting down and abandoning module XAudio2 (67)
[2017.06.21-09.00.10:882][697]LogModuleManager: Shutting down and abandoning module Networking (65)
[2017.06.21-09.00.10:882][697]LogModuleManager: Shutting down and abandoning module Core (64)
[2017.06.21-09.00.10:882][697]LogModuleManager: Shutting down and abandoning module DirectoryWatcher (63)
[2017.06.21-09.00.10:883][697]LogModuleManager: Shutting down and abandoning module AssetRegistry (62)
[2017.06.21-09.00.11:035][697]LogModuleManager: Shutting down and abandoning module KismetCompiler (61)
[2017.06.21-09.00.11:035][697]LogModuleManager: Shutting down and abandoning module PhysXFormats (60)
[2017.06.21-09.00.11:035][697]LogModuleManager: Shutting down and abandoning module MeshUtilities (59)
[2017.06.21-09.00.11:035][697]LogModuleManager: Shutting down and abandoning module DerivedDataCache (58)
[2017.06.21-09.00.11:280][697]LogDerivedDataCache: Shutdown
[2017.06.21-09.00.11:280][697]LogModuleManager: Shutting down and abandoning module VulkanShaderFormat (57)
[2017.06.21-09.00.11:280][697]LogModuleManager: Shutting down and abandoning module ShaderFormatOpenGL (56)
[2017.06.21-09.00.11:280][697]LogModuleManager: Shutting down and abandoning module ShaderFormatD3D (55)
[2017.06.21-09.00.11:281][697]LogModuleManager: Shutting down and abandoning module MetalShaderFormat (54)
[2017.06.21-09.00.11:281][697]LogModuleManager: Shutting down and abandoning module TextureFormatUncompressed (53)
[2017.06.21-09.00.11:281][697]LogModuleManager: Shutting down and abandoning module TextureFormatPVR (52)
[2017.06.21-09.00.11:281][697]LogModuleManager: Shutting down and abandoning module TextureFormatIntelISPCTexComp (51)
[2017.06.21-09.00.11:281][697]LogModuleManager: Shutting down and abandoning module TextureFormatDXT (50)
[2017.06.21-09.00.11:281][697]LogModuleManager: Shutting down and abandoning module ImageWrapper (49)
[2017.06.21-09.00.11:281][697]LogModuleManager: Shutting down and abandoning module TextureFormatASTC (48)
[2017.06.21-09.00.11:281][697]LogModuleManager: Shutting down and abandoning module TextureFormatAndroid (47)
[2017.06.21-09.00.11:281][697]LogModuleManager: Shutting down and abandoning module AudioFormatOpus (46)
[2017.06.21-09.00.11:281][697]LogModuleManager: Shutting down and abandoning module AudioFormatOgg (45)
[2017.06.21-09.00.11:281][697]LogModuleManager: Shutting down and abandoning module AudioFormatADPCM (44)
[2017.06.21-09.00.11:281][697]LogModuleManager: Shutting down and abandoning module LinuxTargetPlatform (43)
[2017.06.21-09.00.11:281][697]LogModuleManager: Shutting down and abandoning module LinuxServerTargetPlatform (42)
[2017.06.21-09.00.11:281][697]LogModuleManager: Shutting down and abandoning module LinuxNoEditorTargetPlatform (41)
[2017.06.21-09.00.11:281][697]LogModuleManager: Shutting down and abandoning module TVOSTargetPlatform (40)
[2017.06.21-09.00.11:281][697]LogModuleManager: Shutting down and abandoning module Messaging (39)
[2017.06.21-09.00.11:281][697]LogModuleManager: Shutting down and abandoning module IOSTargetPlatform (38)
[2017.06.21-09.00.11:281][697]LogModuleManager: Shutting down and abandoning module HTML5TargetPlatform (37)
[2017.06.21-09.00.11:281][697]LogModuleManager: Shutting down and abandoning module Android_PVRTCTargetPlatform (36)
[2017.06.21-09.00.11:281][697]LogModuleManager: Shutting down and abandoning module Android_MultiTargetPlatform (35)
[2017.06.21-09.00.11:281][697]LogModuleManager: Shutting down and abandoning module Android_ETC2TargetPlatform (34)
[2017.06.21-09.00.11:281][697]LogModuleManager: Shutting down and abandoning module Android_ETC1TargetPlatform (33)
[2017.06.21-09.00.11:281][697]LogModuleManager: Shutting down and abandoning module Android_DXTTargetPlatform (32)
[2017.06.21-09.00.11:281][697]LogModuleManager: Shutting down and abandoning module Android_ATCTargetPlatform (31)
[2017.06.21-09.00.11:281][697]LogModuleManager: Shutting down and abandoning module Android_ASTCTargetPlatform (30)
[2017.06.21-09.00.11:281][697]LogModuleManager: Shutting down and abandoning module AndroidTargetPlatform (29)
[2017.06.21-09.00.11:281][697]LogModuleManager: Shutting down and abandoning module WindowsTargetPlatform (28)
[2017.06.21-09.00.11:281][697]LogModuleManager: Shutting down and abandoning module WindowsServerTargetPlatform (27)
[2017.06.21-09.00.11:281][697]LogModuleManager: Shutting down and abandoning module WindowsNoEditorTargetPlatform (26)
[2017.06.21-09.00.11:281][697]LogModuleManager: Shutting down and abandoning module WindowsClientTargetPlatform (25)
[2017.06.21-09.00.11:282][697]LogModuleManager: Shutting down and abandoning module AllDesktopTargetPlatform (24)
[2017.06.21-09.00.11:282][697]LogModuleManager: Shutting down and abandoning module TargetPlatform (23)
[2017.06.21-09.00.11:282][697]LogModuleManager: Shutting down and abandoning module InputCore (22)
[2017.06.21-09.00.11:282][697]LogModuleManager: Shutting down and abandoning module Settings (21)
[2017.06.21-09.00.11:282][697]LogModuleManager: Shutting down and abandoning module OnlineSubsystem (19)
[2017.06.21-09.00.11:282][697]LogModuleManager: Shutting down and abandoning module HTTP (18)
[2017.06.21-09.00.12:782][697]LogModuleManager: Shutting down and abandoning module XMPP (17)
[2017.06.21-09.00.12:782][697]LogModuleManager: Shutting down and abandoning module OculusRift (16)
[2017.06.21-09.00.12:782][697]LogModuleManager: Shutting down and abandoning module ExampleDeviceProfileSelector (15)
[2017.06.21-09.00.12:782][697]LogModuleManager: Shutting down and abandoning module TextureCompressor (14)
[2017.06.21-09.00.12:782][697]LogModuleManager: Shutting down and abandoning module ShaderCore (13)
[2017.06.21-09.00.12:782][697]LogModuleManager: Shutting down and abandoning module Landscape (12)
[2017.06.21-09.00.12:782][697]LogModuleManager: Shutting down and abandoning module SlateRHIRenderer (11)
[2017.06.21-09.00.12:783][697]LogModuleManager: Shutting down and abandoning module OpenGLDrv (10)
[2017.06.21-09.00.12:783][697]LogModuleManager: Shutting down and abandoning module D3D11RHI (9)
[2017.06.21-09.00.12:783][697]LogModuleManager: Shutting down and abandoning module AnimGraphRuntime (8)
[2017.06.21-09.00.12:783][697]LogModuleManager: Shutting down and abandoning module Renderer (7)
[2017.06.21-09.00.12:783][697]LogModuleManager: Shutting down and abandoning module Engine (6)
[2017.06.21-09.00.12:783][697]LogModuleManager: Shutting down and abandoning module CoreUObject (5)
[2017.06.21-09.00.12:783][697]LogModuleManager: Shutting down and abandoning module NetworkFile (4)
[2017.06.21-09.00.12:783][697]LogModuleManager: Shutting down and abandoning module StreamingFile (3)
[2017.06.21-09.00.12:783][697]LogModuleManager: Shutting down and abandoning module SandboxFile (2)
[2017.06.21-09.00.12:783][697]LogModuleManager: Shutting down and abandoning module PakFile (1)
[2017.06.21-09.00.12:787][697]LogExit: Exiting.
[2017.06.21-09.00.12:789][697]Log file closed, 06/21/17 10:00:12
