Log file open, 07/20/17 17:21:07
LogInit:Display: Running engine for game: Ava
LogPlatformFile: Not using cached read wrapper
LogInit:Display: RandInit(-1492908074) SRandInit(-1492908073).
LogTaskGraph: Started task graph with 4 named threads and 9 total threads with 1 sets of task threads.
LogStats: Stats thread started at 0.103411
LogInit: Version: 4.12.5-3039270+++UE4+Release-4.12
LogInit: API Version: 2992821
LogInit: Net Version: 3039270
LogDevObjectVersion: Number of dev versions registered: 13
LogDevObjectVersion:   Dev-Blueprints (B0D832E4-1F89-4F0D-ACCF-7EB736FD4AA2): 3
LogDevObjectVersion:   Dev-Build (E1C64328-A22C-4D53-A36C-8E866417BD8C): 0
LogDevObjectVersion:   Dev-Core (375EC13C-06E4-48FB-B500-84F0262A717E): 1
LogDevObjectVersion:   Dev-Editor (E4B068ED-F494-42E9-A231-DA0B2E46BB41): 2
LogDevObjectVersion:   Dev-Framework (CFFC743F-43B0-4480-9391-14DF171D2073): 6
LogDevObjectVersion:   Dev-Mobile (B02B49B5-BB20-44E9-A304-32B752E40360): 0
LogDevObjectVersion:   Dev-Networking (A4E4105C-59A1-49B5-A7C5-40C4547EDFEE): 0
LogDevObjectVersion:   Dev-Online (39C831C9-5AE6-47DC-9A44-9C173E1C8E7C): 0
LogDevObjectVersion:   Dev-Physics (78F01B33-EBEA-4F98-B9B4-84EACCB95AA2): 0
LogDevObjectVersion:   Dev-Platform (6631380F-2D4D-43E0-8009-CF276956A95A): 0
LogDevObjectVersion:   Dev-Rendering (12F88B9F-8875-4AFC-A67C-D90C383ABD29): 2
LogDevObjectVersion:   Dev-Sequencer (7B5AE74C-D270-4C10-A958-57980B212A5A): 0
LogDevObjectVersion:   Dev-VR (D7296918-1DD6-4BDD-9DE2-64A83CC13884): 0
LogInit: Compiled (64-bit): Jul  6 2016 09:09:46
LogInit: Compiled with Visual C++: 19.00.23026.00
LogInit: Build Configuration: Development
LogInit: Branch Name: ++UE4+Release-4.12
LogInit: Command line:  
LogInit: Base directory: C:/Program Files/Epic Games/4.12/Engine/Binaries/Win64/
LogInit: Installed Engine Build: 1
LogInit: Using libcurl 7.41.0
LogInit:  - built for x86_64-pc-win32
LogInit:  - supports SSL with WinSSL
LogInit:  - other features:
LogInit:      CURL_VERSION_SSL
LogInit:      CURL_VERSION_IPV6
LogInit:      CURL_VERSION_ASYNCHDNS
LogInit:      CURL_VERSION_LARGEFILE
LogInit:      CURL_VERSION_IDN
LogInit:  CurlRequestOptions (configurable via config and command line):
LogInit:  - bVerifyPeer = true  - Libcurl will verify peer certificate
LogInit:  - bUseHttpProxy = false  - Libcurl will NOT use HTTP proxy
LogInit:  - bDontReuseConnections = false  - Libcurl will reuse connections
LogInit:  - CertBundlePath = nullptr  - Libcurl will use whatever was configured at build time.
LogInit: Presizing for max 8388607 objects, including 0 objects not considered by GC, pre-allocating 0 bytes for permanent pool.
LogInit: Object subsystem initialized
[2017.07.20-16.21.07:606][  0]LogInit: Selected Device Profile: [Windows]
[2017.07.20-16.21.07:606][  0]LogInit: Applying CVar settings loaded from the selected device profile: [Windows]
[2017.07.20-16.21.07:615][  0]LogInit: Computer: PC42640
[2017.07.20-16.21.07:615][  0]LogInit: User: i7230020
[2017.07.20-16.21.07:615][  0]LogInit: CPU Page size=65536, Cores=6
[2017.07.20-16.21.07:615][  0]LogInit: High frequency timer resolution =3.410097 MHz
[2017.07.20-16.21.07:615][  0]LogMemory: Memory total: Physical=31.9GB (32GB approx)
[2017.07.20-16.21.07:615][  0]LogMemory: Platform Memory Stats for Windows
[2017.07.20-16.21.07:615][  0]LogMemory: Process Physical Memory: 196.14 MB used, 196.14 MB peak
[2017.07.20-16.21.07:615][  0]LogMemory: Process Virtual Memory: 198.94 MB used, 198.94 MB peak
[2017.07.20-16.21.07:615][  0]LogMemory: Physical Memory: 10996.70 MB used, 32684.15 MB total
[2017.07.20-16.21.07:615][  0]LogMemory: Virtual Memory: 539.58 MB used, 8388608.00 MB total
[2017.07.20-16.21.07:718][  0]LogTextLocalizationManager: No specific translations for ('en-GB') exist, so ('en') translations will be used.
[2017.07.20-16.21.08:087][  0]LogD3D11RHI: D3D11 adapters:
[2017.07.20-16.21.08:106][  0]LogD3D11RHI:    0. 'NVIDIA Quadro M4000' (Feature Level 11_0)
[2017.07.20-16.21.08:106][  0]LogD3D11RHI:       8092/0/16086 MB DedicatedVideo/DedicatedSystem/SharedSystem, Outputs:1, VendorId:0x10de
[2017.07.20-16.21.08:106][  0]LogD3D11RHI: Chosen D3D11 Adapter: 0
[2017.07.20-16.21.08:114][  0]LogD3D11RHI: Creating new Direct3DDevice
[2017.07.20-16.21.08:114][  0]LogD3D11RHI:     GPU DeviceId: 0x13f1 (for the marketing name, search the web for "GPU Device Id")
[2017.07.20-16.21.08:114][  0]LogWindows: EnumDisplayDevices:
[2017.07.20-16.21.08:115][  0]LogWindows:    0. 'NVIDIA Quadro M4000' (P:1 D:1)
[2017.07.20-16.21.08:115][  0]LogWindows:    1. 'NVIDIA Quadro M4000' (P:0 D:0)
[2017.07.20-16.21.08:116][  0]LogWindows:    2. 'NVIDIA Quadro M4000' (P:0 D:0)
[2017.07.20-16.21.08:116][  0]LogWindows:    3. 'NVIDIA Quadro M4000' (P:0 D:0)
[2017.07.20-16.21.08:116][  0]LogWindows:    4. 'RDPDD Chained DD' (P:0 D:0)
[2017.07.20-16.21.08:117][  0]LogWindows:    5. 'RDP Encoder Mirror Driver' (P:0 D:0)
[2017.07.20-16.21.08:117][  0]LogWindows:    6. 'RDP Reflector Display Driver' (P:0 D:0)
[2017.07.20-16.21.08:117][  0]LogWindows: DebugString: GetVideoDriverDetailsInvalid PrimaryIsNotTheChoosenAdapter GetVideoDriverDetailsInvalid PrimaryIsNotTheChoosenAdapter GetVideoDriverDetailsInvalid PrimaryIsNotTheChoosenAdapter FoundDriverCount:4 
[2017.07.20-16.21.08:117][  0]LogD3D11RHI:     Adapter Name: NVIDIA Quadro M4000
[2017.07.20-16.21.08:117][  0]LogD3D11RHI:   Driver Version: 362.13 (internal:10.18.13.6213, unified:362.13)
[2017.07.20-16.21.08:117][  0]LogD3D11RHI:      Driver Date: 3-18-2016
[2017.07.20-16.21.08:117][  0]LogRHI: Texture pool is 1361 MB (70% of 1945 MB)
[2017.07.20-16.21.08:126][  0]LogD3D11RHI: Async texture creation enabled
[2017.07.20-16.21.08:139][  0]LogD3D11RHI: GPU Timing Frequency: 1000.000000 (Debug: 2 2)
[2017.07.20-16.21.08:139][  0]LogShaderCompilers: Guid format shader working directory is -7 characters bigger than the processId version (W:/University Work/Masters/MastersProject/MastersProject/Ava/Intermediate/Shaders/WorkingDirectory/8032/).
[2017.07.20-16.21.08:139][  0]LogShaderCompilers: Cleaned the shader compiler working directory 'C:/Users/I72300~1.000/AppData/Local/Temp/UnrealShaderWorkingDir/8068CF704C7719DD5A97A2B28CDF7F29/'.
[2017.07.20-16.21.08:139][  0]LogShaderCompilers:Display: Using Local Shader Compiler.
[2017.07.20-16.21.09:283][  0]LogTemp:Display: Loaded TP AllDesktopTargetPlatform
[2017.07.20-16.21.09:292][  0]LogTemp:Display: Loaded TP WindowsClientTargetPlatform
[2017.07.20-16.21.09:301][  0]LogTemp:Display: Loaded TP WindowsNoEditorTargetPlatform
[2017.07.20-16.21.09:317][  0]LogTemp:Display: Loaded TP WindowsServerTargetPlatform
[2017.07.20-16.21.09:330][  0]LogTemp:Display: Loaded TP WindowsTargetPlatform
[2017.07.20-16.21.09:338][  0]LogTemp:Display: Loaded TP AndroidTargetPlatform
[2017.07.20-16.21.09:345][  0]LogTemp:Display: Loaded TP Android_ASTCTargetPlatform
[2017.07.20-16.21.09:353][  0]LogTemp:Display: Loaded TP Android_ATCTargetPlatform
[2017.07.20-16.21.09:360][  0]LogTemp:Display: Loaded TP Android_DXTTargetPlatform
[2017.07.20-16.21.09:368][  0]LogTemp:Display: Loaded TP Android_ETC1TargetPlatform
[2017.07.20-16.21.09:375][  0]LogTemp:Display: Loaded TP Android_ETC2TargetPlatform
[2017.07.20-16.21.09:390][  0]LogTemp:Display: Loaded TP Android_MultiTargetPlatform
[2017.07.20-16.21.09:390][  0]LogTemp:Display: Loaded TP Android_PVRTCTargetPlatform
[2017.07.20-16.21.09:392][  0]LogTemp:Display: Loaded TP HTML5TargetPlatform
[2017.07.20-16.21.09:412][  0]LogTemp:Display: Loaded TP IOSTargetPlatform
[2017.07.20-16.21.09:419][  0]LogTemp:Display: Loaded TP TVOSTargetPlatform
[2017.07.20-16.21.09:426][  0]LogTemp:Display: Loaded TP LinuxNoEditorTargetPlatform
[2017.07.20-16.21.09:434][  0]LogTemp:Display: Loaded TP LinuxServerTargetPlatform
[2017.07.20-16.21.09:441][  0]LogTemp:Display: Loaded TP LinuxTargetPlatform
[2017.07.20-16.21.09:441][  0]LogTargetPlatformManager:Display: Building Assets For Windows
[2017.07.20-16.21.09:557][  0]LogDerivedDataCache:Display: Max Cache Size: 512 MB
[2017.07.20-16.21.09:644][  0]LogDerivedDataCache: Loaded boot cache 0.09s 86MB C:/Users/i7230020.STUDENT.000/AppData/Local/UnrealEngine/4.12/DerivedDataCache/Boot.ddc.
[2017.07.20-16.21.09:644][  0]LogDerivedDataCache:Display: Loaded Boot cache: C:/Users/i7230020.STUDENT.000/AppData/Local/UnrealEngine/4.12/DerivedDataCache/Boot.ddc
[2017.07.20-16.21.09:645][  0]LogDerivedDataCache: FDerivedDataBackendGraph:  Pak pak cache file W:/University Work/Masters/MastersProject/MastersProject/Ava/DerivedDataCache/DDC.ddp not found, will not use a pak cache.
[2017.07.20-16.21.09:645][  0]LogDerivedDataCache: Unable to find inner node Pak for hierarchical cache Hierarchy.
[2017.07.20-16.21.09:645][  0]LogDerivedDataCache: FDerivedDataBackendGraph:  CompressedPak pak cache file W:/University Work/Masters/MastersProject/MastersProject/Ava/DerivedDataCache/Compressed.ddp not found, will not use a pak cache.
[2017.07.20-16.21.09:645][  0]LogDerivedDataCache: Unable to find inner node CompressedPak for hierarchical cache Hierarchy.
[2017.07.20-16.21.09:671][  0]LogDerivedDataCache:Display: Pak cache opened for reading ../../../Engine/DerivedDataCache/Compressed.ddp.
[2017.07.20-16.21.09:683][  0]LogDerivedDataCache: Using Local data cache path C:/Users/i7230020.STUDENT.000/AppData/Local/UnrealEngine/Common/DerivedDataCache: Writable
[2017.07.20-16.21.09:862][  0]LogInit: Selected Device Profile: [Windows]
[2017.07.20-16.21.09:863][  0]LogContentStreaming: Texture pool size is 0.00 MB
[2017.07.20-16.21.10:024][  0]LogMeshUtilities: No automatic mesh reduction module available
[2017.07.20-16.21.10:024][  0]LogMeshUtilities: No automatic mesh merging module available
[2017.07.20-16.21.10:024][  0]LogMeshUtilities: No distributed automatic mesh merging module available
[2017.07.20-16.21.10:256][  0]LogAssetRegistry: FAssetRegistry took 0.0201 seconds to start up
[2017.07.20-16.21.10:311][  0]LogPackageLocalizationCache: Processed 4 localized package path(s) for 2 prioritized culture(s) in 0.052324 seconds
[2017.07.20-16.21.10:315][  0]LogUObjectArray: 28739 objects as part of root set at end of initial load.
[2017.07.20-16.21.10:315][  0]LogUObjectAllocator: 5855624 out of 0 bytes used by permanent object pool.
[2017.07.20-16.21.10:315][  0]LogUObjectArray: CloseDisregardForGC: 0/0 objects in disregard for GC pool
[2017.07.20-16.21.10:321][  0]LogInit: WinSock: version 1.1 (2.2), MaxSocks=32767, MaxUdp=65467
[2017.07.20-16.21.10:490][  0]LogSlate: SlateFontCache - WITH_FREETYPE: 1, WITH_HARFBUZZ: 1
[2017.07.20-16.21.10:490][  0]LogSlate: SlateFontCache - WITH_FREETYPE: 1, WITH_HARFBUZZ: 1
[2017.07.20-16.21.11:335][  0]LogUdpMessaging: Initializing bridge on interface 0.0.0.0:0 to multicast group 230.0.0.1:6666.
[2017.07.20-16.21.11:418][  0]LogStats: FPlatformStackWalk::StackWalkAndDump -  0.011 s
[2017.07.20-16.21.11:418][  0]LogOutputDevice:Warning: === Handled error: ===

Ensure condition failed: !AttachmentRules.bWeldSimulatedBodies [File:D:\Build\++UE4+Release-4.12+Compile\Sync\Engine\Source\Runtime\Engine\Private\Components\SceneComponent.cpp] [Line: 1481]
AttachToComponent when called from a constructor cannot weld simulated bodies. Consider calling SetupAttachment directly instead.
Stack: 
UE4Editor-Core.dll
UE4Editor-Core.dll
UE4Editor-Core.dll
UE4Editor-Engine.dll
UE4Editor-Ava.dll
UE4Editor-CoreUObject.dll
UE4Editor-CoreUObject.dll
UE4Editor-CoreUObject.dll
UE4Editor-CoreUObject.dll
UE4Editor-Core.dll
UE4Editor-Core.dll
UE4Editor-Projects.dll
UE4Editor-Projects.dll
UE4Editor.exe
UE4Editor.exe
UE4Editor.exe
UE4Editor.exe
UE4Editor.exe
UE4Editor.exe
kernel32.dll
ntdll.dll
ntdll.dll

[2017.07.20-16.21.11:418][  0]LogStats:                SubmitErrorReport -  0.000 s
[2017.07.20-16.21.11:825][  0]LogStats:                    SendNewReport -  0.407 s
[2017.07.20-16.21.11:825][  0]LogStats:             FDebug::EnsureFailed -  0.418 s
[2017.07.20-16.21.12:070][  0]SourceControl: Info Source control is disabled
[2017.07.20-16.21.12:073][  0]SourceControl: Info Source control is disabled
[2017.07.20-16.21.12:087][  0]SourceControl: Info Source control is disabled
[2017.07.20-16.21.12:099][  0]SourceControl: Info Source control is disabled
[2017.07.20-16.21.12:251][  0]LogHoudiniEngine: Starting the Houdini Engine module.
[2017.07.20-16.21.12:252][  0]LogHoudiniEngine: Loaded libHAPIL.dll from Registry path C:\Program Files\Side Effects Software\Houdini 15.5.632/bin
[2017.07.20-16.21.12:253][  0]LogLinker:Warning: Asset '../../../Engine/Plugins/Runtime/HoudiniEngine/Content/houdini_logo.uasset' has been saved with empty engine version. The asset will be loaded but may be incompatible.
[2017.07.20-16.21.12:255][  0]LogLinker:Warning: Asset '../../../Engine/Plugins/Runtime/HoudiniEngine/Content/houdini_default_material.uasset' has been saved with empty engine version. The asset will be loaded but may be incompatible.
[2017.07.20-16.21.12:259][  0]LogLinker:Warning: Asset '../../../Engine/Plugins/Runtime/HoudiniEngine/Content/houdini_bgeo_import.uasset' has been saved with empty engine version. The asset will be loaded but may be incompatible.
[2017.07.20-16.21.13:349][  0]LogHoudiniEngine: Successfully initialized the Houdini Engine API module.
[2017.07.20-16.21.13:510][  0]LogEngine: Initializing Engine...
[2017.07.20-16.21.13:512][  0]LogHMD: SteamVR failed to initialize.  Err: 110
[2017.07.20-16.21.13:513][  0]LogHMD: SteamVR failed to initialize.  Err: 110
[2017.07.20-16.21.13:643][  0]LogAIModule: Creating AISystem for world NewWorld
[2017.07.20-16.21.13:650][  0]LogInit: XAudio2 using 'Speakers (Realtek High Definition Audio)' : 2 channels at 48 kHz using 32 bits per sample (channel mask 0x3)
[2017.07.20-16.21.13:663][  0]LogInit: FAudioDevice initialized.
[2017.07.20-16.21.13:705][  0]LogDerivedDataCache: Saved boot cache 0.04s 86MB C:/Users/i7230020.STUDENT.000/AppData/Local/UnrealEngine/4.12/DerivedDataCache/Boot.ddc.
[2017.07.20-16.21.13:712][  0]LogInit: Texture streaming: Enabled
[2017.07.20-16.21.13:735][  0]LogInit: Transaction tracking system initialized
[2017.07.20-16.21.13:755][  0]BlueprintLog: New page: Editor Load
[2017.07.20-16.21.13:819][  0]LocalizationService: Info Localization service is disabled
[2017.07.20-16.21.13:884][  0]LogConsoleResponse:Display: 
[2017.07.20-16.21.13:987][  0]LogCook:Display: Max memory allowance for cook 8192mb
[2017.07.20-16.21.13:987][  0]LogCook:Display: Mobile HDR setting 1
[2017.07.20-16.21.14:074][  0]LogFileCache: Scanning file cache for directory 'W:/University Work/Masters/MastersProject/MastersProject/Ava/Content/' took 0.02s
[2017.07.20-16.21.14:074][  0]LogHoudiniEngineEditor: Starting the Houdini Engine Editor module.
[2017.07.20-16.21.14:122][  0]SourceControl: Info Source control is disabled
[2017.07.20-16.21.14:122][  0]Cmd: MAP LOAD FILE="W:/University Work/Masters/MastersProject/MastersProject/Ava/Content/Ava/Maps/PalaceLevel.umap" TEMPLATE=0 SHOWPROGRESS=1 FEATURELEVEL=3
[2017.07.20-16.21.14:122][  0]LightingResults: New page: Lighting Build
[2017.07.20-16.21.14:125][  0]MapCheck: New page: Map Check
[2017.07.20-16.21.14:125][  0]LightingResults: New page: Lighting Build
[2017.07.20-16.21.20:749][  0]LogMaterial: Missing cached shader map for material M_Basic_Wall, compiling. 
[2017.07.20-16.21.20:749][  0]LogMaterial:Warning: Failed to compile Material /Game/StarterContent/Materials/M_Basic_Wall.M_Basic_Wall for platform PCD3D_SM5, Default Material will be used in game.
[2017.07.20-16.21.20:749][  0]LogMaterial:Warning: 	(Node TextureSample) TextureSample> Missing input texture
[2017.07.20-16.21.20:787][  0]LogAIModule: Creating AISystem for world PalaceLevel
[2017.07.20-16.21.20:824][  0]LogEditorServer: Finished looking for orphan Actors (0.000 secs)
[2017.07.20-16.21.20:825][  0]Cmd: MAP CHECKDEP NOCLEARLOG
[2017.07.20-16.21.20:923][  0]MapCheck: Info Map check complete: 0 Error(s), 0 Warning(s), took 98.659ms to complete.
[2017.07.20-16.21.20:924][  0]LogFileHelpers: Loading map 'PalaceLevel' took 6.802
[2017.07.20-16.21.21:235][  0]LogCollectionManager: Loaded 0 collections in 0.001361 seconds
[2017.07.20-16.21.21:273][  0]LogFileCache: Scanning file cache for directory 'W:/University Work/Masters/MastersProject/MastersProject/Ava/Saved/Collections/' took 0.01s
[2017.07.20-16.21.21:273][  0]LogFileCache: Scanning file cache for directory 'W:/University Work/Masters/MastersProject/MastersProject/Ava/Content/Developers/i7230020/Collections/' took 0.01s
[2017.07.20-16.21.21:273][  0]LogFileCache: Scanning file cache for directory 'W:/University Work/Masters/MastersProject/MastersProject/Ava/Content/Collections/' took 0.01s
[2017.07.20-16.21.21:273][  0]LogCollectionManager: Rebuilt the GUID cache for 0 collections in 0.000002 seconds
[2017.07.20-16.21.21:282][  0]LogContentBrowser: Native class hierarchy populated in 0.0090 seconds. Added 2099 classes and 376 folders.
[2017.07.20-16.21.21:285][  0]LogStats: UGameplayTagsManager::ConstructGameplayTagTree: Construct from data asset -  0.000 s
[2017.07.20-16.21.21:285][  0]LogStats: UGameplayTagsManager::ConstructGameplayTagTree: GameplayTagTreeChangedEvent.Broadcast -  0.000 s
[2017.07.20-16.21.21:288][  0]LogContentBrowser: Native class hierarchy updated for 'GameplayTags' in 0.0024 seconds. Added 12 classes and 0 folders.
[2017.07.20-16.21.21:294][  0]LogContentBrowser: Native class hierarchy updated for 'WidgetCarousel' in 0.0023 seconds. Added 0 classes and 0 folders.
[2017.07.20-16.21.21:383][  0]LogContentBrowser: Native class hierarchy updated for 'AddContentDialog' in 0.0024 seconds. Added 0 classes and 0 folders.
[2017.07.20-16.21.21:389][  0]LogContentBrowser: Native class hierarchy updated for 'SceneOutliner' in 0.0025 seconds. Added 1 classes and 2 folders.
[2017.07.20-16.21.21:401][  0]LogCrashTracker: Crashtracker disabled due to settings.
[2017.07.20-16.21.21:444][  0]LogContentBrowser: Native class hierarchy updated for 'HierarchicalLODOutliner' in 0.0026 seconds. Added 1 classes and 2 folders.
[2017.07.20-16.21.21:444][  0]LogLoad: Full Startup: 16.29 seconds (BP compile: 1.18 seconds)
[2017.07.20-16.21.21:444][  0]LogExternalProfiler: Found external profiler: VSPerf
[2017.07.20-16.21.21:444][  0]LogExternalProfiler: Using external profiler: VSPerf
[2017.07.20-16.21.21:456][  0]LogOcInput: OculusInput pre-init called
[2017.07.20-16.21.21:475][  0]LogContentStreaming: Texture pool size now 1000 MB
[2017.07.20-16.21.21:613][  0]LogRenderer: Reallocating scene render targets to support 1616x600 (Frame:2).
[2017.07.20-16.21.21:681][  1]LogAssetRegistry: Asset discovery search completed in 11.4461 seconds
[2017.07.20-16.21.21:681][  1]LogCollectionManager: Rebuilt the object cache for 0 collections in 0.000001 seconds (found 0 objects)
[2017.07.20-16.21.21:681][  1]LogCollectionManager: Fixed up redirectors for 0 collections in 0.000021 seconds (updated 0 objects)
[2017.07.20-16.21.30:364][623]LogBlueprintUserMessages: Early PlayInEditor Detection: Level '/Game/Ava/Maps/PalaceLevel.PalaceLevel:PersistentLevel' has LevelScriptBlueprint '/Game/Ava/Maps/PalaceLevel.PalaceLevel:PersistentLevel.PalaceLevel' with GeneratedClass '/Game/Ava/Maps/PalaceLevel.PalaceLevel_C' with ClassGeneratedBy '/Game/Ava/Maps/PalaceLevel.PalaceLevel:PersistentLevel.PalaceLevel'
[2017.07.20-16.21.30:365][623]LogPlayLevel: PlayLevel: No blueprints needed recompiling
[2017.07.20-16.21.30:366][623]PIE: New page: PIE session: PalaceLevel (20 Jul 2017 17:21:30)
[2017.07.20-16.21.30:366][623]LogPlayLevel: Creating play world package: /Game/Ava/Maps/UEDPIE_0_PalaceLevel
[2017.07.20-16.21.30:431][623]LogPlayLevel: PIE: StaticDuplicateObject took: (0.065124s)
[2017.07.20-16.21.30:431][623]LogAIModule: Creating AISystem for world PalaceLevel
[2017.07.20-16.21.30:432][623]LogPlayLevel: PIE: World Init took: (0.000725s)
[2017.07.20-16.21.30:432][623]LogPlayLevel: PIE: Created PIE world by copying editor world from /Game/Ava/Maps/PalaceLevel.PalaceLevel to /Game/Ava/Maps/UEDPIE_0_PalaceLevel.PalaceLevel (0.066341s)
[2017.07.20-16.21.30:488][623]LogInit: XAudio2 using 'Speakers (Realtek High Definition Audio)' : 2 channels at 48 kHz using 32 bits per sample (channel mask 0x3)
[2017.07.20-16.21.30:495][623]LogInit: FAudioDevice initialized.
[2017.07.20-16.21.30:558][623]LogWorld: Game class is 'AvaGameMode'
[2017.07.20-16.21.30:587][623]LogWorld: Bringing World /Game/Ava/Maps/UEDPIE_0_PalaceLevel.PalaceLevel up for play (max tick rate 0) at 2017.07.20-17.21.30
[2017.07.20-16.21.30:590][623]LogWorld: Bringing up level for play took: 0.031114
[2017.07.20-16.21.30:595][623]LogContentBrowser: Native class hierarchy updated for 'MovieSceneCapture' in 0.0025 seconds. Added 11 classes and 0 folders.
[2017.07.20-16.21.30:600][623]LogBlueprintUserMessages: [GameUIBP_C_0] SEt UI
[2017.07.20-16.21.30:601][623]PIE: Info Play in editor start time for /Game/Ava/Maps/UEDPIE_0_PalaceLevel -0.482
[2017.07.20-16.21.30:601][623]LogBlueprintUserMessages: Late PlayInEditor Detection: Level '/Game/Ava/Maps/PalaceLevel.PalaceLevel:PersistentLevel' has LevelScriptBlueprint '/Game/Ava/Maps/PalaceLevel.PalaceLevel:PersistentLevel.PalaceLevel' with GeneratedClass '/Game/Ava/Maps/PalaceLevel.PalaceLevel_C' with ClassGeneratedBy '/Game/Ava/Maps/PalaceLevel.PalaceLevel:PersistentLevel.PalaceLevel'
[2017.07.20-16.21.35:746][221]LogBlueprintUserMessages: Early EndPlayMap Detection: Level '/Game/Ava/Maps/PalaceLevel.PalaceLevel:PersistentLevel' has LevelScriptBlueprint '/Game/Ava/Maps/PalaceLevel.PalaceLevel:PersistentLevel.PalaceLevel' with GeneratedClass '/Game/Ava/Maps/PalaceLevel.PalaceLevel_C' with ClassGeneratedBy '/Game/Ava/Maps/PalaceLevel.PalaceLevel:PersistentLevel.PalaceLevel'
[2017.07.20-16.21.35:783][221]LogBlueprintUserMessages: Late EndPlayMap Detection: Level '/Game/Ava/Maps/PalaceLevel.PalaceLevel:PersistentLevel' has LevelScriptBlueprint '/Game/Ava/Maps/PalaceLevel.PalaceLevel:PersistentLevel.PalaceLevel' with GeneratedClass '/Game/Ava/Maps/PalaceLevel.PalaceLevel_C' with ClassGeneratedBy '/Game/Ava/Maps/PalaceLevel.PalaceLevel:PersistentLevel.PalaceLevel'
[2017.07.20-16.21.54:103][575]Recompiling Ava...
[2017.07.20-16.21.54:104][575]Launching UnrealBuildTool... [C:/Program Files/Epic Games/4.12/Engine/Binaries/DotNET/UnrealBuildTool.exe Ava -ModuleWithSuffix Ava 418 Win64 Development -editorrecompile -canskiplink "W:/University Work/Masters/MastersProject/MastersProject/Ava/Ava.uproject"  -2015]
[2017.07.20-16.21.54:112][575]Warning: Starting HotReload took  0.1s.
[2017.07.20-16.22.00:350][949]CompilerResultsLog: New page: Compilation - 20 Jul 2017 17:22:00
[2017.07.20-16.22.00:350][949]CompilerResultsLog: Info Creating makefile for hot reloading Ava (working set of source files changed)
[2017.07.20-16.22.00:350][949]CompilerResultsLog: Info Compiling game modules for hot reload
[2017.07.20-16.22.00:350][949]CompilerResultsLog: Info Target is up to date
[2017.07.20-16.22.00:350][949]LogMainFrame: MainFrame: Module compiling took 6.255 seconds
[2017.07.20-16.22.00:375][949]LogContentBrowser: Native class hierarchy populated in 0.0129 seconds. Added 2101 classes and 380 folders.
[2017.07.20-16.22.00:378][949]Warning: HotReload took  6.4s.
[2017.07.20-16.22.01:975][ 42]LogBlueprintUserMessages: Early PlayInEditor Detection: Level '/Game/Ava/Maps/PalaceLevel.PalaceLevel:PersistentLevel' has LevelScriptBlueprint '/Game/Ava/Maps/PalaceLevel.PalaceLevel:PersistentLevel.PalaceLevel' with GeneratedClass '/Game/Ava/Maps/PalaceLevel.PalaceLevel_C' with ClassGeneratedBy '/Game/Ava/Maps/PalaceLevel.PalaceLevel:PersistentLevel.PalaceLevel'
[2017.07.20-16.22.01:975][ 42]LogPlayLevel: PlayLevel: No blueprints needed recompiling
[2017.07.20-16.22.01:975][ 42]PIE: New page: PIE session: PalaceLevel (20 Jul 2017 17:22:01)
[2017.07.20-16.22.01:975][ 42]LogPlayLevel: Creating play world package: /Game/Ava/Maps/UEDPIE_0_PalaceLevel
[2017.07.20-16.22.02:029][ 42]LogPlayLevel: PIE: StaticDuplicateObject took: (0.053173s)
[2017.07.20-16.22.02:029][ 42]LogAIModule: Creating AISystem for world PalaceLevel
[2017.07.20-16.22.02:029][ 42]LogPlayLevel: PIE: World Init took: (0.000631s)
[2017.07.20-16.22.02:030][ 42]LogPlayLevel: PIE: Created PIE world by copying editor world from /Game/Ava/Maps/PalaceLevel.PalaceLevel to /Game/Ava/Maps/UEDPIE_0_PalaceLevel.PalaceLevel (0.054145s)
[2017.07.20-16.22.02:043][ 42]LogInit: XAudio2 using 'Speakers (Realtek High Definition Audio)' : 2 channels at 48 kHz using 32 bits per sample (channel mask 0x3)
[2017.07.20-16.22.02:051][ 42]LogInit: FAudioDevice initialized.
[2017.07.20-16.22.02:101][ 42]LogWorld: Game class is 'AvaGameMode'
[2017.07.20-16.22.02:135][ 42]LogWorld: Bringing World /Game/Ava/Maps/UEDPIE_0_PalaceLevel.PalaceLevel up for play (max tick rate 0) at 2017.07.20-17.22.02
[2017.07.20-16.22.02:138][ 42]LogWorld: Bringing up level for play took: 0.036411
[2017.07.20-16.22.02:140][ 42]LogBlueprintUserMessages: [GameUIBP_C_1] SEt UI
[2017.07.20-16.22.02:141][ 42]PIE: Info Play in editor start time for /Game/Ava/Maps/UEDPIE_0_PalaceLevel 1.06
[2017.07.20-16.22.02:141][ 42]LogBlueprintUserMessages: Late PlayInEditor Detection: Level '/Game/Ava/Maps/PalaceLevel.PalaceLevel:PersistentLevel' has LevelScriptBlueprint '/Game/Ava/Maps/PalaceLevel.PalaceLevel:PersistentLevel.PalaceLevel' with GeneratedClass '/Game/Ava/Maps/PalaceLevel.PalaceLevel_C' with ClassGeneratedBy '/Game/Ava/Maps/PalaceLevel.PalaceLevel:PersistentLevel.PalaceLevel'
[2017.07.20-16.22.14:979][227]LogAnimMontage:Warning: Playing a Montage (CutScene_Root_Motion_Montage) for the wrong Skeleton (UE4_Mannequin_Skeleton) instead of (RigForTest_Skeleton).
[2017.07.20-16.22.17:374][508]LogBlueprintUserMessages: Early EndPlayMap Detection: Level '/Game/Ava/Maps/PalaceLevel.PalaceLevel:PersistentLevel' has LevelScriptBlueprint '/Game/Ava/Maps/PalaceLevel.PalaceLevel:PersistentLevel.PalaceLevel' with GeneratedClass '/Game/Ava/Maps/PalaceLevel.PalaceLevel_C' with ClassGeneratedBy '/Game/Ava/Maps/PalaceLevel.PalaceLevel:PersistentLevel.PalaceLevel'
[2017.07.20-16.22.17:404][508]LogBlueprintUserMessages: Late EndPlayMap Detection: Level '/Game/Ava/Maps/PalaceLevel.PalaceLevel:PersistentLevel' has LevelScriptBlueprint '/Game/Ava/Maps/PalaceLevel.PalaceLevel:PersistentLevel.PalaceLevel' with GeneratedClass '/Game/Ava/Maps/PalaceLevel.PalaceLevel_C' with ClassGeneratedBy '/Game/Ava/Maps/PalaceLevel.PalaceLevel:PersistentLevel.PalaceLevel'
[2017.07.20-16.22.46:406][588]Cmd: OBJ SAVEPACKAGE PACKAGE="/Game/TemporaryContent/RunToIdleCurve" FILE="W:/University Work/Masters/MastersProject/MastersProject/Ava/Content/TemporaryContent/RunToIdleCurve.uasset" SILENT=true
[2017.07.20-16.22.46:417][588]LogSavePackage: Save=3.42ms
[2017.07.20-16.22.46:417][588]LogSavePackage: Moving 'W:/University Work/Masters/MastersProject/MastersProject/Ava/Saved/RunToIdleCurve9040302D4A3DAC80BAA6098DB68B9A8C.tmp' to 'W:/University Work/Masters/MastersProject/MastersProject/Ava/Content/TemporaryContent/RunToIdleCurve.uasset'
[2017.07.20-16.22.46:424][588]LogSavePackage:Display: Finished SavePackage W:/University Work/Masters/MastersProject/MastersProject/Ava/Content/TemporaryContent/RunToIdleCurve.uasset
[2017.07.20-16.23.01:564][987]Cmd: OBJ SAVEPACKAGE PACKAGE="/Game/TemporaryContent/SprintToIdleCurve" FILE="W:/University Work/Masters/MastersProject/MastersProject/Ava/Content/TemporaryContent/SprintToIdleCurve.uasset" SILENT=true
[2017.07.20-16.23.01:575][987]LogSavePackage: Save=3.18ms
[2017.07.20-16.23.01:575][987]LogSavePackage: Moving 'W:/University Work/Masters/MastersProject/MastersProject/Ava/Saved/SprintToIdleCurve288F988C427C15B1C95BB2A156F7C0FB.tmp' to 'W:/University Work/Masters/MastersProject/MastersProject/Ava/Content/TemporaryContent/SprintToIdleCurve.uasset'
[2017.07.20-16.23.01:581][987]LogSavePackage:Display: Finished SavePackage W:/University Work/Masters/MastersProject/MastersProject/Ava/Content/TemporaryContent/SprintToIdleCurve.uasset
[2017.07.20-16.23.08:732][703]LogBlueprintUserMessages: Early PlayInEditor Detection: Level '/Game/Ava/Maps/PalaceLevel.PalaceLevel:PersistentLevel' has LevelScriptBlueprint '/Game/Ava/Maps/PalaceLevel.PalaceLevel:PersistentLevel.PalaceLevel' with GeneratedClass '/Game/Ava/Maps/PalaceLevel.PalaceLevel_C' with ClassGeneratedBy '/Game/Ava/Maps/PalaceLevel.PalaceLevel:PersistentLevel.PalaceLevel'
[2017.07.20-16.23.08:732][703]LogPlayLevel: PlayLevel: No blueprints needed recompiling
[2017.07.20-16.23.08:732][703]PIE: New page: PIE session: PalaceLevel (20 Jul 2017 17:23:08)
[2017.07.20-16.23.08:732][703]LogPlayLevel: Creating play world package: /Game/Ava/Maps/UEDPIE_0_PalaceLevel
[2017.07.20-16.23.08:786][703]LogPlayLevel: PIE: StaticDuplicateObject took: (0.053821s)
[2017.07.20-16.23.08:787][703]LogAIModule: Creating AISystem for world PalaceLevel
[2017.07.20-16.23.08:787][703]LogPlayLevel: PIE: World Init took: (0.000629s)
[2017.07.20-16.23.08:787][703]LogPlayLevel: PIE: Created PIE world by copying editor world from /Game/Ava/Maps/PalaceLevel.PalaceLevel to /Game/Ava/Maps/UEDPIE_0_PalaceLevel.PalaceLevel (0.054771s)
[2017.07.20-16.23.08:799][703]LogInit: XAudio2 using 'Speakers (Realtek High Definition Audio)' : 2 channels at 48 kHz using 32 bits per sample (channel mask 0x3)
[2017.07.20-16.23.08:806][703]LogInit: FAudioDevice initialized.
[2017.07.20-16.23.08:853][703]LogWorld: Game class is 'AvaGameMode'
[2017.07.20-16.23.08:889][703]LogWorld: Bringing World /Game/Ava/Maps/UEDPIE_0_PalaceLevel.PalaceLevel up for play (max tick rate 0) at 2017.07.20-17.23.08
[2017.07.20-16.23.08:892][703]LogWorld: Bringing up level for play took: 0.037691
[2017.07.20-16.23.08:894][703]LogBlueprintUserMessages: [GameUIBP_C_2] SEt UI
[2017.07.20-16.23.08:894][703]PIE: Info Play in editor start time for /Game/Ava/Maps/UEDPIE_0_PalaceLevel -0.183
[2017.07.20-16.23.08:895][703]LogBlueprintUserMessages: Late PlayInEditor Detection: Level '/Game/Ava/Maps/PalaceLevel.PalaceLevel:PersistentLevel' has LevelScriptBlueprint '/Game/Ava/Maps/PalaceLevel.PalaceLevel:PersistentLevel.PalaceLevel' with GeneratedClass '/Game/Ava/Maps/PalaceLevel.PalaceLevel_C' with ClassGeneratedBy '/Game/Ava/Maps/PalaceLevel.PalaceLevel:PersistentLevel.PalaceLevel'
[2017.07.20-16.23.15:083][440]LogBlueprintUserMessages: Early EndPlayMap Detection: Level '/Game/Ava/Maps/PalaceLevel.PalaceLevel:PersistentLevel' has LevelScriptBlueprint '/Game/Ava/Maps/PalaceLevel.PalaceLevel:PersistentLevel.PalaceLevel' with GeneratedClass '/Game/Ava/Maps/PalaceLevel.PalaceLevel_C' with ClassGeneratedBy '/Game/Ava/Maps/PalaceLevel.PalaceLevel:PersistentLevel.PalaceLevel'
[2017.07.20-16.23.15:118][440]LogBlueprintUserMessages: Late EndPlayMap Detection: Level '/Game/Ava/Maps/PalaceLevel.PalaceLevel:PersistentLevel' has LevelScriptBlueprint '/Game/Ava/Maps/PalaceLevel.PalaceLevel:PersistentLevel.PalaceLevel' with GeneratedClass '/Game/Ava/Maps/PalaceLevel.PalaceLevel_C' with ClassGeneratedBy '/Game/Ava/Maps/PalaceLevel.PalaceLevel:PersistentLevel.PalaceLevel'
[2017.07.20-16.23.20:749][865]LogEditorTransaction: Undo Mouse Drag
[2017.07.20-16.23.27:834][462]Cmd: OBJ SAVEPACKAGE PACKAGE="/Game/TemporaryContent/SprintToIdleCurve" FILE="W:/University Work/Masters/MastersProject/MastersProject/Ava/Content/TemporaryContent/SprintToIdleCurve.uasset" SILENT=true
[2017.07.20-16.23.27:841][462]LogSavePackage: Save=3.51ms
[2017.07.20-16.23.27:841][462]LogSavePackage: Moving 'W:/University Work/Masters/MastersProject/MastersProject/Ava/Saved/SprintToIdleCurve0FAEBA13465A0D372F6482B1D3C1BA1A.tmp' to 'W:/University Work/Masters/MastersProject/MastersProject/Ava/Content/TemporaryContent/SprintToIdleCurve.uasset'
[2017.07.20-16.23.27:848][462]LogSavePackage:Display: Finished SavePackage W:/University Work/Masters/MastersProject/MastersProject/Ava/Content/TemporaryContent/SprintToIdleCurve.uasset
[2017.07.20-16.23.30:238][703]LogBlueprintUserMessages: Early PlayInEditor Detection: Level '/Game/Ava/Maps/PalaceLevel.PalaceLevel:PersistentLevel' has LevelScriptBlueprint '/Game/Ava/Maps/PalaceLevel.PalaceLevel:PersistentLevel.PalaceLevel' with GeneratedClass '/Game/Ava/Maps/PalaceLevel.PalaceLevel_C' with ClassGeneratedBy '/Game/Ava/Maps/PalaceLevel.PalaceLevel:PersistentLevel.PalaceLevel'
[2017.07.20-16.23.30:238][703]LogPlayLevel: PlayLevel: No blueprints needed recompiling
[2017.07.20-16.23.30:238][703]PIE: New page: PIE session: PalaceLevel (20 Jul 2017 17:23:30)
[2017.07.20-16.23.30:238][703]LogPlayLevel: Creating play world package: /Game/Ava/Maps/UEDPIE_0_PalaceLevel
[2017.07.20-16.23.30:293][703]LogPlayLevel: PIE: StaticDuplicateObject took: (0.054813s)
[2017.07.20-16.23.30:294][703]LogAIModule: Creating AISystem for world PalaceLevel
[2017.07.20-16.23.30:294][703]LogPlayLevel: PIE: World Init took: (0.000569s)
[2017.07.20-16.23.30:294][703]LogPlayLevel: PIE: Created PIE world by copying editor world from /Game/Ava/Maps/PalaceLevel.PalaceLevel to /Game/Ava/Maps/UEDPIE_0_PalaceLevel.PalaceLevel (0.055690s)
[2017.07.20-16.23.30:304][703]LogInit: XAudio2 using 'Speakers (Realtek High Definition Audio)' : 2 channels at 48 kHz using 32 bits per sample (channel mask 0x3)
[2017.07.20-16.23.30:311][703]LogInit: FAudioDevice initialized.
[2017.07.20-16.23.30:358][703]LogWorld: Game class is 'AvaGameMode'
[2017.07.20-16.23.30:388][703]LogWorld: Bringing World /Game/Ava/Maps/UEDPIE_0_PalaceLevel.PalaceLevel up for play (max tick rate 0) at 2017.07.20-17.23.30
[2017.07.20-16.23.30:391][703]LogWorld: Bringing up level for play took: 0.032149
[2017.07.20-16.23.30:393][703]LogBlueprintUserMessages: [GameUIBP_C_3] SEt UI
[2017.07.20-16.23.30:393][703]PIE: Info Play in editor start time for /Game/Ava/Maps/UEDPIE_0_PalaceLevel -0.683
[2017.07.20-16.23.30:394][703]LogBlueprintUserMessages: Late PlayInEditor Detection: Level '/Game/Ava/Maps/PalaceLevel.PalaceLevel:PersistentLevel' has LevelScriptBlueprint '/Game/Ava/Maps/PalaceLevel.PalaceLevel:PersistentLevel.PalaceLevel' with GeneratedClass '/Game/Ava/Maps/PalaceLevel.PalaceLevel_C' with ClassGeneratedBy '/Game/Ava/Maps/PalaceLevel.PalaceLevel:PersistentLevel.PalaceLevel'
[2017.07.20-16.23.35:789][346]LogBlueprintUserMessages: Early EndPlayMap Detection: Level '/Game/Ava/Maps/PalaceLevel.PalaceLevel:PersistentLevel' has LevelScriptBlueprint '/Game/Ava/Maps/PalaceLevel.PalaceLevel:PersistentLevel.PalaceLevel' with GeneratedClass '/Game/Ava/Maps/PalaceLevel.PalaceLevel_C' with ClassGeneratedBy '/Game/Ava/Maps/PalaceLevel.PalaceLevel:PersistentLevel.PalaceLevel'
[2017.07.20-16.23.35:818][346]LogBlueprintUserMessages: Late EndPlayMap Detection: Level '/Game/Ava/Maps/PalaceLevel.PalaceLevel:PersistentLevel' has LevelScriptBlueprint '/Game/Ava/Maps/PalaceLevel.PalaceLevel:PersistentLevel.PalaceLevel' with GeneratedClass '/Game/Ava/Maps/PalaceLevel.PalaceLevel_C' with ClassGeneratedBy '/Game/Ava/Maps/PalaceLevel.PalaceLevel:PersistentLevel.PalaceLevel'
[2017.07.20-16.23.40:891][828]Cmd: OBJ SAVEPACKAGE PACKAGE="/Game/TemporaryContent/RunToIdleCurve" FILE="W:/University Work/Masters/MastersProject/MastersProject/Ava/Content/TemporaryContent/RunToIdleCurve.uasset" SILENT=true
[2017.07.20-16.23.40:902][828]LogSavePackage: Save=3.53ms
[2017.07.20-16.23.40:902][828]LogSavePackage: Moving 'W:/University Work/Masters/MastersProject/MastersProject/Ava/Saved/RunToIdleCurve4B87D035448D99F4A6CE19AA85C3827B.tmp' to 'W:/University Work/Masters/MastersProject/MastersProject/Ava/Content/TemporaryContent/RunToIdleCurve.uasset'
[2017.07.20-16.23.40:908][828]LogSavePackage:Display: Finished SavePackage W:/University Work/Masters/MastersProject/MastersProject/Ava/Content/TemporaryContent/RunToIdleCurve.uasset
[2017.07.20-16.23.43:084][994]LogBlueprintUserMessages: Early PlayInEditor Detection: Level '/Game/Ava/Maps/PalaceLevel.PalaceLevel:PersistentLevel' has LevelScriptBlueprint '/Game/Ava/Maps/PalaceLevel.PalaceLevel:PersistentLevel.PalaceLevel' with GeneratedClass '/Game/Ava/Maps/PalaceLevel.PalaceLevel_C' with ClassGeneratedBy '/Game/Ava/Maps/PalaceLevel.PalaceLevel:PersistentLevel.PalaceLevel'
[2017.07.20-16.23.43:085][994]LogPlayLevel: PlayLevel: No blueprints needed recompiling
[2017.07.20-16.23.43:085][994]PIE: New page: PIE session: PalaceLevel (20 Jul 2017 17:23:43)
[2017.07.20-16.23.43:085][994]LogPlayLevel: Creating play world package: /Game/Ava/Maps/UEDPIE_0_PalaceLevel
[2017.07.20-16.23.43:143][994]LogPlayLevel: PIE: StaticDuplicateObject took: (0.057875s)
[2017.07.20-16.23.43:143][994]LogAIModule: Creating AISystem for world PalaceLevel
[2017.07.20-16.23.43:143][994]LogPlayLevel: PIE: World Init took: (0.000741s)
[2017.07.20-16.23.43:144][994]LogPlayLevel: PIE: Created PIE world by copying editor world from /Game/Ava/Maps/PalaceLevel.PalaceLevel to /Game/Ava/Maps/UEDPIE_0_PalaceLevel.PalaceLevel (0.058954s)
[2017.07.20-16.23.43:155][994]LogInit: XAudio2 using 'Speakers (Realtek High Definition Audio)' : 2 channels at 48 kHz using 32 bits per sample (channel mask 0x3)
[2017.07.20-16.23.43:163][994]LogInit: FAudioDevice initialized.
[2017.07.20-16.23.43:212][994]LogWorld: Game class is 'AvaGameMode'
[2017.07.20-16.23.43:245][994]LogWorld: Bringing World /Game/Ava/Maps/UEDPIE_0_PalaceLevel.PalaceLevel up for play (max tick rate 0) at 2017.07.20-17.23.43
[2017.07.20-16.23.43:248][994]LogWorld: Bringing up level for play took: 0.035092
[2017.07.20-16.23.43:250][994]LogBlueprintUserMessages: [GameUIBP_C_4] SEt UI
[2017.07.20-16.23.43:251][994]PIE: Info Play in editor start time for /Game/Ava/Maps/UEDPIE_0_PalaceLevel 0.175
[2017.07.20-16.23.43:251][994]LogBlueprintUserMessages: Late PlayInEditor Detection: Level '/Game/Ava/Maps/PalaceLevel.PalaceLevel:PersistentLevel' has LevelScriptBlueprint '/Game/Ava/Maps/PalaceLevel.PalaceLevel:PersistentLevel.PalaceLevel' with GeneratedClass '/Game/Ava/Maps/PalaceLevel.PalaceLevel_C' with ClassGeneratedBy '/Game/Ava/Maps/PalaceLevel.PalaceLevel:PersistentLevel.PalaceLevel'
[2017.07.20-16.23.46:797][405]LogBlueprintUserMessages: Early EndPlayMap Detection: Level '/Game/Ava/Maps/PalaceLevel.PalaceLevel:PersistentLevel' has LevelScriptBlueprint '/Game/Ava/Maps/PalaceLevel.PalaceLevel:PersistentLevel.PalaceLevel' with GeneratedClass '/Game/Ava/Maps/PalaceLevel.PalaceLevel_C' with ClassGeneratedBy '/Game/Ava/Maps/PalaceLevel.PalaceLevel:PersistentLevel.PalaceLevel'
[2017.07.20-16.23.46:828][405]LogBlueprintUserMessages: Late EndPlayMap Detection: Level '/Game/Ava/Maps/PalaceLevel.PalaceLevel:PersistentLevel' has LevelScriptBlueprint '/Game/Ava/Maps/PalaceLevel.PalaceLevel:PersistentLevel.PalaceLevel' with GeneratedClass '/Game/Ava/Maps/PalaceLevel.PalaceLevel_C' with ClassGeneratedBy '/Game/Ava/Maps/PalaceLevel.PalaceLevel:PersistentLevel.PalaceLevel'
[2017.07.20-16.23.56:382][334]Cmd: OBJ SAVEPACKAGE PACKAGE="/Game/TemporaryContent/RunToIdleCurve" FILE="W:/University Work/Masters/MastersProject/MastersProject/Ava/Content/TemporaryContent/RunToIdleCurve.uasset" SILENT=true
[2017.07.20-16.23.56:390][334]LogSavePackage: Save=3.33ms
[2017.07.20-16.23.56:390][334]LogSavePackage: Moving 'W:/University Work/Masters/MastersProject/MastersProject/Ava/Saved/RunToIdleCurveB9DBD7F34708A54DF089A9AAEE301BB2.tmp' to 'W:/University Work/Masters/MastersProject/MastersProject/Ava/Content/TemporaryContent/RunToIdleCurve.uasset'
[2017.07.20-16.23.56:396][334]LogSavePackage:Display: Finished SavePackage W:/University Work/Masters/MastersProject/MastersProject/Ava/Content/TemporaryContent/RunToIdleCurve.uasset
[2017.07.20-16.23.58:088][467]LogBlueprintUserMessages: Early PlayInEditor Detection: Level '/Game/Ava/Maps/PalaceLevel.PalaceLevel:PersistentLevel' has LevelScriptBlueprint '/Game/Ava/Maps/PalaceLevel.PalaceLevel:PersistentLevel.PalaceLevel' with GeneratedClass '/Game/Ava/Maps/PalaceLevel.PalaceLevel_C' with ClassGeneratedBy '/Game/Ava/Maps/PalaceLevel.PalaceLevel:PersistentLevel.PalaceLevel'
[2017.07.20-16.23.58:088][467]LogPlayLevel: PlayLevel: No blueprints needed recompiling
[2017.07.20-16.23.58:088][467]PIE: New page: PIE session: PalaceLevel (20 Jul 2017 17:23:58)
[2017.07.20-16.23.58:088][467]LogPlayLevel: Creating play world package: /Game/Ava/Maps/UEDPIE_0_PalaceLevel
[2017.07.20-16.23.58:142][467]LogPlayLevel: PIE: StaticDuplicateObject took: (0.054122s)
[2017.07.20-16.23.58:143][467]LogAIModule: Creating AISystem for world PalaceLevel
[2017.07.20-16.23.58:143][467]LogPlayLevel: PIE: World Init took: (0.000617s)
[2017.07.20-16.23.58:143][467]LogPlayLevel: PIE: Created PIE world by copying editor world from /Game/Ava/Maps/PalaceLevel.PalaceLevel to /Game/Ava/Maps/UEDPIE_0_PalaceLevel.PalaceLevel (0.055052s)
[2017.07.20-16.23.58:154][467]LogInit: XAudio2 using 'Speakers (Realtek High Definition Audio)' : 2 channels at 48 kHz using 32 bits per sample (channel mask 0x3)
[2017.07.20-16.23.58:161][467]LogInit: FAudioDevice initialized.
[2017.07.20-16.23.58:225][467]LogWorld: Game class is 'AvaGameMode'
[2017.07.20-16.23.58:257][467]LogWorld: Bringing World /Game/Ava/Maps/UEDPIE_0_PalaceLevel.PalaceLevel up for play (max tick rate 0) at 2017.07.20-17.23.58
[2017.07.20-16.23.58:260][467]LogWorld: Bringing up level for play took: 0.033074
[2017.07.20-16.23.58:262][467]LogBlueprintUserMessages: [GameUIBP_C_5] SEt UI
[2017.07.20-16.23.58:262][467]PIE: Info Play in editor start time for /Game/Ava/Maps/UEDPIE_0_PalaceLevel -0.813
[2017.07.20-16.23.58:262][467]LogBlueprintUserMessages: Late PlayInEditor Detection: Level '/Game/Ava/Maps/PalaceLevel.PalaceLevel:PersistentLevel' has LevelScriptBlueprint '/Game/Ava/Maps/PalaceLevel.PalaceLevel:PersistentLevel.PalaceLevel' with GeneratedClass '/Game/Ava/Maps/PalaceLevel.PalaceLevel_C' with ClassGeneratedBy '/Game/Ava/Maps/PalaceLevel.PalaceLevel:PersistentLevel.PalaceLevel'
[2017.07.20-16.24.08:689][691]LogBlueprintUserMessages: Early EndPlayMap Detection: Level '/Game/Ava/Maps/PalaceLevel.PalaceLevel:PersistentLevel' has LevelScriptBlueprint '/Game/Ava/Maps/PalaceLevel.PalaceLevel:PersistentLevel.PalaceLevel' with GeneratedClass '/Game/Ava/Maps/PalaceLevel.PalaceLevel_C' with ClassGeneratedBy '/Game/Ava/Maps/PalaceLevel.PalaceLevel:PersistentLevel.PalaceLevel'
[2017.07.20-16.24.08:722][691]LogBlueprintUserMessages: Late EndPlayMap Detection: Level '/Game/Ava/Maps/PalaceLevel.PalaceLevel:PersistentLevel' has LevelScriptBlueprint '/Game/Ava/Maps/PalaceLevel.PalaceLevel:PersistentLevel.PalaceLevel' with GeneratedClass '/Game/Ava/Maps/PalaceLevel.PalaceLevel_C' with ClassGeneratedBy '/Game/Ava/Maps/PalaceLevel.PalaceLevel:PersistentLevel.PalaceLevel'
[2017.07.20-16.26.57:646][267]LogBlueprintUserMessages: Early PlayInEditor Detection: Level '/Game/Ava/Maps/PalaceLevel.PalaceLevel:PersistentLevel' has LevelScriptBlueprint '/Game/Ava/Maps/PalaceLevel.PalaceLevel:PersistentLevel.PalaceLevel' with GeneratedClass '/Game/Ava/Maps/PalaceLevel.PalaceLevel_C' with ClassGeneratedBy '/Game/Ava/Maps/PalaceLevel.PalaceLevel:PersistentLevel.PalaceLevel'
[2017.07.20-16.26.57:647][267]LogPlayLevel: PlayLevel: No blueprints needed recompiling
[2017.07.20-16.26.57:647][267]PIE: New page: PIE session: PalaceLevel (20 Jul 2017 17:26:57)
[2017.07.20-16.26.57:647][267]LogPlayLevel: Creating play world package: /Game/Ava/Maps/UEDPIE_0_PalaceLevel
[2017.07.20-16.26.57:707][267]LogPlayLevel: PIE: StaticDuplicateObject took: (0.060474s)
[2017.07.20-16.26.57:708][267]LogAIModule: Creating AISystem for world PalaceLevel
[2017.07.20-16.26.57:708][267]LogPlayLevel: PIE: World Init took: (0.000835s)
[2017.07.20-16.26.57:708][267]LogPlayLevel: PIE: Created PIE world by copying editor world from /Game/Ava/Maps/PalaceLevel.PalaceLevel to /Game/Ava/Maps/UEDPIE_0_PalaceLevel.PalaceLevel (0.061698s)
[2017.07.20-16.26.57:728][267]LogInit: XAudio2 using 'Speakers (Realtek High Definition Audio)' : 2 channels at 48 kHz using 32 bits per sample (channel mask 0x3)
[2017.07.20-16.26.57:737][267]LogInit: FAudioDevice initialized.
[2017.07.20-16.26.57:809][267]LogWorld: Game class is 'AvaGameMode'
[2017.07.20-16.26.57:851][267]LogWorld: Bringing World /Game/Ava/Maps/UEDPIE_0_PalaceLevel.PalaceLevel up for play (max tick rate 0) at 2017.07.20-17.26.57
[2017.07.20-16.26.57:854][267]LogWorld: Bringing up level for play took: 0.043653
[2017.07.20-16.26.57:857][267]LogBlueprintUserMessages: [GameUIBP_C_6] SEt UI
[2017.07.20-16.26.57:857][267]PIE: Info Play in editor start time for /Game/Ava/Maps/UEDPIE_0_PalaceLevel 0.791
[2017.07.20-16.26.57:857][267]LogBlueprintUserMessages: Late PlayInEditor Detection: Level '/Game/Ava/Maps/PalaceLevel.PalaceLevel:PersistentLevel' has LevelScriptBlueprint '/Game/Ava/Maps/PalaceLevel.PalaceLevel:PersistentLevel.PalaceLevel' with GeneratedClass '/Game/Ava/Maps/PalaceLevel.PalaceLevel_C' with ClassGeneratedBy '/Game/Ava/Maps/PalaceLevel.PalaceLevel:PersistentLevel.PalaceLevel'
[2017.07.20-16.27.07:541][387]LogBlueprintUserMessages: Early EndPlayMap Detection: Level '/Game/Ava/Maps/PalaceLevel.PalaceLevel:PersistentLevel' has LevelScriptBlueprint '/Game/Ava/Maps/PalaceLevel.PalaceLevel:PersistentLevel.PalaceLevel' with GeneratedClass '/Game/Ava/Maps/PalaceLevel.PalaceLevel_C' with ClassGeneratedBy '/Game/Ava/Maps/PalaceLevel.PalaceLevel:PersistentLevel.PalaceLevel'
[2017.07.20-16.27.07:574][387]LogBlueprintUserMessages: Late EndPlayMap Detection: Level '/Game/Ava/Maps/PalaceLevel.PalaceLevel:PersistentLevel' has LevelScriptBlueprint '/Game/Ava/Maps/PalaceLevel.PalaceLevel:PersistentLevel.PalaceLevel' with GeneratedClass '/Game/Ava/Maps/PalaceLevel.PalaceLevel_C' with ClassGeneratedBy '/Game/Ava/Maps/PalaceLevel.PalaceLevel:PersistentLevel.PalaceLevel'
[2017.07.20-16.30.36:139][472]LogBlueprintUserMessages: Early PlayInEditor Detection: Level '/Game/Ava/Maps/PalaceLevel.PalaceLevel:PersistentLevel' has LevelScriptBlueprint '/Game/Ava/Maps/PalaceLevel.PalaceLevel:PersistentLevel.PalaceLevel' with GeneratedClass '/Game/Ava/Maps/PalaceLevel.PalaceLevel_C' with ClassGeneratedBy '/Game/Ava/Maps/PalaceLevel.PalaceLevel:PersistentLevel.PalaceLevel'
[2017.07.20-16.30.36:139][472]LogPlayLevel: PlayLevel: No blueprints needed recompiling
[2017.07.20-16.30.36:139][472]PIE: New page: PIE session: PalaceLevel (20 Jul 2017 17:30:36)
[2017.07.20-16.30.36:139][472]LogPlayLevel: Creating play world package: /Game/Ava/Maps/UEDPIE_0_PalaceLevel
[2017.07.20-16.30.36:197][472]LogPlayLevel: PIE: StaticDuplicateObject took: (0.057588s)
[2017.07.20-16.30.36:197][472]LogAIModule: Creating AISystem for world PalaceLevel
[2017.07.20-16.30.36:198][472]LogPlayLevel: PIE: World Init took: (0.000734s)
[2017.07.20-16.30.36:198][472]LogPlayLevel: PIE: Created PIE world by copying editor world from /Game/Ava/Maps/PalaceLevel.PalaceLevel to /Game/Ava/Maps/UEDPIE_0_PalaceLevel.PalaceLevel (0.058683s)
[2017.07.20-16.30.36:209][472]LogInit: XAudio2 using 'Speakers (Realtek High Definition Audio)' : 2 channels at 48 kHz using 32 bits per sample (channel mask 0x3)
[2017.07.20-16.30.36:216][472]LogInit: FAudioDevice initialized.
[2017.07.20-16.30.36:265][472]LogWorld: Game class is 'AvaGameMode'
[2017.07.20-16.30.36:295][472]LogWorld: Bringing World /Game/Ava/Maps/UEDPIE_0_PalaceLevel.PalaceLevel up for play (max tick rate 0) at 2017.07.20-17.30.36
[2017.07.20-16.30.36:298][472]LogWorld: Bringing up level for play took: 0.032126
[2017.07.20-16.30.36:300][472]LogBlueprintUserMessages: [GameUIBP_C_7] SEt UI
[2017.07.20-16.30.36:301][472]PIE: Info Play in editor start time for /Game/Ava/Maps/UEDPIE_0_PalaceLevel -0.755
[2017.07.20-16.30.36:301][472]LogBlueprintUserMessages: Late PlayInEditor Detection: Level '/Game/Ava/Maps/PalaceLevel.PalaceLevel:PersistentLevel' has LevelScriptBlueprint '/Game/Ava/Maps/PalaceLevel.PalaceLevel:PersistentLevel.PalaceLevel' with GeneratedClass '/Game/Ava/Maps/PalaceLevel.PalaceLevel_C' with ClassGeneratedBy '/Game/Ava/Maps/PalaceLevel.PalaceLevel:PersistentLevel.PalaceLevel'
[2017.07.20-16.30.38:241][700]LogAnimMontage:Warning: Playing a Montage (CutScene_Root_Motion_Montage) for the wrong Skeleton (UE4_Mannequin_Skeleton) instead of (RigForTest_Skeleton).
[2017.07.20-16.30.45:528][554]LogBlueprintUserMessages: Early EndPlayMap Detection: Level '/Game/Ava/Maps/PalaceLevel.PalaceLevel:PersistentLevel' has LevelScriptBlueprint '/Game/Ava/Maps/PalaceLevel.PalaceLevel:PersistentLevel.PalaceLevel' with GeneratedClass '/Game/Ava/Maps/PalaceLevel.PalaceLevel_C' with ClassGeneratedBy '/Game/Ava/Maps/PalaceLevel.PalaceLevel:PersistentLevel.PalaceLevel'
[2017.07.20-16.30.45:558][554]LogBlueprintUserMessages: Late EndPlayMap Detection: Level '/Game/Ava/Maps/PalaceLevel.PalaceLevel:PersistentLevel' has LevelScriptBlueprint '/Game/Ava/Maps/PalaceLevel.PalaceLevel:PersistentLevel.PalaceLevel' with GeneratedClass '/Game/Ava/Maps/PalaceLevel.PalaceLevel_C' with ClassGeneratedBy '/Game/Ava/Maps/PalaceLevel.PalaceLevel:PersistentLevel.PalaceLevel'
[2017.07.20-16.35.09:846][374]LogHotReload: New module detected: UE4Editor-Ava-302.dll
[2017.07.20-16.35.12:529][383]LogHotReload: Starting Hot-Reload from IDE
[2017.07.20-16.35.12:592][383]LogClass: ItemDataVariables HotReload.
[2017.07.20-16.35.12:592][383]LogClass: Item HotReload.
[2017.07.20-16.35.12:593][383]LogHotReload: Re-instancing Antelope after hot-reload.
[2017.07.20-16.35.12:631][383]LogHotReload: Re-instancing Door after hot-reload.
[2017.07.20-16.35.12:961][383]LogHotReload: Re-instancing PushPullItem after hot-reload.
[2017.07.20-16.35.13:212][383]LogHotReload: Re-instancing PickUpItem after hot-reload.
[2017.07.20-16.35.13:470][383]LogHotReload: Re-instancing MainCharacter after hot-reload.
[2017.07.20-16.35.13:618][383]LogHotReload: Re-instancing OfferingStatue after hot-reload.
[2017.07.20-16.35.13:772][383]LogHotReload: Re-instancing StatueObject after hot-reload.
[2017.07.20-16.35.13:932][383]LogHotReload: Re-instancing BluePuzzle after hot-reload.
[2017.07.20-16.35.14:010][383]LogHotReload: Re-instancing GreenPuzzle after hot-reload.
[2017.07.20-16.35.14:081][383]LogHotReload: Re-instancing WhitePuzzle after hot-reload.
[2017.07.20-16.35.14:158][383]LogContentBrowser: Native class hierarchy updated for 'Ava' in 0.0026 seconds. Added 21 classes and 2 folders.
[2017.07.20-16.35.14:160][383]Warning: HotReload successful (14 functions remapped  0 scriptstructs remapped)
[2017.07.20-16.35.14:266][383]LogContentBrowser: Native class hierarchy populated in 0.0097 seconds. Added 2101 classes and 380 folders.
[2017.07.20-16.35.14:270][383]Warning: HotReload took  1.7s.
[2017.07.20-16.35.17:593][696]LogBlueprintUserMessages: Early PlayInEditor Detection: Level '/Game/Ava/Maps/PalaceLevel.PalaceLevel:PersistentLevel' has LevelScriptBlueprint '/Game/Ava/Maps/PalaceLevel.PalaceLevel:PersistentLevel.PalaceLevel' with GeneratedClass '/Game/Ava/Maps/PalaceLevel.PalaceLevel_C' with ClassGeneratedBy '/Game/Ava/Maps/PalaceLevel.PalaceLevel:PersistentLevel.PalaceLevel'
[2017.07.20-16.35.17:593][696]LogPlayLevel: PlayLevel: No blueprints needed recompiling
[2017.07.20-16.35.17:593][696]PIE: New page: PIE session: PalaceLevel (20 Jul 2017 17:35:17)
[2017.07.20-16.35.17:593][696]LogPlayLevel: Creating play world package: /Game/Ava/Maps/UEDPIE_0_PalaceLevel
[2017.07.20-16.35.17:624][696]LogProperty:Warning: Serialized Class /Script/Ava.PickUpItem for a property of Class /Script/Ava.StatueObject. Reference will be NULLed.
    Property = ObjectProperty /Script/Ava.Puzzle:DesignatedStatue
    Item = PickUpItem /Script/Ava.Default__PickUpItem
[2017.07.20-16.35.17:651][696]LogPlayLevel: PIE: StaticDuplicateObject took: (0.057778s)
[2017.07.20-16.35.17:652][696]LogAIModule: Creating AISystem for world PalaceLevel
[2017.07.20-16.35.17:652][696]LogPlayLevel: PIE: World Init took: (0.000685s)
[2017.07.20-16.35.17:652][696]LogPlayLevel: PIE: Created PIE world by copying editor world from /Game/Ava/Maps/PalaceLevel.PalaceLevel to /Game/Ava/Maps/UEDPIE_0_PalaceLevel.PalaceLevel (0.058790s)
[2017.07.20-16.35.17:663][696]LogInit: XAudio2 using 'Speakers (Realtek High Definition Audio)' : 2 channels at 48 kHz using 32 bits per sample (channel mask 0x3)
[2017.07.20-16.35.17:671][696]LogInit: FAudioDevice initialized.
[2017.07.20-16.35.17:722][696]LogWorld: Game class is 'AvaGameMode'
[2017.07.20-16.35.17:751][696]LogWorld: Bringing World /Game/Ava/Maps/UEDPIE_0_PalaceLevel.PalaceLevel up for play (max tick rate 0) at 2017.07.20-17.35.17
[2017.07.20-16.35.17:754][696]LogWorld: Bringing up level for play took: 0.030959
[2017.07.20-16.35.17:756][696]LogBlueprintUserMessages: [GameUIBP_C_26] SEt UI
[2017.07.20-16.35.17:756][696]PIE: Info Play in editor start time for /Game/Ava/Maps/UEDPIE_0_PalaceLevel 0.715
[2017.07.20-16.35.17:756][696]LogBlueprintUserMessages: Late PlayInEditor Detection: Level '/Game/Ava/Maps/PalaceLevel.PalaceLevel:PersistentLevel' has LevelScriptBlueprint '/Game/Ava/Maps/PalaceLevel.PalaceLevel:PersistentLevel.PalaceLevel' with GeneratedClass '/Game/Ava/Maps/PalaceLevel.PalaceLevel_C' with ClassGeneratedBy '/Game/Ava/Maps/PalaceLevel.PalaceLevel:PersistentLevel.PalaceLevel'
[2017.07.20-16.35.18:522][696]LogCrashTracker: 


[2017.07.20-16.35.18:522][696]LogCrashTracker: 


[2017.07.20-16.35.18:522][696]LogWindows:Error: === Critical error: ===


[2017.07.20-16.35.18:542][696]LogExit: Executing StaticShutdownAfterError
[2017.07.20-16.35.18:547][696]LogWindows: FPlatformMisc::RequestExit(1)
[2017.07.20-16.35.18:547][696]Log file closed, 07/20/17 17:35:18
