Log file open, 06/21/17 09:29:07
LogInit:Display: Running engine for game: Ava
LogPlatformFile: Not using cached read wrapper
LogInit:Display: RandInit(-741348298) SRandInit(-741348296).
LogTaskGraph: Started task graph with 4 named threads and 9 total threads with 1 sets of task threads.
LogStats: Stats thread started at 0.124254
LogInit: Version: 4.12.5-3039270+++UE4+Release-4.12
LogInit: API Version: 2992821
LogInit: Net Version: 3039270
LogDevObjectVersion: Number of dev versions registered: 13
LogDevObjectVersion:   Dev-Blueprints (B0D832E4-1F89-4F0D-ACCF-7EB736FD4AA2): 3
LogDevObjectVersion:   Dev-Build (E1C64328-A22C-4D53-A36C-8E866417BD8C): 0
LogDevObjectVersion:   Dev-Core (375EC13C-06E4-48FB-B500-84F0262A717E): 1
LogDevObjectVersion:   Dev-Editor (E4B068ED-F494-42E9-A231-DA0B2E46BB41): 2
LogDevObjectVersion:   Dev-Framework (CFFC743F-43B0-4480-9391-14DF171D2073): 6
LogDevObjectVersion:   Dev-Mobile (B02B49B5-BB20-44E9-A304-32B752E40360): 0
LogDevObjectVersion:   Dev-Networking (A4E4105C-59A1-49B5-A7C5-40C4547EDFEE): 0
LogDevObjectVersion:   Dev-Online (39C831C9-5AE6-47DC-9A44-9C173E1C8E7C): 0
LogDevObjectVersion:   Dev-Physics (78F01B33-EBEA-4F98-B9B4-84EACCB95AA2): 0
LogDevObjectVersion:   Dev-Platform (6631380F-2D4D-43E0-8009-CF276956A95A): 0
LogDevObjectVersion:   Dev-Rendering (12F88B9F-8875-4AFC-A67C-D90C383ABD29): 2
LogDevObjectVersion:   Dev-Sequencer (7B5AE74C-D270-4C10-A958-57980B212A5A): 0
LogDevObjectVersion:   Dev-VR (D7296918-1DD6-4BDD-9DE2-64A83CC13884): 0
LogInit: Compiled (64-bit): Jul  6 2016 09:09:46
LogInit: Compiled with Visual C++: 19.00.23026.00
LogInit: Build Configuration: Development
LogInit: Branch Name: ++UE4+Release-4.12
LogInit: Command line:  
LogInit: Base directory: C:/Program Files/Epic Games/4.12/Engine/Binaries/Win64/
LogInit: Installed Engine Build: 1
LogInit: Using libcurl 7.41.0
LogInit:  - built for x86_64-pc-win32
LogInit:  - supports SSL with WinSSL
LogInit:  - other features:
LogInit:      CURL_VERSION_SSL
LogInit:      CURL_VERSION_IPV6
LogInit:      CURL_VERSION_ASYNCHDNS
LogInit:      CURL_VERSION_LARGEFILE
LogInit:      CURL_VERSION_IDN
LogInit:  CurlRequestOptions (configurable via config and command line):
LogInit:  - bVerifyPeer = true  - Libcurl will verify peer certificate
LogInit:  - bUseHttpProxy = false  - Libcurl will NOT use HTTP proxy
LogInit:  - bDontReuseConnections = false  - Libcurl will reuse connections
LogInit:  - CertBundlePath = nullptr  - Libcurl will use whatever was configured at build time.
LogInit: Presizing for max 8388607 objects, including 0 objects not considered by GC, pre-allocating 0 bytes for permanent pool.
LogInit: Object subsystem initialized
[2017.06.21-08.29.07:510][  0]LogInit: Selected Device Profile: [Windows]
[2017.06.21-08.29.07:510][  0]LogInit: Applying CVar settings loaded from the selected device profile: [Windows]
[2017.06.21-08.29.07:536][  0]LogInit: Computer: PC42640
[2017.06.21-08.29.07:536][  0]LogInit: User: i7230020
[2017.06.21-08.29.07:536][  0]LogInit: CPU Page size=65536, Cores=6
[2017.06.21-08.29.07:536][  0]LogInit: High frequency timer resolution =3.410136 MHz
[2017.06.21-08.29.07:537][  0]LogMemory: Memory total: Physical=31.9GB (32GB approx)
[2017.06.21-08.29.07:537][  0]LogMemory: Platform Memory Stats for Windows
[2017.06.21-08.29.07:537][  0]LogMemory: Process Physical Memory: 195.29 MB used, 195.29 MB peak
[2017.06.21-08.29.07:537][  0]LogMemory: Process Virtual Memory: 198.91 MB used, 198.91 MB peak
[2017.06.21-08.29.07:537][  0]LogMemory: Physical Memory: 10373.02 MB used, 32684.15 MB total
[2017.06.21-08.29.07:537][  0]LogMemory: Virtual Memory: 538.89 MB used, 8388608.00 MB total
[2017.06.21-08.29.07:614][  0]LogTextLocalizationManager: No specific translations for ('en-GB') exist, so ('en') translations will be used.
[2017.06.21-08.29.08:037][  0]LogD3D11RHI: D3D11 adapters:
[2017.06.21-08.29.08:062][  0]LogD3D11RHI:    0. 'NVIDIA Quadro M4000' (Feature Level 11_0)
[2017.06.21-08.29.08:062][  0]LogD3D11RHI:       8092/0/16086 MB DedicatedVideo/DedicatedSystem/SharedSystem, Outputs:1, VendorId:0x10de
[2017.06.21-08.29.08:062][  0]LogD3D11RHI: Chosen D3D11 Adapter: 0
[2017.06.21-08.29.08:079][  0]LogD3D11RHI: Creating new Direct3DDevice
[2017.06.21-08.29.08:079][  0]LogD3D11RHI:     GPU DeviceId: 0x13f1 (for the marketing name, search the web for "GPU Device Id")
[2017.06.21-08.29.08:079][  0]LogWindows: EnumDisplayDevices:
[2017.06.21-08.29.08:081][  0]LogWindows:    0. 'NVIDIA Quadro M4000' (P:1 D:1)
[2017.06.21-08.29.08:083][  0]LogWindows:    1. 'NVIDIA Quadro M4000' (P:0 D:0)
[2017.06.21-08.29.08:085][  0]LogWindows:    2. 'NVIDIA Quadro M4000' (P:0 D:0)
[2017.06.21-08.29.08:087][  0]LogWindows:    3. 'NVIDIA Quadro M4000' (P:0 D:0)
[2017.06.21-08.29.08:088][  0]LogWindows:    4. 'RDPDD Chained DD' (P:0 D:0)
[2017.06.21-08.29.08:090][  0]LogWindows:    5. 'RDP Encoder Mirror Driver' (P:0 D:0)
[2017.06.21-08.29.08:092][  0]LogWindows:    6. 'RDP Reflector Display Driver' (P:0 D:0)
[2017.06.21-08.29.08:093][  0]LogWindows: DebugString: GetVideoDriverDetailsInvalid PrimaryIsNotTheChoosenAdapter GetVideoDriverDetailsInvalid PrimaryIsNotTheChoosenAdapter GetVideoDriverDetailsInvalid PrimaryIsNotTheChoosenAdapter FoundDriverCount:4 
[2017.06.21-08.29.08:093][  0]LogD3D11RHI:     Adapter Name: NVIDIA Quadro M4000
[2017.06.21-08.29.08:093][  0]LogD3D11RHI:   Driver Version: 362.13 (internal:10.18.13.6213, unified:362.13)
[2017.06.21-08.29.08:093][  0]LogD3D11RHI:      Driver Date: 3-18-2016
[2017.06.21-08.29.08:093][  0]LogRHI: Texture pool is 1361 MB (70% of 1945 MB)
[2017.06.21-08.29.08:108][  0]LogD3D11RHI: Async texture creation enabled
[2017.06.21-08.29.08:128][  0]LogD3D11RHI: GPU Timing Frequency: 1000.000000 (Debug: 2 2)
[2017.06.21-08.29.08:128][  0]LogShaderCompilers: Guid format shader working directory is -28 characters bigger than the processId version (../../../../../../Users/i7230020.STUDENT.000/Documents/GitHub/MastersProject/Ava/Intermediate/Shaders/WorkingDirectory/13544/).
[2017.06.21-08.29.08:129][  0]LogShaderCompilers: Cleaned the shader compiler working directory 'C:/Users/I72300~1.000/AppData/Local/Temp/UnrealShaderWorkingDir/D67912EC4FBCFB836200FFBD26FAE7B7/'.
[2017.06.21-08.29.08:129][  0]LogShaderCompilers:Display: Using Local Shader Compiler.
[2017.06.21-08.29.09:451][  0]LogTemp:Display: Loaded TP AllDesktopTargetPlatform
[2017.06.21-08.29.09:460][  0]LogTemp:Display: Loaded TP WindowsClientTargetPlatform
[2017.06.21-08.29.09:469][  0]LogTemp:Display: Loaded TP WindowsNoEditorTargetPlatform
[2017.06.21-08.29.09:478][  0]LogTemp:Display: Loaded TP WindowsServerTargetPlatform
[2017.06.21-08.29.09:487][  0]LogTemp:Display: Loaded TP WindowsTargetPlatform
[2017.06.21-08.29.09:495][  0]LogTemp:Display: Loaded TP AndroidTargetPlatform
[2017.06.21-08.29.09:503][  0]LogTemp:Display: Loaded TP Android_ASTCTargetPlatform
[2017.06.21-08.29.09:511][  0]LogTemp:Display: Loaded TP Android_ATCTargetPlatform
[2017.06.21-08.29.09:519][  0]LogTemp:Display: Loaded TP Android_DXTTargetPlatform
[2017.06.21-08.29.09:527][  0]LogTemp:Display: Loaded TP Android_ETC1TargetPlatform
[2017.06.21-08.29.09:535][  0]LogTemp:Display: Loaded TP Android_ETC2TargetPlatform
[2017.06.21-08.29.09:551][  0]LogTemp:Display: Loaded TP Android_MultiTargetPlatform
[2017.06.21-08.29.09:551][  0]LogTemp:Display: Loaded TP Android_PVRTCTargetPlatform
[2017.06.21-08.29.09:553][  0]LogTemp:Display: Loaded TP HTML5TargetPlatform
[2017.06.21-08.29.09:574][  0]LogTemp:Display: Loaded TP IOSTargetPlatform
[2017.06.21-08.29.09:581][  0]LogTemp:Display: Loaded TP TVOSTargetPlatform
[2017.06.21-08.29.09:589][  0]LogTemp:Display: Loaded TP LinuxNoEditorTargetPlatform
[2017.06.21-08.29.09:597][  0]LogTemp:Display: Loaded TP LinuxServerTargetPlatform
[2017.06.21-08.29.09:605][  0]LogTemp:Display: Loaded TP LinuxTargetPlatform
[2017.06.21-08.29.09:605][  0]LogTargetPlatformManager:Display: Building Assets For Windows
[2017.06.21-08.29.09:764][  0]LogDerivedDataCache:Display: Max Cache Size: 512 MB
[2017.06.21-08.29.09:827][  0]LogDerivedDataCache: Loaded boot cache 0.06s 49MB C:/Users/i7230020.STUDENT.000/AppData/Local/UnrealEngine/4.12/DerivedDataCache/Boot.ddc.
[2017.06.21-08.29.09:828][  0]LogDerivedDataCache:Display: Loaded Boot cache: C:/Users/i7230020.STUDENT.000/AppData/Local/UnrealEngine/4.12/DerivedDataCache/Boot.ddc
[2017.06.21-08.29.09:828][  0]LogDerivedDataCache: FDerivedDataBackendGraph:  Pak pak cache file ../../../../../../Users/i7230020.STUDENT.000/Documents/GitHub/MastersProject/Ava/DerivedDataCache/DDC.ddp not found, will not use a pak cache.
[2017.06.21-08.29.09:828][  0]LogDerivedDataCache: Unable to find inner node Pak for hierarchical cache Hierarchy.
[2017.06.21-08.29.09:828][  0]LogDerivedDataCache: FDerivedDataBackendGraph:  CompressedPak pak cache file ../../../../../../Users/i7230020.STUDENT.000/Documents/GitHub/MastersProject/Ava/DerivedDataCache/Compressed.ddp not found, will not use a pak cache.
[2017.06.21-08.29.09:828][  0]LogDerivedDataCache: Unable to find inner node CompressedPak for hierarchical cache Hierarchy.
[2017.06.21-08.29.09:843][  0]LogDerivedDataCache:Display: Pak cache opened for reading ../../../Engine/DerivedDataCache/Compressed.ddp.
[2017.06.21-08.29.09:855][  0]LogDerivedDataCache: Using Local data cache path C:/Users/i7230020.STUDENT.000/AppData/Local/UnrealEngine/Common/DerivedDataCache: Writable
[2017.06.21-08.29.10:090][  0]LogInit: Selected Device Profile: [Windows]
[2017.06.21-08.29.10:091][  0]LogContentStreaming: Texture pool size is 0.00 MB
[2017.06.21-08.29.10:308][  0]LogMeshUtilities: No automatic mesh reduction module available
[2017.06.21-08.29.10:308][  0]LogMeshUtilities: No automatic mesh merging module available
[2017.06.21-08.29.10:308][  0]LogMeshUtilities: No distributed automatic mesh merging module available
[2017.06.21-08.29.10:641][  0]LogAssetRegistry: FAssetRegistry took 0.0206 seconds to start up
[2017.06.21-08.29.10:780][  0]LogPackageLocalizationCache: Processed 4 localized package path(s) for 2 prioritized culture(s) in 0.131067 seconds
[2017.06.21-08.29.10:785][  0]LogUObjectArray: 28739 objects as part of root set at end of initial load.
[2017.06.21-08.29.10:785][  0]LogUObjectAllocator: 5855624 out of 0 bytes used by permanent object pool.
[2017.06.21-08.29.10:785][  0]LogUObjectArray: CloseDisregardForGC: 0/0 objects in disregard for GC pool
[2017.06.21-08.29.10:791][  0]LogInit: WinSock: version 1.1 (2.2), MaxSocks=32767, MaxUdp=65467
[2017.06.21-08.29.11:118][  0]LogSlate: SlateFontCache - WITH_FREETYPE: 1, WITH_HARFBUZZ: 1
[2017.06.21-08.29.11:118][  0]LogSlate: SlateFontCache - WITH_FREETYPE: 1, WITH_HARFBUZZ: 1
[2017.06.21-08.29.12:395][  0]LogUdpMessaging: Initializing bridge on interface 0.0.0.0:0 to multicast group 230.0.0.1:6666.
[2017.06.21-08.29.12:744][  0]SourceControl: Info Source control is disabled
[2017.06.21-08.29.12:752][  0]SourceControl: Info Source control is disabled
[2017.06.21-08.29.12:781][  0]SourceControl: Info Source control is disabled
[2017.06.21-08.29.12:793][  0]SourceControl: Info Source control is disabled
[2017.06.21-08.29.12:998][  0]LogHoudiniEngine: Starting the Houdini Engine module.
[2017.06.21-08.29.12:999][  0]LogHoudiniEngine: Loaded libHAPIL.dll from Registry path C:\Program Files\Side Effects Software\Houdini 15.5.632/bin
[2017.06.21-08.29.13:000][  0]LogLinker:Warning: Asset '../../../Engine/Plugins/Runtime/HoudiniEngine/Content/houdini_logo.uasset' has been saved with empty engine version. The asset will be loaded but may be incompatible.
[2017.06.21-08.29.13:002][  0]LogLinker:Warning: Asset '../../../Engine/Plugins/Runtime/HoudiniEngine/Content/houdini_default_material.uasset' has been saved with empty engine version. The asset will be loaded but may be incompatible.
[2017.06.21-08.29.13:012][  0]LogLinker:Warning: Asset '../../../Engine/Plugins/Runtime/HoudiniEngine/Content/houdini_bgeo_import.uasset' has been saved with empty engine version. The asset will be loaded but may be incompatible.
[2017.06.21-08.29.14:498][  0]LogHoudiniEngine: Successfully initialized the Houdini Engine API module.
[2017.06.21-08.29.14:712][  0]LogEngine: Initializing Engine...
[2017.06.21-08.29.14:714][  0]LogHMD: SteamVR failed to initialize.  Err: 110
[2017.06.21-08.29.14:715][  0]LogHMD: SteamVR failed to initialize.  Err: 110
[2017.06.21-08.29.14:888][  0]LogAIModule: Creating AISystem for world NewWorld
[2017.06.21-08.29.14:896][  0]LogInit: XAudio2 using 'Speakers (Realtek High Definition Audio)' : 2 channels at 48 kHz using 32 bits per sample (channel mask 0x3)
[2017.06.21-08.29.14:911][  0]LogInit: FAudioDevice initialized.
[2017.06.21-08.29.14:949][  0]LogDerivedDataCache: Saved boot cache 0.04s 49MB C:/Users/i7230020.STUDENT.000/AppData/Local/UnrealEngine/4.12/DerivedDataCache/Boot.ddc.
[2017.06.21-08.29.14:955][  0]LogInit: Texture streaming: Enabled
[2017.06.21-08.29.14:981][  0]LogInit: Transaction tracking system initialized
[2017.06.21-08.29.15:002][  0]BlueprintLog: New page: Editor Load
[2017.06.21-08.29.15:084][  0]LocalizationService: Info Localization service is disabled
[2017.06.21-08.29.15:190][  0]LogConsoleResponse:Display: 
[2017.06.21-08.29.15:318][  0]LogCook:Display: Max memory allowance for cook 8192mb
[2017.06.21-08.29.15:318][  0]LogCook:Display: Mobile HDR setting 1
[2017.06.21-08.29.15:411][  0]LogFileCache: Scanning file cache for directory 'C:/Users/i7230020.STUDENT.000/Documents/GitHub/MastersProject/Ava/Content/' took 0.03s
[2017.06.21-08.29.15:411][  0]LogHoudiniEngineEditor: Starting the Houdini Engine Editor module.
[2017.06.21-08.29.15:456][  0]SourceControl: Info Source control is disabled
[2017.06.21-08.29.15:456][  0]Cmd: MAP LOAD FILE="../../../../../../Users/i7230020.STUDENT.000/Documents/GitHub/MastersProject/Ava/Content/Ava/Maps/MainMenu.umap" TEMPLATE=0 SHOWPROGRESS=1 FEATURELEVEL=3
[2017.06.21-08.29.15:457][  0]LightingResults: New page: Lighting Build
[2017.06.21-08.29.15:459][  0]MapCheck: New page: Map Check
[2017.06.21-08.29.15:459][  0]LightingResults: New page: Lighting Build
[2017.06.21-08.29.15:575][  0]LogAIModule: Creating AISystem for world MainMenu
[2017.06.21-08.29.15:576][  0]LogEditorServer: Finished looking for orphan Actors (0.000 secs)
[2017.06.21-08.29.15:576][  0]Cmd: MAP CHECKDEP NOCLEARLOG
[2017.06.21-08.29.15:659][  0]MapCheck: Info Map check complete: 0 Error(s), 0 Warning(s), took 82.51ms to complete.
[2017.06.21-08.29.15:659][  0]LogFileHelpers: Loading map 'MainMenu' took 0.203
[2017.06.21-08.29.15:785][  0]LogCollectionManager: Loaded 0 collections in 0.002149 seconds
[2017.06.21-08.29.15:835][  0]LogFileCache: Scanning file cache for directory 'C:/Users/i7230020.STUDENT.000/Documents/GitHub/MastersProject/Ava/Saved/Collections/' took 0.01s
[2017.06.21-08.29.15:835][  0]LogFileCache: Scanning file cache for directory 'C:/Users/i7230020.STUDENT.000/Documents/GitHub/MastersProject/Ava/Content/Developers/i7230020/Collections/' took 0.01s
[2017.06.21-08.29.15:835][  0]LogFileCache: Scanning file cache for directory 'C:/Users/i7230020.STUDENT.000/Documents/GitHub/MastersProject/Ava/Content/Collections/' took 0.01s
[2017.06.21-08.29.15:835][  0]LogCollectionManager: Rebuilt the GUID cache for 0 collections in 0.000005 seconds
[2017.06.21-08.29.15:853][  0]LogContentBrowser: Native class hierarchy populated in 0.0176 seconds. Added 2089 classes and 376 folders.
[2017.06.21-08.29.15:857][  0]LogStats: UGameplayTagsManager::ConstructGameplayTagTree: Construct from data asset -  0.000 s
[2017.06.21-08.29.15:857][  0]LogStats: UGameplayTagsManager::ConstructGameplayTagTree: GameplayTagTreeChangedEvent.Broadcast -  0.000 s
[2017.06.21-08.29.15:860][  0]LogContentBrowser: Native class hierarchy updated for 'GameplayTags' in 0.0028 seconds. Added 12 classes and 0 folders.
[2017.06.21-08.29.15:867][  0]LogContentBrowser: Native class hierarchy updated for 'WidgetCarousel' in 0.0027 seconds. Added 0 classes and 0 folders.
[2017.06.21-08.29.15:948][  0]LogContentBrowser: Native class hierarchy updated for 'AddContentDialog' in 0.0025 seconds. Added 0 classes and 0 folders.
[2017.06.21-08.29.15:954][  0]LogContentBrowser: Native class hierarchy updated for 'SceneOutliner' in 0.0024 seconds. Added 1 classes and 2 folders.
[2017.06.21-08.29.15:966][  0]LogCrashTracker: Crashtracker disabled due to settings.
[2017.06.21-08.29.16:016][  0]LogContentBrowser: Native class hierarchy updated for 'HierarchicalLODOutliner' in 0.0065 seconds. Added 1 classes and 2 folders.
[2017.06.21-08.29.16:017][  0]LogLoad: Full Startup: 11.32 seconds (BP compile: 0.02 seconds)
[2017.06.21-08.29.16:017][  0]LogExternalProfiler: Found external profiler: VSPerf
[2017.06.21-08.29.16:017][  0]LogExternalProfiler: Using external profiler: VSPerf
[2017.06.21-08.29.16:029][  0]LogOcInput: OculusInput pre-init called
[2017.06.21-08.29.16:049][  0]LogContentStreaming: Texture pool size now 1000 MB
[2017.06.21-08.29.16:187][  1]LogAssetRegistry: Asset discovery search completed in 5.5675 seconds
[2017.06.21-08.29.16:187][  1]LogCollectionManager: Rebuilt the object cache for 0 collections in 0.000001 seconds (found 0 objects)
[2017.06.21-08.29.16:188][  1]LogCollectionManager: Fixed up redirectors for 0 collections in 0.000046 seconds (updated 0 objects)
[2017.06.21-08.29.16:229][  2]LogRenderer: Reallocating scene render targets to support 1320x588 (Frame:2).
[2017.06.21-08.30.51:833][ 44]LogContentBrowser: Native class hierarchy updated for 'WorldBrowser' in 0.0027 seconds. Added 1 classes and 3 folders.
[2017.06.21-08.31.46:631][893]LogBlueprint:Warning: Compiler Warning InputAction Event references unknown Action 'Crouch' for  InputAction Crouch 
[2017.06.21-08.31.46:633][893]LogBlueprint:Warning: Compiler Warning [0161.94] Compile of Ue4ASP_Character successful, but with 1 Warning(s) [in 8 ms] (/Game/AnimStarterPack/Ue4ASP_Character.Ue4ASP_Character)
[2017.06.21-08.31.46:633][893]LogBlueprint:Warning: Compiler Warning [0161.94] Compile of Ue4ASP_Character successful, but with 2 Warning(s) [in 0 ms] (/Game/AnimStarterPack/Ue4ASP_Character.Ue4ASP_Character)
[2017.06.21-08.31.46:633][893]LogBlueprint:Warning: Compiler Warning [0161.94] Compile of Ue4ASP_Character successful, but with 3 Warning(s) [in 0 ms] (/Game/AnimStarterPack/Ue4ASP_Character.Ue4ASP_Character)
[2017.06.21-08.31.46:717][893]LogBlueprint:Warning: Compiler Warning InputAction Event references unknown Action 'Crouch' for  InputAction Crouch 
[2017.06.21-08.31.46:719][893]LogBlueprint:Warning: Compiler Warning [0162.03] Compile of Ue4ASP_Character successful, but with 1 Warning(s) [in 8 ms] (/Game/AnimStarterPack/Ue4ASP_Character.Ue4ASP_Character)
[2017.06.21-08.31.46:719][893]LogBlueprint:Warning: Compiler Warning [0162.03] Compile of Ue4ASP_Character successful, but with 2 Warning(s) [in 0 ms] (/Game/AnimStarterPack/Ue4ASP_Character.Ue4ASP_Character)
[2017.06.21-08.31.46:720][893]LogBlueprint:Warning: Compiler Warning [0162.03] Compile of Ue4ASP_Character successful, but with 3 Warning(s) [in 0 ms] (/Game/AnimStarterPack/Ue4ASP_Character.Ue4ASP_Character)
[2017.06.21-08.31.47:193][893]LogMaterial: Missing cached shader map for material M_Basic_Wall, compiling. 
[2017.06.21-08.31.47:193][893]LogMaterial:Warning: Failed to compile Material /Game/StarterContent/Materials/M_Basic_Wall.M_Basic_Wall for platform PCD3D_SM5, Default Material will be used in game.
[2017.06.21-08.31.47:193][893]LogMaterial:Warning: 	(Node TextureSample) TextureSample> Missing input texture
[2017.06.21-08.31.47:219][893]LogMaterial: Missing cached shader map for material M_Rock_Marble_Polished, compiling. 
[2017.06.21-08.31.47:219][893]LogMaterial:Warning: Failed to compile Material /Game/StarterContent/Materials/M_Rock_Marble_Polished.M_Rock_Marble_Polished for platform PCD3D_SM5, Default Material will be used in game.
[2017.06.21-08.31.47:219][893]LogMaterial:Warning: 	(Node Desaturation) Missing Desaturation input
[2017.06.21-08.32.22:310][373]LogBlueprintUserMessages: Early PlayInEditor Detection: Level '/Game/Ava/Maps/MainMenu.MainMenu:PersistentLevel' has LevelScriptBlueprint '/Game/Ava/Maps/MainMenu.MainMenu:PersistentLevel.MainMenu' with GeneratedClass '/Game/Ava/Maps/MainMenu.MainMenu_C' with ClassGeneratedBy '/Game/Ava/Maps/MainMenu.MainMenu:PersistentLevel.MainMenu'
[2017.06.21-08.32.22:310][373]LogBlueprintUserMessages: Early PlayInEditor Detection: Level '/Game/Ava/Maps/PalaceLevel.PalaceLevel:PersistentLevel' has LevelScriptBlueprint '/Game/Ava/Maps/PalaceLevel.PalaceLevel:PersistentLevel.PalaceLevel' with GeneratedClass '/Game/Ava/Maps/PalaceLevel.PalaceLevel_C' with ClassGeneratedBy '/Game/Ava/Maps/PalaceLevel.PalaceLevel:PersistentLevel.PalaceLevel'
[2017.06.21-08.32.22:310][373]LogPlayLevel: PlayLevel: No blueprints needed recompiling
[2017.06.21-08.32.22:310][373]PIE: New page: PIE session: MainMenu (21 Jun 2017 09:32:22)
[2017.06.21-08.32.22:310][373]LogPlayLevel: Creating play world package: /Game/Ava/Maps/UEDPIE_0_MainMenu
[2017.06.21-08.32.22:312][373]LogPlayLevel: PIE: StaticDuplicateObject took: (0.001571s)
[2017.06.21-08.32.22:312][373]LogAIModule: Creating AISystem for world MainMenu
[2017.06.21-08.32.22:312][373]LogPlayLevel: PIE: World Init took: (0.000671s)
[2017.06.21-08.32.22:313][373]LogPlayLevel: PIE: Created PIE world by copying editor world from /Game/Ava/Maps/MainMenu.MainMenu to /Game/Ava/Maps/UEDPIE_0_MainMenu.MainMenu (0.002494s)
[2017.06.21-08.32.22:337][373]LogInit: XAudio2 using 'Speakers (Realtek High Definition Audio)' : 2 channels at 48 kHz using 32 bits per sample (channel mask 0x3)
[2017.06.21-08.32.22:346][373]LogInit: FAudioDevice initialized.
[2017.06.21-08.32.22:412][373]LogWorld: Game class is 'AvaGameMode'
[2017.06.21-08.32.22:414][373]LogWorld: Bringing World /Game/Ava/Maps/UEDPIE_0_MainMenu.MainMenu up for play (max tick rate 0) at 2017.06.21-09.32.22
[2017.06.21-08.32.22:414][373]LogWorld: Bringing up level for play took: 0.001290
[2017.06.21-08.32.22:415][373]LogGameMode: Warning - PATHS NOT DEFINED or NO PLAYERSTART with positive rating
[2017.06.21-08.32.22:421][373]LogContentBrowser: Native class hierarchy updated for 'MovieSceneCapture' in 0.0027 seconds. Added 11 classes and 0 folders.
[2017.06.21-08.32.22:423][373]PIE: Info Play in editor start time for /Game/Ava/Maps/UEDPIE_0_MainMenu 0.6
[2017.06.21-08.32.22:423][373]LogBlueprintUserMessages: Late PlayInEditor Detection: Level '/Game/Ava/Maps/MainMenu.MainMenu:PersistentLevel' has LevelScriptBlueprint '/Game/Ava/Maps/MainMenu.MainMenu:PersistentLevel.MainMenu' with GeneratedClass '/Game/Ava/Maps/MainMenu.MainMenu_C' with ClassGeneratedBy '/Game/Ava/Maps/MainMenu.MainMenu:PersistentLevel.MainMenu'
[2017.06.21-08.32.22:423][373]LogBlueprintUserMessages: Late PlayInEditor Detection: Level '/Game/Ava/Maps/PalaceLevel.PalaceLevel:PersistentLevel' has LevelScriptBlueprint '/Game/Ava/Maps/PalaceLevel.PalaceLevel:PersistentLevel.PalaceLevel' with GeneratedClass '/Game/Ava/Maps/PalaceLevel.PalaceLevel_C' with ClassGeneratedBy '/Game/Ava/Maps/PalaceLevel.PalaceLevel:PersistentLevel.PalaceLevel'
[2017.06.21-08.32.24:628][549]LogNet: Browse: /Game/Ava/Maps/PalaceLevel
[2017.06.21-08.32.24:628][549]LogLoad: LoadMap: /Game/Ava/Maps/PalaceLevel
[2017.06.21-08.32.24:641][549]Cmd: MEM
[2017.06.21-08.32.24:650][549]LogMemory: Platform Memory Stats for Windows
[2017.06.21-08.32.24:650][549]LogMemory: Process Physical Memory: 963.41 MB used, 977.18 MB peak
[2017.06.21-08.32.24:650][549]LogMemory: Process Virtual Memory: 1415.41 MB used, 1429.21 MB peak
[2017.06.21-08.32.24:650][549]LogMemory: Physical Memory: 11301.13 MB used, 32684.15 MB total
[2017.06.21-08.32.24:650][549]LogMemory: Virtual Memory: 2337.80 MB used, 8388608.00 MB total
[2017.06.21-08.32.24:650][549]LogMemory: 
[2017.06.21-08.32.24:650][549]Allocator Stats for TBB: (not implemented)
[2017.06.21-08.32.24:650][549]LogPlayLevel: Creating play world package: /Game/Ava/Maps/UEDPIE_0_PalaceLevel
[2017.06.21-08.32.24:704][549]LogPlayLevel: PIE: StaticDuplicateObject took: (0.053802s)
[2017.06.21-08.32.24:705][549]LogAIModule: Creating AISystem for world PalaceLevel
[2017.06.21-08.32.24:705][549]LogPlayLevel: PIE: World Init took: (0.000975s)
[2017.06.21-08.32.24:706][549]LogPlayLevel: PIE: Created PIE world by copying editor world from /Game/Ava/Maps/PalaceLevel.PalaceLevel to /Game/Ava/Maps/UEDPIE_0_PalaceLevel.PalaceLevel (0.055123s)
[2017.06.21-08.32.24:706][549]LogWorld: Game class is 'AvaGameMode'
[2017.06.21-08.32.24:796][549]LogWorld: Bringing World /Game/Ava/Maps/UEDPIE_0_PalaceLevel.PalaceLevel up for play (max tick rate 0) at 2017.06.21-09.32.24
[2017.06.21-08.32.24:801][549]LogWorld: Bringing up level for play took: 0.094270
[2017.06.21-08.32.24:805][549]LogLoad: Took 0.176839 seconds to LoadMap(/Game/Ava/Maps/UEDPIE_0_PalaceLevel)
[2017.06.21-08.32.29:644][892]LogBlueprintUserMessages: Early EndPlayMap Detection: Level '/Game/Ava/Maps/MainMenu.MainMenu:PersistentLevel' has LevelScriptBlueprint '/Game/Ava/Maps/MainMenu.MainMenu:PersistentLevel.MainMenu' with GeneratedClass '/Game/Ava/Maps/MainMenu.MainMenu_C' with ClassGeneratedBy '/Game/Ava/Maps/MainMenu.MainMenu:PersistentLevel.MainMenu'
[2017.06.21-08.32.29:644][892]LogBlueprintUserMessages: Early EndPlayMap Detection: Level '/Game/Ava/Maps/PalaceLevel.PalaceLevel:PersistentLevel' has LevelScriptBlueprint '/Game/Ava/Maps/PalaceLevel.PalaceLevel:PersistentLevel.PalaceLevel' with GeneratedClass '/Game/Ava/Maps/PalaceLevel.PalaceLevel_C' with ClassGeneratedBy '/Game/Ava/Maps/PalaceLevel.PalaceLevel:PersistentLevel.PalaceLevel'
[2017.06.21-08.32.29:682][892]LogBlueprintUserMessages: Late EndPlayMap Detection: Level '/Game/Ava/Maps/MainMenu.MainMenu:PersistentLevel' has LevelScriptBlueprint '/Game/Ava/Maps/MainMenu.MainMenu:PersistentLevel.MainMenu' with GeneratedClass '/Game/Ava/Maps/MainMenu.MainMenu_C' with ClassGeneratedBy '/Game/Ava/Maps/MainMenu.MainMenu:PersistentLevel.MainMenu'
[2017.06.21-08.32.29:682][892]LogBlueprintUserMessages: Late EndPlayMap Detection: Level '/Game/Ava/Maps/PalaceLevel.PalaceLevel:PersistentLevel' has LevelScriptBlueprint '/Game/Ava/Maps/PalaceLevel.PalaceLevel:PersistentLevel.PalaceLevel' with GeneratedClass '/Game/Ava/Maps/PalaceLevel.PalaceLevel_C' with ClassGeneratedBy '/Game/Ava/Maps/PalaceLevel.PalaceLevel:PersistentLevel.PalaceLevel'
[2017.06.21-08.32.52:448][514]MapCheck: New page: Map Check
[2017.06.21-08.32.52:448][514]LightingResults: New page: Lighting Build
[2017.06.21-08.33.03:214][394]LogSavePackage: Save=51.24ms
[2017.06.21-08.33.03:214][394]LogSavePackage: Moving '../../../../../../Users/i7230020.STUDENT.000/Documents/GitHub/MastersProject/Ava/Saved/MainMenu1D97C3EC488C90A24F4B079D08E8D00F.tmp' to '../../../../../../Users/i7230020.STUDENT.000/Documents/GitHub/MastersProject/Ava/Content/Ava/Maps/MainMenu.umap'
[2017.06.21-08.33.03:224][394]LogSavePackage:Display: Finished SavePackage ../../../../../../Users/i7230020.STUDENT.000/Documents/GitHub/MastersProject/Ava/Content/Ava/Maps/MainMenu.umap
[2017.06.21-08.33.05:697][656]LogSavePackage: Save=58.18ms
[2017.06.21-08.33.05:697][656]LogSavePackage: Moving '../../../../../../Users/i7230020.STUDENT.000/Documents/GitHub/MastersProject/Ava/Saved/MainMenu5202335A47A54FF7CFD8C5B114D17062.tmp' to '../../../../../../Users/i7230020.STUDENT.000/Documents/GitHub/MastersProject/Ava/Content/Ava/Maps/MainMenu.umap'
[2017.06.21-08.33.05:702][656]LogSavePackage:Display: Finished SavePackage ../../../../../../Users/i7230020.STUDENT.000/Documents/GitHub/MastersProject/Ava/Content/Ava/Maps/MainMenu.umap
[2017.06.21-08.33.23:781][917]LogBlueprintUserMessages: Early PlayInEditor Detection: Level '/Game/Ava/Maps/MainMenu.MainMenu:PersistentLevel' has LevelScriptBlueprint '/Game/Ava/Maps/MainMenu.MainMenu:PersistentLevel.MainMenu' with GeneratedClass '/Game/Ava/Maps/MainMenu.MainMenu_C' with ClassGeneratedBy '/Game/Ava/Maps/MainMenu.MainMenu:PersistentLevel.MainMenu'
[2017.06.21-08.33.23:781][917]LogPlayLevel: PlayLevel: No blueprints needed recompiling
[2017.06.21-08.33.23:781][917]PIE: New page: PIE session: MainMenu (21 Jun 2017 09:33:23)
[2017.06.21-08.33.23:781][917]LogPlayLevel: Creating play world package: /Game/Ava/Maps/UEDPIE_0_MainMenu
[2017.06.21-08.33.23:782][917]LogPlayLevel: PIE: StaticDuplicateObject took: (0.001053s)
[2017.06.21-08.33.23:782][917]LogAIModule: Creating AISystem for world MainMenu
[2017.06.21-08.33.23:782][917]LogPlayLevel: PIE: World Init took: (0.000580s)
[2017.06.21-08.33.23:783][917]LogPlayLevel: PIE: Created PIE world by copying editor world from /Game/Ava/Maps/MainMenu.MainMenu to /Game/Ava/Maps/UEDPIE_0_MainMenu.MainMenu (0.001813s)
[2017.06.21-08.33.23:801][917]LogInit: XAudio2 using 'Speakers (Realtek High Definition Audio)' : 2 channels at 48 kHz using 32 bits per sample (channel mask 0x3)
[2017.06.21-08.33.23:816][917]LogInit: FAudioDevice initialized.
[2017.06.21-08.33.23:885][917]LogWorld: Game class is 'AvaGameMode'
[2017.06.21-08.33.23:887][917]LogWorld: Bringing World /Game/Ava/Maps/UEDPIE_0_MainMenu.MainMenu up for play (max tick rate 0) at 2017.06.21-09.33.23
[2017.06.21-08.33.23:887][917]LogWorld: Bringing up level for play took: 0.001328
[2017.06.21-08.33.23:890][917]PIE: Info Play in editor start time for /Game/Ava/Maps/UEDPIE_0_MainMenu 0.069
[2017.06.21-08.33.23:890][917]LogBlueprintUserMessages: Late PlayInEditor Detection: Level '/Game/Ava/Maps/MainMenu.MainMenu:PersistentLevel' has LevelScriptBlueprint '/Game/Ava/Maps/MainMenu.MainMenu:PersistentLevel.MainMenu' with GeneratedClass '/Game/Ava/Maps/MainMenu.MainMenu_C' with ClassGeneratedBy '/Game/Ava/Maps/MainMenu.MainMenu:PersistentLevel.MainMenu'
[2017.06.21-08.33.25:176][ 69]LogNet: Browse: /Game/Ava/Maps/PalaceLevel
[2017.06.21-08.33.25:176][ 69]LogLoad: LoadMap: /Game/Ava/Maps/PalaceLevel
[2017.06.21-08.33.25:191][ 69]Cmd: MEM
[2017.06.21-08.33.25:206][ 69]LogMemory: Platform Memory Stats for Windows
[2017.06.21-08.33.25:206][ 69]LogMemory: Process Physical Memory: 1001.95 MB used, 1048.92 MB peak
[2017.06.21-08.33.25:206][ 69]LogMemory: Process Virtual Memory: 1498.56 MB used, 1613.31 MB peak
[2017.06.21-08.33.25:206][ 69]LogMemory: Physical Memory: 11019.86 MB used, 32684.15 MB total
[2017.06.21-08.33.25:206][ 69]LogMemory: Virtual Memory: 2417.66 MB used, 8388608.00 MB total
[2017.06.21-08.33.25:206][ 69]LogMemory: 
[2017.06.21-08.33.25:206][ 69]Allocator Stats for TBB: (not implemented)
[2017.06.21-08.33.25:940][ 69]LogAIModule: Creating AISystem for world PalaceLevel
[2017.06.21-08.33.25:940][ 69]LogWorld: Game class is 'AvaGameMode'
[2017.06.21-08.33.26:022][ 69]LogWorld: Bringing World /Game/Ava/Maps/UEDPIE_0_PalaceLevel.PalaceLevel up for play (max tick rate 0) at 2017.06.21-09.33.26
[2017.06.21-08.33.26:025][ 69]LogWorld: Bringing up level for play took: 0.083304
[2017.06.21-08.33.26:026][ 69]LogLoad: Took 0.850426 seconds to LoadMap(/Game/Ava/Maps/PalaceLevel)
[2017.06.21-08.33.29:524][474]LogBlueprintUserMessages: Early EndPlayMap Detection: Level '/Game/Ava/Maps/MainMenu.MainMenu:PersistentLevel' has LevelScriptBlueprint '/Game/Ava/Maps/MainMenu.MainMenu:PersistentLevel.MainMenu' with GeneratedClass '/Game/Ava/Maps/MainMenu.MainMenu_C' with ClassGeneratedBy '/Game/Ava/Maps/MainMenu.MainMenu:PersistentLevel.MainMenu'
[2017.06.21-08.33.29:560][474]LogBlueprintUserMessages: Late EndPlayMap Detection: Level '/Game/Ava/Maps/MainMenu.MainMenu:PersistentLevel' has LevelScriptBlueprint '/Game/Ava/Maps/MainMenu.MainMenu:PersistentLevel.MainMenu' with GeneratedClass '/Game/Ava/Maps/MainMenu.MainMenu_C' with ClassGeneratedBy '/Game/Ava/Maps/MainMenu.MainMenu:PersistentLevel.MainMenu'
[2017.06.21-08.33.33:265][751]LogEditorViewport: Clicking Background
[2017.06.21-08.33.49:231][472]LogSavePackage: Save=8.22ms
[2017.06.21-08.33.49:231][472]LogSavePackage: Moving '../../../../../../Users/i7230020.STUDENT.000/Documents/GitHub/MastersProject/Ava/Saved/ExternalEnvironment28848E434494C741999930A791C129E5.tmp' to '../../../../../../Users/i7230020.STUDENT.000/Documents/GitHub/MastersProject/Ava/Content/Ava/Maps/ExternalEnvironment.umap'
[2017.06.21-08.33.49:268][472]LogSavePackage:Display: Finished SavePackage ../../../../../../Users/i7230020.STUDENT.000/Documents/GitHub/MastersProject/Ava/Content/Ava/Maps/ExternalEnvironment.umap
[2017.06.21-08.33.49:269][472]LogFileHelpers: Saving map 'ExternalEnvironment' took 0.240
[2017.06.21-08.33.57:127][222]LogTexture:Display: Building textures: Texture2D_2 (G8)
[2017.06.21-08.33.58:213][304]Cmd: MAP LOAD FILE="../../../../../../Users/i7230020.STUDENT.000/Documents/GitHub/MastersProject/Ava/Content/Ava/Maps/ExternalEnvironment.umap" TEMPLATE=0 SHOWPROGRESS=1 FEATURELEVEL=3
[2017.06.21-08.33.58:213][304]LightingResults: New page: Lighting Build
[2017.06.21-08.33.58:214][304]LoadErrors: New page: Loading map: ExternalEnvironment.umap
[2017.06.21-08.33.58:214][304]MapCheck: New page: Map Check
[2017.06.21-08.33.58:214][304]LightingResults: New page: Lighting Build
[2017.06.21-08.33.58:227][304]LogEditorServer: Finished looking for orphan Actors (0.000 secs)
[2017.06.21-08.33.58:227][304]LogAIModule: Creating AISystem for world ExternalEnvironment
[2017.06.21-08.33.58:254][304]Cmd: MAP CHECKDEP NOCLEARLOG
[2017.06.21-08.33.58:382][304]MapCheck: Info Map check complete: 0 Error(s), 0 Warning(s), took 128.135ms to complete.
[2017.06.21-08.33.58:383][304]LogFileHelpers: Loading map 'ExternalEnvironment' took 0.173
[2017.06.21-08.34.00:189][465]LogTexture:Display: Building textures: Texture2D_3 (G8)
[2017.06.21-08.34.01:499][603]LogMaterial: 0.00 seconds spent updating 1 materials, 1 interfaces, 0 instances, 0 with static permutations.
[2017.06.21-08.34.01:500][603]LogMaterial: 0.00 seconds spent updating 1 materials, 1 interfaces, 0 instances, 0 with static permutations.
[2017.06.21-08.34.01:500][603]LogMaterial: 0.00 seconds spent updating 1 materials, 1 interfaces, 0 instances, 0 with static permutations.
[2017.06.21-08.34.01:501][603]LogMaterial: 0.00 seconds spent updating 1 materials, 1 interfaces, 0 instances, 0 with static permutations.
[2017.06.21-08.34.01:501][603]LogMaterial: 0.00 seconds spent updating 1 materials, 1 interfaces, 0 instances, 0 with static permutations.
[2017.06.21-08.34.01:502][603]LogMaterial: 0.00 seconds spent updating 1 materials, 1 interfaces, 0 instances, 0 with static permutations.
[2017.06.21-08.34.01:503][603]LogMaterial: 0.00 seconds spent updating 1 materials, 1 interfaces, 0 instances, 0 with static permutations.
[2017.06.21-08.34.01:503][603]LogMaterial: 0.00 seconds spent updating 1 materials, 1 interfaces, 0 instances, 0 with static permutations.
[2017.06.21-08.34.01:503][603]LogMaterial: 0.00 seconds spent updating 1 materials, 1 interfaces, 0 instances, 0 with static permutations.
[2017.06.21-08.34.01:503][603]LogMaterial: 0.00 seconds spent updating 1 materials, 1 interfaces, 0 instances, 0 with static permutations.
[2017.06.21-08.34.01:503][603]LogMaterial: 0.00 seconds spent updating 1 materials, 1 interfaces, 0 instances, 0 with static permutations.
[2017.06.21-08.34.01:504][603]LogMaterial: 0.00 seconds spent updating 1 materials, 1 interfaces, 0 instances, 0 with static permutations.
[2017.06.21-08.34.01:504][603]LogMaterial: 0.00 seconds spent updating 1 materials, 1 interfaces, 0 instances, 0 with static permutations.
[2017.06.21-08.34.01:504][603]LogMaterial: 0.00 seconds spent updating 1 materials, 1 interfaces, 0 instances, 0 with static permutations.
[2017.06.21-08.34.01:504][603]LogMaterial: 0.00 seconds spent updating 1 materials, 1 interfaces, 0 instances, 0 with static permutations.
[2017.06.21-08.34.01:505][603]LogMaterial: 0.00 seconds spent updating 1 materials, 1 interfaces, 0 instances, 0 with static permutations.
[2017.06.21-08.34.01:505][603]LogMaterial: 0.00 seconds spent updating 1 materials, 1 interfaces, 0 instances, 0 with static permutations.
[2017.06.21-08.34.01:505][603]LogMaterial: 0.00 seconds spent updating 1 materials, 1 interfaces, 0 instances, 0 with static permutations.
[2017.06.21-08.34.01:505][603]LogMaterial: 0.00 seconds spent updating 1 materials, 1 interfaces, 0 instances, 0 with static permutations.
[2017.06.21-08.34.01:506][603]LogMaterial: 0.00 seconds spent updating 1 materials, 1 interfaces, 0 instances, 0 with static permutations.
[2017.06.21-08.34.01:506][603]LogMaterial: 0.00 seconds spent updating 1 materials, 1 interfaces, 0 instances, 0 with static permutations.
[2017.06.21-08.34.01:506][603]LogMaterial: 0.00 seconds spent updating 1 materials, 1 interfaces, 0 instances, 0 with static permutations.
[2017.06.21-08.34.01:507][603]LogMaterial: 0.00 seconds spent updating 1 materials, 1 interfaces, 0 instances, 0 with static permutations.
[2017.06.21-08.34.01:508][603]LogMaterial: 0.00 seconds spent updating 1 materials, 1 interfaces, 0 instances, 0 with static permutations.
[2017.06.21-08.34.01:508][603]LogMaterial: 0.00 seconds spent updating 1 materials, 1 interfaces, 0 instances, 0 with static permutations.
[2017.06.21-08.34.01:509][603]LogMaterial: 0.00 seconds spent updating 1 materials, 1 interfaces, 0 instances, 0 with static permutations.
[2017.06.21-08.34.01:509][603]LogMaterial: 0.00 seconds spent updating 1 materials, 1 interfaces, 0 instances, 0 with static permutations.
[2017.06.21-08.34.01:509][603]LogMaterial: 0.00 seconds spent updating 1 materials, 1 interfaces, 0 instances, 0 with static permutations.
[2017.06.21-08.34.01:510][603]LogMaterial: 0.00 seconds spent updating 1 materials, 1 interfaces, 0 instances, 0 with static permutations.
[2017.06.21-08.34.01:510][603]LogMaterial: 0.00 seconds spent updating 1 materials, 1 interfaces, 0 instances, 0 with static permutations.
[2017.06.21-08.34.01:510][603]LogMaterial: 0.00 seconds spent updating 1 materials, 1 interfaces, 0 instances, 0 with static permutations.
[2017.06.21-08.34.01:510][603]LogMaterial: 0.00 seconds spent updating 1 materials, 1 interfaces, 0 instances, 0 with static permutations.
[2017.06.21-08.34.01:511][603]LogMaterial: 0.00 seconds spent updating 1 materials, 1 interfaces, 0 instances, 0 with static permutations.
[2017.06.21-08.34.01:511][603]LogMaterial: 0.00 seconds spent updating 1 materials, 1 interfaces, 0 instances, 0 with static permutations.
[2017.06.21-08.34.01:511][603]LogMaterial: 0.00 seconds spent updating 1 materials, 1 interfaces, 0 instances, 0 with static permutations.
[2017.06.21-08.34.01:512][603]LogMaterial: 0.00 seconds spent updating 1 materials, 1 interfaces, 0 instances, 0 with static permutations.
[2017.06.21-08.34.01:512][603]LogMaterial: 0.00 seconds spent updating 1 materials, 1 interfaces, 0 instances, 0 with static permutations.
[2017.06.21-08.34.01:512][603]LogMaterial: 0.00 seconds spent updating 1 materials, 1 interfaces, 0 instances, 0 with static permutations.
[2017.06.21-08.34.01:512][603]LogMaterial: 0.00 seconds spent updating 1 materials, 1 interfaces, 0 instances, 0 with static permutations.
[2017.06.21-08.34.01:513][603]LogMaterial: 0.00 seconds spent updating 1 materials, 1 interfaces, 0 instances, 0 with static permutations.
[2017.06.21-08.34.01:513][603]LogMaterial: 0.00 seconds spent updating 1 materials, 1 interfaces, 0 instances, 0 with static permutations.
[2017.06.21-08.34.01:513][603]LogMaterial: 0.00 seconds spent updating 1 materials, 1 interfaces, 0 instances, 0 with static permutations.
[2017.06.21-08.34.01:513][603]LogMaterial: 0.00 seconds spent updating 1 materials, 1 interfaces, 0 instances, 0 with static permutations.
[2017.06.21-08.34.01:514][603]LogMaterial: 0.00 seconds spent updating 1 materials, 1 interfaces, 0 instances, 0 with static permutations.
[2017.06.21-08.34.01:514][603]LogMaterial: 0.00 seconds spent updating 1 materials, 1 interfaces, 0 instances, 0 with static permutations.
[2017.06.21-08.34.01:514][603]LogMaterial: 0.00 seconds spent updating 1 materials, 1 interfaces, 0 instances, 0 with static permutations.
[2017.06.21-08.34.01:514][603]LogMaterial: 0.00 seconds spent updating 1 materials, 1 interfaces, 0 instances, 0 with static permutations.
[2017.06.21-08.34.01:514][603]LogMaterial: 0.00 seconds spent updating 1 materials, 1 interfaces, 0 instances, 0 with static permutations.
[2017.06.21-08.34.01:515][603]LogMaterial: 0.00 seconds spent updating 1 materials, 1 interfaces, 0 instances, 0 with static permutations.
[2017.06.21-08.34.01:515][603]LogMaterial: 0.00 seconds spent updating 1 materials, 1 interfaces, 0 instances, 0 with static permutations.
[2017.06.21-08.34.01:515][603]LogMaterial: 0.00 seconds spent updating 1 materials, 1 interfaces, 0 instances, 0 with static permutations.
[2017.06.21-08.34.01:515][603]LogMaterial: 0.00 seconds spent updating 1 materials, 1 interfaces, 0 instances, 0 with static permutations.
[2017.06.21-08.34.01:516][603]LogMaterial: 0.00 seconds spent updating 1 materials, 1 interfaces, 0 instances, 0 with static permutations.
[2017.06.21-08.34.01:516][603]LogMaterial: 0.00 seconds spent updating 1 materials, 1 interfaces, 0 instances, 0 with static permutations.
[2017.06.21-08.34.01:516][603]LogMaterial: 0.00 seconds spent updating 1 materials, 1 interfaces, 0 instances, 0 with static permutations.
[2017.06.21-08.34.01:516][603]LogMaterial: 0.00 seconds spent updating 1 materials, 1 interfaces, 0 instances, 0 with static permutations.
[2017.06.21-08.34.01:516][603]LogMaterial: 0.00 seconds spent updating 1 materials, 1 interfaces, 0 instances, 0 with static permutations.
[2017.06.21-08.34.01:517][603]LogMaterial: 0.00 seconds spent updating 1 materials, 1 interfaces, 0 instances, 0 with static permutations.
[2017.06.21-08.34.01:517][603]LogMaterial: 0.00 seconds spent updating 1 materials, 1 interfaces, 0 instances, 0 with static permutations.
[2017.06.21-08.34.01:517][603]LogMaterial: 0.00 seconds spent updating 1 materials, 1 interfaces, 0 instances, 0 with static permutations.
[2017.06.21-08.34.01:517][603]LogMaterial: 0.00 seconds spent updating 1 materials, 1 interfaces, 0 instances, 0 with static permutations.
[2017.06.21-08.34.01:517][603]LogMaterial: 0.00 seconds spent updating 1 materials, 1 interfaces, 0 instances, 0 with static permutations.
[2017.06.21-08.34.01:518][603]LogMaterial: 0.00 seconds spent updating 1 materials, 1 interfaces, 0 instances, 0 with static permutations.
[2017.06.21-08.34.01:518][603]LogMaterial: 0.00 seconds spent updating 1 materials, 1 interfaces, 0 instances, 0 with static permutations.
[2017.06.21-08.34.01:544][603]LogTexture:Display: Building textures: Texture2D_0 (BGRA8)
[2017.06.21-08.34.01:613][604]Cmd: UpdateLandscapeEditorData
[2017.06.21-08.34.20:202][366]LogSavePackage: Save=239.40ms
[2017.06.21-08.34.20:202][366]LogSavePackage: Moving '../../../../../../Users/i7230020.STUDENT.000/Documents/GitHub/MastersProject/Ava/Saved/ExternalEnvironmentED1260024E9EC3C907F3F99A0E310C49.tmp' to '../../../../../../Users/i7230020.STUDENT.000/Documents/GitHub/MastersProject/Ava/Content/Ava/Maps/ExternalEnvironment.umap'
[2017.06.21-08.34.20:211][366]LogSavePackage:Display: Finished SavePackage ../../../../../../Users/i7230020.STUDENT.000/Documents/GitHub/MastersProject/Ava/Content/Ava/Maps/ExternalEnvironment.umap
[2017.06.21-08.34.20:237][366]LogFileHelpers: Saving map 'ExternalEnvironment' took 0.426
[2017.06.21-08.34.44:871][388]Cmd: TRANSACTION UNDO
[2017.06.21-08.34.44:871][388]LogEditorTransaction: Undo Toggle Level Visibility
[2017.06.21-08.35.14:276][732]MapCheck: New page: Map Check
[2017.06.21-08.35.14:276][732]LightingResults: New page: Lighting Build
[2017.06.21-08.35.17:003][  6]LogSavePackage: Save=97.61ms
[2017.06.21-08.35.17:003][  6]LogSavePackage: Moving '../../../../../../Users/i7230020.STUDENT.000/Documents/GitHub/MastersProject/Ava/Saved/ExternalEnvironmentF0C443C3468B5C2486F98B8E2245FF6A.tmp' to '../../../../../../Users/i7230020.STUDENT.000/Documents/GitHub/MastersProject/Ava/Content/Ava/Maps/ExternalEnvironment.umap'
[2017.06.21-08.35.17:015][  6]LogSavePackage:Display: Finished SavePackage ../../../../../../Users/i7230020.STUDENT.000/Documents/GitHub/MastersProject/Ava/Content/Ava/Maps/ExternalEnvironment.umap
[2017.06.21-08.35.17:044][  6]LogFileHelpers: Saving map 'ExternalEnvironment' took 0.297
[2017.06.21-08.35.24:027][760]LogSavePackage: Save=89.79ms
[2017.06.21-08.35.24:027][760]LogSavePackage: Moving '../../../../../../Users/i7230020.STUDENT.000/Documents/GitHub/MastersProject/Ava/Saved/ExternalEnvironmentA7DA2D7D45630D8ED7FF62849BC06725.tmp' to '../../../../../../Users/i7230020.STUDENT.000/Documents/GitHub/MastersProject/Ava/Content/Ava/Maps/ExternalEnvironment.umap'
[2017.06.21-08.35.24:035][760]LogSavePackage:Display: Finished SavePackage ../../../../../../Users/i7230020.STUDENT.000/Documents/GitHub/MastersProject/Ava/Content/Ava/Maps/ExternalEnvironment.umap
[2017.06.21-08.35.28:581][821]LogRenderer: Reallocating scene render targets to support 1616x600 (Frame:21246).
[2017.06.21-08.36.26:332][112]LogPlayLevel: PlayLevel: No blueprints needed recompiling
[2017.06.21-08.36.26:332][112]PIE: New page: PIE session: ExternalEnvironment (21 Jun 2017 09:36:26)
[2017.06.21-08.36.26:332][112]LogPlayLevel: Creating play world package: /Game/Ava/Maps/UEDPIE_0_ExternalEnvironment
[2017.06.21-08.36.26:341][112]LogPlayLevel: PIE: StaticDuplicateObject took: (0.009472s)
[2017.06.21-08.36.26:342][112]LogAIModule: Creating AISystem for world ExternalEnvironment
[2017.06.21-08.36.26:342][112]LogPlayLevel: PIE: World Init took: (0.000714s)
[2017.06.21-08.36.26:342][112]LogPlayLevel: PIE: Created PIE world by copying editor world from /Game/Ava/Maps/ExternalEnvironment.ExternalEnvironment to /Game/Ava/Maps/UEDPIE_0_ExternalEnvironment.ExternalEnvironment (0.010449s)
[2017.06.21-08.36.26:353][112]LogInit: XAudio2 using 'Speakers (Realtek High Definition Audio)' : 2 channels at 48 kHz using 32 bits per sample (channel mask 0x3)
[2017.06.21-08.36.26:360][112]LogInit: FAudioDevice initialized.
[2017.06.21-08.36.26:406][112]LogWorld: Game class is 'AvaGameMode'
[2017.06.21-08.36.26:428][112]LogWorld: Bringing World /Game/Ava/Maps/UEDPIE_0_ExternalEnvironment.ExternalEnvironment up for play (max tick rate 0) at 2017.06.21-09.36.26
[2017.06.21-08.36.26:429][112]LogWorld: Bringing up level for play took: 0.021243
[2017.06.21-08.36.26:431][112]PIE: Info Play in editor start time for /Game/Ava/Maps/UEDPIE_0_ExternalEnvironment 0.617
[2017.06.21-08.36.31:865][435]LogEditorViewport: Clicking on Actor (LMB): Landscape (Landscape)
[2017.06.21-08.36.32:373][456]LogEditorViewport: Clicking on Actor (LMB): SkyLight (SkyLight)
[2017.06.21-08.36.32:699][474]Cmd: CAMERA ALIGN ACTIVEVIEWPORTONLY
[2017.06.21-08.41.51:911][921]LogEditor: Attempting to add actor of class 'MainCharacter' to level at 950.00,81.00,200.00
[2017.06.21-08.41.52:837][958]LogEditor: Attempting to add actor of class 'MainCharacter' to level at 887.00,-184.00,200.00
[2017.06.21-08.41.54:259][ 16]LogSavePackage: Save=125.62ms
[2017.06.21-08.41.54:259][ 16]LogSavePackage: Moving '../../../../../../Users/i7230020.STUDENT.000/Documents/GitHub/MastersProject/Ava/Saved/ExternalEnvironment687052F4430AE4AD2D021CA22067768B.tmp' to '../../../../../../Users/i7230020.STUDENT.000/Documents/GitHub/MastersProject/Ava/Content/Ava/Maps/ExternalEnvironment.umap'
[2017.06.21-08.41.54:269][ 16]LogSavePackage:Display: Finished SavePackage ../../../../../../Users/i7230020.STUDENT.000/Documents/GitHub/MastersProject/Ava/Content/Ava/Maps/ExternalEnvironment.umap
[2017.06.21-08.41.59:371][289]LogAIModule: Creating AISystem for world PalaceLevel
[2017.06.21-08.41.59:408][289]Cmd: MAP LOAD FILE="../../../../../../Users/i7230020.STUDENT.000/Documents/GitHub/MastersProject/Ava/Content/Ava/Maps/PalaceLevel.umap" TEMPLATE=0 SHOWPROGRESS=1 FEATURELEVEL=3
[2017.06.21-08.41.59:408][289]LightingResults: New page: Lighting Build
[2017.06.21-08.41.59:409][289]LoadErrors: New page: Loading map: PalaceLevel.umap
[2017.06.21-08.41.59:437][289]MapCheck: New page: Map Check
[2017.06.21-08.41.59:437][289]LightingResults: New page: Lighting Build
[2017.06.21-08.41.59:468][289]LogEditorServer: Finished looking for orphan Actors (0.000 secs)
[2017.06.21-08.41.59:495][289]Cmd: MAP CHECKDEP NOCLEARLOG
[2017.06.21-08.41.59:713][289]MapCheck: Info Map check complete: 0 Error(s), 0 Warning(s), took 217.827ms to complete.
[2017.06.21-08.41.59:714][289]LogFileHelpers: Loading map 'PalaceLevel' took 0.306
[2017.06.21-08.41.59:766][290]Cmd: UpdateLandscapeEditorData
[2017.06.21-08.42.00:814][357]LogAIModule: Creating AISystem for world ExternalEnvironment
[2017.06.21-08.42.00:830][357]Cmd: MAP LOAD FILE="../../../../../../Users/i7230020.STUDENT.000/Documents/GitHub/MastersProject/Ava/Content/Ava/Maps/ExternalEnvironment.umap" TEMPLATE=0 SHOWPROGRESS=1 FEATURELEVEL=3
[2017.06.21-08.42.00:830][357]LightingResults: New page: Lighting Build
[2017.06.21-08.42.00:830][357]LoadErrors: New page: Loading map: ExternalEnvironment.umap
[2017.06.21-08.42.00:834][357]MapCheck: New page: Map Check
[2017.06.21-08.42.00:834][357]LightingResults: New page: Lighting Build
[2017.06.21-08.42.00:905][357]LogEditorServer: Finished looking for orphan Actors (0.000 secs)
[2017.06.21-08.42.00:933][357]Cmd: MAP CHECKDEP NOCLEARLOG
[2017.06.21-08.42.01:054][357]MapCheck: Info Map check complete: 0 Error(s), 0 Warning(s), took 121.023ms to complete.
[2017.06.21-08.42.01:055][357]LogFileHelpers: Loading map 'ExternalEnvironment' took 0.226
[2017.06.21-08.42.01:082][358]Cmd: UpdateLandscapeEditorData -warnings
[2017.06.21-08.42.01:083][358]Cmd: UpdateLandscapeEditorData
[2017.06.21-08.42.05:400][617]LogAIModule: Creating AISystem for world PalaceLevel
[2017.06.21-08.42.05:445][617]Cmd: MAP LOAD FILE="../../../../../../Users/i7230020.STUDENT.000/Documents/GitHub/MastersProject/Ava/Content/Ava/Maps/PalaceLevel.umap" TEMPLATE=0 SHOWPROGRESS=1 FEATURELEVEL=3
[2017.06.21-08.42.05:445][617]LightingResults: New page: Lighting Build
[2017.06.21-08.42.05:446][617]LoadErrors: New page: Loading map: PalaceLevel.umap
[2017.06.21-08.42.05:448][617]MapCheck: New page: Map Check
[2017.06.21-08.42.05:448][617]LightingResults: New page: Lighting Build
[2017.06.21-08.42.05:482][617]LogEditorServer: Finished looking for orphan Actors (0.000 secs)
[2017.06.21-08.42.05:516][617]Cmd: MAP CHECKDEP NOCLEARLOG
[2017.06.21-08.42.05:649][617]MapCheck: Info Map check complete: 0 Error(s), 0 Warning(s), took 133.203ms to complete.
[2017.06.21-08.42.05:650][617]LogFileHelpers: Loading map 'PalaceLevel' took 0.205
[2017.06.21-08.42.05:678][618]Cmd: UpdateLandscapeEditorData
[2017.06.21-08.42.06:567][671]LogAIModule: Creating AISystem for world ExternalEnvironment
[2017.06.21-08.42.06:581][671]Cmd: MAP LOAD FILE="../../../../../../Users/i7230020.STUDENT.000/Documents/GitHub/MastersProject/Ava/Content/Ava/Maps/ExternalEnvironment.umap" TEMPLATE=0 SHOWPROGRESS=1 FEATURELEVEL=3
[2017.06.21-08.42.06:581][671]LightingResults: New page: Lighting Build
[2017.06.21-08.42.06:582][671]LoadErrors: New page: Loading map: ExternalEnvironment.umap
[2017.06.21-08.42.06:587][671]MapCheck: New page: Map Check
[2017.06.21-08.42.06:587][671]LightingResults: New page: Lighting Build
[2017.06.21-08.42.06:633][671]LogEditorServer: Finished looking for orphan Actors (0.000 secs)
[2017.06.21-08.42.06:659][671]Cmd: MAP CHECKDEP NOCLEARLOG
[2017.06.21-08.42.06:774][671]MapCheck: Info Map check complete: 0 Error(s), 0 Warning(s), took 114.62ms to complete.
[2017.06.21-08.42.06:774][671]LogFileHelpers: Loading map 'ExternalEnvironment' took 0.194
[2017.06.21-08.42.06:818][672]Cmd: UpdateLandscapeEditorData -warnings
[2017.06.21-08.42.06:819][672]Cmd: UpdateLandscapeEditorData
[2017.06.21-08.42.07:677][726]LogEditorViewport: Clicking on Actor (LMB): Landscape (Landscape)
[2017.06.21-08.42.08:275][759]LogEditorViewport: Clicking on Actor (LMB): Landscape (Landscape)
[2017.06.21-08.42.08:791][788]LogEditorViewport: Clicking on Actor (LMB): MainCharacter (MainCharacter1)
[2017.06.21-08.42.24:033][574]LogSavePackage: Save=99.76ms
[2017.06.21-08.42.24:033][574]LogSavePackage: Moving '../../../../../../Users/i7230020.STUDENT.000/Documents/GitHub/MastersProject/Ava/Saved/ExternalEnvironmentAEEB9307428BE4536DAEFDA9A4358DD7.tmp' to '../../../../../../Users/i7230020.STUDENT.000/Documents/GitHub/MastersProject/Ava/Content/Ava/Maps/ExternalEnvironment.umap'
[2017.06.21-08.42.24:052][574]LogSavePackage:Display: Finished SavePackage ../../../../../../Users/i7230020.STUDENT.000/Documents/GitHub/MastersProject/Ava/Content/Ava/Maps/ExternalEnvironment.umap
[2017.06.21-08.42.24:080][574]LogFileHelpers: Saving map 'ExternalEnvironment' took 0.332
[2017.06.21-08.42.25:032][618]LogSavePackage: Save=130.94ms
[2017.06.21-08.42.25:032][618]LogSavePackage: Moving '../../../../../../Users/i7230020.STUDENT.000/Documents/GitHub/MastersProject/Ava/Saved/ExternalEnvironment49B9424B415D2E9682679B98EC9CD500.tmp' to '../../../../../../Users/i7230020.STUDENT.000/Documents/GitHub/MastersProject/Ava/Content/Ava/Maps/ExternalEnvironment.umap'
[2017.06.21-08.42.25:042][618]LogSavePackage:Display: Finished SavePackage ../../../../../../Users/i7230020.STUDENT.000/Documents/GitHub/MastersProject/Ava/Content/Ava/Maps/ExternalEnvironment.umap
[2017.06.21-08.42.27:669][754]LogAIModule: Creating AISystem for world PalaceLevel
[2017.06.21-08.42.27:699][754]Cmd: MAP LOAD FILE="../../../../../../Users/i7230020.STUDENT.000/Documents/GitHub/MastersProject/Ava/Content/Ava/Maps/PalaceLevel.umap" TEMPLATE=0 SHOWPROGRESS=1 FEATURELEVEL=3
[2017.06.21-08.42.27:699][754]LightingResults: New page: Lighting Build
[2017.06.21-08.42.27:700][754]LoadErrors: New page: Loading map: PalaceLevel.umap
[2017.06.21-08.42.27:727][754]MapCheck: New page: Map Check
[2017.06.21-08.42.27:727][754]LightingResults: New page: Lighting Build
[2017.06.21-08.42.27:756][754]LogEditorServer: Finished looking for orphan Actors (0.000 secs)
[2017.06.21-08.42.27:784][754]Cmd: MAP CHECKDEP NOCLEARLOG
[2017.06.21-08.42.27:923][754]MapCheck: Info Map check complete: 0 Error(s), 0 Warning(s), took 138.799ms to complete.
[2017.06.21-08.42.27:924][754]LogFileHelpers: Loading map 'PalaceLevel' took 0.226
[2017.06.21-08.42.27:955][755]Cmd: UpdateLandscapeEditorData
[2017.06.21-08.42.28:873][808]LogAIModule: Creating AISystem for world ExternalEnvironment
[2017.06.21-08.42.28:889][808]Cmd: MAP LOAD FILE="../../../../../../Users/i7230020.STUDENT.000/Documents/GitHub/MastersProject/Ava/Content/Ava/Maps/ExternalEnvironment.umap" TEMPLATE=0 SHOWPROGRESS=1 FEATURELEVEL=3
[2017.06.21-08.42.28:889][808]LightingResults: New page: Lighting Build
[2017.06.21-08.42.28:889][808]LoadErrors: New page: Loading map: ExternalEnvironment.umap
[2017.06.21-08.42.28:896][808]MapCheck: New page: Map Check
[2017.06.21-08.42.28:896][808]LightingResults: New page: Lighting Build
[2017.06.21-08.42.28:941][808]LogEditorServer: Finished looking for orphan Actors (0.000 secs)
[2017.06.21-08.42.28:979][808]Cmd: MAP CHECKDEP NOCLEARLOG
[2017.06.21-08.42.29:116][808]MapCheck: Info Map check complete: 0 Error(s), 0 Warning(s), took 137.437ms to complete.
[2017.06.21-08.42.29:117][808]LogFileHelpers: Loading map 'ExternalEnvironment' took 0.230
[2017.06.21-08.42.29:154][809]Cmd: UpdateLandscapeEditorData -warnings
[2017.06.21-08.42.29:156][809]Cmd: UpdateLandscapeEditorData
[2017.06.21-08.42.30:679][905]LogEditorViewport: Clicking on Actor (LMB): MainCharacter (MainCharacter1)
[2017.06.21-08.42.39:322][298]LogSavePackage: Save=98.54ms
[2017.06.21-08.42.39:322][298]LogSavePackage: Moving '../../../../../../Users/i7230020.STUDENT.000/Documents/GitHub/MastersProject/Ava/Saved/ExternalEnvironmentCF40B14942063BE5F61EF49F6516D12F.tmp' to '../../../../../../Users/i7230020.STUDENT.000/Documents/GitHub/MastersProject/Ava/Content/Ava/Maps/ExternalEnvironment.umap'
[2017.06.21-08.42.39:339][298]LogSavePackage:Display: Finished SavePackage ../../../../../../Users/i7230020.STUDENT.000/Documents/GitHub/MastersProject/Ava/Content/Ava/Maps/ExternalEnvironment.umap
[2017.06.21-08.42.41:201][382]LogAIModule: Creating AISystem for world PalaceLevel
[2017.06.21-08.42.41:254][382]Cmd: MAP LOAD FILE="../../../../../../Users/i7230020.STUDENT.000/Documents/GitHub/MastersProject/Ava/Content/Ava/Maps/PalaceLevel.umap" TEMPLATE=0 SHOWPROGRESS=1 FEATURELEVEL=3
[2017.06.21-08.42.41:255][382]LightingResults: New page: Lighting Build
[2017.06.21-08.42.41:256][382]LoadErrors: New page: Loading map: PalaceLevel.umap
[2017.06.21-08.42.41:284][382]MapCheck: New page: Map Check
[2017.06.21-08.42.41:284][382]LightingResults: New page: Lighting Build
[2017.06.21-08.42.41:317][382]LogEditorServer: Finished looking for orphan Actors (0.000 secs)
[2017.06.21-08.42.41:346][382]Cmd: MAP CHECKDEP NOCLEARLOG
[2017.06.21-08.42.41:478][382]MapCheck: Info Map check complete: 0 Error(s), 0 Warning(s), took 131.902ms to complete.
[2017.06.21-08.42.41:479][382]LogFileHelpers: Loading map 'PalaceLevel' took 0.226
[2017.06.21-08.42.41:524][383]Cmd: UpdateLandscapeEditorData
[2017.06.21-08.42.42:667][454]LogAIModule: Creating AISystem for world ExternalEnvironment
[2017.06.21-08.42.42:681][454]Cmd: MAP LOAD FILE="../../../../../../Users/i7230020.STUDENT.000/Documents/GitHub/MastersProject/Ava/Content/Ava/Maps/ExternalEnvironment.umap" TEMPLATE=0 SHOWPROGRESS=1 FEATURELEVEL=3
[2017.06.21-08.42.42:681][454]LightingResults: New page: Lighting Build
[2017.06.21-08.42.42:682][454]LoadErrors: New page: Loading map: ExternalEnvironment.umap
[2017.06.21-08.42.42:686][454]MapCheck: New page: Map Check
[2017.06.21-08.42.42:686][454]LightingResults: New page: Lighting Build
[2017.06.21-08.42.42:732][454]LogEditorServer: Finished looking for orphan Actors (0.000 secs)
[2017.06.21-08.42.42:761][454]Cmd: MAP CHECKDEP NOCLEARLOG
[2017.06.21-08.42.42:894][454]MapCheck: Info Map check complete: 0 Error(s), 0 Warning(s), took 133.496ms to complete.
[2017.06.21-08.42.42:895][454]LogFileHelpers: Loading map 'ExternalEnvironment' took 0.215
[2017.06.21-08.42.42:928][455]Cmd: UpdateLandscapeEditorData -warnings
[2017.06.21-08.42.42:929][455]Cmd: UpdateLandscapeEditorData
[2017.06.21-08.42.45:294][598]LogPlayLevel: PlayLevel: No blueprints needed recompiling
[2017.06.21-08.42.45:294][598]PIE: New page: PIE session: ExternalEnvironment (21 Jun 2017 09:42:45)
[2017.06.21-08.42.45:294][598]LogPlayLevel: Creating play world package: /Game/Ava/Maps/UEDPIE_0_ExternalEnvironment
[2017.06.21-08.42.45:305][598]LogPlayLevel: PIE: StaticDuplicateObject took: (0.011151s)
[2017.06.21-08.42.45:306][598]LogAIModule: Creating AISystem for world ExternalEnvironment
[2017.06.21-08.42.45:306][598]LogPlayLevel: PIE: World Init took: (0.000592s)
[2017.06.21-08.42.45:306][598]LogPlayLevel: PIE: Created PIE world by copying editor world from /Game/Ava/Maps/ExternalEnvironment.ExternalEnvironment to /Game/Ava/Maps/UEDPIE_0_ExternalEnvironment.ExternalEnvironment (0.011948s)
[2017.06.21-08.42.45:323][598]LogInit: XAudio2 using 'Speakers (Realtek High Definition Audio)' : 2 channels at 48 kHz using 32 bits per sample (channel mask 0x3)
[2017.06.21-08.42.45:337][598]LogInit: FAudioDevice initialized.
[2017.06.21-08.42.45:389][598]LogWorld: Game class is 'AvaGameMode'
[2017.06.21-08.42.45:411][598]LogWorld: Bringing World /Game/Ava/Maps/UEDPIE_0_ExternalEnvironment.ExternalEnvironment up for play (max tick rate 0) at 2017.06.21-09.42.45
[2017.06.21-08.42.45:412][598]LogWorld: Bringing up level for play took: 0.022545
[2017.06.21-08.42.45:415][598]PIE: Info Play in editor start time for /Game/Ava/Maps/UEDPIE_0_ExternalEnvironment -0.385
[2017.06.21-08.42.48:094][751]LogEditorViewport: Clicking on Actor (LMB): MainCharacter (MainCharacter1)
[2017.06.21-08.42.57:874][177]LogSavePackage: Save=118.31ms
[2017.06.21-08.42.57:874][177]LogSavePackage: Moving '../../../../../../Users/i7230020.STUDENT.000/Documents/GitHub/MastersProject/Ava/Saved/ExternalEnvironment331039CB40C5E9776EF7FBA96ADDABAF.tmp' to '../../../../../../Users/i7230020.STUDENT.000/Documents/GitHub/MastersProject/Ava/Content/Ava/Maps/ExternalEnvironment.umap'
[2017.06.21-08.42.57:890][177]LogSavePackage:Display: Finished SavePackage ../../../../../../Users/i7230020.STUDENT.000/Documents/GitHub/MastersProject/Ava/Content/Ava/Maps/ExternalEnvironment.umap
[2017.06.21-08.43.01:374][319]LogAIModule: Creating AISystem for world PalaceLevel
[2017.06.21-08.43.01:411][319]Cmd: MAP LOAD FILE="../../../../../../Users/i7230020.STUDENT.000/Documents/GitHub/MastersProject/Ava/Content/Ava/Maps/PalaceLevel.umap" TEMPLATE=0 SHOWPROGRESS=1 FEATURELEVEL=3
[2017.06.21-08.43.01:411][319]LightingResults: New page: Lighting Build
[2017.06.21-08.43.01:412][319]LoadErrors: New page: Loading map: PalaceLevel.umap
[2017.06.21-08.43.01:446][319]MapCheck: New page: Map Check
[2017.06.21-08.43.01:446][319]LightingResults: New page: Lighting Build
[2017.06.21-08.43.01:473][319]LogEditorServer: Finished looking for orphan Actors (0.000 secs)
[2017.06.21-08.43.01:499][319]Cmd: MAP CHECKDEP NOCLEARLOG
[2017.06.21-08.43.01:615][319]MapCheck: Info Map check complete: 0 Error(s), 0 Warning(s), took 116.108ms to complete.
[2017.06.21-08.43.01:616][319]LogFileHelpers: Loading map 'PalaceLevel' took 0.206
[2017.06.21-08.43.01:654][320]Cmd: UpdateLandscapeEditorData
[2017.06.21-08.43.02:676][384]LogAIModule: Creating AISystem for world ExternalEnvironment
[2017.06.21-08.43.02:691][384]Cmd: MAP LOAD FILE="../../../../../../Users/i7230020.STUDENT.000/Documents/GitHub/MastersProject/Ava/Content/Ava/Maps/ExternalEnvironment.umap" TEMPLATE=0 SHOWPROGRESS=1 FEATURELEVEL=3
[2017.06.21-08.43.02:691][384]LightingResults: New page: Lighting Build
[2017.06.21-08.43.02:692][384]LoadErrors: New page: Loading map: ExternalEnvironment.umap
[2017.06.21-08.43.02:696][384]MapCheck: New page: Map Check
[2017.06.21-08.43.02:696][384]LightingResults: New page: Lighting Build
[2017.06.21-08.43.02:739][384]LogEditorServer: Finished looking for orphan Actors (0.000 secs)
[2017.06.21-08.43.02:767][384]Cmd: MAP CHECKDEP NOCLEARLOG
[2017.06.21-08.43.02:893][384]MapCheck: Info Map check complete: 0 Error(s), 0 Warning(s), took 126.603ms to complete.
[2017.06.21-08.43.02:894][384]LogFileHelpers: Loading map 'ExternalEnvironment' took 0.204
[2017.06.21-08.43.02:918][385]Cmd: UpdateLandscapeEditorData -warnings
[2017.06.21-08.43.02:919][385]Cmd: UpdateLandscapeEditorData
[2017.06.21-08.43.05:101][524]LogPlayLevel: PlayLevel: No blueprints needed recompiling
[2017.06.21-08.43.05:101][524]PIE: New page: PIE session: ExternalEnvironment (21 Jun 2017 09:43:05)
[2017.06.21-08.43.05:101][524]LogPlayLevel: Creating play world package: /Game/Ava/Maps/UEDPIE_0_ExternalEnvironment
[2017.06.21-08.43.05:111][524]LogPlayLevel: PIE: StaticDuplicateObject took: (0.010396s)
[2017.06.21-08.43.05:112][524]LogAIModule: Creating AISystem for world ExternalEnvironment
[2017.06.21-08.43.05:112][524]LogPlayLevel: PIE: World Init took: (0.000510s)
[2017.06.21-08.43.05:112][524]LogPlayLevel: PIE: Created PIE world by copying editor world from /Game/Ava/Maps/ExternalEnvironment.ExternalEnvironment to /Game/Ava/Maps/UEDPIE_0_ExternalEnvironment.ExternalEnvironment (0.011092s)
[2017.06.21-08.43.05:127][524]LogInit: XAudio2 using 'Speakers (Realtek High Definition Audio)' : 2 channels at 48 kHz using 32 bits per sample (channel mask 0x3)
[2017.06.21-08.43.05:135][524]LogInit: FAudioDevice initialized.
[2017.06.21-08.43.05:182][524]LogWorld: Game class is 'AvaGameMode'
[2017.06.21-08.43.05:202][524]LogWorld: Bringing World /Game/Ava/Maps/UEDPIE_0_ExternalEnvironment.ExternalEnvironment up for play (max tick rate 0) at 2017.06.21-09.43.05
[2017.06.21-08.43.05:203][524]LogWorld: Bringing up level for play took: 0.020098
[2017.06.21-08.43.05:205][524]PIE: Info Play in editor start time for /Game/Ava/Maps/UEDPIE_0_ExternalEnvironment -0.594
[2017.06.21-08.43.07:945][672]Cmd: QUIT_EDITOR
[2017.06.21-08.43.08:038][672]LogExit: Preparing to exit.
[2017.06.21-08.43.08:550][672]LogHoudiniEngine: HAPI Synchronous Deletion of  Started. HoudiniAsset = 0x0, 
[2017.06.21-08.43.08:555][672]LogExit: Editor shut down
[2017.06.21-08.43.08:555][672]LogExit: Transaction tracking system shut down
[2017.06.21-08.43.08:717][672]LogObj: Freed 0b from 0 cluster array pools.
[2017.06.21-08.43.08:717][672]LogExit: Object subsystem successfully closed.
[2017.06.21-08.43.08:734][672]LogD3D11RHI: Shutdown
[2017.06.21-08.43.08:734][672]LogD3D11RHI: CleanupD3DDevice
[2017.06.21-08.43.08:809][672]LogD3D11RHI: ~FD3D11DynamicRHI
[2017.06.21-08.43.08:828][672]LogModuleManager: Shutting down and abandoning module MovieSceneCapture (218)
[2017.06.21-08.43.08:828][672]LogModuleManager: Shutting down and abandoning module WorldBrowser (217)
[2017.06.21-08.43.08:828][672]LogModuleManager: Shutting down and abandoning module HierarchicalLODOutliner (216)
[2017.06.21-08.43.08:828][672]LogModuleManager: Shutting down and abandoning module CrashTracker (215)
[2017.06.21-08.43.08:828][672]LogModuleManager: Shutting down and abandoning module SceneOutliner (214)
[2017.06.21-08.43.08:828][672]LogModuleManager: Shutting down and abandoning module WidgetCarousel (213)
[2017.06.21-08.43.08:828][672]LogModuleManager: Shutting down and abandoning module AddContentDialog (212)
[2017.06.21-08.43.08:830][672]LogModuleManager: Shutting down and abandoning module GameplayTags (211)
[2017.06.21-08.43.08:830][672]LogModuleManager: Shutting down and abandoning module EditorWidgets (210)
[2017.06.21-08.43.08:830][672]LogModuleManager: Shutting down and abandoning module CollectionManager (209)
[2017.06.21-08.43.08:830][672]LogModuleManager: Shutting down and abandoning module StatsViewer (208)
[2017.06.21-08.43.08:830][672]LogModuleManager: Shutting down and abandoning module FoliageEdit (207)
[2017.06.21-08.43.08:830][672]LogModuleManager: Shutting down and abandoning module LandscapeEditor (206)
[2017.06.21-08.43.08:830][672]LogModuleManager: Shutting down and abandoning module SceneDepthPickerMode (205)
[2017.06.21-08.43.08:830][672]LogModuleManager: Shutting down and abandoning module ActorPickerMode (204)
[2017.06.21-08.43.08:830][672]LogModuleManager: Shutting down and abandoning module GeometryMode (203)
[2017.06.21-08.43.08:830][672]LogModuleManager: Shutting down and abandoning module TextureAlignMode (202)
[2017.06.21-08.43.08:830][672]LogModuleManager: Shutting down and abandoning module BspMode (201)
[2017.06.21-08.43.08:830][672]LogModuleManager: Shutting down and abandoning module HardwareSurvey (200)
[2017.06.21-08.43.08:830][672]LogModuleManager: Shutting down and abandoning module SequenceRecorderSections (199)
[2017.06.21-08.43.08:830][672]LogModuleManager: Shutting down and abandoning module SequenceRecorder (198)
[2017.06.21-08.43.08:830][672]LogModuleManager: Shutting down and abandoning module AutomationWorker (197)
[2017.06.21-08.43.08:830][672]LogModuleManager: Shutting down and abandoning module HoudiniEngineEditor (196)
[2017.06.21-08.43.08:830][672]LogHoudiniEngineEditor: Shutting down the Houdini Engine Editor module.
[2017.06.21-08.43.08:830][672]LogModuleManager: Shutting down and abandoning module MatineeToLevelSequence (195)
[2017.06.21-08.43.08:830][672]LogModuleManager: Shutting down and abandoning module PlacementMode (194)
[2017.06.21-08.43.08:830][672]LogModuleManager: Shutting down and abandoning module LevelSequenceEditor (193)
[2017.06.21-08.43.08:831][672]LogModuleManager: Shutting down and abandoning module CharacterAI (192)
[2017.06.21-08.43.08:831][672]LogModuleManager: Shutting down and abandoning module SmartSnapping (191)
[2017.06.21-08.43.08:831][672]LogModuleManager: Shutting down and abandoning module SessionServices (190)
[2017.06.21-08.43.08:831][672]LogModuleManager: Shutting down and abandoning module ViewportSnapping (189)
[2017.06.21-08.43.08:831][672]LogModuleManager: Shutting down and abandoning module LogVisualizer (188)
[2017.06.21-08.43.08:831][672]LogModuleManager: Shutting down and abandoning module GameProjectGeneration (187)
[2017.06.21-08.43.08:831][672]LogModuleManager: Shutting down and abandoning module IntroTutorials (186)
[2017.06.21-08.43.08:831][672]LogModuleManager: Shutting down and abandoning module EditorLiveStreaming (185)
[2017.06.21-08.43.08:831][672]LogModuleManager: Shutting down and abandoning module IOSPlatformEditor (184)
[2017.06.21-08.43.08:831][672]LogModuleManager: Shutting down and abandoning module HTML5PlatformEditor (183)
[2017.06.21-08.43.08:831][672]LogModuleManager: Shutting down and abandoning module AndroidDeviceDetection (182)
[2017.06.21-08.43.09:142][672]LogModuleManager: Shutting down and abandoning module AndroidPlatformEditor (181)
[2017.06.21-08.43.09:142][672]LogModuleManager: Shutting down and abandoning module IOSRuntimeSettings (180)
[2017.06.21-08.43.09:142][672]LogModuleManager: Shutting down and abandoning module AndroidRuntimeSettings (179)
[2017.06.21-08.43.09:142][672]LogModuleManager: Shutting down and abandoning module MergeActors (178)
[2017.06.21-08.43.09:142][672]LogModuleManager: Shutting down and abandoning module SizeMap (177)
[2017.06.21-08.43.09:142][672]LogModuleManager: Shutting down and abandoning module TreeMap (176)
[2017.06.21-08.43.09:142][672]LogModuleManager: Shutting down and abandoning module ReferenceViewer (175)
[2017.06.21-08.43.09:142][672]LogModuleManager: Shutting down and abandoning module LocalizationService (174)
[2017.06.21-08.43.09:142][672]LogModuleManager: Shutting down and abandoning module LocalizationDashboard (173)
[2017.06.21-08.43.09:142][672]LogModuleManager: Shutting down and abandoning module HardwareTargeting (172)
[2017.06.21-08.43.09:142][672]LogModuleManager: Shutting down and abandoning module DeviceProfileEditor (171)
[2017.06.21-08.43.09:142][672]LogModuleManager: Shutting down and abandoning module UndoHistory (170)
[2017.06.21-08.43.09:142][672]LogModuleManager: Shutting down and abandoning module UserFeedback (169)
[2017.06.21-08.43.09:142][672]LogModuleManager: Shutting down and abandoning module XmlParser (168)
[2017.06.21-08.43.09:142][672]LogModuleManager: Shutting down and abandoning module Blutility (167)
[2017.06.21-08.43.09:142][672]LogModuleManager: Shutting down and abandoning module ProjectTargetPlatformEditor (166)
[2017.06.21-08.43.09:142][672]LogModuleManager: Shutting down and abandoning module ProjectSettingsViewer (165)
[2017.06.21-08.43.09:142][672]LogModuleManager: Shutting down and abandoning module InputBindingEditor (164)
[2017.06.21-08.43.09:143][672]LogModuleManager: Shutting down and abandoning module EditorSettingsViewer (163)
[2017.06.21-08.43.09:143][672]LogModuleManager: Shutting down and abandoning module SettingsEditor (162)
[2017.06.21-08.43.09:143][672]LogModuleManager: Shutting down and abandoning module ProjectLauncher (161)
[2017.06.21-08.43.09:143][672]LogModuleManager: Shutting down and abandoning module SessionFrontend (160)
[2017.06.21-08.43.09:143][672]LogModuleManager: Shutting down and abandoning module ProfilerClient (159)
[2017.06.21-08.43.09:143][672]LogModuleManager: Shutting down and abandoning module TargetDeviceServices (158)
[2017.06.21-08.43.09:143][672]LogModuleManager: Shutting down and abandoning module DeviceManager (157)
[2017.06.21-08.43.09:193][672]LogModuleManager: Shutting down and abandoning module AutomationController (156)
[2017.06.21-08.43.09:193][672]LogModuleManager: Shutting down and abandoning module AutomationWindow (155)
[2017.06.21-08.43.09:193][672]LogModuleManager: Shutting down and abandoning module Layers (154)
[2017.06.21-08.43.09:193][672]LogModuleManager: Shutting down and abandoning module ComponentVisualizers (153)
[2017.06.21-08.43.09:193][672]LogModuleManager: Shutting down and abandoning module DetailCustomizations (152)
[2017.06.21-08.43.09:193][672]LogModuleManager: Shutting down and abandoning module PackagesDialog (151)
[2017.06.21-08.43.09:193][672]LogModuleManager: Shutting down and abandoning module Persona (150)
[2017.06.21-08.43.09:193][672]LogModuleManager: Shutting down and abandoning module Kismet (149)
[2017.06.21-08.43.09:193][672]LogModuleManager: Shutting down and abandoning module GraphEditor (148)
[2017.06.21-08.43.09:193][672]LogModuleManager: Shutting down and abandoning module ClassViewer (147)
[2017.06.21-08.43.09:196][672]LogModuleManager: Shutting down and abandoning module Toolbox (146)
[2017.06.21-08.43.09:196][672]LogModuleManager: Shutting down and abandoning module ModuleUI (145)
[2017.06.21-08.43.09:196][672]LogModuleManager: Shutting down and abandoning module MovieSceneTools (144)
[2017.06.21-08.43.09:196][672]LogModuleManager: Shutting down and abandoning module OutputLog (143)
[2017.06.21-08.43.09:196][672]LogModuleManager: Shutting down and abandoning module GammaUI (142)
[2017.06.21-08.43.09:196][672]LogModuleManager: Shutting down and abandoning module Documentation (141)
[2017.06.21-08.43.09:196][672]LogModuleManager: Shutting down and abandoning module StreamingPauseRendering (140)
[2017.06.21-08.43.09:196][672]LogModuleManager: Shutting down and abandoning module AnalyticsET (139)
[2017.06.21-08.43.09:196][672]LogModuleManager: Shutting down and abandoning module Analytics (138)
[2017.06.21-08.43.09:196][672]LogModuleManager: Shutting down and abandoning module PortalServices (137)
[2017.06.21-08.43.09:196][672]LogModuleManager: Shutting down and abandoning module PortalRpc (136)
[2017.06.21-08.43.09:196][672]LogModuleManager: Shutting down and abandoning module MessagingRpc (135)
[2017.06.21-08.43.09:196][672]LogModuleManager: Shutting down and abandoning module GameplayDebugger (134)
[2017.06.21-08.43.09:196][672]LogModuleManager: Shutting down and abandoning module AITestSuite (133)
[2017.06.21-08.43.09:196][672]LogModuleManager: Shutting down and abandoning module AIModule (132)
[2017.06.21-08.43.09:196][672]LogModuleManager: Shutting down and abandoning module ProfilerService (131)
[2017.06.21-08.43.09:416][672]LogModuleManager: Shutting down and abandoning module TaskGraph (130)
[2017.06.21-08.43.09:417][672]LogModuleManager: Shutting down and abandoning module SlateRemote (129)
[2017.06.21-08.43.09:417][672]LogModuleManager: Shutting down and abandoning module SteamVRController (128)
[2017.06.21-08.43.09:417][672]LogModuleManager: Shutting down and abandoning module SteamVR (127)
[2017.06.21-08.43.09:417][672]LogModuleManager: Shutting down and abandoning module ProceduralMeshComponent (126)
[2017.06.21-08.43.09:417][672]LogModuleManager: Shutting down and abandoning module OculusLibrary (125)
[2017.06.21-08.43.09:417][672]LogModuleManager: Shutting down and abandoning module OculusInput (124)
[2017.06.21-08.43.09:417][672]LogModuleManager: Shutting down and abandoning module HoudiniEngineRuntime (123)
[2017.06.21-08.43.09:417][672]LogHoudiniEngine: Shutting down the Houdini Engine module.
[2017.06.21-08.43.09:417][672]LogUObjectArray:Warning: Invalid object index -572662307
[2017.06.21-08.43.09:417][672]LogUObjectArray:Warning: Invalid object index -572662307
[2017.06.21-08.43.09:417][672]LogUObjectArray:Warning: Invalid object index -572662307
[2017.06.21-08.43.09:417][672]LogUObjectArray:Warning: Invalid object index -572662307
[2017.06.21-08.43.09:420][672]LogModuleManager: Shutting down and abandoning module CustomMeshComponent (122)
[2017.06.21-08.43.09:420][672]LogModuleManager: Shutting down and abandoning module CableComponent (121)
[2017.06.21-08.43.09:420][672]LogModuleManager: Shutting down and abandoning module ArchVisCharacter (120)
[2017.06.21-08.43.09:420][672]LogModuleManager: Shutting down and abandoning module MediaPlayerEditor (119)
[2017.06.21-08.43.09:421][672]LogModuleManager: Shutting down and abandoning module HTML5Networking (118)
[2017.06.21-08.43.09:421][672]LogModuleManager: Shutting down and abandoning module SuperSearch (117)
[2017.06.21-08.43.09:421][672]LogModuleManager: Shutting down and abandoning module SuperSearchEditor (116)
[2017.06.21-08.43.09:421][672]LogModuleManager: Shutting down and abandoning module SpeedTreeImporter (115)
[2017.06.21-08.43.09:421][672]LogModuleManager: Shutting down and abandoning module PluginBrowser (114)
[2017.06.21-08.43.09:421][672]LogModuleManager: Shutting down and abandoning module EpicSurvey (113)
[2017.06.21-08.43.09:421][672]LogModuleManager: Shutting down and abandoning module DesktopPlatform (112)
[2017.06.21-08.43.09:421][672]LogModuleManager: Shutting down and abandoning module VisualStudioSourceCodeAccess (111)
[2017.06.21-08.43.09:421][672]LogModuleManager: Shutting down and abandoning module UObjectPlugin (110)
[2017.06.21-08.43.09:421][672]LogModuleManager: Shutting down and abandoning module SubversionSourceControl (109)
[2017.06.21-08.43.09:421][672]LogModuleManager: Shutting down and abandoning module PerforceSourceControl (108)
[2017.06.21-08.43.09:421][672]LogModuleManager: Shutting down and abandoning module SourceControl (107)
[2017.06.21-08.43.09:421][672]LogModuleManager: Shutting down and abandoning module GitSourceControl (106)
[2017.06.21-08.43.09:421][672]LogModuleManager: Shutting down and abandoning module LightPropagationVolumeEditor (105)
[2017.06.21-08.43.09:421][672]LogModuleManager: Shutting down and abandoning module PaperTiledImporter (104)
[2017.06.21-08.43.09:421][672]LogModuleManager: Shutting down and abandoning module PaperSpriteSheetImporter (103)
[2017.06.21-08.43.09:421][672]LogModuleManager: Shutting down and abandoning module MeshPaint (102)
[2017.06.21-08.43.09:421][672]LogModuleManager: Shutting down and abandoning module PixelInspectorModule (101)
[2017.06.21-08.43.09:421][672]LogModuleManager: Shutting down and abandoning module HotReload (100)
[2017.06.21-08.43.09:423][672]LogModuleManager: Shutting down and abandoning module MainFrame (99)
[2017.06.21-08.43.09:423][672]LogModuleManager: Shutting down and abandoning module LevelEditor (98)
[2017.06.21-08.43.09:424][672]LogModuleManager: Shutting down and abandoning module ContentBrowser (97)
[2017.06.21-08.43.09:426][672]LogModuleManager: Shutting down and abandoning module Paper2DEditor (96)
[2017.06.21-08.43.09:426][672]LogModuleManager: Shutting down and abandoning module Ava (95)
[2017.06.21-08.43.09:426][672]LogModuleManager: Shutting down and abandoning module UdpMessaging (94)
[2017.06.21-08.43.09:526][672]LogModuleManager: Shutting down and abandoning module LightPropagationVolumeRuntime (93)
[2017.06.21-08.43.09:526][672]LogModuleManager: Shutting down and abandoning module Paper2D (92)
[2017.06.21-08.43.09:526][672]LogModuleManager: Shutting down and abandoning module WindowsMoviePlayer (91)
[2017.06.21-08.43.09:526][672]LogModuleManager: Shutting down and abandoning module Media (90)
[2017.06.21-08.43.09:526][672]LogModuleManager: Shutting down and abandoning module WmfMedia (89)
[2017.06.21-08.43.09:527][672]LogModuleManager: Shutting down and abandoning module MediaAssets (88)
[2017.06.21-08.43.09:527][672]LogModuleManager: Shutting down and abandoning module GameLiveStreaming (87)
[2017.06.21-08.43.09:527][672]LogModuleManager: Shutting down and abandoning module GameplayTagsEditor (86)
[2017.06.21-08.43.09:527][672]LogModuleManager: Shutting down and abandoning module OnlineBlueprintSupport (85)
[2017.06.21-08.43.09:527][672]LogModuleManager: Shutting down and abandoning module VREditor (84)
[2017.06.21-08.43.09:527][672]LogModuleManager: Shutting down and abandoning module GameplayTasksEditor (83)
[2017.06.21-08.43.09:527][672]LogModuleManager: Shutting down and abandoning module PropertyEditor (82)
[2017.06.21-08.43.09:527][672]LogModuleManager: Shutting down and abandoning module BehaviorTreeEditor (81)
[2017.06.21-08.43.09:527][672]LogModuleManager: Shutting down and abandoning module FunctionalTesting (80)
[2017.06.21-08.43.09:527][672]LogModuleManager: Shutting down and abandoning module CollisionAnalyzer (79)
[2017.06.21-08.43.09:527][672]LogModuleManager: Shutting down and abandoning module Sequencer (78)
[2017.06.21-08.43.09:527][672]LogModuleManager: Shutting down and abandoning module WorkspaceMenuStructure (77)
[2017.06.21-08.43.09:527][672]LogModuleManager: Shutting down and abandoning module MessageLog (76)
[2017.06.21-08.43.09:527][672]LogModuleManager: Shutting down and abandoning module AssetTools (75)
[2017.06.21-08.43.09:527][672]LogModuleManager: Shutting down and abandoning module UMGEditor (74)
[2017.06.21-08.43.09:527][672]LogModuleManager: Shutting down and abandoning module UMG (73)
[2017.06.21-08.43.09:528][672]LogModuleManager: Shutting down and abandoning module SlateReflector (72)
[2017.06.21-08.43.09:528][672]LogModuleManager: Shutting down and abandoning module Slate (71)
[2017.06.21-08.43.09:528][672]LogModuleManager: Shutting down and abandoning module EditorStyle (70)
[2017.06.21-08.43.09:534][672]LogModuleManager: Shutting down and abandoning module SourceCodeAccess (69)
[2017.06.21-08.43.09:534][672]LogModuleManager: Shutting down and abandoning module HeadMountedDisplay (68)
[2017.06.21-08.43.09:534][672]LogModuleManager: Shutting down and abandoning module XAudio2 (67)
[2017.06.21-08.43.09:534][672]LogModuleManager: Shutting down and abandoning module Networking (65)
[2017.06.21-08.43.09:534][672]LogModuleManager: Shutting down and abandoning module Core (64)
[2017.06.21-08.43.09:534][672]LogModuleManager: Shutting down and abandoning module DirectoryWatcher (63)
[2017.06.21-08.43.09:536][672]LogModuleManager: Shutting down and abandoning module AssetRegistry (62)
[2017.06.21-08.43.09:695][672]LogModuleManager: Shutting down and abandoning module KismetCompiler (61)
[2017.06.21-08.43.09:695][672]LogModuleManager: Shutting down and abandoning module PhysXFormats (60)
[2017.06.21-08.43.09:695][672]LogModuleManager: Shutting down and abandoning module MeshUtilities (59)
[2017.06.21-08.43.09:695][672]LogModuleManager: Shutting down and abandoning module DerivedDataCache (58)
[2017.06.21-08.43.09:716][672]LogDerivedDataCache: Shutdown
[2017.06.21-08.43.09:716][672]LogModuleManager: Shutting down and abandoning module VulkanShaderFormat (57)
[2017.06.21-08.43.09:716][672]LogModuleManager: Shutting down and abandoning module ShaderFormatOpenGL (56)
[2017.06.21-08.43.09:716][672]LogModuleManager: Shutting down and abandoning module ShaderFormatD3D (55)
[2017.06.21-08.43.09:716][672]LogModuleManager: Shutting down and abandoning module MetalShaderFormat (54)
[2017.06.21-08.43.09:716][672]LogModuleManager: Shutting down and abandoning module TextureFormatUncompressed (53)
[2017.06.21-08.43.09:716][672]LogModuleManager: Shutting down and abandoning module TextureFormatPVR (52)
[2017.06.21-08.43.09:716][672]LogModuleManager: Shutting down and abandoning module TextureFormatIntelISPCTexComp (51)
[2017.06.21-08.43.09:716][672]LogModuleManager: Shutting down and abandoning module TextureFormatDXT (50)
[2017.06.21-08.43.09:716][672]LogModuleManager: Shutting down and abandoning module ImageWrapper (49)
[2017.06.21-08.43.09:716][672]LogModuleManager: Shutting down and abandoning module TextureFormatASTC (48)
[2017.06.21-08.43.09:716][672]LogModuleManager: Shutting down and abandoning module TextureFormatAndroid (47)
[2017.06.21-08.43.09:716][672]LogModuleManager: Shutting down and abandoning module AudioFormatOpus (46)
[2017.06.21-08.43.09:716][672]LogModuleManager: Shutting down and abandoning module AudioFormatOgg (45)
[2017.06.21-08.43.09:716][672]LogModuleManager: Shutting down and abandoning module AudioFormatADPCM (44)
[2017.06.21-08.43.09:716][672]LogModuleManager: Shutting down and abandoning module LinuxTargetPlatform (43)
[2017.06.21-08.43.09:716][672]LogModuleManager: Shutting down and abandoning module LinuxServerTargetPlatform (42)
[2017.06.21-08.43.09:716][672]LogModuleManager: Shutting down and abandoning module LinuxNoEditorTargetPlatform (41)
[2017.06.21-08.43.09:716][672]LogModuleManager: Shutting down and abandoning module TVOSTargetPlatform (40)
[2017.06.21-08.43.09:716][672]LogModuleManager: Shutting down and abandoning module Messaging (39)
[2017.06.21-08.43.09:716][672]LogModuleManager: Shutting down and abandoning module IOSTargetPlatform (38)
[2017.06.21-08.43.09:716][672]LogModuleManager: Shutting down and abandoning module HTML5TargetPlatform (37)
[2017.06.21-08.43.09:717][672]LogModuleManager: Shutting down and abandoning module Android_PVRTCTargetPlatform (36)
[2017.06.21-08.43.09:717][672]LogModuleManager: Shutting down and abandoning module Android_MultiTargetPlatform (35)
[2017.06.21-08.43.09:717][672]LogModuleManager: Shutting down and abandoning module Android_ETC2TargetPlatform (34)
[2017.06.21-08.43.09:717][672]LogModuleManager: Shutting down and abandoning module Android_ETC1TargetPlatform (33)
[2017.06.21-08.43.09:717][672]LogModuleManager: Shutting down and abandoning module Android_DXTTargetPlatform (32)
[2017.06.21-08.43.09:717][672]LogModuleManager: Shutting down and abandoning module Android_ATCTargetPlatform (31)
[2017.06.21-08.43.09:717][672]LogModuleManager: Shutting down and abandoning module Android_ASTCTargetPlatform (30)
[2017.06.21-08.43.09:717][672]LogModuleManager: Shutting down and abandoning module AndroidTargetPlatform (29)
[2017.06.21-08.43.09:717][672]LogModuleManager: Shutting down and abandoning module WindowsTargetPlatform (28)
[2017.06.21-08.43.09:717][672]LogModuleManager: Shutting down and abandoning module WindowsServerTargetPlatform (27)
[2017.06.21-08.43.09:717][672]LogModuleManager: Shutting down and abandoning module WindowsNoEditorTargetPlatform (26)
[2017.06.21-08.43.09:717][672]LogModuleManager: Shutting down and abandoning module WindowsClientTargetPlatform (25)
[2017.06.21-08.43.09:717][672]LogModuleManager: Shutting down and abandoning module AllDesktopTargetPlatform (24)
[2017.06.21-08.43.09:717][672]LogModuleManager: Shutting down and abandoning module TargetPlatform (23)
[2017.06.21-08.43.09:717][672]LogModuleManager: Shutting down and abandoning module InputCore (22)
[2017.06.21-08.43.09:717][672]LogModuleManager: Shutting down and abandoning module Settings (21)
[2017.06.21-08.43.09:717][672]LogModuleManager: Shutting down and abandoning module OnlineSubsystem (19)
[2017.06.21-08.43.09:717][672]LogModuleManager: Shutting down and abandoning module HTTP (18)
[2017.06.21-08.43.11:217][672]LogModuleManager: Shutting down and abandoning module XMPP (17)
[2017.06.21-08.43.11:218][672]LogModuleManager: Shutting down and abandoning module OculusRift (16)
[2017.06.21-08.43.11:218][672]LogModuleManager: Shutting down and abandoning module ExampleDeviceProfileSelector (15)
[2017.06.21-08.43.11:218][672]LogModuleManager: Shutting down and abandoning module TextureCompressor (14)
[2017.06.21-08.43.11:218][672]LogModuleManager: Shutting down and abandoning module ShaderCore (13)
[2017.06.21-08.43.11:218][672]LogModuleManager: Shutting down and abandoning module Landscape (12)
[2017.06.21-08.43.11:218][672]LogModuleManager: Shutting down and abandoning module SlateRHIRenderer (11)
[2017.06.21-08.43.11:220][672]LogModuleManager: Shutting down and abandoning module OpenGLDrv (10)
[2017.06.21-08.43.11:220][672]LogModuleManager: Shutting down and abandoning module D3D11RHI (9)
[2017.06.21-08.43.11:220][672]LogModuleManager: Shutting down and abandoning module AnimGraphRuntime (8)
[2017.06.21-08.43.11:220][672]LogModuleManager: Shutting down and abandoning module Renderer (7)
[2017.06.21-08.43.11:220][672]LogModuleManager: Shutting down and abandoning module Engine (6)
[2017.06.21-08.43.11:220][672]LogModuleManager: Shutting down and abandoning module CoreUObject (5)
[2017.06.21-08.43.11:220][672]LogModuleManager: Shutting down and abandoning module NetworkFile (4)
[2017.06.21-08.43.11:220][672]LogModuleManager: Shutting down and abandoning module StreamingFile (3)
[2017.06.21-08.43.11:220][672]LogModuleManager: Shutting down and abandoning module SandboxFile (2)
[2017.06.21-08.43.11:220][672]LogModuleManager: Shutting down and abandoning module PakFile (1)
[2017.06.21-08.43.11:225][672]LogExit: Exiting.
[2017.06.21-08.43.11:240][672]Log file closed, 06/21/17 09:43:11
