Log file open, 06/14/17 12:51:12
LogInit:Display: Running engine for game: Ava
LogPlatformFile: Not using cached read wrapper
LogInit:Display: RandInit(1278339765) SRandInit(1278339773).
LogTaskGraph: Started task graph with 4 named threads and 9 total threads with 1 sets of task threads.
LogStats: Stats thread started at 0.117689
LogInit: Version: 4.12.5-3039270+++UE4+Release-4.12
LogInit: API Version: 2992821
LogInit: Net Version: 3039270
LogDevObjectVersion: Number of dev versions registered: 13
LogDevObjectVersion:   Dev-Blueprints (B0D832E4-1F89-4F0D-ACCF-7EB736FD4AA2): 3
LogDevObjectVersion:   Dev-Build (E1C64328-A22C-4D53-A36C-8E866417BD8C): 0
LogDevObjectVersion:   Dev-Core (375EC13C-06E4-48FB-B500-84F0262A717E): 1
LogDevObjectVersion:   Dev-Editor (E4B068ED-F494-42E9-A231-DA0B2E46BB41): 2
LogDevObjectVersion:   Dev-Framework (CFFC743F-43B0-4480-9391-14DF171D2073): 6
LogDevObjectVersion:   Dev-Mobile (B02B49B5-BB20-44E9-A304-32B752E40360): 0
LogDevObjectVersion:   Dev-Networking (A4E4105C-59A1-49B5-A7C5-40C4547EDFEE): 0
LogDevObjectVersion:   Dev-Online (39C831C9-5AE6-47DC-9A44-9C173E1C8E7C): 0
LogDevObjectVersion:   Dev-Physics (78F01B33-EBEA-4F98-B9B4-84EACCB95AA2): 0
LogDevObjectVersion:   Dev-Platform (6631380F-2D4D-43E0-8009-CF276956A95A): 0
LogDevObjectVersion:   Dev-Rendering (12F88B9F-8875-4AFC-A67C-D90C383ABD29): 2
LogDevObjectVersion:   Dev-Sequencer (7B5AE74C-D270-4C10-A958-57980B212A5A): 0
LogDevObjectVersion:   Dev-VR (D7296918-1DD6-4BDD-9DE2-64A83CC13884): 0
LogInit: Compiled (64-bit): Jul  6 2016 09:09:46
LogInit: Compiled with Visual C++: 19.00.23026.00
LogInit: Build Configuration: Development
LogInit: Branch Name: ++UE4+Release-4.12
LogInit: Command line:  
LogInit: Base directory: C:/Program Files (x86)/Epic Games/4.12/Engine/Binaries/Win64/
LogInit: Installed Engine Build: 1
LogInit: Using libcurl 7.41.0
LogInit:  - built for x86_64-pc-win32
LogInit:  - supports SSL with WinSSL
LogInit:  - other features:
LogInit:      CURL_VERSION_SSL
LogInit:      CURL_VERSION_IPV6
LogInit:      CURL_VERSION_ASYNCHDNS
LogInit:      CURL_VERSION_LARGEFILE
LogInit:      CURL_VERSION_IDN
LogInit:  CurlRequestOptions (configurable via config and command line):
LogInit:  - bVerifyPeer = true  - Libcurl will verify peer certificate
LogInit:  - bUseHttpProxy = false  - Libcurl will NOT use HTTP proxy
LogInit:  - bDontReuseConnections = false  - Libcurl will reuse connections
LogInit:  - CertBundlePath = nullptr  - Libcurl will use whatever was configured at build time.
LogInit: Presizing for max 8388607 objects, including 0 objects not considered by GC, pre-allocating 0 bytes for permanent pool.
LogInit: Object subsystem initialized
[2017.06.14-11.51.12:281][  0]LogInit: Selected Device Profile: [Windows]
[2017.06.14-11.51.12:281][  0]LogInit: Applying CVar settings loaded from the selected device profile: [Windows]
[2017.06.14-11.51.12:291][  0]LogInit: Computer: PC41468
[2017.06.14-11.51.12:291][  0]LogInit: User: s4915809
[2017.06.14-11.51.12:291][  0]LogInit: CPU Page size=65536, Cores=6
[2017.06.14-11.51.12:291][  0]LogInit: High frequency timer resolution =3.410117 MHz
[2017.06.14-11.51.12:291][  0]LogMemory: Memory total: Physical=31.9GB (32GB approx)
[2017.06.14-11.51.12:291][  0]LogMemory: Platform Memory Stats for Windows
[2017.06.14-11.51.12:291][  0]LogMemory: Process Physical Memory: 193.31 MB used, 193.31 MB peak
[2017.06.14-11.51.12:291][  0]LogMemory: Process Virtual Memory: 198.71 MB used, 198.71 MB peak
[2017.06.14-11.51.12:291][  0]LogMemory: Physical Memory: 11618.00 MB used, 32675.27 MB total
[2017.06.14-11.51.12:291][  0]LogMemory: Virtual Memory: 524.24 MB used, 8388608.00 MB total
[2017.06.14-11.51.12:362][  0]LogTextLocalizationManager: No specific translations for ('en-GB') exist, so ('en') translations will be used.
[2017.06.14-11.51.12:688][  0]LogD3D11RHI: D3D11 adapters:
[2017.06.14-11.51.12:704][  0]LogD3D11RHI:    0. 'NVIDIA Quadro K2200' (Feature Level 11_0)
[2017.06.14-11.51.12:704][  0]LogD3D11RHI:       4034/0/16081 MB DedicatedVideo/DedicatedSystem/SharedSystem, Outputs:1, VendorId:0x10de
[2017.06.14-11.51.12:704][  0]LogD3D11RHI: Chosen D3D11 Adapter: 0
[2017.06.14-11.51.12:715][  0]LogD3D11RHI: Creating new Direct3DDevice
[2017.06.14-11.51.12:715][  0]LogD3D11RHI:     GPU DeviceId: 0x13ba (for the marketing name, search the web for "GPU Device Id")
[2017.06.14-11.51.12:715][  0]LogWindows: EnumDisplayDevices:
[2017.06.14-11.51.12:715][  0]LogWindows:    0. 'NVIDIA Quadro K2200' (P:1 D:1)
[2017.06.14-11.51.12:716][  0]LogWindows:    1. 'NVIDIA Quadro K2200' (P:0 D:0)
[2017.06.14-11.51.12:716][  0]LogWindows:    2. 'NVIDIA Quadro K2200' (P:0 D:0)
[2017.06.14-11.51.12:716][  0]LogWindows:    3. 'NVIDIA Quadro K2200' (P:0 D:0)
[2017.06.14-11.51.12:716][  0]LogWindows:    4. 'RDPDD Chained DD' (P:0 D:0)
[2017.06.14-11.51.12:716][  0]LogWindows:    5. 'RDP Encoder Mirror Driver' (P:0 D:0)
[2017.06.14-11.51.12:716][  0]LogWindows:    6. 'RDP Reflector Display Driver' (P:0 D:0)
[2017.06.14-11.51.12:717][  0]LogWindows:    7. 'HP Remote Graphics Driver' (P:0 D:0)
[2017.06.14-11.51.12:717][  0]LogWindows: DebugString: GetVideoDriverDetailsInvalid PrimaryIsNotTheChoosenAdapter GetVideoDriverDetailsInvalid PrimaryIsNotTheChoosenAdapter GetVideoDriverDetailsInvalid PrimaryIsNotTheChoosenAdapter GetVideoDriverDetailsInvalid PrimaryIsNotTheChoosenAdapter FoundDriverCount:4 
[2017.06.14-11.51.12:717][  0]LogD3D11RHI:     Adapter Name: NVIDIA Quadro K2200
[2017.06.14-11.51.12:717][  0]LogD3D11RHI:   Driver Version: 362.13 (internal:10.18.13.6213, unified:362.13)
[2017.06.14-11.51.12:717][  0]LogD3D11RHI:      Driver Date: 3-18-2016
[2017.06.14-11.51.12:717][  0]LogRHI: Texture pool is 1361 MB (70% of 1945 MB)
[2017.06.14-11.51.12:725][  0]LogD3D11RHI: Async texture creation enabled
[2017.06.14-11.51.12:738][  0]LogD3D11RHI: GPU Timing Frequency: 1000.000000 (Debug: 2 2)
[2017.06.14-11.51.12:738][  0]LogShaderCompilers: Guid format shader working directory is 11 characters bigger than the processId version (D:/RekaKadar/For Rekka/MastersProject/Ava/Intermediate/Shaders/WorkingDirectory/54020/).
[2017.06.14-11.51.12:738][  0]LogShaderCompilers: Cleaned the shader compiler working directory 'C:/Users/S49158~1.STU/AppData/Local/Temp/UnrealShaderWorkingDir/7676764A481A90B4E4FB08BEC8AC97B4/'.
[2017.06.14-11.51.12:738][  0]LogShaderCompilers:Display: Using Local Shader Compiler.
[2017.06.14-11.51.13:698][  0]LogTemp:Display: Loaded TP AllDesktopTargetPlatform
[2017.06.14-11.51.13:706][  0]LogTemp:Display: Loaded TP WindowsClientTargetPlatform
[2017.06.14-11.51.13:715][  0]LogTemp:Display: Loaded TP WindowsNoEditorTargetPlatform
[2017.06.14-11.51.13:723][  0]LogTemp:Display: Loaded TP WindowsServerTargetPlatform
[2017.06.14-11.51.13:731][  0]LogTemp:Display: Loaded TP WindowsTargetPlatform
[2017.06.14-11.51.13:738][  0]LogTemp:Display: Loaded TP AndroidTargetPlatform
[2017.06.14-11.51.13:745][  0]LogTemp:Display: Loaded TP Android_ASTCTargetPlatform
[2017.06.14-11.51.13:753][  0]LogTemp:Display: Loaded TP Android_ATCTargetPlatform
[2017.06.14-11.51.13:760][  0]LogTemp:Display: Loaded TP Android_DXTTargetPlatform
[2017.06.14-11.51.13:767][  0]LogTemp:Display: Loaded TP Android_ETC1TargetPlatform
[2017.06.14-11.51.13:774][  0]LogTemp:Display: Loaded TP Android_ETC2TargetPlatform
[2017.06.14-11.51.13:788][  0]LogTemp:Display: Loaded TP Android_MultiTargetPlatform
[2017.06.14-11.51.13:788][  0]LogTemp:Display: Loaded TP Android_PVRTCTargetPlatform
[2017.06.14-11.51.13:790][  0]LogTemp:Display: Loaded TP HTML5TargetPlatform
[2017.06.14-11.51.13:810][  0]LogTemp:Display: Loaded TP IOSTargetPlatform
[2017.06.14-11.51.13:817][  0]LogTemp:Display: Loaded TP TVOSTargetPlatform
[2017.06.14-11.51.13:824][  0]LogTemp:Display: Loaded TP LinuxNoEditorTargetPlatform
[2017.06.14-11.51.13:831][  0]LogTemp:Display: Loaded TP LinuxServerTargetPlatform
[2017.06.14-11.51.13:838][  0]LogTemp:Display: Loaded TP LinuxTargetPlatform
[2017.06.14-11.51.13:838][  0]LogTargetPlatformManager:Display: Building Assets For Windows
[2017.06.14-11.51.13:998][  0]LogDerivedDataCache:Display: Max Cache Size: 512 MB
[2017.06.14-11.51.14:056][  0]LogDerivedDataCache: Loaded boot cache 0.06s 62MB C:/Users/s4915809.STUDENT/AppData/Local/UnrealEngine/4.12/DerivedDataCache/Boot.ddc.
[2017.06.14-11.51.14:056][  0]LogDerivedDataCache:Display: Loaded Boot cache: C:/Users/s4915809.STUDENT/AppData/Local/UnrealEngine/4.12/DerivedDataCache/Boot.ddc
[2017.06.14-11.51.14:056][  0]LogDerivedDataCache: FDerivedDataBackendGraph:  Pak pak cache file D:/RekaKadar/For Rekka/MastersProject/Ava/DerivedDataCache/DDC.ddp not found, will not use a pak cache.
[2017.06.14-11.51.14:056][  0]LogDerivedDataCache: Unable to find inner node Pak for hierarchical cache Hierarchy.
[2017.06.14-11.51.14:056][  0]LogDerivedDataCache: FDerivedDataBackendGraph:  CompressedPak pak cache file D:/RekaKadar/For Rekka/MastersProject/Ava/DerivedDataCache/Compressed.ddp not found, will not use a pak cache.
[2017.06.14-11.51.14:056][  0]LogDerivedDataCache: Unable to find inner node CompressedPak for hierarchical cache Hierarchy.
[2017.06.14-11.51.14:071][  0]LogDerivedDataCache:Display: Pak cache opened for reading ../../../Engine/DerivedDataCache/Compressed.ddp.
[2017.06.14-11.51.14:083][  0]LogDerivedDataCache: Using Local data cache path C:/Users/s4915809.STUDENT/AppData/Local/UnrealEngine/Common/DerivedDataCache: Writable
[2017.06.14-11.51.14:410][  0]LogInit: Selected Device Profile: [Windows]
[2017.06.14-11.51.14:411][  0]LogContentStreaming: Texture pool size is 0.00 MB
[2017.06.14-11.51.14:559][  0]LogMeshUtilities: No automatic mesh reduction module available
[2017.06.14-11.51.14:559][  0]LogMeshUtilities: No automatic mesh merging module available
[2017.06.14-11.51.14:559][  0]LogMeshUtilities: No distributed automatic mesh merging module available
[2017.06.14-11.51.14:784][  0]LogAssetRegistry: FAssetRegistry took 0.0196 seconds to start up
[2017.06.14-11.51.14:821][  0]LogPackageLocalizationCache: Processed 3 localized package path(s) for 2 prioritized culture(s) in 0.035008 seconds
[2017.06.14-11.51.14:825][  0]LogUObjectArray: 28739 objects as part of root set at end of initial load.
[2017.06.14-11.51.14:825][  0]LogUObjectAllocator: 5855632 out of 0 bytes used by permanent object pool.
[2017.06.14-11.51.14:825][  0]LogUObjectArray: CloseDisregardForGC: 0/0 objects in disregard for GC pool
[2017.06.14-11.51.14:832][  0]LogInit: WinSock: version 1.1 (2.2), MaxSocks=32767, MaxUdp=65467
[2017.06.14-11.51.15:005][  0]LogSlate: SlateFontCache - WITH_FREETYPE: 1, WITH_HARFBUZZ: 1
[2017.06.14-11.51.15:005][  0]LogSlate: SlateFontCache - WITH_FREETYPE: 1, WITH_HARFBUZZ: 1
[2017.06.14-11.51.15:992][  0]LogSubstanceCoreModule: Substance CPU Engine Loaded, Max Texture Size 2048
[2017.06.14-11.51.16:002][  0]LogUdpMessaging: Initializing bridge on interface 0.0.0.0:0 to multicast group 230.0.0.1:6666.
[2017.06.14-11.51.16:241][  0]SourceControl: Info Source control is disabled
[2017.06.14-11.51.16:244][  0]SourceControl: Info Source control is disabled
[2017.06.14-11.51.16:253][  0]SourceControl: Info Source control is disabled
[2017.06.14-11.51.16:263][  0]SourceControl: Info Source control is disabled
[2017.06.14-11.51.16:484][  0]LogEngine: Initializing Engine...
[2017.06.14-11.51.16:485][  0]LogHMD: SteamVR failed to initialize.  Err: 110
[2017.06.14-11.51.16:486][  0]LogHMD: SteamVR failed to initialize.  Err: 110
[2017.06.14-11.51.16:613][  0]LogAIModule: Creating AISystem for world NewWorld
[2017.06.14-11.51.16:619][  0]LogInit: XAudio2 using 'LG ULTRAWIDE-C (NVIDIA High Definition Audio)' : 2 channels at 48 kHz using 16 bits per sample (channel mask 0x3)
[2017.06.14-11.51.16:631][  0]LogInit: FAudioDevice initialized.
[2017.06.14-11.51.16:661][  0]LogDerivedDataCache: Saved boot cache 0.03s 62MB C:/Users/s4915809.STUDENT/AppData/Local/UnrealEngine/4.12/DerivedDataCache/Boot.ddc.
[2017.06.14-11.51.16:666][  0]LogInit: Texture streaming: Enabled
[2017.06.14-11.51.16:693][  0]LogInit: Transaction tracking system initialized
[2017.06.14-11.51.16:713][  0]BlueprintLog: New page: Editor Load
[2017.06.14-11.51.16:776][  0]LocalizationService: Info Localization service is disabled
[2017.06.14-11.51.16:836][  0]LogConsoleResponse:Display: 
[2017.06.14-11.51.16:947][  0]LogCook:Display: Max memory allowance for cook 8192mb
[2017.06.14-11.51.16:947][  0]LogCook:Display: Mobile HDR setting 1
[2017.06.14-11.51.17:063][  0]LogFileCache: Scanning file cache for directory 'D:/RekaKadar/For Rekka/MastersProject/Ava/Content/' took 0.01s
[2017.06.14-11.51.17:063][  0]SourceControl: Info Source control is disabled
[2017.06.14-11.51.17:063][  0]Cmd: MAP LOAD FILE="D:/RekaKadar/For Rekka/MastersProject/Ava/Content/Ava/Maps/MainMenu.umap" TEMPLATE=0 SHOWPROGRESS=1 FEATURELEVEL=3
[2017.06.14-11.51.17:063][  0]LightingResults: New page: Lighting Build
[2017.06.14-11.51.17:066][  0]MapCheck: New page: Map Check
[2017.06.14-11.51.17:066][  0]LightingResults: New page: Lighting Build
[2017.06.14-11.51.17:115][  0]LogTexture:Display: Building textures: Controls (AutoDXT)
[2017.06.14-11.51.17:368][  0]LogTexture:Display: Building textures: Menu_Blank (AutoDXT)
[2017.06.14-11.51.17:773][  0]LogAIModule: Creating AISystem for world MainMenu
[2017.06.14-11.51.17:774][  0]LogEditorServer: Finished looking for orphan Actors (0.000 secs)
[2017.06.14-11.51.17:774][  0]Cmd: MAP CHECKDEP NOCLEARLOG
[2017.06.14-11.51.17:827][  0]MapCheck: Info Map check complete: 0 Error(s), 0 Warning(s), took 52.634ms to complete.
[2017.06.14-11.51.17:827][  0]LogFileHelpers: Loading map 'MainMenu' took 0.764
[2017.06.14-11.51.17:925][  0]LogCollectionManager: Loaded 0 collections in 0.001318 seconds
[2017.06.14-11.51.17:962][  0]LogFileCache: Scanning file cache for directory 'D:/RekaKadar/For Rekka/MastersProject/Ava/Saved/Collections/' took 0.01s
[2017.06.14-11.51.17:962][  0]LogFileCache: Scanning file cache for directory 'D:/RekaKadar/For Rekka/MastersProject/Ava/Content/Developers/s4915809/Collections/' took 0.01s
[2017.06.14-11.51.17:962][  0]LogFileCache: Scanning file cache for directory 'D:/RekaKadar/For Rekka/MastersProject/Ava/Content/Collections/' took 0.01s
[2017.06.14-11.51.17:962][  0]LogCollectionManager: Rebuilt the GUID cache for 0 collections in 0.000002 seconds
[2017.06.14-11.51.17:970][  0]LogContentBrowser: Native class hierarchy populated in 0.0078 seconds. Added 2066 classes and 377 folders.
[2017.06.14-11.51.17:973][  0]LogStats: UGameplayTagsManager::ConstructGameplayTagTree: Construct from data asset -  0.000 s
[2017.06.14-11.51.17:973][  0]LogStats: UGameplayTagsManager::ConstructGameplayTagTree: GameplayTagTreeChangedEvent.Broadcast -  0.000 s
[2017.06.14-11.51.17:974][  0]LogContentBrowser: Native class hierarchy updated for 'GameplayTags' in 0.0013 seconds. Added 12 classes and 0 folders.
[2017.06.14-11.51.17:979][  0]LogContentBrowser: Native class hierarchy updated for 'WidgetCarousel' in 0.0012 seconds. Added 0 classes and 0 folders.
[2017.06.14-11.51.18:049][  0]LogContentBrowser: Native class hierarchy updated for 'AddContentDialog' in 0.0013 seconds. Added 0 classes and 0 folders.
[2017.06.14-11.51.18:053][  0]LogContentBrowser: Native class hierarchy updated for 'SceneOutliner' in 0.0013 seconds. Added 1 classes and 2 folders.
[2017.06.14-11.51.18:064][  0]LogCrashTracker: Crashtracker disabled due to settings.
[2017.06.14-11.51.18:114][  0]LogContentBrowser: Native class hierarchy updated for 'HierarchicalLODOutliner' in 0.0013 seconds. Added 1 classes and 2 folders.
[2017.06.14-11.51.18:115][  0]LogLoad: Full Startup: 6.88 seconds (BP compile: 0.02 seconds)
[2017.06.14-11.51.18:115][  0]LogExternalProfiler: Found external profiler: VSPerf
[2017.06.14-11.51.18:115][  0]LogExternalProfiler: Using external profiler: VSPerf
[2017.06.14-11.51.18:123][  0]LogOcInput: OculusInput pre-init called
[2017.06.14-11.51.18:142][  0]LogContentStreaming: Texture pool size now 1000 MB
[2017.06.14-11.51.18:279][  0]LogRenderer: Reallocating scene render targets to support 1616x568 (Frame:2).
[2017.06.14-11.51.18:327][  1]LogAssetRegistry: Asset discovery search completed in 3.5632 seconds
[2017.06.14-11.51.18:327][  1]LogCollectionManager: Rebuilt the object cache for 0 collections in 0.000001 seconds (found 0 objects)
[2017.06.14-11.51.18:327][  1]LogCollectionManager: Fixed up redirectors for 0 collections in 0.000020 seconds (updated 0 objects)
[2017.06.14-11.51.30:040][305]LogBlueprint:Warning: Compiler Warning InputAction Event references unknown Action 'Crouch' for  InputAction Crouch 
[2017.06.14-11.51.30:043][305]LogBlueprint:Warning: Compiler Warning [0018.81] Compile of Ue4ASP_Character successful, but with 1 Warning(s) [in 7 ms] (/Game/AnimStarterPack/Ue4ASP_Character.Ue4ASP_Character)
[2017.06.14-11.51.30:043][305]LogBlueprint:Warning: Compiler Warning [0018.81] Compile of Ue4ASP_Character successful, but with 2 Warning(s) [in 0 ms] (/Game/AnimStarterPack/Ue4ASP_Character.Ue4ASP_Character)
[2017.06.14-11.51.30:043][305]LogBlueprint:Warning: Compiler Warning [0018.81] Compile of Ue4ASP_Character successful, but with 3 Warning(s) [in 0 ms] (/Game/AnimStarterPack/Ue4ASP_Character.Ue4ASP_Character)
[2017.06.14-11.51.30:112][305]LogBlueprint:Warning: Compiler Warning InputAction Event references unknown Action 'Crouch' for  InputAction Crouch 
[2017.06.14-11.51.30:114][305]LogBlueprint:Warning: Compiler Warning [0018.88] Compile of Ue4ASP_Character successful, but with 1 Warning(s) [in 7 ms] (/Game/AnimStarterPack/Ue4ASP_Character.Ue4ASP_Character)
[2017.06.14-11.51.30:114][305]LogBlueprint:Warning: Compiler Warning [0018.88] Compile of Ue4ASP_Character successful, but with 2 Warning(s) [in 0 ms] (/Game/AnimStarterPack/Ue4ASP_Character.Ue4ASP_Character)
[2017.06.14-11.51.30:115][305]LogBlueprint:Warning: Compiler Warning [0018.88] Compile of Ue4ASP_Character successful, but with 3 Warning(s) [in 0 ms] (/Game/AnimStarterPack/Ue4ASP_Character.Ue4ASP_Character)
[2017.06.14-11.51.30:195][305]LogLinker:Warning: Can't find file '/Game/Environment/mattepaint/mattepaint_skydome_test'
[2017.06.14-11.51.30:195][305]LogLinker:Warning: Can't find file for asset '/Game/Environment/mattepaint/mattepaint_skydome_test' while loading ../../../Engine/Content/EngineSky/M_Sky_Panning_Clouds2.uasset.
[2017.06.14-11.51.30:196][305]LoadErrors:Error: Error /Engine/EngineSky/M_Sky_Panning_Clouds2 : Can't find file for asset. /Game/Environment/mattepaint/mattepaint_skydome_test
[2017.06.14-11.51.30:196][305]LogLinker:Warning: Can't find file '/Game/Environment/mattepaint/mattepaint_skydome_test'
[2017.06.14-11.51.30:196][305]LogLinker:Warning: Can't find file for asset '/Game/Environment/mattepaint/mattepaint_skydome_test' while loading ../../../Engine/Content/EngineSky/M_Sky_Panning_Clouds2.uasset.
[2017.06.14-11.51.30:322][305]LogLinker:Warning: Can't find file '/Game/Environment/mattepaint/mattepaint_skydome_test'
[2017.06.14-11.51.30:322][305]LoadErrors: Info Failed to load /Game/Environment/mattepaint/mattepaint_skydome_test.mattepaint_skydome_test Referenced by MaterialExpressionTextureSample_1
[2017.06.14-11.51.30:322][305]LogLinker:Warning: Can't find file for asset '/Game/Environment/mattepaint/mattepaint_skydome_test' while loading NULL.
[2017.06.14-11.51.30:322][305]LogLinker:Warning: Can't find file '/Game/Environment/mattepaint/mattepaint_skydome_test'
[2017.06.14-11.51.30:322][305]LoadErrors: Info Failed to load /Game/Environment/mattepaint/mattepaint_skydome_test.mattepaint_skydome_test Referenced by MaterialExpressionTextureSample_2
[2017.06.14-11.51.30:322][305]LogLinker:Warning: Can't find file for asset '/Game/Environment/mattepaint/mattepaint_skydome_test' while loading NULL.
[2017.06.14-11.51.30:414][305]LogMaterial: Missing cached shader map for material M_Sky_Panning_Clouds2, compiling. 
[2017.06.14-11.51.30:415][305]LogMaterial:Warning: Failed to compile Material /Engine/EngineSky/M_Sky_Panning_Clouds2.M_Sky_Panning_Clouds2 for platform PCD3D_SM5, Default Material will be used in game.
[2017.06.14-11.51.30:415][305]LogMaterial:Warning: 	(Node TextureSample) TextureSample> Missing input texture
[2017.06.14-11.51.30:415][305]LogMaterial:Warning: 	Function Blend_Overlay: (Node If) If input A must be of type float.
[2017.06.14-11.51.30:577][305]LogAIModule: Creating AISystem for world PalaceLevel
[2017.06.14-11.51.30:623][305]Cmd: MAP LOAD FILE="D:/RekaKadar/For Rekka/MastersProject/Ava/Content/Ava/Maps/PalaceLevel.umap" TEMPLATE=0 SHOWPROGRESS=1 FEATURELEVEL=3
[2017.06.14-11.51.30:623][305]LightingResults: New page: Lighting Build
[2017.06.14-11.51.30:623][305]LoadErrors: New page: Loading map: PalaceLevel.umap
[2017.06.14-11.51.30:624][305]MapCheck: New page: Map Check
[2017.06.14-11.51.30:624][305]LightingResults: New page: Lighting Build
[2017.06.14-11.51.30:648][305]LogEditorServer: Finished looking for orphan Actors (0.000 secs)
[2017.06.14-11.51.30:664][305]Cmd: MAP CHECKDEP NOCLEARLOG
[2017.06.14-11.51.30:733][305]MapCheck: Info Map check complete: 0 Error(s), 0 Warning(s), took 68.471ms to complete.
[2017.06.14-11.51.30:733][305]LogFileHelpers: Loading map 'PalaceLevel' took 0.111
[2017.06.14-11.51.39:693][108]LogTexture:Display: Building textures: T_Brick_Clay_Beveled_N (BC5)
[2017.06.14-11.51.40:138][108]LogTexture:Display: Building textures: T_Brick_Clay_Beveled_D (AutoDXT)
[2017.06.14-11.51.41:465][108]LogMaterial: Missing cached shader map for material DefaultShader, compiling. 
[2017.06.14-11.52.24:924][419]Cmd: OBJ SAVEPACKAGE PACKAGE="/Game/Ava/Shaders/DefaultShader_Inst" FILE="D:/RekaKadar/For Rekka/MastersProject/Ava/Content/Ava/Shaders/DefaultShader_Inst.uasset" SILENT=true
[2017.06.14-11.52.24:935][419]LogSavePackage: Save=10.39ms
[2017.06.14-11.52.24:935][419]LogSavePackage: Moving 'D:/RekaKadar/For Rekka/MastersProject/Ava/Saved/DefaultShader_Inst5C3217944406E4DC3255EF9923F90C97.tmp' to 'D:/RekaKadar/For Rekka/MastersProject/Ava/Content/Ava/Shaders/DefaultShader_Inst.uasset'
[2017.06.14-11.52.24:940][419]LogSavePackage:Display: Finished SavePackage D:/RekaKadar/For Rekka/MastersProject/Ava/Content/Ava/Shaders/DefaultShader_Inst.uasset
[2017.06.14-11.52.53:548][742]LogRenderer: Reallocating scene render targets to support 1616x584 (Frame:6076).
[2017.06.14-11.52.53:603][742]LogRenderer: Reallocating scene render targets to support 1616x668 (Frame:6077).
[2017.06.14-11.52.53:651][742]LogRenderer: Reallocating scene render targets to support 1616x736 (Frame:6078).
[2017.06.14-11.52.53:699][742]LogRenderer: Reallocating scene render targets to support 1616x744 (Frame:6079).
[2017.06.14-11.52.53:867][742]LogRenderer: Reallocating scene render targets to support 1616x748 (Frame:6080).
[2017.06.14-11.52.53:921][742]LogRenderer: Reallocating scene render targets to support 1616x752 (Frame:6081).
[2017.06.14-11.52.53:969][742]LogRenderer: Reallocating scene render targets to support 1616x756 (Frame:6082).
[2017.06.14-11.52.54:052][742]LogRenderer: Reallocating scene render targets to support 1616x764 (Frame:6084).
[2017.06.14-11.52.54:101][742]LogRenderer: Reallocating scene render targets to support 1616x788 (Frame:6085).
[2017.06.14-11.52.54:149][742]LogRenderer: Reallocating scene render targets to support 1616x828 (Frame:6086).
[2017.06.14-11.52.54:203][742]LogRenderer: Reallocating scene render targets to support 1616x860 (Frame:6087).
[2017.06.14-11.52.54:785][742]LogRenderer: Reallocating scene render targets to support 1616x896 (Frame:6089).
[2017.06.14-11.53.02:478][335]LogMaterial: Missing cached shader map for material DefaultShader, compiling. 
[2017.06.14-11.53.02:564][335]LogMaterial: Missing cached shader map for material DefaultShader, compiling. 
[2017.06.14-11.53.02:570][335]LogMaterial: 0.00 seconds spent updating 1 materials, 1 interfaces, 0 instances, 0 with static permutations.
[2017.06.14-11.53.02:598][335]LogMaterial: Missing cached shader map for material FMatExpressionPreview MaterialExpressionTextureSampleParameter2D_0, compiling. 
[2017.06.14-11.53.02:601][335]LogMaterial: Missing cached shader map for material FMatExpressionPreview MaterialExpressionTextureSampleParameter2D_1, compiling. 
[2017.06.14-11.53.03:518][386]MaterialEditorStats: Info Base pass shader with only dynamic lighting: 40 instructions
[2017.06.14-11.53.03:518][386]MaterialEditorStats: Info Vertex shader: 31 instructions
[2017.06.14-11.53.03:518][386]MaterialEditorStats: Info Texture samplers: 2/16
[2017.06.14-11.54.29:897][886]Cmd: POLY TEXSCALE  UU=0.100000 VV=0.250000
[2017.06.14-11.54.56:048][ 78]Cmd: POLY TEXSCALE  UU=0.100000 VV=0.250000
[2017.06.14-11.54.56:984][154]LogEditorViewport: Clicking on Actor (LMB): BP_Sky_Sphere_C (BP_Sky_Sphere)
[2017.06.14-11.55.03:789][665]Cmd: POLY TEXSCALE  UU=0.142857 VV=0.250000
[2017.06.14-11.55.27:196][535]Cmd: TRANSACTION UNDO
[2017.06.14-11.55.27:196][535]LogEditorTransaction: Undo Move Actors
[2017.06.14-11.55.27:247][535]LogPhysics:Warning: FDerivedDataPhysXCooker::BuildTriMesh: Triangle data from '/Game/Ava/Maps/PalaceLevel.PalaceLevel:PersistentLevel.ModelComponent_2229' invalid (5728 verts, 0 indices).
[2017.06.14-11.55.27:248][535]LogPhysics:Warning: FDerivedDataPhysXCooker::BuildTriMesh: Triangle data from '/Game/Ava/Maps/PalaceLevel.PalaceLevel:PersistentLevel.ModelComponent_2230' invalid (5728 verts, 0 indices).
[2017.06.14-11.55.27:248][535]LogPhysics:Warning: FDerivedDataPhysXCooker::BuildTriMesh: Triangle data from '/Game/Ava/Maps/PalaceLevel.PalaceLevel:PersistentLevel.ModelComponent_2231' invalid (5728 verts, 0 indices).
[2017.06.14-11.55.27:248][535]LogPhysics:Warning: FDerivedDataPhysXCooker::BuildTriMesh: Triangle data from '/Game/Ava/Maps/PalaceLevel.PalaceLevel:PersistentLevel.ModelComponent_2232' invalid (5728 verts, 0 indices).
[2017.06.14-11.55.27:248][535]LogPhysics:Warning: FDerivedDataPhysXCooker::BuildTriMesh: Triangle data from '/Game/Ava/Maps/PalaceLevel.PalaceLevel:PersistentLevel.ModelComponent_2233' invalid (5728 verts, 0 indices).
[2017.06.14-11.55.27:248][535]LogPhysics:Warning: FDerivedDataPhysXCooker::BuildTriMesh: Triangle data from '/Game/Ava/Maps/PalaceLevel.PalaceLevel:PersistentLevel.ModelComponent_2234' invalid (5728 verts, 0 indices).
[2017.06.14-11.55.27:248][535]LogPhysics:Warning: FDerivedDataPhysXCooker::BuildTriMesh: Triangle data from '/Game/Ava/Maps/PalaceLevel.PalaceLevel:PersistentLevel.ModelComponent_2235' invalid (5728 verts, 0 indices).
[2017.06.14-11.55.27:249][535]LogPhysics:Warning: FDerivedDataPhysXCooker::BuildTriMesh: Triangle data from '/Game/Ava/Maps/PalaceLevel.PalaceLevel:PersistentLevel.ModelComponent_2236' invalid (5728 verts, 0 indices).
[2017.06.14-11.55.27:249][535]LogPhysics:Warning: FDerivedDataPhysXCooker::BuildTriMesh: Triangle data from '/Game/Ava/Maps/PalaceLevel.PalaceLevel:PersistentLevel.ModelComponent_2237' invalid (5728 verts, 0 indices).
[2017.06.14-11.55.27:249][535]LogPhysics:Warning: FDerivedDataPhysXCooker::BuildTriMesh: Triangle data from '/Game/Ava/Maps/PalaceLevel.PalaceLevel:PersistentLevel.ModelComponent_2238' invalid (5728 verts, 0 indices).
[2017.06.14-11.55.27:249][535]LogPhysics:Warning: FDerivedDataPhysXCooker::BuildTriMesh: Triangle data from '/Game/Ava/Maps/PalaceLevel.PalaceLevel:PersistentLevel.ModelComponent_2239' invalid (5728 verts, 0 indices).
[2017.06.14-11.55.27:249][535]LogPhysics:Warning: FDerivedDataPhysXCooker::BuildTriMesh: Triangle data from '/Game/Ava/Maps/PalaceLevel.PalaceLevel:PersistentLevel.ModelComponent_2240' invalid (5728 verts, 0 indices).
[2017.06.14-11.55.27:249][535]LogPhysics:Warning: FDerivedDataPhysXCooker::BuildTriMesh: Triangle data from '/Game/Ava/Maps/PalaceLevel.PalaceLevel:PersistentLevel.ModelComponent_2241' invalid (5728 verts, 0 indices).
[2017.06.14-11.55.27:249][535]LogPhysics:Warning: FDerivedDataPhysXCooker::BuildTriMesh: Triangle data from '/Game/Ava/Maps/PalaceLevel.PalaceLevel:PersistentLevel.ModelComponent_2242' invalid (5728 verts, 0 indices).
[2017.06.14-11.55.27:250][535]LogPhysics:Warning: FDerivedDataPhysXCooker::BuildTriMesh: Triangle data from '/Game/Ava/Maps/PalaceLevel.PalaceLevel:PersistentLevel.ModelComponent_2243' invalid (5728 verts, 0 indices).
[2017.06.14-11.55.27:250][535]LogPhysics:Warning: FDerivedDataPhysXCooker::BuildTriMesh: Triangle data from '/Game/Ava/Maps/PalaceLevel.PalaceLevel:PersistentLevel.ModelComponent_2244' invalid (5728 verts, 0 indices).
[2017.06.14-11.55.27:250][535]LogPhysics:Warning: FDerivedDataPhysXCooker::BuildTriMesh: Triangle data from '/Game/Ava/Maps/PalaceLevel.PalaceLevel:PersistentLevel.ModelComponent_2245' invalid (5728 verts, 0 indices).
[2017.06.14-11.55.27:250][535]LogPhysics:Warning: FDerivedDataPhysXCooker::BuildTriMesh: Triangle data from '/Game/Ava/Maps/PalaceLevel.PalaceLevel:PersistentLevel.ModelComponent_2246' invalid (5728 verts, 0 indices).
[2017.06.14-11.55.27:250][535]LogPhysics:Warning: FDerivedDataPhysXCooker::BuildTriMesh: Triangle data from '/Game/Ava/Maps/PalaceLevel.PalaceLevel:PersistentLevel.ModelComponent_2247' invalid (5728 verts, 0 indices).
[2017.06.14-11.55.27:250][535]LogPhysics:Warning: FDerivedDataPhysXCooker::BuildTriMesh: Triangle data from '/Game/Ava/Maps/PalaceLevel.PalaceLevel:PersistentLevel.ModelComponent_2248' invalid (5728 verts, 0 indices).
[2017.06.14-11.55.27:251][535]LogPhysics:Warning: FDerivedDataPhysXCooker::BuildTriMesh: Triangle data from '/Game/Ava/Maps/PalaceLevel.PalaceLevel:PersistentLevel.ModelComponent_2249' invalid (5728 verts, 0 indices).
[2017.06.14-11.55.27:251][535]LogPhysics:Warning: FDerivedDataPhysXCooker::BuildTriMesh: Triangle data from '/Game/Ava/Maps/PalaceLevel.PalaceLevel:PersistentLevel.ModelComponent_2250' invalid (5728 verts, 0 indices).
[2017.06.14-11.55.27:251][535]LogPhysics:Warning: FDerivedDataPhysXCooker::BuildTriMesh: Triangle data from '/Game/Ava/Maps/PalaceLevel.PalaceLevel:PersistentLevel.ModelComponent_2251' invalid (5728 verts, 0 indices).
[2017.06.14-11.55.27:251][535]LogPhysics:Warning: FDerivedDataPhysXCooker::BuildTriMesh: Triangle data from '/Game/Ava/Maps/PalaceLevel.PalaceLevel:PersistentLevel.ModelComponent_2252' invalid (5728 verts, 0 indices).
[2017.06.14-11.55.27:251][535]LogPhysics:Warning: FDerivedDataPhysXCooker::BuildTriMesh: Triangle data from '/Game/Ava/Maps/PalaceLevel.PalaceLevel:PersistentLevel.ModelComponent_2253' invalid (5728 verts, 0 indices).
[2017.06.14-11.55.27:251][535]LogPhysics:Warning: FDerivedDataPhysXCooker::BuildTriMesh: Triangle data from '/Game/Ava/Maps/PalaceLevel.PalaceLevel:PersistentLevel.ModelComponent_2254' invalid (5728 verts, 0 indices).
[2017.06.14-11.55.27:252][535]LogPhysics:Warning: FDerivedDataPhysXCooker::BuildTriMesh: Triangle data from '/Game/Ava/Maps/PalaceLevel.PalaceLevel:PersistentLevel.ModelComponent_2255' invalid (5728 verts, 0 indices).
[2017.06.14-11.55.27:252][535]LogPhysics:Warning: FDerivedDataPhysXCooker::BuildTriMesh: Triangle data from '/Game/Ava/Maps/PalaceLevel.PalaceLevel:PersistentLevel.ModelComponent_2256' invalid (5728 verts, 0 indices).
[2017.06.14-11.55.27:252][535]LogPhysics:Warning: FDerivedDataPhysXCooker::BuildTriMesh: Triangle data from '/Game/Ava/Maps/PalaceLevel.PalaceLevel:PersistentLevel.ModelComponent_2257' invalid (5728 verts, 0 indices).
[2017.06.14-11.55.27:252][535]LogPhysics:Warning: FDerivedDataPhysXCooker::BuildTriMesh: Triangle data from '/Game/Ava/Maps/PalaceLevel.PalaceLevel:PersistentLevel.ModelComponent_2258' invalid (5728 verts, 0 indices).
[2017.06.14-11.55.27:252][535]LogPhysics:Warning: FDerivedDataPhysXCooker::BuildTriMesh: Triangle data from '/Game/Ava/Maps/PalaceLevel.PalaceLevel:PersistentLevel.ModelComponent_2259' invalid (5728 verts, 0 indices).
[2017.06.14-11.55.27:252][535]LogPhysics:Warning: FDerivedDataPhysXCooker::BuildTriMesh: Triangle data from '/Game/Ava/Maps/PalaceLevel.PalaceLevel:PersistentLevel.ModelComponent_2260' invalid (5728 verts, 0 indices).
[2017.06.14-11.55.27:252][535]LogPhysics:Warning: FDerivedDataPhysXCooker::BuildTriMesh: Triangle data from '/Game/Ava/Maps/PalaceLevel.PalaceLevel:PersistentLevel.ModelComponent_2261' invalid (5728 verts, 0 indices).
[2017.06.14-11.55.27:253][535]LogPhysics:Warning: FDerivedDataPhysXCooker::BuildTriMesh: Triangle data from '/Game/Ava/Maps/PalaceLevel.PalaceLevel:PersistentLevel.ModelComponent_2262' invalid (5728 verts, 0 indices).
[2017.06.14-11.55.27:253][535]LogPhysics:Warning: FDerivedDataPhysXCooker::BuildTriMesh: Triangle data from '/Game/Ava/Maps/PalaceLevel.PalaceLevel:PersistentLevel.ModelComponent_2263' invalid (5728 verts, 0 indices).
[2017.06.14-11.55.27:253][535]LogPhysics:Warning: FDerivedDataPhysXCooker::BuildTriMesh: Triangle data from '/Game/Ava/Maps/PalaceLevel.PalaceLevel:PersistentLevel.ModelComponent_2264' invalid (5728 verts, 0 indices).
[2017.06.14-11.55.27:253][535]LogPhysics:Warning: FDerivedDataPhysXCooker::BuildTriMesh: Triangle data from '/Game/Ava/Maps/PalaceLevel.PalaceLevel:PersistentLevel.ModelComponent_2265' invalid (5728 verts, 0 indices).
[2017.06.14-11.55.27:258][535]LogActorComponent: ~FComponentReregisterContext: (/Game/Ava/Maps/PalaceLevel.PalaceLevel:PersistentLevel.Wall_4_15.BrushComponent0) Component already registered.
[2017.06.14-11.55.27:259][535]LogActorComponent: ~FComponentReregisterContext: (/Game/Ava/Maps/PalaceLevel.PalaceLevel:PersistentLevel.Wall_4_41.BrushComponent0) Component already registered.
[2017.06.14-11.55.27:259][535]LogActorComponent: ~FComponentReregisterContext: (/Game/Ava/Maps/PalaceLevel.PalaceLevel:PersistentLevel.Doorway_4_14.BrushComponent0) Component already registered.
[2017.06.14-11.55.27:259][535]LogActorComponent: ~FComponentReregisterContext: (/Game/Ava/Maps/PalaceLevel.PalaceLevel:PersistentLevel.Doorway_4_15.BrushComponent0) Component already registered.
[2017.06.14-11.55.27:259][535]LogActorComponent: ~FComponentReregisterContext: (/Game/Ava/Maps/PalaceLevel.PalaceLevel:PersistentLevel.Doorway_4_17.BrushComponent0) Component already registered.
[2017.06.14-11.55.27:260][535]LogActorComponent: ~FComponentReregisterContext: (/Game/Ava/Maps/PalaceLevel.PalaceLevel:PersistentLevel.Wall_14_8.BrushComponent0) Component already registered.
[2017.06.14-11.55.27:260][535]LogActorComponent: ~FComponentReregisterContext: (/Game/Ava/Maps/PalaceLevel.PalaceLevel:PersistentLevel.Wall_14_9.BrushComponent0) Component already registered.
[2017.06.14-11.55.27:260][535]LogActorComponent: ~FComponentReregisterContext: (/Game/Ava/Maps/PalaceLevel.PalaceLevel:PersistentLevel.Wall_4_28.BrushComponent0) Component already registered.
[2017.06.14-11.55.27:260][535]LogActorComponent: ~FComponentReregisterContext: (/Game/Ava/Maps/PalaceLevel.PalaceLevel:PersistentLevel.Wall_4_29.BrushComponent0) Component already registered.
[2017.06.14-11.55.28:126][594]LogEditorViewport: Clicking on Actor (LMB): BP_Sky_Sphere_C (BP_Sky_Sphere)
[2017.06.14-11.55.40:605][629]LogMaterial: Missing cached shader map for material M_Basic_Wall, compiling. 
[2017.06.14-11.55.40:695][629]LogMaterial: Missing cached shader map for material M_Basic_Wall, compiling. 
[2017.06.14-11.55.40:701][629]LogMaterial: 0.00 seconds spent updating 1 materials, 1 interfaces, 0 instances, 0 with static permutations.
[2017.06.14-11.55.40:725][629]LogMaterial: Missing cached shader map for material FMatExpressionPreview MaterialExpressionTextureSample_0, compiling. 
[2017.06.14-11.55.40:728][629]LogMaterial: Missing cached shader map for material FMatExpressionPreview MaterialExpressionTextureSample_2, compiling. 
[2017.06.14-11.55.41:643][676]MaterialEditorStats: Info Base pass shader with static lighting: 53 instructions
[2017.06.14-11.55.41:643][676]MaterialEditorStats: Info Base pass shader with only dynamic lighting: 24 instructions
[2017.06.14-11.55.41:643][676]MaterialEditorStats: Info Vertex shader: 31 instructions
[2017.06.14-11.55.41:643][676]MaterialEditorStats: Info Texture samplers: 3/16
[2017.06.14-11.56.05:473][723]LogEditorViewport: Clicking on Actor (LMB): BP_Sky_Sphere_C (BP_Sky_Sphere)
[2017.06.14-11.56.39:610][542]LogEditorViewport: Clicking on Actor (LMB): StaticMeshActor (Pillar_4_68)
[2017.06.14-11.56.40:292][598]LogEditorViewport: Clicking on Actor (LMB): StaticMeshActor (Pillar_4_69)
[2017.06.14-11.56.40:979][656]LogEditorViewport: Clicking on Actor (LMB): BP_Sky_Sphere_C (BP_Sky_Sphere)
[2017.06.14-11.56.43:984][893]LogEditorViewport: Clicking on Actor (LMB): StaticMeshActor (Pillar_4_206)
[2017.06.14-11.56.48:262][248]LogEditorViewport: Clicking on Actor (LMB): StaticMeshActor (Pillar_4_54)
[2017.06.14-11.56.52:773][652]LogEditorViewport: Clicking on Actor (LMB): BP_Sky_Sphere_C (BP_Sky_Sphere)
[2017.06.14-12.01.30:511][ 10]Cmd: OBJ SAVEPACKAGE PACKAGE="/Game/Ava/Maps/PalaceLevel" FILE="D:/RekaKadar/For Rekka/MastersProject/Ava/Saved/Autosaves/Game/Ava/Maps/PalaceLevel_Auto1.umap" SILENT=true AUTOSAVING=true KEEPDIRTY=false
[2017.06.14-12.01.31:265][ 10]LogSavePackage: Save=738.55ms
[2017.06.14-12.01.31:265][ 10]LogSavePackage: Moving 'D:/RekaKadar/For Rekka/MastersProject/Ava/Saved/PalaceLevel_Auto1F2E1E7C046DC3B0BA0ED06904C1272EA.tmp' to 'D:/RekaKadar/For Rekka/MastersProject/Ava/Saved/Autosaves/Game/Ava/Maps/PalaceLevel_Auto1.umap'
[2017.06.14-12.01.31:269][ 10]LogSavePackage:Display: Finished SavePackage D:/RekaKadar/For Rekka/MastersProject/Ava/Saved/Autosaves/Game/Ava/Maps/PalaceLevel_Auto1.umap
[2017.06.14-12.01.31:270][ 10]LogFileHelpers: Editor autosave (incl. sublevels) for '/Game/Ava/Maps/PalaceLevel' took 0.773
[2017.06.14-12.01.31:270][ 10]LogFileHelpers: Editor autosave (incl. sublevels) for all levels took 0.773
[2017.06.14-12.02.37:915][490]LogEditorViewport: Clicking on Actor (LMB): BP_Sky_Sphere_C (BP_Sky_Sphere)
[2017.06.14-12.03.15:995][688]Cmd: OBJ SAVEPACKAGE PACKAGE="/Game/Ava/Shaders/DefaultShader_Inst" FILE="D:/RekaKadar/For Rekka/MastersProject/Ava/Content/Ava/Shaders/DefaultShader_Inst.uasset" SILENT=true
[2017.06.14-12.03.16:022][688]LogSavePackage: Save=9.80ms
[2017.06.14-12.03.16:022][688]LogSavePackage: Moving 'D:/RekaKadar/For Rekka/MastersProject/Ava/Saved/DefaultShader_Inst386EDCE74AB6703851C8E5959C08D29C.tmp' to 'D:/RekaKadar/For Rekka/MastersProject/Ava/Content/Ava/Shaders/DefaultShader_Inst.uasset'
[2017.06.14-12.03.16:027][688]LogSavePackage:Display: Finished SavePackage D:/RekaKadar/For Rekka/MastersProject/Ava/Content/Ava/Shaders/DefaultShader_Inst.uasset
[2017.06.14-12.03.19:445][982]LogEditorViewport: Clicking on Actor (LMB): BP_Sky_Sphere_C (BP_Sky_Sphere)
[2017.06.14-12.03.55:517][684]Cmd: OBJ SAVEPACKAGE PACKAGE="/Game/Ava/Maps/PalaceLevel" FILE="D:/RekaKadar/For Rekka/MastersProject/Ava/Content/Ava/Maps/PalaceLevel.umap" SILENT=true AUTOSAVING=false KEEPDIRTY=false
[2017.06.14-12.03.56:152][684]LogSavePackage: Save=625.61ms
[2017.06.14-12.03.56:152][684]LogSavePackage: Moving 'D:/RekaKadar/For Rekka/MastersProject/Ava/Saved/PalaceLevelC683CA27444C401893BD7499B22111F1.tmp' to 'D:/RekaKadar/For Rekka/MastersProject/Ava/Content/Ava/Maps/PalaceLevel.umap'
[2017.06.14-12.03.56:158][684]LogSavePackage:Display: Finished SavePackage D:/RekaKadar/For Rekka/MastersProject/Ava/Content/Ava/Maps/PalaceLevel.umap
[2017.06.14-12.03.56:174][684]LogFileHelpers: Saving map 'PalaceLevel' took 0.740
[2017.06.14-12.03.56:457][685]Cmd: QUIT_EDITOR
[2017.06.14-12.03.56:522][685]LogExit: Preparing to exit.
[2017.06.14-12.03.57:112][685]LogExit: Editor shut down
[2017.06.14-12.03.57:113][685]LogExit: Transaction tracking system shut down
[2017.06.14-12.03.57:223][685]LogObj: Freed 0b from 0 cluster array pools.
[2017.06.14-12.03.57:223][685]LogExit: Object subsystem successfully closed.
[2017.06.14-12.03.57:239][685]LogD3D11RHI: Shutdown
[2017.06.14-12.03.57:239][685]LogD3D11RHI: CleanupD3DDevice
[2017.06.14-12.03.57:292][685]LogD3D11RHI: ~FD3D11DynamicRHI
[2017.06.14-12.03.57:309][685]LogModuleManager: Shutting down and abandoning module MaterialEditor (217)
[2017.06.14-12.03.57:309][685]LogModuleManager: Shutting down and abandoning module HierarchicalLODOutliner (216)
[2017.06.14-12.03.57:309][685]LogModuleManager: Shutting down and abandoning module CrashTracker (215)
[2017.06.14-12.03.57:309][685]LogModuleManager: Shutting down and abandoning module SceneOutliner (214)
[2017.06.14-12.03.57:309][685]LogModuleManager: Shutting down and abandoning module WidgetCarousel (213)
[2017.06.14-12.03.57:309][685]LogModuleManager: Shutting down and abandoning module AddContentDialog (212)
[2017.06.14-12.03.57:314][685]LogModuleManager: Shutting down and abandoning module GameplayTags (211)
[2017.06.14-12.03.57:314][685]LogModuleManager: Shutting down and abandoning module EditorWidgets (210)
[2017.06.14-12.03.57:314][685]LogModuleManager: Shutting down and abandoning module CollectionManager (209)
[2017.06.14-12.03.57:314][685]LogModuleManager: Shutting down and abandoning module StatsViewer (208)
[2017.06.14-12.03.57:314][685]LogModuleManager: Shutting down and abandoning module FoliageEdit (207)
[2017.06.14-12.03.57:314][685]LogModuleManager: Shutting down and abandoning module LandscapeEditor (206)
[2017.06.14-12.03.57:314][685]LogModuleManager: Shutting down and abandoning module SceneDepthPickerMode (205)
[2017.06.14-12.03.57:314][685]LogModuleManager: Shutting down and abandoning module ActorPickerMode (204)
[2017.06.14-12.03.57:314][685]LogModuleManager: Shutting down and abandoning module GeometryMode (203)
[2017.06.14-12.03.57:314][685]LogModuleManager: Shutting down and abandoning module TextureAlignMode (202)
[2017.06.14-12.03.57:314][685]LogModuleManager: Shutting down and abandoning module BspMode (201)
[2017.06.14-12.03.57:314][685]LogModuleManager: Shutting down and abandoning module HardwareSurvey (200)
[2017.06.14-12.03.57:314][685]LogModuleManager: Shutting down and abandoning module SequenceRecorderSections (199)
[2017.06.14-12.03.57:314][685]LogModuleManager: Shutting down and abandoning module SequenceRecorder (198)
[2017.06.14-12.03.57:314][685]LogModuleManager: Shutting down and abandoning module AutomationWorker (197)
[2017.06.14-12.03.57:314][685]LogModuleManager: Shutting down and abandoning module MatineeToLevelSequence (196)
[2017.06.14-12.03.57:314][685]LogModuleManager: Shutting down and abandoning module PlacementMode (195)
[2017.06.14-12.03.57:314][685]LogModuleManager: Shutting down and abandoning module LevelSequenceEditor (194)
[2017.06.14-12.03.57:314][685]LogModuleManager: Shutting down and abandoning module CharacterAI (193)
[2017.06.14-12.03.57:314][685]LogModuleManager: Shutting down and abandoning module SmartSnapping (192)
[2017.06.14-12.03.57:314][685]LogModuleManager: Shutting down and abandoning module SessionServices (191)
[2017.06.14-12.03.57:314][685]LogModuleManager: Shutting down and abandoning module ViewportSnapping (190)
[2017.06.14-12.03.57:314][685]LogModuleManager: Shutting down and abandoning module LogVisualizer (189)
[2017.06.14-12.03.57:314][685]LogModuleManager: Shutting down and abandoning module GameProjectGeneration (188)
[2017.06.14-12.03.57:315][685]LogModuleManager: Shutting down and abandoning module IntroTutorials (187)
[2017.06.14-12.03.57:315][685]LogModuleManager: Shutting down and abandoning module EditorLiveStreaming (186)
[2017.06.14-12.03.57:315][685]LogModuleManager: Shutting down and abandoning module IOSPlatformEditor (185)
[2017.06.14-12.03.57:315][685]LogModuleManager: Shutting down and abandoning module HTML5PlatformEditor (184)
[2017.06.14-12.03.57:315][685]LogModuleManager: Shutting down and abandoning module AndroidDeviceDetection (183)
[2017.06.14-12.03.57:875][685]LogModuleManager: Shutting down and abandoning module AndroidPlatformEditor (182)
[2017.06.14-12.03.57:875][685]LogModuleManager: Shutting down and abandoning module IOSRuntimeSettings (181)
[2017.06.14-12.03.57:875][685]LogModuleManager: Shutting down and abandoning module AndroidRuntimeSettings (180)
[2017.06.14-12.03.57:875][685]LogModuleManager: Shutting down and abandoning module MergeActors (179)
[2017.06.14-12.03.57:875][685]LogModuleManager: Shutting down and abandoning module SizeMap (178)
[2017.06.14-12.03.57:875][685]LogModuleManager: Shutting down and abandoning module TreeMap (177)
[2017.06.14-12.03.57:875][685]LogModuleManager: Shutting down and abandoning module ReferenceViewer (176)
[2017.06.14-12.03.57:875][685]LogModuleManager: Shutting down and abandoning module LocalizationService (175)
[2017.06.14-12.03.57:875][685]LogModuleManager: Shutting down and abandoning module LocalizationDashboard (174)
[2017.06.14-12.03.57:875][685]LogModuleManager: Shutting down and abandoning module HardwareTargeting (173)
[2017.06.14-12.03.57:875][685]LogModuleManager: Shutting down and abandoning module DeviceProfileEditor (172)
[2017.06.14-12.03.57:875][685]LogModuleManager: Shutting down and abandoning module UndoHistory (171)
[2017.06.14-12.03.57:875][685]LogModuleManager: Shutting down and abandoning module UserFeedback (170)
[2017.06.14-12.03.57:875][685]LogModuleManager: Shutting down and abandoning module XmlParser (169)
[2017.06.14-12.03.57:875][685]LogModuleManager: Shutting down and abandoning module Blutility (168)
[2017.06.14-12.03.57:875][685]LogModuleManager: Shutting down and abandoning module ProjectTargetPlatformEditor (167)
[2017.06.14-12.03.57:875][685]LogModuleManager: Shutting down and abandoning module ProjectSettingsViewer (166)
[2017.06.14-12.03.57:875][685]LogModuleManager: Shutting down and abandoning module InputBindingEditor (165)
[2017.06.14-12.03.57:876][685]LogModuleManager: Shutting down and abandoning module EditorSettingsViewer (164)
[2017.06.14-12.03.57:876][685]LogModuleManager: Shutting down and abandoning module SettingsEditor (163)
[2017.06.14-12.03.57:876][685]LogModuleManager: Shutting down and abandoning module ProjectLauncher (162)
[2017.06.14-12.03.57:876][685]LogModuleManager: Shutting down and abandoning module SessionFrontend (161)
[2017.06.14-12.03.57:876][685]LogModuleManager: Shutting down and abandoning module ProfilerClient (160)
[2017.06.14-12.03.57:876][685]LogModuleManager: Shutting down and abandoning module TargetDeviceServices (159)
[2017.06.14-12.03.57:876][685]LogModuleManager: Shutting down and abandoning module DeviceManager (158)
[2017.06.14-12.03.57:926][685]LogModuleManager: Shutting down and abandoning module AutomationController (157)
[2017.06.14-12.03.57:926][685]LogModuleManager: Shutting down and abandoning module AutomationWindow (156)
[2017.06.14-12.03.57:926][685]LogModuleManager: Shutting down and abandoning module Layers (155)
[2017.06.14-12.03.57:926][685]LogModuleManager: Shutting down and abandoning module ComponentVisualizers (154)
[2017.06.14-12.03.57:926][685]LogModuleManager: Shutting down and abandoning module DetailCustomizations (153)
[2017.06.14-12.03.57:926][685]LogModuleManager: Shutting down and abandoning module PackagesDialog (152)
[2017.06.14-12.03.57:926][685]LogModuleManager: Shutting down and abandoning module Persona (151)
[2017.06.14-12.03.57:926][685]LogModuleManager: Shutting down and abandoning module Kismet (150)
[2017.06.14-12.03.57:926][685]LogModuleManager: Shutting down and abandoning module GraphEditor (149)
[2017.06.14-12.03.57:926][685]LogModuleManager: Shutting down and abandoning module ClassViewer (148)
[2017.06.14-12.03.57:926][685]LogModuleManager: Shutting down and abandoning module Toolbox (147)
[2017.06.14-12.03.57:926][685]LogModuleManager: Shutting down and abandoning module ModuleUI (146)
[2017.06.14-12.03.57:926][685]LogModuleManager: Shutting down and abandoning module MovieSceneTools (145)
[2017.06.14-12.03.57:926][685]LogModuleManager: Shutting down and abandoning module OutputLog (144)
[2017.06.14-12.03.57:926][685]LogModuleManager: Shutting down and abandoning module GammaUI (143)
[2017.06.14-12.03.57:926][685]LogModuleManager: Shutting down and abandoning module Documentation (142)
[2017.06.14-12.03.57:926][685]LogModuleManager: Shutting down and abandoning module StreamingPauseRendering (141)
[2017.06.14-12.03.57:926][685]LogModuleManager: Shutting down and abandoning module AnalyticsET (140)
[2017.06.14-12.03.57:926][685]LogModuleManager: Shutting down and abandoning module Analytics (139)
[2017.06.14-12.03.57:926][685]LogModuleManager: Shutting down and abandoning module PortalServices (138)
[2017.06.14-12.03.57:926][685]LogModuleManager: Shutting down and abandoning module PortalRpc (137)
[2017.06.14-12.03.57:926][685]LogModuleManager: Shutting down and abandoning module MessagingRpc (136)
[2017.06.14-12.03.57:926][685]LogModuleManager: Shutting down and abandoning module GameplayDebugger (135)
[2017.06.14-12.03.57:926][685]LogModuleManager: Shutting down and abandoning module AITestSuite (134)
[2017.06.14-12.03.57:926][685]LogModuleManager: Shutting down and abandoning module AIModule (133)
[2017.06.14-12.03.57:926][685]LogModuleManager: Shutting down and abandoning module ProfilerService (132)
[2017.06.14-12.03.58:009][685]LogModuleManager: Shutting down and abandoning module TaskGraph (131)
[2017.06.14-12.03.58:009][685]LogModuleManager: Shutting down and abandoning module SubstanceEditor (130)
[2017.06.14-12.03.58:009][685]LogModuleManager: Shutting down and abandoning module SlateRemote (129)
[2017.06.14-12.03.58:009][685]LogModuleManager: Shutting down and abandoning module SteamVRController (128)
[2017.06.14-12.03.58:009][685]LogModuleManager: Shutting down and abandoning module SteamVR (127)
[2017.06.14-12.03.58:009][685]LogModuleManager: Shutting down and abandoning module ProceduralMeshComponent (126)
[2017.06.14-12.03.58:009][685]LogModuleManager: Shutting down and abandoning module OculusLibrary (125)
[2017.06.14-12.03.58:009][685]LogModuleManager: Shutting down and abandoning module OculusInput (124)
[2017.06.14-12.03.58:009][685]LogModuleManager: Shutting down and abandoning module CustomMeshComponent (123)
[2017.06.14-12.03.58:009][685]LogModuleManager: Shutting down and abandoning module CableComponent (122)
[2017.06.14-12.03.58:009][685]LogModuleManager: Shutting down and abandoning module ArchVisCharacter (121)
[2017.06.14-12.03.58:009][685]LogModuleManager: Shutting down and abandoning module MediaPlayerEditor (120)
[2017.06.14-12.03.58:009][685]LogModuleManager: Shutting down and abandoning module HTML5Networking (119)
[2017.06.14-12.03.58:009][685]LogModuleManager: Shutting down and abandoning module SuperSearch (118)
[2017.06.14-12.03.58:009][685]LogModuleManager: Shutting down and abandoning module SuperSearchEditor (117)
[2017.06.14-12.03.58:009][685]LogModuleManager: Shutting down and abandoning module SpeedTreeImporter (116)
[2017.06.14-12.03.58:009][685]LogModuleManager: Shutting down and abandoning module PluginBrowser (115)
[2017.06.14-12.03.58:009][685]LogModuleManager: Shutting down and abandoning module EpicSurvey (114)
[2017.06.14-12.03.58:009][685]LogModuleManager: Shutting down and abandoning module DesktopPlatform (113)
[2017.06.14-12.03.58:009][685]LogModuleManager: Shutting down and abandoning module VisualStudioSourceCodeAccess (112)
[2017.06.14-12.03.58:009][685]LogModuleManager: Shutting down and abandoning module UObjectPlugin (111)
[2017.06.14-12.03.58:009][685]LogModuleManager: Shutting down and abandoning module SubversionSourceControl (110)
[2017.06.14-12.03.58:009][685]LogModuleManager: Shutting down and abandoning module PerforceSourceControl (109)
[2017.06.14-12.03.58:009][685]LogModuleManager: Shutting down and abandoning module SourceControl (108)
[2017.06.14-12.03.58:009][685]LogModuleManager: Shutting down and abandoning module GitSourceControl (107)
[2017.06.14-12.03.58:009][685]LogModuleManager: Shutting down and abandoning module LightPropagationVolumeEditor (106)
[2017.06.14-12.03.58:009][685]LogModuleManager: Shutting down and abandoning module PaperTiledImporter (105)
[2017.06.14-12.03.58:009][685]LogModuleManager: Shutting down and abandoning module PaperSpriteSheetImporter (104)
[2017.06.14-12.03.58:009][685]LogModuleManager: Shutting down and abandoning module MeshPaint (103)
[2017.06.14-12.03.58:009][685]LogModuleManager: Shutting down and abandoning module PixelInspectorModule (102)
[2017.06.14-12.03.58:009][685]LogModuleManager: Shutting down and abandoning module HotReload (101)
[2017.06.14-12.03.58:010][685]LogModuleManager: Shutting down and abandoning module MainFrame (100)
[2017.06.14-12.03.58:010][685]LogModuleManager: Shutting down and abandoning module LevelEditor (99)
[2017.06.14-12.03.58:011][685]LogModuleManager: Shutting down and abandoning module ContentBrowser (98)
[2017.06.14-12.03.58:011][685]LogModuleManager: Shutting down and abandoning module Paper2DEditor (97)
[2017.06.14-12.03.58:011][685]LogModuleManager: Shutting down and abandoning module Ava (96)
[2017.06.14-12.03.58:011][685]LogModuleManager: Shutting down and abandoning module UdpMessaging (95)
[2017.06.14-12.03.58:111][685]LogModuleManager: Shutting down and abandoning module SubstanceCore (94)
[2017.06.14-12.03.58:111][685]LogModuleManager: Shutting down and abandoning module LightPropagationVolumeRuntime (93)
[2017.06.14-12.03.58:111][685]LogModuleManager: Shutting down and abandoning module Paper2D (92)
[2017.06.14-12.03.58:111][685]LogModuleManager: Shutting down and abandoning module WindowsMoviePlayer (91)
[2017.06.14-12.03.58:111][685]LogModuleManager: Shutting down and abandoning module Media (90)
[2017.06.14-12.03.58:111][685]LogModuleManager: Shutting down and abandoning module WmfMedia (89)
[2017.06.14-12.03.58:111][685]LogModuleManager: Shutting down and abandoning module MediaAssets (88)
[2017.06.14-12.03.58:111][685]LogModuleManager: Shutting down and abandoning module GameLiveStreaming (87)
[2017.06.14-12.03.58:111][685]LogModuleManager: Shutting down and abandoning module GameplayTagsEditor (86)
[2017.06.14-12.03.58:111][685]LogModuleManager: Shutting down and abandoning module OnlineBlueprintSupport (85)
[2017.06.14-12.03.58:111][685]LogModuleManager: Shutting down and abandoning module VREditor (84)
[2017.06.14-12.03.58:111][685]LogModuleManager: Shutting down and abandoning module GameplayTasksEditor (83)
[2017.06.14-12.03.58:111][685]LogModuleManager: Shutting down and abandoning module PropertyEditor (82)
[2017.06.14-12.03.58:111][685]LogModuleManager: Shutting down and abandoning module BehaviorTreeEditor (81)
[2017.06.14-12.03.58:111][685]LogModuleManager: Shutting down and abandoning module FunctionalTesting (80)
[2017.06.14-12.03.58:111][685]LogModuleManager: Shutting down and abandoning module CollisionAnalyzer (79)
[2017.06.14-12.03.58:111][685]LogModuleManager: Shutting down and abandoning module Sequencer (78)
[2017.06.14-12.03.58:111][685]LogModuleManager: Shutting down and abandoning module WorkspaceMenuStructure (77)
[2017.06.14-12.03.58:111][685]LogModuleManager: Shutting down and abandoning module MessageLog (76)
[2017.06.14-12.03.58:111][685]LogModuleManager: Shutting down and abandoning module AssetTools (75)
[2017.06.14-12.03.58:111][685]LogModuleManager: Shutting down and abandoning module UMGEditor (74)
[2017.06.14-12.03.58:111][685]LogModuleManager: Shutting down and abandoning module UMG (73)
[2017.06.14-12.03.58:111][685]LogModuleManager: Shutting down and abandoning module SlateReflector (72)
[2017.06.14-12.03.58:111][685]LogModuleManager: Shutting down and abandoning module Slate (71)
[2017.06.14-12.03.58:112][685]LogModuleManager: Shutting down and abandoning module EditorStyle (70)
[2017.06.14-12.03.58:114][685]LogModuleManager: Shutting down and abandoning module SourceCodeAccess (69)
[2017.06.14-12.03.58:114][685]LogModuleManager: Shutting down and abandoning module HeadMountedDisplay (68)
[2017.06.14-12.03.58:114][685]LogModuleManager: Shutting down and abandoning module XAudio2 (67)
[2017.06.14-12.03.58:114][685]LogModuleManager: Shutting down and abandoning module Networking (65)
[2017.06.14-12.03.58:114][685]LogModuleManager: Shutting down and abandoning module Core (64)
[2017.06.14-12.03.58:114][685]LogModuleManager: Shutting down and abandoning module DirectoryWatcher (63)
[2017.06.14-12.03.58:115][685]LogModuleManager: Shutting down and abandoning module AssetRegistry (62)
[2017.06.14-12.03.58:223][685]LogModuleManager: Shutting down and abandoning module KismetCompiler (61)
[2017.06.14-12.03.58:223][685]LogModuleManager: Shutting down and abandoning module PhysXFormats (60)
[2017.06.14-12.03.58:223][685]LogModuleManager: Shutting down and abandoning module MeshUtilities (59)
[2017.06.14-12.03.58:223][685]LogModuleManager: Shutting down and abandoning module DerivedDataCache (58)
[2017.06.14-12.03.58:251][685]LogDerivedDataCache: Shutdown
[2017.06.14-12.03.58:251][685]LogModuleManager: Shutting down and abandoning module VulkanShaderFormat (57)
[2017.06.14-12.03.58:251][685]LogModuleManager: Shutting down and abandoning module ShaderFormatOpenGL (56)
[2017.06.14-12.03.58:251][685]LogModuleManager: Shutting down and abandoning module ShaderFormatD3D (55)
[2017.06.14-12.03.58:251][685]LogModuleManager: Shutting down and abandoning module MetalShaderFormat (54)
[2017.06.14-12.03.58:251][685]LogModuleManager: Shutting down and abandoning module TextureFormatUncompressed (53)
[2017.06.14-12.03.58:251][685]LogModuleManager: Shutting down and abandoning module TextureFormatPVR (52)
[2017.06.14-12.03.58:251][685]LogModuleManager: Shutting down and abandoning module TextureFormatIntelISPCTexComp (51)
[2017.06.14-12.03.58:251][685]LogModuleManager: Shutting down and abandoning module TextureFormatDXT (50)
[2017.06.14-12.03.58:251][685]LogModuleManager: Shutting down and abandoning module ImageWrapper (49)
[2017.06.14-12.03.58:251][685]LogModuleManager: Shutting down and abandoning module TextureFormatASTC (48)
[2017.06.14-12.03.58:251][685]LogModuleManager: Shutting down and abandoning module TextureFormatAndroid (47)
[2017.06.14-12.03.58:251][685]LogModuleManager: Shutting down and abandoning module AudioFormatOpus (46)
[2017.06.14-12.03.58:251][685]LogModuleManager: Shutting down and abandoning module AudioFormatOgg (45)
[2017.06.14-12.03.58:251][685]LogModuleManager: Shutting down and abandoning module AudioFormatADPCM (44)
[2017.06.14-12.03.58:251][685]LogModuleManager: Shutting down and abandoning module LinuxTargetPlatform (43)
[2017.06.14-12.03.58:251][685]LogModuleManager: Shutting down and abandoning module LinuxServerTargetPlatform (42)
[2017.06.14-12.03.58:251][685]LogModuleManager: Shutting down and abandoning module LinuxNoEditorTargetPlatform (41)
[2017.06.14-12.03.58:251][685]LogModuleManager: Shutting down and abandoning module TVOSTargetPlatform (40)
[2017.06.14-12.03.58:251][685]LogModuleManager: Shutting down and abandoning module Messaging (39)
[2017.06.14-12.03.58:251][685]LogModuleManager: Shutting down and abandoning module IOSTargetPlatform (38)
[2017.06.14-12.03.58:251][685]LogModuleManager: Shutting down and abandoning module HTML5TargetPlatform (37)
[2017.06.14-12.03.58:251][685]LogModuleManager: Shutting down and abandoning module Android_PVRTCTargetPlatform (36)
[2017.06.14-12.03.58:251][685]LogModuleManager: Shutting down and abandoning module Android_MultiTargetPlatform (35)
[2017.06.14-12.03.58:251][685]LogModuleManager: Shutting down and abandoning module Android_ETC2TargetPlatform (34)
[2017.06.14-12.03.58:251][685]LogModuleManager: Shutting down and abandoning module Android_ETC1TargetPlatform (33)
[2017.06.14-12.03.58:251][685]LogModuleManager: Shutting down and abandoning module Android_DXTTargetPlatform (32)
[2017.06.14-12.03.58:251][685]LogModuleManager: Shutting down and abandoning module Android_ATCTargetPlatform (31)
[2017.06.14-12.03.58:251][685]LogModuleManager: Shutting down and abandoning module Android_ASTCTargetPlatform (30)
[2017.06.14-12.03.58:251][685]LogModuleManager: Shutting down and abandoning module AndroidTargetPlatform (29)
[2017.06.14-12.03.58:251][685]LogModuleManager: Shutting down and abandoning module WindowsTargetPlatform (28)
[2017.06.14-12.03.58:251][685]LogModuleManager: Shutting down and abandoning module WindowsServerTargetPlatform (27)
[2017.06.14-12.03.58:251][685]LogModuleManager: Shutting down and abandoning module WindowsNoEditorTargetPlatform (26)
[2017.06.14-12.03.58:251][685]LogModuleManager: Shutting down and abandoning module WindowsClientTargetPlatform (25)
[2017.06.14-12.03.58:251][685]LogModuleManager: Shutting down and abandoning module AllDesktopTargetPlatform (24)
[2017.06.14-12.03.58:251][685]LogModuleManager: Shutting down and abandoning module TargetPlatform (23)
[2017.06.14-12.03.58:251][685]LogModuleManager: Shutting down and abandoning module InputCore (22)
[2017.06.14-12.03.58:251][685]LogModuleManager: Shutting down and abandoning module Settings (21)
[2017.06.14-12.03.58:252][685]LogModuleManager: Shutting down and abandoning module OnlineSubsystem (19)
[2017.06.14-12.03.58:252][685]LogModuleManager: Shutting down and abandoning module HTTP (18)
[2017.06.14-12.04.02:258][685]LogModuleManager: Shutting down and abandoning module XMPP (17)
[2017.06.14-12.04.02:258][685]LogModuleManager: Shutting down and abandoning module OculusRift (16)
[2017.06.14-12.04.02:258][685]LogModuleManager: Shutting down and abandoning module ExampleDeviceProfileSelector (15)
[2017.06.14-12.04.02:258][685]LogModuleManager: Shutting down and abandoning module TextureCompressor (14)
[2017.06.14-12.04.02:258][685]LogModuleManager: Shutting down and abandoning module ShaderCore (13)
[2017.06.14-12.04.02:258][685]LogModuleManager: Shutting down and abandoning module Landscape (12)
[2017.06.14-12.04.02:258][685]LogModuleManager: Shutting down and abandoning module SlateRHIRenderer (11)
[2017.06.14-12.04.02:260][685]LogModuleManager: Shutting down and abandoning module OpenGLDrv (10)
[2017.06.14-12.04.02:260][685]LogModuleManager: Shutting down and abandoning module D3D11RHI (9)
[2017.06.14-12.04.02:260][685]LogModuleManager: Shutting down and abandoning module AnimGraphRuntime (8)
[2017.06.14-12.04.02:260][685]LogModuleManager: Shutting down and abandoning module Renderer (7)
[2017.06.14-12.04.02:260][685]LogModuleManager: Shutting down and abandoning module Engine (6)
[2017.06.14-12.04.02:260][685]LogModuleManager: Shutting down and abandoning module CoreUObject (5)
[2017.06.14-12.04.02:260][685]LogModuleManager: Shutting down and abandoning module NetworkFile (4)
[2017.06.14-12.04.02:260][685]LogModuleManager: Shutting down and abandoning module StreamingFile (3)
[2017.06.14-12.04.02:260][685]LogModuleManager: Shutting down and abandoning module SandboxFile (2)
[2017.06.14-12.04.02:260][685]LogModuleManager: Shutting down and abandoning module PakFile (1)
[2017.06.14-12.04.02:261][685]LogExit: Exiting.
[2017.06.14-12.04.02:262][685]Log file closed, 06/14/17 13:04:02
