Log file open, 06/28/17 10:10:36
LogInit:Display: Running engine for game: Ava
LogPlatformFile: Not using cached read wrapper
LogInit:Display: RandInit(-50565632) SRandInit(-50565630).
LogTaskGraph: Started task graph with 4 named threads and 9 total threads with 1 sets of task threads.
LogStats: Stats thread started at 0.263197
LogInit: Version: 4.12.5-3039270+++UE4+Release-4.12
LogInit: API Version: 2992821
LogInit: Net Version: 3039270
LogDevObjectVersion: Number of dev versions registered: 13
LogDevObjectVersion:   Dev-Blueprints (B0D832E4-1F89-4F0D-ACCF-7EB736FD4AA2): 3
LogDevObjectVersion:   Dev-Build (E1C64328-A22C-4D53-A36C-8E866417BD8C): 0
LogDevObjectVersion:   Dev-Core (375EC13C-06E4-48FB-B500-84F0262A717E): 1
LogDevObjectVersion:   Dev-Editor (E4B068ED-F494-42E9-A231-DA0B2E46BB41): 2
LogDevObjectVersion:   Dev-Framework (CFFC743F-43B0-4480-9391-14DF171D2073): 6
LogDevObjectVersion:   Dev-Mobile (B02B49B5-BB20-44E9-A304-32B752E40360): 0
LogDevObjectVersion:   Dev-Networking (A4E4105C-59A1-49B5-A7C5-40C4547EDFEE): 0
LogDevObjectVersion:   Dev-Online (39C831C9-5AE6-47DC-9A44-9C173E1C8E7C): 0
LogDevObjectVersion:   Dev-Physics (78F01B33-EBEA-4F98-B9B4-84EACCB95AA2): 0
LogDevObjectVersion:   Dev-Platform (6631380F-2D4D-43E0-8009-CF276956A95A): 0
LogDevObjectVersion:   Dev-Rendering (12F88B9F-8875-4AFC-A67C-D90C383ABD29): 2
LogDevObjectVersion:   Dev-Sequencer (7B5AE74C-D270-4C10-A958-57980B212A5A): 0
LogDevObjectVersion:   Dev-VR (D7296918-1DD6-4BDD-9DE2-64A83CC13884): 0
LogInit: Compiled (64-bit): Jul  6 2016 09:09:46
LogInit: Compiled with Visual C++: 19.00.23026.00
LogInit: Build Configuration: Development
LogInit: Branch Name: ++UE4+Release-4.12
LogInit: Command line: 
LogInit: Base directory: C:/Program Files/Epic Games/4.12/Engine/Binaries/Win64/
LogInit: Installed Engine Build: 1
LogInit: Using libcurl 7.41.0
LogInit:  - built for x86_64-pc-win32
LogInit:  - supports SSL with WinSSL
LogInit:  - other features:
LogInit:      CURL_VERSION_SSL
LogInit:      CURL_VERSION_IPV6
LogInit:      CURL_VERSION_ASYNCHDNS
LogInit:      CURL_VERSION_LARGEFILE
LogInit:      CURL_VERSION_IDN
LogInit:  CurlRequestOptions (configurable via config and command line):
LogInit:  - bVerifyPeer = true  - Libcurl will verify peer certificate
LogInit:  - bUseHttpProxy = false  - Libcurl will NOT use HTTP proxy
LogInit:  - bDontReuseConnections = false  - Libcurl will reuse connections
LogInit:  - CertBundlePath = nullptr  - Libcurl will use whatever was configured at build time.
LogInit: Presizing for max 8388607 objects, including 0 objects not considered by GC, pre-allocating 0 bytes for permanent pool.
LogInit: Object subsystem initialized
[2017.06.28-09.10.36:634][  0]LogInit: Selected Device Profile: [Windows]
[2017.06.28-09.10.36:634][  0]LogInit: Applying CVar settings loaded from the selected device profile: [Windows]
[2017.06.28-09.10.36:653][  0]LogInit: Computer: PC42640
[2017.06.28-09.10.36:653][  0]LogInit: User: i7230020
[2017.06.28-09.10.36:653][  0]LogInit: CPU Page size=65536, Cores=6
[2017.06.28-09.10.36:653][  0]LogInit: High frequency timer resolution =3.410136 MHz
[2017.06.28-09.10.36:654][  0]LogMemory: Memory total: Physical=31.9GB (32GB approx)
[2017.06.28-09.10.36:654][  0]LogMemory: Platform Memory Stats for Windows
[2017.06.28-09.10.36:654][  0]LogMemory: Process Physical Memory: 196.07 MB used, 196.07 MB peak
[2017.06.28-09.10.36:654][  0]LogMemory: Process Virtual Memory: 198.83 MB used, 198.83 MB peak
[2017.06.28-09.10.36:654][  0]LogMemory: Physical Memory: 9658.34 MB used, 32684.15 MB total
[2017.06.28-09.10.36:654][  0]LogMemory: Virtual Memory: 538.89 MB used, 8388608.00 MB total
[2017.06.28-09.10.36:749][  0]LogTextLocalizationManager: No specific translations for ('en-GB') exist, so ('en') translations will be used.
[2017.06.28-09.10.37:201][  0]LogD3D11RHI: D3D11 adapters:
[2017.06.28-09.10.37:229][  0]LogD3D11RHI:    0. 'NVIDIA Quadro M4000' (Feature Level 11_0)
[2017.06.28-09.10.37:229][  0]LogD3D11RHI:       8092/0/16086 MB DedicatedVideo/DedicatedSystem/SharedSystem, Outputs:1, VendorId:0x10de
[2017.06.28-09.10.37:229][  0]LogD3D11RHI: Chosen D3D11 Adapter: 0
[2017.06.28-09.10.37:240][  0]LogD3D11RHI: Creating new Direct3DDevice
[2017.06.28-09.10.37:240][  0]LogD3D11RHI:     GPU DeviceId: 0x13f1 (for the marketing name, search the web for "GPU Device Id")
[2017.06.28-09.10.37:240][  0]LogWindows: EnumDisplayDevices:
[2017.06.28-09.10.37:241][  0]LogWindows:    0. 'NVIDIA Quadro M4000' (P:1 D:1)
[2017.06.28-09.10.37:242][  0]LogWindows:    1. 'NVIDIA Quadro M4000' (P:0 D:0)
[2017.06.28-09.10.37:243][  0]LogWindows:    2. 'NVIDIA Quadro M4000' (P:0 D:0)
[2017.06.28-09.10.37:244][  0]LogWindows:    3. 'NVIDIA Quadro M4000' (P:0 D:0)
[2017.06.28-09.10.37:245][  0]LogWindows:    4. 'RDPDD Chained DD' (P:0 D:0)
[2017.06.28-09.10.37:246][  0]LogWindows:    5. 'RDP Encoder Mirror Driver' (P:0 D:0)
[2017.06.28-09.10.37:246][  0]LogWindows:    6. 'RDP Reflector Display Driver' (P:0 D:0)
[2017.06.28-09.10.37:247][  0]LogWindows: DebugString: GetVideoDriverDetailsInvalid PrimaryIsNotTheChoosenAdapter GetVideoDriverDetailsInvalid PrimaryIsNotTheChoosenAdapter GetVideoDriverDetailsInvalid PrimaryIsNotTheChoosenAdapter FoundDriverCount:4 
[2017.06.28-09.10.37:247][  0]LogD3D11RHI:     Adapter Name: NVIDIA Quadro M4000
[2017.06.28-09.10.37:247][  0]LogD3D11RHI:   Driver Version: 362.13 (internal:10.18.13.6213, unified:362.13)
[2017.06.28-09.10.37:247][  0]LogD3D11RHI:      Driver Date: 3-18-2016
[2017.06.28-09.10.37:247][  0]LogRHI: Texture pool is 1361 MB (70% of 1945 MB)
[2017.06.28-09.10.37:262][  0]LogD3D11RHI: Async texture creation enabled
[2017.06.28-09.10.37:276][  0]LogD3D11RHI: GPU Timing Frequency: 1000.000000 (Debug: 2 2)
[2017.06.28-09.10.37:276][  0]LogShaderCompilers: Guid format shader working directory is -28 characters bigger than the processId version (../../../../../../Users/i7230020.STUDENT.000/Documents/GitHub/MastersProject/Ava/Intermediate/Shaders/WorkingDirectory/62004/).
[2017.06.28-09.10.37:276][  0]LogShaderCompilers: Cleaned the shader compiler working directory 'C:/Users/I72300~1.000/AppData/Local/Temp/UnrealShaderWorkingDir/B5F90A3E4DF66EE93BF586A5218ACDFD/'.
[2017.06.28-09.10.37:277][  0]LogShaderCompilers:Display: Using Local Shader Compiler.
[2017.06.28-09.10.38:435][  0]LogTemp:Display: Loaded TP AllDesktopTargetPlatform
[2017.06.28-09.10.38:447][  0]LogTemp:Display: Loaded TP WindowsClientTargetPlatform
[2017.06.28-09.10.38:460][  0]LogTemp:Display: Loaded TP WindowsNoEditorTargetPlatform
[2017.06.28-09.10.38:471][  0]LogTemp:Display: Loaded TP WindowsServerTargetPlatform
[2017.06.28-09.10.38:483][  0]LogTemp:Display: Loaded TP WindowsTargetPlatform
[2017.06.28-09.10.38:495][  0]LogTemp:Display: Loaded TP AndroidTargetPlatform
[2017.06.28-09.10.38:506][  0]LogTemp:Display: Loaded TP Android_ASTCTargetPlatform
[2017.06.28-09.10.38:519][  0]LogTemp:Display: Loaded TP Android_ATCTargetPlatform
[2017.06.28-09.10.38:530][  0]LogTemp:Display: Loaded TP Android_DXTTargetPlatform
[2017.06.28-09.10.38:540][  0]LogTemp:Display: Loaded TP Android_ETC1TargetPlatform
[2017.06.28-09.10.38:551][  0]LogTemp:Display: Loaded TP Android_ETC2TargetPlatform
[2017.06.28-09.10.38:572][  0]LogTemp:Display: Loaded TP Android_MultiTargetPlatform
[2017.06.28-09.10.38:572][  0]LogTemp:Display: Loaded TP Android_PVRTCTargetPlatform
[2017.06.28-09.10.38:576][  0]LogTemp:Display: Loaded TP HTML5TargetPlatform
[2017.06.28-09.10.38:608][  0]LogTemp:Display: Loaded TP IOSTargetPlatform
[2017.06.28-09.10.38:618][  0]LogTemp:Display: Loaded TP TVOSTargetPlatform
[2017.06.28-09.10.38:628][  0]LogTemp:Display: Loaded TP LinuxNoEditorTargetPlatform
[2017.06.28-09.10.38:638][  0]LogTemp:Display: Loaded TP LinuxServerTargetPlatform
[2017.06.28-09.10.38:650][  0]LogTemp:Display: Loaded TP LinuxTargetPlatform
[2017.06.28-09.10.38:650][  0]LogTargetPlatformManager:Display: Building Assets For Windows
[2017.06.28-09.10.38:825][  0]LogDerivedDataCache:Display: Max Cache Size: 512 MB
[2017.06.28-09.10.38:915][  0]LogDerivedDataCache: Loaded boot cache 0.09s 86MB C:/Users/i7230020.STUDENT.000/AppData/Local/UnrealEngine/4.12/DerivedDataCache/Boot.ddc.
[2017.06.28-09.10.38:916][  0]LogDerivedDataCache:Display: Loaded Boot cache: C:/Users/i7230020.STUDENT.000/AppData/Local/UnrealEngine/4.12/DerivedDataCache/Boot.ddc
[2017.06.28-09.10.38:916][  0]LogDerivedDataCache: FDerivedDataBackendGraph:  Pak pak cache file ../../../../../../Users/i7230020.STUDENT.000/Documents/GitHub/MastersProject/Ava/DerivedDataCache/DDC.ddp not found, will not use a pak cache.
[2017.06.28-09.10.38:916][  0]LogDerivedDataCache: Unable to find inner node Pak for hierarchical cache Hierarchy.
[2017.06.28-09.10.38:916][  0]LogDerivedDataCache: FDerivedDataBackendGraph:  CompressedPak pak cache file ../../../../../../Users/i7230020.STUDENT.000/Documents/GitHub/MastersProject/Ava/DerivedDataCache/Compressed.ddp not found, will not use a pak cache.
[2017.06.28-09.10.38:917][  0]LogDerivedDataCache: Unable to find inner node CompressedPak for hierarchical cache Hierarchy.
[2017.06.28-09.10.38:932][  0]LogDerivedDataCache:Display: Pak cache opened for reading ../../../Engine/DerivedDataCache/Compressed.ddp.
[2017.06.28-09.10.38:948][  0]LogDerivedDataCache: Using Local data cache path C:/Users/i7230020.STUDENT.000/AppData/Local/UnrealEngine/Common/DerivedDataCache: Writable
[2017.06.28-09.10.39:185][  0]LogInit: Selected Device Profile: [Windows]
[2017.06.28-09.10.39:186][  0]LogContentStreaming: Texture pool size is 0.00 MB
[2017.06.28-09.10.39:370][  0]LogMeshUtilities: No automatic mesh reduction module available
[2017.06.28-09.10.39:370][  0]LogMeshUtilities: No automatic mesh merging module available
[2017.06.28-09.10.39:370][  0]LogMeshUtilities: No distributed automatic mesh merging module available
[2017.06.28-09.10.39:647][  0]LogAssetRegistry: FAssetRegistry took 0.0221 seconds to start up
[2017.06.28-09.10.39:736][  0]LogPackageLocalizationCache: Processed 4 localized package path(s) for 2 prioritized culture(s) in 0.084666 seconds
[2017.06.28-09.10.39:741][  0]LogUObjectArray: 28739 objects as part of root set at end of initial load.
[2017.06.28-09.10.39:741][  0]LogUObjectAllocator: 5855632 out of 0 bytes used by permanent object pool.
[2017.06.28-09.10.39:741][  0]LogUObjectArray: CloseDisregardForGC: 0/0 objects in disregard for GC pool
[2017.06.28-09.10.39:752][  0]LogInit: WinSock: version 1.1 (2.2), MaxSocks=32767, MaxUdp=65467
[2017.06.28-09.10.40:021][  0]LogSlate: SlateFontCache - WITH_FREETYPE: 1, WITH_HARFBUZZ: 1
[2017.06.28-09.10.40:022][  0]LogSlate: SlateFontCache - WITH_FREETYPE: 1, WITH_HARFBUZZ: 1
[2017.06.28-09.10.40:984][  0]LogUdpMessaging: Initializing bridge on interface 0.0.0.0:0 to multicast group 230.0.0.1:6666.
[2017.06.28-09.10.41:338][  0]SourceControl: Info Source control is disabled
[2017.06.28-09.10.41:341][  0]SourceControl: Info Source control is disabled
[2017.06.28-09.10.41:355][  0]SourceControl: Info Source control is disabled
[2017.06.28-09.10.41:373][  0]SourceControl: Info Source control is disabled
[2017.06.28-09.10.41:487][  0]LogLinker:Warning: Can't find file '/Game/FirstPersonCPP/FirstPersonOverview'
[2017.06.28-09.10.41:487][  0]LogLinker:Warning: Can't find file '/Game/FirstPersonCPP/FirstPersonOverview'
[2017.06.28-09.10.41:487][  0]LogUObjectGlobals:Warning: Failed to find object 'Class /Game/FirstPersonCPP/FirstPersonOverview.FirstPersonOverview_C'
[2017.06.28-09.10.41:613][  0]LogHoudiniEngine: Starting the Houdini Engine module.
[2017.06.28-09.10.41:615][  0]LogHoudiniEngine: Loaded libHAPIL.dll from Registry path C:\Program Files\Side Effects Software\Houdini 15.5.632/bin
[2017.06.28-09.10.41:616][  0]LogLinker:Warning: Asset '../../../Engine/Plugins/Runtime/HoudiniEngine/Content/houdini_logo.uasset' has been saved with empty engine version. The asset will be loaded but may be incompatible.
[2017.06.28-09.10.41:619][  0]LogLinker:Warning: Asset '../../../Engine/Plugins/Runtime/HoudiniEngine/Content/houdini_default_material.uasset' has been saved with empty engine version. The asset will be loaded but may be incompatible.
[2017.06.28-09.10.41:624][  0]LogLinker:Warning: Asset '../../../Engine/Plugins/Runtime/HoudiniEngine/Content/houdini_bgeo_import.uasset' has been saved with empty engine version. The asset will be loaded but may be incompatible.
[2017.06.28-09.10.43:272][  0]LogHoudiniEngine: Successfully initialized the Houdini Engine API module.
[2017.06.28-09.10.43:448][  0]LogEngine: Initializing Engine...
[2017.06.28-09.10.43:452][  0]LogHMD: SteamVR failed to initialize.  Err: 110
[2017.06.28-09.10.43:455][  0]LogHMD: SteamVR failed to initialize.  Err: 110
[2017.06.28-09.10.43:613][  0]LogAIModule: Creating AISystem for world NewWorld
[2017.06.28-09.10.43:633][  0]LogInit: XAudio2 using 'Speakers (Realtek High Definition Audio)' : 2 channels at 48 kHz using 32 bits per sample (channel mask 0x3)
[2017.06.28-09.10.43:653][  0]LogInit: FAudioDevice initialized.
[2017.06.28-09.10.43:698][  0]LogDerivedDataCache: Saved boot cache 0.04s 86MB C:/Users/i7230020.STUDENT.000/AppData/Local/UnrealEngine/4.12/DerivedDataCache/Boot.ddc.
[2017.06.28-09.10.43:708][  0]LogInit: Texture streaming: Enabled
[2017.06.28-09.10.43:747][  0]LogInit: Transaction tracking system initialized
[2017.06.28-09.10.43:784][  0]BlueprintLog: New page: Editor Load
[2017.06.28-09.10.43:903][  0]LocalizationService: Info Localization service is disabled
[2017.06.28-09.10.43:996][  0]LogConsoleResponse:Display: 
[2017.06.28-09.10.44:109][  0]LogCook:Display: Max memory allowance for cook 8192mb
[2017.06.28-09.10.44:109][  0]LogCook:Display: Mobile HDR setting 1
[2017.06.28-09.10.44:219][  0]LogFileCache: Scanning file cache for directory 'C:/Users/i7230020.STUDENT.000/Documents/GitHub/MastersProject/Ava/Content/' took 0.02s
[2017.06.28-09.10.44:220][  0]LogHoudiniEngineEditor: Starting the Houdini Engine Editor module.
[2017.06.28-09.10.44:280][  0]SourceControl: Info Source control is disabled
[2017.06.28-09.10.44:281][  0]Cmd: MAP LOAD FILE="../../../../../../Users/i7230020.STUDENT.000/Documents/GitHub/MastersProject/Ava/Content/Ava/Maps/MainMenu.umap" TEMPLATE=0 SHOWPROGRESS=1 FEATURELEVEL=3
[2017.06.28-09.10.44:281][  0]LightingResults: New page: Lighting Build
[2017.06.28-09.10.44:286][  0]MapCheck: New page: Map Check
[2017.06.28-09.10.44:286][  0]LightingResults: New page: Lighting Build
[2017.06.28-09.10.44:401][  0]LogAIModule: Creating AISystem for world MainMenu
[2017.06.28-09.10.44:402][  0]LogEditorServer: Finished looking for orphan Actors (0.000 secs)
[2017.06.28-09.10.44:402][  0]Cmd: MAP CHECKDEP NOCLEARLOG
[2017.06.28-09.10.44:479][  0]MapCheck: Info Map check complete: 0 Error(s), 0 Warning(s), took 75.99ms to complete.
[2017.06.28-09.10.44:479][  0]LogFileHelpers: Loading map 'MainMenu' took 0.198
[2017.06.28-09.10.44:608][  0]LogCollectionManager: Loaded 0 collections in 0.004648 seconds
[2017.06.28-09.10.44:666][  0]LogFileCache: Scanning file cache for directory 'C:/Users/i7230020.STUDENT.000/Documents/GitHub/MastersProject/Ava/Saved/Collections/' took 0.01s
[2017.06.28-09.10.44:666][  0]LogFileCache: Scanning file cache for directory 'C:/Users/i7230020.STUDENT.000/Documents/GitHub/MastersProject/Ava/Content/Developers/i7230020/Collections/' took 0.01s
[2017.06.28-09.10.44:666][  0]LogFileCache: Scanning file cache for directory 'C:/Users/i7230020.STUDENT.000/Documents/GitHub/MastersProject/Ava/Content/Collections/' took 0.01s
[2017.06.28-09.10.44:666][  0]LogCollectionManager: Rebuilt the GUID cache for 0 collections in 0.000003 seconds
[2017.06.28-09.10.44:678][  0]LogContentBrowser: Native class hierarchy populated in 0.0119 seconds. Added 2092 classes and 376 folders.
[2017.06.28-09.10.44:684][  0]LogStats: UGameplayTagsManager::ConstructGameplayTagTree: Construct from data asset -  0.000 s
[2017.06.28-09.10.44:684][  0]LogStats: UGameplayTagsManager::ConstructGameplayTagTree: GameplayTagTreeChangedEvent.Broadcast -  0.000 s
[2017.06.28-09.10.44:687][  0]LogContentBrowser: Native class hierarchy updated for 'GameplayTags' in 0.0028 seconds. Added 12 classes and 0 folders.
[2017.06.28-09.10.44:697][  0]LogContentBrowser: Native class hierarchy updated for 'WidgetCarousel' in 0.0027 seconds. Added 0 classes and 0 folders.
[2017.06.28-09.10.44:775][  0]LogContentBrowser: Native class hierarchy updated for 'AddContentDialog' in 0.0027 seconds. Added 0 classes and 0 folders.
[2017.06.28-09.10.44:784][  0]LogContentBrowser: Native class hierarchy updated for 'SceneOutliner' in 0.0027 seconds. Added 1 classes and 2 folders.
[2017.06.28-09.10.44:798][  0]LogCrashTracker: Crashtracker disabled due to settings.
[2017.06.28-09.10.44:802][  0]LogUObjectGlobals:Warning: Failed to find object 'Class None.'
[2017.06.28-09.10.44:832][  0]LogContentBrowser: Native class hierarchy updated for 'HierarchicalLODOutliner' in 0.0027 seconds. Added 1 classes and 2 folders.
[2017.06.28-09.10.44:832][  0]LogLoad: Full Startup: 20.41 seconds (BP compile: 0.02 seconds)
[2017.06.28-09.10.44:832][  0]LogExternalProfiler: Found external profiler: VSPerf
[2017.06.28-09.10.44:832][  0]LogExternalProfiler: Using external profiler: VSPerf
[2017.06.28-09.10.44:843][  0]LogOcInput: OculusInput pre-init called
[2017.06.28-09.10.44:862][  0]LogContentStreaming: Texture pool size now 1000 MB
[2017.06.28-09.10.44:998][  1]LogAssetRegistry: Asset discovery search completed in 5.3733 seconds
[2017.06.28-09.10.44:998][  1]LogCollectionManager: Rebuilt the object cache for 0 collections in 0.000001 seconds (found 0 objects)
[2017.06.28-09.10.44:998][  1]LogCollectionManager: Fixed up redirectors for 0 collections in 0.000097 seconds (updated 0 objects)
[2017.06.28-09.10.45:008][  2]LogRenderer: Reallocating scene render targets to support 1112x576 (Frame:2).
[2017.06.28-09.10.58:610][296]LogBlueprint:Warning: Compiler Warning InputAction Event references unknown Action 'Crouch' for  InputAction Crouch 
[2017.06.28-09.10.58:616][296]LogBlueprint:Warning: Compiler Warning [0034.20] Compile of Ue4ASP_Character successful, but with 1 Warning(s) [in 11 ms] (/Game/AnimStarterPack/Ue4ASP_Character.Ue4ASP_Character)
[2017.06.28-09.10.58:616][296]LogBlueprint:Warning: Compiler Warning [0034.20] Compile of Ue4ASP_Character successful, but with 2 Warning(s) [in 0 ms] (/Game/AnimStarterPack/Ue4ASP_Character.Ue4ASP_Character)
[2017.06.28-09.10.58:617][296]LogBlueprint:Warning: Compiler Warning [0034.20] Compile of Ue4ASP_Character successful, but with 3 Warning(s) [in 0 ms] (/Game/AnimStarterPack/Ue4ASP_Character.Ue4ASP_Character)
[2017.06.28-09.10.58:732][296]LogBlueprint:Warning: Compiler Warning InputAction Event references unknown Action 'Crouch' for  InputAction Crouch 
[2017.06.28-09.10.58:736][296]LogBlueprint:Warning: Compiler Warning [0034.32] Compile of Ue4ASP_Character successful, but with 1 Warning(s) [in 8 ms] (/Game/AnimStarterPack/Ue4ASP_Character.Ue4ASP_Character)
[2017.06.28-09.10.58:736][296]LogBlueprint:Warning: Compiler Warning [0034.32] Compile of Ue4ASP_Character successful, but with 2 Warning(s) [in 0 ms] (/Game/AnimStarterPack/Ue4ASP_Character.Ue4ASP_Character)
[2017.06.28-09.10.58:737][296]LogBlueprint:Warning: Compiler Warning [0034.32] Compile of Ue4ASP_Character successful, but with 3 Warning(s) [in 0 ms] (/Game/AnimStarterPack/Ue4ASP_Character.Ue4ASP_Character)
[2017.06.28-09.10.59:269][296]LogMaterial: Missing cached shader map for material M_Basic_Wall, compiling. 
[2017.06.28-09.10.59:270][296]LogMaterial:Warning: Failed to compile Material /Game/StarterContent/Materials/M_Basic_Wall.M_Basic_Wall for platform PCD3D_SM5, Default Material will be used in game.
[2017.06.28-09.10.59:270][296]LogMaterial:Warning: 	(Node TextureSample) TextureSample> Missing input texture
[2017.06.28-09.10.59:357][296]LogAIModule: Creating AISystem for world PalaceLevel
[2017.06.28-09.10.59:407][296]Cmd: MAP LOAD FILE="../../../../../../Users/i7230020.STUDENT.000/Documents/GitHub/MastersProject/Ava/Content/Ava/Maps/PalaceLevel.umap" TEMPLATE=0 SHOWPROGRESS=1 FEATURELEVEL=3
[2017.06.28-09.10.59:407][296]LightingResults: New page: Lighting Build
[2017.06.28-09.10.59:408][296]LoadErrors: New page: Loading map