Log file open, 06/15/17 17:50:11
LogInit:Display: Running engine for game: Ava
LogPlatformFile: Not using cached read wrapper
LogInit:Display: RandInit(-1928583934) SRandInit(-1928583933).
LogTaskGraph: Started task graph with 4 named threads and 9 total threads with 1 sets of task threads.
LogStats: Stats thread started at 0.103960
LogInit: Version: 4.12.5-3039270+++UE4+Release-4.12
LogInit: API Version: 2992821
LogInit: Net Version: 3039270
LogDevObjectVersion: Number of dev versions registered: 13
LogDevObjectVersion:   Dev-Blueprints (B0D832E4-1F89-4F0D-ACCF-7EB736FD4AA2): 3
LogDevObjectVersion:   Dev-Build (E1C64328-A22C-4D53-A36C-8E866417BD8C): 0
LogDevObjectVersion:   Dev-Core (375EC13C-06E4-48FB-B500-84F0262A717E): 1
LogDevObjectVersion:   Dev-Editor (E4B068ED-F494-42E9-A231-DA0B2E46BB41): 2
LogDevObjectVersion:   Dev-Framework (CFFC743F-43B0-4480-9391-14DF171D2073): 6
LogDevObjectVersion:   Dev-Mobile (B02B49B5-BB20-44E9-A304-32B752E40360): 0
LogDevObjectVersion:   Dev-Networking (A4E4105C-59A1-49B5-A7C5-40C4547EDFEE): 0
LogDevObjectVersion:   Dev-Online (39C831C9-5AE6-47DC-9A44-9C173E1C8E7C): 0
LogDevObjectVersion:   Dev-Physics (78F01B33-EBEA-4F98-B9B4-84EACCB95AA2): 0
LogDevObjectVersion:   Dev-Platform (6631380F-2D4D-43E0-8009-CF276956A95A): 0
LogDevObjectVersion:   Dev-Rendering (12F88B9F-8875-4AFC-A67C-D90C383ABD29): 2
LogDevObjectVersion:   Dev-Sequencer (7B5AE74C-D270-4C10-A958-57980B212A5A): 0
LogDevObjectVersion:   Dev-VR (D7296918-1DD6-4BDD-9DE2-64A83CC13884): 0
LogInit: Compiled (64-bit): Jul  6 2016 09:09:46
LogInit: Compiled with Visual C++: 19.00.23026.00
LogInit: Build Configuration: Development
LogInit: Branch Name: ++UE4+Release-4.12
LogInit: Command line:  
LogInit: Base directory: C:/Program Files/Epic Games/4.12/Engine/Binaries/Win64/
LogInit: Installed Engine Build: 1
LogInit: Using libcurl 7.41.0
LogInit:  - built for x86_64-pc-win32
LogInit:  - supports SSL with WinSSL
LogInit:  - other features:
LogInit:      CURL_VERSION_SSL
LogInit:      CURL_VERSION_IPV6
LogInit:      CURL_VERSION_ASYNCHDNS
LogInit:      CURL_VERSION_LARGEFILE
LogInit:      CURL_VERSION_IDN
LogInit:  CurlRequestOptions (configurable via config and command line):
LogInit:  - bVerifyPeer = true  - Libcurl will verify peer certificate
LogInit:  - bUseHttpProxy = false  - Libcurl will NOT use HTTP proxy
LogInit:  - bDontReuseConnections = false  - Libcurl will reuse connections
LogInit:  - CertBundlePath = nullptr  - Libcurl will use whatever was configured at build time.
LogInit: Presizing for max 8388607 objects, including 0 objects not considered by GC, pre-allocating 0 bytes for permanent pool.
LogInit: Object subsystem initialized
[2017.06.15-16.50.12:042][  0]LogInit: Selected Device Profile: [Windows]
[2017.06.15-16.50.12:042][  0]LogInit: Applying CVar settings loaded from the selected device profile: [Windows]
[2017.06.15-16.50.12:058][  0]LogInit: Computer: PC42640
[2017.06.15-16.50.12:058][  0]LogInit: User: i7230020
[2017.06.15-16.50.12:058][  0]LogInit: CPU Page size=65536, Cores=6
[2017.06.15-16.50.12:058][  0]LogInit: High frequency timer resolution =3.410107 MHz
[2017.06.15-16.50.12:058][  0]LogMemory: Memory total: Physical=31.9GB (32GB approx)
[2017.06.15-16.50.12:058][  0]LogMemory: Platform Memory Stats for Windows
[2017.06.15-16.50.12:058][  0]LogMemory: Process Physical Memory: 196.42 MB used, 196.42 MB peak
[2017.06.15-16.50.12:058][  0]LogMemory: Process Virtual Memory: 199.08 MB used, 199.08 MB peak
[2017.06.15-16.50.12:058][  0]LogMemory: Physical Memory: 14631.92 MB used, 32684.15 MB total
[2017.06.15-16.50.12:058][  0]LogMemory: Virtual Memory: 538.89 MB used, 8388608.00 MB total
[2017.06.15-16.50.12:140][  0]LogTextLocalizationManager: No specific translations for ('en-GB') exist, so ('en') translations will be used.
[2017.06.15-16.50.12:626][  0]LogD3D11RHI: D3D11 adapters:
[2017.06.15-16.50.12:647][  0]LogD3D11RHI:    0. 'NVIDIA Quadro M4000' (Feature Level 11_0)
[2017.06.15-16.50.12:647][  0]LogD3D11RHI:       8092/0/16086 MB DedicatedVideo/DedicatedSystem/SharedSystem, Outputs:1, VendorId:0x10de
[2017.06.15-16.50.12:647][  0]LogD3D11RHI: Chosen D3D11 Adapter: 0
[2017.06.15-16.50.12:663][  0]LogD3D11RHI: Creating new Direct3DDevice
[2017.06.15-16.50.12:663][  0]LogD3D11RHI:     GPU DeviceId: 0x13f1 (for the marketing name, search the web for "GPU Device Id")
[2017.06.15-16.50.12:663][  0]LogWindows: EnumDisplayDevices:
[2017.06.15-16.50.12:664][  0]LogWindows:    0. 'NVIDIA Quadro M4000' (P:1 D:1)
[2017.06.15-16.50.12:666][  0]LogWindows:    1. 'NVIDIA Quadro M4000' (P:0 D:0)
[2017.06.15-16.50.12:667][  0]LogWindows:    2. 'NVIDIA Quadro M4000' (P:0 D:0)
[2017.06.15-16.50.12:669][  0]LogWindows:    3. 'NVIDIA Quadro M4000' (P:0 D:0)
[2017.06.15-16.50.12:670][  0]LogWindows:    4. 'RDPDD Chained DD' (P:0 D:0)
[2017.06.15-16.50.12:670][  0]LogWindows:    5. 'RDP Encoder Mirror Driver' (P:0 D:0)
[2017.06.15-16.50.12:671][  0]LogWindows:    6. 'RDP Reflector Display Driver' (P:0 D:0)
[2017.06.15-16.50.12:672][  0]LogWindows: DebugString: GetVideoDriverDetailsInvalid PrimaryIsNotTheChoosenAdapter GetVideoDriverDetailsInvalid PrimaryIsNotTheChoosenAdapter GetVideoDriverDetailsInvalid PrimaryIsNotTheChoosenAdapter FoundDriverCount:4 
[2017.06.15-16.50.12:672][  0]LogD3D11RHI:     Adapter Name: NVIDIA Quadro M4000
[2017.06.15-16.50.12:673][  0]LogD3D11RHI:   Driver Version: 362.13 (internal:10.18.13.6213, unified:362.13)
[2017.06.15-16.50.12:673][  0]LogD3D11RHI:      Driver Date: 3-18-2016
[2017.06.15-16.50.12:673][  0]LogRHI: Texture pool is 1361 MB (70% of 1945 MB)
[2017.06.15-16.50.12:687][  0]LogD3D11RHI: Async texture creation enabled
[2017.06.15-16.50.12:702][  0]LogD3D11RHI: GPU Timing Frequency: 1000.000000 (Debug: 2 2)
[2017.06.15-16.50.12:702][  0]LogShaderCompilers: Guid format shader working directory is -28 characters bigger than the processId version (../../../../../../Users/i7230020.STUDENT.000/Documents/GitHub/MastersProject/Ava/Intermediate/Shaders/WorkingDirectory/64508/).
[2017.06.15-16.50.12:703][  0]LogShaderCompilers: Cleaned the shader compiler working directory 'C:/Users/I72300~1.000/AppData/Local/Temp/UnrealShaderWorkingDir/FB6D2AB24FA349565EB36BA773345398/'.
[2017.06.15-16.50.12:703][  0]LogShaderCompilers:Display: Using Local Shader Compiler.
[2017.06.15-16.50.13:861][  0]LogTemp:Display: Loaded TP AllDesktopTargetPlatform
[2017.06.15-16.50.13:871][  0]LogTemp:Display: Loaded TP WindowsClientTargetPlatform
[2017.06.15-16.50.13:880][  0]LogTemp:Display: Loaded TP WindowsNoEditorTargetPlatform
[2017.06.15-16.50.13:889][  0]LogTemp:Display: Loaded TP WindowsServerTargetPlatform
[2017.06.15-16.50.13:898][  0]LogTemp:Display: Loaded TP WindowsTargetPlatform
[2017.06.15-16.50.13:906][  0]LogTemp:Display: Loaded TP AndroidTargetPlatform
[2017.06.15-16.50.13:914][  0]LogTemp:Display: Loaded TP Android_ASTCTargetPlatform
[2017.06.15-16.50.13:922][  0]LogTemp:Display: Loaded TP Android_ATCTargetPlatform
[2017.06.15-16.50.13:930][  0]LogTemp:Display: Loaded TP Android_DXTTargetPlatform
[2017.06.15-16.50.13:938][  0]LogTemp:Display: Loaded TP Android_ETC1TargetPlatform
[2017.06.15-16.50.13:946][  0]LogTemp:Display: Loaded TP Android_ETC2TargetPlatform
[2017.06.15-16.50.13:966][  0]LogTemp:Display: Loaded TP Android_MultiTargetPlatform
[2017.06.15-16.50.13:966][  0]LogTemp:Display: Loaded TP Android_PVRTCTargetPlatform
[2017.06.15-16.50.13:968][  0]LogTemp:Display: Loaded TP HTML5TargetPlatform
[2017.06.15-16.50.13:989][  0]LogTemp:Display: Loaded TP IOSTargetPlatform
[2017.06.15-16.50.13:997][  0]LogTemp:Display: Loaded TP TVOSTargetPlatform
[2017.06.15-16.50.14:010][  0]LogTemp:Display: Loaded TP LinuxNoEditorTargetPlatform
[2017.06.15-16.50.14:020][  0]LogTemp:Display: Loaded TP LinuxServerTargetPlatform
[2017.06.15-16.50.14:035][  0]LogTemp:Display: Loaded TP LinuxTargetPlatform
[2017.06.15-16.50.14:035][  0]LogTargetPlatformManager:Display: Building Assets For Windows
[2017.06.15-16.50.14:152][  0]LogDerivedDataCache:Display: Max Cache Size: 512 MB
[2017.06.15-16.50.14:204][  0]LogDerivedDataCache: Loaded boot cache 0.05s 49MB C:/Users/i7230020.STUDENT.000/AppData/Local/UnrealEngine/4.12/DerivedDataCache/Boot.ddc.
[2017.06.15-16.50.14:204][  0]LogDerivedDataCache:Display: Loaded Boot cache: C:/Users/i7230020.STUDENT.000/AppData/Local/UnrealEngine/4.12/DerivedDataCache/Boot.ddc
[2017.06.15-16.50.14:204][  0]LogDerivedDataCache: FDerivedDataBackendGraph:  Pak pak cache file ../../../../../../Users/i7230020.STUDENT.000/Documents/GitHub/MastersProject/Ava/DerivedDataCache/DDC.ddp not found, will not use a pak cache.
[2017.06.15-16.50.14:205][  0]LogDerivedDataCache: Unable to find inner node Pak for hierarchical cache Hierarchy.
[2017.06.15-16.50.14:205][  0]LogDerivedDataCache: FDerivedDataBackendGraph:  CompressedPak pak cache file ../../../../../../Users/i7230020.STUDENT.000/Documents/GitHub/MastersProject/Ava/DerivedDataCache/Compressed.ddp not found, will not use a pak cache.
[2017.06.15-16.50.14:205][  0]LogDerivedDataCache: Unable to find inner node CompressedPak for hierarchical cache Hierarchy.
[2017.06.15-16.50.14:221][  0]LogDerivedDataCache:Display: Pak cache opened for reading ../../../Engine/DerivedDataCache/Compressed.ddp.
[2017.06.15-16.50.14:234][  0]LogDerivedDataCache: Using Local data cache path C:/Users/i7230020.STUDENT.000/AppData/Local/UnrealEngine/Common/DerivedDataCache: Writable
[2017.06.15-16.50.14:500][  0]LogInit: Selected Device Profile: [Windows]
[2017.06.15-16.50.14:502][  0]LogContentStreaming: Texture pool size is 0.00 MB
[2017.06.15-16.50.14:694][  0]LogMeshUtilities: No automatic mesh reduction module available
[2017.06.15-16.50.14:694][  0]LogMeshUtilities: No automatic mesh merging module available
[2017.06.15-16.50.14:694][  0]LogMeshUtilities: No distributed automatic mesh merging module available
[2017.06.15-16.50.15:040][  0]LogAssetRegistry: FAssetRegistry took 0.0198 seconds to start up
[2017.06.15-16.50.15:157][  0]LogPackageLocalizationCache: Processed 4 localized package path(s) for 2 prioritized culture(s) in 0.109518 seconds
[2017.06.15-16.50.15:161][  0]LogUObjectArray: 28739 objects as part of root set at end of initial load.
[2017.06.15-16.50.15:161][  0]LogUObjectAllocator: 5855632 out of 0 bytes used by permanent object pool.
[2017.06.15-16.50.15:161][  0]LogUObjectArray: CloseDisregardForGC: 0/0 objects in disregard for GC pool
[2017.06.15-16.50.15:168][  0]LogInit: WinSock: version 1.1 (2.2), MaxSocks=32767, MaxUdp=65467
[2017.06.15-16.50.15:363][  0]LogSlate: SlateFontCache - WITH_FREETYPE: 1, WITH_HARFBUZZ: 1
[2017.06.15-16.50.15:363][  0]LogSlate: SlateFontCache - WITH_FREETYPE: 1, WITH_HARFBUZZ: 1
[2017.06.15-16.50.16:384][  0]LogUdpMessaging: Initializing bridge on interface 0.0.0.0:0 to multicast group 230.0.0.1:6666.
[2017.06.15-16.50.16:655][  0]SourceControl: Info Source control is disabled
[2017.06.15-16.50.16:661][  0]SourceControl: Info Source control is disabled
[2017.06.15-16.50.16:673][  0]SourceControl: Info Source control is disabled
[2017.06.15-16.50.16:685][  0]SourceControl: Info Source control is disabled
[2017.06.15-16.50.16:867][  0]LogHoudiniEngine: Starting the Houdini Engine module.
[2017.06.15-16.50.16:868][  0]LogHoudiniEngine: Loaded libHAPIL.dll from Registry path C:\Program Files\Side Effects Software\Houdini 15.5.632/bin
[2017.06.15-16.50.16:868][  0]LogLinker:Warning: Asset '../../../Engine/Plugins/Runtime/HoudiniEngine/Content/houdini_logo.uasset' has been saved with empty engine version. The asset will be loaded but may be incompatible.
[2017.06.15-16.50.16:870][  0]LogLinker:Warning: Asset '../../../Engine/Plugins/Runtime/HoudiniEngine/Content/houdini_default_material.uasset' has been saved with empty engine version. The asset will be loaded but may be incompatible.
[2017.06.15-16.50.16:874][  0]LogLinker:Warning: Asset '../../../Engine/Plugins/Runtime/HoudiniEngine/Content/houdini_bgeo_import.uasset' has been saved with empty engine version. The asset will be loaded but may be incompatible.
[2017.06.15-16.50.18:042][  0]LogHoudiniEngine: Successfully initialized the Houdini Engine API module.
[2017.06.15-16.50.18:235][  0]LogEngine: Initializing Engine...
[2017.06.15-16.50.18:237][  0]LogHMD: SteamVR failed to initialize.  Err: 110
[2017.06.15-16.50.18:238][  0]LogHMD: SteamVR failed to initialize.  Err: 110
[2017.06.15-16.50.18:407][  0]LogAIModule: Creating AISystem for world NewWorld
[2017.06.15-16.50.18:414][  0]LogInit: XAudio2 using 'Speakers (Realtek High Definition Audio)' : 2 channels at 48 kHz using 32 bits per sample (channel mask 0x3)
[2017.06.15-16.50.18:428][  0]LogInit: FAudioDevice initialized.
[2017.06.15-16.50.18:453][  0]LogDerivedDataCache: Saved boot cache 0.02s 49MB C:/Users/i7230020.STUDENT.000/AppData/Local/UnrealEngine/4.12/DerivedDataCache/Boot.ddc.
[2017.06.15-16.50.18:458][  0]LogInit: Texture streaming: Enabled
[2017.06.15-16.50.18:487][  0]LogInit: Transaction tracking system initialized
[2017.06.15-16.50.18:509][  0]BlueprintLog: New page: Editor Load
[2017.06.15-16.50.18:588][  0]LocalizationService: Info Localization service is disabled
[2017.06.15-16.50.18:665][  0]LogConsoleResponse:Display: 
[2017.06.15-16.50.18:781][  0]LogCook:Display: Max memory allowance for cook 8192mb
[2017.06.15-16.50.18:781][  0]LogCook:Display: Mobile HDR setting 1
[2017.06.15-16.50.18:872][  0]LogFileCache: Scanning file cache for directory 'C:/Users/i7230020.STUDENT.000/Documents/GitHub/MastersProject/Ava/Content/' took 0.02s
[2017.06.15-16.50.18:872][  0]LogHoudiniEngineEditor: Starting the Houdini Engine Editor module.
[2017.06.15-16.50.18:913][  0]SourceControl: Info Source control is disabled
[2017.06.15-16.50.18:913][  0]Cmd: MAP LOAD FILE="../../../../../../Users/i7230020.STUDENT.000/Documents/GitHub/MastersProject/Ava/Content/Ava/Maps/MainMenu.umap" TEMPLATE=0 SHOWPROGRESS=1 FEATURELEVEL=3
[2017.06.15-16.50.18:913][  0]LightingResults: New page: Lighting Build
[2017.06.15-16.50.18:916][  0]MapCheck: New page: Map Check
[2017.06.15-16.50.18:916][  0]LightingResults: New page: Lighting Build
[2017.06.15-16.50.19:037][  0]LogAIModule: Creating AISystem for world MainMenu
[2017.06.15-16.50.19:038][  0]LogEditorServer: Finished looking for orphan Actors (0.000 secs)
[2017.06.15-16.50.19:038][  0]Cmd: MAP CHECKDEP NOCLEARLOG
[2017.06.15-16.50.19:111][  0]MapCheck: Info Map check complete: 0 Error(s), 0 Warning(s), took 72.376ms to complete.
[2017.06.15-16.50.19:111][  0]LogFileHelpers: Loading map 'MainMenu' took 0.198
[2017.06.15-16.50.19:223][  0]LogCollectionManager: Loaded 0 collections in 0.001819 seconds
[2017.06.15-16.50.19:265][  0]LogFileCache: Scanning file cache for directory 'C:/Users/i7230020.STUDENT.000/Documents/GitHub/MastersProject/Ava/Saved/Collections/' took 0.01s
[2017.06.15-16.50.19:265][  0]LogFileCache: Scanning file cache for directory 'C:/Users/i7230020.STUDENT.000/Documents/GitHub/MastersProject/Ava/Content/Developers/i7230020/Collections/' took 0.01s
[2017.06.15-16.50.19:265][  0]LogFileCache: Scanning file cache for directory 'C:/Users/i7230020.STUDENT.000/Documents/GitHub/MastersProject/Ava/Content/Collections/' took 0.01s
[2017.06.15-16.50.19:265][  0]LogCollectionManager: Rebuilt the GUID cache for 0 collections in 0.000002 seconds
[2017.06.15-16.50.19:275][  0]LogContentBrowser: Native class hierarchy populated in 0.0102 seconds. Added 2085 classes and 376 folders.
[2017.06.15-16.50.19:280][  0]LogStats: UGameplayTagsManager::ConstructGameplayTagTree: Construct from data asset -  0.000 s
[2017.06.15-16.50.19:280][  0]LogStats: UGameplayTagsManager::ConstructGameplayTagTree: GameplayTagTreeChangedEvent.Broadcast -  0.000 s
[2017.06.15-16.50.19:283][  0]LogContentBrowser: Native class hierarchy updated for 'GameplayTags' in 0.0029 seconds. Added 12 classes and 0 folders.
[2017.06.15-16.50.19:291][  0]LogContentBrowser: Native class hierarchy updated for 'WidgetCarousel' in 0.0025 seconds. Added 0 classes and 0 folders.
[2017.06.15-16.50.19:362][  0]LogContentBrowser: Native class hierarchy updated for 'AddContentDialog' in 0.0023 seconds. Added 0 classes and 0 folders.
[2017.06.15-16.50.19:368][  0]LogContentBrowser: Native class hierarchy updated for 'SceneOutliner' in 0.0023 seconds. Added 1 classes and 2 folders.
[2017.06.15-16.50.19:379][  0]LogCrashTracker: Crashtracker disabled due to settings.
[2017.06.15-16.50.19:385][  0]LogUObjectGlobals:Warning: Failed to find object 'Class None.'
[2017.06.15-16.50.19:412][  0]LogContentBrowser: Native class hierarchy updated for 'HierarchicalLODOutliner' in 0.0023 seconds. Added 1 classes and 2 folders.
[2017.06.15-16.50.19:412][  0]LogLoad: Full Startup: 12.81 seconds (BP compile: 0.02 seconds)
[2017.06.15-16.50.19:412][  0]LogExternalProfiler: Found external profiler: VSPerf
[2017.06.15-16.50.19:412][  0]LogExternalProfiler: Using external profiler: VSPerf
[2017.06.15-16.50.19:424][  0]LogOcInput: OculusInput pre-init called
[2017.06.15-16.50.19:454][  0]LogContentStreaming: Texture pool size now 1000 MB
[2017.06.15-16.50.19:597][  0]LogRenderer: Reallocating scene render targets to support 1776x668 (Frame:2).
[2017.06.15-16.50.19:646][  1]LogFileCache: Retrieving MD5 hashes for directory 'C:/Users/i7230020.STUDENT.000/Documents/GitHub/MastersProject/Ava/Content/' took 0.21s
[2017.06.15-16.50.19:654][  1]LogAssetRegistry: Asset discovery search completed in 4.6340 seconds
[2017.06.15-16.50.19:654][  1]LogCollectionManager: Rebuilt the object cache for 0 collections in 0.000001 seconds (found 0 objects)
[2017.06.15-16.50.19:654][  1]LogCollectionManager: Fixed up redirectors for 0 collections in 0.000018 seconds (updated 0 objects)
[2017.06.15-16.50.23:929][244]LogBlueprintUserMessages: Early PlayInEditor Detection: Level '/Game/Ava/Maps/MainMenu.MainMenu:PersistentLevel' has LevelScriptBlueprint '/Game/Ava/Maps/MainMenu.MainMenu:PersistentLevel.MainMenu' with GeneratedClass '/Game/Ava/Maps/MainMenu.MainMenu_C' with ClassGeneratedBy '/Game/Ava/Maps/MainMenu.MainMenu:PersistentLevel.MainMenu'
[2017.06.15-16.50.23:929][244]LogPlayLevel: PlayLevel: No blueprints needed recompiling
[2017.06.15-16.50.23:929][244]PIE: New page: SIE session: MainMenu (15 Jun 2017 17:50:23)
[2017.06.15-16.50.23:930][244]LogPlayLevel: Creating play world package: /Game/Ava/Maps/UEDPIE_0_MainMenu
[2017.06.15-16.50.23:931][244]LogPlayLevel: PIE: StaticDuplicateObject took: (0.001058s)
[2017.06.15-16.50.23:931][244]LogAIModule: Creating AISystem for world MainMenu
[2017.06.15-16.50.23:931][244]LogPlayLevel: PIE: World Init took: (0.000523s)
[2017.06.15-16.50.23:932][244]LogPlayLevel: PIE: Created PIE world by copying editor world from /Game/Ava/Maps/MainMenu.MainMenu to /Game/Ava/Maps/UEDPIE_0_MainMenu.MainMenu (0.002277s)
[2017.06.15-16.50.23:943][244]LogInit: XAudio2 using 'Speakers (Realtek High Definition Audio)' : 2 channels at 48 kHz using 32 bits per sample (channel mask 0x3)
[2017.06.15-16.50.23:950][244]LogInit: FAudioDevice initialized.
[2017.06.15-16.50.24:014][244]LogWorld: Game class is 'AvaGameMode'
[2017.06.15-16.50.24:016][244]LogWorld: Bringing World /Game/Ava/Maps/UEDPIE_0_MainMenu.MainMenu up for play (max tick rate 0) at 2017.06.15-17.50.24
[2017.06.15-16.50.24:017][244]LogWorld: Bringing up level for play took: 0.001839
[2017.06.15-16.50.24:019][244]LogGameMode: Warning - PATHS NOT DEFINED or NO PLAYERSTART with positive rating
[2017.06.15-16.50.24:028][244]LogContentBrowser: Native class hierarchy updated for 'MovieSceneCapture' in 0.0025 seconds. Added 11 classes and 0 folders.
[2017.06.15-16.50.24:029][244]PIE: Info Play in editor start time for /Game/Ava/Maps/UEDPIE_0_MainMenu -0.647
[2017.06.15-16.50.24:033][244]LogBlueprintUserMessages: Late PlayInEditor Detection: Level '/Game/Ava/Maps/MainMenu.MainMenu:PersistentLevel' has LevelScriptBlueprint '/Game/Ava/Maps/MainMenu.MainMenu:PersistentLevel.MainMenu' with GeneratedClass '/Game/Ava/Maps/MainMenu.MainMenu_C' with ClassGeneratedBy '/Game/Ava/Maps/MainMenu.MainMenu:PersistentLevel.MainMenu'
[2017.06.15-16.50.25:289][354]LogNet: Browse: /Game/Ava/Maps/PalaceLevel
[2017.06.15-16.50.25:289][354]LogLoad: LoadMap: /Game/Ava/Maps/PalaceLevel
[2017.06.15-16.50.25:298][354]Cmd: MEM
[2017.06.15-16.50.25:304][354]LogMemory: Platform Memory Stats for Windows
[2017.06.15-16.50.25:304][354]LogMemory: Process Physical Memory: 842.44 MB used, 909.96 MB peak
[2017.06.15-16.50.25:304][354]LogMemory: Process Virtual Memory: 1302.83 MB used, 1326.38 MB peak
[2017.06.15-16.50.25:304][354]LogMemory: Physical Memory: 15317.42 MB used, 32684.15 MB total
[2017.06.15-16.50.25:304][354]LogMemory: Virtual Memory: 2215.81 MB used, 8388608.00 MB total
[2017.06.15-16.50.25:304][354]LogMemory: 
[2017.06.15-16.50.25:304][354]Allocator Stats for TBB: (not implemented)
[2017.06.15-16.50.25:378][354]LogBlueprint:Warning: Compiler Warning InputAction Event references unknown Action 'Crouch' for  InputAction Crouch 
[2017.06.15-16.50.25:380][354]LogBlueprint:Warning: Compiler Warning [0018.78] Compile of Ue4ASP_Character successful, but with 1 Warning(s) [in 10 ms] (/Game/AnimStarterPack/Ue4ASP_Character.Ue4ASP_Character)
[2017.06.15-16.50.25:381][354]LogBlueprint:Warning: Compiler Warning [0018.78] Compile of Ue4ASP_Character successful, but with 2 Warning(s) [in 0 ms] (/Game/AnimStarterPack/Ue4ASP_Character.Ue4ASP_Character)
[2017.06.15-16.50.25:381][354]LogBlueprint:Warning: Compiler Warning [0018.78] Compile of Ue4ASP_Character successful, but with 3 Warning(s) [in 0 ms] (/Game/AnimStarterPack/Ue4ASP_Character.Ue4ASP_Character)
[2017.06.15-16.50.25:463][354]LogBlueprint:Warning: Compiler Warning InputAction Event references unknown Action 'Crouch' for  InputAction Crouch 
[2017.06.15-16.50.25:467][354]LogBlueprint:Warning: Compiler Warning [0018.86] Compile of Ue4ASP_Character successful, but with 1 Warning(s) [in 8 ms] (/Game/AnimStarterPack/Ue4ASP_Character.Ue4ASP_Character)
[2017.06.15-16.50.25:467][354]LogBlueprint:Warning: Compiler Warning [0018.86] Compile of Ue4ASP_Character successful, but with 2 Warning(s) [in 0 ms] (/Game/AnimStarterPack/Ue4ASP_Character.Ue4ASP_Character)
[2017.06.15-16.50.25:467][354]LogBlueprint:Warning: Compiler Warning [0018.86] Compile of Ue4ASP_Character successful, but with 3 Warning(s) [in 0 ms] (/Game/AnimStarterPack/Ue4ASP_Character.Ue4ASP_Character)
[2017.06.15-16.50.26:425][354]LogAIModule: Creating AISystem for world PalaceLevel
[2017.06.15-16.50.26:426][354]LogWorld: Game class is 'AvaGameMode'
[2017.06.15-16.50.26:504][354]LogWorld: Bringing World /Game/Ava/Maps/UEDPIE_0_PalaceLevel.PalaceLevel up for play (max tick rate 0) at 2017.06.15-17.50.26
[2017.06.15-16.50.26:506][354]LogWorld: Bringing up level for play took: 0.079695
[2017.06.15-16.50.26:508][354]LogLoad: Took 1.218821 seconds to LoadMap(/Game/Ava/Maps/PalaceLevel)
[2017.06.15-16.50.36:226][458]LogBlueprintUserMessages: Early EndPlayMap Detection: Level '/Game/Ava/Maps/MainMenu.MainMenu:PersistentLevel' has LevelScriptBlueprint '/Game/Ava/Maps/MainMenu.MainMenu:PersistentLevel.MainMenu' with GeneratedClass '/Game/Ava/Maps/MainMenu.MainMenu_C' with ClassGeneratedBy '/Game/Ava/Maps/MainMenu.MainMenu:PersistentLevel.MainMenu'
[2017.06.15-16.50.36:260][458]LogBlueprintUserMessages: Late EndPlayMap Detection: Level '/Game/Ava/Maps/MainMenu.MainMenu:PersistentLevel' has LevelScriptBlueprint '/Game/Ava/Maps/MainMenu.MainMenu:PersistentLevel.MainMenu' with GeneratedClass '/Game/Ava/Maps/MainMenu.MainMenu_C' with ClassGeneratedBy '/Game/Ava/Maps/MainMenu.MainMenu:PersistentLevel.MainMenu'
[2017.06.15-16.51.38:028][690]LogHotReload: New module detected: UE4Editor-Ava-8285.dll
[2017.06.15-16.51.40:708][699]LogHotReload: Starting Hot-Reload from IDE
[2017.06.15-16.51.40:788][699]LogClass: ItemDataVariables HotReload.
[2017.06.15-16.51.40:788][699]LogClass: Item HotReload.
[2017.06.15-16.51.40:789][699]LogHotReload: Re-instancing MainCharacter after hot-reload.
[2017.06.15-16.51.40:819][699]LogHotReload: Re-instancing StatueObject after hot-reload.
[2017.06.15-16.51.40:851][699]LogContentBrowser: Native class hierarchy updated for 'Ava' in 0.0024 seconds. Added 7 classes and 2 folders.
[2017.06.15-16.51.40:852][699]Warning: HotReload successful (2 functions remapped  0 scriptstructs remapped)
[2017.06.15-16.51.40:941][699]LogContentBrowser: Native class hierarchy populated in 0.0114 seconds. Added 2087 classes and 380 folders.
[2017.06.15-16.51.40:946][699]Warning: HotReload took  0.2s.
[2017.06.15-16.51.44:435][783]LogBlueprintUserMessages: Early PlayInEditor Detection: Level '/Game/Ava/Maps/MainMenu.MainMenu:PersistentLevel' has LevelScriptBlueprint '/Game/Ava/Maps/MainMenu.MainMenu:PersistentLevel.MainMenu' with GeneratedClass '/Game/Ava/Maps/MainMenu.MainMenu_C' with ClassGeneratedBy '/Game/Ava/Maps/MainMenu.MainMenu:PersistentLevel.MainMenu'
[2017.06.15-16.51.44:435][783]LogPlayLevel: PlayLevel: No blueprints needed recompiling
[2017.06.15-16.51.44:435][783]PIE: New page: SIE session: MainMenu (15 Jun 2017 17:51:44)
[2017.06.15-16.51.44:435][783]LogPlayLevel: Creating play world package: /Game/Ava/Maps/UEDPIE_0_MainMenu
[2017.06.15-16.51.44:436][783]LogPlayLevel: PIE: StaticDuplicateObject took: (0.000989s)
[2017.06.15-16.51.44:437][783]LogAIModule: Creating AISystem for world MainMenu
[2017.06.15-16.51.44:437][783]LogPlayLevel: PIE: World Init took: (0.000623s)
[2017.06.15-16.51.44:437][783]LogPlayLevel: PIE: Created PIE world by copying editor world from /Game/Ava/Maps/MainMenu.MainMenu to /Game/Ava/Maps/UEDPIE_0_MainMenu.MainMenu (0.001801s)
[2017.06.15-16.51.44:447][783]LogInit: XAudio2 using 'Speakers (Realtek High Definition Audio)' : 2 channels at 48 kHz using 32 bits per sample (channel mask 0x3)
[2017.06.15-16.51.44:454][783]LogInit: FAudioDevice initialized.
[2017.06.15-16.51.44:498][783]LogWorld: Game class is 'AvaGameMode'
[2017.06.15-16.51.44:500][783]LogWorld: Bringing World /Game/Ava/Maps/UEDPIE_0_MainMenu.MainMenu up for play (max tick rate 0) at 2017.06.15-17.51.44
[2017.06.15-16.51.44:500][783]LogWorld: Bringing up level for play took: 0.001184
[2017.06.15-16.51.44:501][783]LogGameMode: Warning - PATHS NOT DEFINED or NO PLAYERSTART with positive rating
[2017.06.15-16.51.44:503][783]PIE: Info Play in editor start time for /Game/Ava/Maps/UEDPIE_0_MainMenu -0.169
[2017.06.15-16.51.44:504][783]LogBlueprintUserMessages: Late PlayInEditor Detection: Level '/Game/Ava/Maps/MainMenu.MainMenu:PersistentLevel' has LevelScriptBlueprint '/Game/Ava/Maps/MainMenu.MainMenu:PersistentLevel.MainMenu' with GeneratedClass '/Game/Ava/Maps/MainMenu.MainMenu_C' with ClassGeneratedBy '/Game/Ava/Maps/MainMenu.MainMenu:PersistentLevel.MainMenu'
[2017.06.15-16.51.45:593][874]LogEditorViewport: Clicking Background
[2017.06.15-16.51.45:869][900]LogNet: Browse: /Game/Ava/Maps/PalaceLevel
[2017.06.15-16.51.45:869][900]LogLoad: LoadMap: /Game/Ava/Maps/PalaceLevel
[2017.06.15-16.51.45:878][900]Cmd: MEM
[2017.06.15-16.51.45:884][900]LogMemory: Platform Memory Stats for Windows
[2017.06.15-16.51.45:884][900]LogMemory: Process Physical Memory: 1080.59 MB used, 1155.58 MB peak
[2017.06.15-16.51.45:884][900]LogMemory: Process Virtual Memory: 1668.66 MB used, 1760.22 MB peak
[2017.06.15-16.51.45:884][900]LogMemory: Physical Memory: 15504.12 MB used, 32684.15 MB total
[2017.06.15-16.51.45:884][900]LogMemory: Virtual Memory: 2574.71 MB used, 8388608.00 MB total
[2017.06.15-16.51.45:884][900]LogMemory: 
[2017.06.15-16.51.45:884][900]Allocator Stats for TBB: (not implemented)
[2017.06.15-16.51.46:295][900]LogAIModule: Creating AISystem for world PalaceLevel
[2017.06.15-16.51.46:296][900]LogWorld: Game class is 'AvaGameMode'
[2017.06.15-16.51.46:387][900]LogWorld: Bringing World /Game/Ava/Maps/UEDPIE_0_PalaceLevel.PalaceLevel up for play (max tick rate 0) at 2017.06.15-17.51.46
[2017.06.15-16.51.46:389][900]LogWorld: Bringing up level for play took: 0.091764
[2017.06.15-16.51.46:391][900]LogLoad: Took 0.521828 seconds to LoadMap(/Game/Ava/Maps/PalaceLevel)
[2017.06.15-16.51.56:726][ 48]LogBlueprintUserMessages: Early EndPlayMap Detection: Level '/Game/Ava/Maps/MainMenu.MainMenu:PersistentLevel' has LevelScriptBlueprint '/Game/Ava/Maps/MainMenu.MainMenu:PersistentLevel.MainMenu' with GeneratedClass '/Game/Ava/Maps/MainMenu.MainMenu_C' with ClassGeneratedBy '/Game/Ava/Maps/MainMenu.MainMenu:PersistentLevel.MainMenu'
[2017.06.15-16.51.56:759][ 48]LogBlueprintUserMessages: Late EndPlayMap Detection: Level '/Game/Ava/Maps/MainMenu.MainMenu:PersistentLevel' has LevelScriptBlueprint '/Game/Ava/Maps/MainMenu.MainMenu:PersistentLevel.MainMenu' with GeneratedClass '/Game/Ava/Maps/MainMenu.MainMenu_C' with ClassGeneratedBy '/Game/Ava/Maps/MainMenu.MainMenu:PersistentLevel.MainMenu'
[2017.06.15-16.52.25:470][214]LogHotReload: New module detected: UE4Editor-Ava-3107.dll
[2017.06.15-16.52.28:159][223]LogHotReload: Starting Hot-Reload from IDE
[2017.06.15-16.52.28:188][223]LogClass: ItemDataVariables HotReload.
[2017.06.15-16.52.28:188][223]LogClass: Item HotReload.
[2017.06.15-16.52.28:190][223]LogHotReload: Re-instancing MainCharacter after hot-reload.
[2017.06.15-16.52.28:229][223]LogHotReload: Re-instancing StatueObject after hot-reload.
[2017.06.15-16.52.28:263][223]LogContentBrowser: Native class hierarchy updated for 'Ava' in 0.0025 seconds. Added 7 classes and 2 folders.
[2017.06.15-16.52.28:264][223]Warning: HotReload successful (2 functions remapped  0 scriptstructs remapped)
[2017.06.15-16.52.28:301][223]LogContentBrowser: Native class hierarchy populated in 0.0090 seconds. Added 2087 classes and 380 folders.
[2017.06.15-16.52.28:305][223]Warning: HotReload took  0.1s.
[2017.06.15-16.52.32:527][347]LogBlueprintUserMessages: Early PlayInEditor Detection: Level '/Game/Ava/Maps/MainMenu.MainMenu:PersistentLevel' has LevelScriptBlueprint '/Game/Ava/Maps/MainMenu.MainMenu:PersistentLevel.MainMenu' with GeneratedClass '/Game/Ava/Maps/MainMenu.MainMenu_C' with ClassGeneratedBy '/Game/Ava/Maps/MainMenu.MainMenu:PersistentLevel.MainMenu'
[2017.06.15-16.52.32:527][347]LogPlayLevel: PlayLevel: No blueprints needed recompiling
[2017.06.15-16.52.32:527][347]PIE: New page: SIE session: MainMenu (15 Jun 2017 17:52:32)
[2017.06.15-16.52.32:527][347]LogPlayLevel: Creating play world package: /Game/Ava/Maps/UEDPIE_0_MainMenu
[2017.06.15-16.52.32:528][347]LogPlayLevel: PIE: StaticDuplicateObject took: (0.000956s)
[2017.06.15-16.52.32:528][347]LogAIModule: Creating AISystem for world MainMenu
[2017.06.15-16.52.32:528][347]LogPlayLevel: PIE: World Init took: (0.000512s)
[2017.06.15-16.52.32:528][347]LogPlayLevel: PIE: Created PIE world by copying editor world from /Game/Ava/Maps/MainMenu.MainMenu to /Game/Ava/Maps/UEDPIE_0_MainMenu.MainMenu (0.001635s)
[2017.06.15-16.52.32:540][347]LogInit: XAudio2 using 'Speakers (Realtek High Definition Audio)' : 2 channels at 48 kHz using 32 bits per sample (channel mask 0x3)
[2017.06.15-16.52.32:546][347]LogInit: FAudioDevice initialized.
[2017.06.15-16.52.32:590][347]LogWorld: Game class is 'AvaGameMode'
[2017.06.15-16.52.32:592][347]LogWorld: Bringing World /Game/Ava/Maps/UEDPIE_0_MainMenu.MainMenu up for play (max tick rate 0) at 2017.06.15-17.52.32
[2017.06.15-16.52.32:593][347]LogWorld: Bringing up level for play took: 0.001298
[2017.06.15-16.52.32:593][347]LogGameMode: Warning - PATHS NOT DEFINED or NO PLAYERSTART with positive rating
[2017.06.15-16.52.32:595][347]PIE: Info Play in editor start time for /Game/Ava/Maps/UEDPIE_0_MainMenu -0.075
[2017.06.15-16.52.32:596][347]LogBlueprintUserMessages: Late PlayInEditor Detection: Level '/Game/Ava/Maps/MainMenu.MainMenu:PersistentLevel' has LevelScriptBlueprint '/Game/Ava/Maps/MainMenu.MainMenu:PersistentLevel.MainMenu' with GeneratedClass '/Game/Ava/Maps/MainMenu.MainMenu_C' with ClassGeneratedBy '/Game/Ava/Maps/MainMenu.MainMenu:PersistentLevel.MainMenu'
[2017.06.15-16.52.33:097][392]LogEditorViewport: Clicking Background
[2017.06.15-16.52.33:895][467]LogNet: Browse: /Game/Ava/Maps/PalaceLevel
[2017.06.15-16.52.33:895][467]LogLoad: LoadMap: /Game/Ava/Maps/PalaceLevel
[2017.06.15-16.52.33:904][467]Cmd: MEM
[2017.06.15-16.52.33:911][467]LogMemory: Platform Memory Stats for Windows
[2017.06.15-16.52.33:911][467]LogMemory: Process Physical Memory: 1143.59 MB used, 1173.43 MB peak
[2017.06.15-16.52.33:911][467]LogMemory: Process Virtual Memory: 1739.77 MB used, 1801.64 MB peak
[2017.06.15-16.52.33:911][467]LogMemory: Physical Memory: 15578.83 MB used, 32684.15 MB total
[2017.06.15-16.52.33:911][467]LogMemory: Virtual Memory: 2659.86 MB used, 8388608.00 MB total
[2017.06.15-16.52.33:911][467]LogMemory: 
[2017.06.15-16.52.33:911][467]Allocator Stats for TBB: (not implemented)
[2017.06.15-16.52.34:267][467]LogAIModule: Creating AISystem for world PalaceLevel
[2017.06.15-16.52.34:267][467]LogWorld: Game class is 'AvaGameMode'
[2017.06.15-16.52.34:347][467]LogWorld: Bringing World /Game/Ava/Maps/UEDPIE_0_PalaceLevel.PalaceLevel up for play (max tick rate 0) at 2017.06.15-17.52.34
[2017.06.15-16.52.34:349][467]LogWorld: Bringing up level for play took: 0.081449
[2017.06.15-16.52.34:351][467]LogLoad: Took 0.456222 seconds to LoadMap(/Game/Ava/Maps/PalaceLevel)
[2017.06.15-16.52.49:641][ 62]LogBlueprintUserMessages: Early EndPlayMap Detection: Level '/Game/Ava/Maps/MainMenu.MainMenu:PersistentLevel' has LevelScriptBlueprint '/Game/Ava/Maps/MainMenu.MainMenu:PersistentLevel.MainMenu' with GeneratedClass '/Game/Ava/Maps/MainMenu.MainMenu_C' with ClassGeneratedBy '/Game/Ava/Maps/MainMenu.MainMenu:PersistentLevel.MainMenu'
[2017.06.15-16.52.49:670][ 62]LogBlueprintUserMessages: Late EndPlayMap Detection: Level '/Game/Ava/Maps/MainMenu.MainMenu:PersistentLevel' has LevelScriptBlueprint '/Game/Ava/Maps/MainMenu.MainMenu:PersistentLevel.MainMenu' with GeneratedClass '/Game/Ava/Maps/MainMenu.MainMenu_C' with ClassGeneratedBy '/Game/Ava/Maps/MainMenu.MainMenu:PersistentLevel.MainMenu'
[2017.06.15-16.53.25:494][223]LogHotReload: New module detected: UE4Editor-Ava-396.dll
[2017.06.15-16.53.28:175][232]LogHotReload: Starting Hot-Reload from IDE
[2017.06.15-16.53.28:245][232]LogClass: ItemDataVariables HotReload.
[2017.06.15-16.53.28:245][232]LogClass: Item HotReload.
[2017.06.15-16.53.28:246][232]LogHotReload: Re-instancing MainCharacter after hot-reload.
[2017.06.15-16.53.28:287][232]LogHotReload: Re-instancing StatueObject after hot-reload.
[2017.06.15-16.53.28:319][232]LogContentBrowser: Native class hierarchy updated for 'Ava' in 0.0025 seconds. Added 7 classes and 2 folders.
[2017.06.15-16.53.28:321][232]Warning: HotReload successful (2 functions remapped  0 scriptstructs remapped)
[2017.06.15-16.53.28:357][232]LogContentBrowser: Native class hierarchy populated in 0.0099 seconds. Added 2087 classes and 380 folders.
[2017.06.15-16.53.28:360][232]Warning: HotReload took  0.2s.
[2017.06.15-16.53.32:959][445]LogBlueprintUserMessages: Early PlayInEditor Detection: Level '/Game/Ava/Maps/MainMenu.MainMenu:PersistentLevel' has LevelScriptBlueprint '/Game/Ava/Maps/MainMenu.MainMenu:PersistentLevel.MainMenu' with GeneratedClass '/Game/Ava/Maps/MainMenu.MainMenu_C' with ClassGeneratedBy '/Game/Ava/Maps/MainMenu.MainMenu:PersistentLevel.MainMenu'
[2017.06.15-16.53.32:959][445]LogPlayLevel: PlayLevel: No blueprints needed recompiling
[2017.06.15-16.53.32:959][445]PIE: New page: SIE session: MainMenu (15 Jun 2017 17:53:32)
[2017.06.15-16.53.32:959][445]LogPlayLevel: Creating play world package: /Game/Ava/Maps/UEDPIE_0_MainMenu
[2017.06.15-16.53.32:960][445]LogPlayLevel: PIE: StaticDuplicateObject took: (0.001030s)
[2017.06.15-16.53.32:960][445]LogAIModule: Creating AISystem for world MainMenu
[2017.06.15-16.53.32:960][445]LogPlayLevel: PIE: World Init took: (0.000553s)
[2017.06.15-16.53.32:961][445]LogPlayLevel: PIE: Created PIE world by copying editor world from /Game/Ava/Maps/MainMenu.MainMenu to /Game/Ava/Maps/UEDPIE_0_MainMenu.MainMenu (0.001764s)
[2017.06.15-16.53.32:971][445]LogInit: XAudio2 using 'Speakers (Realtek High Definition Audio)' : 2 channels at 48 kHz using 32 bits per sample (channel mask 0x3)
[2017.06.15-16.53.32:977][445]LogInit: FAudioDevice initialized.
[2017.06.15-16.53.33:021][445]LogWorld: Game class is 'AvaGameMode'
[2017.06.15-16.53.33:023][445]LogWorld: Bringing World /Game/Ava/Maps/UEDPIE_0_MainMenu.MainMenu up for play (max tick rate 0) at 2017.06.15-17.53.33
[2017.06.15-16.53.33:023][445]LogWorld: Bringing up level for play took: 0.001158
[2017.06.15-16.53.33:024][445]LogGameMode: Warning - PATHS NOT DEFINED or NO PLAYERSTART with positive rating
[2017.06.15-16.53.33:026][445]PIE: Info Play in editor start time for /Game/Ava/Maps/UEDPIE_0_MainMenu 0.359
[2017.06.15-16.53.33:027][445]LogBlueprintUserMessages: Late PlayInEditor Detection: Level '/Game/Ava/Maps/MainMenu.MainMenu:PersistentLevel' has LevelScriptBlueprint '/Game/Ava/Maps/MainMenu.MainMenu:PersistentLevel.MainMenu' with GeneratedClass '/Game/Ava/Maps/MainMenu.MainMenu_C' with ClassGeneratedBy '/Game/Ava/Maps/MainMenu.MainMenu:PersistentLevel.MainMenu'
[2017.06.15-16.53.33:732][508]LogNet: Browse: /Game/Ava/Maps/PalaceLevel
[2017.06.15-16.53.33:732][508]LogLoad: LoadMap: /Game/Ava/Maps/PalaceLevel
[2017.06.15-16.53.33:741][508]Cmd: MEM
[2017.06.15-16.53.33:747][508]LogMemory: Platform Memory Stats for Windows
[2017.06.15-16.53.33:747][508]LogMemory: Process Physical Memory: 1146.34 MB used, 1220.30 MB peak
[2017.06.15-16.53.33:747][508]LogMemory: Process Virtual Memory: 1747.67 MB used, 1835.95 MB peak
[2017.06.15-16.53.33:747][508]LogMemory: Physical Memory: 15561.00 MB used, 32684.15 MB total
[2017.06.15-16.53.33:747][508]LogMemory: Virtual Memory: 2662.70 MB used, 8388608.00 MB total
[2017.06.15-16.53.33:747][508]LogMemory: 
[2017.06.15-16.53.33:747][508]Allocator Stats for TBB: (not implemented)
[2017.06.15-16.53.34:116][508]LogAIModule: Creating AISystem for world PalaceLevel
[2017.06.15-16.53.34:117][508]LogWorld: Game class is 'AvaGameMode'
[2017.06.15-16.53.34:191][508]LogWorld: Bringing World /Game/Ava/Maps/UEDPIE_0_PalaceLevel.PalaceLevel up for play (max tick rate 0) at 2017.06.15-17.53.34
[2017.06.15-16.53.34:194][508]LogWorld: Bringing up level for play took: 0.075835
[2017.06.15-16.53.34:195][508]LogLoad: Took 0.463289 seconds to LoadMap(/Game/Ava/Maps/PalaceLevel)
[2017.06.15-16.53.46:060][635]LogEditorViewport: Clicking on Actor (LMB): MainCharacter (MainCharacter1)
[2017.06.15-16.53.46:395][656]Cmd: CAMERA ALIGN ACTIVEVIEWPORTONLY
[2017.06.15-16.53.50:778][ 41]LogBlueprintUserMessages: Early EndPlayMap Detection: Level '/Game/Ava/Maps/MainMenu.MainMenu:PersistentLevel' has LevelScriptBlueprint '/Game/Ava/Maps/MainMenu.MainMenu:PersistentLevel.MainMenu' with GeneratedClass '/Game/Ava/Maps/MainMenu.MainMenu_C' with ClassGeneratedBy '/Game/Ava/Maps/MainMenu.MainMenu:PersistentLevel.MainMenu'
[2017.06.15-16.53.50:810][ 41]LogBlueprintUserMessages: Late EndPlayMap Detection: Level '/Game/Ava/Maps/MainMenu.MainMenu:PersistentLevel' has LevelScriptBlueprint '/Game/Ava/Maps/MainMenu.MainMenu:PersistentLevel.MainMenu' with GeneratedClass '/Game/Ava/Maps/MainMenu.MainMenu_C' with ClassGeneratedBy '/Game/Ava/Maps/MainMenu.MainMenu:PersistentLevel.MainMenu'
[2017.06.15-16.53.52:544][222]LogBlueprintUserMessages: Early PlayInEditor Detection: Level '/Game/Ava/Maps/MainMenu.MainMenu:PersistentLevel' has LevelScriptBlueprint '/Game/Ava/Maps/MainMenu.MainMenu:PersistentLevel.MainMenu' with GeneratedClass '/Game/Ava/Maps/MainMenu.MainMenu_C' with ClassGeneratedBy '/Game/Ava/Maps/MainMenu.MainMenu:PersistentLevel.MainMenu'
[2017.06.15-16.53.52:545][222]LogPlayLevel: PlayLevel: No blueprints needed recompiling
[2017.06.15-16.53.52:545][222]PIE: New page: SIE session: MainMenu (15 Jun 2017 17:53:52)
[2017.06.15-16.53.52:545][222]LogPlayLevel: Creating play world package: /Game/Ava/Maps/UEDPIE_0_MainMenu
[2017.06.15-16.53.52:546][222]LogPlayLevel: PIE: StaticDuplicateObject took: (0.001092s)
[2017.06.15-16.53.52:546][222]LogAIModule: Creating AISystem for world MainMenu
[2017.06.15-16.53.52:546][222]LogPlayLevel: PIE: World Init took: (0.000595s)
[2017.06.15-16.53.52:547][222]LogPlayLevel: PIE: Created PIE world by copying editor world from /Game/Ava/Maps/MainMenu.MainMenu to /Game/Ava/Maps/UEDPIE_0_MainMenu.MainMenu (0.001890s)
[2017.06.15-16.53.52:556][222]LogInit: XAudio2 using 'Speakers (Realtek High Definition Audio)' : 2 channels at 48 kHz using 32 bits per sample (channel mask 0x3)
[2017.06.15-16.53.52:563][222]LogInit: FAudioDevice initialized.
[2017.06.15-16.53.52:606][222]LogWorld: Game class is 'AvaGameMode'
[2017.06.15-16.53.52:608][222]LogWorld: Bringing World /Game/Ava/Maps/UEDPIE_0_MainMenu.MainMenu up for play (max tick rate 0) at 2017.06.15-17.53.52
[2017.06.15-16.53.52:608][222]LogWorld: Bringing up level for play took: 0.001161
[2017.06.15-16.53.52:609][222]LogGameMode: Warning - PATHS NOT DEFINED or NO PLAYERSTART with positive rating
[2017.06.15-16.53.52:610][222]PIE: Info Play in editor start time for /Game/Ava/Maps/UEDPIE_0_MainMenu -0.056
[2017.06.15-16.53.52:612][222]LogBlueprintUserMessages: Late PlayInEditor Detection: Level '/Game/Ava/Maps/MainMenu.MainMenu:PersistentLevel' has LevelScriptBlueprint '/Game/Ava/Maps/MainMenu.MainMenu:PersistentLevel.MainMenu' with GeneratedClass '/Game/Ava/Maps/MainMenu.MainMenu_C' with ClassGeneratedBy '/Game/Ava/Maps/MainMenu.MainMenu:PersistentLevel.MainMenu'
[2017.06.15-16.53.55:667][549]LogNet: Browse: /Game/Ava/Maps/PalaceLevel
[2017.06.15-16.53.55:667][549]LogLoad: LoadMap: /Game/Ava/Maps/PalaceLevel
[2017.06.15-16.53.55:677][549]Cmd: MEM
[2017.06.15-16.53.55:685][549]LogMemory: Platform Memory Stats for Windows
[2017.06.15-16.53.55:685][549]LogMemory: Process Physical Memory: 1174.53 MB used, 1220.30 MB peak
[2017.06.15-16.53.55:685][549]LogMemory: Process Virtual Memory: 1903.27 MB used, 1914.13 MB peak
[2017.06.15-16.53.55:685][549]LogMemory: Physical Memory: 15581.32 MB used, 32684.15 MB total
[2017.06.15-16.53.55:685][549]LogMemory: Virtual Memory: 2806.96 MB used, 8388608.00 MB total
[2017.06.15-16.53.55:685][549]LogMemory: 
[2017.06.15-16.53.55:685][549]Allocator Stats for TBB: (not implemented)
[2017.06.15-16.53.56:065][549]LogAIModule: Creating AISystem for world PalaceLevel
[2017.06.15-16.53.56:065][549]LogWorld: Game class is 'AvaGameMode'
[2017.06.15-16.53.56:144][549]LogWorld: Bringing World /Game/Ava/Maps/UEDPIE_0_PalaceLevel.PalaceLevel up for play (max tick rate 0) at 2017.06.15-17.53.56
[2017.06.15-16.53.56:147][549]LogWorld: Bringing up level for play took: 0.079990
[2017.06.15-16.53.56:148][549]LogLoad: Took 0.481199 seconds to LoadMap(/Game/Ava/Maps/PalaceLevel)
[2017.06.15-16.54.17:261][ 73]LogBlueprintUserMessages: Early EndPlayMap Detection: Level '/Game/Ava/Maps/MainMenu.MainMenu:PersistentLevel' has LevelScriptBlueprint '/Game/Ava/Maps/MainMenu.MainMenu:PersistentLevel.MainMenu' with GeneratedClass '/Game/Ava/Maps/MainMenu.MainMenu_C' with ClassGeneratedBy '/Game/Ava/Maps/MainMenu.MainMenu:PersistentLevel.MainMenu'
[2017.06.15-16.54.17:293][ 73]LogBlueprintUserMessages: Late EndPlayMap Detection: Level '/Game/Ava/Maps/MainMenu.MainMenu:PersistentLevel' has LevelScriptBlueprint '/Game/Ava/Maps/MainMenu.MainMenu:PersistentLevel.MainMenu' with GeneratedClass '/Game/Ava/Maps/MainMenu.MainMenu_C' with ClassGeneratedBy '/Game/Ava/Maps/MainMenu.MainMenu:PersistentLevel.MainMenu'
[2017.06.15-16.56.14:980][465]LogHotReload: New module detected: UE4Editor-Ava-8110.dll
[2017.06.15-16.56.17:338][473]LogHotReload: Starting Hot-Reload from IDE
[2017.06.15-16.56.17:399][473]LogClass: ItemDataVariables HotReload.
[2017.06.15-16.56.17:399][473]LogClass: Item HotReload.
[2017.06.15-16.56.17:400][473]LogHotReload: Re-instancing MainCharacter after hot-reload.
[2017.06.15-16.56.17:432][473]LogHotReload: Re-instancing StatueObject after hot-reload.
[2017.06.15-16.56.17:468][473]LogContentBrowser: Native class hierarchy updated for 'Ava' in 0.0024 seconds. Added 7 classes and 2 folders.
[2017.06.15-16.56.17:469][473]Warning: HotReload successful (2 functions remapped  0 scriptstructs remapped)
[2017.06.15-16.56.17:503][473]LogContentBrowser: Native class hierarchy populated in 0.0096 seconds. Added 2087 classes and 380 folders.
[2017.06.15-16.56.17:507][473]Warning: HotReload took  0.2s.
[2017.06.15-16.56.24:023][682]LogBlueprintUserMessages: Early PlayInEditor Detection: Level '/Game/Ava/Maps/MainMenu.MainMenu:PersistentLevel' has LevelScriptBlueprint '/Game/Ava/Maps/MainMenu.MainMenu:PersistentLevel.MainMenu' with GeneratedClass '/Game/Ava/Maps/MainMenu.MainMenu_C' with ClassGeneratedBy '/Game/Ava/Maps/MainMenu.MainMenu:PersistentLevel.MainMenu'
[2017.06.15-16.56.24:024][682]LogPlayLevel: PlayLevel: No blueprints needed recompiling
[2017.06.15-16.56.24:024][682]PIE: New page: SIE session: MainMenu (15 Jun 2017 17:56:24)
[2017.06.15-16.56.24:024][682]LogPlayLevel: Creating play world package: /Game/Ava/Maps/UEDPIE_0_MainMenu
[2017.06.15-16.56.24:025][682]LogPlayLevel: PIE: StaticDuplicateObject took: (0.001211s)
[2017.06.15-16.56.24:026][682]LogAIModule: Creating AISystem for world MainMenu
[2017.06.15-16.56.24:026][682]LogPlayLevel: PIE: World Init took: (0.000740s)
[2017.06.15-16.56.24:026][682]LogPlayLevel: PIE: Created PIE world by copying editor world from /Game/Ava/Maps/MainMenu.MainMenu to /Game/Ava/Maps/UEDPIE_0_MainMenu.MainMenu (0.002171s)
[2017.06.15-16.56.24:037][682]LogInit: XAudio2 using 'Speakers (Realtek High Definition Audio)' : 2 channels at 48 kHz using 32 bits per sample (channel mask 0x3)
[2017.06.15-16.56.24:043][682]LogInit: FAudioDevice initialized.
[2017.06.15-16.56.24:087][682]LogWorld: Game class is 'AvaGameMode'
[2017.06.15-16.56.24:089][682]LogWorld: Bringing World /Game/Ava/Maps/UEDPIE_0_MainMenu.MainMenu up for play (max tick rate 0) at 2017.06.15-17.56.24
[2017.06.15-16.56.24:089][682]LogWorld: Bringing up level for play took: 0.001227
[2017.06.15-16.56.24:090][682]LogGameMode: Warning - PATHS NOT DEFINED or NO PLAYERSTART with positive rating
[2017.06.15-16.56.24:092][682]PIE: Info Play in editor start time for /Game/Ava/Maps/UEDPIE_0_MainMenu -0.567
[2017.06.15-16.56.24:093][682]LogBlueprintUserMessages: Late PlayInEditor Detection: Level '/Game/Ava/Maps/MainMenu.MainMenu:PersistentLevel' has LevelScriptBlueprint '/Game/Ava/Maps/MainMenu.MainMenu:PersistentLevel.MainMenu' with GeneratedClass '/Game/Ava/Maps/MainMenu.MainMenu_C' with ClassGeneratedBy '/Game/Ava/Maps/MainMenu.MainMenu:PersistentLevel.MainMenu'
[2017.06.15-16.56.25:037][768]LogEditorViewport: Clicking Background
[2017.06.15-16.56.25:268][788]LogNet: Browse: /Game/Ava/Maps/PalaceLevel
[2017.06.15-16.56.25:268][788]LogLoad: LoadMap: /Game/Ava/Maps/PalaceLevel
[2017.06.15-16.56.25:276][788]Cmd: MEM
[2017.06.15-16.56.25:285][788]LogMemory: Platform Memory Stats for Windows
[2017.06.15-16.56.25:285][788]LogMemory: Process Physical Memory: 1174.57 MB used, 1220.30 MB peak
[2017.06.15-16.56.25:285][788]LogMemory: Process Virtual Memory: 1887.58 MB used, 1984.49 MB peak
[2017.06.15-16.56.25:285][788]LogMemory: Physical Memory: 15550.15 MB used, 32684.15 MB total
[2017.06.15-16.56.25:285][788]LogMemory: Virtual Memory: 2791.62 MB used, 8388608.00 MB total
[2017.06.15-16.56.25:285][788]LogMemory: 
[2017.06.15-16.56.25:285][788]Allocator Stats for TBB: (not implemented)
[2017.06.15-16.56.25:646][788]LogAIModule: Creating AISystem for world PalaceLevel
[2017.06.15-16.56.25:646][788]LogWorld: Game class is 'AvaGameMode'
[2017.06.15-16.56.25:723][788]LogWorld: Bringing World /Game/Ava/Maps/UEDPIE_0_PalaceLevel.PalaceLevel up for play (max tick rate 0) at 2017.06.15-17.56.25
[2017.06.15-16.56.25:725][788]LogWorld: Bringing up level for play took: 0.077894
[2017.06.15-16.56.25:727][788]LogLoad: Took 0.459327 seconds to LoadMap(/Game/Ava/Maps/PalaceLevel)
[2017.06.15-16.56.38:264][217]LogBlueprintUserMessages: Early EndPlayMap Detection: Level '/Game/Ava/Maps/MainMenu.MainMenu:PersistentLevel' has LevelScriptBlueprint '/Game/Ava/Maps/MainMenu.MainMenu:PersistentLevel.MainMenu' with GeneratedClass '/Game/Ava/Maps/MainMenu.MainMenu_C' with ClassGeneratedBy '/Game/Ava/Maps/MainMenu.MainMenu:PersistentLevel.MainMenu'
[2017.06.15-16.56.38:298][217]LogBlueprintUserMessages: Late EndPlayMap Detection: Level '/Game/Ava/Maps/MainMenu.MainMenu:PersistentLevel' has LevelScriptBlueprint '/Game/Ava/Maps/MainMenu.MainMenu:PersistentLevel.MainMenu' with GeneratedClass '/Game/Ava/Maps/MainMenu.MainMenu_C' with ClassGeneratedBy '/Game/Ava/Maps/MainMenu.MainMenu:PersistentLevel.MainMenu'
[2017.06.15-16.56.40:092][396]Cmd: QUIT_EDITOR
[2017.06.15-16.56.40:157][396]LogExit: Preparing to exit.
[2017.06.15-16.56.40:434][396]LogHoudiniEngine: HAPI Synchronous Deletion of  Started. HoudiniAsset = 0x0, 
[2017.06.15-16.56.40:438][396]LogExit: Editor shut down
[2017.06.15-16.56.40:438][396]LogExit: Transaction tracking system shut down
[2017.06.15-16.56.40:558][396]LogObj: Freed 0b from 0 cluster array pools.
[2017.06.15-16.56.40:558][396]LogExit: Object subsystem successfully closed.
[2017.06.15-16.56.40:576][396]LogD3D11RHI: Shutdown
[2017.06.15-16.56.40:576][396]LogD3D11RHI: CleanupD3DDevice
[2017.06.15-16.56.40:620][396]LogD3D11RHI: ~FD3D11DynamicRHI
[2017.06.15-16.56.40:638][396]LogModuleManager: Shutting down and abandoning module MovieSceneCapture (217)
[2017.06.15-16.56.40:638][396]LogModuleManager: Shutting down and abandoning module HierarchicalLODOutliner (216)
[2017.06.15-16.56.40:638][396]LogModuleManager: Shutting down and abandoning module CrashTracker (215)
[2017.06.15-16.56.40:638][396]LogModuleManager: Shutting down and abandoning module SceneOutliner (214)
[2017.06.15-16.56.40:638][396]LogModuleManager: Shutting down and abandoning module WidgetCarousel (213)
[2017.06.15-16.56.40:638][396]LogModuleManager: Shutting down and abandoning module AddContentDialog (212)
[2017.06.15-16.56.40:639][396]LogModuleManager: Shutting down and abandoning module GameplayTags (211)
[2017.06.15-16.56.40:639][396]LogModuleManager: Shutting down and abandoning module EditorWidgets (210)
[2017.06.15-16.56.40:639][396]LogModuleManager: Shutting down and abandoning module CollectionManager (209)
[2017.06.15-16.56.40:640][396]LogModuleManager: Shutting down and abandoning module StatsViewer (208)
[2017.06.15-16.56.40:640][396]LogModuleManager: Shutting down and abandoning module FoliageEdit (207)
[2017.06.15-16.56.40:640][396]LogModuleManager: Shutting down and abandoning module LandscapeEditor (206)
[2017.06.15-16.56.40:640][396]LogModuleManager: Shutting down and abandoning module SceneDepthPickerMode (205)
[2017.06.15-16.56.40:640][396]LogModuleManager: Shutting down and abandoning module ActorPickerMode (204)
[2017.06.15-16.56.40:640][396]LogModuleManager: Shutting down and abandoning module GeometryMode (203)
[2017.06.15-16.56.40:640][396]LogModuleManager: Shutting down and abandoning module TextureAlignMode (202)
[2017.06.15-16.56.40:640][396]LogModuleManager: Shutting down and abandoning module BspMode (201)
[2017.06.15-16.56.40:640][396]LogModuleManager: Shutting down and abandoning module HardwareSurvey (200)
[2017.06.15-16.56.40:640][396]LogModuleManager: Shutting down and abandoning module SequenceRecorderSections (199)
[2017.06.15-16.56.40:640][396]LogModuleManager: Shutting down and abandoning module SequenceRecorder (198)
[2017.06.15-16.56.40:640][396]LogModuleManager: Shutting down and abandoning module AutomationWorker (197)
[2017.06.15-16.56.40:640][396]LogModuleManager: Shutting down and abandoning module HoudiniEngineEditor (196)
[2017.06.15-16.56.40:640][396]LogHoudiniEngineEditor: Shutting down the Houdini Engine Editor module.
[2017.06.15-16.56.40:640][396]LogModuleManager: Shutting down and abandoning module MatineeToLevelSequence (195)
[2017.06.15-16.56.40:640][396]LogModuleManager: Shutting down and abandoning module PlacementMode (194)
[2017.06.15-16.56.40:640][396]LogModuleManager: Shutting down and abandoning module LevelSequenceEditor (193)
[2017.06.15-16.56.40:640][396]LogModuleManager: Shutting down and abandoning module CharacterAI (192)
[2017.06.15-16.56.40:640][396]LogModuleManager: Shutting down and abandoning module SmartSnapping (191)
[2017.06.15-16.56.40:640][396]LogModuleManager: Shutting down and abandoning module SessionServices (190)
[2017.06.15-16.56.40:640][396]LogModuleManager: Shutting down and abandoning module ViewportSnapping (189)
[2017.06.15-16.56.40:640][396]LogModuleManager: Shutting down and abandoning module LogVisualizer (188)
[2017.06.15-16.56.40:640][396]LogModuleManager: Shutting down and abandoning module GameProjectGeneration (187)
[2017.06.15-16.56.40:640][396]LogModuleManager: Shutting down and abandoning module IntroTutorials (186)
[2017.06.15-16.56.40:640][396]LogModuleManager: Shutting down and abandoning module EditorLiveStreaming (185)
[2017.06.15-16.56.40:640][396]LogModuleManager: Shutting down and abandoning module IOSPlatformEditor (184)
[2017.06.15-16.56.40:640][396]LogModuleManager: Shutting down and abandoning module HTML5PlatformEditor (183)
[2017.06.15-16.56.40:640][396]LogModuleManager: Shutting down and abandoning module AndroidDeviceDetection (182)
[2017.06.15-16.56.41:631][396]LogModuleManager: Shutting down and abandoning module AndroidPlatformEditor (181)
[2017.06.15-16.56.41:631][396]LogModuleManager: Shutting down and abandoning module IOSRuntimeSettings (180)
[2017.06.15-16.56.41:631][396]LogModuleManager: Shutting down and abandoning module AndroidRuntimeSettings (179)
[2017.06.15-16.56.41:631][396]LogModuleManager: Shutting down and abandoning module MergeActors (178)
[2017.06.15-16.56.41:631][396]LogModuleManager: Shutting down and abandoning module SizeMap (177)
[2017.06.15-16.56.41:631][396]LogModuleManager: Shutting down and abandoning module TreeMap (176)
[2017.06.15-16.56.41:631][396]LogModuleManager: Shutting down and abandoning module ReferenceViewer (175)
[2017.06.15-16.56.41:631][396]LogModuleManager: Shutting down and abandoning module LocalizationService (174)
[2017.06.15-16.56.41:631][396]LogModuleManager: Shutting down and abandoning module LocalizationDashboard (173)
[2017.06.15-16.56.41:631][396]LogModuleManager: Shutting down and abandoning module HardwareTargeting (172)
[2017.06.15-16.56.41:631][396]LogModuleManager: Shutting down and abandoning module DeviceProfileEditor (171)
[2017.06.15-16.56.41:631][396]LogModuleManager: Shutting down and abandoning module UndoHistory (170)
[2017.06.15-16.56.41:631][396]LogModuleManager: Shutting down and abandoning module UserFeedback (169)
[2017.06.15-16.56.41:631][396]LogModuleManager: Shutting down and abandoning module XmlParser (168)
[2017.06.15-16.56.41:631][396]LogModuleManager: Shutting down and abandoning module Blutility (167)
[2017.06.15-16.56.41:631][396]LogModuleManager: Shutting down and abandoning module ProjectTargetPlatformEditor (166)
[2017.06.15-16.56.41:631][396]LogModuleManager: Shutting down and abandoning module ProjectSettingsViewer (165)
[2017.06.15-16.56.41:631][396]LogModuleManager: Shutting down and abandoning module InputBindingEditor (164)
[2017.06.15-16.56.41:632][396]LogModuleManager: Shutting down and abandoning module EditorSettingsViewer (163)
[2017.06.15-16.56.41:632][396]LogModuleManager: Shutting down and abandoning module SettingsEditor (162)
[2017.06.15-16.56.41:632][396]LogModuleManager: Shutting down and abandoning module ProjectLauncher (161)
[2017.06.15-16.56.41:632][396]LogModuleManager: Shutting down and abandoning module SessionFrontend (160)
[2017.06.15-16.56.41:632][396]LogModuleManager: Shutting down and abandoning module ProfilerClient (159)
[2017.06.15-16.56.41:632][396]LogModuleManager: Shutting down and abandoning module TargetDeviceServices (158)
[2017.06.15-16.56.41:632][396]LogModuleManager: Shutting down and abandoning module DeviceManager (157)
[2017.06.15-16.56.41:682][396]LogModuleManager: Shutting down and abandoning module AutomationController (156)
[2017.06.15-16.56.41:682][396]LogModuleManager: Shutting down and abandoning module AutomationWindow (155)
[2017.06.15-16.56.41:682][396]LogModuleManager: Shutting down and abandoning module Layers (154)
[2017.06.15-16.56.41:682][396]LogModuleManager: Shutting down and abandoning module ComponentVisualizers (153)
[2017.06.15-16.56.41:682][396]LogModuleManager: Shutting down and abandoning module DetailCustomizations (152)
[2017.06.15-16.56.41:682][396]LogModuleManager: Shutting down and abandoning module PackagesDialog (151)
[2017.06.15-16.56.41:682][396]LogModuleManager: Shutting down and abandoning module Persona (150)
[2017.06.15-16.56.41:682][396]LogModuleManager: Shutting down and abandoning module Kismet (149)
[2017.06.15-16.56.41:682][396]LogModuleManager: Shutting down and abandoning module GraphEditor (148)
[2017.06.15-16.56.41:682][396]LogModuleManager: Shutting down and abandoning module ClassViewer (147)
[2017.06.15-16.56.41:682][396]LogModuleManager: Shutting down and abandoning module Toolbox (146)
[2017.06.15-16.56.41:682][396]LogModuleManager: Shutting down and abandoning module ModuleUI (145)
[2017.06.15-16.56.41:682][396]LogModuleManager: Shutting down and abandoning module MovieSceneTools (144)
[2017.06.15-16.56.41:682][396]LogModuleManager: Shutting down and abandoning module OutputLog (143)
[2017.06.15-16.56.41:682][396]LogModuleManager: Shutting down and abandoning module GammaUI (142)
[2017.06.15-16.56.41:682][396]LogModuleManager: Shutting down and abandoning module Documentation (141)
[2017.06.15-16.56.41:682][396]LogModuleManager: Shutting down and abandoning module StreamingPauseRendering (140)
[2017.06.15-16.56.41:682][396]LogModuleManager: Shutting down and abandoning module AnalyticsET (139)
[2017.06.15-16.56.41:682][396]LogModuleManager: Shutting down and abandoning module Analytics (138)
[2017.06.15-16.56.41:682][396]LogModuleManager: Shutting down and abandoning module PortalServices (137)
[2017.06.15-16.56.41:682][396]LogModuleManager: Shutting down and abandoning module PortalRpc (136)
[2017.06.15-16.56.41:682][396]LogModuleManager: Shutting down and abandoning module MessagingRpc (135)
[2017.06.15-16.56.41:682][396]LogModuleManager: Shutting down and abandoning module GameplayDebugger (134)
[2017.06.15-16.56.41:682][396]LogModuleManager: Shutting down and abandoning module AITestSuite (133)
[2017.06.15-16.56.41:682][396]LogModuleManager: Shutting down and abandoning module AIModule (132)
[2017.06.15-16.56.41:682][396]LogModuleManager: Shutting down and abandoning module ProfilerService (131)
[2017.06.15-16.56.41:707][396]LogModuleManager: Shutting down and abandoning module TaskGraph (130)
[2017.06.15-16.56.41:707][396]LogModuleManager: Shutting down and abandoning module SlateRemote (129)
[2017.06.15-16.56.41:707][396]LogModuleManager: Shutting down and abandoning module SteamVRController (128)
[2017.06.15-16.56.41:707][396]LogModuleManager: Shutting down and abandoning module SteamVR (127)
[2017.06.15-16.56.41:707][396]LogModuleManager: Shutting down and abandoning module ProceduralMeshComponent (126)
[2017.06.15-16.56.41:707][396]LogModuleManager: Shutting down and abandoning module OculusLibrary (125)
[2017.06.15-16.56.41:707][396]LogModuleManager: Shutting down and abandoning module OculusInput (124)
[2017.06.15-16.56.41:707][396]LogModuleManager: Shutting down and abandoning module HoudiniEngineRuntime (123)
[2017.06.15-16.56.41:707][396]LogHoudiniEngine: Shutting down the Houdini Engine module.
[2017.06.15-16.56.41:707][396]LogUObjectArray:Warning: Invalid object index -572662307
[2017.06.15-16.56.41:707][396]LogUObjectArray:Warning: Invalid object index -572662307
[2017.06.15-16.56.41:707][396]LogUObjectArray:Warning: Invalid object index -572662307
[2017.06.15-16.56.41:707][396]LogUObjectArray:Warning: Invalid object index -572662307
[2017.06.15-16.56.41:711][396]LogModuleManager: Shutting down and abandoning module CustomMeshComponent (122)
[2017.06.15-16.56.41:711][396]LogModuleManager: Shutting down and abandoning module CableComponent (121)
[2017.06.15-16.56.41:711][396]LogModuleManager: Shutting down and abandoning module ArchVisCharacter (120)
[2017.06.15-16.56.41:711][396]LogModuleManager: Shutting down and abandoning module MediaPlayerEditor (119)
[2017.06.15-16.56.41:711][396]LogModuleManager: Shutting down and abandoning module HTML5Networking (118)
[2017.06.15-16.56.41:711][396]LogModuleManager: Shutting down and abandoning module SuperSearch (117)
[2017.06.15-16.56.41:711][396]LogModuleManager: Shutting down and abandoning module SuperSearchEditor (116)
[2017.06.15-16.56.41:711][396]LogModuleManager: Shutting down and abandoning module SpeedTreeImporter (115)
[2017.06.15-16.56.41:711][396]LogModuleManager: Shutting down and abandoning module PluginBrowser (114)
[2017.06.15-16.56.41:711][396]LogModuleManager: Shutting down and abandoning module EpicSurvey (113)
[2017.06.15-16.56.41:711][396]LogModuleManager: Shutting down and abandoning module DesktopPlatform (112)
[2017.06.15-16.56.41:711][396]LogModuleManager: Shutting down and abandoning module VisualStudioSourceCodeAccess (111)
[2017.06.15-16.56.41:711][396]LogModuleManager: Shutting down and abandoning module UObjectPlugin (110)
[2017.06.15-16.56.41:711][396]LogModuleManager: Shutting down and abandoning module SubversionSourceControl (109)
[2017.06.15-16.56.41:711][396]LogModuleManager: Shutting down and abandoning module PerforceSourceControl (108)
[2017.06.15-16.56.41:711][396]LogModuleManager: Shutting down and abandoning module SourceControl (107)
[2017.06.15-16.56.41:712][396]LogModuleManager: Shutting down and abandoning module GitSourceControl (106)
[2017.06.15-16.56.41:712][396]LogModuleManager: Shutting down and abandoning module LightPropagationVolumeEditor (105)
[2017.06.15-16.56.41:712][396]LogModuleManager: Shutting down and abandoning module PaperTiledImporter (104)
[2017.06.15-16.56.41:712][396]LogModuleManager: Shutting down and abandoning module PaperSpriteSheetImporter (103)
[2017.06.15-16.56.41:712][396]LogModuleManager: Shutting down and abandoning module MeshPaint (102)
[2017.06.15-16.56.41:712][396]LogModuleManager: Shutting down and abandoning module PixelInspectorModule (101)
[2017.06.15-16.56.41:712][396]LogModuleManager: Shutting down and abandoning module HotReload (100)
[2017.06.15-16.56.41:714][396]LogModuleManager: Shutting down and abandoning module MainFrame (99)
[2017.06.15-16.56.41:714][396]LogModuleManager: Shutting down and abandoning module LevelEditor (98)
[2017.06.15-16.56.41:715][396]LogModuleManager: Shutting down and abandoning module ContentBrowser (97)
[2017.06.15-16.56.41:717][396]LogModuleManager: Shutting down and abandoning module Paper2DEditor (96)
[2017.06.15-16.56.41:717][396]LogModuleManager: Shutting down and abandoning module Ava (95)
[2017.06.15-16.56.41:717][396]LogModuleManager: Shutting down and abandoning module UdpMessaging (94)
[2017.06.15-16.56.41:817][396]LogModuleManager: Shutting down and abandoning module LightPropagationVolumeRuntime (93)
[2017.06.15-16.56.41:817][396]LogModuleManager: Shutting down and abandoning module Paper2D (92)
[2017.06.15-16.56.41:817][396]LogModuleManager: Shutting down and abandoning module WindowsMoviePlayer (91)
[2017.06.15-16.56.41:817][396]LogModuleManager: Shutting down and abandoning module Media (90)
[2017.06.15-16.56.41:817][396]LogModuleManager: Shutting down and abandoning module WmfMedia (89)
[2017.06.15-16.56.41:818][396]LogModuleManager: Shutting down and abandoning module MediaAssets (88)
[2017.06.15-16.56.41:818][396]LogModuleManager: Shutting down and abandoning module GameLiveStreaming (87)
[2017.06.15-16.56.41:818][396]LogModuleManager: Shutting down and abandoning module GameplayTagsEditor (86)
[2017.06.15-16.56.41:818][396]LogModuleManager: Shutting down and abandoning module OnlineBlueprintSupport (85)
[2017.06.15-16.56.41:818][396]LogModuleManager: Shutting down and abandoning module VREditor (84)
[2017.06.15-16.56.41:818][396]LogModuleManager: Shutting down and abandoning module GameplayTasksEditor (83)
[2017.06.15-16.56.41:818][396]LogModuleManager: Shutting down and abandoning module PropertyEditor (82)
[2017.06.15-16.56.41:818][396]LogModuleManager: Shutting down and abandoning module BehaviorTreeEditor (81)
[2017.06.15-16.56.41:818][396]LogModuleManager: Shutting down and abandoning module FunctionalTesting (80)
[2017.06.15-16.56.41:818][396]LogModuleManager: Shutting down and abandoning module CollisionAnalyzer (79)
[2017.06.15-16.56.41:818][396]LogModuleManager: Shutting down and abandoning module Sequencer (78)
[2017.06.15-16.56.41:818][396]LogModuleManager: Shutting down and abandoning module WorkspaceMenuStructure (77)
[2017.06.15-16.56.41:818][396]LogModuleManager: Shutting down and abandoning module MessageLog (76)
[2017.06.15-16.56.41:818][396]LogModuleManager: Shutting down and abandoning module AssetTools (75)
[2017.06.15-16.56.41:819][396]LogModuleManager: Shutting down and abandoning module UMGEditor (74)
[2017.06.15-16.56.41:819][396]LogModuleManager: Shutting down and abandoning module UMG (73)
[2017.06.15-16.56.41:819][396]LogModuleManager: Shutting down and abandoning module SlateReflector (72)
[2017.06.15-16.56.41:819][396]LogModuleManager: Shutting down and abandoning module Slate (71)
[2017.06.15-16.56.41:819][396]LogModuleManager: Shutting down and abandoning module EditorStyle (70)
[2017.06.15-16.56.41:825][396]LogModuleManager: Shutting down and abandoning module SourceCodeAccess (69)
[2017.06.15-16.56.41:825][396]LogModuleManager: Shutting down and abandoning module HeadMountedDisplay (68)
[2017.06.15-16.56.41:825][396]LogModuleManager: Shutting down and abandoning module XAudio2 (67)
[2017.06.15-16.56.41:825][396]LogModuleManager: Shutting down and abandoning module Networking (65)
[2017.06.15-16.56.41:825][396]LogModuleManager: Shutting down and abandoning module Core (64)
[2017.06.15-16.56.41:825][396]LogModuleManager: Shutting down and abandoning module DirectoryWatcher (63)
[2017.06.15-16.56.41:827][396]LogModuleManager: Shutting down and abandoning module AssetRegistry (62)
[2017.06.15-16.56.41:957][396]LogModuleManager: Shutting down and abandoning module KismetCompiler (61)
[2017.06.15-16.56.41:957][396]LogModuleManager: Shutting down and abandoning module PhysXFormats (60)
[2017.06.15-16.56.41:957][396]LogModuleManager: Shutting down and abandoning module MeshUtilities (59)
[2017.06.15-16.56.41:957][396]LogModuleManager: Shutting down and abandoning module DerivedDataCache (58)
[2017.06.15-16.56.42:000][396]LogDerivedDataCache: Shutdown
[2017.06.15-16.56.42:000][396]LogModuleManager: Shutting down and abandoning module VulkanShaderFormat (57)
[2017.06.15-16.56.42:000][396]LogModuleManager: Shutting down and abandoning module ShaderFormatOpenGL (56)
[2017.06.15-16.56.42:000][396]LogModuleManager: Shutting down and abandoning module ShaderFormatD3D (55)
[2017.06.15-16.56.42:000][396]LogModuleManager: Shutting down and abandoning module MetalShaderFormat (54)
[2017.06.15-16.56.42:000][396]LogModuleManager: Shutting down and abandoning module TextureFormatUncompressed (53)
[2017.06.15-16.56.42:000][396]LogModuleManager: Shutting down and abandoning module TextureFormatPVR (52)
[2017.06.15-16.56.42:000][396]LogModuleManager: Shutting down and abandoning module TextureFormatIntelISPCTexComp (51)
[2017.06.15-16.56.42:000][396]LogModuleManager: Shutting down and abandoning module TextureFormatDXT (50)
[2017.06.15-16.56.42:000][396]LogModuleManager: Shutting down and abandoning module ImageWrapper (49)
[2017.06.15-16.56.42:000][396]LogModuleManager: Shutting down and abandoning module TextureFormatASTC (48)
[2017.06.15-16.56.42:000][396]LogModuleManager: Shutting down and abandoning module TextureFormatAndroid (47)
[2017.06.15-16.56.42:000][396]LogModuleManager: Shutting down and abandoning module AudioFormatOpus (46)
[2017.06.15-16.56.42:000][396]LogModuleManager: Shutting down and abandoning module AudioFormatOgg (45)
[2017.06.15-16.56.42:000][396]LogModuleManager: Shutting down and abandoning module AudioFormatADPCM (44)
[2017.06.15-16.56.42:000][396]LogModuleManager: Shutting down and abandoning module LinuxTargetPlatform (43)
[2017.06.15-16.56.42:000][396]LogModuleManager: Shutting down and abandoning module LinuxServerTargetPlatform (42)
[2017.06.15-16.56.42:000][396]LogModuleManager: Shutting down and abandoning module LinuxNoEditorTargetPlatform (41)
[2017.06.15-16.56.42:000][396]LogModuleManager: Shutting down and abandoning module TVOSTargetPlatform (40)
[2017.06.15-16.56.42:000][396]LogModuleManager: Shutting down and abandoning module Messaging (39)
[2017.06.15-16.56.42:000][396]LogModuleManager: Shutting down and abandoning module IOSTargetPlatform (38)
[2017.06.15-16.56.42:000][396]LogModuleManager: Shutting down and abandoning module HTML5TargetPlatform (37)
[2017.06.15-16.56.42:000][396]LogModuleManager: Shutting down and abandoning module Android_PVRTCTargetPlatform (36)
[2017.06.15-16.56.42:000][396]LogModuleManager: Shutting down and abandoning module Android_MultiTargetPlatform (35)
[2017.06.15-16.56.42:000][396]LogModuleManager: Shutting down and abandoning module Android_ETC2TargetPlatform (34)
[2017.06.15-16.56.42:001][396]LogModuleManager: Shutting down and abandoning module Android_ETC1TargetPlatform (33)
[2017.06.15-16.56.42:001][396]LogModuleManager: Shutting down and abandoning module Android_DXTTargetPlatform (32)
[2017.06.15-16.56.42:001][396]LogModuleManager: Shutting down and abandoning module Android_ATCTargetPlatform (31)
[2017.06.15-16.56.42:001][396]LogModuleManager: Shutting down and abandoning module Android_ASTCTargetPlatform (30)
[2017.06.15-16.56.42:001][396]LogModuleManager: Shutting down and abandoning module AndroidTargetPlatform (29)
[2017.06.15-16.56.42:001][396]LogModuleManager: Shutting down and abandoning module WindowsTargetPlatform (28)
[2017.06.15-16.56.42:001][396]LogModuleManager: Shutting down and abandoning module WindowsServerTargetPlatform (27)
[2017.06.15-16.56.42:001][396]LogModuleManager: Shutting down and abandoning module WindowsNoEditorTargetPlatform (26)
[2017.06.15-16.56.42:001][396]LogModuleManager: Shutting down and abandoning module WindowsClientTargetPlatform (25)
[2017.06.15-16.56.42:001][396]LogModuleManager: Shutting down and abandoning module AllDesktopTargetPlatform (24)
[2017.06.15-16.56.42:001][396]LogModuleManager: Shutting down and abandoning module TargetPlatform (23)
[2017.06.15-16.56.42:001][396]LogModuleManager: Shutting down and abandoning module InputCore (22)
[2017.06.15-16.56.42:001][396]LogModuleManager: Shutting down and abandoning module Settings (21)
[2017.06.15-16.56.42:001][396]LogModuleManager: Shutting down and abandoning module OnlineSubsystem (19)
[2017.06.15-16.56.42:001][396]LogModuleManager: Shutting down and abandoning module HTTP (18)
[2017.06.15-16.56.43:501][396]LogModuleManager: Shutting down and abandoning module XMPP (17)
[2017.06.15-16.56.43:502][396]LogModuleManager: Shutting down and abandoning module OculusRift (16)
[2017.06.15-16.56.43:502][396]LogModuleManager: Shutting down and abandoning module ExampleDeviceProfileSelector (15)
[2017.06.15-16.56.43:502][396]LogModuleManager: Shutting down and abandoning module TextureCompressor (14)
[2017.06.15-16.56.43:502][396]LogModuleManager: Shutting down and abandoning module ShaderCore (13)
[2017.06.15-16.56.43:502][396]LogModuleManager: Shutting down and abandoning module Landscape (12)
[2017.06.15-16.56.43:502][396]LogModuleManager: Shutting down and abandoning module SlateRHIRenderer (11)
[2017.06.15-16.56.43:503][396]LogModuleManager: Shutting down and abandoning module OpenGLDrv (10)
[2017.06.15-16.56.43:503][396]LogModuleManager: Shutting down and abandoning module D3D11RHI (9)
[2017.06.15-16.56.43:504][396]LogModuleManager: Shutting down and abandoning module AnimGraphRuntime (8)
[2017.06.15-16.56.43:504][396]LogModuleManager: Shutting down and abandoning module Renderer (7)
[2017.06.15-16.56.43:504][396]LogModuleManager: Shutting down and abandoning module Engine (6)
[2017.06.15-16.56.43:504][396]LogModuleManager: Shutting down and abandoning module CoreUObject (5)
[2017.06.15-16.56.43:504][396]LogModuleManager: Shutting down and abandoning module NetworkFile (4)
[2017.06.15-16.56.43:504][396]LogModuleManager: Shutting down and abandoning module StreamingFile (3)
[2017.06.15-16.56.43:504][396]LogModuleManager: Shutting down and abandoning module SandboxFile (2)
[2017.06.15-16.56.43:504][396]LogModuleManager: Shutting down and abandoning module PakFile (1)
[2017.06.15-16.56.43:508][396]LogExit: Exiting.
[2017.06.15-16.56.43:511][396]Log file closed, 06/15/17 17:56:43
